[2026-03-02T06:17:54.126+0000] {local_task_job_runner.py:120} INFO - ::group::Pre task execution logs
[2026-03-02T06:17:54.202+0000] {taskinstance.py:2076} INFO - Dependencies all met for dep_context=non-requeueable deps ti=<TaskInstance: country_capital_and_snow_to_snowflake.extract_country_capital manual__2026-03-02T06:17:50.046474+00:00 [queued]>
[2026-03-02T06:17:54.229+0000] {taskinstance.py:2076} INFO - Dependencies all met for dep_context=requeueable deps ti=<TaskInstance: country_capital_and_snow_to_snowflake.extract_country_capital manual__2026-03-02T06:17:50.046474+00:00 [queued]>
[2026-03-02T06:17:54.230+0000] {taskinstance.py:2306} INFO - Starting attempt 1 of 1
[2026-03-02T06:17:54.267+0000] {taskinstance.py:2330} INFO - Executing <Task(_PythonDecoratedOperator): extract_country_capital> on 2026-03-02 06:17:50.046474+00:00
[2026-03-02T06:17:54.287+0000] {warnings.py:110} WARNING - /home/***/.local/lib/python3.12/site-packages/***/task/task_runner/standard_task_runner.py:61: DeprecationWarning: This process (pid=7910) is multi-threaded, use of fork() may lead to deadlocks in the child.
  pid = os.fork()

[2026-03-02T06:17:54.295+0000] {standard_task_runner.py:63} INFO - Started process 7914 to run task
[2026-03-02T06:17:54.294+0000] {standard_task_runner.py:90} INFO - Running: ['***', 'tasks', 'run', 'country_capital_and_snow_to_snowflake', 'extract_country_capital', 'manual__2026-03-02T06:17:50.046474+00:00', '--job-id', '15', '--raw', '--subdir', 'DAGS_FOLDER/country_capital_and_snow_to_snowflake.py', '--cfg-path', '/tmp/tmpkz42ykwi']
[2026-03-02T06:17:54.297+0000] {standard_task_runner.py:91} INFO - Job 15: Subtask extract_country_capital
[2026-03-02T06:17:54.374+0000] {task_command.py:426} INFO - Running <TaskInstance: country_capital_and_snow_to_snowflake.extract_country_capital manual__2026-03-02T06:17:50.046474+00:00 [running]> on host c5b62ad91d58
[2026-03-02T06:17:54.682+0000] {taskinstance.py:2648} INFO - Exporting env vars: AIRFLOW_CTX_DAG_OWNER='***' AIRFLOW_CTX_DAG_ID='country_capital_and_snow_to_snowflake' AIRFLOW_CTX_TASK_ID='extract_country_capital' AIRFLOW_CTX_EXECUTION_DATE='2026-03-02T06:17:50.046474+00:00' AIRFLOW_CTX_TRY_NUMBER='1' AIRFLOW_CTX_DAG_RUN_ID='manual__2026-03-02T06:17:50.046474+00:00'
[2026-03-02T06:17:54.692+0000] {taskinstance.py:430} INFO - ::endgroup::
[2026-03-02T06:17:55.114+0000] {python.py:237} INFO - Done. Returned value was: country,capital
Abkhazia,Sukhumi
Afghanistan,Kabul
Akrotiri and Dhekelia,Episkopi Cantonment
Albania,Tirana
Algeria,Algiers
American Samoa,Pago Pago
Andorra,Andorra la Vella
Angola,Luanda
Anguilla,The Valley
Antigua and Barbuda,St. John's
Argentina,Buenos Aires
Armenia,Yerevan
Aruba,Oranjestad
Ascension Island,Georgetown
Australia,Canberra
Austria,Vienna
Azerbaijan,Baku
Bahamas,Nassau
Bahrain,Manama
Bangladesh,Dhaka
Barbados,Bridgetown
Belarus,Minsk
Belgium,Brussels
Belize,Belmopan
Benin,Porto-Novo
Bermuda,Hamilton
Bhutan,Thimphu
Bolivia,La Paz
Bosnia and Herzegovina,Sarajevo
Botswana,Gaborone
Brazil,Bras芒聢職芒聣聽lia
British Virgin Islands,Road Town
Brunei,Bandar Seri Begawan
Bulgaria,Sofia
Burkina Faso,Ouagadougou
Burundi,Bujumbura
Cambodia,Phnom Penh
Cameroon,Yaound芒聢職脗漏
Canada,Ottawa
Cape Verde,Praia
Cayman Islands,George Town
Central African Republic,Bangui
Chad,N'Djamena
Chile,Santiago
China,Beijing
Christmas Island,Flying Fish Cove
Cocos (Keeling) Islands,West Island
Colombia,Bogot芒聢職脗掳
Comoros,Moroni
Cook Islands,Avarua
Costa Rica,San Jos芒聢職脗漏
Croatia,Zagreb
Cuba,Havana
Cura芒聢職脙聼ao,Willemstad
Cyprus,Nicosia
Czech Republic,Prague
C芒聢職脗楼te d'Ivoire,Yamoussoukro
Democratic Republic of the Congo,Kinshasa
Denmark,Copenhagen
Djibouti,Djibouti
Dominica,Roseau
Dominican Republic,Santo Domingo
East Timor (Timor-Leste),Dili
Easter Island,Hanga Roa
Ecuador,Quito
Egypt,Cairo
El Salvador,San Salvador
Equatorial Guinea,Malabo
Eritrea,Asmara
Estonia,Tallinn
Ethiopia,Addis Ababa
Falkland Islands,Stanley
Faroe Islands,T芒聢職芒聣楼rshavn
Federated States of Micronesia,Palikir
Fiji,Suva
Finland,Helsinki
France,Paris
French Guiana,Cayenne
French Polynesia,Papeete
Gabon,Libreville
Gambia,Banjul
Georgia,Tbilisi
Germany,Berlin
Ghana,Accra
Gibraltar,Gibraltar
Greece,Athens
Greenland,Nuuk
Grenada,St. George's
Guam,Hag芒聢職芒聙垄t芒聢職脗卤a
Guatemala,Guatemala City
Guernsey,St. Peter Port
Guinea,Conakry
Guinea-Bissau,Bissau
Guyana,Georgetown
Haiti,Port-au-Prince
Honduras,Tegucigalpa
Hungary,Budapest
Iceland,Reykjav芒聢職芒聣聽k
India,New Delhi
Indonesia,Jakarta
Iran,Tehran
Iraq,Baghdad
Ireland,Dublin
Isle of Man,Douglas
Israel,Jerusalem
Italy,Rome
Jamaica,Kingston
Japan,Tokyo
Jersey,St. Helier
Jordan,Amman
Kazakhstan,Astana
Kenya,Nairobi
Kiribati,Tarawa
Kosovo,Pristina
Kuwait,Kuwait City
Kyrgyzstan,Bishkek
Laos,Vientiane
Latvia,Riga
Lebanon,Beirut
Lesotho,Maseru
Liberia,Monrovia
Libya,Tripoli
Liechtenstein,Vaduz
Lithuania,Vilnius
Luxembourg,Luxembourg
Macedonia,Skopje
Madagascar,Antananarivo
Malawi,Lilongwe
Malaysia,Kuala Lumpur
Maldives,Mal芒聢職脗漏
Mali,Bamako
Malta,Valletta
Marshall Islands,Majuro
Mauritania,Nouakchott
Mauritius,Port Louis
Mexico,Mexico City
Moldova,Chisinau
Monaco,Monaco
Mongolia,Ulaanbaatar
Montenegro,Podgorica
Montserrat,Plymouth
Morocco,Rabat
Mozambique,Maputo
Myanmar,Naypyidaw
Nagorno-Karabakh Republic,Stepanakert
Namibia,Windhoek
Nauru,Yaren
Nepal,Kathmandu
Netherlands,Amsterdam
New Caledonia,Noum芒聢職脗漏a
New Zealand,Wellington
Nicaragua,Managua
Niger,Niamey
Nigeria,Abuja
Niue,Alofi
Norfolk Island,Kingston
North Korea,Pyongyang
Northern Cyprus,Nicosia
United Kingdom Northern Ireland,Belfast
Northern Mariana Islands,Saipan
Norway,Oslo
Oman,Muscat
Pakistan,Islamabad
Palau,Ngerulmud
Palestine,Jerusalem
Panama,Panama City
Papua New Guinea,Port Moresby
Paraguay,Asunci芒聢職芒聣楼n
Peru,Lima
Philippines,Manila
Pitcairn Islands,Adamstown
Poland,Warsaw
Portugal,Lisbon
Puerto Rico,San Juan
Qatar,Doha
Republic of China (Taiwan),Taipei
Republic of the Congo,Brazzaville
Romania,Bucharest
Russia,Moscow
Rwanda,Kigali
Saint Barth芒聢職脗漏lemy,Gustavia
Saint Helena,Jamestown
Saint Kitts and Nevis,Basseterre
Saint Lucia,Castries
Saint Martin,Marigot
Saint Pierre and Miquelon,St. Pierre
Saint Vincent and the Grenadines,Kingstown
Samoa,Apia
San Marino,San Marino
Saudi Arabia,Riyadh
Scotland,Edinburgh
Senegal,Dakar
Serbia,Belgrade
Seychelles,Victoria
Sierra Leone,Freetown
Singapore,Singapore
Sint Maarten,Philipsburg
Slovakia,Bratislava
Slovenia,Ljubljana
Solomon Islands,Honiara
Somalia,Mogadishu
Somaliland,Hargeisa
South Africa,Pretoria
South Georgia and the South Sandwich Islands,Grytviken
South Korea,Seoul
South Ossetia,Tskhinvali
South Sudan,Juba
Spain,Madrid
Sri Lanka,Sri Jayawardenapura Kotte
Sudan,Khartoum
Suriname,Paramaribo
Swaziland,Mbabane
Sweden,Stockholm
Switzerland,Bern
Syria,Damascus
S芒聢職脗拢o Tom芒聢職脗漏 and Pr芒聢職芒聣聽ncipe,S芒聢職脗拢o Tom芒聢職脗漏
Tajikistan,Dushanbe
Tanzania,Dodoma
Thailand,Bangkok
Togo,Lom芒聢職脗漏
Tonga,Nuku脗聽脗陋alofa
Transnistria,Tiraspol
Trinidad and Tobago,Port of Spain
Tristan da Cunha,Edinburgh of the Seven Seas
Tunisia,Tunis
Turkey,Ankara
Turkmenistan,Ashgabat
Turks and Caicos Islands,Cockburn Town
Tuvalu,Funafuti
Uganda,Kampala
Ukraine,Kyiv
United Arab Emirates,Abu Dhabi
United Kingdom; England,London
United States,Washington D.C.
United States Virgin Islands,Charlotte Amalie
Uruguay,Montevideo
Uzbekistan,Tashkent
Vanuatu,Port Vila
Vatican City,Vatican City
Venezuela,Caracas
Vietnam,Hanoi
Wales,Cardiff
Wallis and Futuna,Mata-Utu
Western Sahara,El Aai芒聢職芒聢芦n
Yemen,Sana芒聢職脗掳
Zambia,Lusaka
Zimbabwe,Harare

[2026-03-02T06:17:55.118+0000] {taskinstance.py:441} INFO - ::group::Post task execution logs
[2026-03-02T06:17:55.157+0000] {taskinstance.py:1206} INFO - Marking task as SUCCESS. dag_id=country_capital_and_snow_to_snowflake, task_id=extract_country_capital, run_id=manual__2026-03-02T06:17:50.046474+00:00, execution_date=20260302T061750, start_date=20260302T061754, end_date=20260302T061755
[2026-03-02T06:17:55.189+0000] {local_task_job_runner.py:240} INFO - Task exited with return code 0
[2026-03-02T06:17:55.288+0000] {taskinstance.py:3498} INFO - 1 downstream tasks scheduled from follow-on schedule check
[2026-03-02T06:17:55.292+0000] {local_task_job_runner.py:222} INFO - ::endgroup::
