[2026-03-02T07:02:27.555+0000] {local_task_job_runner.py:120} INFO - ::group::Pre task execution logs
[2026-03-02T07:02:27.572+0000] {taskinstance.py:2076} INFO - Dependencies all met for dep_context=non-requeueable deps ti=<TaskInstance: country_capital_and_snow_to_snowflake.done manual__2026-03-02T07:01:56.651651+00:00 [queued]>
[2026-03-02T07:02:27.577+0000] {taskinstance.py:2076} INFO - Dependencies all met for dep_context=requeueable deps ti=<TaskInstance: country_capital_and_snow_to_snowflake.done manual__2026-03-02T07:01:56.651651+00:00 [queued]>
[2026-03-02T07:02:27.577+0000] {taskinstance.py:2306} INFO - Starting attempt 1 of 1
[2026-03-02T07:02:27.584+0000] {taskinstance.py:2330} INFO - Executing <Task(_PythonDecoratedOperator): done> on 2026-03-02 07:01:56.651651+00:00
[2026-03-02T07:02:27.594+0000] {warnings.py:110} WARNING - /home/***/.local/lib/python3.12/site-packages/***/task/task_runner/standard_task_runner.py:61: DeprecationWarning: This process (pid=8548) is multi-threaded, use of fork() may lead to deadlocks in the child.
  pid = os.fork()

[2026-03-02T07:02:27.595+0000] {standard_task_runner.py:90} INFO - Running: ['***', 'tasks', 'run', 'country_capital_and_snow_to_snowflake', 'done', 'manual__2026-03-02T07:01:56.651651+00:00', '--job-id', '32', '--raw', '--subdir', 'DAGS_FOLDER/country_capital_and_snow_to_snowflake.py', '--cfg-path', '/tmp/tmp78ej4jwv']
[2026-03-02T07:02:27.596+0000] {standard_task_runner.py:91} INFO - Job 32: Subtask done
[2026-03-02T07:02:27.596+0000] {standard_task_runner.py:63} INFO - Started process 8550 to run task
[2026-03-02T07:02:27.649+0000] {task_command.py:426} INFO - Running <TaskInstance: country_capital_and_snow_to_snowflake.done manual__2026-03-02T07:01:56.651651+00:00 [running]> on host c5b62ad91d58
[2026-03-02T07:02:27.732+0000] {taskinstance.py:2648} INFO - Exporting env vars: AIRFLOW_CTX_DAG_OWNER='***' AIRFLOW_CTX_DAG_ID='country_capital_and_snow_to_snowflake' AIRFLOW_CTX_TASK_ID='done' AIRFLOW_CTX_EXECUTION_DATE='2026-03-02T07:01:56.651651+00:00' AIRFLOW_CTX_TRY_NUMBER='1' AIRFLOW_CTX_DAG_RUN_ID='manual__2026-03-02T07:01:56.651651+00:00'
[2026-03-02T07:02:27.733+0000] {taskinstance.py:430} INFO - ::endgroup::
[2026-03-02T07:02:27.735+0000] {logging_mixin.py:188} INFO - Loaded 247 countries and 7 snow rows.
[2026-03-02T07:02:27.736+0000] {python.py:237} INFO - Done. Returned value was: None
[2026-03-02T07:02:27.737+0000] {taskinstance.py:441} INFO - ::group::Post task execution logs
[2026-03-02T07:02:27.746+0000] {taskinstance.py:1206} INFO - Marking task as SUCCESS. dag_id=country_capital_and_snow_to_snowflake, task_id=done, run_id=manual__2026-03-02T07:01:56.651651+00:00, execution_date=20260302T070156, start_date=20260302T070227, end_date=20260302T070227
[2026-03-02T07:02:27.779+0000] {local_task_job_runner.py:240} INFO - Task exited with return code 0
[2026-03-02T07:02:27.791+0000] {taskinstance.py:3498} INFO - 0 downstream tasks scheduled from follow-on schedule check
[2026-03-02T07:02:27.792+0000] {local_task_job_runner.py:222} INFO - ::endgroup::
