[2026-03-02T07:02:11.757+0000] {local_task_job_runner.py:120} INFO - ::group::Pre task execution logs
[2026-03-02T07:02:11.774+0000] {taskinstance.py:2076} INFO - Dependencies all met for dep_context=non-requeueable deps ti=<TaskInstance: country_capital_and_snow_to_snowflake.load_to_snowflake manual__2026-03-02T07:01:56.651651+00:00 [queued]>
[2026-03-02T07:02:11.780+0000] {taskinstance.py:2076} INFO - Dependencies all met for dep_context=requeueable deps ti=<TaskInstance: country_capital_and_snow_to_snowflake.load_to_snowflake manual__2026-03-02T07:01:56.651651+00:00 [queued]>
[2026-03-02T07:02:11.780+0000] {taskinstance.py:2306} INFO - Starting attempt 1 of 1
[2026-03-02T07:02:11.789+0000] {taskinstance.py:2330} INFO - Executing <Task(_PythonDecoratedOperator): load_to_snowflake> on 2026-03-02 07:01:56.651651+00:00
[2026-03-02T07:02:11.805+0000] {warnings.py:110} WARNING - /home/***/.local/lib/python3.12/site-packages/***/task/task_runner/standard_task_runner.py:61: DeprecationWarning: This process (pid=8545) is multi-threaded, use of fork() may lead to deadlocks in the child.
  pid = os.fork()

[2026-03-02T07:02:11.806+0000] {standard_task_runner.py:90} INFO - Running: ['***', 'tasks', 'run', 'country_capital_and_snow_to_snowflake', 'load_to_snowflake', 'manual__2026-03-02T07:01:56.651651+00:00', '--job-id', '31', '--raw', '--subdir', 'DAGS_FOLDER/country_capital_and_snow_to_snowflake.py', '--cfg-path', '/tmp/tmpbea195th']
[2026-03-02T07:02:11.808+0000] {standard_task_runner.py:91} INFO - Job 31: Subtask load_to_snowflake
[2026-03-02T07:02:11.808+0000] {standard_task_runner.py:63} INFO - Started process 8547 to run task
[2026-03-02T07:02:11.898+0000] {task_command.py:426} INFO - Running <TaskInstance: country_capital_and_snow_to_snowflake.load_to_snowflake manual__2026-03-02T07:01:56.651651+00:00 [running]> on host c5b62ad91d58
[2026-03-02T07:02:12.014+0000] {taskinstance.py:2648} INFO - Exporting env vars: AIRFLOW_CTX_DAG_OWNER='***' AIRFLOW_CTX_DAG_ID='country_capital_and_snow_to_snowflake' AIRFLOW_CTX_TASK_ID='load_to_snowflake' AIRFLOW_CTX_EXECUTION_DATE='2026-03-02T07:01:56.651651+00:00' AIRFLOW_CTX_TRY_NUMBER='1' AIRFLOW_CTX_DAG_RUN_ID='manual__2026-03-02T07:01:56.651651+00:00'
[2026-03-02T07:02:12.016+0000] {taskinstance.py:430} INFO - ::endgroup::
[2026-03-02T07:02:12.026+0000] {base.py:84} INFO - Using connection ID 'snowflake_conn' for task execution.
[2026-03-02T07:02:12.028+0000] {connection.py:399} INFO - Snowflake Connector for Python Version: 3.10.0, Python Version: 3.12.3, Platform: Linux-6.12.69-linuxkit-aarch64-with-glibc2.36
[2026-03-02T07:02:12.029+0000] {connection.py:1239} INFO - This connection is in OCSP Fail Open Mode. TLS Certificates would be checked for validity and revocation status. Any other Certificate Revocation related exceptions or OCSP Responder failures would be disregarded in favor of connectivity.
[2026-03-02T07:02:13.146+0000] {cursor.py:1149} INFO - Number of results in first chunk: 1
[2026-03-02T07:02:13.409+0000] {cursor.py:1149} INFO - Number of results in first chunk: 1
[2026-03-02T07:02:13.608+0000] {cursor.py:1149} INFO - Number of results in first chunk: 1
[2026-03-02T07:02:14.275+0000] {cursor.py:1149} INFO - Number of results in first chunk: 1
[2026-03-02T07:02:18.923+0000] {cursor.py:1149} INFO - Number of results in first chunk: 1
[2026-03-02T07:02:21.536+0000] {cursor.py:1149} INFO - Number of results in first chunk: 1
[2026-03-02T07:02:21.737+0000] {cursor.py:1149} INFO - Number of results in first chunk: 1
[2026-03-02T07:02:24.616+0000] {cursor.py:1149} INFO - Number of results in first chunk: 1
[2026-03-02T07:02:25.858+0000] {cursor.py:1149} INFO - Number of results in first chunk: 1
[2026-03-02T07:02:25.862+0000] {python.py:237} INFO - Done. Returned value was: Loaded 247 countries and 7 snow rows.
[2026-03-02T07:02:25.863+0000] {taskinstance.py:441} INFO - ::group::Post task execution logs
[2026-03-02T07:02:25.924+0000] {taskinstance.py:1206} INFO - Marking task as SUCCESS. dag_id=country_capital_and_snow_to_snowflake, task_id=load_to_snowflake, run_id=manual__2026-03-02T07:01:56.651651+00:00, execution_date=20260302T070156, start_date=20260302T070211, end_date=20260302T070225
[2026-03-02T07:02:25.997+0000] {local_task_job_runner.py:240} INFO - Task exited with return code 0
[2026-03-02T07:02:26.042+0000] {taskinstance.py:3498} INFO - 1 downstream tasks scheduled from follow-on schedule check
[2026-03-02T07:02:26.043+0000] {local_task_job_runner.py:222} INFO - ::endgroup::
