[2026-02-28T21:40:05.727+0000] {processor.py:161} INFO - Started process (PID=85) to work on /home/airflow/.local/lib/python3.12/site-packages/airflow/example_dags/example_sla_dag.py
[2026-02-28T21:40:05.728+0000] {processor.py:830} INFO - Processing file /home/airflow/.local/lib/python3.12/site-packages/airflow/example_dags/example_sla_dag.py for tasks to queue
[2026-02-28T21:40:05.731+0000] {logging_mixin.py:188} INFO - [2026-02-28T21:40:05.731+0000] {dagbag.py:545} INFO - Filling up the DagBag from /home/airflow/.local/lib/python3.12/site-packages/airflow/example_dags/example_sla_dag.py
[2026-02-28T21:40:05.753+0000] {processor.py:840} INFO - DAG(s) 'example_sla_dag' retrieved from /home/airflow/.local/lib/python3.12/site-packages/airflow/example_dags/example_sla_dag.py
[2026-02-28T21:40:05.781+0000] {logging_mixin.py:188} INFO - [2026-02-28T21:40:05.780+0000] {dag.py:3096} INFO - Sync 1 DAGs
[2026-02-28T21:40:05.823+0000] {logging_mixin.py:188} INFO - [2026-02-28T21:40:05.822+0000] {dag.py:3954} INFO - Setting next_dagrun for example_sla_dag to 2026-02-28 21:38:00+00:00, run_after=2026-02-28 21:40:00+00:00
[2026-02-28T21:40:05.872+0000] {processor.py:183} INFO - Processing /home/airflow/.local/lib/python3.12/site-packages/airflow/example_dags/example_sla_dag.py took 0.151 seconds
[2026-02-28T21:40:36.628+0000] {processor.py:161} INFO - Started process (PID=143) to work on /home/airflow/.local/lib/python3.12/site-packages/airflow/example_dags/example_sla_dag.py
[2026-02-28T21:40:36.629+0000] {processor.py:830} INFO - Processing file /home/airflow/.local/lib/python3.12/site-packages/airflow/example_dags/example_sla_dag.py for tasks to queue
[2026-02-28T21:40:36.630+0000] {logging_mixin.py:188} INFO - [2026-02-28T21:40:36.630+0000] {dagbag.py:545} INFO - Filling up the DagBag from /home/airflow/.local/lib/python3.12/site-packages/airflow/example_dags/example_sla_dag.py
[2026-02-28T21:40:36.638+0000] {processor.py:840} INFO - DAG(s) 'example_sla_dag' retrieved from /home/airflow/.local/lib/python3.12/site-packages/airflow/example_dags/example_sla_dag.py
[2026-02-28T21:40:36.702+0000] {logging_mixin.py:188} INFO - [2026-02-28T21:40:36.702+0000] {dag.py:3096} INFO - Sync 1 DAGs
[2026-02-28T21:40:36.713+0000] {logging_mixin.py:188} INFO - [2026-02-28T21:40:36.713+0000] {dag.py:3954} INFO - Setting next_dagrun for example_sla_dag to 2026-02-28 21:38:00+00:00, run_after=2026-02-28 21:40:00+00:00
[2026-02-28T21:40:36.722+0000] {processor.py:183} INFO - Processing /home/airflow/.local/lib/python3.12/site-packages/airflow/example_dags/example_sla_dag.py took 0.098 seconds
[2026-02-28T21:41:07.669+0000] {processor.py:161} INFO - Started process (PID=201) to work on /home/airflow/.local/lib/python3.12/site-packages/airflow/example_dags/example_sla_dag.py
[2026-02-28T21:41:07.670+0000] {processor.py:830} INFO - Processing file /home/airflow/.local/lib/python3.12/site-packages/airflow/example_dags/example_sla_dag.py for tasks to queue
[2026-02-28T21:41:07.673+0000] {logging_mixin.py:188} INFO - [2026-02-28T21:41:07.672+0000] {dagbag.py:545} INFO - Filling up the DagBag from /home/airflow/.local/lib/python3.12/site-packages/airflow/example_dags/example_sla_dag.py
[2026-02-28T21:41:07.679+0000] {processor.py:840} INFO - DAG(s) 'example_sla_dag' retrieved from /home/airflow/.local/lib/python3.12/site-packages/airflow/example_dags/example_sla_dag.py
[2026-02-28T21:41:07.695+0000] {logging_mixin.py:188} INFO - [2026-02-28T21:41:07.695+0000] {dag.py:3096} INFO - Sync 1 DAGs
[2026-02-28T21:41:07.710+0000] {logging_mixin.py:188} INFO - [2026-02-28T21:41:07.709+0000] {dag.py:3954} INFO - Setting next_dagrun for example_sla_dag to 2026-02-28 21:38:00+00:00, run_after=2026-02-28 21:40:00+00:00
[2026-02-28T21:41:07.725+0000] {processor.py:183} INFO - Processing /home/airflow/.local/lib/python3.12/site-packages/airflow/example_dags/example_sla_dag.py took 0.060 seconds
[2026-02-28T21:41:38.446+0000] {processor.py:161} INFO - Started process (PID=259) to work on /home/airflow/.local/lib/python3.12/site-packages/airflow/example_dags/example_sla_dag.py
[2026-02-28T21:41:38.449+0000] {processor.py:830} INFO - Processing file /home/airflow/.local/lib/python3.12/site-packages/airflow/example_dags/example_sla_dag.py for tasks to queue
[2026-02-28T21:41:38.451+0000] {logging_mixin.py:188} INFO - [2026-02-28T21:41:38.450+0000] {dagbag.py:545} INFO - Filling up the DagBag from /home/airflow/.local/lib/python3.12/site-packages/airflow/example_dags/example_sla_dag.py
[2026-02-28T21:41:38.469+0000] {processor.py:840} INFO - DAG(s) 'example_sla_dag' retrieved from /home/airflow/.local/lib/python3.12/site-packages/airflow/example_dags/example_sla_dag.py
[2026-02-28T21:41:38.525+0000] {logging_mixin.py:188} INFO - [2026-02-28T21:41:38.524+0000] {dag.py:3096} INFO - Sync 1 DAGs
[2026-02-28T21:41:38.550+0000] {logging_mixin.py:188} INFO - [2026-02-28T21:41:38.550+0000] {dag.py:3954} INFO - Setting next_dagrun for example_sla_dag to 2026-02-28 21:38:00+00:00, run_after=2026-02-28 21:40:00+00:00
[2026-02-28T21:41:38.571+0000] {processor.py:183} INFO - Processing /home/airflow/.local/lib/python3.12/site-packages/airflow/example_dags/example_sla_dag.py took 0.132 seconds
[2026-02-28T21:42:09.436+0000] {processor.py:161} INFO - Started process (PID=317) to work on /home/airflow/.local/lib/python3.12/site-packages/airflow/example_dags/example_sla_dag.py
[2026-02-28T21:42:09.437+0000] {processor.py:830} INFO - Processing file /home/airflow/.local/lib/python3.12/site-packages/airflow/example_dags/example_sla_dag.py for tasks to queue
[2026-02-28T21:42:09.444+0000] {logging_mixin.py:188} INFO - [2026-02-28T21:42:09.444+0000] {dagbag.py:545} INFO - Filling up the DagBag from /home/airflow/.local/lib/python3.12/site-packages/airflow/example_dags/example_sla_dag.py
[2026-02-28T21:42:09.454+0000] {processor.py:840} INFO - DAG(s) 'example_sla_dag' retrieved from /home/airflow/.local/lib/python3.12/site-packages/airflow/example_dags/example_sla_dag.py
[2026-02-28T21:42:09.476+0000] {logging_mixin.py:188} INFO - [2026-02-28T21:42:09.475+0000] {dag.py:3096} INFO - Sync 1 DAGs
[2026-02-28T21:42:09.506+0000] {logging_mixin.py:188} INFO - [2026-02-28T21:42:09.506+0000] {dag.py:3954} INFO - Setting next_dagrun for example_sla_dag to 2026-02-28 21:40:00+00:00, run_after=2026-02-28 21:42:00+00:00
[2026-02-28T21:42:09.533+0000] {processor.py:183} INFO - Processing /home/airflow/.local/lib/python3.12/site-packages/airflow/example_dags/example_sla_dag.py took 0.102 seconds
[2026-02-28T21:42:39.645+0000] {processor.py:161} INFO - Started process (PID=376) to work on /home/airflow/.local/lib/python3.12/site-packages/airflow/example_dags/example_sla_dag.py
[2026-02-28T21:42:39.646+0000] {processor.py:830} INFO - Processing file /home/airflow/.local/lib/python3.12/site-packages/airflow/example_dags/example_sla_dag.py for tasks to queue
[2026-02-28T21:42:39.648+0000] {logging_mixin.py:188} INFO - [2026-02-28T21:42:39.647+0000] {dagbag.py:545} INFO - Filling up the DagBag from /home/airflow/.local/lib/python3.12/site-packages/airflow/example_dags/example_sla_dag.py
[2026-02-28T21:42:39.655+0000] {processor.py:840} INFO - DAG(s) 'example_sla_dag' retrieved from /home/airflow/.local/lib/python3.12/site-packages/airflow/example_dags/example_sla_dag.py
[2026-02-28T21:42:39.669+0000] {logging_mixin.py:188} INFO - [2026-02-28T21:42:39.669+0000] {dag.py:3096} INFO - Sync 1 DAGs
[2026-02-28T21:42:39.683+0000] {logging_mixin.py:188} INFO - [2026-02-28T21:42:39.683+0000] {dag.py:3954} INFO - Setting next_dagrun for example_sla_dag to 2026-02-28 21:40:00+00:00, run_after=2026-02-28 21:42:00+00:00
[2026-02-28T21:42:39.697+0000] {processor.py:183} INFO - Processing /home/airflow/.local/lib/python3.12/site-packages/airflow/example_dags/example_sla_dag.py took 0.055 seconds
[2026-02-28T21:43:10.465+0000] {processor.py:161} INFO - Started process (PID=434) to work on /home/airflow/.local/lib/python3.12/site-packages/airflow/example_dags/example_sla_dag.py
[2026-02-28T21:43:10.466+0000] {processor.py:830} INFO - Processing file /home/airflow/.local/lib/python3.12/site-packages/airflow/example_dags/example_sla_dag.py for tasks to queue
[2026-02-28T21:43:10.467+0000] {logging_mixin.py:188} INFO - [2026-02-28T21:43:10.467+0000] {dagbag.py:545} INFO - Filling up the DagBag from /home/airflow/.local/lib/python3.12/site-packages/airflow/example_dags/example_sla_dag.py
[2026-02-28T21:43:10.472+0000] {processor.py:840} INFO - DAG(s) 'example_sla_dag' retrieved from /home/airflow/.local/lib/python3.12/site-packages/airflow/example_dags/example_sla_dag.py
[2026-02-28T21:43:10.485+0000] {logging_mixin.py:188} INFO - [2026-02-28T21:43:10.484+0000] {dag.py:3096} INFO - Sync 1 DAGs
[2026-02-28T21:43:10.498+0000] {logging_mixin.py:188} INFO - [2026-02-28T21:43:10.498+0000] {dag.py:3954} INFO - Setting next_dagrun for example_sla_dag to 2026-02-28 21:40:00+00:00, run_after=2026-02-28 21:42:00+00:00
[2026-02-28T21:43:10.512+0000] {processor.py:183} INFO - Processing /home/airflow/.local/lib/python3.12/site-packages/airflow/example_dags/example_sla_dag.py took 0.052 seconds
[2026-02-28T21:43:40.651+0000] {processor.py:161} INFO - Started process (PID=491) to work on /home/airflow/.local/lib/python3.12/site-packages/airflow/example_dags/example_sla_dag.py
[2026-02-28T21:43:40.653+0000] {processor.py:830} INFO - Processing file /home/airflow/.local/lib/python3.12/site-packages/airflow/example_dags/example_sla_dag.py for tasks to queue
[2026-02-28T21:43:40.654+0000] {logging_mixin.py:188} INFO - [2026-02-28T21:43:40.654+0000] {dagbag.py:545} INFO - Filling up the DagBag from /home/airflow/.local/lib/python3.12/site-packages/airflow/example_dags/example_sla_dag.py
[2026-02-28T21:43:40.659+0000] {processor.py:840} INFO - DAG(s) 'example_sla_dag' retrieved from /home/airflow/.local/lib/python3.12/site-packages/airflow/example_dags/example_sla_dag.py
[2026-02-28T21:43:40.675+0000] {logging_mixin.py:188} INFO - [2026-02-28T21:43:40.675+0000] {dag.py:3096} INFO - Sync 1 DAGs
[2026-02-28T21:43:40.686+0000] {logging_mixin.py:188} INFO - [2026-02-28T21:43:40.686+0000] {dag.py:3954} INFO - Setting next_dagrun for example_sla_dag to 2026-02-28 21:40:00+00:00, run_after=2026-02-28 21:42:00+00:00
[2026-02-28T21:43:40.693+0000] {processor.py:183} INFO - Processing /home/airflow/.local/lib/python3.12/site-packages/airflow/example_dags/example_sla_dag.py took 0.046 seconds
[2026-02-28T21:44:44.002+0000] {processor.py:161} INFO - Started process (PID=550) to work on /home/airflow/.local/lib/python3.12/site-packages/airflow/example_dags/example_sla_dag.py
[2026-02-28T21:44:44.004+0000] {processor.py:830} INFO - Processing file /home/airflow/.local/lib/python3.12/site-packages/airflow/example_dags/example_sla_dag.py for tasks to queue
[2026-02-28T21:44:44.008+0000] {logging_mixin.py:188} INFO - [2026-02-28T21:44:44.008+0000] {dagbag.py:545} INFO - Filling up the DagBag from /home/airflow/.local/lib/python3.12/site-packages/airflow/example_dags/example_sla_dag.py
[2026-02-28T21:44:44.015+0000] {processor.py:840} INFO - DAG(s) 'example_sla_dag' retrieved from /home/airflow/.local/lib/python3.12/site-packages/airflow/example_dags/example_sla_dag.py
[2026-02-28T21:44:44.031+0000] {logging_mixin.py:188} INFO - [2026-02-28T21:44:44.031+0000] {dag.py:3096} INFO - Sync 1 DAGs
[2026-02-28T21:44:44.043+0000] {logging_mixin.py:188} INFO - [2026-02-28T21:44:44.043+0000] {dag.py:3954} INFO - Setting next_dagrun for example_sla_dag to 2026-02-28 21:42:00+00:00, run_after=2026-02-28 21:44:00+00:00
[2026-02-28T21:44:44.056+0000] {processor.py:183} INFO - Processing /home/airflow/.local/lib/python3.12/site-packages/airflow/example_dags/example_sla_dag.py took 0.060 seconds
[2026-02-28T21:45:14.348+0000] {processor.py:161} INFO - Started process (PID=608) to work on /home/airflow/.local/lib/python3.12/site-packages/airflow/example_dags/example_sla_dag.py
[2026-02-28T21:45:14.348+0000] {processor.py:830} INFO - Processing file /home/airflow/.local/lib/python3.12/site-packages/airflow/example_dags/example_sla_dag.py for tasks to queue
[2026-02-28T21:45:14.349+0000] {logging_mixin.py:188} INFO - [2026-02-28T21:45:14.349+0000] {dagbag.py:545} INFO - Filling up the DagBag from /home/airflow/.local/lib/python3.12/site-packages/airflow/example_dags/example_sla_dag.py
[2026-02-28T21:45:14.356+0000] {processor.py:840} INFO - DAG(s) 'example_sla_dag' retrieved from /home/airflow/.local/lib/python3.12/site-packages/airflow/example_dags/example_sla_dag.py
[2026-02-28T21:45:14.371+0000] {logging_mixin.py:188} INFO - [2026-02-28T21:45:14.371+0000] {dag.py:3096} INFO - Sync 1 DAGs
[2026-02-28T21:45:14.385+0000] {logging_mixin.py:188} INFO - [2026-02-28T21:45:14.385+0000] {dag.py:3954} INFO - Setting next_dagrun for example_sla_dag to 2026-02-28 21:42:00+00:00, run_after=2026-02-28 21:44:00+00:00
[2026-02-28T21:45:14.396+0000] {processor.py:183} INFO - Processing /home/airflow/.local/lib/python3.12/site-packages/airflow/example_dags/example_sla_dag.py took 0.051 seconds
[2026-02-28T21:45:44.785+0000] {processor.py:161} INFO - Started process (PID=666) to work on /home/airflow/.local/lib/python3.12/site-packages/airflow/example_dags/example_sla_dag.py
[2026-02-28T21:45:44.787+0000] {processor.py:830} INFO - Processing file /home/airflow/.local/lib/python3.12/site-packages/airflow/example_dags/example_sla_dag.py for tasks to queue
[2026-02-28T21:45:44.788+0000] {logging_mixin.py:188} INFO - [2026-02-28T21:45:44.788+0000] {dagbag.py:545} INFO - Filling up the DagBag from /home/airflow/.local/lib/python3.12/site-packages/airflow/example_dags/example_sla_dag.py
[2026-02-28T21:45:44.794+0000] {processor.py:840} INFO - DAG(s) 'example_sla_dag' retrieved from /home/airflow/.local/lib/python3.12/site-packages/airflow/example_dags/example_sla_dag.py
[2026-02-28T21:45:44.810+0000] {logging_mixin.py:188} INFO - [2026-02-28T21:45:44.810+0000] {dag.py:3096} INFO - Sync 1 DAGs
[2026-02-28T21:45:44.825+0000] {logging_mixin.py:188} INFO - [2026-02-28T21:45:44.825+0000] {dag.py:3954} INFO - Setting next_dagrun for example_sla_dag to 2026-02-28 21:42:00+00:00, run_after=2026-02-28 21:44:00+00:00
[2026-02-28T21:45:44.840+0000] {processor.py:183} INFO - Processing /home/airflow/.local/lib/python3.12/site-packages/airflow/example_dags/example_sla_dag.py took 0.065 seconds
[2026-02-28T21:46:15.744+0000] {processor.py:161} INFO - Started process (PID=724) to work on /home/airflow/.local/lib/python3.12/site-packages/airflow/example_dags/example_sla_dag.py
[2026-02-28T21:46:15.746+0000] {processor.py:830} INFO - Processing file /home/airflow/.local/lib/python3.12/site-packages/airflow/example_dags/example_sla_dag.py for tasks to queue
[2026-02-28T21:46:15.749+0000] {logging_mixin.py:188} INFO - [2026-02-28T21:46:15.748+0000] {dagbag.py:545} INFO - Filling up the DagBag from /home/airflow/.local/lib/python3.12/site-packages/airflow/example_dags/example_sla_dag.py
[2026-02-28T21:46:15.760+0000] {processor.py:840} INFO - DAG(s) 'example_sla_dag' retrieved from /home/airflow/.local/lib/python3.12/site-packages/airflow/example_dags/example_sla_dag.py
[2026-02-28T21:46:15.790+0000] {logging_mixin.py:188} INFO - [2026-02-28T21:46:15.789+0000] {dag.py:3096} INFO - Sync 1 DAGs
[2026-02-28T21:46:15.814+0000] {logging_mixin.py:188} INFO - [2026-02-28T21:46:15.813+0000] {dag.py:3954} INFO - Setting next_dagrun for example_sla_dag to 2026-02-28 21:44:00+00:00, run_after=2026-02-28 21:46:00+00:00
[2026-02-28T21:46:15.835+0000] {processor.py:183} INFO - Processing /home/airflow/.local/lib/python3.12/site-packages/airflow/example_dags/example_sla_dag.py took 0.098 seconds
[2026-02-28T21:46:45.986+0000] {processor.py:161} INFO - Started process (PID=782) to work on /home/airflow/.local/lib/python3.12/site-packages/airflow/example_dags/example_sla_dag.py
[2026-02-28T21:46:45.987+0000] {processor.py:830} INFO - Processing file /home/airflow/.local/lib/python3.12/site-packages/airflow/example_dags/example_sla_dag.py for tasks to queue
[2026-02-28T21:46:45.989+0000] {logging_mixin.py:188} INFO - [2026-02-28T21:46:45.989+0000] {dagbag.py:545} INFO - Filling up the DagBag from /home/airflow/.local/lib/python3.12/site-packages/airflow/example_dags/example_sla_dag.py
[2026-02-28T21:46:45.995+0000] {processor.py:840} INFO - DAG(s) 'example_sla_dag' retrieved from /home/airflow/.local/lib/python3.12/site-packages/airflow/example_dags/example_sla_dag.py
[2026-02-28T21:46:46.008+0000] {logging_mixin.py:188} INFO - [2026-02-28T21:46:46.007+0000] {dag.py:3096} INFO - Sync 1 DAGs
[2026-02-28T21:46:46.022+0000] {logging_mixin.py:188} INFO - [2026-02-28T21:46:46.022+0000] {dag.py:3954} INFO - Setting next_dagrun for example_sla_dag to 2026-02-28 21:44:00+00:00, run_after=2026-02-28 21:46:00+00:00
[2026-02-28T21:46:46.031+0000] {processor.py:183} INFO - Processing /home/airflow/.local/lib/python3.12/site-packages/airflow/example_dags/example_sla_dag.py took 0.048 seconds
[2026-02-28T21:47:16.952+0000] {processor.py:161} INFO - Started process (PID=839) to work on /home/airflow/.local/lib/python3.12/site-packages/airflow/example_dags/example_sla_dag.py
[2026-02-28T21:47:16.953+0000] {processor.py:830} INFO - Processing file /home/airflow/.local/lib/python3.12/site-packages/airflow/example_dags/example_sla_dag.py for tasks to queue
[2026-02-28T21:47:16.954+0000] {logging_mixin.py:188} INFO - [2026-02-28T21:47:16.954+0000] {dagbag.py:545} INFO - Filling up the DagBag from /home/airflow/.local/lib/python3.12/site-packages/airflow/example_dags/example_sla_dag.py
[2026-02-28T21:47:16.960+0000] {processor.py:840} INFO - DAG(s) 'example_sla_dag' retrieved from /home/airflow/.local/lib/python3.12/site-packages/airflow/example_dags/example_sla_dag.py
[2026-02-28T21:47:16.980+0000] {logging_mixin.py:188} INFO - [2026-02-28T21:47:16.980+0000] {dag.py:3096} INFO - Sync 1 DAGs
[2026-02-28T21:47:16.993+0000] {logging_mixin.py:188} INFO - [2026-02-28T21:47:16.993+0000] {dag.py:3954} INFO - Setting next_dagrun for example_sla_dag to 2026-02-28 21:44:00+00:00, run_after=2026-02-28 21:46:00+00:00
[2026-02-28T21:47:17.003+0000] {processor.py:183} INFO - Processing /home/airflow/.local/lib/python3.12/site-packages/airflow/example_dags/example_sla_dag.py took 0.055 seconds
[2026-02-28T21:47:47.846+0000] {processor.py:161} INFO - Started process (PID=897) to work on /home/airflow/.local/lib/python3.12/site-packages/airflow/example_dags/example_sla_dag.py
[2026-02-28T21:47:47.847+0000] {processor.py:830} INFO - Processing file /home/airflow/.local/lib/python3.12/site-packages/airflow/example_dags/example_sla_dag.py for tasks to queue
[2026-02-28T21:47:47.848+0000] {logging_mixin.py:188} INFO - [2026-02-28T21:47:47.848+0000] {dagbag.py:545} INFO - Filling up the DagBag from /home/airflow/.local/lib/python3.12/site-packages/airflow/example_dags/example_sla_dag.py
[2026-02-28T21:47:47.854+0000] {processor.py:840} INFO - DAG(s) 'example_sla_dag' retrieved from /home/airflow/.local/lib/python3.12/site-packages/airflow/example_dags/example_sla_dag.py
[2026-02-28T21:47:47.873+0000] {logging_mixin.py:188} INFO - [2026-02-28T21:47:47.873+0000] {dag.py:3096} INFO - Sync 1 DAGs
[2026-02-28T21:47:47.884+0000] {logging_mixin.py:188} INFO - [2026-02-28T21:47:47.884+0000] {dag.py:3954} INFO - Setting next_dagrun for example_sla_dag to 2026-02-28 21:44:00+00:00, run_after=2026-02-28 21:46:00+00:00
[2026-02-28T21:47:47.897+0000] {processor.py:183} INFO - Processing /home/airflow/.local/lib/python3.12/site-packages/airflow/example_dags/example_sla_dag.py took 0.054 seconds
[2026-02-28T21:48:18.970+0000] {processor.py:161} INFO - Started process (PID=956) to work on /home/airflow/.local/lib/python3.12/site-packages/airflow/example_dags/example_sla_dag.py
[2026-02-28T21:48:18.971+0000] {processor.py:830} INFO - Processing file /home/airflow/.local/lib/python3.12/site-packages/airflow/example_dags/example_sla_dag.py for tasks to queue
[2026-02-28T21:48:18.972+0000] {logging_mixin.py:188} INFO - [2026-02-28T21:48:18.972+0000] {dagbag.py:545} INFO - Filling up the DagBag from /home/airflow/.local/lib/python3.12/site-packages/airflow/example_dags/example_sla_dag.py
[2026-02-28T21:48:18.978+0000] {processor.py:840} INFO - DAG(s) 'example_sla_dag' retrieved from /home/airflow/.local/lib/python3.12/site-packages/airflow/example_dags/example_sla_dag.py
[2026-02-28T21:48:18.991+0000] {logging_mixin.py:188} INFO - [2026-02-28T21:48:18.991+0000] {dag.py:3096} INFO - Sync 1 DAGs
[2026-02-28T21:48:19.005+0000] {logging_mixin.py:188} INFO - [2026-02-28T21:48:19.005+0000] {dag.py:3954} INFO - Setting next_dagrun for example_sla_dag to 2026-02-28 21:46:00+00:00, run_after=2026-02-28 21:48:00+00:00
[2026-02-28T21:48:19.015+0000] {processor.py:183} INFO - Processing /home/airflow/.local/lib/python3.12/site-packages/airflow/example_dags/example_sla_dag.py took 0.050 seconds
[2026-02-28T21:48:50.070+0000] {processor.py:161} INFO - Started process (PID=1014) to work on /home/airflow/.local/lib/python3.12/site-packages/airflow/example_dags/example_sla_dag.py
[2026-02-28T21:48:50.073+0000] {processor.py:830} INFO - Processing file /home/airflow/.local/lib/python3.12/site-packages/airflow/example_dags/example_sla_dag.py for tasks to queue
[2026-02-28T21:48:50.074+0000] {logging_mixin.py:188} INFO - [2026-02-28T21:48:50.074+0000] {dagbag.py:545} INFO - Filling up the DagBag from /home/airflow/.local/lib/python3.12/site-packages/airflow/example_dags/example_sla_dag.py
[2026-02-28T21:48:50.084+0000] {processor.py:840} INFO - DAG(s) 'example_sla_dag' retrieved from /home/airflow/.local/lib/python3.12/site-packages/airflow/example_dags/example_sla_dag.py
[2026-02-28T21:48:50.100+0000] {logging_mixin.py:188} INFO - [2026-02-28T21:48:50.100+0000] {dag.py:3096} INFO - Sync 1 DAGs
[2026-02-28T21:48:50.118+0000] {logging_mixin.py:188} INFO - [2026-02-28T21:48:50.118+0000] {dag.py:3954} INFO - Setting next_dagrun for example_sla_dag to 2026-02-28 21:46:00+00:00, run_after=2026-02-28 21:48:00+00:00
[2026-02-28T21:48:50.130+0000] {processor.py:183} INFO - Processing /home/airflow/.local/lib/python3.12/site-packages/airflow/example_dags/example_sla_dag.py took 0.065 seconds
[2026-02-28T21:49:20.728+0000] {processor.py:161} INFO - Started process (PID=1071) to work on /home/airflow/.local/lib/python3.12/site-packages/airflow/example_dags/example_sla_dag.py
[2026-02-28T21:49:20.731+0000] {processor.py:830} INFO - Processing file /home/airflow/.local/lib/python3.12/site-packages/airflow/example_dags/example_sla_dag.py for tasks to queue
[2026-02-28T21:49:20.733+0000] {logging_mixin.py:188} INFO - [2026-02-28T21:49:20.733+0000] {dagbag.py:545} INFO - Filling up the DagBag from /home/airflow/.local/lib/python3.12/site-packages/airflow/example_dags/example_sla_dag.py
[2026-02-28T21:49:20.742+0000] {processor.py:840} INFO - DAG(s) 'example_sla_dag' retrieved from /home/airflow/.local/lib/python3.12/site-packages/airflow/example_dags/example_sla_dag.py
[2026-02-28T21:49:20.757+0000] {logging_mixin.py:188} INFO - [2026-02-28T21:49:20.757+0000] {dag.py:3096} INFO - Sync 1 DAGs
[2026-02-28T21:49:20.773+0000] {logging_mixin.py:188} INFO - [2026-02-28T21:49:20.773+0000] {dag.py:3954} INFO - Setting next_dagrun for example_sla_dag to 2026-02-28 21:46:00+00:00, run_after=2026-02-28 21:48:00+00:00
[2026-02-28T21:49:20.798+0000] {processor.py:183} INFO - Processing /home/airflow/.local/lib/python3.12/site-packages/airflow/example_dags/example_sla_dag.py took 0.076 seconds
[2026-02-28T21:49:54.116+0000] {processor.py:161} INFO - Started process (PID=1130) to work on /home/airflow/.local/lib/python3.12/site-packages/airflow/example_dags/example_sla_dag.py
[2026-02-28T21:49:54.118+0000] {processor.py:830} INFO - Processing file /home/airflow/.local/lib/python3.12/site-packages/airflow/example_dags/example_sla_dag.py for tasks to queue
[2026-02-28T21:49:54.119+0000] {logging_mixin.py:188} INFO - [2026-02-28T21:49:54.119+0000] {dagbag.py:545} INFO - Filling up the DagBag from /home/airflow/.local/lib/python3.12/site-packages/airflow/example_dags/example_sla_dag.py
[2026-02-28T21:49:54.133+0000] {processor.py:840} INFO - DAG(s) 'example_sla_dag' retrieved from /home/airflow/.local/lib/python3.12/site-packages/airflow/example_dags/example_sla_dag.py
[2026-02-28T21:49:54.199+0000] {logging_mixin.py:188} INFO - [2026-02-28T21:49:54.198+0000] {dag.py:3096} INFO - Sync 1 DAGs
[2026-02-28T21:49:54.252+0000] {logging_mixin.py:188} INFO - [2026-02-28T21:49:54.251+0000] {dag.py:3954} INFO - Setting next_dagrun for example_sla_dag to 2026-02-28 21:46:00+00:00, run_after=2026-02-28 21:48:00+00:00
[2026-02-28T21:49:54.321+0000] {processor.py:183} INFO - Processing /home/airflow/.local/lib/python3.12/site-packages/airflow/example_dags/example_sla_dag.py took 0.213 seconds
[2026-02-28T21:50:24.526+0000] {processor.py:161} INFO - Started process (PID=1188) to work on /home/airflow/.local/lib/python3.12/site-packages/airflow/example_dags/example_sla_dag.py
[2026-02-28T21:50:24.528+0000] {processor.py:830} INFO - Processing file /home/airflow/.local/lib/python3.12/site-packages/airflow/example_dags/example_sla_dag.py for tasks to queue
[2026-02-28T21:50:24.530+0000] {logging_mixin.py:188} INFO - [2026-02-28T21:50:24.530+0000] {dagbag.py:545} INFO - Filling up the DagBag from /home/airflow/.local/lib/python3.12/site-packages/airflow/example_dags/example_sla_dag.py
[2026-02-28T21:50:24.537+0000] {processor.py:840} INFO - DAG(s) 'example_sla_dag' retrieved from /home/airflow/.local/lib/python3.12/site-packages/airflow/example_dags/example_sla_dag.py
[2026-02-28T21:50:24.553+0000] {logging_mixin.py:188} INFO - [2026-02-28T21:50:24.553+0000] {dag.py:3096} INFO - Sync 1 DAGs
[2026-02-28T21:50:24.582+0000] {logging_mixin.py:188} INFO - [2026-02-28T21:50:24.582+0000] {dag.py:3954} INFO - Setting next_dagrun for example_sla_dag to 2026-02-28 21:48:00+00:00, run_after=2026-02-28 21:50:00+00:00
[2026-02-28T21:50:24.599+0000] {processor.py:183} INFO - Processing /home/airflow/.local/lib/python3.12/site-packages/airflow/example_dags/example_sla_dag.py took 0.079 seconds
[2026-02-28T21:50:54.638+0000] {processor.py:161} INFO - Started process (PID=1245) to work on /home/airflow/.local/lib/python3.12/site-packages/airflow/example_dags/example_sla_dag.py
[2026-02-28T21:50:54.640+0000] {processor.py:830} INFO - Processing file /home/airflow/.local/lib/python3.12/site-packages/airflow/example_dags/example_sla_dag.py for tasks to queue
[2026-02-28T21:50:54.641+0000] {logging_mixin.py:188} INFO - [2026-02-28T21:50:54.641+0000] {dagbag.py:545} INFO - Filling up the DagBag from /home/airflow/.local/lib/python3.12/site-packages/airflow/example_dags/example_sla_dag.py
[2026-02-28T21:50:54.646+0000] {processor.py:840} INFO - DAG(s) 'example_sla_dag' retrieved from /home/airflow/.local/lib/python3.12/site-packages/airflow/example_dags/example_sla_dag.py
[2026-02-28T21:50:54.656+0000] {logging_mixin.py:188} INFO - [2026-02-28T21:50:54.656+0000] {dag.py:3096} INFO - Sync 1 DAGs
[2026-02-28T21:50:54.667+0000] {logging_mixin.py:188} INFO - [2026-02-28T21:50:54.667+0000] {dag.py:3954} INFO - Setting next_dagrun for example_sla_dag to 2026-02-28 21:48:00+00:00, run_after=2026-02-28 21:50:00+00:00
[2026-02-28T21:50:54.676+0000] {processor.py:183} INFO - Processing /home/airflow/.local/lib/python3.12/site-packages/airflow/example_dags/example_sla_dag.py took 0.041 seconds
[2026-02-28T21:51:24.809+0000] {processor.py:161} INFO - Started process (PID=1303) to work on /home/airflow/.local/lib/python3.12/site-packages/airflow/example_dags/example_sla_dag.py
[2026-02-28T21:51:24.810+0000] {processor.py:830} INFO - Processing file /home/airflow/.local/lib/python3.12/site-packages/airflow/example_dags/example_sla_dag.py for tasks to queue
[2026-02-28T21:51:24.811+0000] {logging_mixin.py:188} INFO - [2026-02-28T21:51:24.811+0000] {dagbag.py:545} INFO - Filling up the DagBag from /home/airflow/.local/lib/python3.12/site-packages/airflow/example_dags/example_sla_dag.py
[2026-02-28T21:51:24.816+0000] {processor.py:840} INFO - DAG(s) 'example_sla_dag' retrieved from /home/airflow/.local/lib/python3.12/site-packages/airflow/example_dags/example_sla_dag.py
[2026-02-28T21:51:24.831+0000] {logging_mixin.py:188} INFO - [2026-02-28T21:51:24.831+0000] {dag.py:3096} INFO - Sync 1 DAGs
[2026-02-28T21:51:24.847+0000] {logging_mixin.py:188} INFO - [2026-02-28T21:51:24.847+0000] {dag.py:3954} INFO - Setting next_dagrun for example_sla_dag to 2026-02-28 21:48:00+00:00, run_after=2026-02-28 21:50:00+00:00
[2026-02-28T21:51:24.858+0000] {processor.py:183} INFO - Processing /home/airflow/.local/lib/python3.12/site-packages/airflow/example_dags/example_sla_dag.py took 0.053 seconds
[2026-02-28T21:51:55.735+0000] {processor.py:161} INFO - Started process (PID=1361) to work on /home/airflow/.local/lib/python3.12/site-packages/airflow/example_dags/example_sla_dag.py
[2026-02-28T21:51:55.737+0000] {processor.py:830} INFO - Processing file /home/airflow/.local/lib/python3.12/site-packages/airflow/example_dags/example_sla_dag.py for tasks to queue
[2026-02-28T21:51:55.739+0000] {logging_mixin.py:188} INFO - [2026-02-28T21:51:55.738+0000] {dagbag.py:545} INFO - Filling up the DagBag from /home/airflow/.local/lib/python3.12/site-packages/airflow/example_dags/example_sla_dag.py
[2026-02-28T21:51:55.744+0000] {processor.py:840} INFO - DAG(s) 'example_sla_dag' retrieved from /home/airflow/.local/lib/python3.12/site-packages/airflow/example_dags/example_sla_dag.py
[2026-02-28T21:51:55.760+0000] {logging_mixin.py:188} INFO - [2026-02-28T21:51:55.760+0000] {dag.py:3096} INFO - Sync 1 DAGs
[2026-02-28T21:51:55.775+0000] {logging_mixin.py:188} INFO - [2026-02-28T21:51:55.774+0000] {dag.py:3954} INFO - Setting next_dagrun for example_sla_dag to 2026-02-28 21:48:00+00:00, run_after=2026-02-28 21:50:00+00:00
[2026-02-28T21:51:55.791+0000] {processor.py:183} INFO - Processing /home/airflow/.local/lib/python3.12/site-packages/airflow/example_dags/example_sla_dag.py took 0.059 seconds
[2026-02-28T21:52:26.617+0000] {processor.py:161} INFO - Started process (PID=1419) to work on /home/airflow/.local/lib/python3.12/site-packages/airflow/example_dags/example_sla_dag.py
[2026-02-28T21:52:26.619+0000] {processor.py:830} INFO - Processing file /home/airflow/.local/lib/python3.12/site-packages/airflow/example_dags/example_sla_dag.py for tasks to queue
[2026-02-28T21:52:26.621+0000] {logging_mixin.py:188} INFO - [2026-02-28T21:52:26.620+0000] {dagbag.py:545} INFO - Filling up the DagBag from /home/airflow/.local/lib/python3.12/site-packages/airflow/example_dags/example_sla_dag.py
[2026-02-28T21:52:26.626+0000] {processor.py:840} INFO - DAG(s) 'example_sla_dag' retrieved from /home/airflow/.local/lib/python3.12/site-packages/airflow/example_dags/example_sla_dag.py
[2026-02-28T21:52:26.650+0000] {logging_mixin.py:188} INFO - [2026-02-28T21:52:26.650+0000] {dag.py:3096} INFO - Sync 1 DAGs
[2026-02-28T21:52:26.671+0000] {logging_mixin.py:188} INFO - [2026-02-28T21:52:26.671+0000] {dag.py:3954} INFO - Setting next_dagrun for example_sla_dag to 2026-02-28 21:50:00+00:00, run_after=2026-02-28 21:52:00+00:00
[2026-02-28T21:52:26.690+0000] {processor.py:183} INFO - Processing /home/airflow/.local/lib/python3.12/site-packages/airflow/example_dags/example_sla_dag.py took 0.077 seconds
[2026-02-28T21:52:57.666+0000] {processor.py:161} INFO - Started process (PID=1477) to work on /home/airflow/.local/lib/python3.12/site-packages/airflow/example_dags/example_sla_dag.py
[2026-02-28T21:52:57.667+0000] {processor.py:830} INFO - Processing file /home/airflow/.local/lib/python3.12/site-packages/airflow/example_dags/example_sla_dag.py for tasks to queue
[2026-02-28T21:52:57.669+0000] {logging_mixin.py:188} INFO - [2026-02-28T21:52:57.669+0000] {dagbag.py:545} INFO - Filling up the DagBag from /home/airflow/.local/lib/python3.12/site-packages/airflow/example_dags/example_sla_dag.py
[2026-02-28T21:52:57.675+0000] {processor.py:840} INFO - DAG(s) 'example_sla_dag' retrieved from /home/airflow/.local/lib/python3.12/site-packages/airflow/example_dags/example_sla_dag.py
[2026-02-28T21:52:57.689+0000] {logging_mixin.py:188} INFO - [2026-02-28T21:52:57.689+0000] {dag.py:3096} INFO - Sync 1 DAGs
[2026-02-28T21:52:57.707+0000] {logging_mixin.py:188} INFO - [2026-02-28T21:52:57.706+0000] {dag.py:3954} INFO - Setting next_dagrun for example_sla_dag to 2026-02-28 21:50:00+00:00, run_after=2026-02-28 21:52:00+00:00
[2026-02-28T21:52:57.720+0000] {processor.py:183} INFO - Processing /home/airflow/.local/lib/python3.12/site-packages/airflow/example_dags/example_sla_dag.py took 0.061 seconds
[2026-02-28T21:53:28.482+0000] {processor.py:161} INFO - Started process (PID=1535) to work on /home/airflow/.local/lib/python3.12/site-packages/airflow/example_dags/example_sla_dag.py
[2026-02-28T21:53:28.484+0000] {processor.py:830} INFO - Processing file /home/airflow/.local/lib/python3.12/site-packages/airflow/example_dags/example_sla_dag.py for tasks to queue
[2026-02-28T21:53:28.485+0000] {logging_mixin.py:188} INFO - [2026-02-28T21:53:28.485+0000] {dagbag.py:545} INFO - Filling up the DagBag from /home/airflow/.local/lib/python3.12/site-packages/airflow/example_dags/example_sla_dag.py
[2026-02-28T21:53:28.492+0000] {processor.py:840} INFO - DAG(s) 'example_sla_dag' retrieved from /home/airflow/.local/lib/python3.12/site-packages/airflow/example_dags/example_sla_dag.py
[2026-02-28T21:53:28.508+0000] {logging_mixin.py:188} INFO - [2026-02-28T21:53:28.507+0000] {dag.py:3096} INFO - Sync 1 DAGs
[2026-02-28T21:53:28.521+0000] {logging_mixin.py:188} INFO - [2026-02-28T21:53:28.521+0000] {dag.py:3954} INFO - Setting next_dagrun for example_sla_dag to 2026-02-28 21:50:00+00:00, run_after=2026-02-28 21:52:00+00:00
[2026-02-28T21:53:28.536+0000] {processor.py:183} INFO - Processing /home/airflow/.local/lib/python3.12/site-packages/airflow/example_dags/example_sla_dag.py took 0.057 seconds
[2026-02-28T21:53:59.441+0000] {processor.py:161} INFO - Started process (PID=1593) to work on /home/airflow/.local/lib/python3.12/site-packages/airflow/example_dags/example_sla_dag.py
[2026-02-28T21:53:59.443+0000] {processor.py:830} INFO - Processing file /home/airflow/.local/lib/python3.12/site-packages/airflow/example_dags/example_sla_dag.py for tasks to queue
[2026-02-28T21:53:59.446+0000] {logging_mixin.py:188} INFO - [2026-02-28T21:53:59.446+0000] {dagbag.py:545} INFO - Filling up the DagBag from /home/airflow/.local/lib/python3.12/site-packages/airflow/example_dags/example_sla_dag.py
[2026-02-28T21:53:59.457+0000] {processor.py:840} INFO - DAG(s) 'example_sla_dag' retrieved from /home/airflow/.local/lib/python3.12/site-packages/airflow/example_dags/example_sla_dag.py
[2026-02-28T21:53:59.481+0000] {logging_mixin.py:188} INFO - [2026-02-28T21:53:59.480+0000] {dag.py:3096} INFO - Sync 1 DAGs
[2026-02-28T21:53:59.502+0000] {logging_mixin.py:188} INFO - [2026-02-28T21:53:59.502+0000] {dag.py:3954} INFO - Setting next_dagrun for example_sla_dag to 2026-02-28 21:50:00+00:00, run_after=2026-02-28 21:52:00+00:00
[2026-02-28T21:53:59.524+0000] {processor.py:183} INFO - Processing /home/airflow/.local/lib/python3.12/site-packages/airflow/example_dags/example_sla_dag.py took 0.091 seconds
[2026-02-28T21:54:30.006+0000] {processor.py:161} INFO - Started process (PID=1651) to work on /home/airflow/.local/lib/python3.12/site-packages/airflow/example_dags/example_sla_dag.py
[2026-02-28T21:54:30.007+0000] {processor.py:830} INFO - Processing file /home/airflow/.local/lib/python3.12/site-packages/airflow/example_dags/example_sla_dag.py for tasks to queue
[2026-02-28T21:54:30.011+0000] {logging_mixin.py:188} INFO - [2026-02-28T21:54:30.010+0000] {dagbag.py:545} INFO - Filling up the DagBag from /home/airflow/.local/lib/python3.12/site-packages/airflow/example_dags/example_sla_dag.py
[2026-02-28T21:54:30.023+0000] {processor.py:840} INFO - DAG(s) 'example_sla_dag' retrieved from /home/airflow/.local/lib/python3.12/site-packages/airflow/example_dags/example_sla_dag.py
[2026-02-28T21:54:30.054+0000] {logging_mixin.py:188} INFO - [2026-02-28T21:54:30.054+0000] {dag.py:3096} INFO - Sync 1 DAGs
[2026-02-28T21:54:30.077+0000] {logging_mixin.py:188} INFO - [2026-02-28T21:54:30.077+0000] {dag.py:3954} INFO - Setting next_dagrun for example_sla_dag to 2026-02-28 21:52:00+00:00, run_after=2026-02-28 21:54:00+00:00
[2026-02-28T21:54:30.092+0000] {processor.py:183} INFO - Processing /home/airflow/.local/lib/python3.12/site-packages/airflow/example_dags/example_sla_dag.py took 0.097 seconds
[2026-02-28T21:55:00.884+0000] {processor.py:161} INFO - Started process (PID=1718) to work on /home/airflow/.local/lib/python3.12/site-packages/airflow/example_dags/example_sla_dag.py
[2026-02-28T21:55:00.889+0000] {processor.py:830} INFO - Processing file /home/airflow/.local/lib/python3.12/site-packages/airflow/example_dags/example_sla_dag.py for tasks to queue
[2026-02-28T21:55:00.893+0000] {logging_mixin.py:188} INFO - [2026-02-28T21:55:00.892+0000] {dagbag.py:545} INFO - Filling up the DagBag from /home/airflow/.local/lib/python3.12/site-packages/airflow/example_dags/example_sla_dag.py
[2026-02-28T21:55:00.902+0000] {processor.py:840} INFO - DAG(s) 'example_sla_dag' retrieved from /home/airflow/.local/lib/python3.12/site-packages/airflow/example_dags/example_sla_dag.py
[2026-02-28T21:55:00.932+0000] {logging_mixin.py:188} INFO - [2026-02-28T21:55:00.932+0000] {dag.py:3096} INFO - Sync 1 DAGs
[2026-02-28T21:55:00.952+0000] {logging_mixin.py:188} INFO - [2026-02-28T21:55:00.952+0000] {dag.py:3954} INFO - Setting next_dagrun for example_sla_dag to 2026-02-28 21:52:00+00:00, run_after=2026-02-28 21:54:00+00:00
[2026-02-28T21:55:00.976+0000] {processor.py:183} INFO - Processing /home/airflow/.local/lib/python3.12/site-packages/airflow/example_dags/example_sla_dag.py took 0.116 seconds
[2026-02-28T21:55:34.024+0000] {processor.py:161} INFO - Started process (PID=1776) to work on /home/airflow/.local/lib/python3.12/site-packages/airflow/example_dags/example_sla_dag.py
[2026-02-28T21:55:34.025+0000] {processor.py:830} INFO - Processing file /home/airflow/.local/lib/python3.12/site-packages/airflow/example_dags/example_sla_dag.py for tasks to queue
[2026-02-28T21:55:34.029+0000] {logging_mixin.py:188} INFO - [2026-02-28T21:55:34.028+0000] {dagbag.py:545} INFO - Filling up the DagBag from /home/airflow/.local/lib/python3.12/site-packages/airflow/example_dags/example_sla_dag.py
[2026-02-28T21:55:34.042+0000] {processor.py:840} INFO - DAG(s) 'example_sla_dag' retrieved from /home/airflow/.local/lib/python3.12/site-packages/airflow/example_dags/example_sla_dag.py
[2026-02-28T21:55:34.074+0000] {logging_mixin.py:188} INFO - [2026-02-28T21:55:34.074+0000] {dag.py:3096} INFO - Sync 1 DAGs
[2026-02-28T21:55:34.104+0000] {logging_mixin.py:188} INFO - [2026-02-28T21:55:34.104+0000] {dag.py:3954} INFO - Setting next_dagrun for example_sla_dag to 2026-02-28 21:52:00+00:00, run_after=2026-02-28 21:54:00+00:00
[2026-02-28T21:55:34.122+0000] {processor.py:183} INFO - Processing /home/airflow/.local/lib/python3.12/site-packages/airflow/example_dags/example_sla_dag.py took 0.112 seconds
[2026-02-28T21:56:05.294+0000] {processor.py:161} INFO - Started process (PID=1834) to work on /home/airflow/.local/lib/python3.12/site-packages/airflow/example_dags/example_sla_dag.py
[2026-02-28T21:56:05.297+0000] {processor.py:830} INFO - Processing file /home/airflow/.local/lib/python3.12/site-packages/airflow/example_dags/example_sla_dag.py for tasks to queue
[2026-02-28T21:56:05.304+0000] {logging_mixin.py:188} INFO - [2026-02-28T21:56:05.303+0000] {dagbag.py:545} INFO - Filling up the DagBag from /home/airflow/.local/lib/python3.12/site-packages/airflow/example_dags/example_sla_dag.py
[2026-02-28T21:56:05.326+0000] {processor.py:840} INFO - DAG(s) 'example_sla_dag' retrieved from /home/airflow/.local/lib/python3.12/site-packages/airflow/example_dags/example_sla_dag.py
[2026-02-28T21:56:05.380+0000] {logging_mixin.py:188} INFO - [2026-02-28T21:56:05.379+0000] {dag.py:3096} INFO - Sync 1 DAGs
[2026-02-28T21:56:05.429+0000] {logging_mixin.py:188} INFO - [2026-02-28T21:56:05.427+0000] {dag.py:3954} INFO - Setting next_dagrun for example_sla_dag to 2026-02-28 21:54:00+00:00, run_after=2026-02-28 21:56:00+00:00
[2026-02-28T21:56:05.481+0000] {processor.py:183} INFO - Processing /home/airflow/.local/lib/python3.12/site-packages/airflow/example_dags/example_sla_dag.py took 0.196 seconds
[2026-02-28T21:56:35.944+0000] {processor.py:161} INFO - Started process (PID=1892) to work on /home/airflow/.local/lib/python3.12/site-packages/airflow/example_dags/example_sla_dag.py
[2026-02-28T21:56:35.945+0000] {processor.py:830} INFO - Processing file /home/airflow/.local/lib/python3.12/site-packages/airflow/example_dags/example_sla_dag.py for tasks to queue
[2026-02-28T21:56:35.947+0000] {logging_mixin.py:188} INFO - [2026-02-28T21:56:35.946+0000] {dagbag.py:545} INFO - Filling up the DagBag from /home/airflow/.local/lib/python3.12/site-packages/airflow/example_dags/example_sla_dag.py
[2026-02-28T21:56:35.954+0000] {processor.py:840} INFO - DAG(s) 'example_sla_dag' retrieved from /home/airflow/.local/lib/python3.12/site-packages/airflow/example_dags/example_sla_dag.py
[2026-02-28T21:56:35.967+0000] {logging_mixin.py:188} INFO - [2026-02-28T21:56:35.967+0000] {dag.py:3096} INFO - Sync 1 DAGs
[2026-02-28T21:56:35.985+0000] {logging_mixin.py:188} INFO - [2026-02-28T21:56:35.985+0000] {dag.py:3954} INFO - Setting next_dagrun for example_sla_dag to 2026-02-28 21:54:00+00:00, run_after=2026-02-28 21:56:00+00:00
[2026-02-28T21:56:35.995+0000] {processor.py:183} INFO - Processing /home/airflow/.local/lib/python3.12/site-packages/airflow/example_dags/example_sla_dag.py took 0.055 seconds
[2026-02-28T21:57:06.209+0000] {processor.py:161} INFO - Started process (PID=1950) to work on /home/airflow/.local/lib/python3.12/site-packages/airflow/example_dags/example_sla_dag.py
[2026-02-28T21:57:06.210+0000] {processor.py:830} INFO - Processing file /home/airflow/.local/lib/python3.12/site-packages/airflow/example_dags/example_sla_dag.py for tasks to queue
[2026-02-28T21:57:06.211+0000] {logging_mixin.py:188} INFO - [2026-02-28T21:57:06.211+0000] {dagbag.py:545} INFO - Filling up the DagBag from /home/airflow/.local/lib/python3.12/site-packages/airflow/example_dags/example_sla_dag.py
[2026-02-28T21:57:06.216+0000] {processor.py:840} INFO - DAG(s) 'example_sla_dag' retrieved from /home/airflow/.local/lib/python3.12/site-packages/airflow/example_dags/example_sla_dag.py
[2026-02-28T21:57:06.227+0000] {logging_mixin.py:188} INFO - [2026-02-28T21:57:06.227+0000] {dag.py:3096} INFO - Sync 1 DAGs
[2026-02-28T21:57:06.243+0000] {logging_mixin.py:188} INFO - [2026-02-28T21:57:06.242+0000] {dag.py:3954} INFO - Setting next_dagrun for example_sla_dag to 2026-02-28 21:54:00+00:00, run_after=2026-02-28 21:56:00+00:00
[2026-02-28T21:57:06.257+0000] {processor.py:183} INFO - Processing /home/airflow/.local/lib/python3.12/site-packages/airflow/example_dags/example_sla_dag.py took 0.051 seconds
[2026-02-28T21:57:36.602+0000] {processor.py:161} INFO - Started process (PID=2008) to work on /home/airflow/.local/lib/python3.12/site-packages/airflow/example_dags/example_sla_dag.py
[2026-02-28T21:57:36.603+0000] {processor.py:830} INFO - Processing file /home/airflow/.local/lib/python3.12/site-packages/airflow/example_dags/example_sla_dag.py for tasks to queue
[2026-02-28T21:57:36.605+0000] {logging_mixin.py:188} INFO - [2026-02-28T21:57:36.605+0000] {dagbag.py:545} INFO - Filling up the DagBag from /home/airflow/.local/lib/python3.12/site-packages/airflow/example_dags/example_sla_dag.py
[2026-02-28T21:57:36.611+0000] {processor.py:840} INFO - DAG(s) 'example_sla_dag' retrieved from /home/airflow/.local/lib/python3.12/site-packages/airflow/example_dags/example_sla_dag.py
[2026-02-28T21:57:36.627+0000] {logging_mixin.py:188} INFO - [2026-02-28T21:57:36.627+0000] {dag.py:3096} INFO - Sync 1 DAGs
[2026-02-28T21:57:36.642+0000] {logging_mixin.py:188} INFO - [2026-02-28T21:57:36.642+0000] {dag.py:3954} INFO - Setting next_dagrun for example_sla_dag to 2026-02-28 21:54:00+00:00, run_after=2026-02-28 21:56:00+00:00
[2026-02-28T21:57:36.655+0000] {processor.py:183} INFO - Processing /home/airflow/.local/lib/python3.12/site-packages/airflow/example_dags/example_sla_dag.py took 0.063 seconds
[2026-02-28T21:58:06.855+0000] {processor.py:161} INFO - Started process (PID=2066) to work on /home/airflow/.local/lib/python3.12/site-packages/airflow/example_dags/example_sla_dag.py
[2026-02-28T21:58:06.856+0000] {processor.py:830} INFO - Processing file /home/airflow/.local/lib/python3.12/site-packages/airflow/example_dags/example_sla_dag.py for tasks to queue
[2026-02-28T21:58:06.858+0000] {logging_mixin.py:188} INFO - [2026-02-28T21:58:06.857+0000] {dagbag.py:545} INFO - Filling up the DagBag from /home/airflow/.local/lib/python3.12/site-packages/airflow/example_dags/example_sla_dag.py
[2026-02-28T21:58:06.862+0000] {processor.py:840} INFO - DAG(s) 'example_sla_dag' retrieved from /home/airflow/.local/lib/python3.12/site-packages/airflow/example_dags/example_sla_dag.py
[2026-02-28T21:58:06.879+0000] {logging_mixin.py:188} INFO - [2026-02-28T21:58:06.879+0000] {dag.py:3096} INFO - Sync 1 DAGs
[2026-02-28T21:58:06.893+0000] {logging_mixin.py:188} INFO - [2026-02-28T21:58:06.892+0000] {dag.py:3954} INFO - Setting next_dagrun for example_sla_dag to 2026-02-28 21:56:00+00:00, run_after=2026-02-28 21:58:00+00:00
[2026-02-28T21:58:06.907+0000] {processor.py:183} INFO - Processing /home/airflow/.local/lib/python3.12/site-packages/airflow/example_dags/example_sla_dag.py took 0.055 seconds
[2026-02-28T21:58:37.776+0000] {processor.py:161} INFO - Started process (PID=2124) to work on /home/airflow/.local/lib/python3.12/site-packages/airflow/example_dags/example_sla_dag.py
[2026-02-28T21:58:37.777+0000] {processor.py:830} INFO - Processing file /home/airflow/.local/lib/python3.12/site-packages/airflow/example_dags/example_sla_dag.py for tasks to queue
[2026-02-28T21:58:37.779+0000] {logging_mixin.py:188} INFO - [2026-02-28T21:58:37.779+0000] {dagbag.py:545} INFO - Filling up the DagBag from /home/airflow/.local/lib/python3.12/site-packages/airflow/example_dags/example_sla_dag.py
[2026-02-28T21:58:37.786+0000] {processor.py:840} INFO - DAG(s) 'example_sla_dag' retrieved from /home/airflow/.local/lib/python3.12/site-packages/airflow/example_dags/example_sla_dag.py
[2026-02-28T21:58:37.801+0000] {logging_mixin.py:188} INFO - [2026-02-28T21:58:37.801+0000] {dag.py:3096} INFO - Sync 1 DAGs
[2026-02-28T21:58:37.816+0000] {logging_mixin.py:188} INFO - [2026-02-28T21:58:37.816+0000] {dag.py:3954} INFO - Setting next_dagrun for example_sla_dag to 2026-02-28 21:56:00+00:00, run_after=2026-02-28 21:58:00+00:00
[2026-02-28T21:58:37.830+0000] {processor.py:183} INFO - Processing /home/airflow/.local/lib/python3.12/site-packages/airflow/example_dags/example_sla_dag.py took 0.057 seconds
[2026-02-28T21:59:08.156+0000] {processor.py:161} INFO - Started process (PID=2182) to work on /home/airflow/.local/lib/python3.12/site-packages/airflow/example_dags/example_sla_dag.py
[2026-02-28T21:59:08.156+0000] {processor.py:830} INFO - Processing file /home/airflow/.local/lib/python3.12/site-packages/airflow/example_dags/example_sla_dag.py for tasks to queue
[2026-02-28T21:59:08.157+0000] {logging_mixin.py:188} INFO - [2026-02-28T21:59:08.157+0000] {dagbag.py:545} INFO - Filling up the DagBag from /home/airflow/.local/lib/python3.12/site-packages/airflow/example_dags/example_sla_dag.py
[2026-02-28T21:59:08.162+0000] {processor.py:840} INFO - DAG(s) 'example_sla_dag' retrieved from /home/airflow/.local/lib/python3.12/site-packages/airflow/example_dags/example_sla_dag.py
[2026-02-28T21:59:08.174+0000] {logging_mixin.py:188} INFO - [2026-02-28T21:59:08.173+0000] {dag.py:3096} INFO - Sync 1 DAGs
[2026-02-28T21:59:08.190+0000] {logging_mixin.py:188} INFO - [2026-02-28T21:59:08.190+0000] {dag.py:3954} INFO - Setting next_dagrun for example_sla_dag to 2026-02-28 21:56:00+00:00, run_after=2026-02-28 21:58:00+00:00
[2026-02-28T21:59:08.206+0000] {processor.py:183} INFO - Processing /home/airflow/.local/lib/python3.12/site-packages/airflow/example_dags/example_sla_dag.py took 0.054 seconds
[2026-02-28T21:59:39.202+0000] {processor.py:161} INFO - Started process (PID=2240) to work on /home/airflow/.local/lib/python3.12/site-packages/airflow/example_dags/example_sla_dag.py
[2026-02-28T21:59:39.204+0000] {processor.py:830} INFO - Processing file /home/airflow/.local/lib/python3.12/site-packages/airflow/example_dags/example_sla_dag.py for tasks to queue
[2026-02-28T21:59:39.205+0000] {logging_mixin.py:188} INFO - [2026-02-28T21:59:39.205+0000] {dagbag.py:545} INFO - Filling up the DagBag from /home/airflow/.local/lib/python3.12/site-packages/airflow/example_dags/example_sla_dag.py
[2026-02-28T21:59:39.210+0000] {processor.py:840} INFO - DAG(s) 'example_sla_dag' retrieved from /home/airflow/.local/lib/python3.12/site-packages/airflow/example_dags/example_sla_dag.py
[2026-02-28T21:59:39.226+0000] {logging_mixin.py:188} INFO - [2026-02-28T21:59:39.226+0000] {dag.py:3096} INFO - Sync 1 DAGs
[2026-02-28T21:59:39.241+0000] {logging_mixin.py:188} INFO - [2026-02-28T21:59:39.241+0000] {dag.py:3954} INFO - Setting next_dagrun for example_sla_dag to 2026-02-28 21:56:00+00:00, run_after=2026-02-28 21:58:00+00:00
[2026-02-28T21:59:39.256+0000] {processor.py:183} INFO - Processing /home/airflow/.local/lib/python3.12/site-packages/airflow/example_dags/example_sla_dag.py took 0.057 seconds
[2026-02-28T22:00:10.203+0000] {processor.py:161} INFO - Started process (PID=2298) to work on /home/airflow/.local/lib/python3.12/site-packages/airflow/example_dags/example_sla_dag.py
[2026-02-28T22:00:10.206+0000] {processor.py:830} INFO - Processing file /home/airflow/.local/lib/python3.12/site-packages/airflow/example_dags/example_sla_dag.py for tasks to queue
[2026-02-28T22:00:10.208+0000] {logging_mixin.py:188} INFO - [2026-02-28T22:00:10.207+0000] {dagbag.py:545} INFO - Filling up the DagBag from /home/airflow/.local/lib/python3.12/site-packages/airflow/example_dags/example_sla_dag.py
[2026-02-28T22:00:10.216+0000] {processor.py:840} INFO - DAG(s) 'example_sla_dag' retrieved from /home/airflow/.local/lib/python3.12/site-packages/airflow/example_dags/example_sla_dag.py
[2026-02-28T22:00:10.230+0000] {logging_mixin.py:188} INFO - [2026-02-28T22:00:10.230+0000] {dag.py:3096} INFO - Sync 1 DAGs
[2026-02-28T22:00:10.244+0000] {logging_mixin.py:188} INFO - [2026-02-28T22:00:10.244+0000] {dag.py:3954} INFO - Setting next_dagrun for example_sla_dag to 2026-02-28 21:58:00+00:00, run_after=2026-02-28 22:00:00+00:00
[2026-02-28T22:00:10.259+0000] {processor.py:183} INFO - Processing /home/airflow/.local/lib/python3.12/site-packages/airflow/example_dags/example_sla_dag.py took 0.060 seconds
[2026-02-28T22:00:40.820+0000] {processor.py:161} INFO - Started process (PID=2356) to work on /home/airflow/.local/lib/python3.12/site-packages/airflow/example_dags/example_sla_dag.py
[2026-02-28T22:00:40.823+0000] {processor.py:830} INFO - Processing file /home/airflow/.local/lib/python3.12/site-packages/airflow/example_dags/example_sla_dag.py for tasks to queue
[2026-02-28T22:00:40.826+0000] {logging_mixin.py:188} INFO - [2026-02-28T22:00:40.826+0000] {dagbag.py:545} INFO - Filling up the DagBag from /home/airflow/.local/lib/python3.12/site-packages/airflow/example_dags/example_sla_dag.py
[2026-02-28T22:00:40.840+0000] {processor.py:840} INFO - DAG(s) 'example_sla_dag' retrieved from /home/airflow/.local/lib/python3.12/site-packages/airflow/example_dags/example_sla_dag.py
[2026-02-28T22:00:40.869+0000] {logging_mixin.py:188} INFO - [2026-02-28T22:00:40.869+0000] {dag.py:3096} INFO - Sync 1 DAGs
[2026-02-28T22:00:40.890+0000] {logging_mixin.py:188} INFO - [2026-02-28T22:00:40.889+0000] {dag.py:3954} INFO - Setting next_dagrun for example_sla_dag to 2026-02-28 21:58:00+00:00, run_after=2026-02-28 22:00:00+00:00
[2026-02-28T22:00:40.908+0000] {processor.py:183} INFO - Processing /home/airflow/.local/lib/python3.12/site-packages/airflow/example_dags/example_sla_dag.py took 0.091 seconds
[2026-02-28T22:01:11.675+0000] {processor.py:161} INFO - Started process (PID=2413) to work on /home/airflow/.local/lib/python3.12/site-packages/airflow/example_dags/example_sla_dag.py
[2026-02-28T22:01:11.676+0000] {processor.py:830} INFO - Processing file /home/airflow/.local/lib/python3.12/site-packages/airflow/example_dags/example_sla_dag.py for tasks to queue
[2026-02-28T22:01:11.677+0000] {logging_mixin.py:188} INFO - [2026-02-28T22:01:11.677+0000] {dagbag.py:545} INFO - Filling up the DagBag from /home/airflow/.local/lib/python3.12/site-packages/airflow/example_dags/example_sla_dag.py
[2026-02-28T22:01:11.683+0000] {processor.py:840} INFO - DAG(s) 'example_sla_dag' retrieved from /home/airflow/.local/lib/python3.12/site-packages/airflow/example_dags/example_sla_dag.py
[2026-02-28T22:01:11.713+0000] {logging_mixin.py:188} INFO - [2026-02-28T22:01:11.713+0000] {dag.py:3096} INFO - Sync 1 DAGs
[2026-02-28T22:01:11.741+0000] {logging_mixin.py:188} INFO - [2026-02-28T22:01:11.741+0000] {dag.py:3954} INFO - Setting next_dagrun for example_sla_dag to 2026-02-28 21:58:00+00:00, run_after=2026-02-28 22:00:00+00:00
[2026-02-28T22:01:11.756+0000] {processor.py:183} INFO - Processing /home/airflow/.local/lib/python3.12/site-packages/airflow/example_dags/example_sla_dag.py took 0.086 seconds
[2026-02-28T22:01:42.089+0000] {processor.py:161} INFO - Started process (PID=2471) to work on /home/airflow/.local/lib/python3.12/site-packages/airflow/example_dags/example_sla_dag.py
[2026-02-28T22:01:42.090+0000] {processor.py:830} INFO - Processing file /home/airflow/.local/lib/python3.12/site-packages/airflow/example_dags/example_sla_dag.py for tasks to queue
[2026-02-28T22:01:42.091+0000] {logging_mixin.py:188} INFO - [2026-02-28T22:01:42.091+0000] {dagbag.py:545} INFO - Filling up the DagBag from /home/airflow/.local/lib/python3.12/site-packages/airflow/example_dags/example_sla_dag.py
[2026-02-28T22:01:42.096+0000] {processor.py:840} INFO - DAG(s) 'example_sla_dag' retrieved from /home/airflow/.local/lib/python3.12/site-packages/airflow/example_dags/example_sla_dag.py
[2026-02-28T22:01:42.111+0000] {logging_mixin.py:188} INFO - [2026-02-28T22:01:42.110+0000] {dag.py:3096} INFO - Sync 1 DAGs
[2026-02-28T22:01:42.124+0000] {logging_mixin.py:188} INFO - [2026-02-28T22:01:42.124+0000] {dag.py:3954} INFO - Setting next_dagrun for example_sla_dag to 2026-02-28 21:58:00+00:00, run_after=2026-02-28 22:00:00+00:00
[2026-02-28T22:01:42.140+0000] {processor.py:183} INFO - Processing /home/airflow/.local/lib/python3.12/site-packages/airflow/example_dags/example_sla_dag.py took 0.054 seconds
[2026-02-28T22:02:12.951+0000] {processor.py:161} INFO - Started process (PID=2529) to work on /home/airflow/.local/lib/python3.12/site-packages/airflow/example_dags/example_sla_dag.py
[2026-02-28T22:02:12.954+0000] {processor.py:830} INFO - Processing file /home/airflow/.local/lib/python3.12/site-packages/airflow/example_dags/example_sla_dag.py for tasks to queue
[2026-02-28T22:02:12.957+0000] {logging_mixin.py:188} INFO - [2026-02-28T22:02:12.956+0000] {dagbag.py:545} INFO - Filling up the DagBag from /home/airflow/.local/lib/python3.12/site-packages/airflow/example_dags/example_sla_dag.py
[2026-02-28T22:02:12.964+0000] {processor.py:840} INFO - DAG(s) 'example_sla_dag' retrieved from /home/airflow/.local/lib/python3.12/site-packages/airflow/example_dags/example_sla_dag.py
[2026-02-28T22:02:12.979+0000] {logging_mixin.py:188} INFO - [2026-02-28T22:02:12.979+0000] {dag.py:3096} INFO - Sync 1 DAGs
[2026-02-28T22:02:13.000+0000] {logging_mixin.py:188} INFO - [2026-02-28T22:02:13.000+0000] {dag.py:3954} INFO - Setting next_dagrun for example_sla_dag to 2026-02-28 22:00:00+00:00, run_after=2026-02-28 22:02:00+00:00
[2026-02-28T22:02:13.014+0000] {processor.py:183} INFO - Processing /home/airflow/.local/lib/python3.12/site-packages/airflow/example_dags/example_sla_dag.py took 0.069 seconds
[2026-02-28T22:02:44.286+0000] {processor.py:161} INFO - Started process (PID=2587) to work on /home/airflow/.local/lib/python3.12/site-packages/airflow/example_dags/example_sla_dag.py
[2026-02-28T22:02:44.288+0000] {processor.py:830} INFO - Processing file /home/airflow/.local/lib/python3.12/site-packages/airflow/example_dags/example_sla_dag.py for tasks to queue
[2026-02-28T22:02:44.291+0000] {logging_mixin.py:188} INFO - [2026-02-28T22:02:44.291+0000] {dagbag.py:545} INFO - Filling up the DagBag from /home/airflow/.local/lib/python3.12/site-packages/airflow/example_dags/example_sla_dag.py
[2026-02-28T22:02:44.297+0000] {processor.py:840} INFO - DAG(s) 'example_sla_dag' retrieved from /home/airflow/.local/lib/python3.12/site-packages/airflow/example_dags/example_sla_dag.py
[2026-02-28T22:02:44.327+0000] {logging_mixin.py:188} INFO - [2026-02-28T22:02:44.326+0000] {dag.py:3096} INFO - Sync 1 DAGs
[2026-02-28T22:02:44.356+0000] {logging_mixin.py:188} INFO - [2026-02-28T22:02:44.354+0000] {dag.py:3954} INFO - Setting next_dagrun for example_sla_dag to 2026-02-28 22:00:00+00:00, run_after=2026-02-28 22:02:00+00:00
[2026-02-28T22:02:44.374+0000] {processor.py:183} INFO - Processing /home/airflow/.local/lib/python3.12/site-packages/airflow/example_dags/example_sla_dag.py took 0.092 seconds
[2026-02-28T22:03:14.476+0000] {processor.py:161} INFO - Started process (PID=2644) to work on /home/airflow/.local/lib/python3.12/site-packages/airflow/example_dags/example_sla_dag.py
[2026-02-28T22:03:14.477+0000] {processor.py:830} INFO - Processing file /home/airflow/.local/lib/python3.12/site-packages/airflow/example_dags/example_sla_dag.py for tasks to queue
[2026-02-28T22:03:14.479+0000] {logging_mixin.py:188} INFO - [2026-02-28T22:03:14.479+0000] {dagbag.py:545} INFO - Filling up the DagBag from /home/airflow/.local/lib/python3.12/site-packages/airflow/example_dags/example_sla_dag.py
[2026-02-28T22:03:14.491+0000] {processor.py:840} INFO - DAG(s) 'example_sla_dag' retrieved from /home/airflow/.local/lib/python3.12/site-packages/airflow/example_dags/example_sla_dag.py
[2026-02-28T22:03:14.514+0000] {logging_mixin.py:188} INFO - [2026-02-28T22:03:14.513+0000] {dag.py:3096} INFO - Sync 1 DAGs
[2026-02-28T22:03:14.527+0000] {logging_mixin.py:188} INFO - [2026-02-28T22:03:14.527+0000] {dag.py:3954} INFO - Setting next_dagrun for example_sla_dag to 2026-02-28 22:00:00+00:00, run_after=2026-02-28 22:02:00+00:00
[2026-02-28T22:03:14.541+0000] {processor.py:183} INFO - Processing /home/airflow/.local/lib/python3.12/site-packages/airflow/example_dags/example_sla_dag.py took 0.069 seconds
[2026-02-28T22:03:45.553+0000] {processor.py:161} INFO - Started process (PID=2702) to work on /home/airflow/.local/lib/python3.12/site-packages/airflow/example_dags/example_sla_dag.py
[2026-02-28T22:03:45.553+0000] {processor.py:830} INFO - Processing file /home/airflow/.local/lib/python3.12/site-packages/airflow/example_dags/example_sla_dag.py for tasks to queue
[2026-02-28T22:03:45.555+0000] {logging_mixin.py:188} INFO - [2026-02-28T22:03:45.555+0000] {dagbag.py:545} INFO - Filling up the DagBag from /home/airflow/.local/lib/python3.12/site-packages/airflow/example_dags/example_sla_dag.py
[2026-02-28T22:03:45.561+0000] {processor.py:840} INFO - DAG(s) 'example_sla_dag' retrieved from /home/airflow/.local/lib/python3.12/site-packages/airflow/example_dags/example_sla_dag.py
[2026-02-28T22:03:45.585+0000] {logging_mixin.py:188} INFO - [2026-02-28T22:03:45.585+0000] {dag.py:3096} INFO - Sync 1 DAGs
[2026-02-28T22:03:45.623+0000] {logging_mixin.py:188} INFO - [2026-02-28T22:03:45.623+0000] {dag.py:3954} INFO - Setting next_dagrun for example_sla_dag to 2026-02-28 22:00:00+00:00, run_after=2026-02-28 22:02:00+00:00
[2026-02-28T22:03:45.647+0000] {processor.py:183} INFO - Processing /home/airflow/.local/lib/python3.12/site-packages/airflow/example_dags/example_sla_dag.py took 0.098 seconds
[2026-02-28T22:04:16.437+0000] {processor.py:161} INFO - Started process (PID=2760) to work on /home/airflow/.local/lib/python3.12/site-packages/airflow/example_dags/example_sla_dag.py
[2026-02-28T22:04:16.439+0000] {processor.py:830} INFO - Processing file /home/airflow/.local/lib/python3.12/site-packages/airflow/example_dags/example_sla_dag.py for tasks to queue
[2026-02-28T22:04:16.440+0000] {logging_mixin.py:188} INFO - [2026-02-28T22:04:16.440+0000] {dagbag.py:545} INFO - Filling up the DagBag from /home/airflow/.local/lib/python3.12/site-packages/airflow/example_dags/example_sla_dag.py
[2026-02-28T22:04:16.449+0000] {processor.py:840} INFO - DAG(s) 'example_sla_dag' retrieved from /home/airflow/.local/lib/python3.12/site-packages/airflow/example_dags/example_sla_dag.py
[2026-02-28T22:04:16.473+0000] {logging_mixin.py:188} INFO - [2026-02-28T22:04:16.472+0000] {dag.py:3096} INFO - Sync 1 DAGs
[2026-02-28T22:04:16.492+0000] {logging_mixin.py:188} INFO - [2026-02-28T22:04:16.492+0000] {dag.py:3954} INFO - Setting next_dagrun for example_sla_dag to 2026-02-28 22:02:00+00:00, run_after=2026-02-28 22:04:00+00:00
[2026-02-28T22:04:16.505+0000] {processor.py:183} INFO - Processing /home/airflow/.local/lib/python3.12/site-packages/airflow/example_dags/example_sla_dag.py took 0.075 seconds
