[2026-02-28T21:39:57.974+0000] {processor.py:161} INFO - Started process (PID=53) to work on /home/airflow/.local/lib/python3.12/site-packages/airflow/example_dags/example_latest_only_with_trigger.py
[2026-02-28T21:39:57.981+0000] {processor.py:830} INFO - Processing file /home/airflow/.local/lib/python3.12/site-packages/airflow/example_dags/example_latest_only_with_trigger.py for tasks to queue
[2026-02-28T21:39:57.991+0000] {logging_mixin.py:188} INFO - [2026-02-28T21:39:57.990+0000] {dagbag.py:545} INFO - Filling up the DagBag from /home/airflow/.local/lib/python3.12/site-packages/airflow/example_dags/example_latest_only_with_trigger.py
[2026-02-28T21:39:58.045+0000] {processor.py:840} INFO - DAG(s) 'latest_only_with_trigger' retrieved from /home/airflow/.local/lib/python3.12/site-packages/airflow/example_dags/example_latest_only_with_trigger.py
[2026-02-28T21:39:58.103+0000] {logging_mixin.py:188} INFO - [2026-02-28T21:39:58.102+0000] {dag.py:3096} INFO - Sync 1 DAGs
[2026-02-28T21:39:58.184+0000] {logging_mixin.py:188} INFO - [2026-02-28T21:39:58.183+0000] {dag.py:3954} INFO - Setting next_dagrun for latest_only_with_trigger to 2026-02-28 16:00:00+00:00, run_after=2026-02-28 20:00:00+00:00
[2026-02-28T21:39:58.298+0000] {processor.py:183} INFO - Processing /home/airflow/.local/lib/python3.12/site-packages/airflow/example_dags/example_latest_only_with_trigger.py took 0.346 seconds
[2026-02-28T21:40:28.438+0000] {processor.py:161} INFO - Started process (PID=112) to work on /home/airflow/.local/lib/python3.12/site-packages/airflow/example_dags/example_latest_only_with_trigger.py
[2026-02-28T21:40:28.439+0000] {processor.py:830} INFO - Processing file /home/airflow/.local/lib/python3.12/site-packages/airflow/example_dags/example_latest_only_with_trigger.py for tasks to queue
[2026-02-28T21:40:28.439+0000] {logging_mixin.py:188} INFO - [2026-02-28T21:40:28.439+0000] {dagbag.py:545} INFO - Filling up the DagBag from /home/airflow/.local/lib/python3.12/site-packages/airflow/example_dags/example_latest_only_with_trigger.py
[2026-02-28T21:40:28.443+0000] {processor.py:840} INFO - DAG(s) 'latest_only_with_trigger' retrieved from /home/airflow/.local/lib/python3.12/site-packages/airflow/example_dags/example_latest_only_with_trigger.py
[2026-02-28T21:40:28.493+0000] {logging_mixin.py:188} INFO - [2026-02-28T21:40:28.492+0000] {dag.py:3096} INFO - Sync 1 DAGs
[2026-02-28T21:40:28.501+0000] {logging_mixin.py:188} INFO - [2026-02-28T21:40:28.501+0000] {dag.py:3954} INFO - Setting next_dagrun for latest_only_with_trigger to 2026-02-28 16:00:00+00:00, run_after=2026-02-28 20:00:00+00:00
[2026-02-28T21:40:28.512+0000] {processor.py:183} INFO - Processing /home/airflow/.local/lib/python3.12/site-packages/airflow/example_dags/example_latest_only_with_trigger.py took 0.077 seconds
[2026-02-28T21:40:58.706+0000] {processor.py:161} INFO - Started process (PID=169) to work on /home/airflow/.local/lib/python3.12/site-packages/airflow/example_dags/example_latest_only_with_trigger.py
[2026-02-28T21:40:58.707+0000] {processor.py:830} INFO - Processing file /home/airflow/.local/lib/python3.12/site-packages/airflow/example_dags/example_latest_only_with_trigger.py for tasks to queue
[2026-02-28T21:40:58.708+0000] {logging_mixin.py:188} INFO - [2026-02-28T21:40:58.708+0000] {dagbag.py:545} INFO - Filling up the DagBag from /home/airflow/.local/lib/python3.12/site-packages/airflow/example_dags/example_latest_only_with_trigger.py
[2026-02-28T21:40:58.712+0000] {processor.py:840} INFO - DAG(s) 'latest_only_with_trigger' retrieved from /home/airflow/.local/lib/python3.12/site-packages/airflow/example_dags/example_latest_only_with_trigger.py
[2026-02-28T21:40:58.734+0000] {logging_mixin.py:188} INFO - [2026-02-28T21:40:58.734+0000] {dag.py:3096} INFO - Sync 1 DAGs
[2026-02-28T21:40:58.752+0000] {logging_mixin.py:188} INFO - [2026-02-28T21:40:58.751+0000] {dag.py:3954} INFO - Setting next_dagrun for latest_only_with_trigger to 2026-02-28 16:00:00+00:00, run_after=2026-02-28 20:00:00+00:00
[2026-02-28T21:40:58.778+0000] {processor.py:183} INFO - Processing /home/airflow/.local/lib/python3.12/site-packages/airflow/example_dags/example_latest_only_with_trigger.py took 0.075 seconds
[2026-02-28T21:41:29.667+0000] {processor.py:161} INFO - Started process (PID=227) to work on /home/airflow/.local/lib/python3.12/site-packages/airflow/example_dags/example_latest_only_with_trigger.py
[2026-02-28T21:41:29.669+0000] {processor.py:830} INFO - Processing file /home/airflow/.local/lib/python3.12/site-packages/airflow/example_dags/example_latest_only_with_trigger.py for tasks to queue
[2026-02-28T21:41:29.670+0000] {logging_mixin.py:188} INFO - [2026-02-28T21:41:29.670+0000] {dagbag.py:545} INFO - Filling up the DagBag from /home/airflow/.local/lib/python3.12/site-packages/airflow/example_dags/example_latest_only_with_trigger.py
[2026-02-28T21:41:29.676+0000] {processor.py:840} INFO - DAG(s) 'latest_only_with_trigger' retrieved from /home/airflow/.local/lib/python3.12/site-packages/airflow/example_dags/example_latest_only_with_trigger.py
[2026-02-28T21:41:29.689+0000] {logging_mixin.py:188} INFO - [2026-02-28T21:41:29.688+0000] {dag.py:3096} INFO - Sync 1 DAGs
[2026-02-28T21:41:29.702+0000] {logging_mixin.py:188} INFO - [2026-02-28T21:41:29.702+0000] {dag.py:3954} INFO - Setting next_dagrun for latest_only_with_trigger to 2026-02-28 16:00:00+00:00, run_after=2026-02-28 20:00:00+00:00
[2026-02-28T21:41:29.716+0000] {processor.py:183} INFO - Processing /home/airflow/.local/lib/python3.12/site-packages/airflow/example_dags/example_latest_only_with_trigger.py took 0.052 seconds
[2026-02-28T21:42:00.107+0000] {processor.py:161} INFO - Started process (PID=285) to work on /home/airflow/.local/lib/python3.12/site-packages/airflow/example_dags/example_latest_only_with_trigger.py
[2026-02-28T21:42:00.108+0000] {processor.py:830} INFO - Processing file /home/airflow/.local/lib/python3.12/site-packages/airflow/example_dags/example_latest_only_with_trigger.py for tasks to queue
[2026-02-28T21:42:00.109+0000] {logging_mixin.py:188} INFO - [2026-02-28T21:42:00.109+0000] {dagbag.py:545} INFO - Filling up the DagBag from /home/airflow/.local/lib/python3.12/site-packages/airflow/example_dags/example_latest_only_with_trigger.py
[2026-02-28T21:42:00.113+0000] {processor.py:840} INFO - DAG(s) 'latest_only_with_trigger' retrieved from /home/airflow/.local/lib/python3.12/site-packages/airflow/example_dags/example_latest_only_with_trigger.py
[2026-02-28T21:42:00.124+0000] {logging_mixin.py:188} INFO - [2026-02-28T21:42:00.124+0000] {dag.py:3096} INFO - Sync 1 DAGs
[2026-02-28T21:42:00.138+0000] {logging_mixin.py:188} INFO - [2026-02-28T21:42:00.137+0000] {dag.py:3954} INFO - Setting next_dagrun for latest_only_with_trigger to 2026-02-28 16:00:00+00:00, run_after=2026-02-28 20:00:00+00:00
[2026-02-28T21:42:00.150+0000] {processor.py:183} INFO - Processing /home/airflow/.local/lib/python3.12/site-packages/airflow/example_dags/example_latest_only_with_trigger.py took 0.048 seconds
[2026-02-28T21:42:30.504+0000] {processor.py:161} INFO - Started process (PID=344) to work on /home/airflow/.local/lib/python3.12/site-packages/airflow/example_dags/example_latest_only_with_trigger.py
[2026-02-28T21:42:30.505+0000] {processor.py:830} INFO - Processing file /home/airflow/.local/lib/python3.12/site-packages/airflow/example_dags/example_latest_only_with_trigger.py for tasks to queue
[2026-02-28T21:42:30.506+0000] {logging_mixin.py:188} INFO - [2026-02-28T21:42:30.506+0000] {dagbag.py:545} INFO - Filling up the DagBag from /home/airflow/.local/lib/python3.12/site-packages/airflow/example_dags/example_latest_only_with_trigger.py
[2026-02-28T21:42:30.510+0000] {processor.py:840} INFO - DAG(s) 'latest_only_with_trigger' retrieved from /home/airflow/.local/lib/python3.12/site-packages/airflow/example_dags/example_latest_only_with_trigger.py
[2026-02-28T21:42:30.522+0000] {logging_mixin.py:188} INFO - [2026-02-28T21:42:30.522+0000] {dag.py:3096} INFO - Sync 1 DAGs
[2026-02-28T21:42:30.533+0000] {logging_mixin.py:188} INFO - [2026-02-28T21:42:30.532+0000] {dag.py:3954} INFO - Setting next_dagrun for latest_only_with_trigger to 2026-02-28 16:00:00+00:00, run_after=2026-02-28 20:00:00+00:00
[2026-02-28T21:42:30.548+0000] {processor.py:183} INFO - Processing /home/airflow/.local/lib/python3.12/site-packages/airflow/example_dags/example_latest_only_with_trigger.py took 0.049 seconds
[2026-02-28T21:43:01.144+0000] {processor.py:161} INFO - Started process (PID=402) to work on /home/airflow/.local/lib/python3.12/site-packages/airflow/example_dags/example_latest_only_with_trigger.py
[2026-02-28T21:43:01.146+0000] {processor.py:830} INFO - Processing file /home/airflow/.local/lib/python3.12/site-packages/airflow/example_dags/example_latest_only_with_trigger.py for tasks to queue
[2026-02-28T21:43:01.147+0000] {logging_mixin.py:188} INFO - [2026-02-28T21:43:01.147+0000] {dagbag.py:545} INFO - Filling up the DagBag from /home/airflow/.local/lib/python3.12/site-packages/airflow/example_dags/example_latest_only_with_trigger.py
[2026-02-28T21:43:01.151+0000] {processor.py:840} INFO - DAG(s) 'latest_only_with_trigger' retrieved from /home/airflow/.local/lib/python3.12/site-packages/airflow/example_dags/example_latest_only_with_trigger.py
[2026-02-28T21:43:01.162+0000] {logging_mixin.py:188} INFO - [2026-02-28T21:43:01.162+0000] {dag.py:3096} INFO - Sync 1 DAGs
[2026-02-28T21:43:01.173+0000] {logging_mixin.py:188} INFO - [2026-02-28T21:43:01.173+0000] {dag.py:3954} INFO - Setting next_dagrun for latest_only_with_trigger to 2026-02-28 16:00:00+00:00, run_after=2026-02-28 20:00:00+00:00
[2026-02-28T21:43:01.186+0000] {processor.py:183} INFO - Processing /home/airflow/.local/lib/python3.12/site-packages/airflow/example_dags/example_latest_only_with_trigger.py took 0.045 seconds
[2026-02-28T21:43:31.376+0000] {processor.py:161} INFO - Started process (PID=460) to work on /home/airflow/.local/lib/python3.12/site-packages/airflow/example_dags/example_latest_only_with_trigger.py
[2026-02-28T21:43:31.377+0000] {processor.py:830} INFO - Processing file /home/airflow/.local/lib/python3.12/site-packages/airflow/example_dags/example_latest_only_with_trigger.py for tasks to queue
[2026-02-28T21:43:31.378+0000] {logging_mixin.py:188} INFO - [2026-02-28T21:43:31.378+0000] {dagbag.py:545} INFO - Filling up the DagBag from /home/airflow/.local/lib/python3.12/site-packages/airflow/example_dags/example_latest_only_with_trigger.py
[2026-02-28T21:43:31.382+0000] {processor.py:840} INFO - DAG(s) 'latest_only_with_trigger' retrieved from /home/airflow/.local/lib/python3.12/site-packages/airflow/example_dags/example_latest_only_with_trigger.py
[2026-02-28T21:43:31.398+0000] {logging_mixin.py:188} INFO - [2026-02-28T21:43:31.397+0000] {dag.py:3096} INFO - Sync 1 DAGs
[2026-02-28T21:43:31.412+0000] {logging_mixin.py:188} INFO - [2026-02-28T21:43:31.412+0000] {dag.py:3954} INFO - Setting next_dagrun for latest_only_with_trigger to 2026-02-28 16:00:00+00:00, run_after=2026-02-28 20:00:00+00:00
[2026-02-28T21:43:31.428+0000] {processor.py:183} INFO - Processing /home/airflow/.local/lib/python3.12/site-packages/airflow/example_dags/example_latest_only_with_trigger.py took 0.055 seconds
[2026-02-28T21:44:28.075+0000] {processor.py:161} INFO - Started process (PID=518) to work on /home/airflow/.local/lib/python3.12/site-packages/airflow/example_dags/example_latest_only_with_trigger.py
[2026-02-28T21:44:28.077+0000] {processor.py:830} INFO - Processing file /home/airflow/.local/lib/python3.12/site-packages/airflow/example_dags/example_latest_only_with_trigger.py for tasks to queue
[2026-02-28T21:44:28.078+0000] {logging_mixin.py:188} INFO - [2026-02-28T21:44:28.078+0000] {dagbag.py:545} INFO - Filling up the DagBag from /home/airflow/.local/lib/python3.12/site-packages/airflow/example_dags/example_latest_only_with_trigger.py
[2026-02-28T21:44:28.085+0000] {processor.py:840} INFO - DAG(s) 'latest_only_with_trigger' retrieved from /home/airflow/.local/lib/python3.12/site-packages/airflow/example_dags/example_latest_only_with_trigger.py
[2026-02-28T21:44:28.122+0000] {logging_mixin.py:188} INFO - [2026-02-28T21:44:28.121+0000] {dag.py:3096} INFO - Sync 1 DAGs
[2026-02-28T21:44:28.142+0000] {logging_mixin.py:188} INFO - [2026-02-28T21:44:28.142+0000] {dag.py:3954} INFO - Setting next_dagrun for latest_only_with_trigger to 2026-02-28 16:00:00+00:00, run_after=2026-02-28 20:00:00+00:00
[2026-02-28T21:44:28.161+0000] {processor.py:183} INFO - Processing /home/airflow/.local/lib/python3.12/site-packages/airflow/example_dags/example_latest_only_with_trigger.py took 0.091 seconds
[2026-02-28T21:44:58.987+0000] {processor.py:161} INFO - Started process (PID=576) to work on /home/airflow/.local/lib/python3.12/site-packages/airflow/example_dags/example_latest_only_with_trigger.py
[2026-02-28T21:44:58.989+0000] {processor.py:830} INFO - Processing file /home/airflow/.local/lib/python3.12/site-packages/airflow/example_dags/example_latest_only_with_trigger.py for tasks to queue
[2026-02-28T21:44:58.989+0000] {logging_mixin.py:188} INFO - [2026-02-28T21:44:58.989+0000] {dagbag.py:545} INFO - Filling up the DagBag from /home/airflow/.local/lib/python3.12/site-packages/airflow/example_dags/example_latest_only_with_trigger.py
[2026-02-28T21:44:58.993+0000] {processor.py:840} INFO - DAG(s) 'latest_only_with_trigger' retrieved from /home/airflow/.local/lib/python3.12/site-packages/airflow/example_dags/example_latest_only_with_trigger.py
[2026-02-28T21:44:59.005+0000] {logging_mixin.py:188} INFO - [2026-02-28T21:44:59.005+0000] {dag.py:3096} INFO - Sync 1 DAGs
[2026-02-28T21:44:59.015+0000] {logging_mixin.py:188} INFO - [2026-02-28T21:44:59.015+0000] {dag.py:3954} INFO - Setting next_dagrun for latest_only_with_trigger to 2026-02-28 16:00:00+00:00, run_after=2026-02-28 20:00:00+00:00
[2026-02-28T21:44:59.024+0000] {processor.py:183} INFO - Processing /home/airflow/.local/lib/python3.12/site-packages/airflow/example_dags/example_latest_only_with_trigger.py took 0.040 seconds
[2026-02-28T21:45:29.276+0000] {processor.py:161} INFO - Started process (PID=634) to work on /home/airflow/.local/lib/python3.12/site-packages/airflow/example_dags/example_latest_only_with_trigger.py
[2026-02-28T21:45:29.278+0000] {processor.py:830} INFO - Processing file /home/airflow/.local/lib/python3.12/site-packages/airflow/example_dags/example_latest_only_with_trigger.py for tasks to queue
[2026-02-28T21:45:29.279+0000] {logging_mixin.py:188} INFO - [2026-02-28T21:45:29.279+0000] {dagbag.py:545} INFO - Filling up the DagBag from /home/airflow/.local/lib/python3.12/site-packages/airflow/example_dags/example_latest_only_with_trigger.py
[2026-02-28T21:45:29.283+0000] {processor.py:840} INFO - DAG(s) 'latest_only_with_trigger' retrieved from /home/airflow/.local/lib/python3.12/site-packages/airflow/example_dags/example_latest_only_with_trigger.py
[2026-02-28T21:45:29.303+0000] {logging_mixin.py:188} INFO - [2026-02-28T21:45:29.303+0000] {dag.py:3096} INFO - Sync 1 DAGs
[2026-02-28T21:45:29.319+0000] {logging_mixin.py:188} INFO - [2026-02-28T21:45:29.319+0000] {dag.py:3954} INFO - Setting next_dagrun for latest_only_with_trigger to 2026-02-28 16:00:00+00:00, run_after=2026-02-28 20:00:00+00:00
[2026-02-28T21:45:29.336+0000] {processor.py:183} INFO - Processing /home/airflow/.local/lib/python3.12/site-packages/airflow/example_dags/example_latest_only_with_trigger.py took 0.066 seconds
[2026-02-28T21:45:59.639+0000] {processor.py:161} INFO - Started process (PID=692) to work on /home/airflow/.local/lib/python3.12/site-packages/airflow/example_dags/example_latest_only_with_trigger.py
[2026-02-28T21:45:59.641+0000] {processor.py:830} INFO - Processing file /home/airflow/.local/lib/python3.12/site-packages/airflow/example_dags/example_latest_only_with_trigger.py for tasks to queue
[2026-02-28T21:45:59.643+0000] {logging_mixin.py:188} INFO - [2026-02-28T21:45:59.643+0000] {dagbag.py:545} INFO - Filling up the DagBag from /home/airflow/.local/lib/python3.12/site-packages/airflow/example_dags/example_latest_only_with_trigger.py
[2026-02-28T21:45:59.647+0000] {processor.py:840} INFO - DAG(s) 'latest_only_with_trigger' retrieved from /home/airflow/.local/lib/python3.12/site-packages/airflow/example_dags/example_latest_only_with_trigger.py
[2026-02-28T21:45:59.678+0000] {logging_mixin.py:188} INFO - [2026-02-28T21:45:59.678+0000] {dag.py:3096} INFO - Sync 1 DAGs
[2026-02-28T21:45:59.697+0000] {logging_mixin.py:188} INFO - [2026-02-28T21:45:59.697+0000] {dag.py:3954} INFO - Setting next_dagrun for latest_only_with_trigger to 2026-02-28 16:00:00+00:00, run_after=2026-02-28 20:00:00+00:00
[2026-02-28T21:45:59.712+0000] {processor.py:183} INFO - Processing /home/airflow/.local/lib/python3.12/site-packages/airflow/example_dags/example_latest_only_with_trigger.py took 0.077 seconds
[2026-02-28T21:46:30.532+0000] {processor.py:161} INFO - Started process (PID=750) to work on /home/airflow/.local/lib/python3.12/site-packages/airflow/example_dags/example_latest_only_with_trigger.py
[2026-02-28T21:46:30.535+0000] {processor.py:830} INFO - Processing file /home/airflow/.local/lib/python3.12/site-packages/airflow/example_dags/example_latest_only_with_trigger.py for tasks to queue
[2026-02-28T21:46:30.538+0000] {logging_mixin.py:188} INFO - [2026-02-28T21:46:30.538+0000] {dagbag.py:545} INFO - Filling up the DagBag from /home/airflow/.local/lib/python3.12/site-packages/airflow/example_dags/example_latest_only_with_trigger.py
[2026-02-28T21:46:30.545+0000] {processor.py:840} INFO - DAG(s) 'latest_only_with_trigger' retrieved from /home/airflow/.local/lib/python3.12/site-packages/airflow/example_dags/example_latest_only_with_trigger.py
[2026-02-28T21:46:30.564+0000] {logging_mixin.py:188} INFO - [2026-02-28T21:46:30.564+0000] {dag.py:3096} INFO - Sync 1 DAGs
[2026-02-28T21:46:30.577+0000] {logging_mixin.py:188} INFO - [2026-02-28T21:46:30.577+0000] {dag.py:3954} INFO - Setting next_dagrun for latest_only_with_trigger to 2026-02-28 16:00:00+00:00, run_after=2026-02-28 20:00:00+00:00
[2026-02-28T21:46:30.592+0000] {processor.py:183} INFO - Processing /home/airflow/.local/lib/python3.12/site-packages/airflow/example_dags/example_latest_only_with_trigger.py took 0.070 seconds
[2026-02-28T21:47:01.109+0000] {processor.py:161} INFO - Started process (PID=806) to work on /home/airflow/.local/lib/python3.12/site-packages/airflow/example_dags/example_latest_only_with_trigger.py
[2026-02-28T21:47:01.110+0000] {processor.py:830} INFO - Processing file /home/airflow/.local/lib/python3.12/site-packages/airflow/example_dags/example_latest_only_with_trigger.py for tasks to queue
[2026-02-28T21:47:01.112+0000] {logging_mixin.py:188} INFO - [2026-02-28T21:47:01.112+0000] {dagbag.py:545} INFO - Filling up the DagBag from /home/airflow/.local/lib/python3.12/site-packages/airflow/example_dags/example_latest_only_with_trigger.py
[2026-02-28T21:47:01.117+0000] {processor.py:840} INFO - DAG(s) 'latest_only_with_trigger' retrieved from /home/airflow/.local/lib/python3.12/site-packages/airflow/example_dags/example_latest_only_with_trigger.py
[2026-02-28T21:47:01.135+0000] {logging_mixin.py:188} INFO - [2026-02-28T21:47:01.135+0000] {dag.py:3096} INFO - Sync 1 DAGs
[2026-02-28T21:47:01.147+0000] {logging_mixin.py:188} INFO - [2026-02-28T21:47:01.147+0000] {dag.py:3954} INFO - Setting next_dagrun for latest_only_with_trigger to 2026-02-28 16:00:00+00:00, run_after=2026-02-28 20:00:00+00:00
[2026-02-28T21:47:01.164+0000] {processor.py:183} INFO - Processing /home/airflow/.local/lib/python3.12/site-packages/airflow/example_dags/example_latest_only_with_trigger.py took 0.060 seconds
[2026-02-28T21:47:31.977+0000] {processor.py:161} INFO - Started process (PID=864) to work on /home/airflow/.local/lib/python3.12/site-packages/airflow/example_dags/example_latest_only_with_trigger.py
[2026-02-28T21:47:31.978+0000] {processor.py:830} INFO - Processing file /home/airflow/.local/lib/python3.12/site-packages/airflow/example_dags/example_latest_only_with_trigger.py for tasks to queue
[2026-02-28T21:47:31.979+0000] {logging_mixin.py:188} INFO - [2026-02-28T21:47:31.979+0000] {dagbag.py:545} INFO - Filling up the DagBag from /home/airflow/.local/lib/python3.12/site-packages/airflow/example_dags/example_latest_only_with_trigger.py
[2026-02-28T21:47:31.982+0000] {processor.py:840} INFO - DAG(s) 'latest_only_with_trigger' retrieved from /home/airflow/.local/lib/python3.12/site-packages/airflow/example_dags/example_latest_only_with_trigger.py
[2026-02-28T21:47:31.995+0000] {logging_mixin.py:188} INFO - [2026-02-28T21:47:31.995+0000] {dag.py:3096} INFO - Sync 1 DAGs
[2026-02-28T21:47:32.008+0000] {logging_mixin.py:188} INFO - [2026-02-28T21:47:32.008+0000] {dag.py:3954} INFO - Setting next_dagrun for latest_only_with_trigger to 2026-02-28 16:00:00+00:00, run_after=2026-02-28 20:00:00+00:00
[2026-02-28T21:47:32.024+0000] {processor.py:183} INFO - Processing /home/airflow/.local/lib/python3.12/site-packages/airflow/example_dags/example_latest_only_with_trigger.py took 0.051 seconds
[2026-02-28T21:48:02.890+0000] {processor.py:161} INFO - Started process (PID=922) to work on /home/airflow/.local/lib/python3.12/site-packages/airflow/example_dags/example_latest_only_with_trigger.py
[2026-02-28T21:48:02.891+0000] {processor.py:830} INFO - Processing file /home/airflow/.local/lib/python3.12/site-packages/airflow/example_dags/example_latest_only_with_trigger.py for tasks to queue
[2026-02-28T21:48:02.893+0000] {logging_mixin.py:188} INFO - [2026-02-28T21:48:02.892+0000] {dagbag.py:545} INFO - Filling up the DagBag from /home/airflow/.local/lib/python3.12/site-packages/airflow/example_dags/example_latest_only_with_trigger.py
[2026-02-28T21:48:02.896+0000] {processor.py:840} INFO - DAG(s) 'latest_only_with_trigger' retrieved from /home/airflow/.local/lib/python3.12/site-packages/airflow/example_dags/example_latest_only_with_trigger.py
[2026-02-28T21:48:02.910+0000] {logging_mixin.py:188} INFO - [2026-02-28T21:48:02.910+0000] {dag.py:3096} INFO - Sync 1 DAGs
[2026-02-28T21:48:02.922+0000] {logging_mixin.py:188} INFO - [2026-02-28T21:48:02.922+0000] {dag.py:3954} INFO - Setting next_dagrun for latest_only_with_trigger to 2026-02-28 16:00:00+00:00, run_after=2026-02-28 20:00:00+00:00
[2026-02-28T21:48:02.935+0000] {processor.py:183} INFO - Processing /home/airflow/.local/lib/python3.12/site-packages/airflow/example_dags/example_latest_only_with_trigger.py took 0.050 seconds
[2026-02-28T21:48:33.068+0000] {processor.py:161} INFO - Started process (PID=980) to work on /home/airflow/.local/lib/python3.12/site-packages/airflow/example_dags/example_latest_only_with_trigger.py
[2026-02-28T21:48:33.070+0000] {processor.py:830} INFO - Processing file /home/airflow/.local/lib/python3.12/site-packages/airflow/example_dags/example_latest_only_with_trigger.py for tasks to queue
[2026-02-28T21:48:33.072+0000] {logging_mixin.py:188} INFO - [2026-02-28T21:48:33.072+0000] {dagbag.py:545} INFO - Filling up the DagBag from /home/airflow/.local/lib/python3.12/site-packages/airflow/example_dags/example_latest_only_with_trigger.py
[2026-02-28T21:48:33.077+0000] {processor.py:840} INFO - DAG(s) 'latest_only_with_trigger' retrieved from /home/airflow/.local/lib/python3.12/site-packages/airflow/example_dags/example_latest_only_with_trigger.py
[2026-02-28T21:48:33.102+0000] {logging_mixin.py:188} INFO - [2026-02-28T21:48:33.102+0000] {dag.py:3096} INFO - Sync 1 DAGs
[2026-02-28T21:48:33.119+0000] {logging_mixin.py:188} INFO - [2026-02-28T21:48:33.119+0000] {dag.py:3954} INFO - Setting next_dagrun for latest_only_with_trigger to 2026-02-28 16:00:00+00:00, run_after=2026-02-28 20:00:00+00:00
[2026-02-28T21:48:33.136+0000] {processor.py:183} INFO - Processing /home/airflow/.local/lib/python3.12/site-packages/airflow/example_dags/example_latest_only_with_trigger.py took 0.071 seconds
[2026-02-28T21:49:03.558+0000] {processor.py:161} INFO - Started process (PID=1038) to work on /home/airflow/.local/lib/python3.12/site-packages/airflow/example_dags/example_latest_only_with_trigger.py
[2026-02-28T21:49:03.559+0000] {processor.py:830} INFO - Processing file /home/airflow/.local/lib/python3.12/site-packages/airflow/example_dags/example_latest_only_with_trigger.py for tasks to queue
[2026-02-28T21:49:03.561+0000] {logging_mixin.py:188} INFO - [2026-02-28T21:49:03.561+0000] {dagbag.py:545} INFO - Filling up the DagBag from /home/airflow/.local/lib/python3.12/site-packages/airflow/example_dags/example_latest_only_with_trigger.py
[2026-02-28T21:49:03.566+0000] {processor.py:840} INFO - DAG(s) 'latest_only_with_trigger' retrieved from /home/airflow/.local/lib/python3.12/site-packages/airflow/example_dags/example_latest_only_with_trigger.py
[2026-02-28T21:49:03.592+0000] {logging_mixin.py:188} INFO - [2026-02-28T21:49:03.592+0000] {dag.py:3096} INFO - Sync 1 DAGs
[2026-02-28T21:49:03.608+0000] {logging_mixin.py:188} INFO - [2026-02-28T21:49:03.608+0000] {dag.py:3954} INFO - Setting next_dagrun for latest_only_with_trigger to 2026-02-28 16:00:00+00:00, run_after=2026-02-28 20:00:00+00:00
[2026-02-28T21:49:03.625+0000] {processor.py:183} INFO - Processing /home/airflow/.local/lib/python3.12/site-packages/airflow/example_dags/example_latest_only_with_trigger.py took 0.074 seconds
[2026-02-28T21:49:33.931+0000] {processor.py:161} INFO - Started process (PID=1096) to work on /home/airflow/.local/lib/python3.12/site-packages/airflow/example_dags/example_latest_only_with_trigger.py
[2026-02-28T21:49:33.932+0000] {processor.py:830} INFO - Processing file /home/airflow/.local/lib/python3.12/site-packages/airflow/example_dags/example_latest_only_with_trigger.py for tasks to queue
[2026-02-28T21:49:33.933+0000] {logging_mixin.py:188} INFO - [2026-02-28T21:49:33.933+0000] {dagbag.py:545} INFO - Filling up the DagBag from /home/airflow/.local/lib/python3.12/site-packages/airflow/example_dags/example_latest_only_with_trigger.py
[2026-02-28T21:49:33.942+0000] {processor.py:840} INFO - DAG(s) 'latest_only_with_trigger' retrieved from /home/airflow/.local/lib/python3.12/site-packages/airflow/example_dags/example_latest_only_with_trigger.py
[2026-02-28T21:49:33.966+0000] {logging_mixin.py:188} INFO - [2026-02-28T21:49:33.966+0000] {dag.py:3096} INFO - Sync 1 DAGs
[2026-02-28T21:49:34.016+0000] {logging_mixin.py:188} INFO - [2026-02-28T21:49:34.015+0000] {dag.py:3954} INFO - Setting next_dagrun for latest_only_with_trigger to 2026-02-28 16:00:00+00:00, run_after=2026-02-28 20:00:00+00:00
[2026-02-28T21:49:34.041+0000] {processor.py:183} INFO - Processing /home/airflow/.local/lib/python3.12/site-packages/airflow/example_dags/example_latest_only_with_trigger.py took 0.127 seconds
[2026-02-28T21:50:04.280+0000] {processor.py:161} INFO - Started process (PID=1154) to work on /home/airflow/.local/lib/python3.12/site-packages/airflow/example_dags/example_latest_only_with_trigger.py
[2026-02-28T21:50:04.281+0000] {processor.py:830} INFO - Processing file /home/airflow/.local/lib/python3.12/site-packages/airflow/example_dags/example_latest_only_with_trigger.py for tasks to queue
[2026-02-28T21:50:04.282+0000] {logging_mixin.py:188} INFO - [2026-02-28T21:50:04.282+0000] {dagbag.py:545} INFO - Filling up the DagBag from /home/airflow/.local/lib/python3.12/site-packages/airflow/example_dags/example_latest_only_with_trigger.py
[2026-02-28T21:50:04.286+0000] {processor.py:840} INFO - DAG(s) 'latest_only_with_trigger' retrieved from /home/airflow/.local/lib/python3.12/site-packages/airflow/example_dags/example_latest_only_with_trigger.py
[2026-02-28T21:50:04.298+0000] {logging_mixin.py:188} INFO - [2026-02-28T21:50:04.298+0000] {dag.py:3096} INFO - Sync 1 DAGs
[2026-02-28T21:50:04.311+0000] {logging_mixin.py:188} INFO - [2026-02-28T21:50:04.311+0000] {dag.py:3954} INFO - Setting next_dagrun for latest_only_with_trigger to 2026-02-28 16:00:00+00:00, run_after=2026-02-28 20:00:00+00:00
[2026-02-28T21:50:04.329+0000] {processor.py:183} INFO - Processing /home/airflow/.local/lib/python3.12/site-packages/airflow/example_dags/example_latest_only_with_trigger.py took 0.054 seconds
[2026-02-28T21:50:34.919+0000] {processor.py:161} INFO - Started process (PID=1212) to work on /home/airflow/.local/lib/python3.12/site-packages/airflow/example_dags/example_latest_only_with_trigger.py
[2026-02-28T21:50:34.921+0000] {processor.py:830} INFO - Processing file /home/airflow/.local/lib/python3.12/site-packages/airflow/example_dags/example_latest_only_with_trigger.py for tasks to queue
[2026-02-28T21:50:34.924+0000] {logging_mixin.py:188} INFO - [2026-02-28T21:50:34.924+0000] {dagbag.py:545} INFO - Filling up the DagBag from /home/airflow/.local/lib/python3.12/site-packages/airflow/example_dags/example_latest_only_with_trigger.py
[2026-02-28T21:50:34.932+0000] {processor.py:840} INFO - DAG(s) 'latest_only_with_trigger' retrieved from /home/airflow/.local/lib/python3.12/site-packages/airflow/example_dags/example_latest_only_with_trigger.py
[2026-02-28T21:50:34.950+0000] {logging_mixin.py:188} INFO - [2026-02-28T21:50:34.950+0000] {dag.py:3096} INFO - Sync 1 DAGs
[2026-02-28T21:50:34.968+0000] {logging_mixin.py:188} INFO - [2026-02-28T21:50:34.968+0000] {dag.py:3954} INFO - Setting next_dagrun for latest_only_with_trigger to 2026-02-28 16:00:00+00:00, run_after=2026-02-28 20:00:00+00:00
[2026-02-28T21:50:34.992+0000] {processor.py:183} INFO - Processing /home/airflow/.local/lib/python3.12/site-packages/airflow/example_dags/example_latest_only_with_trigger.py took 0.081 seconds
[2026-02-28T21:51:05.041+0000] {processor.py:161} INFO - Started process (PID=1270) to work on /home/airflow/.local/lib/python3.12/site-packages/airflow/example_dags/example_latest_only_with_trigger.py
[2026-02-28T21:51:05.043+0000] {processor.py:830} INFO - Processing file /home/airflow/.local/lib/python3.12/site-packages/airflow/example_dags/example_latest_only_with_trigger.py for tasks to queue
[2026-02-28T21:51:05.046+0000] {logging_mixin.py:188} INFO - [2026-02-28T21:51:05.046+0000] {dagbag.py:545} INFO - Filling up the DagBag from /home/airflow/.local/lib/python3.12/site-packages/airflow/example_dags/example_latest_only_with_trigger.py
[2026-02-28T21:51:05.059+0000] {processor.py:840} INFO - DAG(s) 'latest_only_with_trigger' retrieved from /home/airflow/.local/lib/python3.12/site-packages/airflow/example_dags/example_latest_only_with_trigger.py
[2026-02-28T21:51:05.101+0000] {logging_mixin.py:188} INFO - [2026-02-28T21:51:05.100+0000] {dag.py:3096} INFO - Sync 1 DAGs
[2026-02-28T21:51:05.132+0000] {logging_mixin.py:188} INFO - [2026-02-28T21:51:05.132+0000] {dag.py:3954} INFO - Setting next_dagrun for latest_only_with_trigger to 2026-02-28 16:00:00+00:00, run_after=2026-02-28 20:00:00+00:00
[2026-02-28T21:51:05.160+0000] {processor.py:183} INFO - Processing /home/airflow/.local/lib/python3.12/site-packages/airflow/example_dags/example_latest_only_with_trigger.py took 0.124 seconds
[2026-02-28T21:51:35.319+0000] {processor.py:161} INFO - Started process (PID=1328) to work on /home/airflow/.local/lib/python3.12/site-packages/airflow/example_dags/example_latest_only_with_trigger.py
[2026-02-28T21:51:35.319+0000] {processor.py:830} INFO - Processing file /home/airflow/.local/lib/python3.12/site-packages/airflow/example_dags/example_latest_only_with_trigger.py for tasks to queue
[2026-02-28T21:51:35.322+0000] {logging_mixin.py:188} INFO - [2026-02-28T21:51:35.322+0000] {dagbag.py:545} INFO - Filling up the DagBag from /home/airflow/.local/lib/python3.12/site-packages/airflow/example_dags/example_latest_only_with_trigger.py
[2026-02-28T21:51:35.327+0000] {processor.py:840} INFO - DAG(s) 'latest_only_with_trigger' retrieved from /home/airflow/.local/lib/python3.12/site-packages/airflow/example_dags/example_latest_only_with_trigger.py
[2026-02-28T21:51:35.341+0000] {logging_mixin.py:188} INFO - [2026-02-28T21:51:35.341+0000] {dag.py:3096} INFO - Sync 1 DAGs
[2026-02-28T21:51:35.362+0000] {logging_mixin.py:188} INFO - [2026-02-28T21:51:35.362+0000] {dag.py:3954} INFO - Setting next_dagrun for latest_only_with_trigger to 2026-02-28 16:00:00+00:00, run_after=2026-02-28 20:00:00+00:00
[2026-02-28T21:51:35.379+0000] {processor.py:183} INFO - Processing /home/airflow/.local/lib/python3.12/site-packages/airflow/example_dags/example_latest_only_with_trigger.py took 0.063 seconds
[2026-02-28T21:52:06.789+0000] {processor.py:161} INFO - Started process (PID=1386) to work on /home/airflow/.local/lib/python3.12/site-packages/airflow/example_dags/example_latest_only_with_trigger.py
[2026-02-28T21:52:06.791+0000] {processor.py:830} INFO - Processing file /home/airflow/.local/lib/python3.12/site-packages/airflow/example_dags/example_latest_only_with_trigger.py for tasks to queue
[2026-02-28T21:52:06.792+0000] {logging_mixin.py:188} INFO - [2026-02-28T21:52:06.792+0000] {dagbag.py:545} INFO - Filling up the DagBag from /home/airflow/.local/lib/python3.12/site-packages/airflow/example_dags/example_latest_only_with_trigger.py
[2026-02-28T21:52:06.798+0000] {processor.py:840} INFO - DAG(s) 'latest_only_with_trigger' retrieved from /home/airflow/.local/lib/python3.12/site-packages/airflow/example_dags/example_latest_only_with_trigger.py
[2026-02-28T21:52:06.817+0000] {logging_mixin.py:188} INFO - [2026-02-28T21:52:06.816+0000] {dag.py:3096} INFO - Sync 1 DAGs
[2026-02-28T21:52:06.841+0000] {logging_mixin.py:188} INFO - [2026-02-28T21:52:06.841+0000] {dag.py:3954} INFO - Setting next_dagrun for latest_only_with_trigger to 2026-02-28 16:00:00+00:00, run_after=2026-02-28 20:00:00+00:00
[2026-02-28T21:52:06.858+0000] {processor.py:183} INFO - Processing /home/airflow/.local/lib/python3.12/site-packages/airflow/example_dags/example_latest_only_with_trigger.py took 0.076 seconds
[2026-02-28T21:52:37.592+0000] {processor.py:161} INFO - Started process (PID=1444) to work on /home/airflow/.local/lib/python3.12/site-packages/airflow/example_dags/example_latest_only_with_trigger.py
[2026-02-28T21:52:37.594+0000] {processor.py:830} INFO - Processing file /home/airflow/.local/lib/python3.12/site-packages/airflow/example_dags/example_latest_only_with_trigger.py for tasks to queue
[2026-02-28T21:52:37.596+0000] {logging_mixin.py:188} INFO - [2026-02-28T21:52:37.596+0000] {dagbag.py:545} INFO - Filling up the DagBag from /home/airflow/.local/lib/python3.12/site-packages/airflow/example_dags/example_latest_only_with_trigger.py
[2026-02-28T21:52:37.600+0000] {processor.py:840} INFO - DAG(s) 'latest_only_with_trigger' retrieved from /home/airflow/.local/lib/python3.12/site-packages/airflow/example_dags/example_latest_only_with_trigger.py
[2026-02-28T21:52:37.618+0000] {logging_mixin.py:188} INFO - [2026-02-28T21:52:37.618+0000] {dag.py:3096} INFO - Sync 1 DAGs
[2026-02-28T21:52:37.743+0000] {logging_mixin.py:188} INFO - [2026-02-28T21:52:37.743+0000] {dag.py:3954} INFO - Setting next_dagrun for latest_only_with_trigger to 2026-02-28 16:00:00+00:00, run_after=2026-02-28 20:00:00+00:00
[2026-02-28T21:52:37.754+0000] {processor.py:183} INFO - Processing /home/airflow/.local/lib/python3.12/site-packages/airflow/example_dags/example_latest_only_with_trigger.py took 0.166 seconds
[2026-02-28T21:53:09.643+0000] {processor.py:161} INFO - Started process (PID=1502) to work on /home/airflow/.local/lib/python3.12/site-packages/airflow/example_dags/example_latest_only_with_trigger.py
[2026-02-28T21:53:09.648+0000] {processor.py:830} INFO - Processing file /home/airflow/.local/lib/python3.12/site-packages/airflow/example_dags/example_latest_only_with_trigger.py for tasks to queue
[2026-02-28T21:53:09.653+0000] {logging_mixin.py:188} INFO - [2026-02-28T21:53:09.652+0000] {dagbag.py:545} INFO - Filling up the DagBag from /home/airflow/.local/lib/python3.12/site-packages/airflow/example_dags/example_latest_only_with_trigger.py
[2026-02-28T21:53:09.663+0000] {processor.py:840} INFO - DAG(s) 'latest_only_with_trigger' retrieved from /home/airflow/.local/lib/python3.12/site-packages/airflow/example_dags/example_latest_only_with_trigger.py
[2026-02-28T21:53:09.718+0000] {logging_mixin.py:188} INFO - [2026-02-28T21:53:09.718+0000] {dag.py:3096} INFO - Sync 1 DAGs
[2026-02-28T21:53:10.097+0000] {logging_mixin.py:188} INFO - [2026-02-28T21:53:10.097+0000] {dag.py:3954} INFO - Setting next_dagrun for latest_only_with_trigger to 2026-02-28 16:00:00+00:00, run_after=2026-02-28 20:00:00+00:00
[2026-02-28T21:53:10.121+0000] {processor.py:183} INFO - Processing /home/airflow/.local/lib/python3.12/site-packages/airflow/example_dags/example_latest_only_with_trigger.py took 0.506 seconds
[2026-02-28T21:53:40.498+0000] {processor.py:161} INFO - Started process (PID=1560) to work on /home/airflow/.local/lib/python3.12/site-packages/airflow/example_dags/example_latest_only_with_trigger.py
[2026-02-28T21:53:40.500+0000] {processor.py:830} INFO - Processing file /home/airflow/.local/lib/python3.12/site-packages/airflow/example_dags/example_latest_only_with_trigger.py for tasks to queue
[2026-02-28T21:53:40.502+0000] {logging_mixin.py:188} INFO - [2026-02-28T21:53:40.502+0000] {dagbag.py:545} INFO - Filling up the DagBag from /home/airflow/.local/lib/python3.12/site-packages/airflow/example_dags/example_latest_only_with_trigger.py
[2026-02-28T21:53:40.507+0000] {processor.py:840} INFO - DAG(s) 'latest_only_with_trigger' retrieved from /home/airflow/.local/lib/python3.12/site-packages/airflow/example_dags/example_latest_only_with_trigger.py
[2026-02-28T21:53:40.523+0000] {logging_mixin.py:188} INFO - [2026-02-28T21:53:40.522+0000] {dag.py:3096} INFO - Sync 1 DAGs
[2026-02-28T21:53:40.743+0000] {logging_mixin.py:188} INFO - [2026-02-28T21:53:40.742+0000] {dag.py:3954} INFO - Setting next_dagrun for latest_only_with_trigger to 2026-02-28 16:00:00+00:00, run_after=2026-02-28 20:00:00+00:00
[2026-02-28T21:53:40.759+0000] {processor.py:183} INFO - Processing /home/airflow/.local/lib/python3.12/site-packages/airflow/example_dags/example_latest_only_with_trigger.py took 0.268 seconds
[2026-02-28T21:54:11.570+0000] {processor.py:161} INFO - Started process (PID=1618) to work on /home/airflow/.local/lib/python3.12/site-packages/airflow/example_dags/example_latest_only_with_trigger.py
[2026-02-28T21:54:11.573+0000] {processor.py:830} INFO - Processing file /home/airflow/.local/lib/python3.12/site-packages/airflow/example_dags/example_latest_only_with_trigger.py for tasks to queue
[2026-02-28T21:54:11.578+0000] {logging_mixin.py:188} INFO - [2026-02-28T21:54:11.578+0000] {dagbag.py:545} INFO - Filling up the DagBag from /home/airflow/.local/lib/python3.12/site-packages/airflow/example_dags/example_latest_only_with_trigger.py
[2026-02-28T21:54:11.587+0000] {processor.py:840} INFO - DAG(s) 'latest_only_with_trigger' retrieved from /home/airflow/.local/lib/python3.12/site-packages/airflow/example_dags/example_latest_only_with_trigger.py
[2026-02-28T21:54:11.629+0000] {logging_mixin.py:188} INFO - [2026-02-28T21:54:11.629+0000] {dag.py:3096} INFO - Sync 1 DAGs
[2026-02-28T21:54:11.667+0000] {logging_mixin.py:188} INFO - [2026-02-28T21:54:11.667+0000] {dag.py:3954} INFO - Setting next_dagrun for latest_only_with_trigger to 2026-02-28 16:00:00+00:00, run_after=2026-02-28 20:00:00+00:00
[2026-02-28T21:54:11.698+0000] {processor.py:183} INFO - Processing /home/airflow/.local/lib/python3.12/site-packages/airflow/example_dags/example_latest_only_with_trigger.py took 0.137 seconds
[2026-02-28T21:54:42.378+0000] {processor.py:161} INFO - Started process (PID=1676) to work on /home/airflow/.local/lib/python3.12/site-packages/airflow/example_dags/example_latest_only_with_trigger.py
[2026-02-28T21:54:42.383+0000] {processor.py:830} INFO - Processing file /home/airflow/.local/lib/python3.12/site-packages/airflow/example_dags/example_latest_only_with_trigger.py for tasks to queue
[2026-02-28T21:54:42.389+0000] {logging_mixin.py:188} INFO - [2026-02-28T21:54:42.388+0000] {dagbag.py:545} INFO - Filling up the DagBag from /home/airflow/.local/lib/python3.12/site-packages/airflow/example_dags/example_latest_only_with_trigger.py
[2026-02-28T21:54:42.420+0000] {processor.py:840} INFO - DAG(s) 'latest_only_with_trigger' retrieved from /home/airflow/.local/lib/python3.12/site-packages/airflow/example_dags/example_latest_only_with_trigger.py
[2026-02-28T21:54:42.531+0000] {logging_mixin.py:188} INFO - [2026-02-28T21:54:42.530+0000] {dag.py:3096} INFO - Sync 1 DAGs
[2026-02-28T21:54:42.582+0000] {logging_mixin.py:188} INFO - [2026-02-28T21:54:42.582+0000] {dag.py:3954} INFO - Setting next_dagrun for latest_only_with_trigger to 2026-02-28 16:00:00+00:00, run_after=2026-02-28 20:00:00+00:00
[2026-02-28T21:54:42.658+0000] {processor.py:183} INFO - Processing /home/airflow/.local/lib/python3.12/site-packages/airflow/example_dags/example_latest_only_with_trigger.py took 0.320 seconds
[2026-02-28T21:55:12.815+0000] {processor.py:161} INFO - Started process (PID=1737) to work on /home/airflow/.local/lib/python3.12/site-packages/airflow/example_dags/example_latest_only_with_trigger.py
[2026-02-28T21:55:12.819+0000] {processor.py:830} INFO - Processing file /home/airflow/.local/lib/python3.12/site-packages/airflow/example_dags/example_latest_only_with_trigger.py for tasks to queue
[2026-02-28T21:55:12.822+0000] {logging_mixin.py:188} INFO - [2026-02-28T21:55:12.821+0000] {dagbag.py:545} INFO - Filling up the DagBag from /home/airflow/.local/lib/python3.12/site-packages/airflow/example_dags/example_latest_only_with_trigger.py
[2026-02-28T21:55:12.832+0000] {processor.py:840} INFO - DAG(s) 'latest_only_with_trigger' retrieved from /home/airflow/.local/lib/python3.12/site-packages/airflow/example_dags/example_latest_only_with_trigger.py
[2026-02-28T21:55:12.864+0000] {logging_mixin.py:188} INFO - [2026-02-28T21:55:12.864+0000] {dag.py:3096} INFO - Sync 1 DAGs
[2026-02-28T21:55:12.882+0000] {logging_mixin.py:188} INFO - [2026-02-28T21:55:12.882+0000] {dag.py:3954} INFO - Setting next_dagrun for latest_only_with_trigger to 2026-02-28 16:00:00+00:00, run_after=2026-02-28 20:00:00+00:00
[2026-02-28T21:55:12.898+0000] {processor.py:183} INFO - Processing /home/airflow/.local/lib/python3.12/site-packages/airflow/example_dags/example_latest_only_with_trigger.py took 0.096 seconds
[2026-02-28T21:55:43.720+0000] {processor.py:161} INFO - Started process (PID=1795) to work on /home/airflow/.local/lib/python3.12/site-packages/airflow/example_dags/example_latest_only_with_trigger.py
[2026-02-28T21:55:43.722+0000] {processor.py:830} INFO - Processing file /home/airflow/.local/lib/python3.12/site-packages/airflow/example_dags/example_latest_only_with_trigger.py for tasks to queue
[2026-02-28T21:55:43.724+0000] {logging_mixin.py:188} INFO - [2026-02-28T21:55:43.724+0000] {dagbag.py:545} INFO - Filling up the DagBag from /home/airflow/.local/lib/python3.12/site-packages/airflow/example_dags/example_latest_only_with_trigger.py
[2026-02-28T21:55:43.732+0000] {processor.py:840} INFO - DAG(s) 'latest_only_with_trigger' retrieved from /home/airflow/.local/lib/python3.12/site-packages/airflow/example_dags/example_latest_only_with_trigger.py
[2026-02-28T21:55:43.760+0000] {logging_mixin.py:188} INFO - [2026-02-28T21:55:43.760+0000] {dag.py:3096} INFO - Sync 1 DAGs
[2026-02-28T21:55:43.777+0000] {logging_mixin.py:188} INFO - [2026-02-28T21:55:43.776+0000] {dag.py:3954} INFO - Setting next_dagrun for latest_only_with_trigger to 2026-02-28 16:00:00+00:00, run_after=2026-02-28 20:00:00+00:00
[2026-02-28T21:55:43.790+0000] {processor.py:183} INFO - Processing /home/airflow/.local/lib/python3.12/site-packages/airflow/example_dags/example_latest_only_with_trigger.py took 0.080 seconds
[2026-02-28T21:56:14.102+0000] {processor.py:161} INFO - Started process (PID=1853) to work on /home/airflow/.local/lib/python3.12/site-packages/airflow/example_dags/example_latest_only_with_trigger.py
[2026-02-28T21:56:14.105+0000] {processor.py:830} INFO - Processing file /home/airflow/.local/lib/python3.12/site-packages/airflow/example_dags/example_latest_only_with_trigger.py for tasks to queue
[2026-02-28T21:56:14.108+0000] {logging_mixin.py:188} INFO - [2026-02-28T21:56:14.108+0000] {dagbag.py:545} INFO - Filling up the DagBag from /home/airflow/.local/lib/python3.12/site-packages/airflow/example_dags/example_latest_only_with_trigger.py
[2026-02-28T21:56:14.115+0000] {processor.py:840} INFO - DAG(s) 'latest_only_with_trigger' retrieved from /home/airflow/.local/lib/python3.12/site-packages/airflow/example_dags/example_latest_only_with_trigger.py
[2026-02-28T21:56:14.140+0000] {logging_mixin.py:188} INFO - [2026-02-28T21:56:14.139+0000] {dag.py:3096} INFO - Sync 1 DAGs
[2026-02-28T21:56:14.160+0000] {logging_mixin.py:188} INFO - [2026-02-28T21:56:14.160+0000] {dag.py:3954} INFO - Setting next_dagrun for latest_only_with_trigger to 2026-02-28 16:00:00+00:00, run_after=2026-02-28 20:00:00+00:00
[2026-02-28T21:56:14.176+0000] {processor.py:183} INFO - Processing /home/airflow/.local/lib/python3.12/site-packages/airflow/example_dags/example_latest_only_with_trigger.py took 0.087 seconds
[2026-02-28T21:56:44.266+0000] {processor.py:161} INFO - Started process (PID=1911) to work on /home/airflow/.local/lib/python3.12/site-packages/airflow/example_dags/example_latest_only_with_trigger.py
[2026-02-28T21:56:44.269+0000] {processor.py:830} INFO - Processing file /home/airflow/.local/lib/python3.12/site-packages/airflow/example_dags/example_latest_only_with_trigger.py for tasks to queue
[2026-02-28T21:56:44.271+0000] {logging_mixin.py:188} INFO - [2026-02-28T21:56:44.270+0000] {dagbag.py:545} INFO - Filling up the DagBag from /home/airflow/.local/lib/python3.12/site-packages/airflow/example_dags/example_latest_only_with_trigger.py
[2026-02-28T21:56:44.277+0000] {processor.py:840} INFO - DAG(s) 'latest_only_with_trigger' retrieved from /home/airflow/.local/lib/python3.12/site-packages/airflow/example_dags/example_latest_only_with_trigger.py
[2026-02-28T21:56:44.301+0000] {logging_mixin.py:188} INFO - [2026-02-28T21:56:44.301+0000] {dag.py:3096} INFO - Sync 1 DAGs
[2026-02-28T21:56:44.322+0000] {logging_mixin.py:188} INFO - [2026-02-28T21:56:44.322+0000] {dag.py:3954} INFO - Setting next_dagrun for latest_only_with_trigger to 2026-02-28 16:00:00+00:00, run_after=2026-02-28 20:00:00+00:00
[2026-02-28T21:56:44.338+0000] {processor.py:183} INFO - Processing /home/airflow/.local/lib/python3.12/site-packages/airflow/example_dags/example_latest_only_with_trigger.py took 0.079 seconds
[2026-02-28T21:57:15.097+0000] {processor.py:161} INFO - Started process (PID=1969) to work on /home/airflow/.local/lib/python3.12/site-packages/airflow/example_dags/example_latest_only_with_trigger.py
[2026-02-28T21:57:15.101+0000] {processor.py:830} INFO - Processing file /home/airflow/.local/lib/python3.12/site-packages/airflow/example_dags/example_latest_only_with_trigger.py for tasks to queue
[2026-02-28T21:57:15.111+0000] {logging_mixin.py:188} INFO - [2026-02-28T21:57:15.109+0000] {dagbag.py:545} INFO - Filling up the DagBag from /home/airflow/.local/lib/python3.12/site-packages/airflow/example_dags/example_latest_only_with_trigger.py
[2026-02-28T21:57:15.124+0000] {processor.py:840} INFO - DAG(s) 'latest_only_with_trigger' retrieved from /home/airflow/.local/lib/python3.12/site-packages/airflow/example_dags/example_latest_only_with_trigger.py
[2026-02-28T21:57:15.163+0000] {logging_mixin.py:188} INFO - [2026-02-28T21:57:15.162+0000] {dag.py:3096} INFO - Sync 1 DAGs
[2026-02-28T21:57:15.196+0000] {logging_mixin.py:188} INFO - [2026-02-28T21:57:15.196+0000] {dag.py:3954} INFO - Setting next_dagrun for latest_only_with_trigger to 2026-02-28 16:00:00+00:00, run_after=2026-02-28 20:00:00+00:00
[2026-02-28T21:57:15.221+0000] {processor.py:183} INFO - Processing /home/airflow/.local/lib/python3.12/site-packages/airflow/example_dags/example_latest_only_with_trigger.py took 0.135 seconds
[2026-02-28T21:57:46.053+0000] {processor.py:161} INFO - Started process (PID=2027) to work on /home/airflow/.local/lib/python3.12/site-packages/airflow/example_dags/example_latest_only_with_trigger.py
[2026-02-28T21:57:46.056+0000] {processor.py:830} INFO - Processing file /home/airflow/.local/lib/python3.12/site-packages/airflow/example_dags/example_latest_only_with_trigger.py for tasks to queue
[2026-02-28T21:57:46.061+0000] {logging_mixin.py:188} INFO - [2026-02-28T21:57:46.060+0000] {dagbag.py:545} INFO - Filling up the DagBag from /home/airflow/.local/lib/python3.12/site-packages/airflow/example_dags/example_latest_only_with_trigger.py
[2026-02-28T21:57:46.071+0000] {processor.py:840} INFO - DAG(s) 'latest_only_with_trigger' retrieved from /home/airflow/.local/lib/python3.12/site-packages/airflow/example_dags/example_latest_only_with_trigger.py
[2026-02-28T21:57:46.133+0000] {logging_mixin.py:188} INFO - [2026-02-28T21:57:46.133+0000] {dag.py:3096} INFO - Sync 1 DAGs
[2026-02-28T21:57:46.182+0000] {logging_mixin.py:188} INFO - [2026-02-28T21:57:46.182+0000] {dag.py:3954} INFO - Setting next_dagrun for latest_only_with_trigger to 2026-02-28 16:00:00+00:00, run_after=2026-02-28 20:00:00+00:00
[2026-02-28T21:57:46.208+0000] {processor.py:183} INFO - Processing /home/airflow/.local/lib/python3.12/site-packages/airflow/example_dags/example_latest_only_with_trigger.py took 0.178 seconds
[2026-02-28T21:58:16.826+0000] {processor.py:161} INFO - Started process (PID=2085) to work on /home/airflow/.local/lib/python3.12/site-packages/airflow/example_dags/example_latest_only_with_trigger.py
[2026-02-28T21:58:16.827+0000] {processor.py:830} INFO - Processing file /home/airflow/.local/lib/python3.12/site-packages/airflow/example_dags/example_latest_only_with_trigger.py for tasks to queue
[2026-02-28T21:58:16.830+0000] {logging_mixin.py:188} INFO - [2026-02-28T21:58:16.830+0000] {dagbag.py:545} INFO - Filling up the DagBag from /home/airflow/.local/lib/python3.12/site-packages/airflow/example_dags/example_latest_only_with_trigger.py
[2026-02-28T21:58:16.838+0000] {processor.py:840} INFO - DAG(s) 'latest_only_with_trigger' retrieved from /home/airflow/.local/lib/python3.12/site-packages/airflow/example_dags/example_latest_only_with_trigger.py
[2026-02-28T21:58:16.859+0000] {logging_mixin.py:188} INFO - [2026-02-28T21:58:16.859+0000] {dag.py:3096} INFO - Sync 1 DAGs
[2026-02-28T21:58:17.048+0000] {logging_mixin.py:188} INFO - [2026-02-28T21:58:17.047+0000] {dag.py:3954} INFO - Setting next_dagrun for latest_only_with_trigger to 2026-02-28 16:00:00+00:00, run_after=2026-02-28 20:00:00+00:00
[2026-02-28T21:58:17.061+0000] {processor.py:183} INFO - Processing /home/airflow/.local/lib/python3.12/site-packages/airflow/example_dags/example_latest_only_with_trigger.py took 0.245 seconds
[2026-02-28T21:58:47.407+0000] {processor.py:161} INFO - Started process (PID=2143) to work on /home/airflow/.local/lib/python3.12/site-packages/airflow/example_dags/example_latest_only_with_trigger.py
[2026-02-28T21:58:47.409+0000] {processor.py:830} INFO - Processing file /home/airflow/.local/lib/python3.12/site-packages/airflow/example_dags/example_latest_only_with_trigger.py for tasks to queue
[2026-02-28T21:58:47.416+0000] {logging_mixin.py:188} INFO - [2026-02-28T21:58:47.415+0000] {dagbag.py:545} INFO - Filling up the DagBag from /home/airflow/.local/lib/python3.12/site-packages/airflow/example_dags/example_latest_only_with_trigger.py
[2026-02-28T21:58:47.423+0000] {processor.py:840} INFO - DAG(s) 'latest_only_with_trigger' retrieved from /home/airflow/.local/lib/python3.12/site-packages/airflow/example_dags/example_latest_only_with_trigger.py
[2026-02-28T21:58:47.448+0000] {logging_mixin.py:188} INFO - [2026-02-28T21:58:47.448+0000] {dag.py:3096} INFO - Sync 1 DAGs
[2026-02-28T21:58:47.608+0000] {logging_mixin.py:188} INFO - [2026-02-28T21:58:47.608+0000] {dag.py:3954} INFO - Setting next_dagrun for latest_only_with_trigger to 2026-02-28 16:00:00+00:00, run_after=2026-02-28 20:00:00+00:00
[2026-02-28T21:58:47.623+0000] {processor.py:183} INFO - Processing /home/airflow/.local/lib/python3.12/site-packages/airflow/example_dags/example_latest_only_with_trigger.py took 0.230 seconds
[2026-02-28T21:59:18.092+0000] {processor.py:161} INFO - Started process (PID=2201) to work on /home/airflow/.local/lib/python3.12/site-packages/airflow/example_dags/example_latest_only_with_trigger.py
[2026-02-28T21:59:18.093+0000] {processor.py:830} INFO - Processing file /home/airflow/.local/lib/python3.12/site-packages/airflow/example_dags/example_latest_only_with_trigger.py for tasks to queue
[2026-02-28T21:59:18.096+0000] {logging_mixin.py:188} INFO - [2026-02-28T21:59:18.095+0000] {dagbag.py:545} INFO - Filling up the DagBag from /home/airflow/.local/lib/python3.12/site-packages/airflow/example_dags/example_latest_only_with_trigger.py
[2026-02-28T21:59:18.103+0000] {processor.py:840} INFO - DAG(s) 'latest_only_with_trigger' retrieved from /home/airflow/.local/lib/python3.12/site-packages/airflow/example_dags/example_latest_only_with_trigger.py
[2026-02-28T21:59:18.133+0000] {logging_mixin.py:188} INFO - [2026-02-28T21:59:18.133+0000] {dag.py:3096} INFO - Sync 1 DAGs
[2026-02-28T21:59:18.309+0000] {logging_mixin.py:188} INFO - [2026-02-28T21:59:18.309+0000] {dag.py:3954} INFO - Setting next_dagrun for latest_only_with_trigger to 2026-02-28 16:00:00+00:00, run_after=2026-02-28 20:00:00+00:00
[2026-02-28T21:59:18.321+0000] {processor.py:183} INFO - Processing /home/airflow/.local/lib/python3.12/site-packages/airflow/example_dags/example_latest_only_with_trigger.py took 0.237 seconds
[2026-02-28T21:59:48.867+0000] {processor.py:161} INFO - Started process (PID=2259) to work on /home/airflow/.local/lib/python3.12/site-packages/airflow/example_dags/example_latest_only_with_trigger.py
[2026-02-28T21:59:48.868+0000] {processor.py:830} INFO - Processing file /home/airflow/.local/lib/python3.12/site-packages/airflow/example_dags/example_latest_only_with_trigger.py for tasks to queue
[2026-02-28T21:59:48.871+0000] {logging_mixin.py:188} INFO - [2026-02-28T21:59:48.870+0000] {dagbag.py:545} INFO - Filling up the DagBag from /home/airflow/.local/lib/python3.12/site-packages/airflow/example_dags/example_latest_only_with_trigger.py
[2026-02-28T21:59:48.878+0000] {processor.py:840} INFO - DAG(s) 'latest_only_with_trigger' retrieved from /home/airflow/.local/lib/python3.12/site-packages/airflow/example_dags/example_latest_only_with_trigger.py
[2026-02-28T21:59:48.900+0000] {logging_mixin.py:188} INFO - [2026-02-28T21:59:48.900+0000] {dag.py:3096} INFO - Sync 1 DAGs
[2026-02-28T21:59:49.077+0000] {logging_mixin.py:188} INFO - [2026-02-28T21:59:49.077+0000] {dag.py:3954} INFO - Setting next_dagrun for latest_only_with_trigger to 2026-02-28 16:00:00+00:00, run_after=2026-02-28 20:00:00+00:00
[2026-02-28T21:59:49.089+0000] {processor.py:183} INFO - Processing /home/airflow/.local/lib/python3.12/site-packages/airflow/example_dags/example_latest_only_with_trigger.py took 0.231 seconds
[2026-02-28T22:00:19.310+0000] {processor.py:161} INFO - Started process (PID=2317) to work on /home/airflow/.local/lib/python3.12/site-packages/airflow/example_dags/example_latest_only_with_trigger.py
[2026-02-28T22:00:19.312+0000] {processor.py:830} INFO - Processing file /home/airflow/.local/lib/python3.12/site-packages/airflow/example_dags/example_latest_only_with_trigger.py for tasks to queue
[2026-02-28T22:00:19.315+0000] {logging_mixin.py:188} INFO - [2026-02-28T22:00:19.315+0000] {dagbag.py:545} INFO - Filling up the DagBag from /home/airflow/.local/lib/python3.12/site-packages/airflow/example_dags/example_latest_only_with_trigger.py
[2026-02-28T22:00:19.325+0000] {processor.py:840} INFO - DAG(s) 'latest_only_with_trigger' retrieved from /home/airflow/.local/lib/python3.12/site-packages/airflow/example_dags/example_latest_only_with_trigger.py
[2026-02-28T22:00:19.349+0000] {logging_mixin.py:188} INFO - [2026-02-28T22:00:19.349+0000] {dag.py:3096} INFO - Sync 1 DAGs
[2026-02-28T22:00:19.502+0000] {logging_mixin.py:188} INFO - [2026-02-28T22:00:19.502+0000] {dag.py:3954} INFO - Setting next_dagrun for latest_only_with_trigger to 2026-02-28 16:00:00+00:00, run_after=2026-02-28 20:00:00+00:00
[2026-02-28T22:00:19.514+0000] {processor.py:183} INFO - Processing /home/airflow/.local/lib/python3.12/site-packages/airflow/example_dags/example_latest_only_with_trigger.py took 0.213 seconds
[2026-02-28T22:00:50.423+0000] {processor.py:161} INFO - Started process (PID=2375) to work on /home/airflow/.local/lib/python3.12/site-packages/airflow/example_dags/example_latest_only_with_trigger.py
[2026-02-28T22:00:50.424+0000] {processor.py:830} INFO - Processing file /home/airflow/.local/lib/python3.12/site-packages/airflow/example_dags/example_latest_only_with_trigger.py for tasks to queue
[2026-02-28T22:00:50.426+0000] {logging_mixin.py:188} INFO - [2026-02-28T22:00:50.426+0000] {dagbag.py:545} INFO - Filling up the DagBag from /home/airflow/.local/lib/python3.12/site-packages/airflow/example_dags/example_latest_only_with_trigger.py
[2026-02-28T22:00:50.435+0000] {processor.py:840} INFO - DAG(s) 'latest_only_with_trigger' retrieved from /home/airflow/.local/lib/python3.12/site-packages/airflow/example_dags/example_latest_only_with_trigger.py
[2026-02-28T22:00:50.463+0000] {logging_mixin.py:188} INFO - [2026-02-28T22:00:50.463+0000] {dag.py:3096} INFO - Sync 1 DAGs
[2026-02-28T22:00:50.500+0000] {logging_mixin.py:188} INFO - [2026-02-28T22:00:50.500+0000] {dag.py:3954} INFO - Setting next_dagrun for latest_only_with_trigger to 2026-02-28 16:00:00+00:00, run_after=2026-02-28 20:00:00+00:00
[2026-02-28T22:00:50.529+0000] {processor.py:183} INFO - Processing /home/airflow/.local/lib/python3.12/site-packages/airflow/example_dags/example_latest_only_with_trigger.py took 0.117 seconds
[2026-02-28T22:01:21.044+0000] {processor.py:161} INFO - Started process (PID=2432) to work on /home/airflow/.local/lib/python3.12/site-packages/airflow/example_dags/example_latest_only_with_trigger.py
[2026-02-28T22:01:21.046+0000] {processor.py:830} INFO - Processing file /home/airflow/.local/lib/python3.12/site-packages/airflow/example_dags/example_latest_only_with_trigger.py for tasks to queue
[2026-02-28T22:01:21.049+0000] {logging_mixin.py:188} INFO - [2026-02-28T22:01:21.048+0000] {dagbag.py:545} INFO - Filling up the DagBag from /home/airflow/.local/lib/python3.12/site-packages/airflow/example_dags/example_latest_only_with_trigger.py
[2026-02-28T22:01:21.056+0000] {processor.py:840} INFO - DAG(s) 'latest_only_with_trigger' retrieved from /home/airflow/.local/lib/python3.12/site-packages/airflow/example_dags/example_latest_only_with_trigger.py
[2026-02-28T22:01:21.086+0000] {logging_mixin.py:188} INFO - [2026-02-28T22:01:21.085+0000] {dag.py:3096} INFO - Sync 1 DAGs
[2026-02-28T22:01:21.107+0000] {logging_mixin.py:188} INFO - [2026-02-28T22:01:21.106+0000] {dag.py:3954} INFO - Setting next_dagrun for latest_only_with_trigger to 2026-02-28 16:00:00+00:00, run_after=2026-02-28 20:00:00+00:00
[2026-02-28T22:01:21.127+0000] {processor.py:183} INFO - Processing /home/airflow/.local/lib/python3.12/site-packages/airflow/example_dags/example_latest_only_with_trigger.py took 0.090 seconds
[2026-02-28T22:01:51.190+0000] {processor.py:161} INFO - Started process (PID=2491) to work on /home/airflow/.local/lib/python3.12/site-packages/airflow/example_dags/example_latest_only_with_trigger.py
[2026-02-28T22:01:51.190+0000] {processor.py:830} INFO - Processing file /home/airflow/.local/lib/python3.12/site-packages/airflow/example_dags/example_latest_only_with_trigger.py for tasks to queue
[2026-02-28T22:01:51.191+0000] {logging_mixin.py:188} INFO - [2026-02-28T22:01:51.191+0000] {dagbag.py:545} INFO - Filling up the DagBag from /home/airflow/.local/lib/python3.12/site-packages/airflow/example_dags/example_latest_only_with_trigger.py
[2026-02-28T22:01:51.195+0000] {processor.py:840} INFO - DAG(s) 'latest_only_with_trigger' retrieved from /home/airflow/.local/lib/python3.12/site-packages/airflow/example_dags/example_latest_only_with_trigger.py
[2026-02-28T22:01:51.205+0000] {logging_mixin.py:188} INFO - [2026-02-28T22:01:51.205+0000] {dag.py:3096} INFO - Sync 1 DAGs
[2026-02-28T22:01:51.215+0000] {logging_mixin.py:188} INFO - [2026-02-28T22:01:51.215+0000] {dag.py:3954} INFO - Setting next_dagrun for latest_only_with_trigger to 2026-02-28 16:00:00+00:00, run_after=2026-02-28 20:00:00+00:00
[2026-02-28T22:01:51.222+0000] {processor.py:183} INFO - Processing /home/airflow/.local/lib/python3.12/site-packages/airflow/example_dags/example_latest_only_with_trigger.py took 0.035 seconds
[2026-02-28T22:02:21.945+0000] {processor.py:161} INFO - Started process (PID=2548) to work on /home/airflow/.local/lib/python3.12/site-packages/airflow/example_dags/example_latest_only_with_trigger.py
[2026-02-28T22:02:21.946+0000] {processor.py:830} INFO - Processing file /home/airflow/.local/lib/python3.12/site-packages/airflow/example_dags/example_latest_only_with_trigger.py for tasks to queue
[2026-02-28T22:02:21.950+0000] {logging_mixin.py:188} INFO - [2026-02-28T22:02:21.949+0000] {dagbag.py:545} INFO - Filling up the DagBag from /home/airflow/.local/lib/python3.12/site-packages/airflow/example_dags/example_latest_only_with_trigger.py
[2026-02-28T22:02:21.962+0000] {processor.py:840} INFO - DAG(s) 'latest_only_with_trigger' retrieved from /home/airflow/.local/lib/python3.12/site-packages/airflow/example_dags/example_latest_only_with_trigger.py
[2026-02-28T22:02:21.989+0000] {logging_mixin.py:188} INFO - [2026-02-28T22:02:21.989+0000] {dag.py:3096} INFO - Sync 1 DAGs
[2026-02-28T22:02:22.020+0000] {logging_mixin.py:188} INFO - [2026-02-28T22:02:22.020+0000] {dag.py:3954} INFO - Setting next_dagrun for latest_only_with_trigger to 2026-02-28 16:00:00+00:00, run_after=2026-02-28 20:00:00+00:00
[2026-02-28T22:02:22.040+0000] {processor.py:183} INFO - Processing /home/airflow/.local/lib/python3.12/site-packages/airflow/example_dags/example_latest_only_with_trigger.py took 0.102 seconds
[2026-02-28T22:02:52.361+0000] {processor.py:161} INFO - Started process (PID=2606) to work on /home/airflow/.local/lib/python3.12/site-packages/airflow/example_dags/example_latest_only_with_trigger.py
[2026-02-28T22:02:52.362+0000] {processor.py:830} INFO - Processing file /home/airflow/.local/lib/python3.12/site-packages/airflow/example_dags/example_latest_only_with_trigger.py for tasks to queue
[2026-02-28T22:02:52.365+0000] {logging_mixin.py:188} INFO - [2026-02-28T22:02:52.365+0000] {dagbag.py:545} INFO - Filling up the DagBag from /home/airflow/.local/lib/python3.12/site-packages/airflow/example_dags/example_latest_only_with_trigger.py
[2026-02-28T22:02:52.371+0000] {processor.py:840} INFO - DAG(s) 'latest_only_with_trigger' retrieved from /home/airflow/.local/lib/python3.12/site-packages/airflow/example_dags/example_latest_only_with_trigger.py
[2026-02-28T22:02:52.388+0000] {logging_mixin.py:188} INFO - [2026-02-28T22:02:52.388+0000] {dag.py:3096} INFO - Sync 1 DAGs
[2026-02-28T22:02:52.408+0000] {logging_mixin.py:188} INFO - [2026-02-28T22:02:52.407+0000] {dag.py:3954} INFO - Setting next_dagrun for latest_only_with_trigger to 2026-02-28 16:00:00+00:00, run_after=2026-02-28 20:00:00+00:00
[2026-02-28T22:02:52.427+0000] {processor.py:183} INFO - Processing /home/airflow/.local/lib/python3.12/site-packages/airflow/example_dags/example_latest_only_with_trigger.py took 0.071 seconds
[2026-02-28T22:03:22.622+0000] {processor.py:161} INFO - Started process (PID=2663) to work on /home/airflow/.local/lib/python3.12/site-packages/airflow/example_dags/example_latest_only_with_trigger.py
[2026-02-28T22:03:22.624+0000] {processor.py:830} INFO - Processing file /home/airflow/.local/lib/python3.12/site-packages/airflow/example_dags/example_latest_only_with_trigger.py for tasks to queue
[2026-02-28T22:03:22.626+0000] {logging_mixin.py:188} INFO - [2026-02-28T22:03:22.626+0000] {dagbag.py:545} INFO - Filling up the DagBag from /home/airflow/.local/lib/python3.12/site-packages/airflow/example_dags/example_latest_only_with_trigger.py
[2026-02-28T22:03:22.633+0000] {processor.py:840} INFO - DAG(s) 'latest_only_with_trigger' retrieved from /home/airflow/.local/lib/python3.12/site-packages/airflow/example_dags/example_latest_only_with_trigger.py
[2026-02-28T22:03:22.653+0000] {logging_mixin.py:188} INFO - [2026-02-28T22:03:22.653+0000] {dag.py:3096} INFO - Sync 1 DAGs
[2026-02-28T22:03:22.671+0000] {logging_mixin.py:188} INFO - [2026-02-28T22:03:22.671+0000] {dag.py:3954} INFO - Setting next_dagrun for latest_only_with_trigger to 2026-02-28 16:00:00+00:00, run_after=2026-02-28 20:00:00+00:00
[2026-02-28T22:03:22.697+0000] {processor.py:183} INFO - Processing /home/airflow/.local/lib/python3.12/site-packages/airflow/example_dags/example_latest_only_with_trigger.py took 0.086 seconds
[2026-02-28T22:03:53.586+0000] {processor.py:161} INFO - Started process (PID=2721) to work on /home/airflow/.local/lib/python3.12/site-packages/airflow/example_dags/example_latest_only_with_trigger.py
[2026-02-28T22:03:53.588+0000] {processor.py:830} INFO - Processing file /home/airflow/.local/lib/python3.12/site-packages/airflow/example_dags/example_latest_only_with_trigger.py for tasks to queue
[2026-02-28T22:03:53.591+0000] {logging_mixin.py:188} INFO - [2026-02-28T22:03:53.590+0000] {dagbag.py:545} INFO - Filling up the DagBag from /home/airflow/.local/lib/python3.12/site-packages/airflow/example_dags/example_latest_only_with_trigger.py
[2026-02-28T22:03:53.599+0000] {processor.py:840} INFO - DAG(s) 'latest_only_with_trigger' retrieved from /home/airflow/.local/lib/python3.12/site-packages/airflow/example_dags/example_latest_only_with_trigger.py
[2026-02-28T22:03:53.618+0000] {logging_mixin.py:188} INFO - [2026-02-28T22:03:53.618+0000] {dag.py:3096} INFO - Sync 1 DAGs
[2026-02-28T22:03:53.645+0000] {logging_mixin.py:188} INFO - [2026-02-28T22:03:53.645+0000] {dag.py:3954} INFO - Setting next_dagrun for latest_only_with_trigger to 2026-02-28 16:00:00+00:00, run_after=2026-02-28 20:00:00+00:00
[2026-02-28T22:03:53.662+0000] {processor.py:183} INFO - Processing /home/airflow/.local/lib/python3.12/site-packages/airflow/example_dags/example_latest_only_with_trigger.py took 0.083 seconds
[2026-02-28T22:04:23.737+0000] {processor.py:161} INFO - Started process (PID=2779) to work on /home/airflow/.local/lib/python3.12/site-packages/airflow/example_dags/example_latest_only_with_trigger.py
[2026-02-28T22:04:23.740+0000] {processor.py:830} INFO - Processing file /home/airflow/.local/lib/python3.12/site-packages/airflow/example_dags/example_latest_only_with_trigger.py for tasks to queue
[2026-02-28T22:04:23.743+0000] {logging_mixin.py:188} INFO - [2026-02-28T22:04:23.742+0000] {dagbag.py:545} INFO - Filling up the DagBag from /home/airflow/.local/lib/python3.12/site-packages/airflow/example_dags/example_latest_only_with_trigger.py
[2026-02-28T22:04:23.750+0000] {processor.py:840} INFO - DAG(s) 'latest_only_with_trigger' retrieved from /home/airflow/.local/lib/python3.12/site-packages/airflow/example_dags/example_latest_only_with_trigger.py
[2026-02-28T22:04:23.779+0000] {logging_mixin.py:188} INFO - [2026-02-28T22:04:23.779+0000] {dag.py:3096} INFO - Sync 1 DAGs
[2026-02-28T22:04:23.805+0000] {logging_mixin.py:188} INFO - [2026-02-28T22:04:23.804+0000] {dag.py:3954} INFO - Setting next_dagrun for latest_only_with_trigger to 2026-02-28 16:00:00+00:00, run_after=2026-02-28 20:00:00+00:00
[2026-02-28T22:04:23.830+0000] {processor.py:183} INFO - Processing /home/airflow/.local/lib/python3.12/site-packages/airflow/example_dags/example_latest_only_with_trigger.py took 0.101 seconds
