[2026-02-28T21:40:06.321+0000] {processor.py:161} INFO - Started process (PID=91) to work on /home/airflow/.local/lib/python3.12/site-packages/airflow/example_dags/example_params_trigger_ui.py
[2026-02-28T21:40:06.322+0000] {processor.py:830} INFO - Processing file /home/airflow/.local/lib/python3.12/site-packages/airflow/example_dags/example_params_trigger_ui.py for tasks to queue
[2026-02-28T21:40:06.324+0000] {logging_mixin.py:188} INFO - [2026-02-28T21:40:06.323+0000] {dagbag.py:545} INFO - Filling up the DagBag from /home/airflow/.local/lib/python3.12/site-packages/airflow/example_dags/example_params_trigger_ui.py
[2026-02-28T21:40:06.344+0000] {processor.py:840} INFO - DAG(s) 'example_params_trigger_ui' retrieved from /home/airflow/.local/lib/python3.12/site-packages/airflow/example_dags/example_params_trigger_ui.py
[2026-02-28T21:40:06.363+0000] {logging_mixin.py:188} INFO - [2026-02-28T21:40:06.363+0000] {dag.py:3096} INFO - Sync 1 DAGs
[2026-02-28T21:40:06.376+0000] {logging_mixin.py:188} INFO - [2026-02-28T21:40:06.375+0000] {dag.py:3954} INFO - Setting next_dagrun for example_params_trigger_ui to None, run_after=None
[2026-02-28T21:40:06.389+0000] {processor.py:183} INFO - Processing /home/airflow/.local/lib/python3.12/site-packages/airflow/example_dags/example_params_trigger_ui.py took 0.072 seconds
[2026-02-28T21:40:37.020+0000] {processor.py:161} INFO - Started process (PID=149) to work on /home/airflow/.local/lib/python3.12/site-packages/airflow/example_dags/example_params_trigger_ui.py
[2026-02-28T21:40:37.022+0000] {processor.py:830} INFO - Processing file /home/airflow/.local/lib/python3.12/site-packages/airflow/example_dags/example_params_trigger_ui.py for tasks to queue
[2026-02-28T21:40:37.024+0000] {logging_mixin.py:188} INFO - [2026-02-28T21:40:37.024+0000] {dagbag.py:545} INFO - Filling up the DagBag from /home/airflow/.local/lib/python3.12/site-packages/airflow/example_dags/example_params_trigger_ui.py
[2026-02-28T21:40:37.032+0000] {processor.py:840} INFO - DAG(s) 'example_params_trigger_ui' retrieved from /home/airflow/.local/lib/python3.12/site-packages/airflow/example_dags/example_params_trigger_ui.py
[2026-02-28T21:40:37.132+0000] {logging_mixin.py:188} INFO - [2026-02-28T21:40:37.132+0000] {dag.py:3096} INFO - Sync 1 DAGs
[2026-02-28T21:40:37.139+0000] {logging_mixin.py:188} INFO - [2026-02-28T21:40:37.139+0000] {dag.py:3954} INFO - Setting next_dagrun for example_params_trigger_ui to None, run_after=None
[2026-02-28T21:40:37.152+0000] {processor.py:183} INFO - Processing /home/airflow/.local/lib/python3.12/site-packages/airflow/example_dags/example_params_trigger_ui.py took 0.135 seconds
[2026-02-28T21:41:07.945+0000] {processor.py:161} INFO - Started process (PID=207) to work on /home/airflow/.local/lib/python3.12/site-packages/airflow/example_dags/example_params_trigger_ui.py
[2026-02-28T21:41:07.946+0000] {processor.py:830} INFO - Processing file /home/airflow/.local/lib/python3.12/site-packages/airflow/example_dags/example_params_trigger_ui.py for tasks to queue
[2026-02-28T21:41:07.947+0000] {logging_mixin.py:188} INFO - [2026-02-28T21:41:07.947+0000] {dagbag.py:545} INFO - Filling up the DagBag from /home/airflow/.local/lib/python3.12/site-packages/airflow/example_dags/example_params_trigger_ui.py
[2026-02-28T21:41:07.955+0000] {processor.py:840} INFO - DAG(s) 'example_params_trigger_ui' retrieved from /home/airflow/.local/lib/python3.12/site-packages/airflow/example_dags/example_params_trigger_ui.py
[2026-02-28T21:41:07.974+0000] {logging_mixin.py:188} INFO - [2026-02-28T21:41:07.974+0000] {dag.py:3096} INFO - Sync 1 DAGs
[2026-02-28T21:41:07.980+0000] {logging_mixin.py:188} INFO - [2026-02-28T21:41:07.980+0000] {dag.py:3954} INFO - Setting next_dagrun for example_params_trigger_ui to None, run_after=None
[2026-02-28T21:41:07.988+0000] {processor.py:183} INFO - Processing /home/airflow/.local/lib/python3.12/site-packages/airflow/example_dags/example_params_trigger_ui.py took 0.047 seconds
[2026-02-28T21:41:38.790+0000] {processor.py:161} INFO - Started process (PID=265) to work on /home/airflow/.local/lib/python3.12/site-packages/airflow/example_dags/example_params_trigger_ui.py
[2026-02-28T21:41:38.791+0000] {processor.py:830} INFO - Processing file /home/airflow/.local/lib/python3.12/site-packages/airflow/example_dags/example_params_trigger_ui.py for tasks to queue
[2026-02-28T21:41:38.794+0000] {logging_mixin.py:188} INFO - [2026-02-28T21:41:38.793+0000] {dagbag.py:545} INFO - Filling up the DagBag from /home/airflow/.local/lib/python3.12/site-packages/airflow/example_dags/example_params_trigger_ui.py
[2026-02-28T21:41:38.812+0000] {processor.py:840} INFO - DAG(s) 'example_params_trigger_ui' retrieved from /home/airflow/.local/lib/python3.12/site-packages/airflow/example_dags/example_params_trigger_ui.py
[2026-02-28T21:41:38.838+0000] {logging_mixin.py:188} INFO - [2026-02-28T21:41:38.837+0000] {dag.py:3096} INFO - Sync 1 DAGs
[2026-02-28T21:41:38.845+0000] {logging_mixin.py:188} INFO - [2026-02-28T21:41:38.845+0000] {dag.py:3954} INFO - Setting next_dagrun for example_params_trigger_ui to None, run_after=None
[2026-02-28T21:41:38.855+0000] {processor.py:183} INFO - Processing /home/airflow/.local/lib/python3.12/site-packages/airflow/example_dags/example_params_trigger_ui.py took 0.070 seconds
[2026-02-28T21:42:09.707+0000] {processor.py:161} INFO - Started process (PID=323) to work on /home/airflow/.local/lib/python3.12/site-packages/airflow/example_dags/example_params_trigger_ui.py
[2026-02-28T21:42:09.709+0000] {processor.py:830} INFO - Processing file /home/airflow/.local/lib/python3.12/site-packages/airflow/example_dags/example_params_trigger_ui.py for tasks to queue
[2026-02-28T21:42:09.710+0000] {logging_mixin.py:188} INFO - [2026-02-28T21:42:09.710+0000] {dagbag.py:545} INFO - Filling up the DagBag from /home/airflow/.local/lib/python3.12/site-packages/airflow/example_dags/example_params_trigger_ui.py
[2026-02-28T21:42:09.725+0000] {processor.py:840} INFO - DAG(s) 'example_params_trigger_ui' retrieved from /home/airflow/.local/lib/python3.12/site-packages/airflow/example_dags/example_params_trigger_ui.py
[2026-02-28T21:42:09.769+0000] {logging_mixin.py:188} INFO - [2026-02-28T21:42:09.769+0000] {dag.py:3096} INFO - Sync 1 DAGs
[2026-02-28T21:42:09.776+0000] {logging_mixin.py:188} INFO - [2026-02-28T21:42:09.776+0000] {dag.py:3954} INFO - Setting next_dagrun for example_params_trigger_ui to None, run_after=None
[2026-02-28T21:42:09.786+0000] {processor.py:183} INFO - Processing /home/airflow/.local/lib/python3.12/site-packages/airflow/example_dags/example_params_trigger_ui.py took 0.082 seconds
[2026-02-28T21:42:39.873+0000] {processor.py:161} INFO - Started process (PID=383) to work on /home/airflow/.local/lib/python3.12/site-packages/airflow/example_dags/example_params_trigger_ui.py
[2026-02-28T21:42:39.874+0000] {processor.py:830} INFO - Processing file /home/airflow/.local/lib/python3.12/site-packages/airflow/example_dags/example_params_trigger_ui.py for tasks to queue
[2026-02-28T21:42:39.875+0000] {logging_mixin.py:188} INFO - [2026-02-28T21:42:39.875+0000] {dagbag.py:545} INFO - Filling up the DagBag from /home/airflow/.local/lib/python3.12/site-packages/airflow/example_dags/example_params_trigger_ui.py
[2026-02-28T21:42:39.883+0000] {processor.py:840} INFO - DAG(s) 'example_params_trigger_ui' retrieved from /home/airflow/.local/lib/python3.12/site-packages/airflow/example_dags/example_params_trigger_ui.py
[2026-02-28T21:42:39.908+0000] {logging_mixin.py:188} INFO - [2026-02-28T21:42:39.908+0000] {dag.py:3096} INFO - Sync 1 DAGs
[2026-02-28T21:42:39.915+0000] {logging_mixin.py:188} INFO - [2026-02-28T21:42:39.915+0000] {dag.py:3954} INFO - Setting next_dagrun for example_params_trigger_ui to None, run_after=None
[2026-02-28T21:42:39.927+0000] {processor.py:183} INFO - Processing /home/airflow/.local/lib/python3.12/site-packages/airflow/example_dags/example_params_trigger_ui.py took 0.058 seconds
[2026-02-28T21:43:10.693+0000] {processor.py:161} INFO - Started process (PID=440) to work on /home/airflow/.local/lib/python3.12/site-packages/airflow/example_dags/example_params_trigger_ui.py
[2026-02-28T21:43:10.694+0000] {processor.py:830} INFO - Processing file /home/airflow/.local/lib/python3.12/site-packages/airflow/example_dags/example_params_trigger_ui.py for tasks to queue
[2026-02-28T21:43:10.695+0000] {logging_mixin.py:188} INFO - [2026-02-28T21:43:10.695+0000] {dagbag.py:545} INFO - Filling up the DagBag from /home/airflow/.local/lib/python3.12/site-packages/airflow/example_dags/example_params_trigger_ui.py
[2026-02-28T21:43:10.704+0000] {processor.py:840} INFO - DAG(s) 'example_params_trigger_ui' retrieved from /home/airflow/.local/lib/python3.12/site-packages/airflow/example_dags/example_params_trigger_ui.py
[2026-02-28T21:43:10.726+0000] {logging_mixin.py:188} INFO - [2026-02-28T21:43:10.726+0000] {dag.py:3096} INFO - Sync 1 DAGs
[2026-02-28T21:43:10.733+0000] {logging_mixin.py:188} INFO - [2026-02-28T21:43:10.733+0000] {dag.py:3954} INFO - Setting next_dagrun for example_params_trigger_ui to None, run_after=None
[2026-02-28T21:43:10.746+0000] {processor.py:183} INFO - Processing /home/airflow/.local/lib/python3.12/site-packages/airflow/example_dags/example_params_trigger_ui.py took 0.057 seconds
[2026-02-28T21:43:41.012+0000] {processor.py:161} INFO - Started process (PID=498) to work on /home/airflow/.local/lib/python3.12/site-packages/airflow/example_dags/example_params_trigger_ui.py
[2026-02-28T21:43:41.013+0000] {processor.py:830} INFO - Processing file /home/airflow/.local/lib/python3.12/site-packages/airflow/example_dags/example_params_trigger_ui.py for tasks to queue
[2026-02-28T21:43:41.014+0000] {logging_mixin.py:188} INFO - [2026-02-28T21:43:41.014+0000] {dagbag.py:545} INFO - Filling up the DagBag from /home/airflow/.local/lib/python3.12/site-packages/airflow/example_dags/example_params_trigger_ui.py
[2026-02-28T21:43:41.025+0000] {processor.py:840} INFO - DAG(s) 'example_params_trigger_ui' retrieved from /home/airflow/.local/lib/python3.12/site-packages/airflow/example_dags/example_params_trigger_ui.py
[2026-02-28T21:43:41.054+0000] {logging_mixin.py:188} INFO - [2026-02-28T21:43:41.054+0000] {dag.py:3096} INFO - Sync 1 DAGs
[2026-02-28T21:43:41.061+0000] {logging_mixin.py:188} INFO - [2026-02-28T21:43:41.061+0000] {dag.py:3954} INFO - Setting next_dagrun for example_params_trigger_ui to None, run_after=None
[2026-02-28T21:43:41.073+0000] {processor.py:183} INFO - Processing /home/airflow/.local/lib/python3.12/site-packages/airflow/example_dags/example_params_trigger_ui.py took 0.064 seconds
[2026-02-28T21:44:44.245+0000] {processor.py:161} INFO - Started process (PID=556) to work on /home/airflow/.local/lib/python3.12/site-packages/airflow/example_dags/example_params_trigger_ui.py
[2026-02-28T21:44:44.246+0000] {processor.py:830} INFO - Processing file /home/airflow/.local/lib/python3.12/site-packages/airflow/example_dags/example_params_trigger_ui.py for tasks to queue
[2026-02-28T21:44:44.247+0000] {logging_mixin.py:188} INFO - [2026-02-28T21:44:44.246+0000] {dagbag.py:545} INFO - Filling up the DagBag from /home/airflow/.local/lib/python3.12/site-packages/airflow/example_dags/example_params_trigger_ui.py
[2026-02-28T21:44:44.256+0000] {processor.py:840} INFO - DAG(s) 'example_params_trigger_ui' retrieved from /home/airflow/.local/lib/python3.12/site-packages/airflow/example_dags/example_params_trigger_ui.py
[2026-02-28T21:44:44.283+0000] {logging_mixin.py:188} INFO - [2026-02-28T21:44:44.283+0000] {dag.py:3096} INFO - Sync 1 DAGs
[2026-02-28T21:44:44.290+0000] {logging_mixin.py:188} INFO - [2026-02-28T21:44:44.289+0000] {dag.py:3954} INFO - Setting next_dagrun for example_params_trigger_ui to None, run_after=None
[2026-02-28T21:44:44.298+0000] {processor.py:183} INFO - Processing /home/airflow/.local/lib/python3.12/site-packages/airflow/example_dags/example_params_trigger_ui.py took 0.057 seconds
[2026-02-28T21:45:14.526+0000] {processor.py:161} INFO - Started process (PID=614) to work on /home/airflow/.local/lib/python3.12/site-packages/airflow/example_dags/example_params_trigger_ui.py
[2026-02-28T21:45:14.527+0000] {processor.py:830} INFO - Processing file /home/airflow/.local/lib/python3.12/site-packages/airflow/example_dags/example_params_trigger_ui.py for tasks to queue
[2026-02-28T21:45:14.529+0000] {logging_mixin.py:188} INFO - [2026-02-28T21:45:14.529+0000] {dagbag.py:545} INFO - Filling up the DagBag from /home/airflow/.local/lib/python3.12/site-packages/airflow/example_dags/example_params_trigger_ui.py
[2026-02-28T21:45:14.536+0000] {processor.py:840} INFO - DAG(s) 'example_params_trigger_ui' retrieved from /home/airflow/.local/lib/python3.12/site-packages/airflow/example_dags/example_params_trigger_ui.py
[2026-02-28T21:45:14.562+0000] {logging_mixin.py:188} INFO - [2026-02-28T21:45:14.562+0000] {dag.py:3096} INFO - Sync 1 DAGs
[2026-02-28T21:45:14.569+0000] {logging_mixin.py:188} INFO - [2026-02-28T21:45:14.569+0000] {dag.py:3954} INFO - Setting next_dagrun for example_params_trigger_ui to None, run_after=None
[2026-02-28T21:45:14.582+0000] {processor.py:183} INFO - Processing /home/airflow/.local/lib/python3.12/site-packages/airflow/example_dags/example_params_trigger_ui.py took 0.060 seconds
[2026-02-28T21:45:45.003+0000] {processor.py:161} INFO - Started process (PID=672) to work on /home/airflow/.local/lib/python3.12/site-packages/airflow/example_dags/example_params_trigger_ui.py
[2026-02-28T21:45:45.004+0000] {processor.py:830} INFO - Processing file /home/airflow/.local/lib/python3.12/site-packages/airflow/example_dags/example_params_trigger_ui.py for tasks to queue
[2026-02-28T21:45:45.006+0000] {logging_mixin.py:188} INFO - [2026-02-28T21:45:45.006+0000] {dagbag.py:545} INFO - Filling up the DagBag from /home/airflow/.local/lib/python3.12/site-packages/airflow/example_dags/example_params_trigger_ui.py
[2026-02-28T21:45:45.014+0000] {processor.py:840} INFO - DAG(s) 'example_params_trigger_ui' retrieved from /home/airflow/.local/lib/python3.12/site-packages/airflow/example_dags/example_params_trigger_ui.py
[2026-02-28T21:45:45.038+0000] {logging_mixin.py:188} INFO - [2026-02-28T21:45:45.038+0000] {dag.py:3096} INFO - Sync 1 DAGs
[2026-02-28T21:45:45.045+0000] {logging_mixin.py:188} INFO - [2026-02-28T21:45:45.045+0000] {dag.py:3954} INFO - Setting next_dagrun for example_params_trigger_ui to None, run_after=None
[2026-02-28T21:45:45.057+0000] {processor.py:183} INFO - Processing /home/airflow/.local/lib/python3.12/site-packages/airflow/example_dags/example_params_trigger_ui.py took 0.057 seconds
[2026-02-28T21:46:16.205+0000] {processor.py:161} INFO - Started process (PID=730) to work on /home/airflow/.local/lib/python3.12/site-packages/airflow/example_dags/example_params_trigger_ui.py
[2026-02-28T21:46:16.210+0000] {processor.py:830} INFO - Processing file /home/airflow/.local/lib/python3.12/site-packages/airflow/example_dags/example_params_trigger_ui.py for tasks to queue
[2026-02-28T21:46:16.219+0000] {logging_mixin.py:188} INFO - [2026-02-28T21:46:16.219+0000] {dagbag.py:545} INFO - Filling up the DagBag from /home/airflow/.local/lib/python3.12/site-packages/airflow/example_dags/example_params_trigger_ui.py
[2026-02-28T21:46:16.254+0000] {processor.py:840} INFO - DAG(s) 'example_params_trigger_ui' retrieved from /home/airflow/.local/lib/python3.12/site-packages/airflow/example_dags/example_params_trigger_ui.py
[2026-02-28T21:46:16.294+0000] {logging_mixin.py:188} INFO - [2026-02-28T21:46:16.294+0000] {dag.py:3096} INFO - Sync 1 DAGs
[2026-02-28T21:46:16.310+0000] {logging_mixin.py:188} INFO - [2026-02-28T21:46:16.310+0000] {dag.py:3954} INFO - Setting next_dagrun for example_params_trigger_ui to None, run_after=None
[2026-02-28T21:46:16.343+0000] {processor.py:183} INFO - Processing /home/airflow/.local/lib/python3.12/site-packages/airflow/example_dags/example_params_trigger_ui.py took 0.144 seconds
[2026-02-28T21:46:46.368+0000] {processor.py:161} INFO - Started process (PID=788) to work on /home/airflow/.local/lib/python3.12/site-packages/airflow/example_dags/example_params_trigger_ui.py
[2026-02-28T21:46:46.369+0000] {processor.py:830} INFO - Processing file /home/airflow/.local/lib/python3.12/site-packages/airflow/example_dags/example_params_trigger_ui.py for tasks to queue
[2026-02-28T21:46:46.371+0000] {logging_mixin.py:188} INFO - [2026-02-28T21:46:46.370+0000] {dagbag.py:545} INFO - Filling up the DagBag from /home/airflow/.local/lib/python3.12/site-packages/airflow/example_dags/example_params_trigger_ui.py
[2026-02-28T21:46:46.378+0000] {processor.py:840} INFO - DAG(s) 'example_params_trigger_ui' retrieved from /home/airflow/.local/lib/python3.12/site-packages/airflow/example_dags/example_params_trigger_ui.py
[2026-02-28T21:46:46.401+0000] {logging_mixin.py:188} INFO - [2026-02-28T21:46:46.400+0000] {dag.py:3096} INFO - Sync 1 DAGs
[2026-02-28T21:46:46.410+0000] {logging_mixin.py:188} INFO - [2026-02-28T21:46:46.410+0000] {dag.py:3954} INFO - Setting next_dagrun for example_params_trigger_ui to None, run_after=None
[2026-02-28T21:46:46.426+0000] {processor.py:183} INFO - Processing /home/airflow/.local/lib/python3.12/site-packages/airflow/example_dags/example_params_trigger_ui.py took 0.063 seconds
[2026-02-28T21:47:17.267+0000] {processor.py:161} INFO - Started process (PID=846) to work on /home/airflow/.local/lib/python3.12/site-packages/airflow/example_dags/example_params_trigger_ui.py
[2026-02-28T21:47:17.268+0000] {processor.py:830} INFO - Processing file /home/airflow/.local/lib/python3.12/site-packages/airflow/example_dags/example_params_trigger_ui.py for tasks to queue
[2026-02-28T21:47:17.270+0000] {logging_mixin.py:188} INFO - [2026-02-28T21:47:17.270+0000] {dagbag.py:545} INFO - Filling up the DagBag from /home/airflow/.local/lib/python3.12/site-packages/airflow/example_dags/example_params_trigger_ui.py
[2026-02-28T21:47:17.281+0000] {processor.py:840} INFO - DAG(s) 'example_params_trigger_ui' retrieved from /home/airflow/.local/lib/python3.12/site-packages/airflow/example_dags/example_params_trigger_ui.py
[2026-02-28T21:47:17.314+0000] {logging_mixin.py:188} INFO - [2026-02-28T21:47:17.314+0000] {dag.py:3096} INFO - Sync 1 DAGs
[2026-02-28T21:47:17.323+0000] {logging_mixin.py:188} INFO - [2026-02-28T21:47:17.322+0000] {dag.py:3954} INFO - Setting next_dagrun for example_params_trigger_ui to None, run_after=None
[2026-02-28T21:47:17.335+0000] {processor.py:183} INFO - Processing /home/airflow/.local/lib/python3.12/site-packages/airflow/example_dags/example_params_trigger_ui.py took 0.074 seconds
[2026-02-28T21:47:48.112+0000] {processor.py:161} INFO - Started process (PID=904) to work on /home/airflow/.local/lib/python3.12/site-packages/airflow/example_dags/example_params_trigger_ui.py
[2026-02-28T21:47:48.113+0000] {processor.py:830} INFO - Processing file /home/airflow/.local/lib/python3.12/site-packages/airflow/example_dags/example_params_trigger_ui.py for tasks to queue
[2026-02-28T21:47:48.115+0000] {logging_mixin.py:188} INFO - [2026-02-28T21:47:48.114+0000] {dagbag.py:545} INFO - Filling up the DagBag from /home/airflow/.local/lib/python3.12/site-packages/airflow/example_dags/example_params_trigger_ui.py
[2026-02-28T21:47:48.124+0000] {processor.py:840} INFO - DAG(s) 'example_params_trigger_ui' retrieved from /home/airflow/.local/lib/python3.12/site-packages/airflow/example_dags/example_params_trigger_ui.py
[2026-02-28T21:47:48.148+0000] {logging_mixin.py:188} INFO - [2026-02-28T21:47:48.148+0000] {dag.py:3096} INFO - Sync 1 DAGs
[2026-02-28T21:47:48.156+0000] {logging_mixin.py:188} INFO - [2026-02-28T21:47:48.156+0000] {dag.py:3954} INFO - Setting next_dagrun for example_params_trigger_ui to None, run_after=None
[2026-02-28T21:47:48.171+0000] {processor.py:183} INFO - Processing /home/airflow/.local/lib/python3.12/site-packages/airflow/example_dags/example_params_trigger_ui.py took 0.062 seconds
[2026-02-28T21:48:19.223+0000] {processor.py:161} INFO - Started process (PID=962) to work on /home/airflow/.local/lib/python3.12/site-packages/airflow/example_dags/example_params_trigger_ui.py
[2026-02-28T21:48:19.225+0000] {processor.py:830} INFO - Processing file /home/airflow/.local/lib/python3.12/site-packages/airflow/example_dags/example_params_trigger_ui.py for tasks to queue
[2026-02-28T21:48:19.229+0000] {logging_mixin.py:188} INFO - [2026-02-28T21:48:19.229+0000] {dagbag.py:545} INFO - Filling up the DagBag from /home/airflow/.local/lib/python3.12/site-packages/airflow/example_dags/example_params_trigger_ui.py
[2026-02-28T21:48:19.247+0000] {processor.py:840} INFO - DAG(s) 'example_params_trigger_ui' retrieved from /home/airflow/.local/lib/python3.12/site-packages/airflow/example_dags/example_params_trigger_ui.py
[2026-02-28T21:48:19.302+0000] {logging_mixin.py:188} INFO - [2026-02-28T21:48:19.302+0000] {dag.py:3096} INFO - Sync 1 DAGs
[2026-02-28T21:48:19.312+0000] {logging_mixin.py:188} INFO - [2026-02-28T21:48:19.312+0000] {dag.py:3954} INFO - Setting next_dagrun for example_params_trigger_ui to None, run_after=None
[2026-02-28T21:48:19.326+0000] {processor.py:183} INFO - Processing /home/airflow/.local/lib/python3.12/site-packages/airflow/example_dags/example_params_trigger_ui.py took 0.108 seconds
[2026-02-28T21:48:50.601+0000] {processor.py:161} INFO - Started process (PID=1020) to work on /home/airflow/.local/lib/python3.12/site-packages/airflow/example_dags/example_params_trigger_ui.py
[2026-02-28T21:48:50.602+0000] {processor.py:830} INFO - Processing file /home/airflow/.local/lib/python3.12/site-packages/airflow/example_dags/example_params_trigger_ui.py for tasks to queue
[2026-02-28T21:48:50.603+0000] {logging_mixin.py:188} INFO - [2026-02-28T21:48:50.603+0000] {dagbag.py:545} INFO - Filling up the DagBag from /home/airflow/.local/lib/python3.12/site-packages/airflow/example_dags/example_params_trigger_ui.py
[2026-02-28T21:48:50.617+0000] {processor.py:840} INFO - DAG(s) 'example_params_trigger_ui' retrieved from /home/airflow/.local/lib/python3.12/site-packages/airflow/example_dags/example_params_trigger_ui.py
[2026-02-28T21:48:50.652+0000] {logging_mixin.py:188} INFO - [2026-02-28T21:48:50.652+0000] {dag.py:3096} INFO - Sync 1 DAGs
[2026-02-28T21:48:50.661+0000] {logging_mixin.py:188} INFO - [2026-02-28T21:48:50.661+0000] {dag.py:3954} INFO - Setting next_dagrun for example_params_trigger_ui to None, run_after=None
[2026-02-28T21:48:50.673+0000] {processor.py:183} INFO - Processing /home/airflow/.local/lib/python3.12/site-packages/airflow/example_dags/example_params_trigger_ui.py took 0.077 seconds
[2026-02-28T21:49:22.119+0000] {processor.py:161} INFO - Started process (PID=1078) to work on /home/airflow/.local/lib/python3.12/site-packages/airflow/example_dags/example_params_trigger_ui.py
[2026-02-28T21:49:22.124+0000] {processor.py:830} INFO - Processing file /home/airflow/.local/lib/python3.12/site-packages/airflow/example_dags/example_params_trigger_ui.py for tasks to queue
[2026-02-28T21:49:22.127+0000] {logging_mixin.py:188} INFO - [2026-02-28T21:49:22.127+0000] {dagbag.py:545} INFO - Filling up the DagBag from /home/airflow/.local/lib/python3.12/site-packages/airflow/example_dags/example_params_trigger_ui.py
[2026-02-28T21:49:22.159+0000] {processor.py:840} INFO - DAG(s) 'example_params_trigger_ui' retrieved from /home/airflow/.local/lib/python3.12/site-packages/airflow/example_dags/example_params_trigger_ui.py
[2026-02-28T21:49:22.208+0000] {logging_mixin.py:188} INFO - [2026-02-28T21:49:22.208+0000] {dag.py:3096} INFO - Sync 1 DAGs
[2026-02-28T21:49:22.225+0000] {logging_mixin.py:188} INFO - [2026-02-28T21:49:22.225+0000] {dag.py:3954} INFO - Setting next_dagrun for example_params_trigger_ui to None, run_after=None
[2026-02-28T21:49:22.242+0000] {processor.py:183} INFO - Processing /home/airflow/.local/lib/python3.12/site-packages/airflow/example_dags/example_params_trigger_ui.py took 0.137 seconds
[2026-02-28T21:49:54.965+0000] {processor.py:161} INFO - Started process (PID=1136) to work on /home/airflow/.local/lib/python3.12/site-packages/airflow/example_dags/example_params_trigger_ui.py
[2026-02-28T21:49:54.967+0000] {processor.py:830} INFO - Processing file /home/airflow/.local/lib/python3.12/site-packages/airflow/example_dags/example_params_trigger_ui.py for tasks to queue
[2026-02-28T21:49:54.973+0000] {logging_mixin.py:188} INFO - [2026-02-28T21:49:54.972+0000] {dagbag.py:545} INFO - Filling up the DagBag from /home/airflow/.local/lib/python3.12/site-packages/airflow/example_dags/example_params_trigger_ui.py
[2026-02-28T21:49:55.011+0000] {processor.py:840} INFO - DAG(s) 'example_params_trigger_ui' retrieved from /home/airflow/.local/lib/python3.12/site-packages/airflow/example_dags/example_params_trigger_ui.py
[2026-02-28T21:49:55.104+0000] {logging_mixin.py:188} INFO - [2026-02-28T21:49:55.104+0000] {dag.py:3096} INFO - Sync 1 DAGs
[2026-02-28T21:49:55.126+0000] {logging_mixin.py:188} INFO - [2026-02-28T21:49:55.126+0000] {dag.py:3954} INFO - Setting next_dagrun for example_params_trigger_ui to None, run_after=None
[2026-02-28T21:49:55.174+0000] {processor.py:183} INFO - Processing /home/airflow/.local/lib/python3.12/site-packages/airflow/example_dags/example_params_trigger_ui.py took 0.222 seconds
[2026-02-28T21:50:25.862+0000] {processor.py:161} INFO - Started process (PID=1194) to work on /home/airflow/.local/lib/python3.12/site-packages/airflow/example_dags/example_params_trigger_ui.py
[2026-02-28T21:50:25.863+0000] {processor.py:830} INFO - Processing file /home/airflow/.local/lib/python3.12/site-packages/airflow/example_dags/example_params_trigger_ui.py for tasks to queue
[2026-02-28T21:50:25.864+0000] {logging_mixin.py:188} INFO - [2026-02-28T21:50:25.863+0000] {dagbag.py:545} INFO - Filling up the DagBag from /home/airflow/.local/lib/python3.12/site-packages/airflow/example_dags/example_params_trigger_ui.py
[2026-02-28T21:50:25.873+0000] {processor.py:840} INFO - DAG(s) 'example_params_trigger_ui' retrieved from /home/airflow/.local/lib/python3.12/site-packages/airflow/example_dags/example_params_trigger_ui.py
[2026-02-28T21:50:25.895+0000] {logging_mixin.py:188} INFO - [2026-02-28T21:50:25.895+0000] {dag.py:3096} INFO - Sync 1 DAGs
[2026-02-28T21:50:25.902+0000] {logging_mixin.py:188} INFO - [2026-02-28T21:50:25.902+0000] {dag.py:3954} INFO - Setting next_dagrun for example_params_trigger_ui to None, run_after=None
[2026-02-28T21:50:25.911+0000] {processor.py:183} INFO - Processing /home/airflow/.local/lib/python3.12/site-packages/airflow/example_dags/example_params_trigger_ui.py took 0.053 seconds
[2026-02-28T21:50:56.132+0000] {processor.py:161} INFO - Started process (PID=1252) to work on /home/airflow/.local/lib/python3.12/site-packages/airflow/example_dags/example_params_trigger_ui.py
[2026-02-28T21:50:56.133+0000] {processor.py:830} INFO - Processing file /home/airflow/.local/lib/python3.12/site-packages/airflow/example_dags/example_params_trigger_ui.py for tasks to queue
[2026-02-28T21:50:56.134+0000] {logging_mixin.py:188} INFO - [2026-02-28T21:50:56.134+0000] {dagbag.py:545} INFO - Filling up the DagBag from /home/airflow/.local/lib/python3.12/site-packages/airflow/example_dags/example_params_trigger_ui.py
[2026-02-28T21:50:56.144+0000] {processor.py:840} INFO - DAG(s) 'example_params_trigger_ui' retrieved from /home/airflow/.local/lib/python3.12/site-packages/airflow/example_dags/example_params_trigger_ui.py
[2026-02-28T21:50:56.171+0000] {logging_mixin.py:188} INFO - [2026-02-28T21:50:56.170+0000] {dag.py:3096} INFO - Sync 1 DAGs
[2026-02-28T21:50:56.178+0000] {logging_mixin.py:188} INFO - [2026-02-28T21:50:56.178+0000] {dag.py:3954} INFO - Setting next_dagrun for example_params_trigger_ui to None, run_after=None
[2026-02-28T21:50:56.190+0000] {processor.py:183} INFO - Processing /home/airflow/.local/lib/python3.12/site-packages/airflow/example_dags/example_params_trigger_ui.py took 0.065 seconds
[2026-02-28T21:51:26.564+0000] {processor.py:161} INFO - Started process (PID=1310) to work on /home/airflow/.local/lib/python3.12/site-packages/airflow/example_dags/example_params_trigger_ui.py
[2026-02-28T21:51:26.566+0000] {processor.py:830} INFO - Processing file /home/airflow/.local/lib/python3.12/site-packages/airflow/example_dags/example_params_trigger_ui.py for tasks to queue
[2026-02-28T21:51:26.567+0000] {logging_mixin.py:188} INFO - [2026-02-28T21:51:26.567+0000] {dagbag.py:545} INFO - Filling up the DagBag from /home/airflow/.local/lib/python3.12/site-packages/airflow/example_dags/example_params_trigger_ui.py
[2026-02-28T21:51:26.577+0000] {processor.py:840} INFO - DAG(s) 'example_params_trigger_ui' retrieved from /home/airflow/.local/lib/python3.12/site-packages/airflow/example_dags/example_params_trigger_ui.py
[2026-02-28T21:51:26.603+0000] {logging_mixin.py:188} INFO - [2026-02-28T21:51:26.603+0000] {dag.py:3096} INFO - Sync 1 DAGs
[2026-02-28T21:51:26.613+0000] {logging_mixin.py:188} INFO - [2026-02-28T21:51:26.612+0000] {dag.py:3954} INFO - Setting next_dagrun for example_params_trigger_ui to None, run_after=None
[2026-02-28T21:51:26.843+0000] {processor.py:183} INFO - Processing /home/airflow/.local/lib/python3.12/site-packages/airflow/example_dags/example_params_trigger_ui.py took 0.282 seconds
[2026-02-28T21:51:57.434+0000] {processor.py:161} INFO - Started process (PID=1368) to work on /home/airflow/.local/lib/python3.12/site-packages/airflow/example_dags/example_params_trigger_ui.py
[2026-02-28T21:51:57.439+0000] {processor.py:830} INFO - Processing file /home/airflow/.local/lib/python3.12/site-packages/airflow/example_dags/example_params_trigger_ui.py for tasks to queue
[2026-02-28T21:51:57.441+0000] {logging_mixin.py:188} INFO - [2026-02-28T21:51:57.441+0000] {dagbag.py:545} INFO - Filling up the DagBag from /home/airflow/.local/lib/python3.12/site-packages/airflow/example_dags/example_params_trigger_ui.py
[2026-02-28T21:51:57.455+0000] {processor.py:840} INFO - DAG(s) 'example_params_trigger_ui' retrieved from /home/airflow/.local/lib/python3.12/site-packages/airflow/example_dags/example_params_trigger_ui.py
[2026-02-28T21:51:57.515+0000] {logging_mixin.py:188} INFO - [2026-02-28T21:51:57.514+0000] {dag.py:3096} INFO - Sync 1 DAGs
[2026-02-28T21:51:57.525+0000] {logging_mixin.py:188} INFO - [2026-02-28T21:51:57.524+0000] {dag.py:3954} INFO - Setting next_dagrun for example_params_trigger_ui to None, run_after=None
[2026-02-28T21:51:57.650+0000] {processor.py:183} INFO - Processing /home/airflow/.local/lib/python3.12/site-packages/airflow/example_dags/example_params_trigger_ui.py took 0.230 seconds
[2026-02-28T21:52:28.027+0000] {processor.py:161} INFO - Started process (PID=1426) to work on /home/airflow/.local/lib/python3.12/site-packages/airflow/example_dags/example_params_trigger_ui.py
[2026-02-28T21:52:28.028+0000] {processor.py:830} INFO - Processing file /home/airflow/.local/lib/python3.12/site-packages/airflow/example_dags/example_params_trigger_ui.py for tasks to queue
[2026-02-28T21:52:28.030+0000] {logging_mixin.py:188} INFO - [2026-02-28T21:52:28.030+0000] {dagbag.py:545} INFO - Filling up the DagBag from /home/airflow/.local/lib/python3.12/site-packages/airflow/example_dags/example_params_trigger_ui.py
[2026-02-28T21:52:28.039+0000] {processor.py:840} INFO - DAG(s) 'example_params_trigger_ui' retrieved from /home/airflow/.local/lib/python3.12/site-packages/airflow/example_dags/example_params_trigger_ui.py
[2026-02-28T21:52:28.063+0000] {logging_mixin.py:188} INFO - [2026-02-28T21:52:28.063+0000] {dag.py:3096} INFO - Sync 1 DAGs
[2026-02-28T21:52:28.071+0000] {logging_mixin.py:188} INFO - [2026-02-28T21:52:28.071+0000] {dag.py:3954} INFO - Setting next_dagrun for example_params_trigger_ui to None, run_after=None
[2026-02-28T21:52:28.249+0000] {processor.py:183} INFO - Processing /home/airflow/.local/lib/python3.12/site-packages/airflow/example_dags/example_params_trigger_ui.py took 0.225 seconds
[2026-02-28T21:52:59.158+0000] {processor.py:161} INFO - Started process (PID=1484) to work on /home/airflow/.local/lib/python3.12/site-packages/airflow/example_dags/example_params_trigger_ui.py
[2026-02-28T21:52:59.159+0000] {processor.py:830} INFO - Processing file /home/airflow/.local/lib/python3.12/site-packages/airflow/example_dags/example_params_trigger_ui.py for tasks to queue
[2026-02-28T21:52:59.161+0000] {logging_mixin.py:188} INFO - [2026-02-28T21:52:59.160+0000] {dagbag.py:545} INFO - Filling up the DagBag from /home/airflow/.local/lib/python3.12/site-packages/airflow/example_dags/example_params_trigger_ui.py
[2026-02-28T21:52:59.169+0000] {processor.py:840} INFO - DAG(s) 'example_params_trigger_ui' retrieved from /home/airflow/.local/lib/python3.12/site-packages/airflow/example_dags/example_params_trigger_ui.py
[2026-02-28T21:52:59.191+0000] {logging_mixin.py:188} INFO - [2026-02-28T21:52:59.191+0000] {dag.py:3096} INFO - Sync 1 DAGs
[2026-02-28T21:52:59.203+0000] {logging_mixin.py:188} INFO - [2026-02-28T21:52:59.203+0000] {dag.py:3954} INFO - Setting next_dagrun for example_params_trigger_ui to None, run_after=None
[2026-02-28T21:52:59.350+0000] {processor.py:183} INFO - Processing /home/airflow/.local/lib/python3.12/site-packages/airflow/example_dags/example_params_trigger_ui.py took 0.196 seconds
[2026-02-28T21:53:30.136+0000] {processor.py:161} INFO - Started process (PID=1548) to work on /home/airflow/.local/lib/python3.12/site-packages/airflow/example_dags/example_params_trigger_ui.py
[2026-02-28T21:53:30.137+0000] {processor.py:830} INFO - Processing file /home/airflow/.local/lib/python3.12/site-packages/airflow/example_dags/example_params_trigger_ui.py for tasks to queue
[2026-02-28T21:53:30.143+0000] {logging_mixin.py:188} INFO - [2026-02-28T21:53:30.142+0000] {dagbag.py:545} INFO - Filling up the DagBag from /home/airflow/.local/lib/python3.12/site-packages/airflow/example_dags/example_params_trigger_ui.py
[2026-02-28T21:53:30.162+0000] {processor.py:840} INFO - DAG(s) 'example_params_trigger_ui' retrieved from /home/airflow/.local/lib/python3.12/site-packages/airflow/example_dags/example_params_trigger_ui.py
[2026-02-28T21:53:30.211+0000] {logging_mixin.py:188} INFO - [2026-02-28T21:53:30.211+0000] {dag.py:3096} INFO - Sync 1 DAGs
[2026-02-28T21:53:30.223+0000] {logging_mixin.py:188} INFO - [2026-02-28T21:53:30.222+0000] {dag.py:3954} INFO - Setting next_dagrun for example_params_trigger_ui to None, run_after=None
[2026-02-28T21:53:30.435+0000] {processor.py:183} INFO - Processing /home/airflow/.local/lib/python3.12/site-packages/airflow/example_dags/example_params_trigger_ui.py took 0.306 seconds
[2026-02-28T21:54:00.860+0000] {processor.py:161} INFO - Started process (PID=1606) to work on /home/airflow/.local/lib/python3.12/site-packages/airflow/example_dags/example_params_trigger_ui.py
[2026-02-28T21:54:00.862+0000] {processor.py:830} INFO - Processing file /home/airflow/.local/lib/python3.12/site-packages/airflow/example_dags/example_params_trigger_ui.py for tasks to queue
[2026-02-28T21:54:00.863+0000] {logging_mixin.py:188} INFO - [2026-02-28T21:54:00.863+0000] {dagbag.py:545} INFO - Filling up the DagBag from /home/airflow/.local/lib/python3.12/site-packages/airflow/example_dags/example_params_trigger_ui.py
[2026-02-28T21:54:00.880+0000] {processor.py:840} INFO - DAG(s) 'example_params_trigger_ui' retrieved from /home/airflow/.local/lib/python3.12/site-packages/airflow/example_dags/example_params_trigger_ui.py
[2026-02-28T21:54:00.906+0000] {logging_mixin.py:188} INFO - [2026-02-28T21:54:00.906+0000] {dag.py:3096} INFO - Sync 1 DAGs
[2026-02-28T21:54:00.915+0000] {logging_mixin.py:188} INFO - [2026-02-28T21:54:00.915+0000] {dag.py:3954} INFO - Setting next_dagrun for example_params_trigger_ui to None, run_after=None
[2026-02-28T21:54:00.929+0000] {processor.py:183} INFO - Processing /home/airflow/.local/lib/python3.12/site-packages/airflow/example_dags/example_params_trigger_ui.py took 0.073 seconds
[2026-02-28T21:54:31.513+0000] {processor.py:161} INFO - Started process (PID=1664) to work on /home/airflow/.local/lib/python3.12/site-packages/airflow/example_dags/example_params_trigger_ui.py
[2026-02-28T21:54:31.514+0000] {processor.py:830} INFO - Processing file /home/airflow/.local/lib/python3.12/site-packages/airflow/example_dags/example_params_trigger_ui.py for tasks to queue
[2026-02-28T21:54:31.517+0000] {logging_mixin.py:188} INFO - [2026-02-28T21:54:31.516+0000] {dagbag.py:545} INFO - Filling up the DagBag from /home/airflow/.local/lib/python3.12/site-packages/airflow/example_dags/example_params_trigger_ui.py
[2026-02-28T21:54:31.536+0000] {processor.py:840} INFO - DAG(s) 'example_params_trigger_ui' retrieved from /home/airflow/.local/lib/python3.12/site-packages/airflow/example_dags/example_params_trigger_ui.py
[2026-02-28T21:54:31.570+0000] {logging_mixin.py:188} INFO - [2026-02-28T21:54:31.570+0000] {dag.py:3096} INFO - Sync 1 DAGs
[2026-02-28T21:54:31.578+0000] {logging_mixin.py:188} INFO - [2026-02-28T21:54:31.578+0000] {dag.py:3954} INFO - Setting next_dagrun for example_params_trigger_ui to None, run_after=None
[2026-02-28T21:54:31.593+0000] {processor.py:183} INFO - Processing /home/airflow/.local/lib/python3.12/site-packages/airflow/example_dags/example_params_trigger_ui.py took 0.085 seconds
[2026-02-28T21:55:02.792+0000] {processor.py:161} INFO - Started process (PID=1725) to work on /home/airflow/.local/lib/python3.12/site-packages/airflow/example_dags/example_params_trigger_ui.py
[2026-02-28T21:55:02.794+0000] {processor.py:830} INFO - Processing file /home/airflow/.local/lib/python3.12/site-packages/airflow/example_dags/example_params_trigger_ui.py for tasks to queue
[2026-02-28T21:55:02.796+0000] {logging_mixin.py:188} INFO - [2026-02-28T21:55:02.796+0000] {dagbag.py:545} INFO - Filling up the DagBag from /home/airflow/.local/lib/python3.12/site-packages/airflow/example_dags/example_params_trigger_ui.py
[2026-02-28T21:55:02.822+0000] {processor.py:840} INFO - DAG(s) 'example_params_trigger_ui' retrieved from /home/airflow/.local/lib/python3.12/site-packages/airflow/example_dags/example_params_trigger_ui.py
[2026-02-28T21:55:02.933+0000] {logging_mixin.py:188} INFO - [2026-02-28T21:55:02.930+0000] {dag.py:3096} INFO - Sync 1 DAGs
[2026-02-28T21:55:02.961+0000] {logging_mixin.py:188} INFO - [2026-02-28T21:55:02.960+0000] {dag.py:3954} INFO - Setting next_dagrun for example_params_trigger_ui to None, run_after=None
[2026-02-28T21:55:02.997+0000] {processor.py:183} INFO - Processing /home/airflow/.local/lib/python3.12/site-packages/airflow/example_dags/example_params_trigger_ui.py took 0.217 seconds
[2026-02-28T21:55:35.005+0000] {processor.py:161} INFO - Started process (PID=1783) to work on /home/airflow/.local/lib/python3.12/site-packages/airflow/example_dags/example_params_trigger_ui.py
[2026-02-28T21:55:35.012+0000] {processor.py:830} INFO - Processing file /home/airflow/.local/lib/python3.12/site-packages/airflow/example_dags/example_params_trigger_ui.py for tasks to queue
[2026-02-28T21:55:35.042+0000] {logging_mixin.py:188} INFO - [2026-02-28T21:55:35.034+0000] {dagbag.py:545} INFO - Filling up the DagBag from /home/airflow/.local/lib/python3.12/site-packages/airflow/example_dags/example_params_trigger_ui.py
[2026-02-28T21:55:35.148+0000] {processor.py:840} INFO - DAG(s) 'example_params_trigger_ui' retrieved from /home/airflow/.local/lib/python3.12/site-packages/airflow/example_dags/example_params_trigger_ui.py
[2026-02-28T21:55:35.329+0000] {logging_mixin.py:188} INFO - [2026-02-28T21:55:35.328+0000] {dag.py:3096} INFO - Sync 1 DAGs
[2026-02-28T21:55:35.463+0000] {logging_mixin.py:188} INFO - [2026-02-28T21:55:35.461+0000] {dag.py:3954} INFO - Setting next_dagrun for example_params_trigger_ui to None, run_after=None
[2026-02-28T21:55:35.625+0000] {processor.py:183} INFO - Processing /home/airflow/.local/lib/python3.12/site-packages/airflow/example_dags/example_params_trigger_ui.py took 0.673 seconds
[2026-02-28T21:56:06.463+0000] {processor.py:161} INFO - Started process (PID=1841) to work on /home/airflow/.local/lib/python3.12/site-packages/airflow/example_dags/example_params_trigger_ui.py
[2026-02-28T21:56:06.467+0000] {processor.py:830} INFO - Processing file /home/airflow/.local/lib/python3.12/site-packages/airflow/example_dags/example_params_trigger_ui.py for tasks to queue
[2026-02-28T21:56:06.469+0000] {logging_mixin.py:188} INFO - [2026-02-28T21:56:06.468+0000] {dagbag.py:545} INFO - Filling up the DagBag from /home/airflow/.local/lib/python3.12/site-packages/airflow/example_dags/example_params_trigger_ui.py
[2026-02-28T21:56:06.505+0000] {processor.py:840} INFO - DAG(s) 'example_params_trigger_ui' retrieved from /home/airflow/.local/lib/python3.12/site-packages/airflow/example_dags/example_params_trigger_ui.py
[2026-02-28T21:56:06.572+0000] {logging_mixin.py:188} INFO - [2026-02-28T21:56:06.570+0000] {dag.py:3096} INFO - Sync 1 DAGs
[2026-02-28T21:56:06.596+0000] {logging_mixin.py:188} INFO - [2026-02-28T21:56:06.595+0000] {dag.py:3954} INFO - Setting next_dagrun for example_params_trigger_ui to None, run_after=None
[2026-02-28T21:56:06.625+0000] {processor.py:183} INFO - Processing /home/airflow/.local/lib/python3.12/site-packages/airflow/example_dags/example_params_trigger_ui.py took 0.167 seconds
[2026-02-28T21:56:37.185+0000] {processor.py:161} INFO - Started process (PID=1898) to work on /home/airflow/.local/lib/python3.12/site-packages/airflow/example_dags/example_params_trigger_ui.py
[2026-02-28T21:56:37.188+0000] {processor.py:830} INFO - Processing file /home/airflow/.local/lib/python3.12/site-packages/airflow/example_dags/example_params_trigger_ui.py for tasks to queue
[2026-02-28T21:56:37.190+0000] {logging_mixin.py:188} INFO - [2026-02-28T21:56:37.190+0000] {dagbag.py:545} INFO - Filling up the DagBag from /home/airflow/.local/lib/python3.12/site-packages/airflow/example_dags/example_params_trigger_ui.py
[2026-02-28T21:56:37.201+0000] {processor.py:840} INFO - DAG(s) 'example_params_trigger_ui' retrieved from /home/airflow/.local/lib/python3.12/site-packages/airflow/example_dags/example_params_trigger_ui.py
[2026-02-28T21:56:37.227+0000] {logging_mixin.py:188} INFO - [2026-02-28T21:56:37.227+0000] {dag.py:3096} INFO - Sync 1 DAGs
[2026-02-28T21:56:37.235+0000] {logging_mixin.py:188} INFO - [2026-02-28T21:56:37.234+0000] {dag.py:3954} INFO - Setting next_dagrun for example_params_trigger_ui to None, run_after=None
[2026-02-28T21:56:37.244+0000] {processor.py:183} INFO - Processing /home/airflow/.local/lib/python3.12/site-packages/airflow/example_dags/example_params_trigger_ui.py took 0.063 seconds
[2026-02-28T21:57:07.479+0000] {processor.py:161} INFO - Started process (PID=1956) to work on /home/airflow/.local/lib/python3.12/site-packages/airflow/example_dags/example_params_trigger_ui.py
[2026-02-28T21:57:07.480+0000] {processor.py:830} INFO - Processing file /home/airflow/.local/lib/python3.12/site-packages/airflow/example_dags/example_params_trigger_ui.py for tasks to queue
[2026-02-28T21:57:07.481+0000] {logging_mixin.py:188} INFO - [2026-02-28T21:57:07.481+0000] {dagbag.py:545} INFO - Filling up the DagBag from /home/airflow/.local/lib/python3.12/site-packages/airflow/example_dags/example_params_trigger_ui.py
[2026-02-28T21:57:07.490+0000] {processor.py:840} INFO - DAG(s) 'example_params_trigger_ui' retrieved from /home/airflow/.local/lib/python3.12/site-packages/airflow/example_dags/example_params_trigger_ui.py
[2026-02-28T21:57:07.511+0000] {logging_mixin.py:188} INFO - [2026-02-28T21:57:07.511+0000] {dag.py:3096} INFO - Sync 1 DAGs
[2026-02-28T21:57:07.517+0000] {logging_mixin.py:188} INFO - [2026-02-28T21:57:07.517+0000] {dag.py:3954} INFO - Setting next_dagrun for example_params_trigger_ui to None, run_after=None
[2026-02-28T21:57:07.525+0000] {processor.py:183} INFO - Processing /home/airflow/.local/lib/python3.12/site-packages/airflow/example_dags/example_params_trigger_ui.py took 0.049 seconds
[2026-02-28T21:57:37.990+0000] {processor.py:161} INFO - Started process (PID=2014) to work on /home/airflow/.local/lib/python3.12/site-packages/airflow/example_dags/example_params_trigger_ui.py
[2026-02-28T21:57:37.991+0000] {processor.py:830} INFO - Processing file /home/airflow/.local/lib/python3.12/site-packages/airflow/example_dags/example_params_trigger_ui.py for tasks to queue
[2026-02-28T21:57:37.992+0000] {logging_mixin.py:188} INFO - [2026-02-28T21:57:37.992+0000] {dagbag.py:545} INFO - Filling up the DagBag from /home/airflow/.local/lib/python3.12/site-packages/airflow/example_dags/example_params_trigger_ui.py
[2026-02-28T21:57:38.012+0000] {processor.py:840} INFO - DAG(s) 'example_params_trigger_ui' retrieved from /home/airflow/.local/lib/python3.12/site-packages/airflow/example_dags/example_params_trigger_ui.py
[2026-02-28T21:57:38.049+0000] {logging_mixin.py:188} INFO - [2026-02-28T21:57:38.049+0000] {dag.py:3096} INFO - Sync 1 DAGs
[2026-02-28T21:57:38.060+0000] {logging_mixin.py:188} INFO - [2026-02-28T21:57:38.060+0000] {dag.py:3954} INFO - Setting next_dagrun for example_params_trigger_ui to None, run_after=None
[2026-02-28T21:57:38.074+0000] {processor.py:183} INFO - Processing /home/airflow/.local/lib/python3.12/site-packages/airflow/example_dags/example_params_trigger_ui.py took 0.093 seconds
[2026-02-28T21:58:08.096+0000] {processor.py:161} INFO - Started process (PID=2072) to work on /home/airflow/.local/lib/python3.12/site-packages/airflow/example_dags/example_params_trigger_ui.py
[2026-02-28T21:58:08.098+0000] {processor.py:830} INFO - Processing file /home/airflow/.local/lib/python3.12/site-packages/airflow/example_dags/example_params_trigger_ui.py for tasks to queue
[2026-02-28T21:58:08.099+0000] {logging_mixin.py:188} INFO - [2026-02-28T21:58:08.099+0000] {dagbag.py:545} INFO - Filling up the DagBag from /home/airflow/.local/lib/python3.12/site-packages/airflow/example_dags/example_params_trigger_ui.py
[2026-02-28T21:58:08.127+0000] {processor.py:840} INFO - DAG(s) 'example_params_trigger_ui' retrieved from /home/airflow/.local/lib/python3.12/site-packages/airflow/example_dags/example_params_trigger_ui.py
[2026-02-28T21:58:08.177+0000] {logging_mixin.py:188} INFO - [2026-02-28T21:58:08.176+0000] {dag.py:3096} INFO - Sync 1 DAGs
[2026-02-28T21:58:08.188+0000] {logging_mixin.py:188} INFO - [2026-02-28T21:58:08.188+0000] {dag.py:3954} INFO - Setting next_dagrun for example_params_trigger_ui to None, run_after=None
[2026-02-28T21:58:08.201+0000] {processor.py:183} INFO - Processing /home/airflow/.local/lib/python3.12/site-packages/airflow/example_dags/example_params_trigger_ui.py took 0.108 seconds
[2026-02-28T21:58:39.071+0000] {processor.py:161} INFO - Started process (PID=2130) to work on /home/airflow/.local/lib/python3.12/site-packages/airflow/example_dags/example_params_trigger_ui.py
[2026-02-28T21:58:39.072+0000] {processor.py:830} INFO - Processing file /home/airflow/.local/lib/python3.12/site-packages/airflow/example_dags/example_params_trigger_ui.py for tasks to queue
[2026-02-28T21:58:39.073+0000] {logging_mixin.py:188} INFO - [2026-02-28T21:58:39.073+0000] {dagbag.py:545} INFO - Filling up the DagBag from /home/airflow/.local/lib/python3.12/site-packages/airflow/example_dags/example_params_trigger_ui.py
[2026-02-28T21:58:39.085+0000] {processor.py:840} INFO - DAG(s) 'example_params_trigger_ui' retrieved from /home/airflow/.local/lib/python3.12/site-packages/airflow/example_dags/example_params_trigger_ui.py
[2026-02-28T21:58:39.108+0000] {logging_mixin.py:188} INFO - [2026-02-28T21:58:39.108+0000] {dag.py:3096} INFO - Sync 1 DAGs
[2026-02-28T21:58:39.114+0000] {logging_mixin.py:188} INFO - [2026-02-28T21:58:39.114+0000] {dag.py:3954} INFO - Setting next_dagrun for example_params_trigger_ui to None, run_after=None
[2026-02-28T21:58:39.122+0000] {processor.py:183} INFO - Processing /home/airflow/.local/lib/python3.12/site-packages/airflow/example_dags/example_params_trigger_ui.py took 0.054 seconds
[2026-02-28T21:59:09.422+0000] {processor.py:161} INFO - Started process (PID=2188) to work on /home/airflow/.local/lib/python3.12/site-packages/airflow/example_dags/example_params_trigger_ui.py
[2026-02-28T21:59:09.423+0000] {processor.py:830} INFO - Processing file /home/airflow/.local/lib/python3.12/site-packages/airflow/example_dags/example_params_trigger_ui.py for tasks to queue
[2026-02-28T21:59:09.424+0000] {logging_mixin.py:188} INFO - [2026-02-28T21:59:09.424+0000] {dagbag.py:545} INFO - Filling up the DagBag from /home/airflow/.local/lib/python3.12/site-packages/airflow/example_dags/example_params_trigger_ui.py
[2026-02-28T21:59:09.435+0000] {processor.py:840} INFO - DAG(s) 'example_params_trigger_ui' retrieved from /home/airflow/.local/lib/python3.12/site-packages/airflow/example_dags/example_params_trigger_ui.py
[2026-02-28T21:59:09.460+0000] {logging_mixin.py:188} INFO - [2026-02-28T21:59:09.459+0000] {dag.py:3096} INFO - Sync 1 DAGs
[2026-02-28T21:59:09.468+0000] {logging_mixin.py:188} INFO - [2026-02-28T21:59:09.468+0000] {dag.py:3954} INFO - Setting next_dagrun for example_params_trigger_ui to None, run_after=None
[2026-02-28T21:59:09.817+0000] {processor.py:183} INFO - Processing /home/airflow/.local/lib/python3.12/site-packages/airflow/example_dags/example_params_trigger_ui.py took 0.399 seconds
[2026-02-28T21:59:40.282+0000] {processor.py:161} INFO - Started process (PID=2249) to work on /home/airflow/.local/lib/python3.12/site-packages/airflow/example_dags/example_params_trigger_ui.py
[2026-02-28T21:59:40.283+0000] {processor.py:830} INFO - Processing file /home/airflow/.local/lib/python3.12/site-packages/airflow/example_dags/example_params_trigger_ui.py for tasks to queue
[2026-02-28T21:59:40.285+0000] {logging_mixin.py:188} INFO - [2026-02-28T21:59:40.285+0000] {dagbag.py:545} INFO - Filling up the DagBag from /home/airflow/.local/lib/python3.12/site-packages/airflow/example_dags/example_params_trigger_ui.py
[2026-02-28T21:59:40.302+0000] {processor.py:840} INFO - DAG(s) 'example_params_trigger_ui' retrieved from /home/airflow/.local/lib/python3.12/site-packages/airflow/example_dags/example_params_trigger_ui.py
[2026-02-28T21:59:40.337+0000] {logging_mixin.py:188} INFO - [2026-02-28T21:59:40.336+0000] {dag.py:3096} INFO - Sync 1 DAGs
[2026-02-28T21:59:40.461+0000] {logging_mixin.py:188} INFO - [2026-02-28T21:59:40.461+0000] {dag.py:3954} INFO - Setting next_dagrun for example_params_trigger_ui to None, run_after=None
[2026-02-28T21:59:40.469+0000] {processor.py:183} INFO - Processing /home/airflow/.local/lib/python3.12/site-packages/airflow/example_dags/example_params_trigger_ui.py took 0.193 seconds
[2026-02-28T22:00:11.027+0000] {processor.py:161} INFO - Started process (PID=2304) to work on /home/airflow/.local/lib/python3.12/site-packages/airflow/example_dags/example_params_trigger_ui.py
[2026-02-28T22:00:11.029+0000] {processor.py:830} INFO - Processing file /home/airflow/.local/lib/python3.12/site-packages/airflow/example_dags/example_params_trigger_ui.py for tasks to queue
[2026-02-28T22:00:11.030+0000] {logging_mixin.py:188} INFO - [2026-02-28T22:00:11.030+0000] {dagbag.py:545} INFO - Filling up the DagBag from /home/airflow/.local/lib/python3.12/site-packages/airflow/example_dags/example_params_trigger_ui.py
[2026-02-28T22:00:11.050+0000] {processor.py:840} INFO - DAG(s) 'example_params_trigger_ui' retrieved from /home/airflow/.local/lib/python3.12/site-packages/airflow/example_dags/example_params_trigger_ui.py
[2026-02-28T22:00:11.084+0000] {logging_mixin.py:188} INFO - [2026-02-28T22:00:11.083+0000] {dag.py:3096} INFO - Sync 1 DAGs
[2026-02-28T22:00:11.255+0000] {logging_mixin.py:188} INFO - [2026-02-28T22:00:11.255+0000] {dag.py:3954} INFO - Setting next_dagrun for example_params_trigger_ui to None, run_after=None
[2026-02-28T22:00:11.271+0000] {processor.py:183} INFO - Processing /home/airflow/.local/lib/python3.12/site-packages/airflow/example_dags/example_params_trigger_ui.py took 0.251 seconds
[2026-02-28T22:00:42.251+0000] {processor.py:161} INFO - Started process (PID=2362) to work on /home/airflow/.local/lib/python3.12/site-packages/airflow/example_dags/example_params_trigger_ui.py
[2026-02-28T22:00:42.253+0000] {processor.py:830} INFO - Processing file /home/airflow/.local/lib/python3.12/site-packages/airflow/example_dags/example_params_trigger_ui.py for tasks to queue
[2026-02-28T22:00:42.257+0000] {logging_mixin.py:188} INFO - [2026-02-28T22:00:42.257+0000] {dagbag.py:545} INFO - Filling up the DagBag from /home/airflow/.local/lib/python3.12/site-packages/airflow/example_dags/example_params_trigger_ui.py
[2026-02-28T22:00:42.284+0000] {processor.py:840} INFO - DAG(s) 'example_params_trigger_ui' retrieved from /home/airflow/.local/lib/python3.12/site-packages/airflow/example_dags/example_params_trigger_ui.py
[2026-02-28T22:00:42.340+0000] {logging_mixin.py:188} INFO - [2026-02-28T22:00:42.339+0000] {dag.py:3096} INFO - Sync 1 DAGs
[2026-02-28T22:00:42.357+0000] {logging_mixin.py:188} INFO - [2026-02-28T22:00:42.356+0000] {dag.py:3954} INFO - Setting next_dagrun for example_params_trigger_ui to None, run_after=None
[2026-02-28T22:00:42.382+0000] {processor.py:183} INFO - Processing /home/airflow/.local/lib/python3.12/site-packages/airflow/example_dags/example_params_trigger_ui.py took 0.140 seconds
[2026-02-28T22:01:12.959+0000] {processor.py:161} INFO - Started process (PID=2419) to work on /home/airflow/.local/lib/python3.12/site-packages/airflow/example_dags/example_params_trigger_ui.py
[2026-02-28T22:01:12.961+0000] {processor.py:830} INFO - Processing file /home/airflow/.local/lib/python3.12/site-packages/airflow/example_dags/example_params_trigger_ui.py for tasks to queue
[2026-02-28T22:01:12.965+0000] {logging_mixin.py:188} INFO - [2026-02-28T22:01:12.964+0000] {dagbag.py:545} INFO - Filling up the DagBag from /home/airflow/.local/lib/python3.12/site-packages/airflow/example_dags/example_params_trigger_ui.py
[2026-02-28T22:01:12.987+0000] {processor.py:840} INFO - DAG(s) 'example_params_trigger_ui' retrieved from /home/airflow/.local/lib/python3.12/site-packages/airflow/example_dags/example_params_trigger_ui.py
[2026-02-28T22:01:13.026+0000] {logging_mixin.py:188} INFO - [2026-02-28T22:01:13.026+0000] {dag.py:3096} INFO - Sync 1 DAGs
[2026-02-28T22:01:13.036+0000] {logging_mixin.py:188} INFO - [2026-02-28T22:01:13.036+0000] {dag.py:3954} INFO - Setting next_dagrun for example_params_trigger_ui to None, run_after=None
[2026-02-28T22:01:13.060+0000] {processor.py:183} INFO - Processing /home/airflow/.local/lib/python3.12/site-packages/airflow/example_dags/example_params_trigger_ui.py took 0.113 seconds
[2026-02-28T22:01:43.285+0000] {processor.py:161} INFO - Started process (PID=2477) to work on /home/airflow/.local/lib/python3.12/site-packages/airflow/example_dags/example_params_trigger_ui.py
[2026-02-28T22:01:43.287+0000] {processor.py:830} INFO - Processing file /home/airflow/.local/lib/python3.12/site-packages/airflow/example_dags/example_params_trigger_ui.py for tasks to queue
[2026-02-28T22:01:43.291+0000] {logging_mixin.py:188} INFO - [2026-02-28T22:01:43.290+0000] {dagbag.py:545} INFO - Filling up the DagBag from /home/airflow/.local/lib/python3.12/site-packages/airflow/example_dags/example_params_trigger_ui.py
[2026-02-28T22:01:43.314+0000] {processor.py:840} INFO - DAG(s) 'example_params_trigger_ui' retrieved from /home/airflow/.local/lib/python3.12/site-packages/airflow/example_dags/example_params_trigger_ui.py
[2026-02-28T22:01:43.348+0000] {logging_mixin.py:188} INFO - [2026-02-28T22:01:43.347+0000] {dag.py:3096} INFO - Sync 1 DAGs
[2026-02-28T22:01:43.363+0000] {logging_mixin.py:188} INFO - [2026-02-28T22:01:43.362+0000] {dag.py:3954} INFO - Setting next_dagrun for example_params_trigger_ui to None, run_after=None
[2026-02-28T22:01:43.381+0000] {processor.py:183} INFO - Processing /home/airflow/.local/lib/python3.12/site-packages/airflow/example_dags/example_params_trigger_ui.py took 0.102 seconds
[2026-02-28T22:02:14.253+0000] {processor.py:161} INFO - Started process (PID=2535) to work on /home/airflow/.local/lib/python3.12/site-packages/airflow/example_dags/example_params_trigger_ui.py
[2026-02-28T22:02:14.256+0000] {processor.py:830} INFO - Processing file /home/airflow/.local/lib/python3.12/site-packages/airflow/example_dags/example_params_trigger_ui.py for tasks to queue
[2026-02-28T22:02:14.259+0000] {logging_mixin.py:188} INFO - [2026-02-28T22:02:14.259+0000] {dagbag.py:545} INFO - Filling up the DagBag from /home/airflow/.local/lib/python3.12/site-packages/airflow/example_dags/example_params_trigger_ui.py
[2026-02-28T22:02:14.278+0000] {processor.py:840} INFO - DAG(s) 'example_params_trigger_ui' retrieved from /home/airflow/.local/lib/python3.12/site-packages/airflow/example_dags/example_params_trigger_ui.py
[2026-02-28T22:02:14.315+0000] {logging_mixin.py:188} INFO - [2026-02-28T22:02:14.315+0000] {dag.py:3096} INFO - Sync 1 DAGs
[2026-02-28T22:02:14.326+0000] {logging_mixin.py:188} INFO - [2026-02-28T22:02:14.325+0000] {dag.py:3954} INFO - Setting next_dagrun for example_params_trigger_ui to None, run_after=None
[2026-02-28T22:02:14.335+0000] {processor.py:183} INFO - Processing /home/airflow/.local/lib/python3.12/site-packages/airflow/example_dags/example_params_trigger_ui.py took 0.090 seconds
[2026-02-28T22:02:44.602+0000] {processor.py:161} INFO - Started process (PID=2593) to work on /home/airflow/.local/lib/python3.12/site-packages/airflow/example_dags/example_params_trigger_ui.py
[2026-02-28T22:02:44.603+0000] {processor.py:830} INFO - Processing file /home/airflow/.local/lib/python3.12/site-packages/airflow/example_dags/example_params_trigger_ui.py for tasks to queue
[2026-02-28T22:02:44.605+0000] {logging_mixin.py:188} INFO - [2026-02-28T22:02:44.604+0000] {dagbag.py:545} INFO - Filling up the DagBag from /home/airflow/.local/lib/python3.12/site-packages/airflow/example_dags/example_params_trigger_ui.py
[2026-02-28T22:02:44.619+0000] {processor.py:840} INFO - DAG(s) 'example_params_trigger_ui' retrieved from /home/airflow/.local/lib/python3.12/site-packages/airflow/example_dags/example_params_trigger_ui.py
[2026-02-28T22:02:44.654+0000] {logging_mixin.py:188} INFO - [2026-02-28T22:02:44.654+0000] {dag.py:3096} INFO - Sync 1 DAGs
[2026-02-28T22:02:44.668+0000] {logging_mixin.py:188} INFO - [2026-02-28T22:02:44.668+0000] {dag.py:3954} INFO - Setting next_dagrun for example_params_trigger_ui to None, run_after=None
[2026-02-28T22:02:44.681+0000] {processor.py:183} INFO - Processing /home/airflow/.local/lib/python3.12/site-packages/airflow/example_dags/example_params_trigger_ui.py took 0.084 seconds
[2026-02-28T22:03:14.719+0000] {processor.py:161} INFO - Started process (PID=2650) to work on /home/airflow/.local/lib/python3.12/site-packages/airflow/example_dags/example_params_trigger_ui.py
[2026-02-28T22:03:14.722+0000] {processor.py:830} INFO - Processing file /home/airflow/.local/lib/python3.12/site-packages/airflow/example_dags/example_params_trigger_ui.py for tasks to queue
[2026-02-28T22:03:14.724+0000] {logging_mixin.py:188} INFO - [2026-02-28T22:03:14.723+0000] {dagbag.py:545} INFO - Filling up the DagBag from /home/airflow/.local/lib/python3.12/site-packages/airflow/example_dags/example_params_trigger_ui.py
[2026-02-28T22:03:14.736+0000] {processor.py:840} INFO - DAG(s) 'example_params_trigger_ui' retrieved from /home/airflow/.local/lib/python3.12/site-packages/airflow/example_dags/example_params_trigger_ui.py
[2026-02-28T22:03:14.760+0000] {logging_mixin.py:188} INFO - [2026-02-28T22:03:14.760+0000] {dag.py:3096} INFO - Sync 1 DAGs
[2026-02-28T22:03:14.774+0000] {logging_mixin.py:188} INFO - [2026-02-28T22:03:14.774+0000] {dag.py:3954} INFO - Setting next_dagrun for example_params_trigger_ui to None, run_after=None
[2026-02-28T22:03:14.787+0000] {processor.py:183} INFO - Processing /home/airflow/.local/lib/python3.12/site-packages/airflow/example_dags/example_params_trigger_ui.py took 0.072 seconds
[2026-02-28T22:03:45.930+0000] {processor.py:161} INFO - Started process (PID=2708) to work on /home/airflow/.local/lib/python3.12/site-packages/airflow/example_dags/example_params_trigger_ui.py
[2026-02-28T22:03:45.932+0000] {processor.py:830} INFO - Processing file /home/airflow/.local/lib/python3.12/site-packages/airflow/example_dags/example_params_trigger_ui.py for tasks to queue
[2026-02-28T22:03:45.934+0000] {logging_mixin.py:188} INFO - [2026-02-28T22:03:45.934+0000] {dagbag.py:545} INFO - Filling up the DagBag from /home/airflow/.local/lib/python3.12/site-packages/airflow/example_dags/example_params_trigger_ui.py
[2026-02-28T22:03:45.949+0000] {processor.py:840} INFO - DAG(s) 'example_params_trigger_ui' retrieved from /home/airflow/.local/lib/python3.12/site-packages/airflow/example_dags/example_params_trigger_ui.py
[2026-02-28T22:03:45.995+0000] {logging_mixin.py:188} INFO - [2026-02-28T22:03:45.995+0000] {dag.py:3096} INFO - Sync 1 DAGs
[2026-02-28T22:03:46.006+0000] {logging_mixin.py:188} INFO - [2026-02-28T22:03:46.006+0000] {dag.py:3954} INFO - Setting next_dagrun for example_params_trigger_ui to None, run_after=None
[2026-02-28T22:03:46.025+0000] {processor.py:183} INFO - Processing /home/airflow/.local/lib/python3.12/site-packages/airflow/example_dags/example_params_trigger_ui.py took 0.100 seconds
[2026-02-28T22:04:16.674+0000] {processor.py:161} INFO - Started process (PID=2766) to work on /home/airflow/.local/lib/python3.12/site-packages/airflow/example_dags/example_params_trigger_ui.py
[2026-02-28T22:04:16.677+0000] {processor.py:830} INFO - Processing file /home/airflow/.local/lib/python3.12/site-packages/airflow/example_dags/example_params_trigger_ui.py for tasks to queue
[2026-02-28T22:04:16.679+0000] {logging_mixin.py:188} INFO - [2026-02-28T22:04:16.678+0000] {dagbag.py:545} INFO - Filling up the DagBag from /home/airflow/.local/lib/python3.12/site-packages/airflow/example_dags/example_params_trigger_ui.py
[2026-02-28T22:04:16.692+0000] {processor.py:840} INFO - DAG(s) 'example_params_trigger_ui' retrieved from /home/airflow/.local/lib/python3.12/site-packages/airflow/example_dags/example_params_trigger_ui.py
[2026-02-28T22:04:16.722+0000] {logging_mixin.py:188} INFO - [2026-02-28T22:04:16.722+0000] {dag.py:3096} INFO - Sync 1 DAGs
[2026-02-28T22:04:16.730+0000] {logging_mixin.py:188} INFO - [2026-02-28T22:04:16.730+0000] {dag.py:3954} INFO - Setting next_dagrun for example_params_trigger_ui to None, run_after=None
[2026-02-28T22:04:16.743+0000] {processor.py:183} INFO - Processing /home/airflow/.local/lib/python3.12/site-packages/airflow/example_dags/example_params_trigger_ui.py took 0.074 seconds
