[2026-02-28T21:39:57.979+0000] {processor.py:161} INFO - Started process (PID=54) to work on /home/airflow/.local/lib/python3.12/site-packages/airflow/example_dags/example_xcomargs.py
[2026-02-28T21:39:57.984+0000] {processor.py:830} INFO - Processing file /home/airflow/.local/lib/python3.12/site-packages/airflow/example_dags/example_xcomargs.py for tasks to queue
[2026-02-28T21:39:57.992+0000] {logging_mixin.py:188} INFO - [2026-02-28T21:39:57.991+0000] {dagbag.py:545} INFO - Filling up the DagBag from /home/airflow/.local/lib/python3.12/site-packages/airflow/example_dags/example_xcomargs.py
[2026-02-28T21:39:58.044+0000] {processor.py:840} INFO - DAG(s) 'example_xcom_args', 'example_xcom_args_with_operators' retrieved from /home/airflow/.local/lib/python3.12/site-packages/airflow/example_dags/example_xcomargs.py
[2026-02-28T21:39:58.103+0000] {logging_mixin.py:188} INFO - [2026-02-28T21:39:58.102+0000] {dag.py:3096} INFO - Sync 2 DAGs
[2026-02-28T21:39:58.178+0000] {logging_mixin.py:188} INFO - [2026-02-28T21:39:58.178+0000] {dag.py:3954} INFO - Setting next_dagrun for example_xcom_args to None, run_after=None
[2026-02-28T21:39:58.191+0000] {logging_mixin.py:188} INFO - [2026-02-28T21:39:58.191+0000] {dag.py:3954} INFO - Setting next_dagrun for example_xcom_args_with_operators to None, run_after=None
[2026-02-28T21:39:58.267+0000] {processor.py:183} INFO - Processing /home/airflow/.local/lib/python3.12/site-packages/airflow/example_dags/example_xcomargs.py took 0.305 seconds
[2026-02-28T21:40:28.325+0000] {processor.py:161} INFO - Started process (PID=111) to work on /home/airflow/.local/lib/python3.12/site-packages/airflow/example_dags/example_xcomargs.py
[2026-02-28T21:40:28.326+0000] {processor.py:830} INFO - Processing file /home/airflow/.local/lib/python3.12/site-packages/airflow/example_dags/example_xcomargs.py for tasks to queue
[2026-02-28T21:40:28.327+0000] {logging_mixin.py:188} INFO - [2026-02-28T21:40:28.326+0000] {dagbag.py:545} INFO - Filling up the DagBag from /home/airflow/.local/lib/python3.12/site-packages/airflow/example_dags/example_xcomargs.py
[2026-02-28T21:40:28.334+0000] {processor.py:840} INFO - DAG(s) 'example_xcom_args', 'example_xcom_args_with_operators' retrieved from /home/airflow/.local/lib/python3.12/site-packages/airflow/example_dags/example_xcomargs.py
[2026-02-28T21:40:28.399+0000] {logging_mixin.py:188} INFO - [2026-02-28T21:40:28.399+0000] {dag.py:3096} INFO - Sync 2 DAGs
[2026-02-28T21:40:28.405+0000] {logging_mixin.py:188} INFO - [2026-02-28T21:40:28.405+0000] {dag.py:3954} INFO - Setting next_dagrun for example_xcom_args to None, run_after=None
[2026-02-28T21:40:28.408+0000] {logging_mixin.py:188} INFO - [2026-02-28T21:40:28.408+0000] {dag.py:3954} INFO - Setting next_dagrun for example_xcom_args_with_operators to None, run_after=None
[2026-02-28T21:40:28.425+0000] {processor.py:183} INFO - Processing /home/airflow/.local/lib/python3.12/site-packages/airflow/example_dags/example_xcomargs.py took 0.104 seconds
[2026-02-28T21:40:58.791+0000] {processor.py:161} INFO - Started process (PID=170) to work on /home/airflow/.local/lib/python3.12/site-packages/airflow/example_dags/example_xcomargs.py
[2026-02-28T21:40:58.792+0000] {processor.py:830} INFO - Processing file /home/airflow/.local/lib/python3.12/site-packages/airflow/example_dags/example_xcomargs.py for tasks to queue
[2026-02-28T21:40:58.793+0000] {logging_mixin.py:188} INFO - [2026-02-28T21:40:58.792+0000] {dagbag.py:545} INFO - Filling up the DagBag from /home/airflow/.local/lib/python3.12/site-packages/airflow/example_dags/example_xcomargs.py
[2026-02-28T21:40:58.798+0000] {processor.py:840} INFO - DAG(s) 'example_xcom_args_with_operators', 'example_xcom_args' retrieved from /home/airflow/.local/lib/python3.12/site-packages/airflow/example_dags/example_xcomargs.py
[2026-02-28T21:40:58.811+0000] {logging_mixin.py:188} INFO - [2026-02-28T21:40:58.811+0000] {dag.py:3096} INFO - Sync 2 DAGs
[2026-02-28T21:40:58.819+0000] {logging_mixin.py:188} INFO - [2026-02-28T21:40:58.819+0000] {dag.py:3954} INFO - Setting next_dagrun for example_xcom_args to None, run_after=None
[2026-02-28T21:40:58.822+0000] {logging_mixin.py:188} INFO - [2026-02-28T21:40:58.822+0000] {dag.py:3954} INFO - Setting next_dagrun for example_xcom_args_with_operators to None, run_after=None
[2026-02-28T21:40:58.832+0000] {processor.py:183} INFO - Processing /home/airflow/.local/lib/python3.12/site-packages/airflow/example_dags/example_xcomargs.py took 0.047 seconds
[2026-02-28T21:41:29.731+0000] {processor.py:161} INFO - Started process (PID=228) to work on /home/airflow/.local/lib/python3.12/site-packages/airflow/example_dags/example_xcomargs.py
[2026-02-28T21:41:29.732+0000] {processor.py:830} INFO - Processing file /home/airflow/.local/lib/python3.12/site-packages/airflow/example_dags/example_xcomargs.py for tasks to queue
[2026-02-28T21:41:29.734+0000] {logging_mixin.py:188} INFO - [2026-02-28T21:41:29.733+0000] {dagbag.py:545} INFO - Filling up the DagBag from /home/airflow/.local/lib/python3.12/site-packages/airflow/example_dags/example_xcomargs.py
[2026-02-28T21:41:29.738+0000] {processor.py:840} INFO - DAG(s) 'example_xcom_args_with_operators', 'example_xcom_args' retrieved from /home/airflow/.local/lib/python3.12/site-packages/airflow/example_dags/example_xcomargs.py
[2026-02-28T21:41:29.750+0000] {logging_mixin.py:188} INFO - [2026-02-28T21:41:29.749+0000] {dag.py:3096} INFO - Sync 2 DAGs
[2026-02-28T21:41:29.755+0000] {logging_mixin.py:188} INFO - [2026-02-28T21:41:29.755+0000] {dag.py:3954} INFO - Setting next_dagrun for example_xcom_args to None, run_after=None
[2026-02-28T21:41:29.757+0000] {logging_mixin.py:188} INFO - [2026-02-28T21:41:29.757+0000] {dag.py:3954} INFO - Setting next_dagrun for example_xcom_args_with_operators to None, run_after=None
[2026-02-28T21:41:29.765+0000] {processor.py:183} INFO - Processing /home/airflow/.local/lib/python3.12/site-packages/airflow/example_dags/example_xcomargs.py took 0.038 seconds
[2026-02-28T21:42:00.133+0000] {processor.py:161} INFO - Started process (PID=286) to work on /home/airflow/.local/lib/python3.12/site-packages/airflow/example_dags/example_xcomargs.py
[2026-02-28T21:42:00.134+0000] {processor.py:830} INFO - Processing file /home/airflow/.local/lib/python3.12/site-packages/airflow/example_dags/example_xcomargs.py for tasks to queue
[2026-02-28T21:42:00.136+0000] {logging_mixin.py:188} INFO - [2026-02-28T21:42:00.136+0000] {dagbag.py:545} INFO - Filling up the DagBag from /home/airflow/.local/lib/python3.12/site-packages/airflow/example_dags/example_xcomargs.py
[2026-02-28T21:42:00.144+0000] {processor.py:840} INFO - DAG(s) 'example_xcom_args_with_operators', 'example_xcom_args' retrieved from /home/airflow/.local/lib/python3.12/site-packages/airflow/example_dags/example_xcomargs.py
[2026-02-28T21:42:00.160+0000] {logging_mixin.py:188} INFO - [2026-02-28T21:42:00.160+0000] {dag.py:3096} INFO - Sync 2 DAGs
[2026-02-28T21:42:00.166+0000] {logging_mixin.py:188} INFO - [2026-02-28T21:42:00.166+0000] {dag.py:3954} INFO - Setting next_dagrun for example_xcom_args to None, run_after=None
[2026-02-28T21:42:00.168+0000] {logging_mixin.py:188} INFO - [2026-02-28T21:42:00.168+0000] {dag.py:3954} INFO - Setting next_dagrun for example_xcom_args_with_operators to None, run_after=None
[2026-02-28T21:42:00.175+0000] {processor.py:183} INFO - Processing /home/airflow/.local/lib/python3.12/site-packages/airflow/example_dags/example_xcomargs.py took 0.045 seconds
[2026-02-28T21:42:30.516+0000] {processor.py:161} INFO - Started process (PID=345) to work on /home/airflow/.local/lib/python3.12/site-packages/airflow/example_dags/example_xcomargs.py
[2026-02-28T21:42:30.519+0000] {processor.py:830} INFO - Processing file /home/airflow/.local/lib/python3.12/site-packages/airflow/example_dags/example_xcomargs.py for tasks to queue
[2026-02-28T21:42:30.522+0000] {logging_mixin.py:188} INFO - [2026-02-28T21:42:30.521+0000] {dagbag.py:545} INFO - Filling up the DagBag from /home/airflow/.local/lib/python3.12/site-packages/airflow/example_dags/example_xcomargs.py
[2026-02-28T21:42:30.527+0000] {processor.py:840} INFO - DAG(s) 'example_xcom_args', 'example_xcom_args_with_operators' retrieved from /home/airflow/.local/lib/python3.12/site-packages/airflow/example_dags/example_xcomargs.py
[2026-02-28T21:42:30.545+0000] {logging_mixin.py:188} INFO - [2026-02-28T21:42:30.545+0000] {dag.py:3096} INFO - Sync 2 DAGs
[2026-02-28T21:42:30.552+0000] {logging_mixin.py:188} INFO - [2026-02-28T21:42:30.552+0000] {dag.py:3954} INFO - Setting next_dagrun for example_xcom_args to None, run_after=None
[2026-02-28T21:42:30.554+0000] {logging_mixin.py:188} INFO - [2026-02-28T21:42:30.554+0000] {dag.py:3954} INFO - Setting next_dagrun for example_xcom_args_with_operators to None, run_after=None
[2026-02-28T21:42:30.561+0000] {processor.py:183} INFO - Processing /home/airflow/.local/lib/python3.12/site-packages/airflow/example_dags/example_xcomargs.py took 0.048 seconds
[2026-02-28T21:43:01.164+0000] {processor.py:161} INFO - Started process (PID=403) to work on /home/airflow/.local/lib/python3.12/site-packages/airflow/example_dags/example_xcomargs.py
[2026-02-28T21:43:01.165+0000] {processor.py:830} INFO - Processing file /home/airflow/.local/lib/python3.12/site-packages/airflow/example_dags/example_xcomargs.py for tasks to queue
[2026-02-28T21:43:01.167+0000] {logging_mixin.py:188} INFO - [2026-02-28T21:43:01.167+0000] {dagbag.py:545} INFO - Filling up the DagBag from /home/airflow/.local/lib/python3.12/site-packages/airflow/example_dags/example_xcomargs.py
[2026-02-28T21:43:01.172+0000] {processor.py:840} INFO - DAG(s) 'example_xcom_args', 'example_xcom_args_with_operators' retrieved from /home/airflow/.local/lib/python3.12/site-packages/airflow/example_dags/example_xcomargs.py
[2026-02-28T21:43:01.189+0000] {logging_mixin.py:188} INFO - [2026-02-28T21:43:01.189+0000] {dag.py:3096} INFO - Sync 2 DAGs
[2026-02-28T21:43:01.195+0000] {logging_mixin.py:188} INFO - [2026-02-28T21:43:01.195+0000] {dag.py:3954} INFO - Setting next_dagrun for example_xcom_args to None, run_after=None
[2026-02-28T21:43:01.197+0000] {logging_mixin.py:188} INFO - [2026-02-28T21:43:01.197+0000] {dag.py:3954} INFO - Setting next_dagrun for example_xcom_args_with_operators to None, run_after=None
[2026-02-28T21:43:01.204+0000] {processor.py:183} INFO - Processing /home/airflow/.local/lib/python3.12/site-packages/airflow/example_dags/example_xcomargs.py took 0.044 seconds
[2026-02-28T21:43:31.389+0000] {processor.py:161} INFO - Started process (PID=461) to work on /home/airflow/.local/lib/python3.12/site-packages/airflow/example_dags/example_xcomargs.py
[2026-02-28T21:43:31.391+0000] {processor.py:830} INFO - Processing file /home/airflow/.local/lib/python3.12/site-packages/airflow/example_dags/example_xcomargs.py for tasks to queue
[2026-02-28T21:43:31.393+0000] {logging_mixin.py:188} INFO - [2026-02-28T21:43:31.393+0000] {dagbag.py:545} INFO - Filling up the DagBag from /home/airflow/.local/lib/python3.12/site-packages/airflow/example_dags/example_xcomargs.py
[2026-02-28T21:43:31.403+0000] {processor.py:840} INFO - DAG(s) 'example_xcom_args_with_operators', 'example_xcom_args' retrieved from /home/airflow/.local/lib/python3.12/site-packages/airflow/example_dags/example_xcomargs.py
[2026-02-28T21:43:31.422+0000] {logging_mixin.py:188} INFO - [2026-02-28T21:43:31.422+0000] {dag.py:3096} INFO - Sync 2 DAGs
[2026-02-28T21:43:31.430+0000] {logging_mixin.py:188} INFO - [2026-02-28T21:43:31.430+0000] {dag.py:3954} INFO - Setting next_dagrun for example_xcom_args to None, run_after=None
[2026-02-28T21:43:31.432+0000] {logging_mixin.py:188} INFO - [2026-02-28T21:43:31.432+0000] {dag.py:3954} INFO - Setting next_dagrun for example_xcom_args_with_operators to None, run_after=None
[2026-02-28T21:43:31.440+0000] {processor.py:183} INFO - Processing /home/airflow/.local/lib/python3.12/site-packages/airflow/example_dags/example_xcomargs.py took 0.055 seconds
[2026-02-28T21:44:28.180+0000] {processor.py:161} INFO - Started process (PID=519) to work on /home/airflow/.local/lib/python3.12/site-packages/airflow/example_dags/example_xcomargs.py
[2026-02-28T21:44:28.181+0000] {processor.py:830} INFO - Processing file /home/airflow/.local/lib/python3.12/site-packages/airflow/example_dags/example_xcomargs.py for tasks to queue
[2026-02-28T21:44:28.182+0000] {logging_mixin.py:188} INFO - [2026-02-28T21:44:28.182+0000] {dagbag.py:545} INFO - Filling up the DagBag from /home/airflow/.local/lib/python3.12/site-packages/airflow/example_dags/example_xcomargs.py
[2026-02-28T21:44:28.190+0000] {processor.py:840} INFO - DAG(s) 'example_xcom_args', 'example_xcom_args_with_operators' retrieved from /home/airflow/.local/lib/python3.12/site-packages/airflow/example_dags/example_xcomargs.py
[2026-02-28T21:44:28.216+0000] {logging_mixin.py:188} INFO - [2026-02-28T21:44:28.216+0000] {dag.py:3096} INFO - Sync 2 DAGs
[2026-02-28T21:44:28.233+0000] {logging_mixin.py:188} INFO - [2026-02-28T21:44:28.232+0000] {dag.py:3954} INFO - Setting next_dagrun for example_xcom_args to None, run_after=None
[2026-02-28T21:44:28.236+0000] {logging_mixin.py:188} INFO - [2026-02-28T21:44:28.236+0000] {dag.py:3954} INFO - Setting next_dagrun for example_xcom_args_with_operators to None, run_after=None
[2026-02-28T21:44:28.248+0000] {processor.py:183} INFO - Processing /home/airflow/.local/lib/python3.12/site-packages/airflow/example_dags/example_xcomargs.py took 0.071 seconds
[2026-02-28T21:44:59.037+0000] {processor.py:161} INFO - Started process (PID=577) to work on /home/airflow/.local/lib/python3.12/site-packages/airflow/example_dags/example_xcomargs.py
[2026-02-28T21:44:59.038+0000] {processor.py:830} INFO - Processing file /home/airflow/.local/lib/python3.12/site-packages/airflow/example_dags/example_xcomargs.py for tasks to queue
[2026-02-28T21:44:59.039+0000] {logging_mixin.py:188} INFO - [2026-02-28T21:44:59.039+0000] {dagbag.py:545} INFO - Filling up the DagBag from /home/airflow/.local/lib/python3.12/site-packages/airflow/example_dags/example_xcomargs.py
[2026-02-28T21:44:59.043+0000] {processor.py:840} INFO - DAG(s) 'example_xcom_args', 'example_xcom_args_with_operators' retrieved from /home/airflow/.local/lib/python3.12/site-packages/airflow/example_dags/example_xcomargs.py
[2026-02-28T21:44:59.058+0000] {logging_mixin.py:188} INFO - [2026-02-28T21:44:59.058+0000] {dag.py:3096} INFO - Sync 2 DAGs
[2026-02-28T21:44:59.068+0000] {logging_mixin.py:188} INFO - [2026-02-28T21:44:59.067+0000] {dag.py:3954} INFO - Setting next_dagrun for example_xcom_args to None, run_after=None
[2026-02-28T21:44:59.071+0000] {logging_mixin.py:188} INFO - [2026-02-28T21:44:59.071+0000] {dag.py:3954} INFO - Setting next_dagrun for example_xcom_args_with_operators to None, run_after=None
[2026-02-28T21:44:59.082+0000] {processor.py:183} INFO - Processing /home/airflow/.local/lib/python3.12/site-packages/airflow/example_dags/example_xcomargs.py took 0.050 seconds
[2026-02-28T21:45:29.290+0000] {processor.py:161} INFO - Started process (PID=635) to work on /home/airflow/.local/lib/python3.12/site-packages/airflow/example_dags/example_xcomargs.py
[2026-02-28T21:45:29.292+0000] {processor.py:830} INFO - Processing file /home/airflow/.local/lib/python3.12/site-packages/airflow/example_dags/example_xcomargs.py for tasks to queue
[2026-02-28T21:45:29.294+0000] {logging_mixin.py:188} INFO - [2026-02-28T21:45:29.293+0000] {dagbag.py:545} INFO - Filling up the DagBag from /home/airflow/.local/lib/python3.12/site-packages/airflow/example_dags/example_xcomargs.py
[2026-02-28T21:45:29.300+0000] {processor.py:840} INFO - DAG(s) 'example_xcom_args', 'example_xcom_args_with_operators' retrieved from /home/airflow/.local/lib/python3.12/site-packages/airflow/example_dags/example_xcomargs.py
[2026-02-28T21:45:29.316+0000] {logging_mixin.py:188} INFO - [2026-02-28T21:45:29.316+0000] {dag.py:3096} INFO - Sync 2 DAGs
[2026-02-28T21:45:29.325+0000] {logging_mixin.py:188} INFO - [2026-02-28T21:45:29.325+0000] {dag.py:3954} INFO - Setting next_dagrun for example_xcom_args to None, run_after=None
[2026-02-28T21:45:29.329+0000] {logging_mixin.py:188} INFO - [2026-02-28T21:45:29.329+0000] {dag.py:3954} INFO - Setting next_dagrun for example_xcom_args_with_operators to None, run_after=None
[2026-02-28T21:45:29.342+0000] {processor.py:183} INFO - Processing /home/airflow/.local/lib/python3.12/site-packages/airflow/example_dags/example_xcomargs.py took 0.058 seconds
[2026-02-28T21:45:59.648+0000] {processor.py:161} INFO - Started process (PID=693) to work on /home/airflow/.local/lib/python3.12/site-packages/airflow/example_dags/example_xcomargs.py
[2026-02-28T21:45:59.649+0000] {processor.py:830} INFO - Processing file /home/airflow/.local/lib/python3.12/site-packages/airflow/example_dags/example_xcomargs.py for tasks to queue
[2026-02-28T21:45:59.651+0000] {logging_mixin.py:188} INFO - [2026-02-28T21:45:59.650+0000] {dagbag.py:545} INFO - Filling up the DagBag from /home/airflow/.local/lib/python3.12/site-packages/airflow/example_dags/example_xcomargs.py
[2026-02-28T21:45:59.663+0000] {processor.py:840} INFO - DAG(s) 'example_xcom_args_with_operators', 'example_xcom_args' retrieved from /home/airflow/.local/lib/python3.12/site-packages/airflow/example_dags/example_xcomargs.py
[2026-02-28T21:45:59.696+0000] {logging_mixin.py:188} INFO - [2026-02-28T21:45:59.696+0000] {dag.py:3096} INFO - Sync 2 DAGs
[2026-02-28T21:45:59.704+0000] {logging_mixin.py:188} INFO - [2026-02-28T21:45:59.704+0000] {dag.py:3954} INFO - Setting next_dagrun for example_xcom_args to None, run_after=None
[2026-02-28T21:45:59.707+0000] {logging_mixin.py:188} INFO - [2026-02-28T21:45:59.707+0000] {dag.py:3954} INFO - Setting next_dagrun for example_xcom_args_with_operators to None, run_after=None
[2026-02-28T21:45:59.719+0000] {processor.py:183} INFO - Processing /home/airflow/.local/lib/python3.12/site-packages/airflow/example_dags/example_xcomargs.py took 0.075 seconds
[2026-02-28T21:46:30.608+0000] {processor.py:161} INFO - Started process (PID=751) to work on /home/airflow/.local/lib/python3.12/site-packages/airflow/example_dags/example_xcomargs.py
[2026-02-28T21:46:30.608+0000] {processor.py:830} INFO - Processing file /home/airflow/.local/lib/python3.12/site-packages/airflow/example_dags/example_xcomargs.py for tasks to queue
[2026-02-28T21:46:30.610+0000] {logging_mixin.py:188} INFO - [2026-02-28T21:46:30.609+0000] {dagbag.py:545} INFO - Filling up the DagBag from /home/airflow/.local/lib/python3.12/site-packages/airflow/example_dags/example_xcomargs.py
[2026-02-28T21:46:30.615+0000] {processor.py:840} INFO - DAG(s) 'example_xcom_args', 'example_xcom_args_with_operators' retrieved from /home/airflow/.local/lib/python3.12/site-packages/airflow/example_dags/example_xcomargs.py
[2026-02-28T21:46:30.630+0000] {logging_mixin.py:188} INFO - [2026-02-28T21:46:30.630+0000] {dag.py:3096} INFO - Sync 2 DAGs
[2026-02-28T21:46:30.642+0000] {logging_mixin.py:188} INFO - [2026-02-28T21:46:30.642+0000] {dag.py:3954} INFO - Setting next_dagrun for example_xcom_args to None, run_after=None
[2026-02-28T21:46:30.645+0000] {logging_mixin.py:188} INFO - [2026-02-28T21:46:30.644+0000] {dag.py:3954} INFO - Setting next_dagrun for example_xcom_args_with_operators to None, run_after=None
[2026-02-28T21:46:30.657+0000] {processor.py:183} INFO - Processing /home/airflow/.local/lib/python3.12/site-packages/airflow/example_dags/example_xcomargs.py took 0.053 seconds
[2026-02-28T21:47:01.120+0000] {processor.py:161} INFO - Started process (PID=807) to work on /home/airflow/.local/lib/python3.12/site-packages/airflow/example_dags/example_xcomargs.py
[2026-02-28T21:47:01.121+0000] {processor.py:830} INFO - Processing file /home/airflow/.local/lib/python3.12/site-packages/airflow/example_dags/example_xcomargs.py for tasks to queue
[2026-02-28T21:47:01.122+0000] {logging_mixin.py:188} INFO - [2026-02-28T21:47:01.122+0000] {dagbag.py:545} INFO - Filling up the DagBag from /home/airflow/.local/lib/python3.12/site-packages/airflow/example_dags/example_xcomargs.py
[2026-02-28T21:47:01.129+0000] {processor.py:840} INFO - DAG(s) 'example_xcom_args', 'example_xcom_args_with_operators' retrieved from /home/airflow/.local/lib/python3.12/site-packages/airflow/example_dags/example_xcomargs.py
[2026-02-28T21:47:01.147+0000] {logging_mixin.py:188} INFO - [2026-02-28T21:47:01.147+0000] {dag.py:3096} INFO - Sync 2 DAGs
[2026-02-28T21:47:01.157+0000] {logging_mixin.py:188} INFO - [2026-02-28T21:47:01.157+0000] {dag.py:3954} INFO - Setting next_dagrun for example_xcom_args to None, run_after=None
[2026-02-28T21:47:01.161+0000] {logging_mixin.py:188} INFO - [2026-02-28T21:47:01.161+0000] {dag.py:3954} INFO - Setting next_dagrun for example_xcom_args_with_operators to None, run_after=None
[2026-02-28T21:47:01.174+0000] {processor.py:183} INFO - Processing /home/airflow/.local/lib/python3.12/site-packages/airflow/example_dags/example_xcomargs.py took 0.063 seconds
[2026-02-28T21:47:31.984+0000] {processor.py:161} INFO - Started process (PID=865) to work on /home/airflow/.local/lib/python3.12/site-packages/airflow/example_dags/example_xcomargs.py
[2026-02-28T21:47:31.986+0000] {processor.py:830} INFO - Processing file /home/airflow/.local/lib/python3.12/site-packages/airflow/example_dags/example_xcomargs.py for tasks to queue
[2026-02-28T21:47:31.988+0000] {logging_mixin.py:188} INFO - [2026-02-28T21:47:31.988+0000] {dagbag.py:545} INFO - Filling up the DagBag from /home/airflow/.local/lib/python3.12/site-packages/airflow/example_dags/example_xcomargs.py
[2026-02-28T21:47:31.996+0000] {processor.py:840} INFO - DAG(s) 'example_xcom_args_with_operators', 'example_xcom_args' retrieved from /home/airflow/.local/lib/python3.12/site-packages/airflow/example_dags/example_xcomargs.py
[2026-02-28T21:47:32.011+0000] {logging_mixin.py:188} INFO - [2026-02-28T21:47:32.011+0000] {dag.py:3096} INFO - Sync 2 DAGs
[2026-02-28T21:47:32.017+0000] {logging_mixin.py:188} INFO - [2026-02-28T21:47:32.017+0000] {dag.py:3954} INFO - Setting next_dagrun for example_xcom_args to None, run_after=None
[2026-02-28T21:47:32.020+0000] {logging_mixin.py:188} INFO - [2026-02-28T21:47:32.020+0000] {dag.py:3954} INFO - Setting next_dagrun for example_xcom_args_with_operators to None, run_after=None
[2026-02-28T21:47:32.031+0000] {processor.py:183} INFO - Processing /home/airflow/.local/lib/python3.12/site-packages/airflow/example_dags/example_xcomargs.py took 0.050 seconds
[2026-02-28T21:48:02.903+0000] {processor.py:161} INFO - Started process (PID=923) to work on /home/airflow/.local/lib/python3.12/site-packages/airflow/example_dags/example_xcomargs.py
[2026-02-28T21:48:02.906+0000] {processor.py:830} INFO - Processing file /home/airflow/.local/lib/python3.12/site-packages/airflow/example_dags/example_xcomargs.py for tasks to queue
[2026-02-28T21:48:02.908+0000] {logging_mixin.py:188} INFO - [2026-02-28T21:48:02.908+0000] {dagbag.py:545} INFO - Filling up the DagBag from /home/airflow/.local/lib/python3.12/site-packages/airflow/example_dags/example_xcomargs.py
[2026-02-28T21:48:02.914+0000] {processor.py:840} INFO - DAG(s) 'example_xcom_args_with_operators', 'example_xcom_args' retrieved from /home/airflow/.local/lib/python3.12/site-packages/airflow/example_dags/example_xcomargs.py
[2026-02-28T21:48:02.933+0000] {logging_mixin.py:188} INFO - [2026-02-28T21:48:02.933+0000] {dag.py:3096} INFO - Sync 2 DAGs
[2026-02-28T21:48:02.942+0000] {logging_mixin.py:188} INFO - [2026-02-28T21:48:02.942+0000] {dag.py:3954} INFO - Setting next_dagrun for example_xcom_args to None, run_after=None
[2026-02-28T21:48:02.945+0000] {logging_mixin.py:188} INFO - [2026-02-28T21:48:02.944+0000] {dag.py:3954} INFO - Setting next_dagrun for example_xcom_args_with_operators to None, run_after=None
[2026-02-28T21:48:02.961+0000] {processor.py:183} INFO - Processing /home/airflow/.local/lib/python3.12/site-packages/airflow/example_dags/example_xcomargs.py took 0.061 seconds
[2026-02-28T21:48:33.148+0000] {processor.py:161} INFO - Started process (PID=981) to work on /home/airflow/.local/lib/python3.12/site-packages/airflow/example_dags/example_xcomargs.py
[2026-02-28T21:48:33.149+0000] {processor.py:830} INFO - Processing file /home/airflow/.local/lib/python3.12/site-packages/airflow/example_dags/example_xcomargs.py for tasks to queue
[2026-02-28T21:48:33.150+0000] {logging_mixin.py:188} INFO - [2026-02-28T21:48:33.150+0000] {dagbag.py:545} INFO - Filling up the DagBag from /home/airflow/.local/lib/python3.12/site-packages/airflow/example_dags/example_xcomargs.py
[2026-02-28T21:48:33.156+0000] {processor.py:840} INFO - DAG(s) 'example_xcom_args_with_operators', 'example_xcom_args' retrieved from /home/airflow/.local/lib/python3.12/site-packages/airflow/example_dags/example_xcomargs.py
[2026-02-28T21:48:33.173+0000] {logging_mixin.py:188} INFO - [2026-02-28T21:48:33.173+0000] {dag.py:3096} INFO - Sync 2 DAGs
[2026-02-28T21:48:33.181+0000] {logging_mixin.py:188} INFO - [2026-02-28T21:48:33.181+0000] {dag.py:3954} INFO - Setting next_dagrun for example_xcom_args to None, run_after=None
[2026-02-28T21:48:33.184+0000] {logging_mixin.py:188} INFO - [2026-02-28T21:48:33.183+0000] {dag.py:3954} INFO - Setting next_dagrun for example_xcom_args_with_operators to None, run_after=None
[2026-02-28T21:48:33.192+0000] {processor.py:183} INFO - Processing /home/airflow/.local/lib/python3.12/site-packages/airflow/example_dags/example_xcomargs.py took 0.050 seconds
[2026-02-28T21:49:03.598+0000] {processor.py:161} INFO - Started process (PID=1039) to work on /home/airflow/.local/lib/python3.12/site-packages/airflow/example_dags/example_xcomargs.py
[2026-02-28T21:49:03.599+0000] {processor.py:830} INFO - Processing file /home/airflow/.local/lib/python3.12/site-packages/airflow/example_dags/example_xcomargs.py for tasks to queue
[2026-02-28T21:49:03.601+0000] {logging_mixin.py:188} INFO - [2026-02-28T21:49:03.601+0000] {dagbag.py:545} INFO - Filling up the DagBag from /home/airflow/.local/lib/python3.12/site-packages/airflow/example_dags/example_xcomargs.py
[2026-02-28T21:49:03.607+0000] {processor.py:840} INFO - DAG(s) 'example_xcom_args_with_operators', 'example_xcom_args' retrieved from /home/airflow/.local/lib/python3.12/site-packages/airflow/example_dags/example_xcomargs.py
[2026-02-28T21:49:03.630+0000] {logging_mixin.py:188} INFO - [2026-02-28T21:49:03.630+0000] {dag.py:3096} INFO - Sync 2 DAGs
[2026-02-28T21:49:03.638+0000] {logging_mixin.py:188} INFO - [2026-02-28T21:49:03.638+0000] {dag.py:3954} INFO - Setting next_dagrun for example_xcom_args to None, run_after=None
[2026-02-28T21:49:03.640+0000] {logging_mixin.py:188} INFO - [2026-02-28T21:49:03.640+0000] {dag.py:3954} INFO - Setting next_dagrun for example_xcom_args_with_operators to None, run_after=None
[2026-02-28T21:49:03.655+0000] {processor.py:183} INFO - Processing /home/airflow/.local/lib/python3.12/site-packages/airflow/example_dags/example_xcomargs.py took 0.061 seconds
[2026-02-28T21:49:33.951+0000] {processor.py:161} INFO - Started process (PID=1097) to work on /home/airflow/.local/lib/python3.12/site-packages/airflow/example_dags/example_xcomargs.py
[2026-02-28T21:49:33.952+0000] {processor.py:830} INFO - Processing file /home/airflow/.local/lib/python3.12/site-packages/airflow/example_dags/example_xcomargs.py for tasks to queue
[2026-02-28T21:49:33.956+0000] {logging_mixin.py:188} INFO - [2026-02-28T21:49:33.956+0000] {dagbag.py:545} INFO - Filling up the DagBag from /home/airflow/.local/lib/python3.12/site-packages/airflow/example_dags/example_xcomargs.py
[2026-02-28T21:49:33.979+0000] {processor.py:840} INFO - DAG(s) 'example_xcom_args_with_operators', 'example_xcom_args' retrieved from /home/airflow/.local/lib/python3.12/site-packages/airflow/example_dags/example_xcomargs.py
[2026-02-28T21:49:34.020+0000] {logging_mixin.py:188} INFO - [2026-02-28T21:49:34.020+0000] {dag.py:3096} INFO - Sync 2 DAGs
[2026-02-28T21:49:34.035+0000] {logging_mixin.py:188} INFO - [2026-02-28T21:49:34.035+0000] {dag.py:3954} INFO - Setting next_dagrun for example_xcom_args to None, run_after=None
[2026-02-28T21:49:34.040+0000] {logging_mixin.py:188} INFO - [2026-02-28T21:49:34.039+0000] {dag.py:3954} INFO - Setting next_dagrun for example_xcom_args_with_operators to None, run_after=None
[2026-02-28T21:49:34.062+0000] {processor.py:183} INFO - Processing /home/airflow/.local/lib/python3.12/site-packages/airflow/example_dags/example_xcomargs.py took 0.118 seconds
[2026-02-28T21:50:04.300+0000] {processor.py:161} INFO - Started process (PID=1155) to work on /home/airflow/.local/lib/python3.12/site-packages/airflow/example_dags/example_xcomargs.py
[2026-02-28T21:50:04.302+0000] {processor.py:830} INFO - Processing file /home/airflow/.local/lib/python3.12/site-packages/airflow/example_dags/example_xcomargs.py for tasks to queue
[2026-02-28T21:50:04.303+0000] {logging_mixin.py:188} INFO - [2026-02-28T21:50:04.303+0000] {dagbag.py:545} INFO - Filling up the DagBag from /home/airflow/.local/lib/python3.12/site-packages/airflow/example_dags/example_xcomargs.py
[2026-02-28T21:50:04.308+0000] {processor.py:840} INFO - DAG(s) 'example_xcom_args_with_operators', 'example_xcom_args' retrieved from /home/airflow/.local/lib/python3.12/site-packages/airflow/example_dags/example_xcomargs.py
[2026-02-28T21:50:04.324+0000] {logging_mixin.py:188} INFO - [2026-02-28T21:50:04.324+0000] {dag.py:3096} INFO - Sync 2 DAGs
[2026-02-28T21:50:04.333+0000] {logging_mixin.py:188} INFO - [2026-02-28T21:50:04.333+0000] {dag.py:3954} INFO - Setting next_dagrun for example_xcom_args to None, run_after=None
[2026-02-28T21:50:04.335+0000] {logging_mixin.py:188} INFO - [2026-02-28T21:50:04.335+0000] {dag.py:3954} INFO - Setting next_dagrun for example_xcom_args_with_operators to None, run_after=None
[2026-02-28T21:50:04.347+0000] {processor.py:183} INFO - Processing /home/airflow/.local/lib/python3.12/site-packages/airflow/example_dags/example_xcomargs.py took 0.050 seconds
[2026-02-28T21:50:35.009+0000] {processor.py:161} INFO - Started process (PID=1213) to work on /home/airflow/.local/lib/python3.12/site-packages/airflow/example_dags/example_xcomargs.py
[2026-02-28T21:50:35.010+0000] {processor.py:830} INFO - Processing file /home/airflow/.local/lib/python3.12/site-packages/airflow/example_dags/example_xcomargs.py for tasks to queue
[2026-02-28T21:50:35.011+0000] {logging_mixin.py:188} INFO - [2026-02-28T21:50:35.011+0000] {dagbag.py:545} INFO - Filling up the DagBag from /home/airflow/.local/lib/python3.12/site-packages/airflow/example_dags/example_xcomargs.py
[2026-02-28T21:50:35.016+0000] {processor.py:840} INFO - DAG(s) 'example_xcom_args', 'example_xcom_args_with_operators' retrieved from /home/airflow/.local/lib/python3.12/site-packages/airflow/example_dags/example_xcomargs.py
[2026-02-28T21:50:35.029+0000] {logging_mixin.py:188} INFO - [2026-02-28T21:50:35.028+0000] {dag.py:3096} INFO - Sync 2 DAGs
[2026-02-28T21:50:35.035+0000] {logging_mixin.py:188} INFO - [2026-02-28T21:50:35.035+0000] {dag.py:3954} INFO - Setting next_dagrun for example_xcom_args to None, run_after=None
[2026-02-28T21:50:35.037+0000] {logging_mixin.py:188} INFO - [2026-02-28T21:50:35.037+0000] {dag.py:3954} INFO - Setting next_dagrun for example_xcom_args_with_operators to None, run_after=None
[2026-02-28T21:50:35.044+0000] {processor.py:183} INFO - Processing /home/airflow/.local/lib/python3.12/site-packages/airflow/example_dags/example_xcomargs.py took 0.039 seconds
[2026-02-28T21:51:05.185+0000] {processor.py:161} INFO - Started process (PID=1271) to work on /home/airflow/.local/lib/python3.12/site-packages/airflow/example_dags/example_xcomargs.py
[2026-02-28T21:51:05.187+0000] {processor.py:830} INFO - Processing file /home/airflow/.local/lib/python3.12/site-packages/airflow/example_dags/example_xcomargs.py for tasks to queue
[2026-02-28T21:51:05.188+0000] {logging_mixin.py:188} INFO - [2026-02-28T21:51:05.188+0000] {dagbag.py:545} INFO - Filling up the DagBag from /home/airflow/.local/lib/python3.12/site-packages/airflow/example_dags/example_xcomargs.py
[2026-02-28T21:51:05.194+0000] {processor.py:840} INFO - DAG(s) 'example_xcom_args', 'example_xcom_args_with_operators' retrieved from /home/airflow/.local/lib/python3.12/site-packages/airflow/example_dags/example_xcomargs.py
[2026-02-28T21:51:05.219+0000] {logging_mixin.py:188} INFO - [2026-02-28T21:51:05.218+0000] {dag.py:3096} INFO - Sync 2 DAGs
[2026-02-28T21:51:05.231+0000] {logging_mixin.py:188} INFO - [2026-02-28T21:51:05.231+0000] {dag.py:3954} INFO - Setting next_dagrun for example_xcom_args to None, run_after=None
[2026-02-28T21:51:05.235+0000] {logging_mixin.py:188} INFO - [2026-02-28T21:51:05.234+0000] {dag.py:3954} INFO - Setting next_dagrun for example_xcom_args_with_operators to None, run_after=None
[2026-02-28T21:51:05.251+0000] {processor.py:183} INFO - Processing /home/airflow/.local/lib/python3.12/site-packages/airflow/example_dags/example_xcomargs.py took 0.070 seconds
[2026-02-28T21:51:35.396+0000] {processor.py:161} INFO - Started process (PID=1329) to work on /home/airflow/.local/lib/python3.12/site-packages/airflow/example_dags/example_xcomargs.py
[2026-02-28T21:51:35.397+0000] {processor.py:830} INFO - Processing file /home/airflow/.local/lib/python3.12/site-packages/airflow/example_dags/example_xcomargs.py for tasks to queue
[2026-02-28T21:51:35.398+0000] {logging_mixin.py:188} INFO - [2026-02-28T21:51:35.398+0000] {dagbag.py:545} INFO - Filling up the DagBag from /home/airflow/.local/lib/python3.12/site-packages/airflow/example_dags/example_xcomargs.py
[2026-02-28T21:51:35.403+0000] {processor.py:840} INFO - DAG(s) 'example_xcom_args_with_operators', 'example_xcom_args' retrieved from /home/airflow/.local/lib/python3.12/site-packages/airflow/example_dags/example_xcomargs.py
[2026-02-28T21:51:35.424+0000] {logging_mixin.py:188} INFO - [2026-02-28T21:51:35.423+0000] {dag.py:3096} INFO - Sync 2 DAGs
[2026-02-28T21:51:35.432+0000] {logging_mixin.py:188} INFO - [2026-02-28T21:51:35.432+0000] {dag.py:3954} INFO - Setting next_dagrun for example_xcom_args to None, run_after=None
[2026-02-28T21:51:35.434+0000] {logging_mixin.py:188} INFO - [2026-02-28T21:51:35.434+0000] {dag.py:3954} INFO - Setting next_dagrun for example_xcom_args_with_operators to None, run_after=None
[2026-02-28T21:51:35.448+0000] {processor.py:183} INFO - Processing /home/airflow/.local/lib/python3.12/site-packages/airflow/example_dags/example_xcomargs.py took 0.057 seconds
[2026-02-28T21:52:06.810+0000] {processor.py:161} INFO - Started process (PID=1387) to work on /home/airflow/.local/lib/python3.12/site-packages/airflow/example_dags/example_xcomargs.py
[2026-02-28T21:52:06.811+0000] {processor.py:830} INFO - Processing file /home/airflow/.local/lib/python3.12/site-packages/airflow/example_dags/example_xcomargs.py for tasks to queue
[2026-02-28T21:52:06.816+0000] {logging_mixin.py:188} INFO - [2026-02-28T21:52:06.815+0000] {dagbag.py:545} INFO - Filling up the DagBag from /home/airflow/.local/lib/python3.12/site-packages/airflow/example_dags/example_xcomargs.py
[2026-02-28T21:52:06.822+0000] {processor.py:840} INFO - DAG(s) 'example_xcom_args', 'example_xcom_args_with_operators' retrieved from /home/airflow/.local/lib/python3.12/site-packages/airflow/example_dags/example_xcomargs.py
[2026-02-28T21:52:06.846+0000] {logging_mixin.py:188} INFO - [2026-02-28T21:52:06.846+0000] {dag.py:3096} INFO - Sync 2 DAGs
[2026-02-28T21:52:06.857+0000] {logging_mixin.py:188} INFO - [2026-02-28T21:52:06.857+0000] {dag.py:3954} INFO - Setting next_dagrun for example_xcom_args to None, run_after=None
[2026-02-28T21:52:06.863+0000] {logging_mixin.py:188} INFO - [2026-02-28T21:52:06.863+0000] {dag.py:3954} INFO - Setting next_dagrun for example_xcom_args_with_operators to None, run_after=None
[2026-02-28T21:52:06.873+0000] {processor.py:183} INFO - Processing /home/airflow/.local/lib/python3.12/site-packages/airflow/example_dags/example_xcomargs.py took 0.069 seconds
[2026-02-28T21:52:37.771+0000] {processor.py:161} INFO - Started process (PID=1445) to work on /home/airflow/.local/lib/python3.12/site-packages/airflow/example_dags/example_xcomargs.py
[2026-02-28T21:52:37.772+0000] {processor.py:830} INFO - Processing file /home/airflow/.local/lib/python3.12/site-packages/airflow/example_dags/example_xcomargs.py for tasks to queue
[2026-02-28T21:52:37.773+0000] {logging_mixin.py:188} INFO - [2026-02-28T21:52:37.773+0000] {dagbag.py:545} INFO - Filling up the DagBag from /home/airflow/.local/lib/python3.12/site-packages/airflow/example_dags/example_xcomargs.py
[2026-02-28T21:52:37.781+0000] {processor.py:840} INFO - DAG(s) 'example_xcom_args', 'example_xcom_args_with_operators' retrieved from /home/airflow/.local/lib/python3.12/site-packages/airflow/example_dags/example_xcomargs.py
[2026-02-28T21:52:37.803+0000] {logging_mixin.py:188} INFO - [2026-02-28T21:52:37.803+0000] {dag.py:3096} INFO - Sync 2 DAGs
[2026-02-28T21:52:38.425+0000] {logging_mixin.py:188} INFO - [2026-02-28T21:52:38.424+0000] {dag.py:3954} INFO - Setting next_dagrun for example_xcom_args to None, run_after=None
[2026-02-28T21:52:38.430+0000] {logging_mixin.py:188} INFO - [2026-02-28T21:52:38.430+0000] {dag.py:3954} INFO - Setting next_dagrun for example_xcom_args_with_operators to None, run_after=None
[2026-02-28T21:52:38.442+0000] {processor.py:183} INFO - Processing /home/airflow/.local/lib/python3.12/site-packages/airflow/example_dags/example_xcomargs.py took 0.674 seconds
[2026-02-28T21:53:09.732+0000] {processor.py:161} INFO - Started process (PID=1503) to work on /home/airflow/.local/lib/python3.12/site-packages/airflow/example_dags/example_xcomargs.py
[2026-02-28T21:53:09.735+0000] {processor.py:830} INFO - Processing file /home/airflow/.local/lib/python3.12/site-packages/airflow/example_dags/example_xcomargs.py for tasks to queue
[2026-02-28T21:53:09.742+0000] {logging_mixin.py:188} INFO - [2026-02-28T21:53:09.741+0000] {dagbag.py:545} INFO - Filling up the DagBag from /home/airflow/.local/lib/python3.12/site-packages/airflow/example_dags/example_xcomargs.py
[2026-02-28T21:53:09.762+0000] {processor.py:840} INFO - DAG(s) 'example_xcom_args', 'example_xcom_args_with_operators' retrieved from /home/airflow/.local/lib/python3.12/site-packages/airflow/example_dags/example_xcomargs.py
[2026-02-28T21:53:09.834+0000] {logging_mixin.py:188} INFO - [2026-02-28T21:53:09.832+0000] {dag.py:3096} INFO - Sync 2 DAGs
[2026-02-28T21:53:10.168+0000] {logging_mixin.py:188} INFO - [2026-02-28T21:53:10.168+0000] {dag.py:3954} INFO - Setting next_dagrun for example_xcom_args to None, run_after=None
[2026-02-28T21:53:10.173+0000] {logging_mixin.py:188} INFO - [2026-02-28T21:53:10.173+0000] {dag.py:3954} INFO - Setting next_dagrun for example_xcom_args_with_operators to None, run_after=None
[2026-02-28T21:53:10.188+0000] {processor.py:183} INFO - Processing /home/airflow/.local/lib/python3.12/site-packages/airflow/example_dags/example_xcomargs.py took 0.466 seconds
[2026-02-28T21:53:40.501+0000] {processor.py:161} INFO - Started process (PID=1561) to work on /home/airflow/.local/lib/python3.12/site-packages/airflow/example_dags/example_xcomargs.py
[2026-02-28T21:53:40.503+0000] {processor.py:830} INFO - Processing file /home/airflow/.local/lib/python3.12/site-packages/airflow/example_dags/example_xcomargs.py for tasks to queue
[2026-02-28T21:53:40.507+0000] {logging_mixin.py:188} INFO - [2026-02-28T21:53:40.504+0000] {dagbag.py:545} INFO - Filling up the DagBag from /home/airflow/.local/lib/python3.12/site-packages/airflow/example_dags/example_xcomargs.py
[2026-02-28T21:53:40.512+0000] {processor.py:840} INFO - DAG(s) 'example_xcom_args_with_operators', 'example_xcom_args' retrieved from /home/airflow/.local/lib/python3.12/site-packages/airflow/example_dags/example_xcomargs.py
[2026-02-28T21:53:40.530+0000] {logging_mixin.py:188} INFO - [2026-02-28T21:53:40.530+0000] {dag.py:3096} INFO - Sync 2 DAGs
[2026-02-28T21:53:40.744+0000] {logging_mixin.py:188} INFO - [2026-02-28T21:53:40.744+0000] {dag.py:3954} INFO - Setting next_dagrun for example_xcom_args to None, run_after=None
[2026-02-28T21:53:40.748+0000] {logging_mixin.py:188} INFO - [2026-02-28T21:53:40.748+0000] {dag.py:3954} INFO - Setting next_dagrun for example_xcom_args_with_operators to None, run_after=None
[2026-02-28T21:53:40.764+0000] {processor.py:183} INFO - Processing /home/airflow/.local/lib/python3.12/site-packages/airflow/example_dags/example_xcomargs.py took 0.270 seconds
[2026-02-28T21:54:11.572+0000] {processor.py:161} INFO - Started process (PID=1619) to work on /home/airflow/.local/lib/python3.12/site-packages/airflow/example_dags/example_xcomargs.py
[2026-02-28T21:54:11.574+0000] {processor.py:830} INFO - Processing file /home/airflow/.local/lib/python3.12/site-packages/airflow/example_dags/example_xcomargs.py for tasks to queue
[2026-02-28T21:54:11.578+0000] {logging_mixin.py:188} INFO - [2026-02-28T21:54:11.577+0000] {dagbag.py:545} INFO - Filling up the DagBag from /home/airflow/.local/lib/python3.12/site-packages/airflow/example_dags/example_xcomargs.py
[2026-02-28T21:54:11.591+0000] {processor.py:840} INFO - DAG(s) 'example_xcom_args', 'example_xcom_args_with_operators' retrieved from /home/airflow/.local/lib/python3.12/site-packages/airflow/example_dags/example_xcomargs.py
[2026-02-28T21:54:11.636+0000] {logging_mixin.py:188} INFO - [2026-02-28T21:54:11.635+0000] {dag.py:3096} INFO - Sync 2 DAGs
[2026-02-28T21:54:11.656+0000] {logging_mixin.py:188} INFO - [2026-02-28T21:54:11.655+0000] {dag.py:3954} INFO - Setting next_dagrun for example_xcom_args to None, run_after=None
[2026-02-28T21:54:11.661+0000] {logging_mixin.py:188} INFO - [2026-02-28T21:54:11.661+0000] {dag.py:3954} INFO - Setting next_dagrun for example_xcom_args_with_operators to None, run_after=None
[2026-02-28T21:54:11.691+0000] {processor.py:183} INFO - Processing /home/airflow/.local/lib/python3.12/site-packages/airflow/example_dags/example_xcomargs.py took 0.125 seconds
[2026-02-28T21:54:42.378+0000] {processor.py:161} INFO - Started process (PID=1677) to work on /home/airflow/.local/lib/python3.12/site-packages/airflow/example_dags/example_xcomargs.py
[2026-02-28T21:54:42.383+0000] {processor.py:830} INFO - Processing file /home/airflow/.local/lib/python3.12/site-packages/airflow/example_dags/example_xcomargs.py for tasks to queue
[2026-02-28T21:54:42.389+0000] {logging_mixin.py:188} INFO - [2026-02-28T21:54:42.388+0000] {dagbag.py:545} INFO - Filling up the DagBag from /home/airflow/.local/lib/python3.12/site-packages/airflow/example_dags/example_xcomargs.py
[2026-02-28T21:54:42.436+0000] {processor.py:840} INFO - DAG(s) 'example_xcom_args', 'example_xcom_args_with_operators' retrieved from /home/airflow/.local/lib/python3.12/site-packages/airflow/example_dags/example_xcomargs.py
[2026-02-28T21:54:42.532+0000] {logging_mixin.py:188} INFO - [2026-02-28T21:54:42.532+0000] {dag.py:3096} INFO - Sync 2 DAGs
[2026-02-28T21:54:42.566+0000] {logging_mixin.py:188} INFO - [2026-02-28T21:54:42.565+0000] {dag.py:3954} INFO - Setting next_dagrun for example_xcom_args to None, run_after=None
[2026-02-28T21:54:42.573+0000] {logging_mixin.py:188} INFO - [2026-02-28T21:54:42.572+0000] {dag.py:3954} INFO - Setting next_dagrun for example_xcom_args_with_operators to None, run_after=None
[2026-02-28T21:54:42.636+0000] {processor.py:183} INFO - Processing /home/airflow/.local/lib/python3.12/site-packages/airflow/example_dags/example_xcomargs.py took 0.289 seconds
[2026-02-28T21:55:12.822+0000] {processor.py:161} INFO - Started process (PID=1738) to work on /home/airflow/.local/lib/python3.12/site-packages/airflow/example_dags/example_xcomargs.py
[2026-02-28T21:55:12.825+0000] {processor.py:830} INFO - Processing file /home/airflow/.local/lib/python3.12/site-packages/airflow/example_dags/example_xcomargs.py for tasks to queue
[2026-02-28T21:55:12.834+0000] {logging_mixin.py:188} INFO - [2026-02-28T21:55:12.833+0000] {dagbag.py:545} INFO - Filling up the DagBag from /home/airflow/.local/lib/python3.12/site-packages/airflow/example_dags/example_xcomargs.py
[2026-02-28T21:55:12.851+0000] {processor.py:840} INFO - DAG(s) 'example_xcom_args', 'example_xcom_args_with_operators' retrieved from /home/airflow/.local/lib/python3.12/site-packages/airflow/example_dags/example_xcomargs.py
[2026-02-28T21:55:12.874+0000] {logging_mixin.py:188} INFO - [2026-02-28T21:55:12.874+0000] {dag.py:3096} INFO - Sync 2 DAGs
[2026-02-28T21:55:12.884+0000] {logging_mixin.py:188} INFO - [2026-02-28T21:55:12.884+0000] {dag.py:3954} INFO - Setting next_dagrun for example_xcom_args to None, run_after=None
[2026-02-28T21:55:12.888+0000] {logging_mixin.py:188} INFO - [2026-02-28T21:55:12.888+0000] {dag.py:3954} INFO - Setting next_dagrun for example_xcom_args_with_operators to None, run_after=None
[2026-02-28T21:55:12.907+0000] {processor.py:183} INFO - Processing /home/airflow/.local/lib/python3.12/site-packages/airflow/example_dags/example_xcomargs.py took 0.094 seconds
[2026-02-28T21:55:43.728+0000] {processor.py:161} INFO - Started process (PID=1796) to work on /home/airflow/.local/lib/python3.12/site-packages/airflow/example_dags/example_xcomargs.py
[2026-02-28T21:55:43.730+0000] {processor.py:830} INFO - Processing file /home/airflow/.local/lib/python3.12/site-packages/airflow/example_dags/example_xcomargs.py for tasks to queue
[2026-02-28T21:55:43.733+0000] {logging_mixin.py:188} INFO - [2026-02-28T21:55:43.732+0000] {dagbag.py:545} INFO - Filling up the DagBag from /home/airflow/.local/lib/python3.12/site-packages/airflow/example_dags/example_xcomargs.py
[2026-02-28T21:55:43.744+0000] {processor.py:840} INFO - DAG(s) 'example_xcom_args', 'example_xcom_args_with_operators' retrieved from /home/airflow/.local/lib/python3.12/site-packages/airflow/example_dags/example_xcomargs.py
[2026-02-28T21:55:43.765+0000] {logging_mixin.py:188} INFO - [2026-02-28T21:55:43.765+0000] {dag.py:3096} INFO - Sync 2 DAGs
[2026-02-28T21:55:43.776+0000] {logging_mixin.py:188} INFO - [2026-02-28T21:55:43.775+0000] {dag.py:3954} INFO - Setting next_dagrun for example_xcom_args to None, run_after=None
[2026-02-28T21:55:43.779+0000] {logging_mixin.py:188} INFO - [2026-02-28T21:55:43.779+0000] {dag.py:3954} INFO - Setting next_dagrun for example_xcom_args_with_operators to None, run_after=None
[2026-02-28T21:55:43.794+0000] {processor.py:183} INFO - Processing /home/airflow/.local/lib/python3.12/site-packages/airflow/example_dags/example_xcomargs.py took 0.074 seconds
[2026-02-28T21:56:14.110+0000] {processor.py:161} INFO - Started process (PID=1854) to work on /home/airflow/.local/lib/python3.12/site-packages/airflow/example_dags/example_xcomargs.py
[2026-02-28T21:56:14.115+0000] {processor.py:830} INFO - Processing file /home/airflow/.local/lib/python3.12/site-packages/airflow/example_dags/example_xcomargs.py for tasks to queue
[2026-02-28T21:56:14.118+0000] {logging_mixin.py:188} INFO - [2026-02-28T21:56:14.118+0000] {dagbag.py:545} INFO - Filling up the DagBag from /home/airflow/.local/lib/python3.12/site-packages/airflow/example_dags/example_xcomargs.py
[2026-02-28T21:56:14.131+0000] {processor.py:840} INFO - DAG(s) 'example_xcom_args_with_operators', 'example_xcom_args' retrieved from /home/airflow/.local/lib/python3.12/site-packages/airflow/example_dags/example_xcomargs.py
[2026-02-28T21:56:14.153+0000] {logging_mixin.py:188} INFO - [2026-02-28T21:56:14.153+0000] {dag.py:3096} INFO - Sync 2 DAGs
[2026-02-28T21:56:14.164+0000] {logging_mixin.py:188} INFO - [2026-02-28T21:56:14.164+0000] {dag.py:3954} INFO - Setting next_dagrun for example_xcom_args to None, run_after=None
[2026-02-28T21:56:14.168+0000] {logging_mixin.py:188} INFO - [2026-02-28T21:56:14.167+0000] {dag.py:3954} INFO - Setting next_dagrun for example_xcom_args_with_operators to None, run_after=None
[2026-02-28T21:56:14.183+0000] {processor.py:183} INFO - Processing /home/airflow/.local/lib/python3.12/site-packages/airflow/example_dags/example_xcomargs.py took 0.084 seconds
[2026-02-28T21:56:44.274+0000] {processor.py:161} INFO - Started process (PID=1912) to work on /home/airflow/.local/lib/python3.12/site-packages/airflow/example_dags/example_xcomargs.py
[2026-02-28T21:56:44.277+0000] {processor.py:830} INFO - Processing file /home/airflow/.local/lib/python3.12/site-packages/airflow/example_dags/example_xcomargs.py for tasks to queue
[2026-02-28T21:56:44.280+0000] {logging_mixin.py:188} INFO - [2026-02-28T21:56:44.280+0000] {dagbag.py:545} INFO - Filling up the DagBag from /home/airflow/.local/lib/python3.12/site-packages/airflow/example_dags/example_xcomargs.py
[2026-02-28T21:56:44.291+0000] {processor.py:840} INFO - DAG(s) 'example_xcom_args', 'example_xcom_args_with_operators' retrieved from /home/airflow/.local/lib/python3.12/site-packages/airflow/example_dags/example_xcomargs.py
[2026-02-28T21:56:44.315+0000] {logging_mixin.py:188} INFO - [2026-02-28T21:56:44.315+0000] {dag.py:3096} INFO - Sync 2 DAGs
[2026-02-28T21:56:44.325+0000] {logging_mixin.py:188} INFO - [2026-02-28T21:56:44.325+0000] {dag.py:3954} INFO - Setting next_dagrun for example_xcom_args to None, run_after=None
[2026-02-28T21:56:44.331+0000] {logging_mixin.py:188} INFO - [2026-02-28T21:56:44.331+0000] {dag.py:3954} INFO - Setting next_dagrun for example_xcom_args_with_operators to None, run_after=None
[2026-02-28T21:56:44.343+0000] {processor.py:183} INFO - Processing /home/airflow/.local/lib/python3.12/site-packages/airflow/example_dags/example_xcomargs.py took 0.077 seconds
[2026-02-28T21:57:15.108+0000] {processor.py:161} INFO - Started process (PID=1970) to work on /home/airflow/.local/lib/python3.12/site-packages/airflow/example_dags/example_xcomargs.py
[2026-02-28T21:57:15.110+0000] {processor.py:830} INFO - Processing file /home/airflow/.local/lib/python3.12/site-packages/airflow/example_dags/example_xcomargs.py for tasks to queue
[2026-02-28T21:57:15.114+0000] {logging_mixin.py:188} INFO - [2026-02-28T21:57:15.114+0000] {dagbag.py:545} INFO - Filling up the DagBag from /home/airflow/.local/lib/python3.12/site-packages/airflow/example_dags/example_xcomargs.py
[2026-02-28T21:57:15.129+0000] {processor.py:840} INFO - DAG(s) 'example_xcom_args', 'example_xcom_args_with_operators' retrieved from /home/airflow/.local/lib/python3.12/site-packages/airflow/example_dags/example_xcomargs.py
[2026-02-28T21:57:15.165+0000] {logging_mixin.py:188} INFO - [2026-02-28T21:57:15.165+0000] {dag.py:3096} INFO - Sync 2 DAGs
[2026-02-28T21:57:15.182+0000] {logging_mixin.py:188} INFO - [2026-02-28T21:57:15.182+0000] {dag.py:3954} INFO - Setting next_dagrun for example_xcom_args to None, run_after=None
[2026-02-28T21:57:15.187+0000] {logging_mixin.py:188} INFO - [2026-02-28T21:57:15.187+0000] {dag.py:3954} INFO - Setting next_dagrun for example_xcom_args_with_operators to None, run_after=None
[2026-02-28T21:57:15.212+0000] {processor.py:183} INFO - Processing /home/airflow/.local/lib/python3.12/site-packages/airflow/example_dags/example_xcomargs.py took 0.115 seconds
[2026-02-28T21:57:46.053+0000] {processor.py:161} INFO - Started process (PID=2028) to work on /home/airflow/.local/lib/python3.12/site-packages/airflow/example_dags/example_xcomargs.py
[2026-02-28T21:57:46.055+0000] {processor.py:830} INFO - Processing file /home/airflow/.local/lib/python3.12/site-packages/airflow/example_dags/example_xcomargs.py for tasks to queue
[2026-02-28T21:57:46.061+0000] {logging_mixin.py:188} INFO - [2026-02-28T21:57:46.061+0000] {dagbag.py:545} INFO - Filling up the DagBag from /home/airflow/.local/lib/python3.12/site-packages/airflow/example_dags/example_xcomargs.py
[2026-02-28T21:57:46.077+0000] {processor.py:840} INFO - DAG(s) 'example_xcom_args_with_operators', 'example_xcom_args' retrieved from /home/airflow/.local/lib/python3.12/site-packages/airflow/example_dags/example_xcomargs.py
[2026-02-28T21:57:46.137+0000] {logging_mixin.py:188} INFO - [2026-02-28T21:57:46.136+0000] {dag.py:3096} INFO - Sync 2 DAGs
[2026-02-28T21:57:46.154+0000] {logging_mixin.py:188} INFO - [2026-02-28T21:57:46.154+0000] {dag.py:3954} INFO - Setting next_dagrun for example_xcom_args to None, run_after=None
[2026-02-28T21:57:46.167+0000] {logging_mixin.py:188} INFO - [2026-02-28T21:57:46.167+0000] {dag.py:3954} INFO - Setting next_dagrun for example_xcom_args_with_operators to None, run_after=None
[2026-02-28T21:57:46.193+0000] {processor.py:183} INFO - Processing /home/airflow/.local/lib/python3.12/site-packages/airflow/example_dags/example_xcomargs.py took 0.153 seconds
[2026-02-28T21:58:16.831+0000] {processor.py:161} INFO - Started process (PID=2086) to work on /home/airflow/.local/lib/python3.12/site-packages/airflow/example_dags/example_xcomargs.py
[2026-02-28T21:58:16.836+0000] {processor.py:830} INFO - Processing file /home/airflow/.local/lib/python3.12/site-packages/airflow/example_dags/example_xcomargs.py for tasks to queue
[2026-02-28T21:58:16.838+0000] {logging_mixin.py:188} INFO - [2026-02-28T21:58:16.838+0000] {dagbag.py:545} INFO - Filling up the DagBag from /home/airflow/.local/lib/python3.12/site-packages/airflow/example_dags/example_xcomargs.py
[2026-02-28T21:58:16.853+0000] {processor.py:840} INFO - DAG(s) 'example_xcom_args', 'example_xcom_args_with_operators' retrieved from /home/airflow/.local/lib/python3.12/site-packages/airflow/example_dags/example_xcomargs.py
[2026-02-28T21:58:16.876+0000] {logging_mixin.py:188} INFO - [2026-02-28T21:58:16.876+0000] {dag.py:3096} INFO - Sync 2 DAGs
[2026-02-28T21:58:16.887+0000] {logging_mixin.py:188} INFO - [2026-02-28T21:58:16.887+0000] {dag.py:3954} INFO - Setting next_dagrun for example_xcom_args to None, run_after=None
[2026-02-28T21:58:16.890+0000] {logging_mixin.py:188} INFO - [2026-02-28T21:58:16.890+0000] {dag.py:3954} INFO - Setting next_dagrun for example_xcom_args_with_operators to None, run_after=None
[2026-02-28T21:58:17.061+0000] {processor.py:183} INFO - Processing /home/airflow/.local/lib/python3.12/site-packages/airflow/example_dags/example_xcomargs.py took 0.237 seconds
[2026-02-28T21:58:47.411+0000] {processor.py:161} INFO - Started process (PID=2144) to work on /home/airflow/.local/lib/python3.12/site-packages/airflow/example_dags/example_xcomargs.py
[2026-02-28T21:58:47.414+0000] {processor.py:830} INFO - Processing file /home/airflow/.local/lib/python3.12/site-packages/airflow/example_dags/example_xcomargs.py for tasks to queue
[2026-02-28T21:58:47.416+0000] {logging_mixin.py:188} INFO - [2026-02-28T21:58:47.415+0000] {dagbag.py:545} INFO - Filling up the DagBag from /home/airflow/.local/lib/python3.12/site-packages/airflow/example_dags/example_xcomargs.py
[2026-02-28T21:58:47.428+0000] {processor.py:840} INFO - DAG(s) 'example_xcom_args_with_operators', 'example_xcom_args' retrieved from /home/airflow/.local/lib/python3.12/site-packages/airflow/example_dags/example_xcomargs.py
[2026-02-28T21:58:47.453+0000] {logging_mixin.py:188} INFO - [2026-02-28T21:58:47.453+0000] {dag.py:3096} INFO - Sync 2 DAGs
[2026-02-28T21:58:47.461+0000] {logging_mixin.py:188} INFO - [2026-02-28T21:58:47.461+0000] {dag.py:3954} INFO - Setting next_dagrun for example_xcom_args to None, run_after=None
[2026-02-28T21:58:47.465+0000] {logging_mixin.py:188} INFO - [2026-02-28T21:58:47.465+0000] {dag.py:3954} INFO - Setting next_dagrun for example_xcom_args_with_operators to None, run_after=None
[2026-02-28T21:58:47.615+0000] {processor.py:183} INFO - Processing /home/airflow/.local/lib/python3.12/site-packages/airflow/example_dags/example_xcomargs.py took 0.213 seconds
[2026-02-28T21:59:18.099+0000] {processor.py:161} INFO - Started process (PID=2202) to work on /home/airflow/.local/lib/python3.12/site-packages/airflow/example_dags/example_xcomargs.py
[2026-02-28T21:59:18.101+0000] {processor.py:830} INFO - Processing file /home/airflow/.local/lib/python3.12/site-packages/airflow/example_dags/example_xcomargs.py for tasks to queue
[2026-02-28T21:59:18.104+0000] {logging_mixin.py:188} INFO - [2026-02-28T21:59:18.103+0000] {dagbag.py:545} INFO - Filling up the DagBag from /home/airflow/.local/lib/python3.12/site-packages/airflow/example_dags/example_xcomargs.py
[2026-02-28T21:59:18.115+0000] {processor.py:840} INFO - DAG(s) 'example_xcom_args', 'example_xcom_args_with_operators' retrieved from /home/airflow/.local/lib/python3.12/site-packages/airflow/example_dags/example_xcomargs.py
[2026-02-28T21:59:18.143+0000] {logging_mixin.py:188} INFO - [2026-02-28T21:59:18.143+0000] {dag.py:3096} INFO - Sync 2 DAGs
[2026-02-28T21:59:18.304+0000] {logging_mixin.py:188} INFO - [2026-02-28T21:59:18.304+0000] {dag.py:3954} INFO - Setting next_dagrun for example_xcom_args to None, run_after=None
[2026-02-28T21:59:18.309+0000] {logging_mixin.py:188} INFO - [2026-02-28T21:59:18.309+0000] {dag.py:3954} INFO - Setting next_dagrun for example_xcom_args_with_operators to None, run_after=None
[2026-02-28T21:59:18.321+0000] {processor.py:183} INFO - Processing /home/airflow/.local/lib/python3.12/site-packages/airflow/example_dags/example_xcomargs.py took 0.229 seconds
[2026-02-28T21:59:48.876+0000] {processor.py:161} INFO - Started process (PID=2260) to work on /home/airflow/.local/lib/python3.12/site-packages/airflow/example_dags/example_xcomargs.py
[2026-02-28T21:59:48.878+0000] {processor.py:830} INFO - Processing file /home/airflow/.local/lib/python3.12/site-packages/airflow/example_dags/example_xcomargs.py for tasks to queue
[2026-02-28T21:59:48.880+0000] {logging_mixin.py:188} INFO - [2026-02-28T21:59:48.880+0000] {dagbag.py:545} INFO - Filling up the DagBag from /home/airflow/.local/lib/python3.12/site-packages/airflow/example_dags/example_xcomargs.py
[2026-02-28T21:59:48.893+0000] {processor.py:840} INFO - DAG(s) 'example_xcom_args', 'example_xcom_args_with_operators' retrieved from /home/airflow/.local/lib/python3.12/site-packages/airflow/example_dags/example_xcomargs.py
[2026-02-28T21:59:48.917+0000] {logging_mixin.py:188} INFO - [2026-02-28T21:59:48.917+0000] {dag.py:3096} INFO - Sync 2 DAGs
[2026-02-28T21:59:49.073+0000] {logging_mixin.py:188} INFO - [2026-02-28T21:59:49.073+0000] {dag.py:3954} INFO - Setting next_dagrun for example_xcom_args to None, run_after=None
[2026-02-28T21:59:49.077+0000] {logging_mixin.py:188} INFO - [2026-02-28T21:59:49.077+0000] {dag.py:3954} INFO - Setting next_dagrun for example_xcom_args_with_operators to None, run_after=None
[2026-02-28T21:59:49.088+0000] {processor.py:183} INFO - Processing /home/airflow/.local/lib/python3.12/site-packages/airflow/example_dags/example_xcomargs.py took 0.219 seconds
[2026-02-28T22:00:19.322+0000] {processor.py:161} INFO - Started process (PID=2318) to work on /home/airflow/.local/lib/python3.12/site-packages/airflow/example_dags/example_xcomargs.py
[2026-02-28T22:00:19.324+0000] {processor.py:830} INFO - Processing file /home/airflow/.local/lib/python3.12/site-packages/airflow/example_dags/example_xcomargs.py for tasks to queue
[2026-02-28T22:00:19.326+0000] {logging_mixin.py:188} INFO - [2026-02-28T22:00:19.326+0000] {dagbag.py:545} INFO - Filling up the DagBag from /home/airflow/.local/lib/python3.12/site-packages/airflow/example_dags/example_xcomargs.py
[2026-02-28T22:00:19.342+0000] {processor.py:840} INFO - DAG(s) 'example_xcom_args_with_operators', 'example_xcom_args' retrieved from /home/airflow/.local/lib/python3.12/site-packages/airflow/example_dags/example_xcomargs.py
[2026-02-28T22:00:19.363+0000] {logging_mixin.py:188} INFO - [2026-02-28T22:00:19.362+0000] {dag.py:3096} INFO - Sync 2 DAGs
[2026-02-28T22:00:19.499+0000] {logging_mixin.py:188} INFO - [2026-02-28T22:00:19.499+0000] {dag.py:3954} INFO - Setting next_dagrun for example_xcom_args to None, run_after=None
[2026-02-28T22:00:19.501+0000] {logging_mixin.py:188} INFO - [2026-02-28T22:00:19.501+0000] {dag.py:3954} INFO - Setting next_dagrun for example_xcom_args_with_operators to None, run_after=None
[2026-02-28T22:00:19.513+0000] {processor.py:183} INFO - Processing /home/airflow/.local/lib/python3.12/site-packages/airflow/example_dags/example_xcomargs.py took 0.198 seconds
[2026-02-28T22:00:50.427+0000] {processor.py:161} INFO - Started process (PID=2376) to work on /home/airflow/.local/lib/python3.12/site-packages/airflow/example_dags/example_xcomargs.py
[2026-02-28T22:00:50.432+0000] {processor.py:830} INFO - Processing file /home/airflow/.local/lib/python3.12/site-packages/airflow/example_dags/example_xcomargs.py for tasks to queue
[2026-02-28T22:00:50.439+0000] {logging_mixin.py:188} INFO - [2026-02-28T22:00:50.438+0000] {dagbag.py:545} INFO - Filling up the DagBag from /home/airflow/.local/lib/python3.12/site-packages/airflow/example_dags/example_xcomargs.py
[2026-02-28T22:00:50.452+0000] {processor.py:840} INFO - DAG(s) 'example_xcom_args', 'example_xcom_args_with_operators' retrieved from /home/airflow/.local/lib/python3.12/site-packages/airflow/example_dags/example_xcomargs.py
[2026-02-28T22:00:50.482+0000] {logging_mixin.py:188} INFO - [2026-02-28T22:00:50.482+0000] {dag.py:3096} INFO - Sync 2 DAGs
[2026-02-28T22:00:50.511+0000] {logging_mixin.py:188} INFO - [2026-02-28T22:00:50.511+0000] {dag.py:3954} INFO - Setting next_dagrun for example_xcom_args to None, run_after=None
[2026-02-28T22:00:50.518+0000] {logging_mixin.py:188} INFO - [2026-02-28T22:00:50.518+0000] {dag.py:3954} INFO - Setting next_dagrun for example_xcom_args_with_operators to None, run_after=None
[2026-02-28T22:00:50.543+0000] {processor.py:183} INFO - Processing /home/airflow/.local/lib/python3.12/site-packages/airflow/example_dags/example_xcomargs.py took 0.123 seconds
[2026-02-28T22:01:21.057+0000] {processor.py:161} INFO - Started process (PID=2433) to work on /home/airflow/.local/lib/python3.12/site-packages/airflow/example_dags/example_xcomargs.py
[2026-02-28T22:01:21.060+0000] {processor.py:830} INFO - Processing file /home/airflow/.local/lib/python3.12/site-packages/airflow/example_dags/example_xcomargs.py for tasks to queue
[2026-02-28T22:01:21.064+0000] {logging_mixin.py:188} INFO - [2026-02-28T22:01:21.063+0000] {dagbag.py:545} INFO - Filling up the DagBag from /home/airflow/.local/lib/python3.12/site-packages/airflow/example_dags/example_xcomargs.py
[2026-02-28T22:01:21.071+0000] {processor.py:840} INFO - DAG(s) 'example_xcom_args', 'example_xcom_args_with_operators' retrieved from /home/airflow/.local/lib/python3.12/site-packages/airflow/example_dags/example_xcomargs.py
[2026-02-28T22:01:21.095+0000] {logging_mixin.py:188} INFO - [2026-02-28T22:01:21.094+0000] {dag.py:3096} INFO - Sync 2 DAGs
[2026-02-28T22:01:21.104+0000] {logging_mixin.py:188} INFO - [2026-02-28T22:01:21.103+0000] {dag.py:3954} INFO - Setting next_dagrun for example_xcom_args to None, run_after=None
[2026-02-28T22:01:21.106+0000] {logging_mixin.py:188} INFO - [2026-02-28T22:01:21.105+0000] {dag.py:3954} INFO - Setting next_dagrun for example_xcom_args_with_operators to None, run_after=None
[2026-02-28T22:01:21.123+0000] {processor.py:183} INFO - Processing /home/airflow/.local/lib/python3.12/site-packages/airflow/example_dags/example_xcomargs.py took 0.074 seconds
[2026-02-28T22:01:51.143+0000] {processor.py:161} INFO - Started process (PID=2490) to work on /home/airflow/.local/lib/python3.12/site-packages/airflow/example_dags/example_xcomargs.py
[2026-02-28T22:01:51.144+0000] {processor.py:830} INFO - Processing file /home/airflow/.local/lib/python3.12/site-packages/airflow/example_dags/example_xcomargs.py for tasks to queue
[2026-02-28T22:01:51.146+0000] {logging_mixin.py:188} INFO - [2026-02-28T22:01:51.145+0000] {dagbag.py:545} INFO - Filling up the DagBag from /home/airflow/.local/lib/python3.12/site-packages/airflow/example_dags/example_xcomargs.py
[2026-02-28T22:01:51.151+0000] {processor.py:840} INFO - DAG(s) 'example_xcom_args', 'example_xcom_args_with_operators' retrieved from /home/airflow/.local/lib/python3.12/site-packages/airflow/example_dags/example_xcomargs.py
[2026-02-28T22:01:51.163+0000] {logging_mixin.py:188} INFO - [2026-02-28T22:01:51.162+0000] {dag.py:3096} INFO - Sync 2 DAGs
[2026-02-28T22:01:51.168+0000] {logging_mixin.py:188} INFO - [2026-02-28T22:01:51.168+0000] {dag.py:3954} INFO - Setting next_dagrun for example_xcom_args to None, run_after=None
[2026-02-28T22:01:51.170+0000] {logging_mixin.py:188} INFO - [2026-02-28T22:01:51.170+0000] {dag.py:3954} INFO - Setting next_dagrun for example_xcom_args_with_operators to None, run_after=None
[2026-02-28T22:01:51.177+0000] {processor.py:183} INFO - Processing /home/airflow/.local/lib/python3.12/site-packages/airflow/example_dags/example_xcomargs.py took 0.036 seconds
[2026-02-28T22:02:22.060+0000] {processor.py:161} INFO - Started process (PID=2549) to work on /home/airflow/.local/lib/python3.12/site-packages/airflow/example_dags/example_xcomargs.py
[2026-02-28T22:02:22.061+0000] {processor.py:830} INFO - Processing file /home/airflow/.local/lib/python3.12/site-packages/airflow/example_dags/example_xcomargs.py for tasks to queue
[2026-02-28T22:02:22.062+0000] {logging_mixin.py:188} INFO - [2026-02-28T22:02:22.062+0000] {dagbag.py:545} INFO - Filling up the DagBag from /home/airflow/.local/lib/python3.12/site-packages/airflow/example_dags/example_xcomargs.py
[2026-02-28T22:02:22.068+0000] {processor.py:840} INFO - DAG(s) 'example_xcom_args', 'example_xcom_args_with_operators' retrieved from /home/airflow/.local/lib/python3.12/site-packages/airflow/example_dags/example_xcomargs.py
[2026-02-28T22:02:22.081+0000] {logging_mixin.py:188} INFO - [2026-02-28T22:02:22.081+0000] {dag.py:3096} INFO - Sync 2 DAGs
[2026-02-28T22:02:22.088+0000] {logging_mixin.py:188} INFO - [2026-02-28T22:02:22.088+0000] {dag.py:3954} INFO - Setting next_dagrun for example_xcom_args to None, run_after=None
[2026-02-28T22:02:22.094+0000] {logging_mixin.py:188} INFO - [2026-02-28T22:02:22.093+0000] {dag.py:3954} INFO - Setting next_dagrun for example_xcom_args_with_operators to None, run_after=None
[2026-02-28T22:02:22.119+0000] {processor.py:183} INFO - Processing /home/airflow/.local/lib/python3.12/site-packages/airflow/example_dags/example_xcomargs.py took 0.063 seconds
[2026-02-28T22:02:52.441+0000] {processor.py:161} INFO - Started process (PID=2607) to work on /home/airflow/.local/lib/python3.12/site-packages/airflow/example_dags/example_xcomargs.py
[2026-02-28T22:02:52.441+0000] {processor.py:830} INFO - Processing file /home/airflow/.local/lib/python3.12/site-packages/airflow/example_dags/example_xcomargs.py for tasks to queue
[2026-02-28T22:02:52.443+0000] {logging_mixin.py:188} INFO - [2026-02-28T22:02:52.443+0000] {dagbag.py:545} INFO - Filling up the DagBag from /home/airflow/.local/lib/python3.12/site-packages/airflow/example_dags/example_xcomargs.py
[2026-02-28T22:02:52.448+0000] {processor.py:840} INFO - DAG(s) 'example_xcom_args_with_operators', 'example_xcom_args' retrieved from /home/airflow/.local/lib/python3.12/site-packages/airflow/example_dags/example_xcomargs.py
[2026-02-28T22:02:52.460+0000] {logging_mixin.py:188} INFO - [2026-02-28T22:02:52.460+0000] {dag.py:3096} INFO - Sync 2 DAGs
[2026-02-28T22:02:52.467+0000] {logging_mixin.py:188} INFO - [2026-02-28T22:02:52.467+0000] {dag.py:3954} INFO - Setting next_dagrun for example_xcom_args to None, run_after=None
[2026-02-28T22:02:52.469+0000] {logging_mixin.py:188} INFO - [2026-02-28T22:02:52.469+0000] {dag.py:3954} INFO - Setting next_dagrun for example_xcom_args_with_operators to None, run_after=None
[2026-02-28T22:02:52.476+0000] {processor.py:183} INFO - Processing /home/airflow/.local/lib/python3.12/site-packages/airflow/example_dags/example_xcomargs.py took 0.038 seconds
[2026-02-28T22:03:22.720+0000] {processor.py:161} INFO - Started process (PID=2664) to work on /home/airflow/.local/lib/python3.12/site-packages/airflow/example_dags/example_xcomargs.py
[2026-02-28T22:03:22.721+0000] {processor.py:830} INFO - Processing file /home/airflow/.local/lib/python3.12/site-packages/airflow/example_dags/example_xcomargs.py for tasks to queue
[2026-02-28T22:03:22.729+0000] {logging_mixin.py:188} INFO - [2026-02-28T22:03:22.728+0000] {dagbag.py:545} INFO - Filling up the DagBag from /home/airflow/.local/lib/python3.12/site-packages/airflow/example_dags/example_xcomargs.py
[2026-02-28T22:03:22.739+0000] {processor.py:840} INFO - DAG(s) 'example_xcom_args', 'example_xcom_args_with_operators' retrieved from /home/airflow/.local/lib/python3.12/site-packages/airflow/example_dags/example_xcomargs.py
[2026-02-28T22:03:22.754+0000] {logging_mixin.py:188} INFO - [2026-02-28T22:03:22.754+0000] {dag.py:3096} INFO - Sync 2 DAGs
[2026-02-28T22:03:22.764+0000] {logging_mixin.py:188} INFO - [2026-02-28T22:03:22.763+0000] {dag.py:3954} INFO - Setting next_dagrun for example_xcom_args to None, run_after=None
[2026-02-28T22:03:22.766+0000] {logging_mixin.py:188} INFO - [2026-02-28T22:03:22.766+0000] {dag.py:3954} INFO - Setting next_dagrun for example_xcom_args_with_operators to None, run_after=None
[2026-02-28T22:03:22.778+0000] {processor.py:183} INFO - Processing /home/airflow/.local/lib/python3.12/site-packages/airflow/example_dags/example_xcomargs.py took 0.062 seconds
[2026-02-28T22:03:53.680+0000] {processor.py:161} INFO - Started process (PID=2722) to work on /home/airflow/.local/lib/python3.12/site-packages/airflow/example_dags/example_xcomargs.py
[2026-02-28T22:03:53.680+0000] {processor.py:830} INFO - Processing file /home/airflow/.local/lib/python3.12/site-packages/airflow/example_dags/example_xcomargs.py for tasks to queue
[2026-02-28T22:03:53.682+0000] {logging_mixin.py:188} INFO - [2026-02-28T22:03:53.682+0000] {dagbag.py:545} INFO - Filling up the DagBag from /home/airflow/.local/lib/python3.12/site-packages/airflow/example_dags/example_xcomargs.py
[2026-02-28T22:03:53.688+0000] {processor.py:840} INFO - DAG(s) 'example_xcom_args_with_operators', 'example_xcom_args' retrieved from /home/airflow/.local/lib/python3.12/site-packages/airflow/example_dags/example_xcomargs.py
[2026-02-28T22:03:53.706+0000] {logging_mixin.py:188} INFO - [2026-02-28T22:03:53.706+0000] {dag.py:3096} INFO - Sync 2 DAGs
[2026-02-28T22:03:53.715+0000] {logging_mixin.py:188} INFO - [2026-02-28T22:03:53.715+0000] {dag.py:3954} INFO - Setting next_dagrun for example_xcom_args to None, run_after=None
[2026-02-28T22:03:53.718+0000] {logging_mixin.py:188} INFO - [2026-02-28T22:03:53.718+0000] {dag.py:3954} INFO - Setting next_dagrun for example_xcom_args_with_operators to None, run_after=None
[2026-02-28T22:03:53.729+0000] {processor.py:183} INFO - Processing /home/airflow/.local/lib/python3.12/site-packages/airflow/example_dags/example_xcomargs.py took 0.053 seconds
[2026-02-28T22:04:23.858+0000] {processor.py:161} INFO - Started process (PID=2780) to work on /home/airflow/.local/lib/python3.12/site-packages/airflow/example_dags/example_xcomargs.py
[2026-02-28T22:04:23.858+0000] {processor.py:830} INFO - Processing file /home/airflow/.local/lib/python3.12/site-packages/airflow/example_dags/example_xcomargs.py for tasks to queue
[2026-02-28T22:04:23.860+0000] {logging_mixin.py:188} INFO - [2026-02-28T22:04:23.860+0000] {dagbag.py:545} INFO - Filling up the DagBag from /home/airflow/.local/lib/python3.12/site-packages/airflow/example_dags/example_xcomargs.py
[2026-02-28T22:04:23.869+0000] {processor.py:840} INFO - DAG(s) 'example_xcom_args', 'example_xcom_args_with_operators' retrieved from /home/airflow/.local/lib/python3.12/site-packages/airflow/example_dags/example_xcomargs.py
[2026-02-28T22:04:23.889+0000] {logging_mixin.py:188} INFO - [2026-02-28T22:04:23.889+0000] {dag.py:3096} INFO - Sync 2 DAGs
[2026-02-28T22:04:23.901+0000] {logging_mixin.py:188} INFO - [2026-02-28T22:04:23.901+0000] {dag.py:3954} INFO - Setting next_dagrun for example_xcom_args to None, run_after=None
[2026-02-28T22:04:23.906+0000] {logging_mixin.py:188} INFO - [2026-02-28T22:04:23.905+0000] {dag.py:3954} INFO - Setting next_dagrun for example_xcom_args_with_operators to None, run_after=None
[2026-02-28T22:04:23.920+0000] {processor.py:183} INFO - Processing /home/airflow/.local/lib/python3.12/site-packages/airflow/example_dags/example_xcomargs.py took 0.070 seconds
