[2026-02-28T21:40:05.546+0000] {processor.py:161} INFO - Started process (PID=84) to work on /home/airflow/.local/lib/python3.12/site-packages/airflow/example_dags/example_skip_dag.py
[2026-02-28T21:40:05.547+0000] {processor.py:830} INFO - Processing file /home/airflow/.local/lib/python3.12/site-packages/airflow/example_dags/example_skip_dag.py for tasks to queue
[2026-02-28T21:40:05.549+0000] {logging_mixin.py:188} INFO - [2026-02-28T21:40:05.548+0000] {dagbag.py:545} INFO - Filling up the DagBag from /home/airflow/.local/lib/python3.12/site-packages/airflow/example_dags/example_skip_dag.py
[2026-02-28T21:40:05.555+0000] {processor.py:840} INFO - DAG(s) 'example_skip_dag' retrieved from /home/airflow/.local/lib/python3.12/site-packages/airflow/example_dags/example_skip_dag.py
[2026-02-28T21:40:05.575+0000] {logging_mixin.py:188} INFO - [2026-02-28T21:40:05.574+0000] {dag.py:3096} INFO - Sync 1 DAGs
[2026-02-28T21:40:05.618+0000] {logging_mixin.py:188} INFO - [2026-02-28T21:40:05.618+0000] {dag.py:3954} INFO - Setting next_dagrun for example_skip_dag to 2026-02-27 00:00:00+00:00, run_after=2026-02-28 00:00:00+00:00
[2026-02-28T21:40:05.692+0000] {processor.py:183} INFO - Processing /home/airflow/.local/lib/python3.12/site-packages/airflow/example_dags/example_skip_dag.py took 0.151 seconds
[2026-02-28T21:40:36.582+0000] {processor.py:161} INFO - Started process (PID=142) to work on /home/airflow/.local/lib/python3.12/site-packages/airflow/example_dags/example_skip_dag.py
[2026-02-28T21:40:36.583+0000] {processor.py:830} INFO - Processing file /home/airflow/.local/lib/python3.12/site-packages/airflow/example_dags/example_skip_dag.py for tasks to queue
[2026-02-28T21:40:36.585+0000] {logging_mixin.py:188} INFO - [2026-02-28T21:40:36.585+0000] {dagbag.py:545} INFO - Filling up the DagBag from /home/airflow/.local/lib/python3.12/site-packages/airflow/example_dags/example_skip_dag.py
[2026-02-28T21:40:36.588+0000] {processor.py:840} INFO - DAG(s) 'example_skip_dag' retrieved from /home/airflow/.local/lib/python3.12/site-packages/airflow/example_dags/example_skip_dag.py
[2026-02-28T21:40:36.668+0000] {logging_mixin.py:188} INFO - [2026-02-28T21:40:36.668+0000] {dag.py:3096} INFO - Sync 1 DAGs
[2026-02-28T21:40:36.679+0000] {logging_mixin.py:188} INFO - [2026-02-28T21:40:36.679+0000] {dag.py:3954} INFO - Setting next_dagrun for example_skip_dag to 2026-02-27 00:00:00+00:00, run_after=2026-02-28 00:00:00+00:00
[2026-02-28T21:40:36.689+0000] {processor.py:183} INFO - Processing /home/airflow/.local/lib/python3.12/site-packages/airflow/example_dags/example_skip_dag.py took 0.110 seconds
[2026-02-28T21:41:07.592+0000] {processor.py:161} INFO - Started process (PID=200) to work on /home/airflow/.local/lib/python3.12/site-packages/airflow/example_dags/example_skip_dag.py
[2026-02-28T21:41:07.595+0000] {processor.py:830} INFO - Processing file /home/airflow/.local/lib/python3.12/site-packages/airflow/example_dags/example_skip_dag.py for tasks to queue
[2026-02-28T21:41:07.598+0000] {logging_mixin.py:188} INFO - [2026-02-28T21:41:07.597+0000] {dagbag.py:545} INFO - Filling up the DagBag from /home/airflow/.local/lib/python3.12/site-packages/airflow/example_dags/example_skip_dag.py
[2026-02-28T21:41:07.608+0000] {processor.py:840} INFO - DAG(s) 'example_skip_dag' retrieved from /home/airflow/.local/lib/python3.12/site-packages/airflow/example_dags/example_skip_dag.py
[2026-02-28T21:41:07.626+0000] {logging_mixin.py:188} INFO - [2026-02-28T21:41:07.626+0000] {dag.py:3096} INFO - Sync 1 DAGs
[2026-02-28T21:41:07.641+0000] {logging_mixin.py:188} INFO - [2026-02-28T21:41:07.641+0000] {dag.py:3954} INFO - Setting next_dagrun for example_skip_dag to 2026-02-27 00:00:00+00:00, run_after=2026-02-28 00:00:00+00:00
[2026-02-28T21:41:07.653+0000] {processor.py:183} INFO - Processing /home/airflow/.local/lib/python3.12/site-packages/airflow/example_dags/example_skip_dag.py took 0.068 seconds
[2026-02-28T21:41:38.353+0000] {processor.py:161} INFO - Started process (PID=258) to work on /home/airflow/.local/lib/python3.12/site-packages/airflow/example_dags/example_skip_dag.py
[2026-02-28T21:41:38.354+0000] {processor.py:830} INFO - Processing file /home/airflow/.local/lib/python3.12/site-packages/airflow/example_dags/example_skip_dag.py for tasks to queue
[2026-02-28T21:41:38.356+0000] {logging_mixin.py:188} INFO - [2026-02-28T21:41:38.356+0000] {dagbag.py:545} INFO - Filling up the DagBag from /home/airflow/.local/lib/python3.12/site-packages/airflow/example_dags/example_skip_dag.py
[2026-02-28T21:41:38.365+0000] {processor.py:840} INFO - DAG(s) 'example_skip_dag' retrieved from /home/airflow/.local/lib/python3.12/site-packages/airflow/example_dags/example_skip_dag.py
[2026-02-28T21:41:38.384+0000] {logging_mixin.py:188} INFO - [2026-02-28T21:41:38.384+0000] {dag.py:3096} INFO - Sync 1 DAGs
[2026-02-28T21:41:38.401+0000] {logging_mixin.py:188} INFO - [2026-02-28T21:41:38.401+0000] {dag.py:3954} INFO - Setting next_dagrun for example_skip_dag to 2026-02-27 00:00:00+00:00, run_after=2026-02-28 00:00:00+00:00
[2026-02-28T21:41:38.422+0000] {processor.py:183} INFO - Processing /home/airflow/.local/lib/python3.12/site-packages/airflow/example_dags/example_skip_dag.py took 0.076 seconds
[2026-02-28T21:42:09.329+0000] {processor.py:161} INFO - Started process (PID=316) to work on /home/airflow/.local/lib/python3.12/site-packages/airflow/example_dags/example_skip_dag.py
[2026-02-28T21:42:09.331+0000] {processor.py:830} INFO - Processing file /home/airflow/.local/lib/python3.12/site-packages/airflow/example_dags/example_skip_dag.py for tasks to queue
[2026-02-28T21:42:09.337+0000] {logging_mixin.py:188} INFO - [2026-02-28T21:42:09.336+0000] {dagbag.py:545} INFO - Filling up the DagBag from /home/airflow/.local/lib/python3.12/site-packages/airflow/example_dags/example_skip_dag.py
[2026-02-28T21:42:09.346+0000] {processor.py:840} INFO - DAG(s) 'example_skip_dag' retrieved from /home/airflow/.local/lib/python3.12/site-packages/airflow/example_dags/example_skip_dag.py
[2026-02-28T21:42:09.387+0000] {logging_mixin.py:188} INFO - [2026-02-28T21:42:09.384+0000] {dag.py:3096} INFO - Sync 1 DAGs
[2026-02-28T21:42:09.419+0000] {logging_mixin.py:188} INFO - [2026-02-28T21:42:09.419+0000] {dag.py:3954} INFO - Setting next_dagrun for example_skip_dag to 2026-02-27 00:00:00+00:00, run_after=2026-02-28 00:00:00+00:00
[2026-02-28T21:42:09.439+0000] {processor.py:183} INFO - Processing /home/airflow/.local/lib/python3.12/site-packages/airflow/example_dags/example_skip_dag.py took 0.122 seconds
[2026-02-28T21:42:39.578+0000] {processor.py:161} INFO - Started process (PID=375) to work on /home/airflow/.local/lib/python3.12/site-packages/airflow/example_dags/example_skip_dag.py
[2026-02-28T21:42:39.579+0000] {processor.py:830} INFO - Processing file /home/airflow/.local/lib/python3.12/site-packages/airflow/example_dags/example_skip_dag.py for tasks to queue
[2026-02-28T21:42:39.580+0000] {logging_mixin.py:188} INFO - [2026-02-28T21:42:39.580+0000] {dagbag.py:545} INFO - Filling up the DagBag from /home/airflow/.local/lib/python3.12/site-packages/airflow/example_dags/example_skip_dag.py
[2026-02-28T21:42:39.586+0000] {processor.py:840} INFO - DAG(s) 'example_skip_dag' retrieved from /home/airflow/.local/lib/python3.12/site-packages/airflow/example_dags/example_skip_dag.py
[2026-02-28T21:42:39.602+0000] {logging_mixin.py:188} INFO - [2026-02-28T21:42:39.601+0000] {dag.py:3096} INFO - Sync 1 DAGs
[2026-02-28T21:42:39.613+0000] {logging_mixin.py:188} INFO - [2026-02-28T21:42:39.613+0000] {dag.py:3954} INFO - Setting next_dagrun for example_skip_dag to 2026-02-27 00:00:00+00:00, run_after=2026-02-28 00:00:00+00:00
[2026-02-28T21:42:39.629+0000] {processor.py:183} INFO - Processing /home/airflow/.local/lib/python3.12/site-packages/airflow/example_dags/example_skip_dag.py took 0.056 seconds
[2026-02-28T21:43:10.390+0000] {processor.py:161} INFO - Started process (PID=433) to work on /home/airflow/.local/lib/python3.12/site-packages/airflow/example_dags/example_skip_dag.py
[2026-02-28T21:43:10.391+0000] {processor.py:830} INFO - Processing file /home/airflow/.local/lib/python3.12/site-packages/airflow/example_dags/example_skip_dag.py for tasks to queue
[2026-02-28T21:43:10.392+0000] {logging_mixin.py:188} INFO - [2026-02-28T21:43:10.392+0000] {dagbag.py:545} INFO - Filling up the DagBag from /home/airflow/.local/lib/python3.12/site-packages/airflow/example_dags/example_skip_dag.py
[2026-02-28T21:43:10.397+0000] {processor.py:840} INFO - DAG(s) 'example_skip_dag' retrieved from /home/airflow/.local/lib/python3.12/site-packages/airflow/example_dags/example_skip_dag.py
[2026-02-28T21:43:10.415+0000] {logging_mixin.py:188} INFO - [2026-02-28T21:43:10.414+0000] {dag.py:3096} INFO - Sync 1 DAGs
[2026-02-28T21:43:10.433+0000] {logging_mixin.py:188} INFO - [2026-02-28T21:43:10.433+0000] {dag.py:3954} INFO - Setting next_dagrun for example_skip_dag to 2026-02-27 00:00:00+00:00, run_after=2026-02-28 00:00:00+00:00
[2026-02-28T21:43:10.448+0000] {processor.py:183} INFO - Processing /home/airflow/.local/lib/python3.12/site-packages/airflow/example_dags/example_skip_dag.py took 0.063 seconds
[2026-02-28T21:43:40.568+0000] {processor.py:161} INFO - Started process (PID=490) to work on /home/airflow/.local/lib/python3.12/site-packages/airflow/example_dags/example_skip_dag.py
[2026-02-28T21:43:40.570+0000] {processor.py:830} INFO - Processing file /home/airflow/.local/lib/python3.12/site-packages/airflow/example_dags/example_skip_dag.py for tasks to queue
[2026-02-28T21:43:40.571+0000] {logging_mixin.py:188} INFO - [2026-02-28T21:43:40.571+0000] {dagbag.py:545} INFO - Filling up the DagBag from /home/airflow/.local/lib/python3.12/site-packages/airflow/example_dags/example_skip_dag.py
[2026-02-28T21:43:40.580+0000] {processor.py:840} INFO - DAG(s) 'example_skip_dag' retrieved from /home/airflow/.local/lib/python3.12/site-packages/airflow/example_dags/example_skip_dag.py
[2026-02-28T21:43:40.600+0000] {logging_mixin.py:188} INFO - [2026-02-28T21:43:40.600+0000] {dag.py:3096} INFO - Sync 1 DAGs
[2026-02-28T21:43:40.615+0000] {logging_mixin.py:188} INFO - [2026-02-28T21:43:40.615+0000] {dag.py:3954} INFO - Setting next_dagrun for example_skip_dag to 2026-02-27 00:00:00+00:00, run_after=2026-02-28 00:00:00+00:00
[2026-02-28T21:43:40.636+0000] {processor.py:183} INFO - Processing /home/airflow/.local/lib/python3.12/site-packages/airflow/example_dags/example_skip_dag.py took 0.075 seconds
[2026-02-28T21:44:43.928+0000] {processor.py:161} INFO - Started process (PID=549) to work on /home/airflow/.local/lib/python3.12/site-packages/airflow/example_dags/example_skip_dag.py
[2026-02-28T21:44:43.930+0000] {processor.py:830} INFO - Processing file /home/airflow/.local/lib/python3.12/site-packages/airflow/example_dags/example_skip_dag.py for tasks to queue
[2026-02-28T21:44:43.931+0000] {logging_mixin.py:188} INFO - [2026-02-28T21:44:43.931+0000] {dagbag.py:545} INFO - Filling up the DagBag from /home/airflow/.local/lib/python3.12/site-packages/airflow/example_dags/example_skip_dag.py
[2026-02-28T21:44:43.938+0000] {processor.py:840} INFO - DAG(s) 'example_skip_dag' retrieved from /home/airflow/.local/lib/python3.12/site-packages/airflow/example_dags/example_skip_dag.py
[2026-02-28T21:44:43.953+0000] {logging_mixin.py:188} INFO - [2026-02-28T21:44:43.952+0000] {dag.py:3096} INFO - Sync 1 DAGs
[2026-02-28T21:44:43.969+0000] {logging_mixin.py:188} INFO - [2026-02-28T21:44:43.969+0000] {dag.py:3954} INFO - Setting next_dagrun for example_skip_dag to 2026-02-27 00:00:00+00:00, run_after=2026-02-28 00:00:00+00:00
[2026-02-28T21:44:43.985+0000] {processor.py:183} INFO - Processing /home/airflow/.local/lib/python3.12/site-packages/airflow/example_dags/example_skip_dag.py took 0.061 seconds
[2026-02-28T21:45:14.341+0000] {processor.py:161} INFO - Started process (PID=607) to work on /home/airflow/.local/lib/python3.12/site-packages/airflow/example_dags/example_skip_dag.py
[2026-02-28T21:45:14.342+0000] {processor.py:830} INFO - Processing file /home/airflow/.local/lib/python3.12/site-packages/airflow/example_dags/example_skip_dag.py for tasks to queue
[2026-02-28T21:45:14.344+0000] {logging_mixin.py:188} INFO - [2026-02-28T21:45:14.344+0000] {dagbag.py:545} INFO - Filling up the DagBag from /home/airflow/.local/lib/python3.12/site-packages/airflow/example_dags/example_skip_dag.py
[2026-02-28T21:45:14.347+0000] {processor.py:840} INFO - DAG(s) 'example_skip_dag' retrieved from /home/airflow/.local/lib/python3.12/site-packages/airflow/example_dags/example_skip_dag.py
[2026-02-28T21:45:14.361+0000] {logging_mixin.py:188} INFO - [2026-02-28T21:45:14.361+0000] {dag.py:3096} INFO - Sync 1 DAGs
[2026-02-28T21:45:14.373+0000] {logging_mixin.py:188} INFO - [2026-02-28T21:45:14.373+0000] {dag.py:3954} INFO - Setting next_dagrun for example_skip_dag to 2026-02-27 00:00:00+00:00, run_after=2026-02-28 00:00:00+00:00
[2026-02-28T21:45:14.384+0000] {processor.py:183} INFO - Processing /home/airflow/.local/lib/python3.12/site-packages/airflow/example_dags/example_skip_dag.py took 0.046 seconds
[2026-02-28T21:45:44.712+0000] {processor.py:161} INFO - Started process (PID=665) to work on /home/airflow/.local/lib/python3.12/site-packages/airflow/example_dags/example_skip_dag.py
[2026-02-28T21:45:44.713+0000] {processor.py:830} INFO - Processing file /home/airflow/.local/lib/python3.12/site-packages/airflow/example_dags/example_skip_dag.py for tasks to queue
[2026-02-28T21:45:44.714+0000] {logging_mixin.py:188} INFO - [2026-02-28T21:45:44.714+0000] {dagbag.py:545} INFO - Filling up the DagBag from /home/airflow/.local/lib/python3.12/site-packages/airflow/example_dags/example_skip_dag.py
[2026-02-28T21:45:44.718+0000] {processor.py:840} INFO - DAG(s) 'example_skip_dag' retrieved from /home/airflow/.local/lib/python3.12/site-packages/airflow/example_dags/example_skip_dag.py
[2026-02-28T21:45:44.733+0000] {logging_mixin.py:188} INFO - [2026-02-28T21:45:44.733+0000] {dag.py:3096} INFO - Sync 1 DAGs
[2026-02-28T21:45:44.749+0000] {logging_mixin.py:188} INFO - [2026-02-28T21:45:44.749+0000] {dag.py:3954} INFO - Setting next_dagrun for example_skip_dag to 2026-02-27 00:00:00+00:00, run_after=2026-02-28 00:00:00+00:00
[2026-02-28T21:45:44.759+0000] {processor.py:183} INFO - Processing /home/airflow/.local/lib/python3.12/site-packages/airflow/example_dags/example_skip_dag.py took 0.052 seconds
[2026-02-28T21:46:15.626+0000] {processor.py:161} INFO - Started process (PID=723) to work on /home/airflow/.local/lib/python3.12/site-packages/airflow/example_dags/example_skip_dag.py
[2026-02-28T21:46:15.628+0000] {processor.py:830} INFO - Processing file /home/airflow/.local/lib/python3.12/site-packages/airflow/example_dags/example_skip_dag.py for tasks to queue
[2026-02-28T21:46:15.630+0000] {logging_mixin.py:188} INFO - [2026-02-28T21:46:15.630+0000] {dagbag.py:545} INFO - Filling up the DagBag from /home/airflow/.local/lib/python3.12/site-packages/airflow/example_dags/example_skip_dag.py
[2026-02-28T21:46:15.637+0000] {processor.py:840} INFO - DAG(s) 'example_skip_dag' retrieved from /home/airflow/.local/lib/python3.12/site-packages/airflow/example_dags/example_skip_dag.py
[2026-02-28T21:46:15.657+0000] {logging_mixin.py:188} INFO - [2026-02-28T21:46:15.657+0000] {dag.py:3096} INFO - Sync 1 DAGs
[2026-02-28T21:46:15.688+0000] {logging_mixin.py:188} INFO - [2026-02-28T21:46:15.688+0000] {dag.py:3954} INFO - Setting next_dagrun for example_skip_dag to 2026-02-27 00:00:00+00:00, run_after=2026-02-28 00:00:00+00:00
[2026-02-28T21:46:15.714+0000] {processor.py:183} INFO - Processing /home/airflow/.local/lib/python3.12/site-packages/airflow/example_dags/example_skip_dag.py took 0.099 seconds
[2026-02-28T21:46:45.927+0000] {processor.py:161} INFO - Started process (PID=780) to work on /home/airflow/.local/lib/python3.12/site-packages/airflow/example_dags/example_skip_dag.py
[2026-02-28T21:46:45.929+0000] {processor.py:830} INFO - Processing file /home/airflow/.local/lib/python3.12/site-packages/airflow/example_dags/example_skip_dag.py for tasks to queue
[2026-02-28T21:46:45.930+0000] {logging_mixin.py:188} INFO - [2026-02-28T21:46:45.930+0000] {dagbag.py:545} INFO - Filling up the DagBag from /home/airflow/.local/lib/python3.12/site-packages/airflow/example_dags/example_skip_dag.py
[2026-02-28T21:46:45.934+0000] {processor.py:840} INFO - DAG(s) 'example_skip_dag' retrieved from /home/airflow/.local/lib/python3.12/site-packages/airflow/example_dags/example_skip_dag.py
[2026-02-28T21:46:45.945+0000] {logging_mixin.py:188} INFO - [2026-02-28T21:46:45.945+0000] {dag.py:3096} INFO - Sync 1 DAGs
[2026-02-28T21:46:45.958+0000] {logging_mixin.py:188} INFO - [2026-02-28T21:46:45.958+0000] {dag.py:3954} INFO - Setting next_dagrun for example_skip_dag to 2026-02-27 00:00:00+00:00, run_after=2026-02-28 00:00:00+00:00
[2026-02-28T21:46:45.973+0000] {processor.py:183} INFO - Processing /home/airflow/.local/lib/python3.12/site-packages/airflow/example_dags/example_skip_dag.py took 0.049 seconds
[2026-02-28T21:47:16.946+0000] {processor.py:161} INFO - Started process (PID=838) to work on /home/airflow/.local/lib/python3.12/site-packages/airflow/example_dags/example_skip_dag.py
[2026-02-28T21:47:16.946+0000] {processor.py:830} INFO - Processing file /home/airflow/.local/lib/python3.12/site-packages/airflow/example_dags/example_skip_dag.py for tasks to queue
[2026-02-28T21:47:16.947+0000] {logging_mixin.py:188} INFO - [2026-02-28T21:47:16.947+0000] {dagbag.py:545} INFO - Filling up the DagBag from /home/airflow/.local/lib/python3.12/site-packages/airflow/example_dags/example_skip_dag.py
[2026-02-28T21:47:16.951+0000] {processor.py:840} INFO - DAG(s) 'example_skip_dag' retrieved from /home/airflow/.local/lib/python3.12/site-packages/airflow/example_dags/example_skip_dag.py
[2026-02-28T21:47:16.966+0000] {logging_mixin.py:188} INFO - [2026-02-28T21:47:16.966+0000] {dag.py:3096} INFO - Sync 1 DAGs
[2026-02-28T21:47:16.979+0000] {logging_mixin.py:188} INFO - [2026-02-28T21:47:16.979+0000] {dag.py:3954} INFO - Setting next_dagrun for example_skip_dag to 2026-02-27 00:00:00+00:00, run_after=2026-02-28 00:00:00+00:00
[2026-02-28T21:47:16.993+0000] {processor.py:183} INFO - Processing /home/airflow/.local/lib/python3.12/site-packages/airflow/example_dags/example_skip_dag.py took 0.050 seconds
[2026-02-28T21:47:47.839+0000] {processor.py:161} INFO - Started process (PID=896) to work on /home/airflow/.local/lib/python3.12/site-packages/airflow/example_dags/example_skip_dag.py
[2026-02-28T21:47:47.842+0000] {processor.py:830} INFO - Processing file /home/airflow/.local/lib/python3.12/site-packages/airflow/example_dags/example_skip_dag.py for tasks to queue
[2026-02-28T21:47:47.843+0000] {logging_mixin.py:188} INFO - [2026-02-28T21:47:47.843+0000] {dagbag.py:545} INFO - Filling up the DagBag from /home/airflow/.local/lib/python3.12/site-packages/airflow/example_dags/example_skip_dag.py
[2026-02-28T21:47:47.846+0000] {processor.py:840} INFO - DAG(s) 'example_skip_dag' retrieved from /home/airflow/.local/lib/python3.12/site-packages/airflow/example_dags/example_skip_dag.py
[2026-02-28T21:47:47.859+0000] {logging_mixin.py:188} INFO - [2026-02-28T21:47:47.859+0000] {dag.py:3096} INFO - Sync 1 DAGs
[2026-02-28T21:47:47.872+0000] {logging_mixin.py:188} INFO - [2026-02-28T21:47:47.872+0000] {dag.py:3954} INFO - Setting next_dagrun for example_skip_dag to 2026-02-27 00:00:00+00:00, run_after=2026-02-28 00:00:00+00:00
[2026-02-28T21:47:47.888+0000] {processor.py:183} INFO - Processing /home/airflow/.local/lib/python3.12/site-packages/airflow/example_dags/example_skip_dag.py took 0.052 seconds
[2026-02-28T21:48:18.874+0000] {processor.py:161} INFO - Started process (PID=955) to work on /home/airflow/.local/lib/python3.12/site-packages/airflow/example_dags/example_skip_dag.py
[2026-02-28T21:48:18.876+0000] {processor.py:830} INFO - Processing file /home/airflow/.local/lib/python3.12/site-packages/airflow/example_dags/example_skip_dag.py for tasks to queue
[2026-02-28T21:48:18.877+0000] {logging_mixin.py:188} INFO - [2026-02-28T21:48:18.877+0000] {dagbag.py:545} INFO - Filling up the DagBag from /home/airflow/.local/lib/python3.12/site-packages/airflow/example_dags/example_skip_dag.py
[2026-02-28T21:48:18.882+0000] {processor.py:840} INFO - DAG(s) 'example_skip_dag' retrieved from /home/airflow/.local/lib/python3.12/site-packages/airflow/example_dags/example_skip_dag.py
[2026-02-28T21:48:18.911+0000] {logging_mixin.py:188} INFO - [2026-02-28T21:48:18.911+0000] {dag.py:3096} INFO - Sync 1 DAGs
[2026-02-28T21:48:18.934+0000] {logging_mixin.py:188} INFO - [2026-02-28T21:48:18.934+0000] {dag.py:3954} INFO - Setting next_dagrun for example_skip_dag to 2026-02-27 00:00:00+00:00, run_after=2026-02-28 00:00:00+00:00
[2026-02-28T21:48:18.951+0000] {processor.py:183} INFO - Processing /home/airflow/.local/lib/python3.12/site-packages/airflow/example_dags/example_skip_dag.py took 0.086 seconds
[2026-02-28T21:48:49.973+0000] {processor.py:161} INFO - Started process (PID=1013) to work on /home/airflow/.local/lib/python3.12/site-packages/airflow/example_dags/example_skip_dag.py
[2026-02-28T21:48:49.975+0000] {processor.py:830} INFO - Processing file /home/airflow/.local/lib/python3.12/site-packages/airflow/example_dags/example_skip_dag.py for tasks to queue
[2026-02-28T21:48:49.978+0000] {logging_mixin.py:188} INFO - [2026-02-28T21:48:49.977+0000] {dagbag.py:545} INFO - Filling up the DagBag from /home/airflow/.local/lib/python3.12/site-packages/airflow/example_dags/example_skip_dag.py
[2026-02-28T21:48:49.984+0000] {processor.py:840} INFO - DAG(s) 'example_skip_dag' retrieved from /home/airflow/.local/lib/python3.12/site-packages/airflow/example_dags/example_skip_dag.py
[2026-02-28T21:48:50.009+0000] {logging_mixin.py:188} INFO - [2026-02-28T21:48:50.009+0000] {dag.py:3096} INFO - Sync 1 DAGs
[2026-02-28T21:48:50.028+0000] {logging_mixin.py:188} INFO - [2026-02-28T21:48:50.028+0000] {dag.py:3954} INFO - Setting next_dagrun for example_skip_dag to 2026-02-27 00:00:00+00:00, run_after=2026-02-28 00:00:00+00:00
[2026-02-28T21:48:50.049+0000] {processor.py:183} INFO - Processing /home/airflow/.local/lib/python3.12/site-packages/airflow/example_dags/example_skip_dag.py took 0.082 seconds
[2026-02-28T21:49:20.684+0000] {processor.py:161} INFO - Started process (PID=1070) to work on /home/airflow/.local/lib/python3.12/site-packages/airflow/example_dags/example_skip_dag.py
[2026-02-28T21:49:20.686+0000] {processor.py:830} INFO - Processing file /home/airflow/.local/lib/python3.12/site-packages/airflow/example_dags/example_skip_dag.py for tasks to queue
[2026-02-28T21:49:20.689+0000] {logging_mixin.py:188} INFO - [2026-02-28T21:49:20.688+0000] {dagbag.py:545} INFO - Filling up the DagBag from /home/airflow/.local/lib/python3.12/site-packages/airflow/example_dags/example_skip_dag.py
[2026-02-28T21:49:20.693+0000] {processor.py:840} INFO - DAG(s) 'example_skip_dag' retrieved from /home/airflow/.local/lib/python3.12/site-packages/airflow/example_dags/example_skip_dag.py
[2026-02-28T21:49:20.710+0000] {logging_mixin.py:188} INFO - [2026-02-28T21:49:20.710+0000] {dag.py:3096} INFO - Sync 1 DAGs
[2026-02-28T21:49:20.733+0000] {logging_mixin.py:188} INFO - [2026-02-28T21:49:20.733+0000] {dag.py:3954} INFO - Setting next_dagrun for example_skip_dag to 2026-02-27 00:00:00+00:00, run_after=2026-02-28 00:00:00+00:00
[2026-02-28T21:49:20.752+0000] {processor.py:183} INFO - Processing /home/airflow/.local/lib/python3.12/site-packages/airflow/example_dags/example_skip_dag.py took 0.077 seconds
[2026-02-28T21:49:53.899+0000] {processor.py:161} INFO - Started process (PID=1129) to work on /home/airflow/.local/lib/python3.12/site-packages/airflow/example_dags/example_skip_dag.py
[2026-02-28T21:49:53.900+0000] {processor.py:830} INFO - Processing file /home/airflow/.local/lib/python3.12/site-packages/airflow/example_dags/example_skip_dag.py for tasks to queue
[2026-02-28T21:49:53.907+0000] {logging_mixin.py:188} INFO - [2026-02-28T21:49:53.907+0000] {dagbag.py:545} INFO - Filling up the DagBag from /home/airflow/.local/lib/python3.12/site-packages/airflow/example_dags/example_skip_dag.py
[2026-02-28T21:49:53.919+0000] {processor.py:840} INFO - DAG(s) 'example_skip_dag' retrieved from /home/airflow/.local/lib/python3.12/site-packages/airflow/example_dags/example_skip_dag.py
[2026-02-28T21:49:53.961+0000] {logging_mixin.py:188} INFO - [2026-02-28T21:49:53.960+0000] {dag.py:3096} INFO - Sync 1 DAGs
[2026-02-28T21:49:54.005+0000] {logging_mixin.py:188} INFO - [2026-02-28T21:49:54.004+0000] {dag.py:3954} INFO - Setting next_dagrun for example_skip_dag to 2026-02-27 00:00:00+00:00, run_after=2026-02-28 00:00:00+00:00
[2026-02-28T21:49:54.053+0000] {processor.py:183} INFO - Processing /home/airflow/.local/lib/python3.12/site-packages/airflow/example_dags/example_skip_dag.py took 0.163 seconds
[2026-02-28T21:50:24.432+0000] {processor.py:161} INFO - Started process (PID=1187) to work on /home/airflow/.local/lib/python3.12/site-packages/airflow/example_dags/example_skip_dag.py
[2026-02-28T21:50:24.434+0000] {processor.py:830} INFO - Processing file /home/airflow/.local/lib/python3.12/site-packages/airflow/example_dags/example_skip_dag.py for tasks to queue
[2026-02-28T21:50:24.437+0000] {logging_mixin.py:188} INFO - [2026-02-28T21:50:24.436+0000] {dagbag.py:545} INFO - Filling up the DagBag from /home/airflow/.local/lib/python3.12/site-packages/airflow/example_dags/example_skip_dag.py
[2026-02-28T21:50:24.442+0000] {processor.py:840} INFO - DAG(s) 'example_skip_dag' retrieved from /home/airflow/.local/lib/python3.12/site-packages/airflow/example_dags/example_skip_dag.py
[2026-02-28T21:50:24.463+0000] {logging_mixin.py:188} INFO - [2026-02-28T21:50:24.462+0000] {dag.py:3096} INFO - Sync 1 DAGs
[2026-02-28T21:50:24.483+0000] {logging_mixin.py:188} INFO - [2026-02-28T21:50:24.482+0000] {dag.py:3954} INFO - Setting next_dagrun for example_skip_dag to 2026-02-27 00:00:00+00:00, run_after=2026-02-28 00:00:00+00:00
[2026-02-28T21:50:24.502+0000] {processor.py:183} INFO - Processing /home/airflow/.local/lib/python3.12/site-packages/airflow/example_dags/example_skip_dag.py took 0.075 seconds
[2026-02-28T21:50:54.573+0000] {processor.py:161} INFO - Started process (PID=1244) to work on /home/airflow/.local/lib/python3.12/site-packages/airflow/example_dags/example_skip_dag.py
[2026-02-28T21:50:54.575+0000] {processor.py:830} INFO - Processing file /home/airflow/.local/lib/python3.12/site-packages/airflow/example_dags/example_skip_dag.py for tasks to queue
[2026-02-28T21:50:54.578+0000] {logging_mixin.py:188} INFO - [2026-02-28T21:50:54.577+0000] {dagbag.py:545} INFO - Filling up the DagBag from /home/airflow/.local/lib/python3.12/site-packages/airflow/example_dags/example_skip_dag.py
[2026-02-28T21:50:54.585+0000] {processor.py:840} INFO - DAG(s) 'example_skip_dag' retrieved from /home/airflow/.local/lib/python3.12/site-packages/airflow/example_dags/example_skip_dag.py
[2026-02-28T21:50:54.601+0000] {logging_mixin.py:188} INFO - [2026-02-28T21:50:54.600+0000] {dag.py:3096} INFO - Sync 1 DAGs
[2026-02-28T21:50:54.615+0000] {logging_mixin.py:188} INFO - [2026-02-28T21:50:54.615+0000] {dag.py:3954} INFO - Setting next_dagrun for example_skip_dag to 2026-02-27 00:00:00+00:00, run_after=2026-02-28 00:00:00+00:00
[2026-02-28T21:50:54.624+0000] {processor.py:183} INFO - Processing /home/airflow/.local/lib/python3.12/site-packages/airflow/example_dags/example_skip_dag.py took 0.055 seconds
[2026-02-28T21:51:24.761+0000] {processor.py:161} INFO - Started process (PID=1302) to work on /home/airflow/.local/lib/python3.12/site-packages/airflow/example_dags/example_skip_dag.py
[2026-02-28T21:51:24.762+0000] {processor.py:830} INFO - Processing file /home/airflow/.local/lib/python3.12/site-packages/airflow/example_dags/example_skip_dag.py for tasks to queue
[2026-02-28T21:51:24.763+0000] {logging_mixin.py:188} INFO - [2026-02-28T21:51:24.763+0000] {dagbag.py:545} INFO - Filling up the DagBag from /home/airflow/.local/lib/python3.12/site-packages/airflow/example_dags/example_skip_dag.py
[2026-02-28T21:51:24.767+0000] {processor.py:840} INFO - DAG(s) 'example_skip_dag' retrieved from /home/airflow/.local/lib/python3.12/site-packages/airflow/example_dags/example_skip_dag.py
[2026-02-28T21:51:24.777+0000] {logging_mixin.py:188} INFO - [2026-02-28T21:51:24.777+0000] {dag.py:3096} INFO - Sync 1 DAGs
[2026-02-28T21:51:24.786+0000] {logging_mixin.py:188} INFO - [2026-02-28T21:51:24.786+0000] {dag.py:3954} INFO - Setting next_dagrun for example_skip_dag to 2026-02-27 00:00:00+00:00, run_after=2026-02-28 00:00:00+00:00
[2026-02-28T21:51:24.795+0000] {processor.py:183} INFO - Processing /home/airflow/.local/lib/python3.12/site-packages/airflow/example_dags/example_skip_dag.py took 0.037 seconds
[2026-02-28T21:51:55.730+0000] {processor.py:161} INFO - Started process (PID=1360) to work on /home/airflow/.local/lib/python3.12/site-packages/airflow/example_dags/example_skip_dag.py
[2026-02-28T21:51:55.731+0000] {processor.py:830} INFO - Processing file /home/airflow/.local/lib/python3.12/site-packages/airflow/example_dags/example_skip_dag.py for tasks to queue
[2026-02-28T21:51:55.732+0000] {logging_mixin.py:188} INFO - [2026-02-28T21:51:55.732+0000] {dagbag.py:545} INFO - Filling up the DagBag from /home/airflow/.local/lib/python3.12/site-packages/airflow/example_dags/example_skip_dag.py
[2026-02-28T21:51:55.737+0000] {processor.py:840} INFO - DAG(s) 'example_skip_dag' retrieved from /home/airflow/.local/lib/python3.12/site-packages/airflow/example_dags/example_skip_dag.py
[2026-02-28T21:51:55.753+0000] {logging_mixin.py:188} INFO - [2026-02-28T21:51:55.753+0000] {dag.py:3096} INFO - Sync 1 DAGs
[2026-02-28T21:51:55.766+0000] {logging_mixin.py:188} INFO - [2026-02-28T21:51:55.766+0000] {dag.py:3954} INFO - Setting next_dagrun for example_skip_dag to 2026-02-27 00:00:00+00:00, run_after=2026-02-28 00:00:00+00:00
[2026-02-28T21:51:55.784+0000] {processor.py:183} INFO - Processing /home/airflow/.local/lib/python3.12/site-packages/airflow/example_dags/example_skip_dag.py took 0.059 seconds
[2026-02-28T21:52:26.568+0000] {processor.py:161} INFO - Started process (PID=1418) to work on /home/airflow/.local/lib/python3.12/site-packages/airflow/example_dags/example_skip_dag.py
[2026-02-28T21:52:26.570+0000] {processor.py:830} INFO - Processing file /home/airflow/.local/lib/python3.12/site-packages/airflow/example_dags/example_skip_dag.py for tasks to queue
[2026-02-28T21:52:26.571+0000] {logging_mixin.py:188} INFO - [2026-02-28T21:52:26.571+0000] {dagbag.py:545} INFO - Filling up the DagBag from /home/airflow/.local/lib/python3.12/site-packages/airflow/example_dags/example_skip_dag.py
[2026-02-28T21:52:26.575+0000] {processor.py:840} INFO - DAG(s) 'example_skip_dag' retrieved from /home/airflow/.local/lib/python3.12/site-packages/airflow/example_dags/example_skip_dag.py
[2026-02-28T21:52:26.587+0000] {logging_mixin.py:188} INFO - [2026-02-28T21:52:26.587+0000] {dag.py:3096} INFO - Sync 1 DAGs
[2026-02-28T21:52:26.596+0000] {logging_mixin.py:188} INFO - [2026-02-28T21:52:26.596+0000] {dag.py:3954} INFO - Setting next_dagrun for example_skip_dag to 2026-02-27 00:00:00+00:00, run_after=2026-02-28 00:00:00+00:00
[2026-02-28T21:52:26.604+0000] {processor.py:183} INFO - Processing /home/airflow/.local/lib/python3.12/site-packages/airflow/example_dags/example_skip_dag.py took 0.039 seconds
[2026-02-28T21:52:57.604+0000] {processor.py:161} INFO - Started process (PID=1476) to work on /home/airflow/.local/lib/python3.12/site-packages/airflow/example_dags/example_skip_dag.py
[2026-02-28T21:52:57.606+0000] {processor.py:830} INFO - Processing file /home/airflow/.local/lib/python3.12/site-packages/airflow/example_dags/example_skip_dag.py for tasks to queue
[2026-02-28T21:52:57.608+0000] {logging_mixin.py:188} INFO - [2026-02-28T21:52:57.607+0000] {dagbag.py:545} INFO - Filling up the DagBag from /home/airflow/.local/lib/python3.12/site-packages/airflow/example_dags/example_skip_dag.py
[2026-02-28T21:52:57.611+0000] {processor.py:840} INFO - DAG(s) 'example_skip_dag' retrieved from /home/airflow/.local/lib/python3.12/site-packages/airflow/example_dags/example_skip_dag.py
[2026-02-28T21:52:57.623+0000] {logging_mixin.py:188} INFO - [2026-02-28T21:52:57.623+0000] {dag.py:3096} INFO - Sync 1 DAGs
[2026-02-28T21:52:57.635+0000] {logging_mixin.py:188} INFO - [2026-02-28T21:52:57.635+0000] {dag.py:3954} INFO - Setting next_dagrun for example_skip_dag to 2026-02-27 00:00:00+00:00, run_after=2026-02-28 00:00:00+00:00
[2026-02-28T21:52:57.648+0000] {processor.py:183} INFO - Processing /home/airflow/.local/lib/python3.12/site-packages/airflow/example_dags/example_skip_dag.py took 0.047 seconds
[2026-02-28T21:53:28.476+0000] {processor.py:161} INFO - Started process (PID=1534) to work on /home/airflow/.local/lib/python3.12/site-packages/airflow/example_dags/example_skip_dag.py
[2026-02-28T21:53:28.476+0000] {processor.py:830} INFO - Processing file /home/airflow/.local/lib/python3.12/site-packages/airflow/example_dags/example_skip_dag.py for tasks to queue
[2026-02-28T21:53:28.478+0000] {logging_mixin.py:188} INFO - [2026-02-28T21:53:28.477+0000] {dagbag.py:545} INFO - Filling up the DagBag from /home/airflow/.local/lib/python3.12/site-packages/airflow/example_dags/example_skip_dag.py
[2026-02-28T21:53:28.482+0000] {processor.py:840} INFO - DAG(s) 'example_skip_dag' retrieved from /home/airflow/.local/lib/python3.12/site-packages/airflow/example_dags/example_skip_dag.py
[2026-02-28T21:53:28.497+0000] {logging_mixin.py:188} INFO - [2026-02-28T21:53:28.497+0000] {dag.py:3096} INFO - Sync 1 DAGs
[2026-02-28T21:53:28.512+0000] {logging_mixin.py:188} INFO - [2026-02-28T21:53:28.512+0000] {dag.py:3954} INFO - Setting next_dagrun for example_skip_dag to 2026-02-27 00:00:00+00:00, run_after=2026-02-28 00:00:00+00:00
[2026-02-28T21:53:28.530+0000] {processor.py:183} INFO - Processing /home/airflow/.local/lib/python3.12/site-packages/airflow/example_dags/example_skip_dag.py took 0.058 seconds
[2026-02-28T21:53:59.353+0000] {processor.py:161} INFO - Started process (PID=1592) to work on /home/airflow/.local/lib/python3.12/site-packages/airflow/example_dags/example_skip_dag.py
[2026-02-28T21:53:59.354+0000] {processor.py:830} INFO - Processing file /home/airflow/.local/lib/python3.12/site-packages/airflow/example_dags/example_skip_dag.py for tasks to queue
[2026-02-28T21:53:59.358+0000] {logging_mixin.py:188} INFO - [2026-02-28T21:53:59.357+0000] {dagbag.py:545} INFO - Filling up the DagBag from /home/airflow/.local/lib/python3.12/site-packages/airflow/example_dags/example_skip_dag.py
[2026-02-28T21:53:59.365+0000] {processor.py:840} INFO - DAG(s) 'example_skip_dag' retrieved from /home/airflow/.local/lib/python3.12/site-packages/airflow/example_dags/example_skip_dag.py
[2026-02-28T21:53:59.385+0000] {logging_mixin.py:188} INFO - [2026-02-28T21:53:59.385+0000] {dag.py:3096} INFO - Sync 1 DAGs
[2026-02-28T21:53:59.400+0000] {logging_mixin.py:188} INFO - [2026-02-28T21:53:59.399+0000] {dag.py:3954} INFO - Setting next_dagrun for example_skip_dag to 2026-02-27 00:00:00+00:00, run_after=2026-02-28 00:00:00+00:00
[2026-02-28T21:53:59.410+0000] {processor.py:183} INFO - Processing /home/airflow/.local/lib/python3.12/site-packages/airflow/example_dags/example_skip_dag.py took 0.061 seconds
[2026-02-28T21:54:29.891+0000] {processor.py:161} INFO - Started process (PID=1650) to work on /home/airflow/.local/lib/python3.12/site-packages/airflow/example_dags/example_skip_dag.py
[2026-02-28T21:54:29.892+0000] {processor.py:830} INFO - Processing file /home/airflow/.local/lib/python3.12/site-packages/airflow/example_dags/example_skip_dag.py for tasks to queue
[2026-02-28T21:54:29.894+0000] {logging_mixin.py:188} INFO - [2026-02-28T21:54:29.894+0000] {dagbag.py:545} INFO - Filling up the DagBag from /home/airflow/.local/lib/python3.12/site-packages/airflow/example_dags/example_skip_dag.py
[2026-02-28T21:54:29.899+0000] {processor.py:840} INFO - DAG(s) 'example_skip_dag' retrieved from /home/airflow/.local/lib/python3.12/site-packages/airflow/example_dags/example_skip_dag.py
[2026-02-28T21:54:29.924+0000] {logging_mixin.py:188} INFO - [2026-02-28T21:54:29.924+0000] {dag.py:3096} INFO - Sync 1 DAGs
[2026-02-28T21:54:29.960+0000] {logging_mixin.py:188} INFO - [2026-02-28T21:54:29.959+0000] {dag.py:3954} INFO - Setting next_dagrun for example_skip_dag to 2026-02-27 00:00:00+00:00, run_after=2026-02-28 00:00:00+00:00
[2026-02-28T21:54:29.979+0000] {processor.py:183} INFO - Processing /home/airflow/.local/lib/python3.12/site-packages/airflow/example_dags/example_skip_dag.py took 0.092 seconds
[2026-02-28T21:55:00.834+0000] {processor.py:161} INFO - Started process (PID=1717) to work on /home/airflow/.local/lib/python3.12/site-packages/airflow/example_dags/example_skip_dag.py
[2026-02-28T21:55:00.836+0000] {processor.py:830} INFO - Processing file /home/airflow/.local/lib/python3.12/site-packages/airflow/example_dags/example_skip_dag.py for tasks to queue
[2026-02-28T21:55:00.839+0000] {logging_mixin.py:188} INFO - [2026-02-28T21:55:00.839+0000] {dagbag.py:545} INFO - Filling up the DagBag from /home/airflow/.local/lib/python3.12/site-packages/airflow/example_dags/example_skip_dag.py
[2026-02-28T21:55:00.846+0000] {processor.py:840} INFO - DAG(s) 'example_skip_dag' retrieved from /home/airflow/.local/lib/python3.12/site-packages/airflow/example_dags/example_skip_dag.py
[2026-02-28T21:55:00.906+0000] {logging_mixin.py:188} INFO - [2026-02-28T21:55:00.905+0000] {dag.py:3096} INFO - Sync 1 DAGs
[2026-02-28T21:55:00.931+0000] {logging_mixin.py:188} INFO - [2026-02-28T21:55:00.931+0000] {dag.py:3954} INFO - Setting next_dagrun for example_skip_dag to 2026-02-27 00:00:00+00:00, run_after=2026-02-28 00:00:00+00:00
[2026-02-28T21:55:00.952+0000] {processor.py:183} INFO - Processing /home/airflow/.local/lib/python3.12/site-packages/airflow/example_dags/example_skip_dag.py took 0.126 seconds
[2026-02-28T21:55:34.009+0000] {processor.py:161} INFO - Started process (PID=1775) to work on /home/airflow/.local/lib/python3.12/site-packages/airflow/example_dags/example_skip_dag.py
[2026-02-28T21:55:34.010+0000] {processor.py:830} INFO - Processing file /home/airflow/.local/lib/python3.12/site-packages/airflow/example_dags/example_skip_dag.py for tasks to queue
[2026-02-28T21:55:34.012+0000] {logging_mixin.py:188} INFO - [2026-02-28T21:55:34.012+0000] {dagbag.py:545} INFO - Filling up the DagBag from /home/airflow/.local/lib/python3.12/site-packages/airflow/example_dags/example_skip_dag.py
[2026-02-28T21:55:34.022+0000] {processor.py:840} INFO - DAG(s) 'example_skip_dag' retrieved from /home/airflow/.local/lib/python3.12/site-packages/airflow/example_dags/example_skip_dag.py
[2026-02-28T21:55:34.055+0000] {logging_mixin.py:188} INFO - [2026-02-28T21:55:34.054+0000] {dag.py:3096} INFO - Sync 1 DAGs
[2026-02-28T21:55:34.078+0000] {logging_mixin.py:188} INFO - [2026-02-28T21:55:34.077+0000] {dag.py:3954} INFO - Setting next_dagrun for example_skip_dag to 2026-02-27 00:00:00+00:00, run_after=2026-02-28 00:00:00+00:00
[2026-02-28T21:55:34.100+0000] {processor.py:183} INFO - Processing /home/airflow/.local/lib/python3.12/site-packages/airflow/example_dags/example_skip_dag.py took 0.096 seconds
[2026-02-28T21:56:05.282+0000] {processor.py:161} INFO - Started process (PID=1833) to work on /home/airflow/.local/lib/python3.12/site-packages/airflow/example_dags/example_skip_dag.py
[2026-02-28T21:56:05.284+0000] {processor.py:830} INFO - Processing file /home/airflow/.local/lib/python3.12/site-packages/airflow/example_dags/example_skip_dag.py for tasks to queue
[2026-02-28T21:56:05.288+0000] {logging_mixin.py:188} INFO - [2026-02-28T21:56:05.288+0000] {dagbag.py:545} INFO - Filling up the DagBag from /home/airflow/.local/lib/python3.12/site-packages/airflow/example_dags/example_skip_dag.py
[2026-02-28T21:56:05.303+0000] {processor.py:840} INFO - DAG(s) 'example_skip_dag' retrieved from /home/airflow/.local/lib/python3.12/site-packages/airflow/example_dags/example_skip_dag.py
[2026-02-28T21:56:05.370+0000] {logging_mixin.py:188} INFO - [2026-02-28T21:56:05.368+0000] {dag.py:3096} INFO - Sync 1 DAGs
[2026-02-28T21:56:05.402+0000] {logging_mixin.py:188} INFO - [2026-02-28T21:56:05.402+0000] {dag.py:3954} INFO - Setting next_dagrun for example_skip_dag to 2026-02-27 00:00:00+00:00, run_after=2026-02-28 00:00:00+00:00
[2026-02-28T21:56:05.454+0000] {processor.py:183} INFO - Processing /home/airflow/.local/lib/python3.12/site-packages/airflow/example_dags/example_skip_dag.py took 0.183 seconds
[2026-02-28T21:56:35.884+0000] {processor.py:161} INFO - Started process (PID=1891) to work on /home/airflow/.local/lib/python3.12/site-packages/airflow/example_dags/example_skip_dag.py
[2026-02-28T21:56:35.886+0000] {processor.py:830} INFO - Processing file /home/airflow/.local/lib/python3.12/site-packages/airflow/example_dags/example_skip_dag.py for tasks to queue
[2026-02-28T21:56:35.887+0000] {logging_mixin.py:188} INFO - [2026-02-28T21:56:35.887+0000] {dagbag.py:545} INFO - Filling up the DagBag from /home/airflow/.local/lib/python3.12/site-packages/airflow/example_dags/example_skip_dag.py
[2026-02-28T21:56:35.892+0000] {processor.py:840} INFO - DAG(s) 'example_skip_dag' retrieved from /home/airflow/.local/lib/python3.12/site-packages/airflow/example_dags/example_skip_dag.py
[2026-02-28T21:56:35.913+0000] {logging_mixin.py:188} INFO - [2026-02-28T21:56:35.913+0000] {dag.py:3096} INFO - Sync 1 DAGs
[2026-02-28T21:56:35.930+0000] {logging_mixin.py:188} INFO - [2026-02-28T21:56:35.930+0000] {dag.py:3954} INFO - Setting next_dagrun for example_skip_dag to 2026-02-27 00:00:00+00:00, run_after=2026-02-28 00:00:00+00:00
[2026-02-28T21:56:35.943+0000] {processor.py:183} INFO - Processing /home/airflow/.local/lib/python3.12/site-packages/airflow/example_dags/example_skip_dag.py took 0.063 seconds
[2026-02-28T21:57:06.143+0000] {processor.py:161} INFO - Started process (PID=1949) to work on /home/airflow/.local/lib/python3.12/site-packages/airflow/example_dags/example_skip_dag.py
[2026-02-28T21:57:06.145+0000] {processor.py:830} INFO - Processing file /home/airflow/.local/lib/python3.12/site-packages/airflow/example_dags/example_skip_dag.py for tasks to queue
[2026-02-28T21:57:06.147+0000] {logging_mixin.py:188} INFO - [2026-02-28T21:57:06.147+0000] {dagbag.py:545} INFO - Filling up the DagBag from /home/airflow/.local/lib/python3.12/site-packages/airflow/example_dags/example_skip_dag.py
[2026-02-28T21:57:06.151+0000] {processor.py:840} INFO - DAG(s) 'example_skip_dag' retrieved from /home/airflow/.local/lib/python3.12/site-packages/airflow/example_dags/example_skip_dag.py
[2026-02-28T21:57:06.172+0000] {logging_mixin.py:188} INFO - [2026-02-28T21:57:06.171+0000] {dag.py:3096} INFO - Sync 1 DAGs
[2026-02-28T21:57:06.187+0000] {logging_mixin.py:188} INFO - [2026-02-28T21:57:06.187+0000] {dag.py:3954} INFO - Setting next_dagrun for example_skip_dag to 2026-02-27 00:00:00+00:00, run_after=2026-02-28 00:00:00+00:00
[2026-02-28T21:57:06.199+0000] {processor.py:183} INFO - Processing /home/airflow/.local/lib/python3.12/site-packages/airflow/example_dags/example_skip_dag.py took 0.059 seconds
[2026-02-28T21:57:36.533+0000] {processor.py:161} INFO - Started process (PID=2007) to work on /home/airflow/.local/lib/python3.12/site-packages/airflow/example_dags/example_skip_dag.py
[2026-02-28T21:57:36.534+0000] {processor.py:830} INFO - Processing file /home/airflow/.local/lib/python3.12/site-packages/airflow/example_dags/example_skip_dag.py for tasks to queue
[2026-02-28T21:57:36.536+0000] {logging_mixin.py:188} INFO - [2026-02-28T21:57:36.536+0000] {dagbag.py:545} INFO - Filling up the DagBag from /home/airflow/.local/lib/python3.12/site-packages/airflow/example_dags/example_skip_dag.py
[2026-02-28T21:57:36.541+0000] {processor.py:840} INFO - DAG(s) 'example_skip_dag' retrieved from /home/airflow/.local/lib/python3.12/site-packages/airflow/example_dags/example_skip_dag.py
[2026-02-28T21:57:36.559+0000] {logging_mixin.py:188} INFO - [2026-02-28T21:57:36.559+0000] {dag.py:3096} INFO - Sync 1 DAGs
[2026-02-28T21:57:36.571+0000] {logging_mixin.py:188} INFO - [2026-02-28T21:57:36.571+0000] {dag.py:3954} INFO - Setting next_dagrun for example_skip_dag to 2026-02-27 00:00:00+00:00, run_after=2026-02-28 00:00:00+00:00
[2026-02-28T21:57:36.583+0000] {processor.py:183} INFO - Processing /home/airflow/.local/lib/python3.12/site-packages/airflow/example_dags/example_skip_dag.py took 0.054 seconds
[2026-02-28T21:58:06.808+0000] {processor.py:161} INFO - Started process (PID=2065) to work on /home/airflow/.local/lib/python3.12/site-packages/airflow/example_dags/example_skip_dag.py
[2026-02-28T21:58:06.809+0000] {processor.py:830} INFO - Processing file /home/airflow/.local/lib/python3.12/site-packages/airflow/example_dags/example_skip_dag.py for tasks to queue
[2026-02-28T21:58:06.811+0000] {logging_mixin.py:188} INFO - [2026-02-28T21:58:06.810+0000] {dagbag.py:545} INFO - Filling up the DagBag from /home/airflow/.local/lib/python3.12/site-packages/airflow/example_dags/example_skip_dag.py
[2026-02-28T21:58:06.814+0000] {processor.py:840} INFO - DAG(s) 'example_skip_dag' retrieved from /home/airflow/.local/lib/python3.12/site-packages/airflow/example_dags/example_skip_dag.py
[2026-02-28T21:58:06.825+0000] {logging_mixin.py:188} INFO - [2026-02-28T21:58:06.824+0000] {dag.py:3096} INFO - Sync 1 DAGs
[2026-02-28T21:58:06.834+0000] {logging_mixin.py:188} INFO - [2026-02-28T21:58:06.833+0000] {dag.py:3954} INFO - Setting next_dagrun for example_skip_dag to 2026-02-27 00:00:00+00:00, run_after=2026-02-28 00:00:00+00:00
[2026-02-28T21:58:06.840+0000] {processor.py:183} INFO - Processing /home/airflow/.local/lib/python3.12/site-packages/airflow/example_dags/example_skip_dag.py took 0.035 seconds
[2026-02-28T21:58:37.709+0000] {processor.py:161} INFO - Started process (PID=2123) to work on /home/airflow/.local/lib/python3.12/site-packages/airflow/example_dags/example_skip_dag.py
[2026-02-28T21:58:37.710+0000] {processor.py:830} INFO - Processing file /home/airflow/.local/lib/python3.12/site-packages/airflow/example_dags/example_skip_dag.py for tasks to queue
[2026-02-28T21:58:37.711+0000] {logging_mixin.py:188} INFO - [2026-02-28T21:58:37.711+0000] {dagbag.py:545} INFO - Filling up the DagBag from /home/airflow/.local/lib/python3.12/site-packages/airflow/example_dags/example_skip_dag.py
[2026-02-28T21:58:37.719+0000] {processor.py:840} INFO - DAG(s) 'example_skip_dag' retrieved from /home/airflow/.local/lib/python3.12/site-packages/airflow/example_dags/example_skip_dag.py
[2026-02-28T21:58:37.735+0000] {logging_mixin.py:188} INFO - [2026-02-28T21:58:37.735+0000] {dag.py:3096} INFO - Sync 1 DAGs
[2026-02-28T21:58:37.750+0000] {logging_mixin.py:188} INFO - [2026-02-28T21:58:37.750+0000] {dag.py:3954} INFO - Setting next_dagrun for example_skip_dag to 2026-02-27 00:00:00+00:00, run_after=2026-02-28 00:00:00+00:00
[2026-02-28T21:58:37.768+0000] {processor.py:183} INFO - Processing /home/airflow/.local/lib/python3.12/site-packages/airflow/example_dags/example_skip_dag.py took 0.062 seconds
[2026-02-28T21:59:08.102+0000] {processor.py:161} INFO - Started process (PID=2181) to work on /home/airflow/.local/lib/python3.12/site-packages/airflow/example_dags/example_skip_dag.py
[2026-02-28T21:59:08.104+0000] {processor.py:830} INFO - Processing file /home/airflow/.local/lib/python3.12/site-packages/airflow/example_dags/example_skip_dag.py for tasks to queue
[2026-02-28T21:59:08.113+0000] {logging_mixin.py:188} INFO - [2026-02-28T21:59:08.113+0000] {dagbag.py:545} INFO - Filling up the DagBag from /home/airflow/.local/lib/python3.12/site-packages/airflow/example_dags/example_skip_dag.py
[2026-02-28T21:59:08.122+0000] {processor.py:840} INFO - DAG(s) 'example_skip_dag' retrieved from /home/airflow/.local/lib/python3.12/site-packages/airflow/example_dags/example_skip_dag.py
[2026-02-28T21:59:08.138+0000] {logging_mixin.py:188} INFO - [2026-02-28T21:59:08.138+0000] {dag.py:3096} INFO - Sync 1 DAGs
[2026-02-28T21:59:08.151+0000] {logging_mixin.py:188} INFO - [2026-02-28T21:59:08.151+0000] {dag.py:3954} INFO - Setting next_dagrun for example_skip_dag to 2026-02-27 00:00:00+00:00, run_after=2026-02-28 00:00:00+00:00
[2026-02-28T21:59:08.161+0000] {processor.py:183} INFO - Processing /home/airflow/.local/lib/python3.12/site-packages/airflow/example_dags/example_skip_dag.py took 0.062 seconds
[2026-02-28T21:59:39.197+0000] {processor.py:161} INFO - Started process (PID=2239) to work on /home/airflow/.local/lib/python3.12/site-packages/airflow/example_dags/example_skip_dag.py
[2026-02-28T21:59:39.199+0000] {processor.py:830} INFO - Processing file /home/airflow/.local/lib/python3.12/site-packages/airflow/example_dags/example_skip_dag.py for tasks to queue
[2026-02-28T21:59:39.200+0000] {logging_mixin.py:188} INFO - [2026-02-28T21:59:39.200+0000] {dagbag.py:545} INFO - Filling up the DagBag from /home/airflow/.local/lib/python3.12/site-packages/airflow/example_dags/example_skip_dag.py
[2026-02-28T21:59:39.204+0000] {processor.py:840} INFO - DAG(s) 'example_skip_dag' retrieved from /home/airflow/.local/lib/python3.12/site-packages/airflow/example_dags/example_skip_dag.py
[2026-02-28T21:59:39.221+0000] {logging_mixin.py:188} INFO - [2026-02-28T21:59:39.220+0000] {dag.py:3096} INFO - Sync 1 DAGs
[2026-02-28T21:59:39.232+0000] {logging_mixin.py:188} INFO - [2026-02-28T21:59:39.232+0000] {dag.py:3954} INFO - Setting next_dagrun for example_skip_dag to 2026-02-27 00:00:00+00:00, run_after=2026-02-28 00:00:00+00:00
[2026-02-28T21:59:39.248+0000] {processor.py:183} INFO - Processing /home/airflow/.local/lib/python3.12/site-packages/airflow/example_dags/example_skip_dag.py took 0.054 seconds
[2026-02-28T22:00:10.197+0000] {processor.py:161} INFO - Started process (PID=2297) to work on /home/airflow/.local/lib/python3.12/site-packages/airflow/example_dags/example_skip_dag.py
[2026-02-28T22:00:10.198+0000] {processor.py:830} INFO - Processing file /home/airflow/.local/lib/python3.12/site-packages/airflow/example_dags/example_skip_dag.py for tasks to queue
[2026-02-28T22:00:10.201+0000] {logging_mixin.py:188} INFO - [2026-02-28T22:00:10.201+0000] {dagbag.py:545} INFO - Filling up the DagBag from /home/airflow/.local/lib/python3.12/site-packages/airflow/example_dags/example_skip_dag.py
[2026-02-28T22:00:10.207+0000] {processor.py:840} INFO - DAG(s) 'example_skip_dag' retrieved from /home/airflow/.local/lib/python3.12/site-packages/airflow/example_dags/example_skip_dag.py
[2026-02-28T22:00:10.226+0000] {logging_mixin.py:188} INFO - [2026-02-28T22:00:10.225+0000] {dag.py:3096} INFO - Sync 1 DAGs
[2026-02-28T22:00:10.240+0000] {logging_mixin.py:188} INFO - [2026-02-28T22:00:10.240+0000] {dag.py:3954} INFO - Setting next_dagrun for example_skip_dag to 2026-02-27 00:00:00+00:00, run_after=2026-02-28 00:00:00+00:00
[2026-02-28T22:00:10.254+0000] {processor.py:183} INFO - Processing /home/airflow/.local/lib/python3.12/site-packages/airflow/example_dags/example_skip_dag.py took 0.062 seconds
[2026-02-28T22:00:40.815+0000] {processor.py:161} INFO - Started process (PID=2355) to work on /home/airflow/.local/lib/python3.12/site-packages/airflow/example_dags/example_skip_dag.py
[2026-02-28T22:00:40.816+0000] {processor.py:830} INFO - Processing file /home/airflow/.local/lib/python3.12/site-packages/airflow/example_dags/example_skip_dag.py for tasks to queue
[2026-02-28T22:00:40.818+0000] {logging_mixin.py:188} INFO - [2026-02-28T22:00:40.818+0000] {dagbag.py:545} INFO - Filling up the DagBag from /home/airflow/.local/lib/python3.12/site-packages/airflow/example_dags/example_skip_dag.py
[2026-02-28T22:00:40.824+0000] {processor.py:840} INFO - DAG(s) 'example_skip_dag' retrieved from /home/airflow/.local/lib/python3.12/site-packages/airflow/example_dags/example_skip_dag.py
[2026-02-28T22:00:40.859+0000] {logging_mixin.py:188} INFO - [2026-02-28T22:00:40.859+0000] {dag.py:3096} INFO - Sync 1 DAGs
[2026-02-28T22:00:40.881+0000] {logging_mixin.py:188} INFO - [2026-02-28T22:00:40.881+0000] {dag.py:3954} INFO - Setting next_dagrun for example_skip_dag to 2026-02-27 00:00:00+00:00, run_after=2026-02-28 00:00:00+00:00
[2026-02-28T22:00:40.902+0000] {processor.py:183} INFO - Processing /home/airflow/.local/lib/python3.12/site-packages/airflow/example_dags/example_skip_dag.py took 0.091 seconds
[2026-02-28T22:01:11.602+0000] {processor.py:161} INFO - Started process (PID=2412) to work on /home/airflow/.local/lib/python3.12/site-packages/airflow/example_dags/example_skip_dag.py
[2026-02-28T22:01:11.604+0000] {processor.py:830} INFO - Processing file /home/airflow/.local/lib/python3.12/site-packages/airflow/example_dags/example_skip_dag.py for tasks to queue
[2026-02-28T22:01:11.606+0000] {logging_mixin.py:188} INFO - [2026-02-28T22:01:11.606+0000] {dagbag.py:545} INFO - Filling up the DagBag from /home/airflow/.local/lib/python3.12/site-packages/airflow/example_dags/example_skip_dag.py
[2026-02-28T22:01:11.613+0000] {processor.py:840} INFO - DAG(s) 'example_skip_dag' retrieved from /home/airflow/.local/lib/python3.12/site-packages/airflow/example_dags/example_skip_dag.py
[2026-02-28T22:01:11.637+0000] {logging_mixin.py:188} INFO - [2026-02-28T22:01:11.636+0000] {dag.py:3096} INFO - Sync 1 DAGs
[2026-02-28T22:01:11.653+0000] {logging_mixin.py:188} INFO - [2026-02-28T22:01:11.653+0000] {dag.py:3954} INFO - Setting next_dagrun for example_skip_dag to 2026-02-27 00:00:00+00:00, run_after=2026-02-28 00:00:00+00:00
[2026-02-28T22:01:11.665+0000] {processor.py:183} INFO - Processing /home/airflow/.local/lib/python3.12/site-packages/airflow/example_dags/example_skip_dag.py took 0.068 seconds
[2026-02-28T22:01:42.033+0000] {processor.py:161} INFO - Started process (PID=2470) to work on /home/airflow/.local/lib/python3.12/site-packages/airflow/example_dags/example_skip_dag.py
[2026-02-28T22:01:42.034+0000] {processor.py:830} INFO - Processing file /home/airflow/.local/lib/python3.12/site-packages/airflow/example_dags/example_skip_dag.py for tasks to queue
[2026-02-28T22:01:42.036+0000] {logging_mixin.py:188} INFO - [2026-02-28T22:01:42.035+0000] {dagbag.py:545} INFO - Filling up the DagBag from /home/airflow/.local/lib/python3.12/site-packages/airflow/example_dags/example_skip_dag.py
[2026-02-28T22:01:42.043+0000] {processor.py:840} INFO - DAG(s) 'example_skip_dag' retrieved from /home/airflow/.local/lib/python3.12/site-packages/airflow/example_dags/example_skip_dag.py
[2026-02-28T22:01:42.058+0000] {logging_mixin.py:188} INFO - [2026-02-28T22:01:42.058+0000] {dag.py:3096} INFO - Sync 1 DAGs
[2026-02-28T22:01:42.072+0000] {logging_mixin.py:188} INFO - [2026-02-28T22:01:42.072+0000] {dag.py:3954} INFO - Setting next_dagrun for example_skip_dag to 2026-02-27 00:00:00+00:00, run_after=2026-02-28 00:00:00+00:00
[2026-02-28T22:01:42.084+0000] {processor.py:183} INFO - Processing /home/airflow/.local/lib/python3.12/site-packages/airflow/example_dags/example_skip_dag.py took 0.055 seconds
[2026-02-28T22:02:12.942+0000] {processor.py:161} INFO - Started process (PID=2528) to work on /home/airflow/.local/lib/python3.12/site-packages/airflow/example_dags/example_skip_dag.py
[2026-02-28T22:02:12.944+0000] {processor.py:830} INFO - Processing file /home/airflow/.local/lib/python3.12/site-packages/airflow/example_dags/example_skip_dag.py for tasks to queue
[2026-02-28T22:02:12.945+0000] {logging_mixin.py:188} INFO - [2026-02-28T22:02:12.945+0000] {dagbag.py:545} INFO - Filling up the DagBag from /home/airflow/.local/lib/python3.12/site-packages/airflow/example_dags/example_skip_dag.py
[2026-02-28T22:02:12.951+0000] {processor.py:840} INFO - DAG(s) 'example_skip_dag' retrieved from /home/airflow/.local/lib/python3.12/site-packages/airflow/example_dags/example_skip_dag.py
[2026-02-28T22:02:12.974+0000] {logging_mixin.py:188} INFO - [2026-02-28T22:02:12.974+0000] {dag.py:3096} INFO - Sync 1 DAGs
[2026-02-28T22:02:12.996+0000] {logging_mixin.py:188} INFO - [2026-02-28T22:02:12.996+0000] {dag.py:3954} INFO - Setting next_dagrun for example_skip_dag to 2026-02-27 00:00:00+00:00, run_after=2026-02-28 00:00:00+00:00
[2026-02-28T22:02:13.013+0000] {processor.py:183} INFO - Processing /home/airflow/.local/lib/python3.12/site-packages/airflow/example_dags/example_skip_dag.py took 0.077 seconds
[2026-02-28T22:02:44.283+0000] {processor.py:161} INFO - Started process (PID=2586) to work on /home/airflow/.local/lib/python3.12/site-packages/airflow/example_dags/example_skip_dag.py
[2026-02-28T22:02:44.284+0000] {processor.py:830} INFO - Processing file /home/airflow/.local/lib/python3.12/site-packages/airflow/example_dags/example_skip_dag.py for tasks to queue
[2026-02-28T22:02:44.286+0000] {logging_mixin.py:188} INFO - [2026-02-28T22:02:44.286+0000] {dagbag.py:545} INFO - Filling up the DagBag from /home/airflow/.local/lib/python3.12/site-packages/airflow/example_dags/example_skip_dag.py
[2026-02-28T22:02:44.293+0000] {processor.py:840} INFO - DAG(s) 'example_skip_dag' retrieved from /home/airflow/.local/lib/python3.12/site-packages/airflow/example_dags/example_skip_dag.py
[2026-02-28T22:02:44.320+0000] {logging_mixin.py:188} INFO - [2026-02-28T22:02:44.320+0000] {dag.py:3096} INFO - Sync 1 DAGs
[2026-02-28T22:02:44.343+0000] {logging_mixin.py:188} INFO - [2026-02-28T22:02:44.343+0000] {dag.py:3954} INFO - Setting next_dagrun for example_skip_dag to 2026-02-27 00:00:00+00:00, run_after=2026-02-28 00:00:00+00:00
[2026-02-28T22:02:44.368+0000] {processor.py:183} INFO - Processing /home/airflow/.local/lib/python3.12/site-packages/airflow/example_dags/example_skip_dag.py took 0.091 seconds
[2026-02-28T22:03:14.471+0000] {processor.py:161} INFO - Started process (PID=2643) to work on /home/airflow/.local/lib/python3.12/site-packages/airflow/example_dags/example_skip_dag.py
[2026-02-28T22:03:14.472+0000] {processor.py:830} INFO - Processing file /home/airflow/.local/lib/python3.12/site-packages/airflow/example_dags/example_skip_dag.py for tasks to queue
[2026-02-28T22:03:14.473+0000] {logging_mixin.py:188} INFO - [2026-02-28T22:03:14.473+0000] {dagbag.py:545} INFO - Filling up the DagBag from /home/airflow/.local/lib/python3.12/site-packages/airflow/example_dags/example_skip_dag.py
[2026-02-28T22:03:14.477+0000] {processor.py:840} INFO - DAG(s) 'example_skip_dag' retrieved from /home/airflow/.local/lib/python3.12/site-packages/airflow/example_dags/example_skip_dag.py
[2026-02-28T22:03:14.500+0000] {logging_mixin.py:188} INFO - [2026-02-28T22:03:14.500+0000] {dag.py:3096} INFO - Sync 1 DAGs
[2026-02-28T22:03:14.517+0000] {logging_mixin.py:188} INFO - [2026-02-28T22:03:14.517+0000] {dag.py:3954} INFO - Setting next_dagrun for example_skip_dag to 2026-02-27 00:00:00+00:00, run_after=2026-02-28 00:00:00+00:00
[2026-02-28T22:03:14.534+0000] {processor.py:183} INFO - Processing /home/airflow/.local/lib/python3.12/site-packages/airflow/example_dags/example_skip_dag.py took 0.067 seconds
[2026-02-28T22:03:45.546+0000] {processor.py:161} INFO - Started process (PID=2701) to work on /home/airflow/.local/lib/python3.12/site-packages/airflow/example_dags/example_skip_dag.py
[2026-02-28T22:03:45.547+0000] {processor.py:830} INFO - Processing file /home/airflow/.local/lib/python3.12/site-packages/airflow/example_dags/example_skip_dag.py for tasks to queue
[2026-02-28T22:03:45.549+0000] {logging_mixin.py:188} INFO - [2026-02-28T22:03:45.549+0000] {dagbag.py:545} INFO - Filling up the DagBag from /home/airflow/.local/lib/python3.12/site-packages/airflow/example_dags/example_skip_dag.py
[2026-02-28T22:03:45.557+0000] {processor.py:840} INFO - DAG(s) 'example_skip_dag' retrieved from /home/airflow/.local/lib/python3.12/site-packages/airflow/example_dags/example_skip_dag.py
[2026-02-28T22:03:45.580+0000] {logging_mixin.py:188} INFO - [2026-02-28T22:03:45.579+0000] {dag.py:3096} INFO - Sync 1 DAGs
[2026-02-28T22:03:45.612+0000] {logging_mixin.py:188} INFO - [2026-02-28T22:03:45.612+0000] {dag.py:3954} INFO - Setting next_dagrun for example_skip_dag to 2026-02-27 00:00:00+00:00, run_after=2026-02-28 00:00:00+00:00
[2026-02-28T22:03:45.635+0000] {processor.py:183} INFO - Processing /home/airflow/.local/lib/python3.12/site-packages/airflow/example_dags/example_skip_dag.py took 0.096 seconds
[2026-02-28T22:04:16.361+0000] {processor.py:161} INFO - Started process (PID=2759) to work on /home/airflow/.local/lib/python3.12/site-packages/airflow/example_dags/example_skip_dag.py
[2026-02-28T22:04:16.362+0000] {processor.py:830} INFO - Processing file /home/airflow/.local/lib/python3.12/site-packages/airflow/example_dags/example_skip_dag.py for tasks to queue
[2026-02-28T22:04:16.367+0000] {logging_mixin.py:188} INFO - [2026-02-28T22:04:16.366+0000] {dagbag.py:545} INFO - Filling up the DagBag from /home/airflow/.local/lib/python3.12/site-packages/airflow/example_dags/example_skip_dag.py
[2026-02-28T22:04:16.371+0000] {processor.py:840} INFO - DAG(s) 'example_skip_dag' retrieved from /home/airflow/.local/lib/python3.12/site-packages/airflow/example_dags/example_skip_dag.py
[2026-02-28T22:04:16.386+0000] {logging_mixin.py:188} INFO - [2026-02-28T22:04:16.385+0000] {dag.py:3096} INFO - Sync 1 DAGs
[2026-02-28T22:04:16.406+0000] {logging_mixin.py:188} INFO - [2026-02-28T22:04:16.406+0000] {dag.py:3954} INFO - Setting next_dagrun for example_skip_dag to 2026-02-27 00:00:00+00:00, run_after=2026-02-28 00:00:00+00:00
[2026-02-28T22:04:16.422+0000] {processor.py:183} INFO - Processing /home/airflow/.local/lib/python3.12/site-packages/airflow/example_dags/example_skip_dag.py took 0.066 seconds
