[2026-02-28T21:40:04.245+0000] {processor.py:161} INFO - Started process (PID=77) to work on /home/airflow/.local/lib/python3.12/site-packages/airflow/example_dags/example_complex.py
[2026-02-28T21:40:04.266+0000] {processor.py:830} INFO - Processing file /home/airflow/.local/lib/python3.12/site-packages/airflow/example_dags/example_complex.py for tasks to queue
[2026-02-28T21:40:04.286+0000] {logging_mixin.py:188} INFO - [2026-02-28T21:40:04.285+0000] {dagbag.py:545} INFO - Filling up the DagBag from /home/airflow/.local/lib/python3.12/site-packages/airflow/example_dags/example_complex.py
[2026-02-28T21:40:04.414+0000] {processor.py:840} INFO - DAG(s) 'example_complex' retrieved from /home/airflow/.local/lib/python3.12/site-packages/airflow/example_dags/example_complex.py
[2026-02-28T21:40:04.582+0000] {logging_mixin.py:188} INFO - [2026-02-28T21:40:04.581+0000] {dag.py:3096} INFO - Sync 1 DAGs
[2026-02-28T21:40:04.672+0000] {logging_mixin.py:188} INFO - [2026-02-28T21:40:04.671+0000] {dag.py:3954} INFO - Setting next_dagrun for example_complex to None, run_after=None
[2026-02-28T21:40:04.767+0000] {processor.py:183} INFO - Processing /home/airflow/.local/lib/python3.12/site-packages/airflow/example_dags/example_complex.py took 0.661 seconds
[2026-02-28T21:40:35.020+0000] {processor.py:161} INFO - Started process (PID=135) to work on /home/airflow/.local/lib/python3.12/site-packages/airflow/example_dags/example_complex.py
[2026-02-28T21:40:35.021+0000] {processor.py:830} INFO - Processing file /home/airflow/.local/lib/python3.12/site-packages/airflow/example_dags/example_complex.py for tasks to queue
[2026-02-28T21:40:35.022+0000] {logging_mixin.py:188} INFO - [2026-02-28T21:40:35.022+0000] {dagbag.py:545} INFO - Filling up the DagBag from /home/airflow/.local/lib/python3.12/site-packages/airflow/example_dags/example_complex.py
[2026-02-28T21:40:35.027+0000] {processor.py:840} INFO - DAG(s) 'example_complex' retrieved from /home/airflow/.local/lib/python3.12/site-packages/airflow/example_dags/example_complex.py
[2026-02-28T21:40:35.076+0000] {logging_mixin.py:188} INFO - [2026-02-28T21:40:35.076+0000] {dag.py:3096} INFO - Sync 1 DAGs
[2026-02-28T21:40:35.080+0000] {logging_mixin.py:188} INFO - [2026-02-28T21:40:35.080+0000] {dag.py:3954} INFO - Setting next_dagrun for example_complex to None, run_after=None
[2026-02-28T21:40:35.091+0000] {processor.py:183} INFO - Processing /home/airflow/.local/lib/python3.12/site-packages/airflow/example_dags/example_complex.py took 0.074 seconds
[2026-02-28T21:41:06.201+0000] {processor.py:161} INFO - Started process (PID=193) to work on /home/airflow/.local/lib/python3.12/site-packages/airflow/example_dags/example_complex.py
[2026-02-28T21:41:06.202+0000] {processor.py:830} INFO - Processing file /home/airflow/.local/lib/python3.12/site-packages/airflow/example_dags/example_complex.py for tasks to queue
[2026-02-28T21:41:06.203+0000] {logging_mixin.py:188} INFO - [2026-02-28T21:41:06.203+0000] {dagbag.py:545} INFO - Filling up the DagBag from /home/airflow/.local/lib/python3.12/site-packages/airflow/example_dags/example_complex.py
[2026-02-28T21:41:06.209+0000] {processor.py:840} INFO - DAG(s) 'example_complex' retrieved from /home/airflow/.local/lib/python3.12/site-packages/airflow/example_dags/example_complex.py
[2026-02-28T21:41:06.225+0000] {logging_mixin.py:188} INFO - [2026-02-28T21:41:06.225+0000] {dag.py:3096} INFO - Sync 1 DAGs
[2026-02-28T21:41:06.240+0000] {logging_mixin.py:188} INFO - [2026-02-28T21:41:06.240+0000] {dag.py:3954} INFO - Setting next_dagrun for example_complex to None, run_after=None
[2026-02-28T21:41:06.261+0000] {processor.py:183} INFO - Processing /home/airflow/.local/lib/python3.12/site-packages/airflow/example_dags/example_complex.py took 0.063 seconds
[2026-02-28T21:41:36.665+0000] {processor.py:161} INFO - Started process (PID=251) to work on /home/airflow/.local/lib/python3.12/site-packages/airflow/example_dags/example_complex.py
[2026-02-28T21:41:36.666+0000] {processor.py:830} INFO - Processing file /home/airflow/.local/lib/python3.12/site-packages/airflow/example_dags/example_complex.py for tasks to queue
[2026-02-28T21:41:36.669+0000] {logging_mixin.py:188} INFO - [2026-02-28T21:41:36.669+0000] {dagbag.py:545} INFO - Filling up the DagBag from /home/airflow/.local/lib/python3.12/site-packages/airflow/example_dags/example_complex.py
[2026-02-28T21:41:36.676+0000] {processor.py:840} INFO - DAG(s) 'example_complex' retrieved from /home/airflow/.local/lib/python3.12/site-packages/airflow/example_dags/example_complex.py
[2026-02-28T21:41:36.702+0000] {logging_mixin.py:188} INFO - [2026-02-28T21:41:36.702+0000] {dag.py:3096} INFO - Sync 1 DAGs
[2026-02-28T21:41:36.712+0000] {logging_mixin.py:188} INFO - [2026-02-28T21:41:36.711+0000] {dag.py:3954} INFO - Setting next_dagrun for example_complex to None, run_after=None
[2026-02-28T21:41:36.727+0000] {processor.py:183} INFO - Processing /home/airflow/.local/lib/python3.12/site-packages/airflow/example_dags/example_complex.py took 0.066 seconds
[2026-02-28T21:42:07.024+0000] {processor.py:161} INFO - Started process (PID=309) to work on /home/airflow/.local/lib/python3.12/site-packages/airflow/example_dags/example_complex.py
[2026-02-28T21:42:07.024+0000] {processor.py:830} INFO - Processing file /home/airflow/.local/lib/python3.12/site-packages/airflow/example_dags/example_complex.py for tasks to queue
[2026-02-28T21:42:07.026+0000] {logging_mixin.py:188} INFO - [2026-02-28T21:42:07.026+0000] {dagbag.py:545} INFO - Filling up the DagBag from /home/airflow/.local/lib/python3.12/site-packages/airflow/example_dags/example_complex.py
[2026-02-28T21:42:07.032+0000] {processor.py:840} INFO - DAG(s) 'example_complex' retrieved from /home/airflow/.local/lib/python3.12/site-packages/airflow/example_dags/example_complex.py
[2026-02-28T21:42:07.049+0000] {logging_mixin.py:188} INFO - [2026-02-28T21:42:07.049+0000] {dag.py:3096} INFO - Sync 1 DAGs
[2026-02-28T21:42:07.056+0000] {logging_mixin.py:188} INFO - [2026-02-28T21:42:07.056+0000] {dag.py:3954} INFO - Setting next_dagrun for example_complex to None, run_after=None
[2026-02-28T21:42:07.074+0000] {processor.py:183} INFO - Processing /home/airflow/.local/lib/python3.12/site-packages/airflow/example_dags/example_complex.py took 0.054 seconds
[2026-02-28T21:42:37.340+0000] {processor.py:161} INFO - Started process (PID=368) to work on /home/airflow/.local/lib/python3.12/site-packages/airflow/example_dags/example_complex.py
[2026-02-28T21:42:37.341+0000] {processor.py:830} INFO - Processing file /home/airflow/.local/lib/python3.12/site-packages/airflow/example_dags/example_complex.py for tasks to queue
[2026-02-28T21:42:37.343+0000] {logging_mixin.py:188} INFO - [2026-02-28T21:42:37.342+0000] {dagbag.py:545} INFO - Filling up the DagBag from /home/airflow/.local/lib/python3.12/site-packages/airflow/example_dags/example_complex.py
[2026-02-28T21:42:37.349+0000] {processor.py:840} INFO - DAG(s) 'example_complex' retrieved from /home/airflow/.local/lib/python3.12/site-packages/airflow/example_dags/example_complex.py
[2026-02-28T21:42:37.367+0000] {logging_mixin.py:188} INFO - [2026-02-28T21:42:37.367+0000] {dag.py:3096} INFO - Sync 1 DAGs
[2026-02-28T21:42:37.373+0000] {logging_mixin.py:188} INFO - [2026-02-28T21:42:37.373+0000] {dag.py:3954} INFO - Setting next_dagrun for example_complex to None, run_after=None
[2026-02-28T21:42:37.382+0000] {processor.py:183} INFO - Processing /home/airflow/.local/lib/python3.12/site-packages/airflow/example_dags/example_complex.py took 0.046 seconds
[2026-02-28T21:43:08.108+0000] {processor.py:161} INFO - Started process (PID=426) to work on /home/airflow/.local/lib/python3.12/site-packages/airflow/example_dags/example_complex.py
[2026-02-28T21:43:08.109+0000] {processor.py:830} INFO - Processing file /home/airflow/.local/lib/python3.12/site-packages/airflow/example_dags/example_complex.py for tasks to queue
[2026-02-28T21:43:08.110+0000] {logging_mixin.py:188} INFO - [2026-02-28T21:43:08.110+0000] {dagbag.py:545} INFO - Filling up the DagBag from /home/airflow/.local/lib/python3.12/site-packages/airflow/example_dags/example_complex.py
[2026-02-28T21:43:08.116+0000] {processor.py:840} INFO - DAG(s) 'example_complex' retrieved from /home/airflow/.local/lib/python3.12/site-packages/airflow/example_dags/example_complex.py
[2026-02-28T21:43:08.132+0000] {logging_mixin.py:188} INFO - [2026-02-28T21:43:08.131+0000] {dag.py:3096} INFO - Sync 1 DAGs
[2026-02-28T21:43:08.140+0000] {logging_mixin.py:188} INFO - [2026-02-28T21:43:08.140+0000] {dag.py:3954} INFO - Setting next_dagrun for example_complex to None, run_after=None
[2026-02-28T21:43:08.153+0000] {processor.py:183} INFO - Processing /home/airflow/.local/lib/python3.12/site-packages/airflow/example_dags/example_complex.py took 0.048 seconds
[2026-02-28T21:43:38.401+0000] {processor.py:161} INFO - Started process (PID=484) to work on /home/airflow/.local/lib/python3.12/site-packages/airflow/example_dags/example_complex.py
[2026-02-28T21:43:38.403+0000] {processor.py:830} INFO - Processing file /home/airflow/.local/lib/python3.12/site-packages/airflow/example_dags/example_complex.py for tasks to queue
[2026-02-28T21:43:38.404+0000] {logging_mixin.py:188} INFO - [2026-02-28T21:43:38.404+0000] {dagbag.py:545} INFO - Filling up the DagBag from /home/airflow/.local/lib/python3.12/site-packages/airflow/example_dags/example_complex.py
[2026-02-28T21:43:38.409+0000] {processor.py:840} INFO - DAG(s) 'example_complex' retrieved from /home/airflow/.local/lib/python3.12/site-packages/airflow/example_dags/example_complex.py
[2026-02-28T21:43:38.426+0000] {logging_mixin.py:188} INFO - [2026-02-28T21:43:38.426+0000] {dag.py:3096} INFO - Sync 1 DAGs
[2026-02-28T21:43:38.433+0000] {logging_mixin.py:188} INFO - [2026-02-28T21:43:38.433+0000] {dag.py:3954} INFO - Setting next_dagrun for example_complex to None, run_after=None
[2026-02-28T21:43:38.447+0000] {processor.py:183} INFO - Processing /home/airflow/.local/lib/python3.12/site-packages/airflow/example_dags/example_complex.py took 0.048 seconds
[2026-02-28T21:44:43.473+0000] {processor.py:161} INFO - Started process (PID=542) to work on /home/airflow/.local/lib/python3.12/site-packages/airflow/example_dags/example_complex.py
[2026-02-28T21:44:43.475+0000] {processor.py:830} INFO - Processing file /home/airflow/.local/lib/python3.12/site-packages/airflow/example_dags/example_complex.py for tasks to queue
[2026-02-28T21:44:43.479+0000] {logging_mixin.py:188} INFO - [2026-02-28T21:44:43.479+0000] {dagbag.py:545} INFO - Filling up the DagBag from /home/airflow/.local/lib/python3.12/site-packages/airflow/example_dags/example_complex.py
[2026-02-28T21:44:43.489+0000] {processor.py:840} INFO - DAG(s) 'example_complex' retrieved from /home/airflow/.local/lib/python3.12/site-packages/airflow/example_dags/example_complex.py
[2026-02-28T21:44:43.517+0000] {logging_mixin.py:188} INFO - [2026-02-28T21:44:43.516+0000] {dag.py:3096} INFO - Sync 1 DAGs
[2026-02-28T21:44:43.532+0000] {logging_mixin.py:188} INFO - [2026-02-28T21:44:43.531+0000] {dag.py:3954} INFO - Setting next_dagrun for example_complex to None, run_after=None
[2026-02-28T21:44:43.552+0000] {processor.py:183} INFO - Processing /home/airflow/.local/lib/python3.12/site-packages/airflow/example_dags/example_complex.py took 0.088 seconds
[2026-02-28T21:45:14.077+0000] {processor.py:161} INFO - Started process (PID=600) to work on /home/airflow/.local/lib/python3.12/site-packages/airflow/example_dags/example_complex.py
[2026-02-28T21:45:14.078+0000] {processor.py:830} INFO - Processing file /home/airflow/.local/lib/python3.12/site-packages/airflow/example_dags/example_complex.py for tasks to queue
[2026-02-28T21:45:14.080+0000] {logging_mixin.py:188} INFO - [2026-02-28T21:45:14.079+0000] {dagbag.py:545} INFO - Filling up the DagBag from /home/airflow/.local/lib/python3.12/site-packages/airflow/example_dags/example_complex.py
[2026-02-28T21:45:14.085+0000] {processor.py:840} INFO - DAG(s) 'example_complex' retrieved from /home/airflow/.local/lib/python3.12/site-packages/airflow/example_dags/example_complex.py
[2026-02-28T21:45:14.099+0000] {logging_mixin.py:188} INFO - [2026-02-28T21:45:14.099+0000] {dag.py:3096} INFO - Sync 1 DAGs
[2026-02-28T21:45:14.107+0000] {logging_mixin.py:188} INFO - [2026-02-28T21:45:14.107+0000] {dag.py:3954} INFO - Setting next_dagrun for example_complex to None, run_after=None
[2026-02-28T21:45:14.116+0000] {processor.py:183} INFO - Processing /home/airflow/.local/lib/python3.12/site-packages/airflow/example_dags/example_complex.py took 0.043 seconds
[2026-02-28T21:45:44.422+0000] {processor.py:161} INFO - Started process (PID=658) to work on /home/airflow/.local/lib/python3.12/site-packages/airflow/example_dags/example_complex.py
[2026-02-28T21:45:44.424+0000] {processor.py:830} INFO - Processing file /home/airflow/.local/lib/python3.12/site-packages/airflow/example_dags/example_complex.py for tasks to queue
[2026-02-28T21:45:44.426+0000] {logging_mixin.py:188} INFO - [2026-02-28T21:45:44.425+0000] {dagbag.py:545} INFO - Filling up the DagBag from /home/airflow/.local/lib/python3.12/site-packages/airflow/example_dags/example_complex.py
[2026-02-28T21:45:44.432+0000] {processor.py:840} INFO - DAG(s) 'example_complex' retrieved from /home/airflow/.local/lib/python3.12/site-packages/airflow/example_dags/example_complex.py
[2026-02-28T21:45:44.451+0000] {logging_mixin.py:188} INFO - [2026-02-28T21:45:44.451+0000] {dag.py:3096} INFO - Sync 1 DAGs
[2026-02-28T21:45:44.459+0000] {logging_mixin.py:188} INFO - [2026-02-28T21:45:44.459+0000] {dag.py:3954} INFO - Setting next_dagrun for example_complex to None, run_after=None
[2026-02-28T21:45:44.472+0000] {processor.py:183} INFO - Processing /home/airflow/.local/lib/python3.12/site-packages/airflow/example_dags/example_complex.py took 0.053 seconds
[2026-02-28T21:46:15.133+0000] {processor.py:161} INFO - Started process (PID=716) to work on /home/airflow/.local/lib/python3.12/site-packages/airflow/example_dags/example_complex.py
[2026-02-28T21:46:15.134+0000] {processor.py:830} INFO - Processing file /home/airflow/.local/lib/python3.12/site-packages/airflow/example_dags/example_complex.py for tasks to queue
[2026-02-28T21:46:15.136+0000] {logging_mixin.py:188} INFO - [2026-02-28T21:46:15.136+0000] {dagbag.py:545} INFO - Filling up the DagBag from /home/airflow/.local/lib/python3.12/site-packages/airflow/example_dags/example_complex.py
[2026-02-28T21:46:15.141+0000] {processor.py:840} INFO - DAG(s) 'example_complex' retrieved from /home/airflow/.local/lib/python3.12/site-packages/airflow/example_dags/example_complex.py
[2026-02-28T21:46:15.165+0000] {logging_mixin.py:188} INFO - [2026-02-28T21:46:15.165+0000] {dag.py:3096} INFO - Sync 1 DAGs
[2026-02-28T21:46:15.175+0000] {logging_mixin.py:188} INFO - [2026-02-28T21:46:15.174+0000] {dag.py:3954} INFO - Setting next_dagrun for example_complex to None, run_after=None
[2026-02-28T21:46:15.199+0000] {processor.py:183} INFO - Processing /home/airflow/.local/lib/python3.12/site-packages/airflow/example_dags/example_complex.py took 0.070 seconds
[2026-02-28T21:46:45.740+0000] {processor.py:161} INFO - Started process (PID=774) to work on /home/airflow/.local/lib/python3.12/site-packages/airflow/example_dags/example_complex.py
[2026-02-28T21:46:45.742+0000] {processor.py:830} INFO - Processing file /home/airflow/.local/lib/python3.12/site-packages/airflow/example_dags/example_complex.py for tasks to queue
[2026-02-28T21:46:45.744+0000] {logging_mixin.py:188} INFO - [2026-02-28T21:46:45.743+0000] {dagbag.py:545} INFO - Filling up the DagBag from /home/airflow/.local/lib/python3.12/site-packages/airflow/example_dags/example_complex.py
[2026-02-28T21:46:45.750+0000] {processor.py:840} INFO - DAG(s) 'example_complex' retrieved from /home/airflow/.local/lib/python3.12/site-packages/airflow/example_dags/example_complex.py
[2026-02-28T21:46:45.768+0000] {logging_mixin.py:188} INFO - [2026-02-28T21:46:45.768+0000] {dag.py:3096} INFO - Sync 1 DAGs
[2026-02-28T21:46:45.777+0000] {logging_mixin.py:188} INFO - [2026-02-28T21:46:45.777+0000] {dag.py:3954} INFO - Setting next_dagrun for example_complex to None, run_after=None
[2026-02-28T21:46:45.795+0000] {processor.py:183} INFO - Processing /home/airflow/.local/lib/python3.12/site-packages/airflow/example_dags/example_complex.py took 0.057 seconds
[2026-02-28T21:47:16.720+0000] {processor.py:161} INFO - Started process (PID=832) to work on /home/airflow/.local/lib/python3.12/site-packages/airflow/example_dags/example_complex.py
[2026-02-28T21:47:16.722+0000] {processor.py:830} INFO - Processing file /home/airflow/.local/lib/python3.12/site-packages/airflow/example_dags/example_complex.py for tasks to queue
[2026-02-28T21:47:16.724+0000] {logging_mixin.py:188} INFO - [2026-02-28T21:47:16.724+0000] {dagbag.py:545} INFO - Filling up the DagBag from /home/airflow/.local/lib/python3.12/site-packages/airflow/example_dags/example_complex.py
[2026-02-28T21:47:16.730+0000] {processor.py:840} INFO - DAG(s) 'example_complex' retrieved from /home/airflow/.local/lib/python3.12/site-packages/airflow/example_dags/example_complex.py
[2026-02-28T21:47:16.749+0000] {logging_mixin.py:188} INFO - [2026-02-28T21:47:16.749+0000] {dag.py:3096} INFO - Sync 1 DAGs
[2026-02-28T21:47:16.755+0000] {logging_mixin.py:188} INFO - [2026-02-28T21:47:16.755+0000] {dag.py:3954} INFO - Setting next_dagrun for example_complex to None, run_after=None
[2026-02-28T21:47:16.769+0000] {processor.py:183} INFO - Processing /home/airflow/.local/lib/python3.12/site-packages/airflow/example_dags/example_complex.py took 0.055 seconds
[2026-02-28T21:47:47.607+0000] {processor.py:161} INFO - Started process (PID=890) to work on /home/airflow/.local/lib/python3.12/site-packages/airflow/example_dags/example_complex.py
[2026-02-28T21:47:47.610+0000] {processor.py:830} INFO - Processing file /home/airflow/.local/lib/python3.12/site-packages/airflow/example_dags/example_complex.py for tasks to queue
[2026-02-28T21:47:47.611+0000] {logging_mixin.py:188} INFO - [2026-02-28T21:47:47.611+0000] {dagbag.py:545} INFO - Filling up the DagBag from /home/airflow/.local/lib/python3.12/site-packages/airflow/example_dags/example_complex.py
[2026-02-28T21:47:47.615+0000] {processor.py:840} INFO - DAG(s) 'example_complex' retrieved from /home/airflow/.local/lib/python3.12/site-packages/airflow/example_dags/example_complex.py
[2026-02-28T21:47:47.635+0000] {logging_mixin.py:188} INFO - [2026-02-28T21:47:47.635+0000] {dag.py:3096} INFO - Sync 1 DAGs
[2026-02-28T21:47:47.644+0000] {logging_mixin.py:188} INFO - [2026-02-28T21:47:47.644+0000] {dag.py:3954} INFO - Setting next_dagrun for example_complex to None, run_after=None
[2026-02-28T21:47:47.658+0000] {processor.py:183} INFO - Processing /home/airflow/.local/lib/python3.12/site-packages/airflow/example_dags/example_complex.py took 0.055 seconds
[2026-02-28T21:48:18.568+0000] {processor.py:161} INFO - Started process (PID=948) to work on /home/airflow/.local/lib/python3.12/site-packages/airflow/example_dags/example_complex.py
[2026-02-28T21:48:18.569+0000] {processor.py:830} INFO - Processing file /home/airflow/.local/lib/python3.12/site-packages/airflow/example_dags/example_complex.py for tasks to queue
[2026-02-28T21:48:18.572+0000] {logging_mixin.py:188} INFO - [2026-02-28T21:48:18.572+0000] {dagbag.py:545} INFO - Filling up the DagBag from /home/airflow/.local/lib/python3.12/site-packages/airflow/example_dags/example_complex.py
[2026-02-28T21:48:18.578+0000] {processor.py:840} INFO - DAG(s) 'example_complex' retrieved from /home/airflow/.local/lib/python3.12/site-packages/airflow/example_dags/example_complex.py
[2026-02-28T21:48:18.599+0000] {logging_mixin.py:188} INFO - [2026-02-28T21:48:18.599+0000] {dag.py:3096} INFO - Sync 1 DAGs
[2026-02-28T21:48:18.606+0000] {logging_mixin.py:188} INFO - [2026-02-28T21:48:18.606+0000] {dag.py:3954} INFO - Setting next_dagrun for example_complex to None, run_after=None
[2026-02-28T21:48:18.615+0000] {processor.py:183} INFO - Processing /home/airflow/.local/lib/python3.12/site-packages/airflow/example_dags/example_complex.py took 0.051 seconds
[2026-02-28T21:48:49.644+0000] {processor.py:161} INFO - Started process (PID=1006) to work on /home/airflow/.local/lib/python3.12/site-packages/airflow/example_dags/example_complex.py
[2026-02-28T21:48:49.646+0000] {processor.py:830} INFO - Processing file /home/airflow/.local/lib/python3.12/site-packages/airflow/example_dags/example_complex.py for tasks to queue
[2026-02-28T21:48:49.649+0000] {logging_mixin.py:188} INFO - [2026-02-28T21:48:49.649+0000] {dagbag.py:545} INFO - Filling up the DagBag from /home/airflow/.local/lib/python3.12/site-packages/airflow/example_dags/example_complex.py
[2026-02-28T21:48:49.664+0000] {processor.py:840} INFO - DAG(s) 'example_complex' retrieved from /home/airflow/.local/lib/python3.12/site-packages/airflow/example_dags/example_complex.py
[2026-02-28T21:48:49.691+0000] {logging_mixin.py:188} INFO - [2026-02-28T21:48:49.691+0000] {dag.py:3096} INFO - Sync 1 DAGs
[2026-02-28T21:48:49.700+0000] {logging_mixin.py:188} INFO - [2026-02-28T21:48:49.700+0000] {dag.py:3954} INFO - Setting next_dagrun for example_complex to None, run_after=None
[2026-02-28T21:48:49.718+0000] {processor.py:183} INFO - Processing /home/airflow/.local/lib/python3.12/site-packages/airflow/example_dags/example_complex.py took 0.084 seconds
[2026-02-28T21:49:20.440+0000] {processor.py:161} INFO - Started process (PID=1064) to work on /home/airflow/.local/lib/python3.12/site-packages/airflow/example_dags/example_complex.py
[2026-02-28T21:49:20.441+0000] {processor.py:830} INFO - Processing file /home/airflow/.local/lib/python3.12/site-packages/airflow/example_dags/example_complex.py for tasks to queue
[2026-02-28T21:49:20.442+0000] {logging_mixin.py:188} INFO - [2026-02-28T21:49:20.442+0000] {dagbag.py:545} INFO - Filling up the DagBag from /home/airflow/.local/lib/python3.12/site-packages/airflow/example_dags/example_complex.py
[2026-02-28T21:49:20.452+0000] {processor.py:840} INFO - DAG(s) 'example_complex' retrieved from /home/airflow/.local/lib/python3.12/site-packages/airflow/example_dags/example_complex.py
[2026-02-28T21:49:20.475+0000] {logging_mixin.py:188} INFO - [2026-02-28T21:49:20.475+0000] {dag.py:3096} INFO - Sync 1 DAGs
[2026-02-28T21:49:20.489+0000] {logging_mixin.py:188} INFO - [2026-02-28T21:49:20.489+0000] {dag.py:3954} INFO - Setting next_dagrun for example_complex to None, run_after=None
[2026-02-28T21:49:20.501+0000] {processor.py:183} INFO - Processing /home/airflow/.local/lib/python3.12/site-packages/airflow/example_dags/example_complex.py took 0.066 seconds
[2026-02-28T21:49:51.914+0000] {processor.py:161} INFO - Started process (PID=1122) to work on /home/airflow/.local/lib/python3.12/site-packages/airflow/example_dags/example_complex.py
[2026-02-28T21:49:51.923+0000] {processor.py:830} INFO - Processing file /home/airflow/.local/lib/python3.12/site-packages/airflow/example_dags/example_complex.py for tasks to queue
[2026-02-28T21:49:51.932+0000] {logging_mixin.py:188} INFO - [2026-02-28T21:49:51.931+0000] {dagbag.py:545} INFO - Filling up the DagBag from /home/airflow/.local/lib/python3.12/site-packages/airflow/example_dags/example_complex.py
[2026-02-28T21:49:51.961+0000] {processor.py:840} INFO - DAG(s) 'example_complex' retrieved from /home/airflow/.local/lib/python3.12/site-packages/airflow/example_dags/example_complex.py
[2026-02-28T21:49:52.087+0000] {logging_mixin.py:188} INFO - [2026-02-28T21:49:52.085+0000] {dag.py:3096} INFO - Sync 1 DAGs
[2026-02-28T21:49:52.134+0000] {logging_mixin.py:188} INFO - [2026-02-28T21:49:52.133+0000] {dag.py:3954} INFO - Setting next_dagrun for example_complex to None, run_after=None
[2026-02-28T21:49:52.507+0000] {processor.py:183} INFO - Processing /home/airflow/.local/lib/python3.12/site-packages/airflow/example_dags/example_complex.py took 0.601 seconds
[2026-02-28T21:50:22.991+0000] {processor.py:161} INFO - Started process (PID=1180) to work on /home/airflow/.local/lib/python3.12/site-packages/airflow/example_dags/example_complex.py
[2026-02-28T21:50:22.991+0000] {processor.py:830} INFO - Processing file /home/airflow/.local/lib/python3.12/site-packages/airflow/example_dags/example_complex.py for tasks to queue
[2026-02-28T21:50:22.993+0000] {logging_mixin.py:188} INFO - [2026-02-28T21:50:22.992+0000] {dagbag.py:545} INFO - Filling up the DagBag from /home/airflow/.local/lib/python3.12/site-packages/airflow/example_dags/example_complex.py
[2026-02-28T21:50:22.998+0000] {processor.py:840} INFO - DAG(s) 'example_complex' retrieved from /home/airflow/.local/lib/python3.12/site-packages/airflow/example_dags/example_complex.py
[2026-02-28T21:50:23.016+0000] {logging_mixin.py:188} INFO - [2026-02-28T21:50:23.015+0000] {dag.py:3096} INFO - Sync 1 DAGs
[2026-02-28T21:50:23.023+0000] {logging_mixin.py:188} INFO - [2026-02-28T21:50:23.023+0000] {dag.py:3954} INFO - Setting next_dagrun for example_complex to None, run_after=None
[2026-02-28T21:50:23.035+0000] {processor.py:183} INFO - Processing /home/airflow/.local/lib/python3.12/site-packages/airflow/example_dags/example_complex.py took 0.049 seconds
[2026-02-28T21:50:53.320+0000] {processor.py:161} INFO - Started process (PID=1238) to work on /home/airflow/.local/lib/python3.12/site-packages/airflow/example_dags/example_complex.py
[2026-02-28T21:50:53.321+0000] {processor.py:830} INFO - Processing file /home/airflow/.local/lib/python3.12/site-packages/airflow/example_dags/example_complex.py for tasks to queue
[2026-02-28T21:50:53.323+0000] {logging_mixin.py:188} INFO - [2026-02-28T21:50:53.323+0000] {dagbag.py:545} INFO - Filling up the DagBag from /home/airflow/.local/lib/python3.12/site-packages/airflow/example_dags/example_complex.py
[2026-02-28T21:50:53.329+0000] {processor.py:840} INFO - DAG(s) 'example_complex' retrieved from /home/airflow/.local/lib/python3.12/site-packages/airflow/example_dags/example_complex.py
[2026-02-28T21:50:53.352+0000] {logging_mixin.py:188} INFO - [2026-02-28T21:50:53.352+0000] {dag.py:3096} INFO - Sync 1 DAGs
[2026-02-28T21:50:53.361+0000] {logging_mixin.py:188} INFO - [2026-02-28T21:50:53.361+0000] {dag.py:3954} INFO - Setting next_dagrun for example_complex to None, run_after=None
[2026-02-28T21:50:53.382+0000] {processor.py:183} INFO - Processing /home/airflow/.local/lib/python3.12/site-packages/airflow/example_dags/example_complex.py took 0.066 seconds
[2026-02-28T21:51:23.515+0000] {processor.py:161} INFO - Started process (PID=1296) to work on /home/airflow/.local/lib/python3.12/site-packages/airflow/example_dags/example_complex.py
[2026-02-28T21:51:23.517+0000] {processor.py:830} INFO - Processing file /home/airflow/.local/lib/python3.12/site-packages/airflow/example_dags/example_complex.py for tasks to queue
[2026-02-28T21:51:23.518+0000] {logging_mixin.py:188} INFO - [2026-02-28T21:51:23.518+0000] {dagbag.py:545} INFO - Filling up the DagBag from /home/airflow/.local/lib/python3.12/site-packages/airflow/example_dags/example_complex.py
[2026-02-28T21:51:23.524+0000] {processor.py:840} INFO - DAG(s) 'example_complex' retrieved from /home/airflow/.local/lib/python3.12/site-packages/airflow/example_dags/example_complex.py
[2026-02-28T21:51:23.552+0000] {logging_mixin.py:188} INFO - [2026-02-28T21:51:23.552+0000] {dag.py:3096} INFO - Sync 1 DAGs
[2026-02-28T21:51:23.561+0000] {logging_mixin.py:188} INFO - [2026-02-28T21:51:23.561+0000] {dag.py:3954} INFO - Setting next_dagrun for example_complex to None, run_after=None
[2026-02-28T21:51:23.574+0000] {processor.py:183} INFO - Processing /home/airflow/.local/lib/python3.12/site-packages/airflow/example_dags/example_complex.py took 0.063 seconds
[2026-02-28T21:51:54.469+0000] {processor.py:161} INFO - Started process (PID=1354) to work on /home/airflow/.local/lib/python3.12/site-packages/airflow/example_dags/example_complex.py
[2026-02-28T21:51:54.469+0000] {processor.py:830} INFO - Processing file /home/airflow/.local/lib/python3.12/site-packages/airflow/example_dags/example_complex.py for tasks to queue
[2026-02-28T21:51:54.470+0000] {logging_mixin.py:188} INFO - [2026-02-28T21:51:54.470+0000] {dagbag.py:545} INFO - Filling up the DagBag from /home/airflow/.local/lib/python3.12/site-packages/airflow/example_dags/example_complex.py
[2026-02-28T21:51:54.476+0000] {processor.py:840} INFO - DAG(s) 'example_complex' retrieved from /home/airflow/.local/lib/python3.12/site-packages/airflow/example_dags/example_complex.py
[2026-02-28T21:51:54.500+0000] {logging_mixin.py:188} INFO - [2026-02-28T21:51:54.500+0000] {dag.py:3096} INFO - Sync 1 DAGs
[2026-02-28T21:51:54.508+0000] {logging_mixin.py:188} INFO - [2026-02-28T21:51:54.508+0000] {dag.py:3954} INFO - Setting next_dagrun for example_complex to None, run_after=None
[2026-02-28T21:51:54.526+0000] {processor.py:183} INFO - Processing /home/airflow/.local/lib/python3.12/site-packages/airflow/example_dags/example_complex.py took 0.061 seconds
[2026-02-28T21:52:25.219+0000] {processor.py:161} INFO - Started process (PID=1412) to work on /home/airflow/.local/lib/python3.12/site-packages/airflow/example_dags/example_complex.py
[2026-02-28T21:52:25.221+0000] {processor.py:830} INFO - Processing file /home/airflow/.local/lib/python3.12/site-packages/airflow/example_dags/example_complex.py for tasks to queue
[2026-02-28T21:52:25.222+0000] {logging_mixin.py:188} INFO - [2026-02-28T21:52:25.222+0000] {dagbag.py:545} INFO - Filling up the DagBag from /home/airflow/.local/lib/python3.12/site-packages/airflow/example_dags/example_complex.py
[2026-02-28T21:52:25.228+0000] {processor.py:840} INFO - DAG(s) 'example_complex' retrieved from /home/airflow/.local/lib/python3.12/site-packages/airflow/example_dags/example_complex.py
[2026-02-28T21:52:25.250+0000] {logging_mixin.py:188} INFO - [2026-02-28T21:52:25.250+0000] {dag.py:3096} INFO - Sync 1 DAGs
[2026-02-28T21:52:25.257+0000] {logging_mixin.py:188} INFO - [2026-02-28T21:52:25.256+0000] {dag.py:3954} INFO - Setting next_dagrun for example_complex to None, run_after=None
[2026-02-28T21:52:25.265+0000] {processor.py:183} INFO - Processing /home/airflow/.local/lib/python3.12/site-packages/airflow/example_dags/example_complex.py took 0.050 seconds
[2026-02-28T21:52:55.360+0000] {processor.py:161} INFO - Started process (PID=1470) to work on /home/airflow/.local/lib/python3.12/site-packages/airflow/example_dags/example_complex.py
[2026-02-28T21:52:55.361+0000] {processor.py:830} INFO - Processing file /home/airflow/.local/lib/python3.12/site-packages/airflow/example_dags/example_complex.py for tasks to queue
[2026-02-28T21:52:55.362+0000] {logging_mixin.py:188} INFO - [2026-02-28T21:52:55.362+0000] {dagbag.py:545} INFO - Filling up the DagBag from /home/airflow/.local/lib/python3.12/site-packages/airflow/example_dags/example_complex.py
[2026-02-28T21:52:55.368+0000] {processor.py:840} INFO - DAG(s) 'example_complex' retrieved from /home/airflow/.local/lib/python3.12/site-packages/airflow/example_dags/example_complex.py
[2026-02-28T21:52:55.391+0000] {logging_mixin.py:188} INFO - [2026-02-28T21:52:55.390+0000] {dag.py:3096} INFO - Sync 1 DAGs
[2026-02-28T21:52:55.401+0000] {logging_mixin.py:188} INFO - [2026-02-28T21:52:55.401+0000] {dag.py:3954} INFO - Setting next_dagrun for example_complex to None, run_after=None
[2026-02-28T21:52:55.418+0000] {processor.py:183} INFO - Processing /home/airflow/.local/lib/python3.12/site-packages/airflow/example_dags/example_complex.py took 0.061 seconds
[2026-02-28T21:53:26.199+0000] {processor.py:161} INFO - Started process (PID=1528) to work on /home/airflow/.local/lib/python3.12/site-packages/airflow/example_dags/example_complex.py
[2026-02-28T21:53:26.201+0000] {processor.py:830} INFO - Processing file /home/airflow/.local/lib/python3.12/site-packages/airflow/example_dags/example_complex.py for tasks to queue
[2026-02-28T21:53:26.202+0000] {logging_mixin.py:188} INFO - [2026-02-28T21:53:26.202+0000] {dagbag.py:545} INFO - Filling up the DagBag from /home/airflow/.local/lib/python3.12/site-packages/airflow/example_dags/example_complex.py
[2026-02-28T21:53:26.208+0000] {processor.py:840} INFO - DAG(s) 'example_complex' retrieved from /home/airflow/.local/lib/python3.12/site-packages/airflow/example_dags/example_complex.py
[2026-02-28T21:53:26.230+0000] {logging_mixin.py:188} INFO - [2026-02-28T21:53:26.230+0000] {dag.py:3096} INFO - Sync 1 DAGs
[2026-02-28T21:53:26.238+0000] {logging_mixin.py:188} INFO - [2026-02-28T21:53:26.238+0000] {dag.py:3954} INFO - Setting next_dagrun for example_complex to None, run_after=None
[2026-02-28T21:53:26.263+0000] {processor.py:183} INFO - Processing /home/airflow/.local/lib/python3.12/site-packages/airflow/example_dags/example_complex.py took 0.068 seconds
[2026-02-28T21:53:57.097+0000] {processor.py:161} INFO - Started process (PID=1586) to work on /home/airflow/.local/lib/python3.12/site-packages/airflow/example_dags/example_complex.py
[2026-02-28T21:53:57.098+0000] {processor.py:830} INFO - Processing file /home/airflow/.local/lib/python3.12/site-packages/airflow/example_dags/example_complex.py for tasks to queue
[2026-02-28T21:53:57.099+0000] {logging_mixin.py:188} INFO - [2026-02-28T21:53:57.099+0000] {dagbag.py:545} INFO - Filling up the DagBag from /home/airflow/.local/lib/python3.12/site-packages/airflow/example_dags/example_complex.py
[2026-02-28T21:53:57.105+0000] {processor.py:840} INFO - DAG(s) 'example_complex' retrieved from /home/airflow/.local/lib/python3.12/site-packages/airflow/example_dags/example_complex.py
[2026-02-28T21:53:57.126+0000] {logging_mixin.py:188} INFO - [2026-02-28T21:53:57.126+0000] {dag.py:3096} INFO - Sync 1 DAGs
[2026-02-28T21:53:57.135+0000] {logging_mixin.py:188} INFO - [2026-02-28T21:53:57.135+0000] {dag.py:3954} INFO - Setting next_dagrun for example_complex to None, run_after=None
[2026-02-28T21:53:57.151+0000] {processor.py:183} INFO - Processing /home/airflow/.local/lib/python3.12/site-packages/airflow/example_dags/example_complex.py took 0.058 seconds
[2026-02-28T21:54:27.465+0000] {processor.py:161} INFO - Started process (PID=1644) to work on /home/airflow/.local/lib/python3.12/site-packages/airflow/example_dags/example_complex.py
[2026-02-28T21:54:27.467+0000] {processor.py:830} INFO - Processing file /home/airflow/.local/lib/python3.12/site-packages/airflow/example_dags/example_complex.py for tasks to queue
[2026-02-28T21:54:27.468+0000] {logging_mixin.py:188} INFO - [2026-02-28T21:54:27.468+0000] {dagbag.py:545} INFO - Filling up the DagBag from /home/airflow/.local/lib/python3.12/site-packages/airflow/example_dags/example_complex.py
[2026-02-28T21:54:27.473+0000] {processor.py:840} INFO - DAG(s) 'example_complex' retrieved from /home/airflow/.local/lib/python3.12/site-packages/airflow/example_dags/example_complex.py
[2026-02-28T21:54:27.491+0000] {logging_mixin.py:188} INFO - [2026-02-28T21:54:27.491+0000] {dag.py:3096} INFO - Sync 1 DAGs
[2026-02-28T21:54:27.503+0000] {logging_mixin.py:188} INFO - [2026-02-28T21:54:27.503+0000] {dag.py:3954} INFO - Setting next_dagrun for example_complex to None, run_after=None
[2026-02-28T21:54:27.529+0000] {processor.py:183} INFO - Processing /home/airflow/.local/lib/python3.12/site-packages/airflow/example_dags/example_complex.py took 0.067 seconds
[2026-02-28T21:55:00.214+0000] {processor.py:161} INFO - Started process (PID=1705) to work on /home/airflow/.local/lib/python3.12/site-packages/airflow/example_dags/example_complex.py
[2026-02-28T21:55:00.215+0000] {processor.py:830} INFO - Processing file /home/airflow/.local/lib/python3.12/site-packages/airflow/example_dags/example_complex.py for tasks to queue
[2026-02-28T21:55:00.221+0000] {logging_mixin.py:188} INFO - [2026-02-28T21:55:00.220+0000] {dagbag.py:545} INFO - Filling up the DagBag from /home/airflow/.local/lib/python3.12/site-packages/airflow/example_dags/example_complex.py
[2026-02-28T21:55:00.251+0000] {processor.py:840} INFO - DAG(s) 'example_complex' retrieved from /home/airflow/.local/lib/python3.12/site-packages/airflow/example_dags/example_complex.py
[2026-02-28T21:55:00.281+0000] {logging_mixin.py:188} INFO - [2026-02-28T21:55:00.281+0000] {dag.py:3096} INFO - Sync 1 DAGs
[2026-02-28T21:55:00.291+0000] {logging_mixin.py:188} INFO - [2026-02-28T21:55:00.291+0000] {dag.py:3954} INFO - Setting next_dagrun for example_complex to None, run_after=None
[2026-02-28T21:55:00.315+0000] {processor.py:183} INFO - Processing /home/airflow/.local/lib/python3.12/site-packages/airflow/example_dags/example_complex.py took 0.108 seconds
[2026-02-28T21:55:31.615+0000] {processor.py:161} INFO - Started process (PID=1769) to work on /home/airflow/.local/lib/python3.12/site-packages/airflow/example_dags/example_complex.py
[2026-02-28T21:55:31.620+0000] {processor.py:830} INFO - Processing file /home/airflow/.local/lib/python3.12/site-packages/airflow/example_dags/example_complex.py for tasks to queue
[2026-02-28T21:55:31.636+0000] {logging_mixin.py:188} INFO - [2026-02-28T21:55:31.634+0000] {dagbag.py:545} INFO - Filling up the DagBag from /home/airflow/.local/lib/python3.12/site-packages/airflow/example_dags/example_complex.py
[2026-02-28T21:55:31.669+0000] {processor.py:840} INFO - DAG(s) 'example_complex' retrieved from /home/airflow/.local/lib/python3.12/site-packages/airflow/example_dags/example_complex.py
[2026-02-28T21:55:31.975+0000] {logging_mixin.py:188} INFO - [2026-02-28T21:55:31.968+0000] {dag.py:3096} INFO - Sync 1 DAGs
[2026-02-28T21:55:32.101+0000] {logging_mixin.py:188} INFO - [2026-02-28T21:55:32.090+0000] {dag.py:3954} INFO - Setting next_dagrun for example_complex to None, run_after=None
[2026-02-28T21:55:32.308+0000] {processor.py:183} INFO - Processing /home/airflow/.local/lib/python3.12/site-packages/airflow/example_dags/example_complex.py took 0.709 seconds
[2026-02-28T21:56:02.599+0000] {processor.py:161} INFO - Started process (PID=1826) to work on /home/airflow/.local/lib/python3.12/site-packages/airflow/example_dags/example_complex.py
[2026-02-28T21:56:02.601+0000] {processor.py:830} INFO - Processing file /home/airflow/.local/lib/python3.12/site-packages/airflow/example_dags/example_complex.py for tasks to queue
[2026-02-28T21:56:02.602+0000] {logging_mixin.py:188} INFO - [2026-02-28T21:56:02.602+0000] {dagbag.py:545} INFO - Filling up the DagBag from /home/airflow/.local/lib/python3.12/site-packages/airflow/example_dags/example_complex.py
[2026-02-28T21:56:02.609+0000] {processor.py:840} INFO - DAG(s) 'example_complex' retrieved from /home/airflow/.local/lib/python3.12/site-packages/airflow/example_dags/example_complex.py
[2026-02-28T21:56:02.629+0000] {logging_mixin.py:188} INFO - [2026-02-28T21:56:02.629+0000] {dag.py:3096} INFO - Sync 1 DAGs
[2026-02-28T21:56:02.635+0000] {logging_mixin.py:188} INFO - [2026-02-28T21:56:02.635+0000] {dag.py:3954} INFO - Setting next_dagrun for example_complex to None, run_after=None
[2026-02-28T21:56:02.645+0000] {processor.py:183} INFO - Processing /home/airflow/.local/lib/python3.12/site-packages/airflow/example_dags/example_complex.py took 0.052 seconds
[2026-02-28T21:56:33.669+0000] {processor.py:161} INFO - Started process (PID=1885) to work on /home/airflow/.local/lib/python3.12/site-packages/airflow/example_dags/example_complex.py
[2026-02-28T21:56:33.670+0000] {processor.py:830} INFO - Processing file /home/airflow/.local/lib/python3.12/site-packages/airflow/example_dags/example_complex.py for tasks to queue
[2026-02-28T21:56:33.672+0000] {logging_mixin.py:188} INFO - [2026-02-28T21:56:33.671+0000] {dagbag.py:545} INFO - Filling up the DagBag from /home/airflow/.local/lib/python3.12/site-packages/airflow/example_dags/example_complex.py
[2026-02-28T21:56:33.678+0000] {processor.py:840} INFO - DAG(s) 'example_complex' retrieved from /home/airflow/.local/lib/python3.12/site-packages/airflow/example_dags/example_complex.py
[2026-02-28T21:56:33.694+0000] {logging_mixin.py:188} INFO - [2026-02-28T21:56:33.694+0000] {dag.py:3096} INFO - Sync 1 DAGs
[2026-02-28T21:56:33.701+0000] {logging_mixin.py:188} INFO - [2026-02-28T21:56:33.701+0000] {dag.py:3954} INFO - Setting next_dagrun for example_complex to None, run_after=None
[2026-02-28T21:56:33.709+0000] {processor.py:183} INFO - Processing /home/airflow/.local/lib/python3.12/site-packages/airflow/example_dags/example_complex.py took 0.043 seconds
[2026-02-28T21:57:03.944+0000] {processor.py:161} INFO - Started process (PID=1943) to work on /home/airflow/.local/lib/python3.12/site-packages/airflow/example_dags/example_complex.py
[2026-02-28T21:57:03.945+0000] {processor.py:830} INFO - Processing file /home/airflow/.local/lib/python3.12/site-packages/airflow/example_dags/example_complex.py for tasks to queue
[2026-02-28T21:57:03.947+0000] {logging_mixin.py:188} INFO - [2026-02-28T21:57:03.946+0000] {dagbag.py:545} INFO - Filling up the DagBag from /home/airflow/.local/lib/python3.12/site-packages/airflow/example_dags/example_complex.py
[2026-02-28T21:57:03.952+0000] {processor.py:840} INFO - DAG(s) 'example_complex' retrieved from /home/airflow/.local/lib/python3.12/site-packages/airflow/example_dags/example_complex.py
[2026-02-28T21:57:03.967+0000] {logging_mixin.py:188} INFO - [2026-02-28T21:57:03.967+0000] {dag.py:3096} INFO - Sync 1 DAGs
[2026-02-28T21:57:03.974+0000] {logging_mixin.py:188} INFO - [2026-02-28T21:57:03.974+0000] {dag.py:3954} INFO - Setting next_dagrun for example_complex to None, run_after=None
[2026-02-28T21:57:03.987+0000] {processor.py:183} INFO - Processing /home/airflow/.local/lib/python3.12/site-packages/airflow/example_dags/example_complex.py took 0.049 seconds
[2026-02-28T21:57:34.279+0000] {processor.py:161} INFO - Started process (PID=2001) to work on /home/airflow/.local/lib/python3.12/site-packages/airflow/example_dags/example_complex.py
[2026-02-28T21:57:34.280+0000] {processor.py:830} INFO - Processing file /home/airflow/.local/lib/python3.12/site-packages/airflow/example_dags/example_complex.py for tasks to queue
[2026-02-28T21:57:34.282+0000] {logging_mixin.py:188} INFO - [2026-02-28T21:57:34.281+0000] {dagbag.py:545} INFO - Filling up the DagBag from /home/airflow/.local/lib/python3.12/site-packages/airflow/example_dags/example_complex.py
[2026-02-28T21:57:34.287+0000] {processor.py:840} INFO - DAG(s) 'example_complex' retrieved from /home/airflow/.local/lib/python3.12/site-packages/airflow/example_dags/example_complex.py
[2026-02-28T21:57:34.302+0000] {logging_mixin.py:188} INFO - [2026-02-28T21:57:34.302+0000] {dag.py:3096} INFO - Sync 1 DAGs
[2026-02-28T21:57:34.308+0000] {logging_mixin.py:188} INFO - [2026-02-28T21:57:34.308+0000] {dag.py:3954} INFO - Setting next_dagrun for example_complex to None, run_after=None
[2026-02-28T21:57:34.316+0000] {processor.py:183} INFO - Processing /home/airflow/.local/lib/python3.12/site-packages/airflow/example_dags/example_complex.py took 0.041 seconds
[2026-02-28T21:58:05.489+0000] {processor.py:161} INFO - Started process (PID=2059) to work on /home/airflow/.local/lib/python3.12/site-packages/airflow/example_dags/example_complex.py
[2026-02-28T21:58:05.490+0000] {processor.py:830} INFO - Processing file /home/airflow/.local/lib/python3.12/site-packages/airflow/example_dags/example_complex.py for tasks to queue
[2026-02-28T21:58:05.491+0000] {logging_mixin.py:188} INFO - [2026-02-28T21:58:05.491+0000] {dagbag.py:545} INFO - Filling up the DagBag from /home/airflow/.local/lib/python3.12/site-packages/airflow/example_dags/example_complex.py
[2026-02-28T21:58:05.497+0000] {processor.py:840} INFO - DAG(s) 'example_complex' retrieved from /home/airflow/.local/lib/python3.12/site-packages/airflow/example_dags/example_complex.py
[2026-02-28T21:58:05.516+0000] {logging_mixin.py:188} INFO - [2026-02-28T21:58:05.515+0000] {dag.py:3096} INFO - Sync 1 DAGs
[2026-02-28T21:58:05.523+0000] {logging_mixin.py:188} INFO - [2026-02-28T21:58:05.523+0000] {dag.py:3954} INFO - Setting next_dagrun for example_complex to None, run_after=None
[2026-02-28T21:58:05.532+0000] {processor.py:183} INFO - Processing /home/airflow/.local/lib/python3.12/site-packages/airflow/example_dags/example_complex.py took 0.047 seconds
[2026-02-28T21:58:36.437+0000] {processor.py:161} INFO - Started process (PID=2117) to work on /home/airflow/.local/lib/python3.12/site-packages/airflow/example_dags/example_complex.py
[2026-02-28T21:58:36.440+0000] {processor.py:830} INFO - Processing file /home/airflow/.local/lib/python3.12/site-packages/airflow/example_dags/example_complex.py for tasks to queue
[2026-02-28T21:58:36.442+0000] {logging_mixin.py:188} INFO - [2026-02-28T21:58:36.442+0000] {dagbag.py:545} INFO - Filling up the DagBag from /home/airflow/.local/lib/python3.12/site-packages/airflow/example_dags/example_complex.py
[2026-02-28T21:58:36.452+0000] {processor.py:840} INFO - DAG(s) 'example_complex' retrieved from /home/airflow/.local/lib/python3.12/site-packages/airflow/example_dags/example_complex.py
[2026-02-28T21:58:36.475+0000] {logging_mixin.py:188} INFO - [2026-02-28T21:58:36.475+0000] {dag.py:3096} INFO - Sync 1 DAGs
[2026-02-28T21:58:36.486+0000] {logging_mixin.py:188} INFO - [2026-02-28T21:58:36.486+0000] {dag.py:3954} INFO - Setting next_dagrun for example_complex to None, run_after=None
[2026-02-28T21:58:36.509+0000] {processor.py:183} INFO - Processing /home/airflow/.local/lib/python3.12/site-packages/airflow/example_dags/example_complex.py took 0.083 seconds
[2026-02-28T21:59:06.826+0000] {processor.py:161} INFO - Started process (PID=2175) to work on /home/airflow/.local/lib/python3.12/site-packages/airflow/example_dags/example_complex.py
[2026-02-28T21:59:06.827+0000] {processor.py:830} INFO - Processing file /home/airflow/.local/lib/python3.12/site-packages/airflow/example_dags/example_complex.py for tasks to queue
[2026-02-28T21:59:06.829+0000] {logging_mixin.py:188} INFO - [2026-02-28T21:59:06.829+0000] {dagbag.py:545} INFO - Filling up the DagBag from /home/airflow/.local/lib/python3.12/site-packages/airflow/example_dags/example_complex.py
[2026-02-28T21:59:06.835+0000] {processor.py:840} INFO - DAG(s) 'example_complex' retrieved from /home/airflow/.local/lib/python3.12/site-packages/airflow/example_dags/example_complex.py
[2026-02-28T21:59:06.854+0000] {logging_mixin.py:188} INFO - [2026-02-28T21:59:06.854+0000] {dag.py:3096} INFO - Sync 1 DAGs
[2026-02-28T21:59:06.860+0000] {logging_mixin.py:188} INFO - [2026-02-28T21:59:06.859+0000] {dag.py:3954} INFO - Setting next_dagrun for example_complex to None, run_after=None
[2026-02-28T21:59:06.867+0000] {processor.py:183} INFO - Processing /home/airflow/.local/lib/python3.12/site-packages/airflow/example_dags/example_complex.py took 0.046 seconds
[2026-02-28T21:59:37.920+0000] {processor.py:161} INFO - Started process (PID=2233) to work on /home/airflow/.local/lib/python3.12/site-packages/airflow/example_dags/example_complex.py
[2026-02-28T21:59:37.920+0000] {processor.py:830} INFO - Processing file /home/airflow/.local/lib/python3.12/site-packages/airflow/example_dags/example_complex.py for tasks to queue
[2026-02-28T21:59:37.922+0000] {logging_mixin.py:188} INFO - [2026-02-28T21:59:37.922+0000] {dagbag.py:545} INFO - Filling up the DagBag from /home/airflow/.local/lib/python3.12/site-packages/airflow/example_dags/example_complex.py
[2026-02-28T21:59:37.930+0000] {processor.py:840} INFO - DAG(s) 'example_complex' retrieved from /home/airflow/.local/lib/python3.12/site-packages/airflow/example_dags/example_complex.py
[2026-02-28T21:59:37.966+0000] {logging_mixin.py:188} INFO - [2026-02-28T21:59:37.965+0000] {dag.py:3096} INFO - Sync 1 DAGs
[2026-02-28T21:59:37.976+0000] {logging_mixin.py:188} INFO - [2026-02-28T21:59:37.976+0000] {dag.py:3954} INFO - Setting next_dagrun for example_complex to None, run_after=None
[2026-02-28T21:59:37.998+0000] {processor.py:183} INFO - Processing /home/airflow/.local/lib/python3.12/site-packages/airflow/example_dags/example_complex.py took 0.086 seconds
[2026-02-28T22:00:08.890+0000] {processor.py:161} INFO - Started process (PID=2291) to work on /home/airflow/.local/lib/python3.12/site-packages/airflow/example_dags/example_complex.py
[2026-02-28T22:00:08.892+0000] {processor.py:830} INFO - Processing file /home/airflow/.local/lib/python3.12/site-packages/airflow/example_dags/example_complex.py for tasks to queue
[2026-02-28T22:00:08.896+0000] {logging_mixin.py:188} INFO - [2026-02-28T22:00:08.896+0000] {dagbag.py:545} INFO - Filling up the DagBag from /home/airflow/.local/lib/python3.12/site-packages/airflow/example_dags/example_complex.py
[2026-02-28T22:00:08.902+0000] {processor.py:840} INFO - DAG(s) 'example_complex' retrieved from /home/airflow/.local/lib/python3.12/site-packages/airflow/example_dags/example_complex.py
[2026-02-28T22:00:08.921+0000] {logging_mixin.py:188} INFO - [2026-02-28T22:00:08.921+0000] {dag.py:3096} INFO - Sync 1 DAGs
[2026-02-28T22:00:08.933+0000] {logging_mixin.py:188} INFO - [2026-02-28T22:00:08.932+0000] {dag.py:3954} INFO - Setting next_dagrun for example_complex to None, run_after=None
[2026-02-28T22:00:08.955+0000] {processor.py:183} INFO - Processing /home/airflow/.local/lib/python3.12/site-packages/airflow/example_dags/example_complex.py took 0.071 seconds
[2026-02-28T22:00:39.451+0000] {processor.py:161} INFO - Started process (PID=2349) to work on /home/airflow/.local/lib/python3.12/site-packages/airflow/example_dags/example_complex.py
[2026-02-28T22:00:39.452+0000] {processor.py:830} INFO - Processing file /home/airflow/.local/lib/python3.12/site-packages/airflow/example_dags/example_complex.py for tasks to queue
[2026-02-28T22:00:39.454+0000] {logging_mixin.py:188} INFO - [2026-02-28T22:00:39.453+0000] {dagbag.py:545} INFO - Filling up the DagBag from /home/airflow/.local/lib/python3.12/site-packages/airflow/example_dags/example_complex.py
[2026-02-28T22:00:39.460+0000] {processor.py:840} INFO - DAG(s) 'example_complex' retrieved from /home/airflow/.local/lib/python3.12/site-packages/airflow/example_dags/example_complex.py
[2026-02-28T22:00:39.485+0000] {logging_mixin.py:188} INFO - [2026-02-28T22:00:39.484+0000] {dag.py:3096} INFO - Sync 1 DAGs
[2026-02-28T22:00:39.493+0000] {logging_mixin.py:188} INFO - [2026-02-28T22:00:39.493+0000] {dag.py:3954} INFO - Setting next_dagrun for example_complex to None, run_after=None
[2026-02-28T22:00:39.521+0000] {processor.py:183} INFO - Processing /home/airflow/.local/lib/python3.12/site-packages/airflow/example_dags/example_complex.py took 0.077 seconds
[2026-02-28T22:01:10.352+0000] {processor.py:161} INFO - Started process (PID=2406) to work on /home/airflow/.local/lib/python3.12/site-packages/airflow/example_dags/example_complex.py
[2026-02-28T22:01:10.353+0000] {processor.py:830} INFO - Processing file /home/airflow/.local/lib/python3.12/site-packages/airflow/example_dags/example_complex.py for tasks to queue
[2026-02-28T22:01:10.356+0000] {logging_mixin.py:188} INFO - [2026-02-28T22:01:10.356+0000] {dagbag.py:545} INFO - Filling up the DagBag from /home/airflow/.local/lib/python3.12/site-packages/airflow/example_dags/example_complex.py
[2026-02-28T22:01:10.364+0000] {processor.py:840} INFO - DAG(s) 'example_complex' retrieved from /home/airflow/.local/lib/python3.12/site-packages/airflow/example_dags/example_complex.py
[2026-02-28T22:01:10.392+0000] {logging_mixin.py:188} INFO - [2026-02-28T22:01:10.391+0000] {dag.py:3096} INFO - Sync 1 DAGs
[2026-02-28T22:01:10.402+0000] {logging_mixin.py:188} INFO - [2026-02-28T22:01:10.401+0000] {dag.py:3954} INFO - Setting next_dagrun for example_complex to None, run_after=None
[2026-02-28T22:01:10.417+0000] {processor.py:183} INFO - Processing /home/airflow/.local/lib/python3.12/site-packages/airflow/example_dags/example_complex.py took 0.069 seconds
[2026-02-28T22:01:40.782+0000] {processor.py:161} INFO - Started process (PID=2464) to work on /home/airflow/.local/lib/python3.12/site-packages/airflow/example_dags/example_complex.py
[2026-02-28T22:01:40.783+0000] {processor.py:830} INFO - Processing file /home/airflow/.local/lib/python3.12/site-packages/airflow/example_dags/example_complex.py for tasks to queue
[2026-02-28T22:01:40.786+0000] {logging_mixin.py:188} INFO - [2026-02-28T22:01:40.785+0000] {dagbag.py:545} INFO - Filling up the DagBag from /home/airflow/.local/lib/python3.12/site-packages/airflow/example_dags/example_complex.py
[2026-02-28T22:01:40.793+0000] {processor.py:840} INFO - DAG(s) 'example_complex' retrieved from /home/airflow/.local/lib/python3.12/site-packages/airflow/example_dags/example_complex.py
[2026-02-28T22:01:40.826+0000] {logging_mixin.py:188} INFO - [2026-02-28T22:01:40.826+0000] {dag.py:3096} INFO - Sync 1 DAGs
[2026-02-28T22:01:40.843+0000] {logging_mixin.py:188} INFO - [2026-02-28T22:01:40.843+0000] {dag.py:3954} INFO - Setting next_dagrun for example_complex to None, run_after=None
[2026-02-28T22:01:40.866+0000] {processor.py:183} INFO - Processing /home/airflow/.local/lib/python3.12/site-packages/airflow/example_dags/example_complex.py took 0.089 seconds
[2026-02-28T22:02:11.562+0000] {processor.py:161} INFO - Started process (PID=2522) to work on /home/airflow/.local/lib/python3.12/site-packages/airflow/example_dags/example_complex.py
[2026-02-28T22:02:11.564+0000] {processor.py:830} INFO - Processing file /home/airflow/.local/lib/python3.12/site-packages/airflow/example_dags/example_complex.py for tasks to queue
[2026-02-28T22:02:11.566+0000] {logging_mixin.py:188} INFO - [2026-02-28T22:02:11.566+0000] {dagbag.py:545} INFO - Filling up the DagBag from /home/airflow/.local/lib/python3.12/site-packages/airflow/example_dags/example_complex.py
[2026-02-28T22:02:11.576+0000] {processor.py:840} INFO - DAG(s) 'example_complex' retrieved from /home/airflow/.local/lib/python3.12/site-packages/airflow/example_dags/example_complex.py
[2026-02-28T22:02:11.602+0000] {logging_mixin.py:188} INFO - [2026-02-28T22:02:11.602+0000] {dag.py:3096} INFO - Sync 1 DAGs
[2026-02-28T22:02:11.613+0000] {logging_mixin.py:188} INFO - [2026-02-28T22:02:11.612+0000] {dag.py:3954} INFO - Setting next_dagrun for example_complex to None, run_after=None
[2026-02-28T22:02:11.628+0000] {processor.py:183} INFO - Processing /home/airflow/.local/lib/python3.12/site-packages/airflow/example_dags/example_complex.py took 0.072 seconds
[2026-02-28T22:02:42.633+0000] {processor.py:161} INFO - Started process (PID=2580) to work on /home/airflow/.local/lib/python3.12/site-packages/airflow/example_dags/example_complex.py
[2026-02-28T22:02:42.635+0000] {processor.py:830} INFO - Processing file /home/airflow/.local/lib/python3.12/site-packages/airflow/example_dags/example_complex.py for tasks to queue
[2026-02-28T22:02:42.637+0000] {logging_mixin.py:188} INFO - [2026-02-28T22:02:42.636+0000] {dagbag.py:545} INFO - Filling up the DagBag from /home/airflow/.local/lib/python3.12/site-packages/airflow/example_dags/example_complex.py
[2026-02-28T22:02:42.643+0000] {processor.py:840} INFO - DAG(s) 'example_complex' retrieved from /home/airflow/.local/lib/python3.12/site-packages/airflow/example_dags/example_complex.py
[2026-02-28T22:02:42.670+0000] {logging_mixin.py:188} INFO - [2026-02-28T22:02:42.669+0000] {dag.py:3096} INFO - Sync 1 DAGs
[2026-02-28T22:02:42.676+0000] {logging_mixin.py:188} INFO - [2026-02-28T22:02:42.676+0000] {dag.py:3954} INFO - Setting next_dagrun for example_complex to None, run_after=None
[2026-02-28T22:02:42.692+0000] {processor.py:183} INFO - Processing /home/airflow/.local/lib/python3.12/site-packages/airflow/example_dags/example_complex.py took 0.063 seconds
[2026-02-28T22:03:13.152+0000] {processor.py:161} INFO - Started process (PID=2637) to work on /home/airflow/.local/lib/python3.12/site-packages/airflow/example_dags/example_complex.py
[2026-02-28T22:03:13.153+0000] {processor.py:830} INFO - Processing file /home/airflow/.local/lib/python3.12/site-packages/airflow/example_dags/example_complex.py for tasks to queue
[2026-02-28T22:03:13.155+0000] {logging_mixin.py:188} INFO - [2026-02-28T22:03:13.155+0000] {dagbag.py:545} INFO - Filling up the DagBag from /home/airflow/.local/lib/python3.12/site-packages/airflow/example_dags/example_complex.py
[2026-02-28T22:03:13.161+0000] {processor.py:840} INFO - DAG(s) 'example_complex' retrieved from /home/airflow/.local/lib/python3.12/site-packages/airflow/example_dags/example_complex.py
[2026-02-28T22:03:13.189+0000] {logging_mixin.py:188} INFO - [2026-02-28T22:03:13.189+0000] {dag.py:3096} INFO - Sync 1 DAGs
[2026-02-28T22:03:13.201+0000] {logging_mixin.py:188} INFO - [2026-02-28T22:03:13.201+0000] {dag.py:3954} INFO - Setting next_dagrun for example_complex to None, run_after=None
[2026-02-28T22:03:13.222+0000] {processor.py:183} INFO - Processing /home/airflow/.local/lib/python3.12/site-packages/airflow/example_dags/example_complex.py took 0.076 seconds
[2026-02-28T22:03:44.013+0000] {processor.py:161} INFO - Started process (PID=2695) to work on /home/airflow/.local/lib/python3.12/site-packages/airflow/example_dags/example_complex.py
[2026-02-28T22:03:44.014+0000] {processor.py:830} INFO - Processing file /home/airflow/.local/lib/python3.12/site-packages/airflow/example_dags/example_complex.py for tasks to queue
[2026-02-28T22:03:44.015+0000] {logging_mixin.py:188} INFO - [2026-02-28T22:03:44.015+0000] {dagbag.py:545} INFO - Filling up the DagBag from /home/airflow/.local/lib/python3.12/site-packages/airflow/example_dags/example_complex.py
[2026-02-28T22:03:44.024+0000] {processor.py:840} INFO - DAG(s) 'example_complex' retrieved from /home/airflow/.local/lib/python3.12/site-packages/airflow/example_dags/example_complex.py
[2026-02-28T22:03:44.053+0000] {logging_mixin.py:188} INFO - [2026-02-28T22:03:44.053+0000] {dag.py:3096} INFO - Sync 1 DAGs
[2026-02-28T22:03:44.066+0000] {logging_mixin.py:188} INFO - [2026-02-28T22:03:44.066+0000] {dag.py:3954} INFO - Setting next_dagrun for example_complex to None, run_after=None
[2026-02-28T22:03:44.099+0000] {processor.py:183} INFO - Processing /home/airflow/.local/lib/python3.12/site-packages/airflow/example_dags/example_complex.py took 0.091 seconds
[2026-02-28T22:04:14.992+0000] {processor.py:161} INFO - Started process (PID=2753) to work on /home/airflow/.local/lib/python3.12/site-packages/airflow/example_dags/example_complex.py
[2026-02-28T22:04:14.997+0000] {processor.py:830} INFO - Processing file /home/airflow/.local/lib/python3.12/site-packages/airflow/example_dags/example_complex.py for tasks to queue
[2026-02-28T22:04:14.998+0000] {logging_mixin.py:188} INFO - [2026-02-28T22:04:14.998+0000] {dagbag.py:545} INFO - Filling up the DagBag from /home/airflow/.local/lib/python3.12/site-packages/airflow/example_dags/example_complex.py
[2026-02-28T22:04:15.004+0000] {processor.py:840} INFO - DAG(s) 'example_complex' retrieved from /home/airflow/.local/lib/python3.12/site-packages/airflow/example_dags/example_complex.py
[2026-02-28T22:04:15.105+0000] {logging_mixin.py:188} INFO - [2026-02-28T22:04:15.104+0000] {dag.py:3096} INFO - Sync 1 DAGs
[2026-02-28T22:04:15.125+0000] {logging_mixin.py:188} INFO - [2026-02-28T22:04:15.124+0000] {dag.py:3954} INFO - Setting next_dagrun for example_complex to None, run_after=None
[2026-02-28T22:04:15.155+0000] {processor.py:183} INFO - Processing /home/airflow/.local/lib/python3.12/site-packages/airflow/example_dags/example_complex.py took 0.166 seconds
