[2026-02-28T21:40:05.908+0000] {processor.py:161} INFO - Started process (PID=86) to work on /home/airflow/.local/lib/python3.12/site-packages/airflow/example_dags/example_sensors.py
[2026-02-28T21:40:05.909+0000] {processor.py:830} INFO - Processing file /home/airflow/.local/lib/python3.12/site-packages/airflow/example_dags/example_sensors.py for tasks to queue
[2026-02-28T21:40:05.911+0000] {logging_mixin.py:188} INFO - [2026-02-28T21:40:05.910+0000] {dagbag.py:545} INFO - Filling up the DagBag from /home/airflow/.local/lib/python3.12/site-packages/airflow/example_dags/example_sensors.py
[2026-02-28T21:40:05.918+0000] {processor.py:840} INFO - DAG(s) 'example_sensors' retrieved from /home/airflow/.local/lib/python3.12/site-packages/airflow/example_dags/example_sensors.py
[2026-02-28T21:40:05.927+0000] {logging_mixin.py:188} INFO - [2026-02-28T21:40:05.927+0000] {dag.py:3096} INFO - Sync 1 DAGs
[2026-02-28T21:40:05.936+0000] {logging_mixin.py:188} INFO - [2026-02-28T21:40:05.936+0000] {dag.py:3954} INFO - Setting next_dagrun for example_sensors to None, run_after=None
[2026-02-28T21:40:05.958+0000] {processor.py:183} INFO - Processing /home/airflow/.local/lib/python3.12/site-packages/airflow/example_dags/example_sensors.py took 0.056 seconds
[2026-02-28T21:40:36.704+0000] {processor.py:161} INFO - Started process (PID=144) to work on /home/airflow/.local/lib/python3.12/site-packages/airflow/example_dags/example_sensors.py
[2026-02-28T21:40:36.706+0000] {processor.py:830} INFO - Processing file /home/airflow/.local/lib/python3.12/site-packages/airflow/example_dags/example_sensors.py for tasks to queue
[2026-02-28T21:40:36.707+0000] {logging_mixin.py:188} INFO - [2026-02-28T21:40:36.707+0000] {dagbag.py:545} INFO - Filling up the DagBag from /home/airflow/.local/lib/python3.12/site-packages/airflow/example_dags/example_sensors.py
[2026-02-28T21:40:36.712+0000] {processor.py:840} INFO - DAG(s) 'example_sensors' retrieved from /home/airflow/.local/lib/python3.12/site-packages/airflow/example_dags/example_sensors.py
[2026-02-28T21:40:36.767+0000] {logging_mixin.py:188} INFO - [2026-02-28T21:40:36.767+0000] {dag.py:3096} INFO - Sync 1 DAGs
[2026-02-28T21:40:36.776+0000] {logging_mixin.py:188} INFO - [2026-02-28T21:40:36.776+0000] {dag.py:3954} INFO - Setting next_dagrun for example_sensors to None, run_after=None
[2026-02-28T21:40:36.787+0000] {processor.py:183} INFO - Processing /home/airflow/.local/lib/python3.12/site-packages/airflow/example_dags/example_sensors.py took 0.086 seconds
[2026-02-28T21:41:07.701+0000] {processor.py:161} INFO - Started process (PID=202) to work on /home/airflow/.local/lib/python3.12/site-packages/airflow/example_dags/example_sensors.py
[2026-02-28T21:41:07.702+0000] {processor.py:830} INFO - Processing file /home/airflow/.local/lib/python3.12/site-packages/airflow/example_dags/example_sensors.py for tasks to queue
[2026-02-28T21:41:07.704+0000] {logging_mixin.py:188} INFO - [2026-02-28T21:41:07.704+0000] {dagbag.py:545} INFO - Filling up the DagBag from /home/airflow/.local/lib/python3.12/site-packages/airflow/example_dags/example_sensors.py
[2026-02-28T21:41:07.710+0000] {processor.py:840} INFO - DAG(s) 'example_sensors' retrieved from /home/airflow/.local/lib/python3.12/site-packages/airflow/example_dags/example_sensors.py
[2026-02-28T21:41:07.734+0000] {logging_mixin.py:188} INFO - [2026-02-28T21:41:07.734+0000] {dag.py:3096} INFO - Sync 1 DAGs
[2026-02-28T21:41:07.743+0000] {logging_mixin.py:188} INFO - [2026-02-28T21:41:07.743+0000] {dag.py:3954} INFO - Setting next_dagrun for example_sensors to None, run_after=None
[2026-02-28T21:41:07.757+0000] {processor.py:183} INFO - Processing /home/airflow/.local/lib/python3.12/site-packages/airflow/example_dags/example_sensors.py took 0.059 seconds
[2026-02-28T21:41:38.447+0000] {processor.py:161} INFO - Started process (PID=260) to work on /home/airflow/.local/lib/python3.12/site-packages/airflow/example_dags/example_sensors.py
[2026-02-28T21:41:38.448+0000] {processor.py:830} INFO - Processing file /home/airflow/.local/lib/python3.12/site-packages/airflow/example_dags/example_sensors.py for tasks to queue
[2026-02-28T21:41:38.451+0000] {logging_mixin.py:188} INFO - [2026-02-28T21:41:38.450+0000] {dagbag.py:545} INFO - Filling up the DagBag from /home/airflow/.local/lib/python3.12/site-packages/airflow/example_dags/example_sensors.py
[2026-02-28T21:41:38.465+0000] {processor.py:840} INFO - DAG(s) 'example_sensors' retrieved from /home/airflow/.local/lib/python3.12/site-packages/airflow/example_dags/example_sensors.py
[2026-02-28T21:41:38.525+0000] {logging_mixin.py:188} INFO - [2026-02-28T21:41:38.523+0000] {dag.py:3096} INFO - Sync 1 DAGs
[2026-02-28T21:41:38.540+0000] {logging_mixin.py:188} INFO - [2026-02-28T21:41:38.540+0000] {dag.py:3954} INFO - Setting next_dagrun for example_sensors to None, run_after=None
[2026-02-28T21:41:38.561+0000] {processor.py:183} INFO - Processing /home/airflow/.local/lib/python3.12/site-packages/airflow/example_dags/example_sensors.py took 0.118 seconds
[2026-02-28T21:42:09.467+0000] {processor.py:161} INFO - Started process (PID=318) to work on /home/airflow/.local/lib/python3.12/site-packages/airflow/example_dags/example_sensors.py
[2026-02-28T21:42:09.468+0000] {processor.py:830} INFO - Processing file /home/airflow/.local/lib/python3.12/site-packages/airflow/example_dags/example_sensors.py for tasks to queue
[2026-02-28T21:42:09.469+0000] {logging_mixin.py:188} INFO - [2026-02-28T21:42:09.469+0000] {dagbag.py:545} INFO - Filling up the DagBag from /home/airflow/.local/lib/python3.12/site-packages/airflow/example_dags/example_sensors.py
[2026-02-28T21:42:09.477+0000] {processor.py:840} INFO - DAG(s) 'example_sensors' retrieved from /home/airflow/.local/lib/python3.12/site-packages/airflow/example_dags/example_sensors.py
[2026-02-28T21:42:09.514+0000] {logging_mixin.py:188} INFO - [2026-02-28T21:42:09.514+0000] {dag.py:3096} INFO - Sync 1 DAGs
[2026-02-28T21:42:09.528+0000] {logging_mixin.py:188} INFO - [2026-02-28T21:42:09.528+0000] {dag.py:3954} INFO - Setting next_dagrun for example_sensors to None, run_after=None
[2026-02-28T21:42:09.543+0000] {processor.py:183} INFO - Processing /home/airflow/.local/lib/python3.12/site-packages/airflow/example_dags/example_sensors.py took 0.081 seconds
[2026-02-28T21:42:39.681+0000] {processor.py:161} INFO - Started process (PID=377) to work on /home/airflow/.local/lib/python3.12/site-packages/airflow/example_dags/example_sensors.py
[2026-02-28T21:42:39.682+0000] {processor.py:830} INFO - Processing file /home/airflow/.local/lib/python3.12/site-packages/airflow/example_dags/example_sensors.py for tasks to queue
[2026-02-28T21:42:39.684+0000] {logging_mixin.py:188} INFO - [2026-02-28T21:42:39.684+0000] {dagbag.py:545} INFO - Filling up the DagBag from /home/airflow/.local/lib/python3.12/site-packages/airflow/example_dags/example_sensors.py
[2026-02-28T21:42:39.689+0000] {processor.py:840} INFO - DAG(s) 'example_sensors' retrieved from /home/airflow/.local/lib/python3.12/site-packages/airflow/example_dags/example_sensors.py
[2026-02-28T21:42:39.703+0000] {logging_mixin.py:188} INFO - [2026-02-28T21:42:39.703+0000] {dag.py:3096} INFO - Sync 1 DAGs
[2026-02-28T21:42:39.710+0000] {logging_mixin.py:188} INFO - [2026-02-28T21:42:39.710+0000] {dag.py:3954} INFO - Setting next_dagrun for example_sensors to None, run_after=None
[2026-02-28T21:42:39.721+0000] {processor.py:183} INFO - Processing /home/airflow/.local/lib/python3.12/site-packages/airflow/example_dags/example_sensors.py took 0.043 seconds
[2026-02-28T21:43:10.534+0000] {processor.py:161} INFO - Started process (PID=435) to work on /home/airflow/.local/lib/python3.12/site-packages/airflow/example_dags/example_sensors.py
[2026-02-28T21:43:10.535+0000] {processor.py:830} INFO - Processing file /home/airflow/.local/lib/python3.12/site-packages/airflow/example_dags/example_sensors.py for tasks to queue
[2026-02-28T21:43:10.536+0000] {logging_mixin.py:188} INFO - [2026-02-28T21:43:10.536+0000] {dagbag.py:545} INFO - Filling up the DagBag from /home/airflow/.local/lib/python3.12/site-packages/airflow/example_dags/example_sensors.py
[2026-02-28T21:43:10.544+0000] {processor.py:840} INFO - DAG(s) 'example_sensors' retrieved from /home/airflow/.local/lib/python3.12/site-packages/airflow/example_dags/example_sensors.py
[2026-02-28T21:43:10.559+0000] {logging_mixin.py:188} INFO - [2026-02-28T21:43:10.559+0000] {dag.py:3096} INFO - Sync 1 DAGs
[2026-02-28T21:43:10.570+0000] {logging_mixin.py:188} INFO - [2026-02-28T21:43:10.569+0000] {dag.py:3954} INFO - Setting next_dagrun for example_sensors to None, run_after=None
[2026-02-28T21:43:10.586+0000] {processor.py:183} INFO - Processing /home/airflow/.local/lib/python3.12/site-packages/airflow/example_dags/example_sensors.py took 0.056 seconds
[2026-02-28T21:43:40.710+0000] {processor.py:161} INFO - Started process (PID=493) to work on /home/airflow/.local/lib/python3.12/site-packages/airflow/example_dags/example_sensors.py
[2026-02-28T21:43:40.714+0000] {processor.py:830} INFO - Processing file /home/airflow/.local/lib/python3.12/site-packages/airflow/example_dags/example_sensors.py for tasks to queue
[2026-02-28T21:43:40.716+0000] {logging_mixin.py:188} INFO - [2026-02-28T21:43:40.715+0000] {dagbag.py:545} INFO - Filling up the DagBag from /home/airflow/.local/lib/python3.12/site-packages/airflow/example_dags/example_sensors.py
[2026-02-28T21:43:40.725+0000] {processor.py:840} INFO - DAG(s) 'example_sensors' retrieved from /home/airflow/.local/lib/python3.12/site-packages/airflow/example_dags/example_sensors.py
[2026-02-28T21:43:40.745+0000] {logging_mixin.py:188} INFO - [2026-02-28T21:43:40.745+0000] {dag.py:3096} INFO - Sync 1 DAGs
[2026-02-28T21:43:40.756+0000] {logging_mixin.py:188} INFO - [2026-02-28T21:43:40.756+0000] {dag.py:3954} INFO - Setting next_dagrun for example_sensors to None, run_after=None
[2026-02-28T21:43:40.773+0000] {processor.py:183} INFO - Processing /home/airflow/.local/lib/python3.12/site-packages/airflow/example_dags/example_sensors.py took 0.065 seconds
[2026-02-28T21:44:44.070+0000] {processor.py:161} INFO - Started process (PID=551) to work on /home/airflow/.local/lib/python3.12/site-packages/airflow/example_dags/example_sensors.py
[2026-02-28T21:44:44.071+0000] {processor.py:830} INFO - Processing file /home/airflow/.local/lib/python3.12/site-packages/airflow/example_dags/example_sensors.py for tasks to queue
[2026-02-28T21:44:44.073+0000] {logging_mixin.py:188} INFO - [2026-02-28T21:44:44.073+0000] {dagbag.py:545} INFO - Filling up the DagBag from /home/airflow/.local/lib/python3.12/site-packages/airflow/example_dags/example_sensors.py
[2026-02-28T21:44:44.079+0000] {processor.py:840} INFO - DAG(s) 'example_sensors' retrieved from /home/airflow/.local/lib/python3.12/site-packages/airflow/example_dags/example_sensors.py
[2026-02-28T21:44:44.095+0000] {logging_mixin.py:188} INFO - [2026-02-28T21:44:44.094+0000] {dag.py:3096} INFO - Sync 1 DAGs
[2026-02-28T21:44:44.102+0000] {logging_mixin.py:188} INFO - [2026-02-28T21:44:44.102+0000] {dag.py:3954} INFO - Setting next_dagrun for example_sensors to None, run_after=None
[2026-02-28T21:44:44.116+0000] {processor.py:183} INFO - Processing /home/airflow/.local/lib/python3.12/site-packages/airflow/example_dags/example_sensors.py took 0.049 seconds
[2026-02-28T21:45:14.398+0000] {processor.py:161} INFO - Started process (PID=609) to work on /home/airflow/.local/lib/python3.12/site-packages/airflow/example_dags/example_sensors.py
[2026-02-28T21:45:14.399+0000] {processor.py:830} INFO - Processing file /home/airflow/.local/lib/python3.12/site-packages/airflow/example_dags/example_sensors.py for tasks to queue
[2026-02-28T21:45:14.401+0000] {logging_mixin.py:188} INFO - [2026-02-28T21:45:14.400+0000] {dagbag.py:545} INFO - Filling up the DagBag from /home/airflow/.local/lib/python3.12/site-packages/airflow/example_dags/example_sensors.py
[2026-02-28T21:45:14.405+0000] {processor.py:840} INFO - DAG(s) 'example_sensors' retrieved from /home/airflow/.local/lib/python3.12/site-packages/airflow/example_dags/example_sensors.py
[2026-02-28T21:45:14.419+0000] {logging_mixin.py:188} INFO - [2026-02-28T21:45:14.419+0000] {dag.py:3096} INFO - Sync 1 DAGs
[2026-02-28T21:45:14.425+0000] {logging_mixin.py:188} INFO - [2026-02-28T21:45:14.425+0000] {dag.py:3954} INFO - Setting next_dagrun for example_sensors to None, run_after=None
[2026-02-28T21:45:14.434+0000] {processor.py:183} INFO - Processing /home/airflow/.local/lib/python3.12/site-packages/airflow/example_dags/example_sensors.py took 0.039 seconds
[2026-02-28T21:45:44.797+0000] {processor.py:161} INFO - Started process (PID=667) to work on /home/airflow/.local/lib/python3.12/site-packages/airflow/example_dags/example_sensors.py
[2026-02-28T21:45:44.798+0000] {processor.py:830} INFO - Processing file /home/airflow/.local/lib/python3.12/site-packages/airflow/example_dags/example_sensors.py for tasks to queue
[2026-02-28T21:45:44.800+0000] {logging_mixin.py:188} INFO - [2026-02-28T21:45:44.799+0000] {dagbag.py:545} INFO - Filling up the DagBag from /home/airflow/.local/lib/python3.12/site-packages/airflow/example_dags/example_sensors.py
[2026-02-28T21:45:44.805+0000] {processor.py:840} INFO - DAG(s) 'example_sensors' retrieved from /home/airflow/.local/lib/python3.12/site-packages/airflow/example_dags/example_sensors.py
[2026-02-28T21:45:44.824+0000] {logging_mixin.py:188} INFO - [2026-02-28T21:45:44.823+0000] {dag.py:3096} INFO - Sync 1 DAGs
[2026-02-28T21:45:44.831+0000] {logging_mixin.py:188} INFO - [2026-02-28T21:45:44.831+0000] {dag.py:3954} INFO - Setting next_dagrun for example_sensors to None, run_after=None
[2026-02-28T21:45:44.844+0000] {processor.py:183} INFO - Processing /home/airflow/.local/lib/python3.12/site-packages/airflow/example_dags/example_sensors.py took 0.051 seconds
[2026-02-28T21:46:15.863+0000] {processor.py:161} INFO - Started process (PID=725) to work on /home/airflow/.local/lib/python3.12/site-packages/airflow/example_dags/example_sensors.py
[2026-02-28T21:46:15.864+0000] {processor.py:830} INFO - Processing file /home/airflow/.local/lib/python3.12/site-packages/airflow/example_dags/example_sensors.py for tasks to queue
[2026-02-28T21:46:15.866+0000] {logging_mixin.py:188} INFO - [2026-02-28T21:46:15.866+0000] {dagbag.py:545} INFO - Filling up the DagBag from /home/airflow/.local/lib/python3.12/site-packages/airflow/example_dags/example_sensors.py
[2026-02-28T21:46:15.878+0000] {processor.py:840} INFO - DAG(s) 'example_sensors' retrieved from /home/airflow/.local/lib/python3.12/site-packages/airflow/example_dags/example_sensors.py
[2026-02-28T21:46:15.907+0000] {logging_mixin.py:188} INFO - [2026-02-28T21:46:15.907+0000] {dag.py:3096} INFO - Sync 1 DAGs
[2026-02-28T21:46:15.916+0000] {logging_mixin.py:188} INFO - [2026-02-28T21:46:15.916+0000] {dag.py:3954} INFO - Setting next_dagrun for example_sensors to None, run_after=None
[2026-02-28T21:46:15.932+0000] {processor.py:183} INFO - Processing /home/airflow/.local/lib/python3.12/site-packages/airflow/example_dags/example_sensors.py took 0.075 seconds
[2026-02-28T21:46:46.044+0000] {processor.py:161} INFO - Started process (PID=783) to work on /home/airflow/.local/lib/python3.12/site-packages/airflow/example_dags/example_sensors.py
[2026-02-28T21:46:46.046+0000] {processor.py:830} INFO - Processing file /home/airflow/.local/lib/python3.12/site-packages/airflow/example_dags/example_sensors.py for tasks to queue
[2026-02-28T21:46:46.047+0000] {logging_mixin.py:188} INFO - [2026-02-28T21:46:46.047+0000] {dagbag.py:545} INFO - Filling up the DagBag from /home/airflow/.local/lib/python3.12/site-packages/airflow/example_dags/example_sensors.py
[2026-02-28T21:46:46.052+0000] {processor.py:840} INFO - DAG(s) 'example_sensors' retrieved from /home/airflow/.local/lib/python3.12/site-packages/airflow/example_dags/example_sensors.py
[2026-02-28T21:46:46.066+0000] {logging_mixin.py:188} INFO - [2026-02-28T21:46:46.065+0000] {dag.py:3096} INFO - Sync 1 DAGs
[2026-02-28T21:46:46.072+0000] {logging_mixin.py:188} INFO - [2026-02-28T21:46:46.072+0000] {dag.py:3954} INFO - Setting next_dagrun for example_sensors to None, run_after=None
[2026-02-28T21:46:46.087+0000] {processor.py:183} INFO - Processing /home/airflow/.local/lib/python3.12/site-packages/airflow/example_dags/example_sensors.py took 0.046 seconds
[2026-02-28T21:47:17.008+0000] {processor.py:161} INFO - Started process (PID=840) to work on /home/airflow/.local/lib/python3.12/site-packages/airflow/example_dags/example_sensors.py
[2026-02-28T21:47:17.008+0000] {processor.py:830} INFO - Processing file /home/airflow/.local/lib/python3.12/site-packages/airflow/example_dags/example_sensors.py for tasks to queue
[2026-02-28T21:47:17.009+0000] {logging_mixin.py:188} INFO - [2026-02-28T21:47:17.009+0000] {dagbag.py:545} INFO - Filling up the DagBag from /home/airflow/.local/lib/python3.12/site-packages/airflow/example_dags/example_sensors.py
[2026-02-28T21:47:17.014+0000] {processor.py:840} INFO - DAG(s) 'example_sensors' retrieved from /home/airflow/.local/lib/python3.12/site-packages/airflow/example_dags/example_sensors.py
[2026-02-28T21:47:17.028+0000] {logging_mixin.py:188} INFO - [2026-02-28T21:47:17.028+0000] {dag.py:3096} INFO - Sync 1 DAGs
[2026-02-28T21:47:17.036+0000] {logging_mixin.py:188} INFO - [2026-02-28T21:47:17.036+0000] {dag.py:3954} INFO - Setting next_dagrun for example_sensors to None, run_after=None
[2026-02-28T21:47:17.054+0000] {processor.py:183} INFO - Processing /home/airflow/.local/lib/python3.12/site-packages/airflow/example_dags/example_sensors.py took 0.050 seconds
[2026-02-28T21:47:47.902+0000] {processor.py:161} INFO - Started process (PID=898) to work on /home/airflow/.local/lib/python3.12/site-packages/airflow/example_dags/example_sensors.py
[2026-02-28T21:47:47.902+0000] {processor.py:830} INFO - Processing file /home/airflow/.local/lib/python3.12/site-packages/airflow/example_dags/example_sensors.py for tasks to queue
[2026-02-28T21:47:47.903+0000] {logging_mixin.py:188} INFO - [2026-02-28T21:47:47.903+0000] {dagbag.py:545} INFO - Filling up the DagBag from /home/airflow/.local/lib/python3.12/site-packages/airflow/example_dags/example_sensors.py
[2026-02-28T21:47:47.908+0000] {processor.py:840} INFO - DAG(s) 'example_sensors' retrieved from /home/airflow/.local/lib/python3.12/site-packages/airflow/example_dags/example_sensors.py
[2026-02-28T21:47:47.926+0000] {logging_mixin.py:188} INFO - [2026-02-28T21:47:47.925+0000] {dag.py:3096} INFO - Sync 1 DAGs
[2026-02-28T21:47:47.932+0000] {logging_mixin.py:188} INFO - [2026-02-28T21:47:47.931+0000] {dag.py:3954} INFO - Setting next_dagrun for example_sensors to None, run_after=None
[2026-02-28T21:47:47.942+0000] {processor.py:183} INFO - Processing /home/airflow/.local/lib/python3.12/site-packages/airflow/example_dags/example_sensors.py took 0.044 seconds
[2026-02-28T21:48:19.030+0000] {processor.py:161} INFO - Started process (PID=957) to work on /home/airflow/.local/lib/python3.12/site-packages/airflow/example_dags/example_sensors.py
[2026-02-28T21:48:19.031+0000] {processor.py:830} INFO - Processing file /home/airflow/.local/lib/python3.12/site-packages/airflow/example_dags/example_sensors.py for tasks to queue
[2026-02-28T21:48:19.032+0000] {logging_mixin.py:188} INFO - [2026-02-28T21:48:19.032+0000] {dagbag.py:545} INFO - Filling up the DagBag from /home/airflow/.local/lib/python3.12/site-packages/airflow/example_dags/example_sensors.py
[2026-02-28T21:48:19.038+0000] {processor.py:840} INFO - DAG(s) 'example_sensors' retrieved from /home/airflow/.local/lib/python3.12/site-packages/airflow/example_dags/example_sensors.py
[2026-02-28T21:48:19.053+0000] {logging_mixin.py:188} INFO - [2026-02-28T21:48:19.053+0000] {dag.py:3096} INFO - Sync 1 DAGs
[2026-02-28T21:48:19.060+0000] {logging_mixin.py:188} INFO - [2026-02-28T21:48:19.060+0000] {dag.py:3954} INFO - Setting next_dagrun for example_sensors to None, run_after=None
[2026-02-28T21:48:19.071+0000] {processor.py:183} INFO - Processing /home/airflow/.local/lib/python3.12/site-packages/airflow/example_dags/example_sensors.py took 0.045 seconds
[2026-02-28T21:48:50.148+0000] {processor.py:161} INFO - Started process (PID=1015) to work on /home/airflow/.local/lib/python3.12/site-packages/airflow/example_dags/example_sensors.py
[2026-02-28T21:48:50.149+0000] {processor.py:830} INFO - Processing file /home/airflow/.local/lib/python3.12/site-packages/airflow/example_dags/example_sensors.py for tasks to queue
[2026-02-28T21:48:50.150+0000] {logging_mixin.py:188} INFO - [2026-02-28T21:48:50.150+0000] {dagbag.py:545} INFO - Filling up the DagBag from /home/airflow/.local/lib/python3.12/site-packages/airflow/example_dags/example_sensors.py
[2026-02-28T21:48:50.158+0000] {processor.py:840} INFO - DAG(s) 'example_sensors' retrieved from /home/airflow/.local/lib/python3.12/site-packages/airflow/example_dags/example_sensors.py
[2026-02-28T21:48:50.179+0000] {logging_mixin.py:188} INFO - [2026-02-28T21:48:50.179+0000] {dag.py:3096} INFO - Sync 1 DAGs
[2026-02-28T21:48:50.189+0000] {logging_mixin.py:188} INFO - [2026-02-28T21:48:50.189+0000] {dag.py:3954} INFO - Setting next_dagrun for example_sensors to None, run_after=None
[2026-02-28T21:48:50.202+0000] {processor.py:183} INFO - Processing /home/airflow/.local/lib/python3.12/site-packages/airflow/example_dags/example_sensors.py took 0.058 seconds
[2026-02-28T21:49:20.769+0000] {processor.py:161} INFO - Started process (PID=1072) to work on /home/airflow/.local/lib/python3.12/site-packages/airflow/example_dags/example_sensors.py
[2026-02-28T21:49:20.770+0000] {processor.py:830} INFO - Processing file /home/airflow/.local/lib/python3.12/site-packages/airflow/example_dags/example_sensors.py for tasks to queue
[2026-02-28T21:49:20.772+0000] {logging_mixin.py:188} INFO - [2026-02-28T21:49:20.772+0000] {dagbag.py:545} INFO - Filling up the DagBag from /home/airflow/.local/lib/python3.12/site-packages/airflow/example_dags/example_sensors.py
[2026-02-28T21:49:20.780+0000] {processor.py:840} INFO - DAG(s) 'example_sensors' retrieved from /home/airflow/.local/lib/python3.12/site-packages/airflow/example_dags/example_sensors.py
[2026-02-28T21:49:20.810+0000] {logging_mixin.py:188} INFO - [2026-02-28T21:49:20.810+0000] {dag.py:3096} INFO - Sync 1 DAGs
[2026-02-28T21:49:20.818+0000] {logging_mixin.py:188} INFO - [2026-02-28T21:49:20.817+0000] {dag.py:3954} INFO - Setting next_dagrun for example_sensors to None, run_after=None
[2026-02-28T21:49:20.834+0000] {processor.py:183} INFO - Processing /home/airflow/.local/lib/python3.12/site-packages/airflow/example_dags/example_sensors.py took 0.069 seconds
[2026-02-28T21:49:54.128+0000] {processor.py:161} INFO - Started process (PID=1131) to work on /home/airflow/.local/lib/python3.12/site-packages/airflow/example_dags/example_sensors.py
[2026-02-28T21:49:54.135+0000] {processor.py:830} INFO - Processing file /home/airflow/.local/lib/python3.12/site-packages/airflow/example_dags/example_sensors.py for tasks to queue
[2026-02-28T21:49:54.138+0000] {logging_mixin.py:188} INFO - [2026-02-28T21:49:54.138+0000] {dagbag.py:545} INFO - Filling up the DagBag from /home/airflow/.local/lib/python3.12/site-packages/airflow/example_dags/example_sensors.py
[2026-02-28T21:49:54.178+0000] {processor.py:840} INFO - DAG(s) 'example_sensors' retrieved from /home/airflow/.local/lib/python3.12/site-packages/airflow/example_dags/example_sensors.py
[2026-02-28T21:49:54.241+0000] {logging_mixin.py:188} INFO - [2026-02-28T21:49:54.241+0000] {dag.py:3096} INFO - Sync 1 DAGs
[2026-02-28T21:49:54.295+0000] {logging_mixin.py:188} INFO - [2026-02-28T21:49:54.295+0000] {dag.py:3954} INFO - Setting next_dagrun for example_sensors to None, run_after=None
[2026-02-28T21:49:54.353+0000] {processor.py:183} INFO - Processing /home/airflow/.local/lib/python3.12/site-packages/airflow/example_dags/example_sensors.py took 0.236 seconds
[2026-02-28T21:50:24.627+0000] {processor.py:161} INFO - Started process (PID=1189) to work on /home/airflow/.local/lib/python3.12/site-packages/airflow/example_dags/example_sensors.py
[2026-02-28T21:50:24.628+0000] {processor.py:830} INFO - Processing file /home/airflow/.local/lib/python3.12/site-packages/airflow/example_dags/example_sensors.py for tasks to queue
[2026-02-28T21:50:24.629+0000] {logging_mixin.py:188} INFO - [2026-02-28T21:50:24.629+0000] {dagbag.py:545} INFO - Filling up the DagBag from /home/airflow/.local/lib/python3.12/site-packages/airflow/example_dags/example_sensors.py
[2026-02-28T21:50:24.636+0000] {processor.py:840} INFO - DAG(s) 'example_sensors' retrieved from /home/airflow/.local/lib/python3.12/site-packages/airflow/example_dags/example_sensors.py
[2026-02-28T21:50:24.653+0000] {logging_mixin.py:188} INFO - [2026-02-28T21:50:24.653+0000] {dag.py:3096} INFO - Sync 1 DAGs
[2026-02-28T21:50:24.664+0000] {logging_mixin.py:188} INFO - [2026-02-28T21:50:24.664+0000] {dag.py:3954} INFO - Setting next_dagrun for example_sensors to None, run_after=None
[2026-02-28T21:50:24.675+0000] {processor.py:183} INFO - Processing /home/airflow/.local/lib/python3.12/site-packages/airflow/example_dags/example_sensors.py took 0.052 seconds
[2026-02-28T21:50:54.694+0000] {processor.py:161} INFO - Started process (PID=1247) to work on /home/airflow/.local/lib/python3.12/site-packages/airflow/example_dags/example_sensors.py
[2026-02-28T21:50:54.694+0000] {processor.py:830} INFO - Processing file /home/airflow/.local/lib/python3.12/site-packages/airflow/example_dags/example_sensors.py for tasks to queue
[2026-02-28T21:50:54.696+0000] {logging_mixin.py:188} INFO - [2026-02-28T21:50:54.695+0000] {dagbag.py:545} INFO - Filling up the DagBag from /home/airflow/.local/lib/python3.12/site-packages/airflow/example_dags/example_sensors.py
[2026-02-28T21:50:54.701+0000] {processor.py:840} INFO - DAG(s) 'example_sensors' retrieved from /home/airflow/.local/lib/python3.12/site-packages/airflow/example_dags/example_sensors.py
[2026-02-28T21:50:54.716+0000] {logging_mixin.py:188} INFO - [2026-02-28T21:50:54.716+0000] {dag.py:3096} INFO - Sync 1 DAGs
[2026-02-28T21:50:54.723+0000] {logging_mixin.py:188} INFO - [2026-02-28T21:50:54.723+0000] {dag.py:3954} INFO - Setting next_dagrun for example_sensors to None, run_after=None
[2026-02-28T21:50:54.734+0000] {processor.py:183} INFO - Processing /home/airflow/.local/lib/python3.12/site-packages/airflow/example_dags/example_sensors.py took 0.044 seconds
[2026-02-28T21:51:24.813+0000] {processor.py:161} INFO - Started process (PID=1304) to work on /home/airflow/.local/lib/python3.12/site-packages/airflow/example_dags/example_sensors.py
[2026-02-28T21:51:24.815+0000] {processor.py:830} INFO - Processing file /home/airflow/.local/lib/python3.12/site-packages/airflow/example_dags/example_sensors.py for tasks to queue
[2026-02-28T21:51:24.817+0000] {logging_mixin.py:188} INFO - [2026-02-28T21:51:24.816+0000] {dagbag.py:545} INFO - Filling up the DagBag from /home/airflow/.local/lib/python3.12/site-packages/airflow/example_dags/example_sensors.py
[2026-02-28T21:51:24.823+0000] {processor.py:840} INFO - DAG(s) 'example_sensors' retrieved from /home/airflow/.local/lib/python3.12/site-packages/airflow/example_dags/example_sensors.py
[2026-02-28T21:51:24.843+0000] {logging_mixin.py:188} INFO - [2026-02-28T21:51:24.843+0000] {dag.py:3096} INFO - Sync 1 DAGs
[2026-02-28T21:51:24.851+0000] {logging_mixin.py:188} INFO - [2026-02-28T21:51:24.850+0000] {dag.py:3954} INFO - Setting next_dagrun for example_sensors to None, run_after=None
[2026-02-28T21:51:24.864+0000] {processor.py:183} INFO - Processing /home/airflow/.local/lib/python3.12/site-packages/airflow/example_dags/example_sensors.py took 0.055 seconds
[2026-02-28T21:51:55.799+0000] {processor.py:161} INFO - Started process (PID=1362) to work on /home/airflow/.local/lib/python3.12/site-packages/airflow/example_dags/example_sensors.py
[2026-02-28T21:51:55.801+0000] {processor.py:830} INFO - Processing file /home/airflow/.local/lib/python3.12/site-packages/airflow/example_dags/example_sensors.py for tasks to queue
[2026-02-28T21:51:55.803+0000] {logging_mixin.py:188} INFO - [2026-02-28T21:51:55.803+0000] {dagbag.py:545} INFO - Filling up the DagBag from /home/airflow/.local/lib/python3.12/site-packages/airflow/example_dags/example_sensors.py
[2026-02-28T21:51:55.808+0000] {processor.py:840} INFO - DAG(s) 'example_sensors' retrieved from /home/airflow/.local/lib/python3.12/site-packages/airflow/example_dags/example_sensors.py
[2026-02-28T21:51:55.830+0000] {logging_mixin.py:188} INFO - [2026-02-28T21:51:55.829+0000] {dag.py:3096} INFO - Sync 1 DAGs
[2026-02-28T21:51:55.840+0000] {logging_mixin.py:188} INFO - [2026-02-28T21:51:55.840+0000] {dag.py:3954} INFO - Setting next_dagrun for example_sensors to None, run_after=None
[2026-02-28T21:51:55.856+0000] {processor.py:183} INFO - Processing /home/airflow/.local/lib/python3.12/site-packages/airflow/example_dags/example_sensors.py took 0.060 seconds
[2026-02-28T21:52:26.623+0000] {processor.py:161} INFO - Started process (PID=1420) to work on /home/airflow/.local/lib/python3.12/site-packages/airflow/example_dags/example_sensors.py
[2026-02-28T21:52:26.625+0000] {processor.py:830} INFO - Processing file /home/airflow/.local/lib/python3.12/site-packages/airflow/example_dags/example_sensors.py for tasks to queue
[2026-02-28T21:52:26.627+0000] {logging_mixin.py:188} INFO - [2026-02-28T21:52:26.627+0000] {dagbag.py:545} INFO - Filling up the DagBag from /home/airflow/.local/lib/python3.12/site-packages/airflow/example_dags/example_sensors.py
[2026-02-28T21:52:26.641+0000] {processor.py:840} INFO - DAG(s) 'example_sensors' retrieved from /home/airflow/.local/lib/python3.12/site-packages/airflow/example_dags/example_sensors.py
[2026-02-28T21:52:26.672+0000] {logging_mixin.py:188} INFO - [2026-02-28T21:52:26.672+0000] {dag.py:3096} INFO - Sync 1 DAGs
[2026-02-28T21:52:26.684+0000] {logging_mixin.py:188} INFO - [2026-02-28T21:52:26.684+0000] {dag.py:3954} INFO - Setting next_dagrun for example_sensors to None, run_after=None
[2026-02-28T21:52:26.699+0000] {processor.py:183} INFO - Processing /home/airflow/.local/lib/python3.12/site-packages/airflow/example_dags/example_sensors.py took 0.078 seconds
[2026-02-28T21:52:57.671+0000] {processor.py:161} INFO - Started process (PID=1478) to work on /home/airflow/.local/lib/python3.12/site-packages/airflow/example_dags/example_sensors.py
[2026-02-28T21:52:57.675+0000] {processor.py:830} INFO - Processing file /home/airflow/.local/lib/python3.12/site-packages/airflow/example_dags/example_sensors.py for tasks to queue
[2026-02-28T21:52:57.676+0000] {logging_mixin.py:188} INFO - [2026-02-28T21:52:57.676+0000] {dagbag.py:545} INFO - Filling up the DagBag from /home/airflow/.local/lib/python3.12/site-packages/airflow/example_dags/example_sensors.py
[2026-02-28T21:52:57.682+0000] {processor.py:840} INFO - DAG(s) 'example_sensors' retrieved from /home/airflow/.local/lib/python3.12/site-packages/airflow/example_dags/example_sensors.py
[2026-02-28T21:52:57.702+0000] {logging_mixin.py:188} INFO - [2026-02-28T21:52:57.702+0000] {dag.py:3096} INFO - Sync 1 DAGs
[2026-02-28T21:52:57.710+0000] {logging_mixin.py:188} INFO - [2026-02-28T21:52:57.710+0000] {dag.py:3954} INFO - Setting next_dagrun for example_sensors to None, run_after=None
[2026-02-28T21:52:57.728+0000] {processor.py:183} INFO - Processing /home/airflow/.local/lib/python3.12/site-packages/airflow/example_dags/example_sensors.py took 0.061 seconds
[2026-02-28T21:53:28.544+0000] {processor.py:161} INFO - Started process (PID=1536) to work on /home/airflow/.local/lib/python3.12/site-packages/airflow/example_dags/example_sensors.py
[2026-02-28T21:53:28.545+0000] {processor.py:830} INFO - Processing file /home/airflow/.local/lib/python3.12/site-packages/airflow/example_dags/example_sensors.py for tasks to queue
[2026-02-28T21:53:28.546+0000] {logging_mixin.py:188} INFO - [2026-02-28T21:53:28.546+0000] {dagbag.py:545} INFO - Filling up the DagBag from /home/airflow/.local/lib/python3.12/site-packages/airflow/example_dags/example_sensors.py
[2026-02-28T21:53:28.552+0000] {processor.py:840} INFO - DAG(s) 'example_sensors' retrieved from /home/airflow/.local/lib/python3.12/site-packages/airflow/example_dags/example_sensors.py
[2026-02-28T21:53:28.568+0000] {logging_mixin.py:188} INFO - [2026-02-28T21:53:28.568+0000] {dag.py:3096} INFO - Sync 1 DAGs
[2026-02-28T21:53:28.577+0000] {logging_mixin.py:188} INFO - [2026-02-28T21:53:28.577+0000] {dag.py:3954} INFO - Setting next_dagrun for example_sensors to None, run_after=None
[2026-02-28T21:53:28.595+0000] {processor.py:183} INFO - Processing /home/airflow/.local/lib/python3.12/site-packages/airflow/example_dags/example_sensors.py took 0.054 seconds
[2026-02-28T21:53:59.449+0000] {processor.py:161} INFO - Started process (PID=1594) to work on /home/airflow/.local/lib/python3.12/site-packages/airflow/example_dags/example_sensors.py
[2026-02-28T21:53:59.452+0000] {processor.py:830} INFO - Processing file /home/airflow/.local/lib/python3.12/site-packages/airflow/example_dags/example_sensors.py for tasks to queue
[2026-02-28T21:53:59.453+0000] {logging_mixin.py:188} INFO - [2026-02-28T21:53:59.453+0000] {dagbag.py:545} INFO - Filling up the DagBag from /home/airflow/.local/lib/python3.12/site-packages/airflow/example_dags/example_sensors.py
[2026-02-28T21:53:59.463+0000] {processor.py:840} INFO - DAG(s) 'example_sensors' retrieved from /home/airflow/.local/lib/python3.12/site-packages/airflow/example_dags/example_sensors.py
[2026-02-28T21:53:59.489+0000] {logging_mixin.py:188} INFO - [2026-02-28T21:53:59.489+0000] {dag.py:3096} INFO - Sync 1 DAGs
[2026-02-28T21:53:59.500+0000] {logging_mixin.py:188} INFO - [2026-02-28T21:53:59.500+0000] {dag.py:3954} INFO - Setting next_dagrun for example_sensors to None, run_after=None
[2026-02-28T21:53:59.519+0000] {processor.py:183} INFO - Processing /home/airflow/.local/lib/python3.12/site-packages/airflow/example_dags/example_sensors.py took 0.077 seconds
[2026-02-28T21:54:30.014+0000] {processor.py:161} INFO - Started process (PID=1652) to work on /home/airflow/.local/lib/python3.12/site-packages/airflow/example_dags/example_sensors.py
[2026-02-28T21:54:30.015+0000] {processor.py:830} INFO - Processing file /home/airflow/.local/lib/python3.12/site-packages/airflow/example_dags/example_sensors.py for tasks to queue
[2026-02-28T21:54:30.019+0000] {logging_mixin.py:188} INFO - [2026-02-28T21:54:30.018+0000] {dagbag.py:545} INFO - Filling up the DagBag from /home/airflow/.local/lib/python3.12/site-packages/airflow/example_dags/example_sensors.py
[2026-02-28T21:54:30.035+0000] {processor.py:840} INFO - DAG(s) 'example_sensors' retrieved from /home/airflow/.local/lib/python3.12/site-packages/airflow/example_dags/example_sensors.py
[2026-02-28T21:54:30.064+0000] {logging_mixin.py:188} INFO - [2026-02-28T21:54:30.064+0000] {dag.py:3096} INFO - Sync 1 DAGs
[2026-02-28T21:54:30.078+0000] {logging_mixin.py:188} INFO - [2026-02-28T21:54:30.078+0000] {dag.py:3954} INFO - Setting next_dagrun for example_sensors to None, run_after=None
[2026-02-28T21:54:30.092+0000] {processor.py:183} INFO - Processing /home/airflow/.local/lib/python3.12/site-packages/airflow/example_dags/example_sensors.py took 0.085 seconds
[2026-02-28T21:55:00.989+0000] {processor.py:161} INFO - Started process (PID=1719) to work on /home/airflow/.local/lib/python3.12/site-packages/airflow/example_dags/example_sensors.py
[2026-02-28T21:55:00.990+0000] {processor.py:830} INFO - Processing file /home/airflow/.local/lib/python3.12/site-packages/airflow/example_dags/example_sensors.py for tasks to queue
[2026-02-28T21:55:00.992+0000] {logging_mixin.py:188} INFO - [2026-02-28T21:55:00.992+0000] {dagbag.py:545} INFO - Filling up the DagBag from /home/airflow/.local/lib/python3.12/site-packages/airflow/example_dags/example_sensors.py
[2026-02-28T21:55:01.008+0000] {processor.py:840} INFO - DAG(s) 'example_sensors' retrieved from /home/airflow/.local/lib/python3.12/site-packages/airflow/example_dags/example_sensors.py
[2026-02-28T21:55:01.044+0000] {logging_mixin.py:188} INFO - [2026-02-28T21:55:01.044+0000] {dag.py:3096} INFO - Sync 1 DAGs
[2026-02-28T21:55:01.059+0000] {logging_mixin.py:188} INFO - [2026-02-28T21:55:01.058+0000] {dag.py:3954} INFO - Setting next_dagrun for example_sensors to None, run_after=None
[2026-02-28T21:55:01.140+0000] {processor.py:183} INFO - Processing /home/airflow/.local/lib/python3.12/site-packages/airflow/example_dags/example_sensors.py took 0.156 seconds
[2026-02-28T21:55:34.131+0000] {processor.py:161} INFO - Started process (PID=1777) to work on /home/airflow/.local/lib/python3.12/site-packages/airflow/example_dags/example_sensors.py
[2026-02-28T21:55:34.133+0000] {processor.py:830} INFO - Processing file /home/airflow/.local/lib/python3.12/site-packages/airflow/example_dags/example_sensors.py for tasks to queue
[2026-02-28T21:55:34.136+0000] {logging_mixin.py:188} INFO - [2026-02-28T21:55:34.135+0000] {dagbag.py:545} INFO - Filling up the DagBag from /home/airflow/.local/lib/python3.12/site-packages/airflow/example_dags/example_sensors.py
[2026-02-28T21:55:34.145+0000] {processor.py:840} INFO - DAG(s) 'example_sensors' retrieved from /home/airflow/.local/lib/python3.12/site-packages/airflow/example_dags/example_sensors.py
[2026-02-28T21:55:34.172+0000] {logging_mixin.py:188} INFO - [2026-02-28T21:55:34.172+0000] {dag.py:3096} INFO - Sync 1 DAGs
[2026-02-28T21:55:34.183+0000] {logging_mixin.py:188} INFO - [2026-02-28T21:55:34.183+0000] {dag.py:3954} INFO - Setting next_dagrun for example_sensors to None, run_after=None
[2026-02-28T21:55:34.207+0000] {processor.py:183} INFO - Processing /home/airflow/.local/lib/python3.12/site-packages/airflow/example_dags/example_sensors.py took 0.082 seconds
[2026-02-28T21:56:05.529+0000] {processor.py:161} INFO - Started process (PID=1835) to work on /home/airflow/.local/lib/python3.12/site-packages/airflow/example_dags/example_sensors.py
[2026-02-28T21:56:05.532+0000] {processor.py:830} INFO - Processing file /home/airflow/.local/lib/python3.12/site-packages/airflow/example_dags/example_sensors.py for tasks to queue
[2026-02-28T21:56:05.535+0000] {logging_mixin.py:188} INFO - [2026-02-28T21:56:05.535+0000] {dagbag.py:545} INFO - Filling up the DagBag from /home/airflow/.local/lib/python3.12/site-packages/airflow/example_dags/example_sensors.py
[2026-02-28T21:56:05.548+0000] {processor.py:840} INFO - DAG(s) 'example_sensors' retrieved from /home/airflow/.local/lib/python3.12/site-packages/airflow/example_dags/example_sensors.py
[2026-02-28T21:56:05.655+0000] {logging_mixin.py:188} INFO - [2026-02-28T21:56:05.654+0000] {dag.py:3096} INFO - Sync 1 DAGs
[2026-02-28T21:56:05.715+0000] {logging_mixin.py:188} INFO - [2026-02-28T21:56:05.714+0000] {dag.py:3954} INFO - Setting next_dagrun for example_sensors to None, run_after=None
[2026-02-28T21:56:05.760+0000] {processor.py:183} INFO - Processing /home/airflow/.local/lib/python3.12/site-packages/airflow/example_dags/example_sensors.py took 0.243 seconds
[2026-02-28T21:56:35.966+0000] {processor.py:161} INFO - Started process (PID=1893) to work on /home/airflow/.local/lib/python3.12/site-packages/airflow/example_dags/example_sensors.py
[2026-02-28T21:56:35.967+0000] {processor.py:830} INFO - Processing file /home/airflow/.local/lib/python3.12/site-packages/airflow/example_dags/example_sensors.py for tasks to queue
[2026-02-28T21:56:35.970+0000] {logging_mixin.py:188} INFO - [2026-02-28T21:56:35.970+0000] {dagbag.py:545} INFO - Filling up the DagBag from /home/airflow/.local/lib/python3.12/site-packages/airflow/example_dags/example_sensors.py
[2026-02-28T21:56:35.979+0000] {processor.py:840} INFO - DAG(s) 'example_sensors' retrieved from /home/airflow/.local/lib/python3.12/site-packages/airflow/example_dags/example_sensors.py
[2026-02-28T21:56:35.999+0000] {logging_mixin.py:188} INFO - [2026-02-28T21:56:35.999+0000] {dag.py:3096} INFO - Sync 1 DAGs
[2026-02-28T21:56:36.005+0000] {logging_mixin.py:188} INFO - [2026-02-28T21:56:36.005+0000] {dag.py:3954} INFO - Setting next_dagrun for example_sensors to None, run_after=None
[2026-02-28T21:56:36.013+0000] {processor.py:183} INFO - Processing /home/airflow/.local/lib/python3.12/site-packages/airflow/example_dags/example_sensors.py took 0.051 seconds
[2026-02-28T21:57:06.220+0000] {processor.py:161} INFO - Started process (PID=1951) to work on /home/airflow/.local/lib/python3.12/site-packages/airflow/example_dags/example_sensors.py
[2026-02-28T21:57:06.220+0000] {processor.py:830} INFO - Processing file /home/airflow/.local/lib/python3.12/site-packages/airflow/example_dags/example_sensors.py for tasks to queue
[2026-02-28T21:57:06.222+0000] {logging_mixin.py:188} INFO - [2026-02-28T21:57:06.222+0000] {dagbag.py:545} INFO - Filling up the DagBag from /home/airflow/.local/lib/python3.12/site-packages/airflow/example_dags/example_sensors.py
[2026-02-28T21:57:06.230+0000] {processor.py:840} INFO - DAG(s) 'example_sensors' retrieved from /home/airflow/.local/lib/python3.12/site-packages/airflow/example_dags/example_sensors.py
[2026-02-28T21:57:06.251+0000] {logging_mixin.py:188} INFO - [2026-02-28T21:57:06.251+0000] {dag.py:3096} INFO - Sync 1 DAGs
[2026-02-28T21:57:06.259+0000] {logging_mixin.py:188} INFO - [2026-02-28T21:57:06.259+0000] {dag.py:3954} INFO - Setting next_dagrun for example_sensors to None, run_after=None
[2026-02-28T21:57:06.268+0000] {processor.py:183} INFO - Processing /home/airflow/.local/lib/python3.12/site-packages/airflow/example_dags/example_sensors.py took 0.052 seconds
[2026-02-28T21:57:36.606+0000] {processor.py:161} INFO - Started process (PID=2009) to work on /home/airflow/.local/lib/python3.12/site-packages/airflow/example_dags/example_sensors.py
[2026-02-28T21:57:36.609+0000] {processor.py:830} INFO - Processing file /home/airflow/.local/lib/python3.12/site-packages/airflow/example_dags/example_sensors.py for tasks to queue
[2026-02-28T21:57:36.610+0000] {logging_mixin.py:188} INFO - [2026-02-28T21:57:36.610+0000] {dagbag.py:545} INFO - Filling up the DagBag from /home/airflow/.local/lib/python3.12/site-packages/airflow/example_dags/example_sensors.py
[2026-02-28T21:57:36.618+0000] {processor.py:840} INFO - DAG(s) 'example_sensors' retrieved from /home/airflow/.local/lib/python3.12/site-packages/airflow/example_dags/example_sensors.py
[2026-02-28T21:57:36.638+0000] {logging_mixin.py:188} INFO - [2026-02-28T21:57:36.638+0000] {dag.py:3096} INFO - Sync 1 DAGs
[2026-02-28T21:57:36.652+0000] {logging_mixin.py:188} INFO - [2026-02-28T21:57:36.652+0000] {dag.py:3954} INFO - Setting next_dagrun for example_sensors to None, run_after=None
[2026-02-28T21:57:36.665+0000] {processor.py:183} INFO - Processing /home/airflow/.local/lib/python3.12/site-packages/airflow/example_dags/example_sensors.py took 0.063 seconds
[2026-02-28T21:58:06.861+0000] {processor.py:161} INFO - Started process (PID=2067) to work on /home/airflow/.local/lib/python3.12/site-packages/airflow/example_dags/example_sensors.py
[2026-02-28T21:58:06.862+0000] {processor.py:830} INFO - Processing file /home/airflow/.local/lib/python3.12/site-packages/airflow/example_dags/example_sensors.py for tasks to queue
[2026-02-28T21:58:06.863+0000] {logging_mixin.py:188} INFO - [2026-02-28T21:58:06.863+0000] {dagbag.py:545} INFO - Filling up the DagBag from /home/airflow/.local/lib/python3.12/site-packages/airflow/example_dags/example_sensors.py
[2026-02-28T21:58:06.870+0000] {processor.py:840} INFO - DAG(s) 'example_sensors' retrieved from /home/airflow/.local/lib/python3.12/site-packages/airflow/example_dags/example_sensors.py
[2026-02-28T21:58:06.891+0000] {logging_mixin.py:188} INFO - [2026-02-28T21:58:06.891+0000] {dag.py:3096} INFO - Sync 1 DAGs
[2026-02-28T21:58:06.897+0000] {logging_mixin.py:188} INFO - [2026-02-28T21:58:06.897+0000] {dag.py:3954} INFO - Setting next_dagrun for example_sensors to None, run_after=None
[2026-02-28T21:58:06.914+0000] {processor.py:183} INFO - Processing /home/airflow/.local/lib/python3.12/site-packages/airflow/example_dags/example_sensors.py took 0.057 seconds
[2026-02-28T21:58:37.790+0000] {processor.py:161} INFO - Started process (PID=2125) to work on /home/airflow/.local/lib/python3.12/site-packages/airflow/example_dags/example_sensors.py
[2026-02-28T21:58:37.791+0000] {processor.py:830} INFO - Processing file /home/airflow/.local/lib/python3.12/site-packages/airflow/example_dags/example_sensors.py for tasks to queue
[2026-02-28T21:58:37.793+0000] {logging_mixin.py:188} INFO - [2026-02-28T21:58:37.793+0000] {dagbag.py:545} INFO - Filling up the DagBag from /home/airflow/.local/lib/python3.12/site-packages/airflow/example_dags/example_sensors.py
[2026-02-28T21:58:37.801+0000] {processor.py:840} INFO - DAG(s) 'example_sensors' retrieved from /home/airflow/.local/lib/python3.12/site-packages/airflow/example_dags/example_sensors.py
[2026-02-28T21:58:37.820+0000] {logging_mixin.py:188} INFO - [2026-02-28T21:58:37.820+0000] {dag.py:3096} INFO - Sync 1 DAGs
[2026-02-28T21:58:37.829+0000] {logging_mixin.py:188} INFO - [2026-02-28T21:58:37.829+0000] {dag.py:3954} INFO - Setting next_dagrun for example_sensors to None, run_after=None
[2026-02-28T21:58:37.841+0000] {processor.py:183} INFO - Processing /home/airflow/.local/lib/python3.12/site-packages/airflow/example_dags/example_sensors.py took 0.054 seconds
[2026-02-28T21:59:08.180+0000] {processor.py:161} INFO - Started process (PID=2183) to work on /home/airflow/.local/lib/python3.12/site-packages/airflow/example_dags/example_sensors.py
[2026-02-28T21:59:08.183+0000] {processor.py:830} INFO - Processing file /home/airflow/.local/lib/python3.12/site-packages/airflow/example_dags/example_sensors.py for tasks to queue
[2026-02-28T21:59:08.184+0000] {logging_mixin.py:188} INFO - [2026-02-28T21:59:08.184+0000] {dagbag.py:545} INFO - Filling up the DagBag from /home/airflow/.local/lib/python3.12/site-packages/airflow/example_dags/example_sensors.py
[2026-02-28T21:59:08.191+0000] {processor.py:840} INFO - DAG(s) 'example_sensors' retrieved from /home/airflow/.local/lib/python3.12/site-packages/airflow/example_dags/example_sensors.py
[2026-02-28T21:59:08.207+0000] {logging_mixin.py:188} INFO - [2026-02-28T21:59:08.207+0000] {dag.py:3096} INFO - Sync 1 DAGs
[2026-02-28T21:59:08.216+0000] {logging_mixin.py:188} INFO - [2026-02-28T21:59:08.215+0000] {dag.py:3954} INFO - Setting next_dagrun for example_sensors to None, run_after=None
[2026-02-28T21:59:08.224+0000] {processor.py:183} INFO - Processing /home/airflow/.local/lib/python3.12/site-packages/airflow/example_dags/example_sensors.py took 0.049 seconds
[2026-02-28T21:59:39.265+0000] {processor.py:161} INFO - Started process (PID=2241) to work on /home/airflow/.local/lib/python3.12/site-packages/airflow/example_dags/example_sensors.py
[2026-02-28T21:59:39.266+0000] {processor.py:830} INFO - Processing file /home/airflow/.local/lib/python3.12/site-packages/airflow/example_dags/example_sensors.py for tasks to queue
[2026-02-28T21:59:39.267+0000] {logging_mixin.py:188} INFO - [2026-02-28T21:59:39.267+0000] {dagbag.py:545} INFO - Filling up the DagBag from /home/airflow/.local/lib/python3.12/site-packages/airflow/example_dags/example_sensors.py
[2026-02-28T21:59:39.273+0000] {processor.py:840} INFO - DAG(s) 'example_sensors' retrieved from /home/airflow/.local/lib/python3.12/site-packages/airflow/example_dags/example_sensors.py
[2026-02-28T21:59:39.284+0000] {logging_mixin.py:188} INFO - [2026-02-28T21:59:39.284+0000] {dag.py:3096} INFO - Sync 1 DAGs
[2026-02-28T21:59:39.290+0000] {logging_mixin.py:188} INFO - [2026-02-28T21:59:39.290+0000] {dag.py:3954} INFO - Setting next_dagrun for example_sensors to None, run_after=None
[2026-02-28T21:59:39.592+0000] {processor.py:183} INFO - Processing /home/airflow/.local/lib/python3.12/site-packages/airflow/example_dags/example_sensors.py took 0.330 seconds
[2026-02-28T22:00:10.269+0000] {processor.py:161} INFO - Started process (PID=2299) to work on /home/airflow/.local/lib/python3.12/site-packages/airflow/example_dags/example_sensors.py
[2026-02-28T22:00:10.271+0000] {processor.py:830} INFO - Processing file /home/airflow/.local/lib/python3.12/site-packages/airflow/example_dags/example_sensors.py for tasks to queue
[2026-02-28T22:00:10.272+0000] {logging_mixin.py:188} INFO - [2026-02-28T22:00:10.272+0000] {dagbag.py:545} INFO - Filling up the DagBag from /home/airflow/.local/lib/python3.12/site-packages/airflow/example_dags/example_sensors.py
[2026-02-28T22:00:10.279+0000] {processor.py:840} INFO - DAG(s) 'example_sensors' retrieved from /home/airflow/.local/lib/python3.12/site-packages/airflow/example_dags/example_sensors.py
[2026-02-28T22:00:10.298+0000] {logging_mixin.py:188} INFO - [2026-02-28T22:00:10.298+0000] {dag.py:3096} INFO - Sync 1 DAGs
[2026-02-28T22:00:10.306+0000] {logging_mixin.py:188} INFO - [2026-02-28T22:00:10.305+0000] {dag.py:3954} INFO - Setting next_dagrun for example_sensors to None, run_after=None
[2026-02-28T22:00:10.668+0000] {processor.py:183} INFO - Processing /home/airflow/.local/lib/python3.12/site-packages/airflow/example_dags/example_sensors.py took 0.403 seconds
[2026-02-28T22:00:40.927+0000] {processor.py:161} INFO - Started process (PID=2357) to work on /home/airflow/.local/lib/python3.12/site-packages/airflow/example_dags/example_sensors.py
[2026-02-28T22:00:40.928+0000] {processor.py:830} INFO - Processing file /home/airflow/.local/lib/python3.12/site-packages/airflow/example_dags/example_sensors.py for tasks to queue
[2026-02-28T22:00:40.930+0000] {logging_mixin.py:188} INFO - [2026-02-28T22:00:40.930+0000] {dagbag.py:545} INFO - Filling up the DagBag from /home/airflow/.local/lib/python3.12/site-packages/airflow/example_dags/example_sensors.py
[2026-02-28T22:00:40.936+0000] {processor.py:840} INFO - DAG(s) 'example_sensors' retrieved from /home/airflow/.local/lib/python3.12/site-packages/airflow/example_dags/example_sensors.py
[2026-02-28T22:00:40.950+0000] {logging_mixin.py:188} INFO - [2026-02-28T22:00:40.950+0000] {dag.py:3096} INFO - Sync 1 DAGs
[2026-02-28T22:00:40.957+0000] {logging_mixin.py:188} INFO - [2026-02-28T22:00:40.957+0000] {dag.py:3954} INFO - Setting next_dagrun for example_sensors to None, run_after=None
[2026-02-28T22:00:40.965+0000] {processor.py:183} INFO - Processing /home/airflow/.local/lib/python3.12/site-packages/airflow/example_dags/example_sensors.py took 0.042 seconds
[2026-02-28T22:01:11.686+0000] {processor.py:161} INFO - Started process (PID=2414) to work on /home/airflow/.local/lib/python3.12/site-packages/airflow/example_dags/example_sensors.py
[2026-02-28T22:01:11.687+0000] {processor.py:830} INFO - Processing file /home/airflow/.local/lib/python3.12/site-packages/airflow/example_dags/example_sensors.py for tasks to queue
[2026-02-28T22:01:11.691+0000] {logging_mixin.py:188} INFO - [2026-02-28T22:01:11.690+0000] {dagbag.py:545} INFO - Filling up the DagBag from /home/airflow/.local/lib/python3.12/site-packages/airflow/example_dags/example_sensors.py
[2026-02-28T22:01:11.700+0000] {processor.py:840} INFO - DAG(s) 'example_sensors' retrieved from /home/airflow/.local/lib/python3.12/site-packages/airflow/example_dags/example_sensors.py
[2026-02-28T22:01:11.728+0000] {logging_mixin.py:188} INFO - [2026-02-28T22:01:11.727+0000] {dag.py:3096} INFO - Sync 1 DAGs
[2026-02-28T22:01:11.738+0000] {logging_mixin.py:188} INFO - [2026-02-28T22:01:11.738+0000] {dag.py:3954} INFO - Setting next_dagrun for example_sensors to None, run_after=None
[2026-02-28T22:01:11.752+0000] {processor.py:183} INFO - Processing /home/airflow/.local/lib/python3.12/site-packages/airflow/example_dags/example_sensors.py took 0.070 seconds
[2026-02-28T22:01:42.102+0000] {processor.py:161} INFO - Started process (PID=2472) to work on /home/airflow/.local/lib/python3.12/site-packages/airflow/example_dags/example_sensors.py
[2026-02-28T22:01:42.103+0000] {processor.py:830} INFO - Processing file /home/airflow/.local/lib/python3.12/site-packages/airflow/example_dags/example_sensors.py for tasks to queue
[2026-02-28T22:01:42.107+0000] {logging_mixin.py:188} INFO - [2026-02-28T22:01:42.106+0000] {dagbag.py:545} INFO - Filling up the DagBag from /home/airflow/.local/lib/python3.12/site-packages/airflow/example_dags/example_sensors.py
[2026-02-28T22:01:42.113+0000] {processor.py:840} INFO - DAG(s) 'example_sensors' retrieved from /home/airflow/.local/lib/python3.12/site-packages/airflow/example_dags/example_sensors.py
[2026-02-28T22:01:42.136+0000] {logging_mixin.py:188} INFO - [2026-02-28T22:01:42.135+0000] {dag.py:3096} INFO - Sync 1 DAGs
[2026-02-28T22:01:42.144+0000] {logging_mixin.py:188} INFO - [2026-02-28T22:01:42.144+0000] {dag.py:3954} INFO - Setting next_dagrun for example_sensors to None, run_after=None
[2026-02-28T22:01:42.154+0000] {processor.py:183} INFO - Processing /home/airflow/.local/lib/python3.12/site-packages/airflow/example_dags/example_sensors.py took 0.056 seconds
[2026-02-28T22:02:13.035+0000] {processor.py:161} INFO - Started process (PID=2530) to work on /home/airflow/.local/lib/python3.12/site-packages/airflow/example_dags/example_sensors.py
[2026-02-28T22:02:13.036+0000] {processor.py:830} INFO - Processing file /home/airflow/.local/lib/python3.12/site-packages/airflow/example_dags/example_sensors.py for tasks to queue
[2026-02-28T22:02:13.037+0000] {logging_mixin.py:188} INFO - [2026-02-28T22:02:13.037+0000] {dagbag.py:545} INFO - Filling up the DagBag from /home/airflow/.local/lib/python3.12/site-packages/airflow/example_dags/example_sensors.py
[2026-02-28T22:02:13.043+0000] {processor.py:840} INFO - DAG(s) 'example_sensors' retrieved from /home/airflow/.local/lib/python3.12/site-packages/airflow/example_dags/example_sensors.py
[2026-02-28T22:02:13.061+0000] {logging_mixin.py:188} INFO - [2026-02-28T22:02:13.061+0000] {dag.py:3096} INFO - Sync 1 DAGs
[2026-02-28T22:02:13.069+0000] {logging_mixin.py:188} INFO - [2026-02-28T22:02:13.069+0000] {dag.py:3954} INFO - Setting next_dagrun for example_sensors to None, run_after=None
[2026-02-28T22:02:13.079+0000] {processor.py:183} INFO - Processing /home/airflow/.local/lib/python3.12/site-packages/airflow/example_dags/example_sensors.py took 0.048 seconds
[2026-02-28T22:02:44.394+0000] {processor.py:161} INFO - Started process (PID=2588) to work on /home/airflow/.local/lib/python3.12/site-packages/airflow/example_dags/example_sensors.py
[2026-02-28T22:02:44.396+0000] {processor.py:830} INFO - Processing file /home/airflow/.local/lib/python3.12/site-packages/airflow/example_dags/example_sensors.py for tasks to queue
[2026-02-28T22:02:44.398+0000] {logging_mixin.py:188} INFO - [2026-02-28T22:02:44.397+0000] {dagbag.py:545} INFO - Filling up the DagBag from /home/airflow/.local/lib/python3.12/site-packages/airflow/example_dags/example_sensors.py
[2026-02-28T22:02:44.404+0000] {processor.py:840} INFO - DAG(s) 'example_sensors' retrieved from /home/airflow/.local/lib/python3.12/site-packages/airflow/example_dags/example_sensors.py
[2026-02-28T22:02:44.419+0000] {logging_mixin.py:188} INFO - [2026-02-28T22:02:44.418+0000] {dag.py:3096} INFO - Sync 1 DAGs
[2026-02-28T22:02:44.425+0000] {logging_mixin.py:188} INFO - [2026-02-28T22:02:44.425+0000] {dag.py:3954} INFO - Setting next_dagrun for example_sensors to None, run_after=None
[2026-02-28T22:02:44.434+0000] {processor.py:183} INFO - Processing /home/airflow/.local/lib/python3.12/site-packages/airflow/example_dags/example_sensors.py took 0.046 seconds
[2026-02-28T22:03:14.552+0000] {processor.py:161} INFO - Started process (PID=2645) to work on /home/airflow/.local/lib/python3.12/site-packages/airflow/example_dags/example_sensors.py
[2026-02-28T22:03:14.552+0000] {processor.py:830} INFO - Processing file /home/airflow/.local/lib/python3.12/site-packages/airflow/example_dags/example_sensors.py for tasks to queue
[2026-02-28T22:03:14.554+0000] {logging_mixin.py:188} INFO - [2026-02-28T22:03:14.554+0000] {dagbag.py:545} INFO - Filling up the DagBag from /home/airflow/.local/lib/python3.12/site-packages/airflow/example_dags/example_sensors.py
[2026-02-28T22:03:14.559+0000] {processor.py:840} INFO - DAG(s) 'example_sensors' retrieved from /home/airflow/.local/lib/python3.12/site-packages/airflow/example_dags/example_sensors.py
[2026-02-28T22:03:14.573+0000] {logging_mixin.py:188} INFO - [2026-02-28T22:03:14.573+0000] {dag.py:3096} INFO - Sync 1 DAGs
[2026-02-28T22:03:14.583+0000] {logging_mixin.py:188} INFO - [2026-02-28T22:03:14.582+0000] {dag.py:3954} INFO - Setting next_dagrun for example_sensors to None, run_after=None
[2026-02-28T22:03:14.602+0000] {processor.py:183} INFO - Processing /home/airflow/.local/lib/python3.12/site-packages/airflow/example_dags/example_sensors.py took 0.054 seconds
[2026-02-28T22:03:45.663+0000] {processor.py:161} INFO - Started process (PID=2703) to work on /home/airflow/.local/lib/python3.12/site-packages/airflow/example_dags/example_sensors.py
[2026-02-28T22:03:45.664+0000] {processor.py:830} INFO - Processing file /home/airflow/.local/lib/python3.12/site-packages/airflow/example_dags/example_sensors.py for tasks to queue
[2026-02-28T22:03:45.665+0000] {logging_mixin.py:188} INFO - [2026-02-28T22:03:45.665+0000] {dagbag.py:545} INFO - Filling up the DagBag from /home/airflow/.local/lib/python3.12/site-packages/airflow/example_dags/example_sensors.py
[2026-02-28T22:03:45.671+0000] {processor.py:840} INFO - DAG(s) 'example_sensors' retrieved from /home/airflow/.local/lib/python3.12/site-packages/airflow/example_dags/example_sensors.py
[2026-02-28T22:03:45.686+0000] {logging_mixin.py:188} INFO - [2026-02-28T22:03:45.686+0000] {dag.py:3096} INFO - Sync 1 DAGs
[2026-02-28T22:03:45.694+0000] {logging_mixin.py:188} INFO - [2026-02-28T22:03:45.694+0000] {dag.py:3954} INFO - Setting next_dagrun for example_sensors to None, run_after=None
[2026-02-28T22:03:45.711+0000] {processor.py:183} INFO - Processing /home/airflow/.local/lib/python3.12/site-packages/airflow/example_dags/example_sensors.py took 0.055 seconds
[2026-02-28T22:04:16.454+0000] {processor.py:161} INFO - Started process (PID=2761) to work on /home/airflow/.local/lib/python3.12/site-packages/airflow/example_dags/example_sensors.py
[2026-02-28T22:04:16.457+0000] {processor.py:830} INFO - Processing file /home/airflow/.local/lib/python3.12/site-packages/airflow/example_dags/example_sensors.py for tasks to queue
[2026-02-28T22:04:16.459+0000] {logging_mixin.py:188} INFO - [2026-02-28T22:04:16.459+0000] {dagbag.py:545} INFO - Filling up the DagBag from /home/airflow/.local/lib/python3.12/site-packages/airflow/example_dags/example_sensors.py
[2026-02-28T22:04:16.471+0000] {processor.py:840} INFO - DAG(s) 'example_sensors' retrieved from /home/airflow/.local/lib/python3.12/site-packages/airflow/example_dags/example_sensors.py
[2026-02-28T22:04:16.495+0000] {logging_mixin.py:188} INFO - [2026-02-28T22:04:16.495+0000] {dag.py:3096} INFO - Sync 1 DAGs
[2026-02-28T22:04:16.508+0000] {logging_mixin.py:188} INFO - [2026-02-28T22:04:16.508+0000] {dag.py:3954} INFO - Setting next_dagrun for example_sensors to None, run_after=None
[2026-02-28T22:04:16.522+0000] {processor.py:183} INFO - Processing /home/airflow/.local/lib/python3.12/site-packages/airflow/example_dags/example_sensors.py took 0.076 seconds
