[2026-02-28T21:39:57.149+0000] {processor.py:161} INFO - Started process (PID=43) to work on /home/airflow/.local/lib/python3.12/site-packages/airflow/example_dags/example_short_circuit_decorator.py
[2026-02-28T21:39:57.157+0000] {processor.py:830} INFO - Processing file /home/airflow/.local/lib/python3.12/site-packages/airflow/example_dags/example_short_circuit_decorator.py for tasks to queue
[2026-02-28T21:39:57.176+0000] {logging_mixin.py:188} INFO - [2026-02-28T21:39:57.172+0000] {dagbag.py:545} INFO - Filling up the DagBag from /home/airflow/.local/lib/python3.12/site-packages/airflow/example_dags/example_short_circuit_decorator.py
[2026-02-28T21:39:57.238+0000] {processor.py:840} INFO - DAG(s) 'example_short_circuit_decorator' retrieved from /home/airflow/.local/lib/python3.12/site-packages/airflow/example_dags/example_short_circuit_decorator.py
[2026-02-28T21:39:57.312+0000] {logging_mixin.py:188} INFO - [2026-02-28T21:39:57.312+0000] {dag.py:3096} INFO - Sync 1 DAGs
[2026-02-28T21:39:57.475+0000] {logging_mixin.py:188} INFO - [2026-02-28T21:39:57.474+0000] {dag.py:3954} INFO - Setting next_dagrun for example_short_circuit_decorator to 2026-02-27 00:00:00+00:00, run_after=2026-02-28 00:00:00+00:00
[2026-02-28T21:39:57.541+0000] {processor.py:183} INFO - Processing /home/airflow/.local/lib/python3.12/site-packages/airflow/example_dags/example_short_circuit_decorator.py took 0.484 seconds
[2026-02-28T21:40:28.021+0000] {processor.py:161} INFO - Started process (PID=106) to work on /home/airflow/.local/lib/python3.12/site-packages/airflow/example_dags/example_short_circuit_decorator.py
[2026-02-28T21:40:28.022+0000] {processor.py:830} INFO - Processing file /home/airflow/.local/lib/python3.12/site-packages/airflow/example_dags/example_short_circuit_decorator.py for tasks to queue
[2026-02-28T21:40:28.023+0000] {logging_mixin.py:188} INFO - [2026-02-28T21:40:28.022+0000] {dagbag.py:545} INFO - Filling up the DagBag from /home/airflow/.local/lib/python3.12/site-packages/airflow/example_dags/example_short_circuit_decorator.py
[2026-02-28T21:40:28.028+0000] {processor.py:840} INFO - DAG(s) 'example_short_circuit_decorator' retrieved from /home/airflow/.local/lib/python3.12/site-packages/airflow/example_dags/example_short_circuit_decorator.py
[2026-02-28T21:40:28.087+0000] {logging_mixin.py:188} INFO - [2026-02-28T21:40:28.087+0000] {dag.py:3096} INFO - Sync 1 DAGs
[2026-02-28T21:40:28.096+0000] {logging_mixin.py:188} INFO - [2026-02-28T21:40:28.096+0000] {dag.py:3954} INFO - Setting next_dagrun for example_short_circuit_decorator to 2026-02-27 00:00:00+00:00, run_after=2026-02-28 00:00:00+00:00
[2026-02-28T21:40:28.116+0000] {processor.py:183} INFO - Processing /home/airflow/.local/lib/python3.12/site-packages/airflow/example_dags/example_short_circuit_decorator.py took 0.099 seconds
[2026-02-28T21:40:58.501+0000] {processor.py:161} INFO - Started process (PID=164) to work on /home/airflow/.local/lib/python3.12/site-packages/airflow/example_dags/example_short_circuit_decorator.py
[2026-02-28T21:40:58.502+0000] {processor.py:830} INFO - Processing file /home/airflow/.local/lib/python3.12/site-packages/airflow/example_dags/example_short_circuit_decorator.py for tasks to queue
[2026-02-28T21:40:58.503+0000] {logging_mixin.py:188} INFO - [2026-02-28T21:40:58.503+0000] {dagbag.py:545} INFO - Filling up the DagBag from /home/airflow/.local/lib/python3.12/site-packages/airflow/example_dags/example_short_circuit_decorator.py
[2026-02-28T21:40:58.513+0000] {processor.py:840} INFO - DAG(s) 'example_short_circuit_decorator' retrieved from /home/airflow/.local/lib/python3.12/site-packages/airflow/example_dags/example_short_circuit_decorator.py
[2026-02-28T21:40:58.538+0000] {logging_mixin.py:188} INFO - [2026-02-28T21:40:58.537+0000] {dag.py:3096} INFO - Sync 1 DAGs
[2026-02-28T21:40:58.550+0000] {logging_mixin.py:188} INFO - [2026-02-28T21:40:58.549+0000] {dag.py:3954} INFO - Setting next_dagrun for example_short_circuit_decorator to 2026-02-27 00:00:00+00:00, run_after=2026-02-28 00:00:00+00:00
[2026-02-28T21:40:58.559+0000] {processor.py:183} INFO - Processing /home/airflow/.local/lib/python3.12/site-packages/airflow/example_dags/example_short_circuit_decorator.py took 0.061 seconds
[2026-02-28T21:41:29.503+0000] {processor.py:161} INFO - Started process (PID=222) to work on /home/airflow/.local/lib/python3.12/site-packages/airflow/example_dags/example_short_circuit_decorator.py
[2026-02-28T21:41:29.503+0000] {processor.py:830} INFO - Processing file /home/airflow/.local/lib/python3.12/site-packages/airflow/example_dags/example_short_circuit_decorator.py for tasks to queue
[2026-02-28T21:41:29.504+0000] {logging_mixin.py:188} INFO - [2026-02-28T21:41:29.504+0000] {dagbag.py:545} INFO - Filling up the DagBag from /home/airflow/.local/lib/python3.12/site-packages/airflow/example_dags/example_short_circuit_decorator.py
[2026-02-28T21:41:29.509+0000] {processor.py:840} INFO - DAG(s) 'example_short_circuit_decorator' retrieved from /home/airflow/.local/lib/python3.12/site-packages/airflow/example_dags/example_short_circuit_decorator.py
[2026-02-28T21:41:29.521+0000] {logging_mixin.py:188} INFO - [2026-02-28T21:41:29.521+0000] {dag.py:3096} INFO - Sync 1 DAGs
[2026-02-28T21:41:29.531+0000] {logging_mixin.py:188} INFO - [2026-02-28T21:41:29.531+0000] {dag.py:3954} INFO - Setting next_dagrun for example_short_circuit_decorator to 2026-02-27 00:00:00+00:00, run_after=2026-02-28 00:00:00+00:00
[2026-02-28T21:41:29.538+0000] {processor.py:183} INFO - Processing /home/airflow/.local/lib/python3.12/site-packages/airflow/example_dags/example_short_circuit_decorator.py took 0.039 seconds
[2026-02-28T21:41:59.899+0000] {processor.py:161} INFO - Started process (PID=280) to work on /home/airflow/.local/lib/python3.12/site-packages/airflow/example_dags/example_short_circuit_decorator.py
[2026-02-28T21:41:59.900+0000] {processor.py:830} INFO - Processing file /home/airflow/.local/lib/python3.12/site-packages/airflow/example_dags/example_short_circuit_decorator.py for tasks to queue
[2026-02-28T21:41:59.901+0000] {logging_mixin.py:188} INFO - [2026-02-28T21:41:59.901+0000] {dagbag.py:545} INFO - Filling up the DagBag from /home/airflow/.local/lib/python3.12/site-packages/airflow/example_dags/example_short_circuit_decorator.py
[2026-02-28T21:41:59.907+0000] {processor.py:840} INFO - DAG(s) 'example_short_circuit_decorator' retrieved from /home/airflow/.local/lib/python3.12/site-packages/airflow/example_dags/example_short_circuit_decorator.py
[2026-02-28T21:41:59.924+0000] {logging_mixin.py:188} INFO - [2026-02-28T21:41:59.924+0000] {dag.py:3096} INFO - Sync 1 DAGs
[2026-02-28T21:41:59.933+0000] {logging_mixin.py:188} INFO - [2026-02-28T21:41:59.933+0000] {dag.py:3954} INFO - Setting next_dagrun for example_short_circuit_decorator to 2026-02-27 00:00:00+00:00, run_after=2026-02-28 00:00:00+00:00
[2026-02-28T21:41:59.941+0000] {processor.py:183} INFO - Processing /home/airflow/.local/lib/python3.12/site-packages/airflow/example_dags/example_short_circuit_decorator.py took 0.045 seconds
[2026-02-28T21:42:30.278+0000] {processor.py:161} INFO - Started process (PID=339) to work on /home/airflow/.local/lib/python3.12/site-packages/airflow/example_dags/example_short_circuit_decorator.py
[2026-02-28T21:42:30.278+0000] {processor.py:830} INFO - Processing file /home/airflow/.local/lib/python3.12/site-packages/airflow/example_dags/example_short_circuit_decorator.py for tasks to queue
[2026-02-28T21:42:30.280+0000] {logging_mixin.py:188} INFO - [2026-02-28T21:42:30.280+0000] {dagbag.py:545} INFO - Filling up the DagBag from /home/airflow/.local/lib/python3.12/site-packages/airflow/example_dags/example_short_circuit_decorator.py
[2026-02-28T21:42:30.288+0000] {processor.py:840} INFO - DAG(s) 'example_short_circuit_decorator' retrieved from /home/airflow/.local/lib/python3.12/site-packages/airflow/example_dags/example_short_circuit_decorator.py
[2026-02-28T21:42:30.306+0000] {logging_mixin.py:188} INFO - [2026-02-28T21:42:30.305+0000] {dag.py:3096} INFO - Sync 1 DAGs
[2026-02-28T21:42:30.322+0000] {logging_mixin.py:188} INFO - [2026-02-28T21:42:30.322+0000] {dag.py:3954} INFO - Setting next_dagrun for example_short_circuit_decorator to 2026-02-27 00:00:00+00:00, run_after=2026-02-28 00:00:00+00:00
[2026-02-28T21:42:30.336+0000] {processor.py:183} INFO - Processing /home/airflow/.local/lib/python3.12/site-packages/airflow/example_dags/example_short_circuit_decorator.py took 0.062 seconds
[2026-02-28T21:43:00.956+0000] {processor.py:161} INFO - Started process (PID=397) to work on /home/airflow/.local/lib/python3.12/site-packages/airflow/example_dags/example_short_circuit_decorator.py
[2026-02-28T21:43:00.956+0000] {processor.py:830} INFO - Processing file /home/airflow/.local/lib/python3.12/site-packages/airflow/example_dags/example_short_circuit_decorator.py for tasks to queue
[2026-02-28T21:43:00.957+0000] {logging_mixin.py:188} INFO - [2026-02-28T21:43:00.957+0000] {dagbag.py:545} INFO - Filling up the DagBag from /home/airflow/.local/lib/python3.12/site-packages/airflow/example_dags/example_short_circuit_decorator.py
[2026-02-28T21:43:00.962+0000] {processor.py:840} INFO - DAG(s) 'example_short_circuit_decorator' retrieved from /home/airflow/.local/lib/python3.12/site-packages/airflow/example_dags/example_short_circuit_decorator.py
[2026-02-28T21:43:00.975+0000] {logging_mixin.py:188} INFO - [2026-02-28T21:43:00.975+0000] {dag.py:3096} INFO - Sync 1 DAGs
[2026-02-28T21:43:00.985+0000] {logging_mixin.py:188} INFO - [2026-02-28T21:43:00.985+0000] {dag.py:3954} INFO - Setting next_dagrun for example_short_circuit_decorator to 2026-02-27 00:00:00+00:00, run_after=2026-02-28 00:00:00+00:00
[2026-02-28T21:43:00.993+0000] {processor.py:183} INFO - Processing /home/airflow/.local/lib/python3.12/site-packages/airflow/example_dags/example_short_circuit_decorator.py took 0.041 seconds
[2026-02-28T21:43:31.187+0000] {processor.py:161} INFO - Started process (PID=455) to work on /home/airflow/.local/lib/python3.12/site-packages/airflow/example_dags/example_short_circuit_decorator.py
[2026-02-28T21:43:31.187+0000] {processor.py:830} INFO - Processing file /home/airflow/.local/lib/python3.12/site-packages/airflow/example_dags/example_short_circuit_decorator.py for tasks to queue
[2026-02-28T21:43:31.188+0000] {logging_mixin.py:188} INFO - [2026-02-28T21:43:31.188+0000] {dagbag.py:545} INFO - Filling up the DagBag from /home/airflow/.local/lib/python3.12/site-packages/airflow/example_dags/example_short_circuit_decorator.py
[2026-02-28T21:43:31.193+0000] {processor.py:840} INFO - DAG(s) 'example_short_circuit_decorator' retrieved from /home/airflow/.local/lib/python3.12/site-packages/airflow/example_dags/example_short_circuit_decorator.py
[2026-02-28T21:43:31.204+0000] {logging_mixin.py:188} INFO - [2026-02-28T21:43:31.204+0000] {dag.py:3096} INFO - Sync 1 DAGs
[2026-02-28T21:43:31.214+0000] {logging_mixin.py:188} INFO - [2026-02-28T21:43:31.214+0000] {dag.py:3954} INFO - Setting next_dagrun for example_short_circuit_decorator to 2026-02-27 00:00:00+00:00, run_after=2026-02-28 00:00:00+00:00
[2026-02-28T21:43:31.222+0000] {processor.py:183} INFO - Processing /home/airflow/.local/lib/python3.12/site-packages/airflow/example_dags/example_short_circuit_decorator.py took 0.039 seconds
[2026-02-28T21:44:26.840+0000] {processor.py:161} INFO - Started process (PID=513) to work on /home/airflow/.local/lib/python3.12/site-packages/airflow/example_dags/example_short_circuit_decorator.py
[2026-02-28T21:44:26.841+0000] {processor.py:830} INFO - Processing file /home/airflow/.local/lib/python3.12/site-packages/airflow/example_dags/example_short_circuit_decorator.py for tasks to queue
[2026-02-28T21:44:26.845+0000] {logging_mixin.py:188} INFO - [2026-02-28T21:44:26.844+0000] {dagbag.py:545} INFO - Filling up the DagBag from /home/airflow/.local/lib/python3.12/site-packages/airflow/example_dags/example_short_circuit_decorator.py
[2026-02-28T21:44:26.863+0000] {processor.py:840} INFO - DAG(s) 'example_short_circuit_decorator' retrieved from /home/airflow/.local/lib/python3.12/site-packages/airflow/example_dags/example_short_circuit_decorator.py
[2026-02-28T21:44:27.014+0000] {logging_mixin.py:188} INFO - [2026-02-28T21:44:27.005+0000] {dag.py:3096} INFO - Sync 1 DAGs
[2026-02-28T21:44:27.365+0000] {logging_mixin.py:188} INFO - [2026-02-28T21:44:27.364+0000] {dag.py:3954} INFO - Setting next_dagrun for example_short_circuit_decorator to 2026-02-27 00:00:00+00:00, run_after=2026-02-28 00:00:00+00:00
[2026-02-28T21:44:27.480+0000] {processor.py:183} INFO - Processing /home/airflow/.local/lib/python3.12/site-packages/airflow/example_dags/example_short_circuit_decorator.py took 0.653 seconds
[2026-02-28T21:44:57.788+0000] {processor.py:161} INFO - Started process (PID=571) to work on /home/airflow/.local/lib/python3.12/site-packages/airflow/example_dags/example_short_circuit_decorator.py
[2026-02-28T21:44:57.789+0000] {processor.py:830} INFO - Processing file /home/airflow/.local/lib/python3.12/site-packages/airflow/example_dags/example_short_circuit_decorator.py for tasks to queue
[2026-02-28T21:44:57.791+0000] {logging_mixin.py:188} INFO - [2026-02-28T21:44:57.791+0000] {dagbag.py:545} INFO - Filling up the DagBag from /home/airflow/.local/lib/python3.12/site-packages/airflow/example_dags/example_short_circuit_decorator.py
[2026-02-28T21:44:57.799+0000] {processor.py:840} INFO - DAG(s) 'example_short_circuit_decorator' retrieved from /home/airflow/.local/lib/python3.12/site-packages/airflow/example_dags/example_short_circuit_decorator.py
[2026-02-28T21:44:57.817+0000] {logging_mixin.py:188} INFO - [2026-02-28T21:44:57.816+0000] {dag.py:3096} INFO - Sync 1 DAGs
[2026-02-28T21:44:57.832+0000] {logging_mixin.py:188} INFO - [2026-02-28T21:44:57.832+0000] {dag.py:3954} INFO - Setting next_dagrun for example_short_circuit_decorator to 2026-02-27 00:00:00+00:00, run_after=2026-02-28 00:00:00+00:00
[2026-02-28T21:44:57.850+0000] {processor.py:183} INFO - Processing /home/airflow/.local/lib/python3.12/site-packages/airflow/example_dags/example_short_circuit_decorator.py took 0.067 seconds
[2026-02-28T21:45:28.000+0000] {processor.py:161} INFO - Started process (PID=629) to work on /home/airflow/.local/lib/python3.12/site-packages/airflow/example_dags/example_short_circuit_decorator.py
[2026-02-28T21:45:28.000+0000] {processor.py:830} INFO - Processing file /home/airflow/.local/lib/python3.12/site-packages/airflow/example_dags/example_short_circuit_decorator.py for tasks to queue
[2026-02-28T21:45:28.002+0000] {logging_mixin.py:188} INFO - [2026-02-28T21:45:28.001+0000] {dagbag.py:545} INFO - Filling up the DagBag from /home/airflow/.local/lib/python3.12/site-packages/airflow/example_dags/example_short_circuit_decorator.py
[2026-02-28T21:45:28.007+0000] {processor.py:840} INFO - DAG(s) 'example_short_circuit_decorator' retrieved from /home/airflow/.local/lib/python3.12/site-packages/airflow/example_dags/example_short_circuit_decorator.py
[2026-02-28T21:45:28.022+0000] {logging_mixin.py:188} INFO - [2026-02-28T21:45:28.022+0000] {dag.py:3096} INFO - Sync 1 DAGs
[2026-02-28T21:45:28.041+0000] {logging_mixin.py:188} INFO - [2026-02-28T21:45:28.041+0000] {dag.py:3954} INFO - Setting next_dagrun for example_short_circuit_decorator to 2026-02-27 00:00:00+00:00, run_after=2026-02-28 00:00:00+00:00
[2026-02-28T21:45:28.055+0000] {processor.py:183} INFO - Processing /home/airflow/.local/lib/python3.12/site-packages/airflow/example_dags/example_short_circuit_decorator.py took 0.059 seconds
[2026-02-28T21:45:58.373+0000] {processor.py:161} INFO - Started process (PID=685) to work on /home/airflow/.local/lib/python3.12/site-packages/airflow/example_dags/example_short_circuit_decorator.py
[2026-02-28T21:45:58.374+0000] {processor.py:830} INFO - Processing file /home/airflow/.local/lib/python3.12/site-packages/airflow/example_dags/example_short_circuit_decorator.py for tasks to queue
[2026-02-28T21:45:58.375+0000] {logging_mixin.py:188} INFO - [2026-02-28T21:45:58.374+0000] {dagbag.py:545} INFO - Filling up the DagBag from /home/airflow/.local/lib/python3.12/site-packages/airflow/example_dags/example_short_circuit_decorator.py
[2026-02-28T21:45:58.382+0000] {processor.py:840} INFO - DAG(s) 'example_short_circuit_decorator' retrieved from /home/airflow/.local/lib/python3.12/site-packages/airflow/example_dags/example_short_circuit_decorator.py
[2026-02-28T21:45:58.395+0000] {logging_mixin.py:188} INFO - [2026-02-28T21:45:58.395+0000] {dag.py:3096} INFO - Sync 1 DAGs
[2026-02-28T21:45:58.405+0000] {logging_mixin.py:188} INFO - [2026-02-28T21:45:58.405+0000] {dag.py:3954} INFO - Setting next_dagrun for example_short_circuit_decorator to 2026-02-27 00:00:00+00:00, run_after=2026-02-28 00:00:00+00:00
[2026-02-28T21:45:58.413+0000] {processor.py:183} INFO - Processing /home/airflow/.local/lib/python3.12/site-packages/airflow/example_dags/example_short_circuit_decorator.py took 0.043 seconds
[2026-02-28T21:46:28.960+0000] {processor.py:161} INFO - Started process (PID=743) to work on /home/airflow/.local/lib/python3.12/site-packages/airflow/example_dags/example_short_circuit_decorator.py
[2026-02-28T21:46:28.961+0000] {processor.py:830} INFO - Processing file /home/airflow/.local/lib/python3.12/site-packages/airflow/example_dags/example_short_circuit_decorator.py for tasks to queue
[2026-02-28T21:46:28.962+0000] {logging_mixin.py:188} INFO - [2026-02-28T21:46:28.962+0000] {dagbag.py:545} INFO - Filling up the DagBag from /home/airflow/.local/lib/python3.12/site-packages/airflow/example_dags/example_short_circuit_decorator.py
[2026-02-28T21:46:28.967+0000] {processor.py:840} INFO - DAG(s) 'example_short_circuit_decorator' retrieved from /home/airflow/.local/lib/python3.12/site-packages/airflow/example_dags/example_short_circuit_decorator.py
[2026-02-28T21:46:28.979+0000] {logging_mixin.py:188} INFO - [2026-02-28T21:46:28.979+0000] {dag.py:3096} INFO - Sync 1 DAGs
[2026-02-28T21:46:28.992+0000] {logging_mixin.py:188} INFO - [2026-02-28T21:46:28.992+0000] {dag.py:3954} INFO - Setting next_dagrun for example_short_circuit_decorator to 2026-02-27 00:00:00+00:00, run_after=2026-02-28 00:00:00+00:00
[2026-02-28T21:46:29.000+0000] {processor.py:183} INFO - Processing /home/airflow/.local/lib/python3.12/site-packages/airflow/example_dags/example_short_circuit_decorator.py took 0.044 seconds
[2026-02-28T21:46:59.820+0000] {processor.py:161} INFO - Started process (PID=801) to work on /home/airflow/.local/lib/python3.12/site-packages/airflow/example_dags/example_short_circuit_decorator.py
[2026-02-28T21:46:59.821+0000] {processor.py:830} INFO - Processing file /home/airflow/.local/lib/python3.12/site-packages/airflow/example_dags/example_short_circuit_decorator.py for tasks to queue
[2026-02-28T21:46:59.823+0000] {logging_mixin.py:188} INFO - [2026-02-28T21:46:59.822+0000] {dagbag.py:545} INFO - Filling up the DagBag from /home/airflow/.local/lib/python3.12/site-packages/airflow/example_dags/example_short_circuit_decorator.py
[2026-02-28T21:46:59.827+0000] {processor.py:840} INFO - DAG(s) 'example_short_circuit_decorator' retrieved from /home/airflow/.local/lib/python3.12/site-packages/airflow/example_dags/example_short_circuit_decorator.py
[2026-02-28T21:46:59.838+0000] {logging_mixin.py:188} INFO - [2026-02-28T21:46:59.838+0000] {dag.py:3096} INFO - Sync 1 DAGs
[2026-02-28T21:46:59.847+0000] {logging_mixin.py:188} INFO - [2026-02-28T21:46:59.847+0000] {dag.py:3954} INFO - Setting next_dagrun for example_short_circuit_decorator to 2026-02-27 00:00:00+00:00, run_after=2026-02-28 00:00:00+00:00
[2026-02-28T21:46:59.855+0000] {processor.py:183} INFO - Processing /home/airflow/.local/lib/python3.12/site-packages/airflow/example_dags/example_short_circuit_decorator.py took 0.037 seconds
[2026-02-28T21:47:30.823+0000] {processor.py:161} INFO - Started process (PID=859) to work on /home/airflow/.local/lib/python3.12/site-packages/airflow/example_dags/example_short_circuit_decorator.py
[2026-02-28T21:47:30.824+0000] {processor.py:830} INFO - Processing file /home/airflow/.local/lib/python3.12/site-packages/airflow/example_dags/example_short_circuit_decorator.py for tasks to queue
[2026-02-28T21:47:30.825+0000] {logging_mixin.py:188} INFO - [2026-02-28T21:47:30.825+0000] {dagbag.py:545} INFO - Filling up the DagBag from /home/airflow/.local/lib/python3.12/site-packages/airflow/example_dags/example_short_circuit_decorator.py
[2026-02-28T21:47:30.831+0000] {processor.py:840} INFO - DAG(s) 'example_short_circuit_decorator' retrieved from /home/airflow/.local/lib/python3.12/site-packages/airflow/example_dags/example_short_circuit_decorator.py
[2026-02-28T21:47:30.842+0000] {logging_mixin.py:188} INFO - [2026-02-28T21:47:30.842+0000] {dag.py:3096} INFO - Sync 1 DAGs
[2026-02-28T21:47:30.852+0000] {logging_mixin.py:188} INFO - [2026-02-28T21:47:30.852+0000] {dag.py:3954} INFO - Setting next_dagrun for example_short_circuit_decorator to 2026-02-27 00:00:00+00:00, run_after=2026-02-28 00:00:00+00:00
[2026-02-28T21:47:30.860+0000] {processor.py:183} INFO - Processing /home/airflow/.local/lib/python3.12/site-packages/airflow/example_dags/example_short_circuit_decorator.py took 0.040 seconds
[2026-02-28T21:48:01.626+0000] {processor.py:161} INFO - Started process (PID=917) to work on /home/airflow/.local/lib/python3.12/site-packages/airflow/example_dags/example_short_circuit_decorator.py
[2026-02-28T21:48:01.627+0000] {processor.py:830} INFO - Processing file /home/airflow/.local/lib/python3.12/site-packages/airflow/example_dags/example_short_circuit_decorator.py for tasks to queue
[2026-02-28T21:48:01.628+0000] {logging_mixin.py:188} INFO - [2026-02-28T21:48:01.628+0000] {dagbag.py:545} INFO - Filling up the DagBag from /home/airflow/.local/lib/python3.12/site-packages/airflow/example_dags/example_short_circuit_decorator.py
[2026-02-28T21:48:01.634+0000] {processor.py:840} INFO - DAG(s) 'example_short_circuit_decorator' retrieved from /home/airflow/.local/lib/python3.12/site-packages/airflow/example_dags/example_short_circuit_decorator.py
[2026-02-28T21:48:01.646+0000] {logging_mixin.py:188} INFO - [2026-02-28T21:48:01.646+0000] {dag.py:3096} INFO - Sync 1 DAGs
[2026-02-28T21:48:01.657+0000] {logging_mixin.py:188} INFO - [2026-02-28T21:48:01.657+0000] {dag.py:3954} INFO - Setting next_dagrun for example_short_circuit_decorator to 2026-02-27 00:00:00+00:00, run_after=2026-02-28 00:00:00+00:00
[2026-02-28T21:48:01.666+0000] {processor.py:183} INFO - Processing /home/airflow/.local/lib/python3.12/site-packages/airflow/example_dags/example_short_circuit_decorator.py took 0.045 seconds
[2026-02-28T21:48:32.745+0000] {processor.py:161} INFO - Started process (PID=975) to work on /home/airflow/.local/lib/python3.12/site-packages/airflow/example_dags/example_short_circuit_decorator.py
[2026-02-28T21:48:32.746+0000] {processor.py:830} INFO - Processing file /home/airflow/.local/lib/python3.12/site-packages/airflow/example_dags/example_short_circuit_decorator.py for tasks to queue
[2026-02-28T21:48:32.748+0000] {logging_mixin.py:188} INFO - [2026-02-28T21:48:32.748+0000] {dagbag.py:545} INFO - Filling up the DagBag from /home/airflow/.local/lib/python3.12/site-packages/airflow/example_dags/example_short_circuit_decorator.py
[2026-02-28T21:48:32.754+0000] {processor.py:840} INFO - DAG(s) 'example_short_circuit_decorator' retrieved from /home/airflow/.local/lib/python3.12/site-packages/airflow/example_dags/example_short_circuit_decorator.py
[2026-02-28T21:48:32.768+0000] {logging_mixin.py:188} INFO - [2026-02-28T21:48:32.768+0000] {dag.py:3096} INFO - Sync 1 DAGs
[2026-02-28T21:48:32.787+0000] {logging_mixin.py:188} INFO - [2026-02-28T21:48:32.787+0000] {dag.py:3954} INFO - Setting next_dagrun for example_short_circuit_decorator to 2026-02-27 00:00:00+00:00, run_after=2026-02-28 00:00:00+00:00
[2026-02-28T21:48:32.873+0000] {processor.py:183} INFO - Processing /home/airflow/.local/lib/python3.12/site-packages/airflow/example_dags/example_short_circuit_decorator.py took 0.133 seconds
[2026-02-28T21:49:03.320+0000] {processor.py:161} INFO - Started process (PID=1033) to work on /home/airflow/.local/lib/python3.12/site-packages/airflow/example_dags/example_short_circuit_decorator.py
[2026-02-28T21:49:03.320+0000] {processor.py:830} INFO - Processing file /home/airflow/.local/lib/python3.12/site-packages/airflow/example_dags/example_short_circuit_decorator.py for tasks to queue
[2026-02-28T21:49:03.323+0000] {logging_mixin.py:188} INFO - [2026-02-28T21:49:03.322+0000] {dagbag.py:545} INFO - Filling up the DagBag from /home/airflow/.local/lib/python3.12/site-packages/airflow/example_dags/example_short_circuit_decorator.py
[2026-02-28T21:49:03.329+0000] {processor.py:840} INFO - DAG(s) 'example_short_circuit_decorator' retrieved from /home/airflow/.local/lib/python3.12/site-packages/airflow/example_dags/example_short_circuit_decorator.py
[2026-02-28T21:49:03.343+0000] {logging_mixin.py:188} INFO - [2026-02-28T21:49:03.343+0000] {dag.py:3096} INFO - Sync 1 DAGs
[2026-02-28T21:49:03.356+0000] {logging_mixin.py:188} INFO - [2026-02-28T21:49:03.356+0000] {dag.py:3954} INFO - Setting next_dagrun for example_short_circuit_decorator to 2026-02-27 00:00:00+00:00, run_after=2026-02-28 00:00:00+00:00
[2026-02-28T21:49:03.365+0000] {processor.py:183} INFO - Processing /home/airflow/.local/lib/python3.12/site-packages/airflow/example_dags/example_short_circuit_decorator.py took 0.049 seconds
[2026-02-28T21:49:33.706+0000] {processor.py:161} INFO - Started process (PID=1091) to work on /home/airflow/.local/lib/python3.12/site-packages/airflow/example_dags/example_short_circuit_decorator.py
[2026-02-28T21:49:33.707+0000] {processor.py:830} INFO - Processing file /home/airflow/.local/lib/python3.12/site-packages/airflow/example_dags/example_short_circuit_decorator.py for tasks to queue
[2026-02-28T21:49:33.708+0000] {logging_mixin.py:188} INFO - [2026-02-28T21:49:33.708+0000] {dagbag.py:545} INFO - Filling up the DagBag from /home/airflow/.local/lib/python3.12/site-packages/airflow/example_dags/example_short_circuit_decorator.py
[2026-02-28T21:49:33.713+0000] {processor.py:840} INFO - DAG(s) 'example_short_circuit_decorator' retrieved from /home/airflow/.local/lib/python3.12/site-packages/airflow/example_dags/example_short_circuit_decorator.py
[2026-02-28T21:49:33.724+0000] {logging_mixin.py:188} INFO - [2026-02-28T21:49:33.724+0000] {dag.py:3096} INFO - Sync 1 DAGs
[2026-02-28T21:49:33.733+0000] {logging_mixin.py:188} INFO - [2026-02-28T21:49:33.733+0000] {dag.py:3954} INFO - Setting next_dagrun for example_short_circuit_decorator to 2026-02-27 00:00:00+00:00, run_after=2026-02-28 00:00:00+00:00
[2026-02-28T21:49:33.742+0000] {processor.py:183} INFO - Processing /home/airflow/.local/lib/python3.12/site-packages/airflow/example_dags/example_short_circuit_decorator.py took 0.039 seconds
[2026-02-28T21:50:04.083+0000] {processor.py:161} INFO - Started process (PID=1149) to work on /home/airflow/.local/lib/python3.12/site-packages/airflow/example_dags/example_short_circuit_decorator.py
[2026-02-28T21:50:04.084+0000] {processor.py:830} INFO - Processing file /home/airflow/.local/lib/python3.12/site-packages/airflow/example_dags/example_short_circuit_decorator.py for tasks to queue
[2026-02-28T21:50:04.085+0000] {logging_mixin.py:188} INFO - [2026-02-28T21:50:04.085+0000] {dagbag.py:545} INFO - Filling up the DagBag from /home/airflow/.local/lib/python3.12/site-packages/airflow/example_dags/example_short_circuit_decorator.py
[2026-02-28T21:50:04.090+0000] {processor.py:840} INFO - DAG(s) 'example_short_circuit_decorator' retrieved from /home/airflow/.local/lib/python3.12/site-packages/airflow/example_dags/example_short_circuit_decorator.py
[2026-02-28T21:50:04.102+0000] {logging_mixin.py:188} INFO - [2026-02-28T21:50:04.101+0000] {dag.py:3096} INFO - Sync 1 DAGs
[2026-02-28T21:50:04.112+0000] {logging_mixin.py:188} INFO - [2026-02-28T21:50:04.112+0000] {dag.py:3954} INFO - Setting next_dagrun for example_short_circuit_decorator to 2026-02-27 00:00:00+00:00, run_after=2026-02-28 00:00:00+00:00
[2026-02-28T21:50:04.121+0000] {processor.py:183} INFO - Processing /home/airflow/.local/lib/python3.12/site-packages/airflow/example_dags/example_short_circuit_decorator.py took 0.041 seconds
[2026-02-28T21:50:34.458+0000] {processor.py:161} INFO - Started process (PID=1207) to work on /home/airflow/.local/lib/python3.12/site-packages/airflow/example_dags/example_short_circuit_decorator.py
[2026-02-28T21:50:34.459+0000] {processor.py:830} INFO - Processing file /home/airflow/.local/lib/python3.12/site-packages/airflow/example_dags/example_short_circuit_decorator.py for tasks to queue
[2026-02-28T21:50:34.461+0000] {logging_mixin.py:188} INFO - [2026-02-28T21:50:34.460+0000] {dagbag.py:545} INFO - Filling up the DagBag from /home/airflow/.local/lib/python3.12/site-packages/airflow/example_dags/example_short_circuit_decorator.py
[2026-02-28T21:50:34.466+0000] {processor.py:840} INFO - DAG(s) 'example_short_circuit_decorator' retrieved from /home/airflow/.local/lib/python3.12/site-packages/airflow/example_dags/example_short_circuit_decorator.py
[2026-02-28T21:50:34.479+0000] {logging_mixin.py:188} INFO - [2026-02-28T21:50:34.478+0000] {dag.py:3096} INFO - Sync 1 DAGs
[2026-02-28T21:50:34.490+0000] {logging_mixin.py:188} INFO - [2026-02-28T21:50:34.490+0000] {dag.py:3954} INFO - Setting next_dagrun for example_short_circuit_decorator to 2026-02-27 00:00:00+00:00, run_after=2026-02-28 00:00:00+00:00
[2026-02-28T21:50:34.499+0000] {processor.py:183} INFO - Processing /home/airflow/.local/lib/python3.12/site-packages/airflow/example_dags/example_short_circuit_decorator.py took 0.046 seconds
[2026-02-28T21:51:04.700+0000] {processor.py:161} INFO - Started process (PID=1265) to work on /home/airflow/.local/lib/python3.12/site-packages/airflow/example_dags/example_short_circuit_decorator.py
[2026-02-28T21:51:04.701+0000] {processor.py:830} INFO - Processing file /home/airflow/.local/lib/python3.12/site-packages/airflow/example_dags/example_short_circuit_decorator.py for tasks to queue
[2026-02-28T21:51:04.703+0000] {logging_mixin.py:188} INFO - [2026-02-28T21:51:04.703+0000] {dagbag.py:545} INFO - Filling up the DagBag from /home/airflow/.local/lib/python3.12/site-packages/airflow/example_dags/example_short_circuit_decorator.py
[2026-02-28T21:51:04.711+0000] {processor.py:840} INFO - DAG(s) 'example_short_circuit_decorator' retrieved from /home/airflow/.local/lib/python3.12/site-packages/airflow/example_dags/example_short_circuit_decorator.py
[2026-02-28T21:51:04.725+0000] {logging_mixin.py:188} INFO - [2026-02-28T21:51:04.725+0000] {dag.py:3096} INFO - Sync 1 DAGs
[2026-02-28T21:51:04.739+0000] {logging_mixin.py:188} INFO - [2026-02-28T21:51:04.739+0000] {dag.py:3954} INFO - Setting next_dagrun for example_short_circuit_decorator to 2026-02-27 00:00:00+00:00, run_after=2026-02-28 00:00:00+00:00
[2026-02-28T21:51:04.750+0000] {processor.py:183} INFO - Processing /home/airflow/.local/lib/python3.12/site-packages/airflow/example_dags/example_short_circuit_decorator.py took 0.054 seconds
[2026-02-28T21:51:35.149+0000] {processor.py:161} INFO - Started process (PID=1323) to work on /home/airflow/.local/lib/python3.12/site-packages/airflow/example_dags/example_short_circuit_decorator.py
[2026-02-28T21:51:35.150+0000] {processor.py:830} INFO - Processing file /home/airflow/.local/lib/python3.12/site-packages/airflow/example_dags/example_short_circuit_decorator.py for tasks to queue
[2026-02-28T21:51:35.152+0000] {logging_mixin.py:188} INFO - [2026-02-28T21:51:35.152+0000] {dagbag.py:545} INFO - Filling up the DagBag from /home/airflow/.local/lib/python3.12/site-packages/airflow/example_dags/example_short_circuit_decorator.py
[2026-02-28T21:51:35.158+0000] {processor.py:840} INFO - DAG(s) 'example_short_circuit_decorator' retrieved from /home/airflow/.local/lib/python3.12/site-packages/airflow/example_dags/example_short_circuit_decorator.py
[2026-02-28T21:51:35.169+0000] {logging_mixin.py:188} INFO - [2026-02-28T21:51:35.169+0000] {dag.py:3096} INFO - Sync 1 DAGs
[2026-02-28T21:51:35.179+0000] {logging_mixin.py:188} INFO - [2026-02-28T21:51:35.179+0000] {dag.py:3954} INFO - Setting next_dagrun for example_short_circuit_decorator to 2026-02-27 00:00:00+00:00, run_after=2026-02-28 00:00:00+00:00
[2026-02-28T21:51:35.187+0000] {processor.py:183} INFO - Processing /home/airflow/.local/lib/python3.12/site-packages/airflow/example_dags/example_short_circuit_decorator.py took 0.041 seconds
[2026-02-28T21:52:06.344+0000] {processor.py:161} INFO - Started process (PID=1381) to work on /home/airflow/.local/lib/python3.12/site-packages/airflow/example_dags/example_short_circuit_decorator.py
[2026-02-28T21:52:06.345+0000] {processor.py:830} INFO - Processing file /home/airflow/.local/lib/python3.12/site-packages/airflow/example_dags/example_short_circuit_decorator.py for tasks to queue
[2026-02-28T21:52:06.347+0000] {logging_mixin.py:188} INFO - [2026-02-28T21:52:06.347+0000] {dagbag.py:545} INFO - Filling up the DagBag from /home/airflow/.local/lib/python3.12/site-packages/airflow/example_dags/example_short_circuit_decorator.py
[2026-02-28T21:52:06.353+0000] {processor.py:840} INFO - DAG(s) 'example_short_circuit_decorator' retrieved from /home/airflow/.local/lib/python3.12/site-packages/airflow/example_dags/example_short_circuit_decorator.py
[2026-02-28T21:52:06.367+0000] {logging_mixin.py:188} INFO - [2026-02-28T21:52:06.366+0000] {dag.py:3096} INFO - Sync 1 DAGs
[2026-02-28T21:52:06.467+0000] {logging_mixin.py:188} INFO - [2026-02-28T21:52:06.467+0000] {dag.py:3954} INFO - Setting next_dagrun for example_short_circuit_decorator to 2026-02-27 00:00:00+00:00, run_after=2026-02-28 00:00:00+00:00
[2026-02-28T21:52:06.476+0000] {processor.py:183} INFO - Processing /home/airflow/.local/lib/python3.12/site-packages/airflow/example_dags/example_short_circuit_decorator.py took 0.137 seconds
[2026-02-28T21:52:36.969+0000] {processor.py:161} INFO - Started process (PID=1439) to work on /home/airflow/.local/lib/python3.12/site-packages/airflow/example_dags/example_short_circuit_decorator.py
[2026-02-28T21:52:36.970+0000] {processor.py:830} INFO - Processing file /home/airflow/.local/lib/python3.12/site-packages/airflow/example_dags/example_short_circuit_decorator.py for tasks to queue
[2026-02-28T21:52:36.972+0000] {logging_mixin.py:188} INFO - [2026-02-28T21:52:36.972+0000] {dagbag.py:545} INFO - Filling up the DagBag from /home/airflow/.local/lib/python3.12/site-packages/airflow/example_dags/example_short_circuit_decorator.py
[2026-02-28T21:52:36.979+0000] {processor.py:840} INFO - DAG(s) 'example_short_circuit_decorator' retrieved from /home/airflow/.local/lib/python3.12/site-packages/airflow/example_dags/example_short_circuit_decorator.py
[2026-02-28T21:52:36.998+0000] {logging_mixin.py:188} INFO - [2026-02-28T21:52:36.997+0000] {dag.py:3096} INFO - Sync 1 DAGs
[2026-02-28T21:52:37.234+0000] {logging_mixin.py:188} INFO - [2026-02-28T21:52:37.234+0000] {dag.py:3954} INFO - Setting next_dagrun for example_short_circuit_decorator to 2026-02-27 00:00:00+00:00, run_after=2026-02-28 00:00:00+00:00
[2026-02-28T21:52:37.242+0000] {processor.py:183} INFO - Processing /home/airflow/.local/lib/python3.12/site-packages/airflow/example_dags/example_short_circuit_decorator.py took 0.280 seconds
[2026-02-28T21:53:08.109+0000] {processor.py:161} INFO - Started process (PID=1497) to work on /home/airflow/.local/lib/python3.12/site-packages/airflow/example_dags/example_short_circuit_decorator.py
[2026-02-28T21:53:08.110+0000] {processor.py:830} INFO - Processing file /home/airflow/.local/lib/python3.12/site-packages/airflow/example_dags/example_short_circuit_decorator.py for tasks to queue
[2026-02-28T21:53:08.111+0000] {logging_mixin.py:188} INFO - [2026-02-28T21:53:08.111+0000] {dagbag.py:545} INFO - Filling up the DagBag from /home/airflow/.local/lib/python3.12/site-packages/airflow/example_dags/example_short_circuit_decorator.py
[2026-02-28T21:53:08.115+0000] {processor.py:840} INFO - DAG(s) 'example_short_circuit_decorator' retrieved from /home/airflow/.local/lib/python3.12/site-packages/airflow/example_dags/example_short_circuit_decorator.py
[2026-02-28T21:53:08.130+0000] {logging_mixin.py:188} INFO - [2026-02-28T21:53:08.130+0000] {dag.py:3096} INFO - Sync 1 DAGs
[2026-02-28T21:53:08.317+0000] {logging_mixin.py:188} INFO - [2026-02-28T21:53:08.317+0000] {dag.py:3954} INFO - Setting next_dagrun for example_short_circuit_decorator to 2026-02-27 00:00:00+00:00, run_after=2026-02-28 00:00:00+00:00
[2026-02-28T21:53:08.326+0000] {processor.py:183} INFO - Processing /home/airflow/.local/lib/python3.12/site-packages/airflow/example_dags/example_short_circuit_decorator.py took 0.222 seconds
[2026-02-28T21:53:39.316+0000] {processor.py:161} INFO - Started process (PID=1555) to work on /home/airflow/.local/lib/python3.12/site-packages/airflow/example_dags/example_short_circuit_decorator.py
[2026-02-28T21:53:39.318+0000] {processor.py:830} INFO - Processing file /home/airflow/.local/lib/python3.12/site-packages/airflow/example_dags/example_short_circuit_decorator.py for tasks to queue
[2026-02-28T21:53:39.321+0000] {logging_mixin.py:188} INFO - [2026-02-28T21:53:39.320+0000] {dagbag.py:545} INFO - Filling up the DagBag from /home/airflow/.local/lib/python3.12/site-packages/airflow/example_dags/example_short_circuit_decorator.py
[2026-02-28T21:53:39.335+0000] {processor.py:840} INFO - DAG(s) 'example_short_circuit_decorator' retrieved from /home/airflow/.local/lib/python3.12/site-packages/airflow/example_dags/example_short_circuit_decorator.py
[2026-02-28T21:53:39.350+0000] {logging_mixin.py:188} INFO - [2026-02-28T21:53:39.350+0000] {dag.py:3096} INFO - Sync 1 DAGs
[2026-02-28T21:53:39.456+0000] {logging_mixin.py:188} INFO - [2026-02-28T21:53:39.456+0000] {dag.py:3954} INFO - Setting next_dagrun for example_short_circuit_decorator to 2026-02-27 00:00:00+00:00, run_after=2026-02-28 00:00:00+00:00
[2026-02-28T21:53:39.464+0000] {processor.py:183} INFO - Processing /home/airflow/.local/lib/python3.12/site-packages/airflow/example_dags/example_short_circuit_decorator.py took 0.155 seconds
[2026-02-28T21:54:10.303+0000] {processor.py:161} INFO - Started process (PID=1613) to work on /home/airflow/.local/lib/python3.12/site-packages/airflow/example_dags/example_short_circuit_decorator.py
[2026-02-28T21:54:10.304+0000] {processor.py:830} INFO - Processing file /home/airflow/.local/lib/python3.12/site-packages/airflow/example_dags/example_short_circuit_decorator.py for tasks to queue
[2026-02-28T21:54:10.307+0000] {logging_mixin.py:188} INFO - [2026-02-28T21:54:10.307+0000] {dagbag.py:545} INFO - Filling up the DagBag from /home/airflow/.local/lib/python3.12/site-packages/airflow/example_dags/example_short_circuit_decorator.py
[2026-02-28T21:54:10.315+0000] {processor.py:840} INFO - DAG(s) 'example_short_circuit_decorator' retrieved from /home/airflow/.local/lib/python3.12/site-packages/airflow/example_dags/example_short_circuit_decorator.py
[2026-02-28T21:54:10.335+0000] {logging_mixin.py:188} INFO - [2026-02-28T21:54:10.335+0000] {dag.py:3096} INFO - Sync 1 DAGs
[2026-02-28T21:54:10.350+0000] {logging_mixin.py:188} INFO - [2026-02-28T21:54:10.350+0000] {dag.py:3954} INFO - Setting next_dagrun for example_short_circuit_decorator to 2026-02-27 00:00:00+00:00, run_after=2026-02-28 00:00:00+00:00
[2026-02-28T21:54:10.362+0000] {processor.py:183} INFO - Processing /home/airflow/.local/lib/python3.12/site-packages/airflow/example_dags/example_short_circuit_decorator.py took 0.065 seconds
[2026-02-28T21:54:41.013+0000] {processor.py:161} INFO - Started process (PID=1671) to work on /home/airflow/.local/lib/python3.12/site-packages/airflow/example_dags/example_short_circuit_decorator.py
[2026-02-28T21:54:41.015+0000] {processor.py:830} INFO - Processing file /home/airflow/.local/lib/python3.12/site-packages/airflow/example_dags/example_short_circuit_decorator.py for tasks to queue
[2026-02-28T21:54:41.016+0000] {logging_mixin.py:188} INFO - [2026-02-28T21:54:41.016+0000] {dagbag.py:545} INFO - Filling up the DagBag from /home/airflow/.local/lib/python3.12/site-packages/airflow/example_dags/example_short_circuit_decorator.py
[2026-02-28T21:54:41.026+0000] {processor.py:840} INFO - DAG(s) 'example_short_circuit_decorator' retrieved from /home/airflow/.local/lib/python3.12/site-packages/airflow/example_dags/example_short_circuit_decorator.py
[2026-02-28T21:54:41.054+0000] {logging_mixin.py:188} INFO - [2026-02-28T21:54:41.054+0000] {dag.py:3096} INFO - Sync 1 DAGs
[2026-02-28T21:54:41.069+0000] {logging_mixin.py:188} INFO - [2026-02-28T21:54:41.068+0000] {dag.py:3954} INFO - Setting next_dagrun for example_short_circuit_decorator to 2026-02-27 00:00:00+00:00, run_after=2026-02-28 00:00:00+00:00
[2026-02-28T21:54:41.084+0000] {processor.py:183} INFO - Processing /home/airflow/.local/lib/python3.12/site-packages/airflow/example_dags/example_short_circuit_decorator.py took 0.075 seconds
[2026-02-28T21:55:11.538+0000] {processor.py:161} INFO - Started process (PID=1732) to work on /home/airflow/.local/lib/python3.12/site-packages/airflow/example_dags/example_short_circuit_decorator.py
[2026-02-28T21:55:11.539+0000] {processor.py:830} INFO - Processing file /home/airflow/.local/lib/python3.12/site-packages/airflow/example_dags/example_short_circuit_decorator.py for tasks to queue
[2026-02-28T21:55:11.541+0000] {logging_mixin.py:188} INFO - [2026-02-28T21:55:11.540+0000] {dagbag.py:545} INFO - Filling up the DagBag from /home/airflow/.local/lib/python3.12/site-packages/airflow/example_dags/example_short_circuit_decorator.py
[2026-02-28T21:55:11.546+0000] {processor.py:840} INFO - DAG(s) 'example_short_circuit_decorator' retrieved from /home/airflow/.local/lib/python3.12/site-packages/airflow/example_dags/example_short_circuit_decorator.py
[2026-02-28T21:55:11.558+0000] {logging_mixin.py:188} INFO - [2026-02-28T21:55:11.558+0000] {dag.py:3096} INFO - Sync 1 DAGs
[2026-02-28T21:55:11.578+0000] {logging_mixin.py:188} INFO - [2026-02-28T21:55:11.578+0000] {dag.py:3954} INFO - Setting next_dagrun for example_short_circuit_decorator to 2026-02-27 00:00:00+00:00, run_after=2026-02-28 00:00:00+00:00
[2026-02-28T21:55:11.591+0000] {processor.py:183} INFO - Processing /home/airflow/.local/lib/python3.12/site-packages/airflow/example_dags/example_short_circuit_decorator.py took 0.056 seconds
[2026-02-28T21:55:42.418+0000] {processor.py:161} INFO - Started process (PID=1790) to work on /home/airflow/.local/lib/python3.12/site-packages/airflow/example_dags/example_short_circuit_decorator.py
[2026-02-28T21:55:42.419+0000] {processor.py:830} INFO - Processing file /home/airflow/.local/lib/python3.12/site-packages/airflow/example_dags/example_short_circuit_decorator.py for tasks to queue
[2026-02-28T21:55:42.421+0000] {logging_mixin.py:188} INFO - [2026-02-28T21:55:42.420+0000] {dagbag.py:545} INFO - Filling up the DagBag from /home/airflow/.local/lib/python3.12/site-packages/airflow/example_dags/example_short_circuit_decorator.py
[2026-02-28T21:55:42.431+0000] {processor.py:840} INFO - DAG(s) 'example_short_circuit_decorator' retrieved from /home/airflow/.local/lib/python3.12/site-packages/airflow/example_dags/example_short_circuit_decorator.py
[2026-02-28T21:55:42.446+0000] {logging_mixin.py:188} INFO - [2026-02-28T21:55:42.446+0000] {dag.py:3096} INFO - Sync 1 DAGs
[2026-02-28T21:55:42.464+0000] {logging_mixin.py:188} INFO - [2026-02-28T21:55:42.464+0000] {dag.py:3954} INFO - Setting next_dagrun for example_short_circuit_decorator to 2026-02-27 00:00:00+00:00, run_after=2026-02-28 00:00:00+00:00
[2026-02-28T21:55:42.473+0000] {processor.py:183} INFO - Processing /home/airflow/.local/lib/python3.12/site-packages/airflow/example_dags/example_short_circuit_decorator.py took 0.058 seconds
[2026-02-28T21:56:12.833+0000] {processor.py:161} INFO - Started process (PID=1848) to work on /home/airflow/.local/lib/python3.12/site-packages/airflow/example_dags/example_short_circuit_decorator.py
[2026-02-28T21:56:12.834+0000] {processor.py:830} INFO - Processing file /home/airflow/.local/lib/python3.12/site-packages/airflow/example_dags/example_short_circuit_decorator.py for tasks to queue
[2026-02-28T21:56:12.836+0000] {logging_mixin.py:188} INFO - [2026-02-28T21:56:12.836+0000] {dagbag.py:545} INFO - Filling up the DagBag from /home/airflow/.local/lib/python3.12/site-packages/airflow/example_dags/example_short_circuit_decorator.py
[2026-02-28T21:56:12.842+0000] {processor.py:840} INFO - DAG(s) 'example_short_circuit_decorator' retrieved from /home/airflow/.local/lib/python3.12/site-packages/airflow/example_dags/example_short_circuit_decorator.py
[2026-02-28T21:56:12.855+0000] {logging_mixin.py:188} INFO - [2026-02-28T21:56:12.854+0000] {dag.py:3096} INFO - Sync 1 DAGs
[2026-02-28T21:56:12.865+0000] {logging_mixin.py:188} INFO - [2026-02-28T21:56:12.865+0000] {dag.py:3954} INFO - Setting next_dagrun for example_short_circuit_decorator to 2026-02-27 00:00:00+00:00, run_after=2026-02-28 00:00:00+00:00
[2026-02-28T21:56:12.873+0000] {processor.py:183} INFO - Processing /home/airflow/.local/lib/python3.12/site-packages/airflow/example_dags/example_short_circuit_decorator.py took 0.043 seconds
[2026-02-28T21:56:43.024+0000] {processor.py:161} INFO - Started process (PID=1906) to work on /home/airflow/.local/lib/python3.12/site-packages/airflow/example_dags/example_short_circuit_decorator.py
[2026-02-28T21:56:43.025+0000] {processor.py:830} INFO - Processing file /home/airflow/.local/lib/python3.12/site-packages/airflow/example_dags/example_short_circuit_decorator.py for tasks to queue
[2026-02-28T21:56:43.027+0000] {logging_mixin.py:188} INFO - [2026-02-28T21:56:43.027+0000] {dagbag.py:545} INFO - Filling up the DagBag from /home/airflow/.local/lib/python3.12/site-packages/airflow/example_dags/example_short_circuit_decorator.py
[2026-02-28T21:56:43.037+0000] {processor.py:840} INFO - DAG(s) 'example_short_circuit_decorator' retrieved from /home/airflow/.local/lib/python3.12/site-packages/airflow/example_dags/example_short_circuit_decorator.py
[2026-02-28T21:56:43.054+0000] {logging_mixin.py:188} INFO - [2026-02-28T21:56:43.053+0000] {dag.py:3096} INFO - Sync 1 DAGs
[2026-02-28T21:56:43.065+0000] {logging_mixin.py:188} INFO - [2026-02-28T21:56:43.065+0000] {dag.py:3954} INFO - Setting next_dagrun for example_short_circuit_decorator to 2026-02-27 00:00:00+00:00, run_after=2026-02-28 00:00:00+00:00
[2026-02-28T21:56:43.076+0000] {processor.py:183} INFO - Processing /home/airflow/.local/lib/python3.12/site-packages/airflow/example_dags/example_short_circuit_decorator.py took 0.056 seconds
[2026-02-28T21:57:13.585+0000] {processor.py:161} INFO - Started process (PID=1964) to work on /home/airflow/.local/lib/python3.12/site-packages/airflow/example_dags/example_short_circuit_decorator.py
[2026-02-28T21:57:13.586+0000] {processor.py:830} INFO - Processing file /home/airflow/.local/lib/python3.12/site-packages/airflow/example_dags/example_short_circuit_decorator.py for tasks to queue
[2026-02-28T21:57:13.589+0000] {logging_mixin.py:188} INFO - [2026-02-28T21:57:13.588+0000] {dagbag.py:545} INFO - Filling up the DagBag from /home/airflow/.local/lib/python3.12/site-packages/airflow/example_dags/example_short_circuit_decorator.py
[2026-02-28T21:57:13.600+0000] {processor.py:840} INFO - DAG(s) 'example_short_circuit_decorator' retrieved from /home/airflow/.local/lib/python3.12/site-packages/airflow/example_dags/example_short_circuit_decorator.py
[2026-02-28T21:57:13.621+0000] {logging_mixin.py:188} INFO - [2026-02-28T21:57:13.620+0000] {dag.py:3096} INFO - Sync 1 DAGs
[2026-02-28T21:57:13.645+0000] {logging_mixin.py:188} INFO - [2026-02-28T21:57:13.645+0000] {dag.py:3954} INFO - Setting next_dagrun for example_short_circuit_decorator to 2026-02-27 00:00:00+00:00, run_after=2026-02-28 00:00:00+00:00
[2026-02-28T21:57:13.658+0000] {processor.py:183} INFO - Processing /home/airflow/.local/lib/python3.12/site-packages/airflow/example_dags/example_short_circuit_decorator.py took 0.083 seconds
[2026-02-28T21:57:44.524+0000] {processor.py:161} INFO - Started process (PID=2022) to work on /home/airflow/.local/lib/python3.12/site-packages/airflow/example_dags/example_short_circuit_decorator.py
[2026-02-28T21:57:44.525+0000] {processor.py:830} INFO - Processing file /home/airflow/.local/lib/python3.12/site-packages/airflow/example_dags/example_short_circuit_decorator.py for tasks to queue
[2026-02-28T21:57:44.527+0000] {logging_mixin.py:188} INFO - [2026-02-28T21:57:44.527+0000] {dagbag.py:545} INFO - Filling up the DagBag from /home/airflow/.local/lib/python3.12/site-packages/airflow/example_dags/example_short_circuit_decorator.py
[2026-02-28T21:57:44.535+0000] {processor.py:840} INFO - DAG(s) 'example_short_circuit_decorator' retrieved from /home/airflow/.local/lib/python3.12/site-packages/airflow/example_dags/example_short_circuit_decorator.py
[2026-02-28T21:57:44.567+0000] {logging_mixin.py:188} INFO - [2026-02-28T21:57:44.565+0000] {dag.py:3096} INFO - Sync 1 DAGs
[2026-02-28T21:57:44.620+0000] {logging_mixin.py:188} INFO - [2026-02-28T21:57:44.620+0000] {dag.py:3954} INFO - Setting next_dagrun for example_short_circuit_decorator to 2026-02-27 00:00:00+00:00, run_after=2026-02-28 00:00:00+00:00
[2026-02-28T21:57:44.640+0000] {processor.py:183} INFO - Processing /home/airflow/.local/lib/python3.12/site-packages/airflow/example_dags/example_short_circuit_decorator.py took 0.120 seconds
[2026-02-28T21:58:15.057+0000] {processor.py:161} INFO - Started process (PID=2080) to work on /home/airflow/.local/lib/python3.12/site-packages/airflow/example_dags/example_short_circuit_decorator.py
[2026-02-28T21:58:15.059+0000] {processor.py:830} INFO - Processing file /home/airflow/.local/lib/python3.12/site-packages/airflow/example_dags/example_short_circuit_decorator.py for tasks to queue
[2026-02-28T21:58:15.061+0000] {logging_mixin.py:188} INFO - [2026-02-28T21:58:15.061+0000] {dagbag.py:545} INFO - Filling up the DagBag from /home/airflow/.local/lib/python3.12/site-packages/airflow/example_dags/example_short_circuit_decorator.py
[2026-02-28T21:58:15.070+0000] {processor.py:840} INFO - DAG(s) 'example_short_circuit_decorator' retrieved from /home/airflow/.local/lib/python3.12/site-packages/airflow/example_dags/example_short_circuit_decorator.py
[2026-02-28T21:58:15.089+0000] {logging_mixin.py:188} INFO - [2026-02-28T21:58:15.089+0000] {dag.py:3096} INFO - Sync 1 DAGs
[2026-02-28T21:58:15.105+0000] {logging_mixin.py:188} INFO - [2026-02-28T21:58:15.105+0000] {dag.py:3954} INFO - Setting next_dagrun for example_short_circuit_decorator to 2026-02-27 00:00:00+00:00, run_after=2026-02-28 00:00:00+00:00
[2026-02-28T21:58:15.320+0000] {processor.py:183} INFO - Processing /home/airflow/.local/lib/python3.12/site-packages/airflow/example_dags/example_short_circuit_decorator.py took 0.267 seconds
[2026-02-28T21:58:45.804+0000] {processor.py:161} INFO - Started process (PID=2138) to work on /home/airflow/.local/lib/python3.12/site-packages/airflow/example_dags/example_short_circuit_decorator.py
[2026-02-28T21:58:45.805+0000] {processor.py:830} INFO - Processing file /home/airflow/.local/lib/python3.12/site-packages/airflow/example_dags/example_short_circuit_decorator.py for tasks to queue
[2026-02-28T21:58:45.807+0000] {logging_mixin.py:188} INFO - [2026-02-28T21:58:45.806+0000] {dagbag.py:545} INFO - Filling up the DagBag from /home/airflow/.local/lib/python3.12/site-packages/airflow/example_dags/example_short_circuit_decorator.py
[2026-02-28T21:58:45.819+0000] {processor.py:840} INFO - DAG(s) 'example_short_circuit_decorator' retrieved from /home/airflow/.local/lib/python3.12/site-packages/airflow/example_dags/example_short_circuit_decorator.py
[2026-02-28T21:58:45.860+0000] {logging_mixin.py:188} INFO - [2026-02-28T21:58:45.860+0000] {dag.py:3096} INFO - Sync 1 DAGs
[2026-02-28T21:58:45.885+0000] {logging_mixin.py:188} INFO - [2026-02-28T21:58:45.885+0000] {dag.py:3954} INFO - Setting next_dagrun for example_short_circuit_decorator to 2026-02-27 00:00:00+00:00, run_after=2026-02-28 00:00:00+00:00
[2026-02-28T21:58:46.029+0000] {processor.py:183} INFO - Processing /home/airflow/.local/lib/python3.12/site-packages/airflow/example_dags/example_short_circuit_decorator.py took 0.231 seconds
[2026-02-28T21:59:16.516+0000] {processor.py:161} INFO - Started process (PID=2196) to work on /home/airflow/.local/lib/python3.12/site-packages/airflow/example_dags/example_short_circuit_decorator.py
[2026-02-28T21:59:16.516+0000] {processor.py:830} INFO - Processing file /home/airflow/.local/lib/python3.12/site-packages/airflow/example_dags/example_short_circuit_decorator.py for tasks to queue
[2026-02-28T21:59:16.517+0000] {logging_mixin.py:188} INFO - [2026-02-28T21:59:16.517+0000] {dagbag.py:545} INFO - Filling up the DagBag from /home/airflow/.local/lib/python3.12/site-packages/airflow/example_dags/example_short_circuit_decorator.py
[2026-02-28T21:59:16.523+0000] {processor.py:840} INFO - DAG(s) 'example_short_circuit_decorator' retrieved from /home/airflow/.local/lib/python3.12/site-packages/airflow/example_dags/example_short_circuit_decorator.py
[2026-02-28T21:59:16.543+0000] {logging_mixin.py:188} INFO - [2026-02-28T21:59:16.542+0000] {dag.py:3096} INFO - Sync 1 DAGs
[2026-02-28T21:59:16.673+0000] {logging_mixin.py:188} INFO - [2026-02-28T21:59:16.673+0000] {dag.py:3954} INFO - Setting next_dagrun for example_short_circuit_decorator to 2026-02-27 00:00:00+00:00, run_after=2026-02-28 00:00:00+00:00
[2026-02-28T21:59:16.680+0000] {processor.py:183} INFO - Processing /home/airflow/.local/lib/python3.12/site-packages/airflow/example_dags/example_short_circuit_decorator.py took 0.168 seconds
[2026-02-28T21:59:46.947+0000] {processor.py:161} INFO - Started process (PID=2254) to work on /home/airflow/.local/lib/python3.12/site-packages/airflow/example_dags/example_short_circuit_decorator.py
[2026-02-28T21:59:46.950+0000] {processor.py:830} INFO - Processing file /home/airflow/.local/lib/python3.12/site-packages/airflow/example_dags/example_short_circuit_decorator.py for tasks to queue
[2026-02-28T21:59:46.952+0000] {logging_mixin.py:188} INFO - [2026-02-28T21:59:46.952+0000] {dagbag.py:545} INFO - Filling up the DagBag from /home/airflow/.local/lib/python3.12/site-packages/airflow/example_dags/example_short_circuit_decorator.py
[2026-02-28T21:59:46.959+0000] {processor.py:840} INFO - DAG(s) 'example_short_circuit_decorator' retrieved from /home/airflow/.local/lib/python3.12/site-packages/airflow/example_dags/example_short_circuit_decorator.py
[2026-02-28T21:59:46.995+0000] {logging_mixin.py:188} INFO - [2026-02-28T21:59:46.995+0000] {dag.py:3096} INFO - Sync 1 DAGs
[2026-02-28T21:59:47.177+0000] {logging_mixin.py:188} INFO - [2026-02-28T21:59:47.176+0000] {dag.py:3954} INFO - Setting next_dagrun for example_short_circuit_decorator to 2026-02-27 00:00:00+00:00, run_after=2026-02-28 00:00:00+00:00
[2026-02-28T21:59:47.193+0000] {processor.py:183} INFO - Processing /home/airflow/.local/lib/python3.12/site-packages/airflow/example_dags/example_short_circuit_decorator.py took 0.253 seconds
[2026-02-28T22:00:17.744+0000] {processor.py:161} INFO - Started process (PID=2312) to work on /home/airflow/.local/lib/python3.12/site-packages/airflow/example_dags/example_short_circuit_decorator.py
[2026-02-28T22:00:17.745+0000] {processor.py:830} INFO - Processing file /home/airflow/.local/lib/python3.12/site-packages/airflow/example_dags/example_short_circuit_decorator.py for tasks to queue
[2026-02-28T22:00:17.747+0000] {logging_mixin.py:188} INFO - [2026-02-28T22:00:17.747+0000] {dagbag.py:545} INFO - Filling up the DagBag from /home/airflow/.local/lib/python3.12/site-packages/airflow/example_dags/example_short_circuit_decorator.py
[2026-02-28T22:00:17.752+0000] {processor.py:840} INFO - DAG(s) 'example_short_circuit_decorator' retrieved from /home/airflow/.local/lib/python3.12/site-packages/airflow/example_dags/example_short_circuit_decorator.py
[2026-02-28T22:00:17.780+0000] {logging_mixin.py:188} INFO - [2026-02-28T22:00:17.779+0000] {dag.py:3096} INFO - Sync 1 DAGs
[2026-02-28T22:00:17.893+0000] {logging_mixin.py:188} INFO - [2026-02-28T22:00:17.893+0000] {dag.py:3954} INFO - Setting next_dagrun for example_short_circuit_decorator to 2026-02-27 00:00:00+00:00, run_after=2026-02-28 00:00:00+00:00
[2026-02-28T22:00:17.900+0000] {processor.py:183} INFO - Processing /home/airflow/.local/lib/python3.12/site-packages/airflow/example_dags/example_short_circuit_decorator.py took 0.162 seconds
[2026-02-28T22:00:48.180+0000] {processor.py:161} INFO - Started process (PID=2370) to work on /home/airflow/.local/lib/python3.12/site-packages/airflow/example_dags/example_short_circuit_decorator.py
[2026-02-28T22:00:48.182+0000] {processor.py:830} INFO - Processing file /home/airflow/.local/lib/python3.12/site-packages/airflow/example_dags/example_short_circuit_decorator.py for tasks to queue
[2026-02-28T22:00:48.184+0000] {logging_mixin.py:188} INFO - [2026-02-28T22:00:48.184+0000] {dagbag.py:545} INFO - Filling up the DagBag from /home/airflow/.local/lib/python3.12/site-packages/airflow/example_dags/example_short_circuit_decorator.py
[2026-02-28T22:00:48.198+0000] {processor.py:840} INFO - DAG(s) 'example_short_circuit_decorator' retrieved from /home/airflow/.local/lib/python3.12/site-packages/airflow/example_dags/example_short_circuit_decorator.py
[2026-02-28T22:00:48.220+0000] {logging_mixin.py:188} INFO - [2026-02-28T22:00:48.220+0000] {dag.py:3096} INFO - Sync 1 DAGs
[2026-02-28T22:00:48.240+0000] {logging_mixin.py:188} INFO - [2026-02-28T22:00:48.239+0000] {dag.py:3954} INFO - Setting next_dagrun for example_short_circuit_decorator to 2026-02-27 00:00:00+00:00, run_after=2026-02-28 00:00:00+00:00
[2026-02-28T22:00:48.258+0000] {processor.py:183} INFO - Processing /home/airflow/.local/lib/python3.12/site-packages/airflow/example_dags/example_short_circuit_decorator.py took 0.089 seconds
[2026-02-28T22:01:18.664+0000] {processor.py:161} INFO - Started process (PID=2427) to work on /home/airflow/.local/lib/python3.12/site-packages/airflow/example_dags/example_short_circuit_decorator.py
[2026-02-28T22:01:18.665+0000] {processor.py:830} INFO - Processing file /home/airflow/.local/lib/python3.12/site-packages/airflow/example_dags/example_short_circuit_decorator.py for tasks to queue
[2026-02-28T22:01:18.667+0000] {logging_mixin.py:188} INFO - [2026-02-28T22:01:18.667+0000] {dagbag.py:545} INFO - Filling up the DagBag from /home/airflow/.local/lib/python3.12/site-packages/airflow/example_dags/example_short_circuit_decorator.py
[2026-02-28T22:01:18.672+0000] {processor.py:840} INFO - DAG(s) 'example_short_circuit_decorator' retrieved from /home/airflow/.local/lib/python3.12/site-packages/airflow/example_dags/example_short_circuit_decorator.py
[2026-02-28T22:01:18.712+0000] {logging_mixin.py:188} INFO - [2026-02-28T22:01:18.711+0000] {dag.py:3096} INFO - Sync 1 DAGs
[2026-02-28T22:01:18.739+0000] {logging_mixin.py:188} INFO - [2026-02-28T22:01:18.739+0000] {dag.py:3954} INFO - Setting next_dagrun for example_short_circuit_decorator to 2026-02-27 00:00:00+00:00, run_after=2026-02-28 00:00:00+00:00
[2026-02-28T22:01:18.762+0000] {processor.py:183} INFO - Processing /home/airflow/.local/lib/python3.12/site-packages/airflow/example_dags/example_short_circuit_decorator.py took 0.102 seconds
[2026-02-28T22:01:48.886+0000] {processor.py:161} INFO - Started process (PID=2485) to work on /home/airflow/.local/lib/python3.12/site-packages/airflow/example_dags/example_short_circuit_decorator.py
[2026-02-28T22:01:48.889+0000] {processor.py:830} INFO - Processing file /home/airflow/.local/lib/python3.12/site-packages/airflow/example_dags/example_short_circuit_decorator.py for tasks to queue
[2026-02-28T22:01:48.891+0000] {logging_mixin.py:188} INFO - [2026-02-28T22:01:48.891+0000] {dagbag.py:545} INFO - Filling up the DagBag from /home/airflow/.local/lib/python3.12/site-packages/airflow/example_dags/example_short_circuit_decorator.py
[2026-02-28T22:01:48.900+0000] {processor.py:840} INFO - DAG(s) 'example_short_circuit_decorator' retrieved from /home/airflow/.local/lib/python3.12/site-packages/airflow/example_dags/example_short_circuit_decorator.py
[2026-02-28T22:01:48.920+0000] {logging_mixin.py:188} INFO - [2026-02-28T22:01:48.919+0000] {dag.py:3096} INFO - Sync 1 DAGs
[2026-02-28T22:01:48.937+0000] {logging_mixin.py:188} INFO - [2026-02-28T22:01:48.936+0000] {dag.py:3954} INFO - Setting next_dagrun for example_short_circuit_decorator to 2026-02-27 00:00:00+00:00, run_after=2026-02-28 00:00:00+00:00
[2026-02-28T22:01:48.951+0000] {processor.py:183} INFO - Processing /home/airflow/.local/lib/python3.12/site-packages/airflow/example_dags/example_short_circuit_decorator.py took 0.069 seconds
[2026-02-28T22:02:19.655+0000] {processor.py:161} INFO - Started process (PID=2542) to work on /home/airflow/.local/lib/python3.12/site-packages/airflow/example_dags/example_short_circuit_decorator.py
[2026-02-28T22:02:19.656+0000] {processor.py:830} INFO - Processing file /home/airflow/.local/lib/python3.12/site-packages/airflow/example_dags/example_short_circuit_decorator.py for tasks to queue
[2026-02-28T22:02:19.659+0000] {logging_mixin.py:188} INFO - [2026-02-28T22:02:19.659+0000] {dagbag.py:545} INFO - Filling up the DagBag from /home/airflow/.local/lib/python3.12/site-packages/airflow/example_dags/example_short_circuit_decorator.py
[2026-02-28T22:02:19.667+0000] {processor.py:840} INFO - DAG(s) 'example_short_circuit_decorator' retrieved from /home/airflow/.local/lib/python3.12/site-packages/airflow/example_dags/example_short_circuit_decorator.py
[2026-02-28T22:02:19.681+0000] {logging_mixin.py:188} INFO - [2026-02-28T22:02:19.681+0000] {dag.py:3096} INFO - Sync 1 DAGs
[2026-02-28T22:02:19.691+0000] {logging_mixin.py:188} INFO - [2026-02-28T22:02:19.691+0000] {dag.py:3954} INFO - Setting next_dagrun for example_short_circuit_decorator to 2026-02-27 00:00:00+00:00, run_after=2026-02-28 00:00:00+00:00
[2026-02-28T22:02:19.699+0000] {processor.py:183} INFO - Processing /home/airflow/.local/lib/python3.12/site-packages/airflow/example_dags/example_short_circuit_decorator.py took 0.047 seconds
[2026-02-28T22:02:50.125+0000] {processor.py:161} INFO - Started process (PID=2600) to work on /home/airflow/.local/lib/python3.12/site-packages/airflow/example_dags/example_short_circuit_decorator.py
[2026-02-28T22:02:50.126+0000] {processor.py:830} INFO - Processing file /home/airflow/.local/lib/python3.12/site-packages/airflow/example_dags/example_short_circuit_decorator.py for tasks to queue
[2026-02-28T22:02:50.127+0000] {logging_mixin.py:188} INFO - [2026-02-28T22:02:50.127+0000] {dagbag.py:545} INFO - Filling up the DagBag from /home/airflow/.local/lib/python3.12/site-packages/airflow/example_dags/example_short_circuit_decorator.py
[2026-02-28T22:02:50.132+0000] {processor.py:840} INFO - DAG(s) 'example_short_circuit_decorator' retrieved from /home/airflow/.local/lib/python3.12/site-packages/airflow/example_dags/example_short_circuit_decorator.py
[2026-02-28T22:02:50.147+0000] {logging_mixin.py:188} INFO - [2026-02-28T22:02:50.146+0000] {dag.py:3096} INFO - Sync 1 DAGs
[2026-02-28T22:02:50.156+0000] {logging_mixin.py:188} INFO - [2026-02-28T22:02:50.156+0000] {dag.py:3954} INFO - Setting next_dagrun for example_short_circuit_decorator to 2026-02-27 00:00:00+00:00, run_after=2026-02-28 00:00:00+00:00
[2026-02-28T22:02:50.166+0000] {processor.py:183} INFO - Processing /home/airflow/.local/lib/python3.12/site-packages/airflow/example_dags/example_short_circuit_decorator.py took 0.045 seconds
[2026-02-28T22:03:21.109+0000] {processor.py:161} INFO - Started process (PID=2657) to work on /home/airflow/.local/lib/python3.12/site-packages/airflow/example_dags/example_short_circuit_decorator.py
[2026-02-28T22:03:21.110+0000] {processor.py:830} INFO - Processing file /home/airflow/.local/lib/python3.12/site-packages/airflow/example_dags/example_short_circuit_decorator.py for tasks to queue
[2026-02-28T22:03:21.113+0000] {logging_mixin.py:188} INFO - [2026-02-28T22:03:21.113+0000] {dagbag.py:545} INFO - Filling up the DagBag from /home/airflow/.local/lib/python3.12/site-packages/airflow/example_dags/example_short_circuit_decorator.py
[2026-02-28T22:03:21.121+0000] {processor.py:840} INFO - DAG(s) 'example_short_circuit_decorator' retrieved from /home/airflow/.local/lib/python3.12/site-packages/airflow/example_dags/example_short_circuit_decorator.py
[2026-02-28T22:03:21.146+0000] {logging_mixin.py:188} INFO - [2026-02-28T22:03:21.146+0000] {dag.py:3096} INFO - Sync 1 DAGs
[2026-02-28T22:03:21.158+0000] {logging_mixin.py:188} INFO - [2026-02-28T22:03:21.158+0000] {dag.py:3954} INFO - Setting next_dagrun for example_short_circuit_decorator to 2026-02-27 00:00:00+00:00, run_after=2026-02-28 00:00:00+00:00
[2026-02-28T22:03:21.167+0000] {processor.py:183} INFO - Processing /home/airflow/.local/lib/python3.12/site-packages/airflow/example_dags/example_short_circuit_decorator.py took 0.063 seconds
[2026-02-28T22:03:51.364+0000] {processor.py:161} INFO - Started process (PID=2715) to work on /home/airflow/.local/lib/python3.12/site-packages/airflow/example_dags/example_short_circuit_decorator.py
[2026-02-28T22:03:51.365+0000] {processor.py:830} INFO - Processing file /home/airflow/.local/lib/python3.12/site-packages/airflow/example_dags/example_short_circuit_decorator.py for tasks to queue
[2026-02-28T22:03:51.367+0000] {logging_mixin.py:188} INFO - [2026-02-28T22:03:51.367+0000] {dagbag.py:545} INFO - Filling up the DagBag from /home/airflow/.local/lib/python3.12/site-packages/airflow/example_dags/example_short_circuit_decorator.py
[2026-02-28T22:03:51.372+0000] {processor.py:840} INFO - DAG(s) 'example_short_circuit_decorator' retrieved from /home/airflow/.local/lib/python3.12/site-packages/airflow/example_dags/example_short_circuit_decorator.py
[2026-02-28T22:03:51.384+0000] {logging_mixin.py:188} INFO - [2026-02-28T22:03:51.384+0000] {dag.py:3096} INFO - Sync 1 DAGs
[2026-02-28T22:03:51.397+0000] {logging_mixin.py:188} INFO - [2026-02-28T22:03:51.397+0000] {dag.py:3954} INFO - Setting next_dagrun for example_short_circuit_decorator to 2026-02-27 00:00:00+00:00, run_after=2026-02-28 00:00:00+00:00
[2026-02-28T22:03:51.405+0000] {processor.py:183} INFO - Processing /home/airflow/.local/lib/python3.12/site-packages/airflow/example_dags/example_short_circuit_decorator.py took 0.045 seconds
[2026-02-28T22:04:22.212+0000] {processor.py:161} INFO - Started process (PID=2773) to work on /home/airflow/.local/lib/python3.12/site-packages/airflow/example_dags/example_short_circuit_decorator.py
[2026-02-28T22:04:22.214+0000] {processor.py:830} INFO - Processing file /home/airflow/.local/lib/python3.12/site-packages/airflow/example_dags/example_short_circuit_decorator.py for tasks to queue
[2026-02-28T22:04:22.218+0000] {logging_mixin.py:188} INFO - [2026-02-28T22:04:22.217+0000] {dagbag.py:545} INFO - Filling up the DagBag from /home/airflow/.local/lib/python3.12/site-packages/airflow/example_dags/example_short_circuit_decorator.py
[2026-02-28T22:04:22.225+0000] {processor.py:840} INFO - DAG(s) 'example_short_circuit_decorator' retrieved from /home/airflow/.local/lib/python3.12/site-packages/airflow/example_dags/example_short_circuit_decorator.py
[2026-02-28T22:04:22.250+0000] {logging_mixin.py:188} INFO - [2026-02-28T22:04:22.250+0000] {dag.py:3096} INFO - Sync 1 DAGs
[2026-02-28T22:04:22.279+0000] {logging_mixin.py:188} INFO - [2026-02-28T22:04:22.279+0000] {dag.py:3954} INFO - Setting next_dagrun for example_short_circuit_decorator to 2026-02-27 00:00:00+00:00, run_after=2026-02-28 00:00:00+00:00
[2026-02-28T22:04:22.304+0000] {processor.py:183} INFO - Processing /home/airflow/.local/lib/python3.12/site-packages/airflow/example_dags/example_short_circuit_decorator.py took 0.101 seconds
