[2026-02-28T21:40:01.165+0000] {processor.py:161} INFO - Started process (PID=63) to work on /home/airflow/.local/lib/python3.12/site-packages/airflow/example_dags/example_external_task_marker_dag.py
[2026-02-28T21:40:01.182+0000] {processor.py:830} INFO - Processing file /home/airflow/.local/lib/python3.12/site-packages/airflow/example_dags/example_external_task_marker_dag.py for tasks to queue
[2026-02-28T21:40:01.186+0000] {logging_mixin.py:188} INFO - [2026-02-28T21:40:01.186+0000] {dagbag.py:545} INFO - Filling up the DagBag from /home/airflow/.local/lib/python3.12/site-packages/airflow/example_dags/example_external_task_marker_dag.py
[2026-02-28T21:40:01.203+0000] {processor.py:840} INFO - DAG(s) 'example_external_task_marker_parent', 'example_external_task_marker_child' retrieved from /home/airflow/.local/lib/python3.12/site-packages/airflow/example_dags/example_external_task_marker_dag.py
[2026-02-28T21:40:01.244+0000] {logging_mixin.py:188} INFO - [2026-02-28T21:40:01.244+0000] {dag.py:3096} INFO - Sync 2 DAGs
[2026-02-28T21:40:01.279+0000] {logging_mixin.py:188} INFO - [2026-02-28T21:40:01.278+0000] {dag.py:3954} INFO - Setting next_dagrun for example_external_task_marker_child to None, run_after=None
[2026-02-28T21:40:01.291+0000] {logging_mixin.py:188} INFO - [2026-02-28T21:40:01.291+0000] {dag.py:3954} INFO - Setting next_dagrun for example_external_task_marker_parent to None, run_after=None
[2026-02-28T21:40:01.328+0000] {processor.py:183} INFO - Processing /home/airflow/.local/lib/python3.12/site-packages/airflow/example_dags/example_external_task_marker_dag.py took 0.170 seconds
[2026-02-28T21:40:32.064+0000] {processor.py:161} INFO - Started process (PID=121) to work on /home/airflow/.local/lib/python3.12/site-packages/airflow/example_dags/example_external_task_marker_dag.py
[2026-02-28T21:40:32.066+0000] {processor.py:830} INFO - Processing file /home/airflow/.local/lib/python3.12/site-packages/airflow/example_dags/example_external_task_marker_dag.py for tasks to queue
[2026-02-28T21:40:32.067+0000] {logging_mixin.py:188} INFO - [2026-02-28T21:40:32.067+0000] {dagbag.py:545} INFO - Filling up the DagBag from /home/airflow/.local/lib/python3.12/site-packages/airflow/example_dags/example_external_task_marker_dag.py
[2026-02-28T21:40:32.077+0000] {processor.py:840} INFO - DAG(s) 'example_external_task_marker_parent', 'example_external_task_marker_child' retrieved from /home/airflow/.local/lib/python3.12/site-packages/airflow/example_dags/example_external_task_marker_dag.py
[2026-02-28T21:40:32.176+0000] {logging_mixin.py:188} INFO - [2026-02-28T21:40:32.176+0000] {dag.py:3096} INFO - Sync 2 DAGs
[2026-02-28T21:40:32.192+0000] {logging_mixin.py:188} INFO - [2026-02-28T21:40:32.191+0000] {dag.py:3954} INFO - Setting next_dagrun for example_external_task_marker_child to None, run_after=None
[2026-02-28T21:40:32.197+0000] {logging_mixin.py:188} INFO - [2026-02-28T21:40:32.197+0000] {dag.py:3954} INFO - Setting next_dagrun for example_external_task_marker_parent to None, run_after=None
[2026-02-28T21:40:32.210+0000] {processor.py:183} INFO - Processing /home/airflow/.local/lib/python3.12/site-packages/airflow/example_dags/example_external_task_marker_dag.py took 0.154 seconds
[2026-02-28T21:41:03.118+0000] {processor.py:161} INFO - Started process (PID=179) to work on /home/airflow/.local/lib/python3.12/site-packages/airflow/example_dags/example_external_task_marker_dag.py
[2026-02-28T21:41:03.119+0000] {processor.py:830} INFO - Processing file /home/airflow/.local/lib/python3.12/site-packages/airflow/example_dags/example_external_task_marker_dag.py for tasks to queue
[2026-02-28T21:41:03.122+0000] {logging_mixin.py:188} INFO - [2026-02-28T21:41:03.122+0000] {dagbag.py:545} INFO - Filling up the DagBag from /home/airflow/.local/lib/python3.12/site-packages/airflow/example_dags/example_external_task_marker_dag.py
[2026-02-28T21:41:03.130+0000] {processor.py:840} INFO - DAG(s) 'example_external_task_marker_child', 'example_external_task_marker_parent' retrieved from /home/airflow/.local/lib/python3.12/site-packages/airflow/example_dags/example_external_task_marker_dag.py
[2026-02-28T21:41:03.165+0000] {logging_mixin.py:188} INFO - [2026-02-28T21:41:03.165+0000] {dag.py:3096} INFO - Sync 2 DAGs
[2026-02-28T21:41:03.180+0000] {logging_mixin.py:188} INFO - [2026-02-28T21:41:03.180+0000] {dag.py:3954} INFO - Setting next_dagrun for example_external_task_marker_child to None, run_after=None
[2026-02-28T21:41:03.184+0000] {logging_mixin.py:188} INFO - [2026-02-28T21:41:03.184+0000] {dag.py:3954} INFO - Setting next_dagrun for example_external_task_marker_parent to None, run_after=None
[2026-02-28T21:41:03.199+0000] {processor.py:183} INFO - Processing /home/airflow/.local/lib/python3.12/site-packages/airflow/example_dags/example_external_task_marker_dag.py took 0.086 seconds
[2026-02-28T21:41:34.058+0000] {processor.py:161} INFO - Started process (PID=237) to work on /home/airflow/.local/lib/python3.12/site-packages/airflow/example_dags/example_external_task_marker_dag.py
[2026-02-28T21:41:34.059+0000] {processor.py:830} INFO - Processing file /home/airflow/.local/lib/python3.12/site-packages/airflow/example_dags/example_external_task_marker_dag.py for tasks to queue
[2026-02-28T21:41:34.062+0000] {logging_mixin.py:188} INFO - [2026-02-28T21:41:34.062+0000] {dagbag.py:545} INFO - Filling up the DagBag from /home/airflow/.local/lib/python3.12/site-packages/airflow/example_dags/example_external_task_marker_dag.py
[2026-02-28T21:41:34.068+0000] {processor.py:840} INFO - DAG(s) 'example_external_task_marker_parent', 'example_external_task_marker_child' retrieved from /home/airflow/.local/lib/python3.12/site-packages/airflow/example_dags/example_external_task_marker_dag.py
[2026-02-28T21:41:34.094+0000] {logging_mixin.py:188} INFO - [2026-02-28T21:41:34.094+0000] {dag.py:3096} INFO - Sync 2 DAGs
[2026-02-28T21:41:34.102+0000] {logging_mixin.py:188} INFO - [2026-02-28T21:41:34.102+0000] {dag.py:3954} INFO - Setting next_dagrun for example_external_task_marker_child to None, run_after=None
[2026-02-28T21:41:34.104+0000] {logging_mixin.py:188} INFO - [2026-02-28T21:41:34.104+0000] {dag.py:3954} INFO - Setting next_dagrun for example_external_task_marker_parent to None, run_after=None
[2026-02-28T21:41:34.120+0000] {processor.py:183} INFO - Processing /home/airflow/.local/lib/python3.12/site-packages/airflow/example_dags/example_external_task_marker_dag.py took 0.068 seconds
[2026-02-28T21:42:04.411+0000] {processor.py:161} INFO - Started process (PID=295) to work on /home/airflow/.local/lib/python3.12/site-packages/airflow/example_dags/example_external_task_marker_dag.py
[2026-02-28T21:42:04.413+0000] {processor.py:830} INFO - Processing file /home/airflow/.local/lib/python3.12/site-packages/airflow/example_dags/example_external_task_marker_dag.py for tasks to queue
[2026-02-28T21:42:04.415+0000] {logging_mixin.py:188} INFO - [2026-02-28T21:42:04.415+0000] {dagbag.py:545} INFO - Filling up the DagBag from /home/airflow/.local/lib/python3.12/site-packages/airflow/example_dags/example_external_task_marker_dag.py
[2026-02-28T21:42:04.422+0000] {processor.py:840} INFO - DAG(s) 'example_external_task_marker_child', 'example_external_task_marker_parent' retrieved from /home/airflow/.local/lib/python3.12/site-packages/airflow/example_dags/example_external_task_marker_dag.py
[2026-02-28T21:42:04.445+0000] {logging_mixin.py:188} INFO - [2026-02-28T21:42:04.445+0000] {dag.py:3096} INFO - Sync 2 DAGs
[2026-02-28T21:42:04.457+0000] {logging_mixin.py:188} INFO - [2026-02-28T21:42:04.457+0000] {dag.py:3954} INFO - Setting next_dagrun for example_external_task_marker_child to None, run_after=None
[2026-02-28T21:42:04.461+0000] {logging_mixin.py:188} INFO - [2026-02-28T21:42:04.461+0000] {dag.py:3954} INFO - Setting next_dagrun for example_external_task_marker_parent to None, run_after=None
[2026-02-28T21:42:04.475+0000] {processor.py:183} INFO - Processing /home/airflow/.local/lib/python3.12/site-packages/airflow/example_dags/example_external_task_marker_dag.py took 0.069 seconds
[2026-02-28T21:42:34.792+0000] {processor.py:161} INFO - Started process (PID=354) to work on /home/airflow/.local/lib/python3.12/site-packages/airflow/example_dags/example_external_task_marker_dag.py
[2026-02-28T21:42:34.794+0000] {processor.py:830} INFO - Processing file /home/airflow/.local/lib/python3.12/site-packages/airflow/example_dags/example_external_task_marker_dag.py for tasks to queue
[2026-02-28T21:42:34.795+0000] {logging_mixin.py:188} INFO - [2026-02-28T21:42:34.795+0000] {dagbag.py:545} INFO - Filling up the DagBag from /home/airflow/.local/lib/python3.12/site-packages/airflow/example_dags/example_external_task_marker_dag.py
[2026-02-28T21:42:34.800+0000] {processor.py:840} INFO - DAG(s) 'example_external_task_marker_child', 'example_external_task_marker_parent' retrieved from /home/airflow/.local/lib/python3.12/site-packages/airflow/example_dags/example_external_task_marker_dag.py
[2026-02-28T21:42:34.822+0000] {logging_mixin.py:188} INFO - [2026-02-28T21:42:34.822+0000] {dag.py:3096} INFO - Sync 2 DAGs
[2026-02-28T21:42:34.831+0000] {logging_mixin.py:188} INFO - [2026-02-28T21:42:34.830+0000] {dag.py:3954} INFO - Setting next_dagrun for example_external_task_marker_child to None, run_after=None
[2026-02-28T21:42:34.834+0000] {logging_mixin.py:188} INFO - [2026-02-28T21:42:34.833+0000] {dag.py:3954} INFO - Setting next_dagrun for example_external_task_marker_parent to None, run_after=None
[2026-02-28T21:42:34.846+0000] {processor.py:183} INFO - Processing /home/airflow/.local/lib/python3.12/site-packages/airflow/example_dags/example_external_task_marker_dag.py took 0.064 seconds
[2026-02-28T21:43:05.465+0000] {processor.py:161} INFO - Started process (PID=412) to work on /home/airflow/.local/lib/python3.12/site-packages/airflow/example_dags/example_external_task_marker_dag.py
[2026-02-28T21:43:05.467+0000] {processor.py:830} INFO - Processing file /home/airflow/.local/lib/python3.12/site-packages/airflow/example_dags/example_external_task_marker_dag.py for tasks to queue
[2026-02-28T21:43:05.471+0000] {logging_mixin.py:188} INFO - [2026-02-28T21:43:05.470+0000] {dagbag.py:545} INFO - Filling up the DagBag from /home/airflow/.local/lib/python3.12/site-packages/airflow/example_dags/example_external_task_marker_dag.py
[2026-02-28T21:43:05.481+0000] {processor.py:840} INFO - DAG(s) 'example_external_task_marker_child', 'example_external_task_marker_parent' retrieved from /home/airflow/.local/lib/python3.12/site-packages/airflow/example_dags/example_external_task_marker_dag.py
[2026-02-28T21:43:05.507+0000] {logging_mixin.py:188} INFO - [2026-02-28T21:43:05.507+0000] {dag.py:3096} INFO - Sync 2 DAGs
[2026-02-28T21:43:05.516+0000] {logging_mixin.py:188} INFO - [2026-02-28T21:43:05.516+0000] {dag.py:3954} INFO - Setting next_dagrun for example_external_task_marker_child to None, run_after=None
[2026-02-28T21:43:05.520+0000] {logging_mixin.py:188} INFO - [2026-02-28T21:43:05.519+0000] {dag.py:3954} INFO - Setting next_dagrun for example_external_task_marker_parent to None, run_after=None
[2026-02-28T21:43:05.532+0000] {processor.py:183} INFO - Processing /home/airflow/.local/lib/python3.12/site-packages/airflow/example_dags/example_external_task_marker_dag.py took 0.075 seconds
[2026-02-28T21:43:35.770+0000] {processor.py:161} INFO - Started process (PID=470) to work on /home/airflow/.local/lib/python3.12/site-packages/airflow/example_dags/example_external_task_marker_dag.py
[2026-02-28T21:43:35.773+0000] {processor.py:830} INFO - Processing file /home/airflow/.local/lib/python3.12/site-packages/airflow/example_dags/example_external_task_marker_dag.py for tasks to queue
[2026-02-28T21:43:35.775+0000] {logging_mixin.py:188} INFO - [2026-02-28T21:43:35.775+0000] {dagbag.py:545} INFO - Filling up the DagBag from /home/airflow/.local/lib/python3.12/site-packages/airflow/example_dags/example_external_task_marker_dag.py
[2026-02-28T21:43:35.781+0000] {processor.py:840} INFO - DAG(s) 'example_external_task_marker_parent', 'example_external_task_marker_child' retrieved from /home/airflow/.local/lib/python3.12/site-packages/airflow/example_dags/example_external_task_marker_dag.py
[2026-02-28T21:43:35.808+0000] {logging_mixin.py:188} INFO - [2026-02-28T21:43:35.808+0000] {dag.py:3096} INFO - Sync 2 DAGs
[2026-02-28T21:43:35.818+0000] {logging_mixin.py:188} INFO - [2026-02-28T21:43:35.818+0000] {dag.py:3954} INFO - Setting next_dagrun for example_external_task_marker_child to None, run_after=None
[2026-02-28T21:43:35.821+0000] {logging_mixin.py:188} INFO - [2026-02-28T21:43:35.821+0000] {dag.py:3954} INFO - Setting next_dagrun for example_external_task_marker_parent to None, run_after=None
[2026-02-28T21:43:35.835+0000] {processor.py:183} INFO - Processing /home/airflow/.local/lib/python3.12/site-packages/airflow/example_dags/example_external_task_marker_dag.py took 0.072 seconds
[2026-02-28T21:44:28.919+0000] {processor.py:161} INFO - Started process (PID=528) to work on /home/airflow/.local/lib/python3.12/site-packages/airflow/example_dags/example_external_task_marker_dag.py
[2026-02-28T21:44:28.922+0000] {processor.py:830} INFO - Processing file /home/airflow/.local/lib/python3.12/site-packages/airflow/example_dags/example_external_task_marker_dag.py for tasks to queue
[2026-02-28T21:44:28.926+0000] {logging_mixin.py:188} INFO - [2026-02-28T21:44:28.926+0000] {dagbag.py:545} INFO - Filling up the DagBag from /home/airflow/.local/lib/python3.12/site-packages/airflow/example_dags/example_external_task_marker_dag.py
[2026-02-28T21:44:28.947+0000] {processor.py:840} INFO - DAG(s) 'example_external_task_marker_parent', 'example_external_task_marker_child' retrieved from /home/airflow/.local/lib/python3.12/site-packages/airflow/example_dags/example_external_task_marker_dag.py
[2026-02-28T21:44:29.073+0000] {logging_mixin.py:188} INFO - [2026-02-28T21:44:29.073+0000] {dag.py:3096} INFO - Sync 2 DAGs
[2026-02-28T21:44:29.109+0000] {logging_mixin.py:188} INFO - [2026-02-28T21:44:29.104+0000] {dag.py:3954} INFO - Setting next_dagrun for example_external_task_marker_child to None, run_after=None
[2026-02-28T21:44:29.152+0000] {logging_mixin.py:188} INFO - [2026-02-28T21:44:29.144+0000] {dag.py:3954} INFO - Setting next_dagrun for example_external_task_marker_parent to None, run_after=None
[2026-02-28T21:44:29.274+0000] {processor.py:183} INFO - Processing /home/airflow/.local/lib/python3.12/site-packages/airflow/example_dags/example_external_task_marker_dag.py took 0.367 seconds
[2026-02-28T21:44:59.314+0000] {processor.py:161} INFO - Started process (PID=586) to work on /home/airflow/.local/lib/python3.12/site-packages/airflow/example_dags/example_external_task_marker_dag.py
[2026-02-28T21:44:59.316+0000] {processor.py:830} INFO - Processing file /home/airflow/.local/lib/python3.12/site-packages/airflow/example_dags/example_external_task_marker_dag.py for tasks to queue
[2026-02-28T21:44:59.317+0000] {logging_mixin.py:188} INFO - [2026-02-28T21:44:59.317+0000] {dagbag.py:545} INFO - Filling up the DagBag from /home/airflow/.local/lib/python3.12/site-packages/airflow/example_dags/example_external_task_marker_dag.py
[2026-02-28T21:44:59.320+0000] {processor.py:840} INFO - DAG(s) 'example_external_task_marker_parent', 'example_external_task_marker_child' retrieved from /home/airflow/.local/lib/python3.12/site-packages/airflow/example_dags/example_external_task_marker_dag.py
[2026-02-28T21:44:59.336+0000] {logging_mixin.py:188} INFO - [2026-02-28T21:44:59.336+0000] {dag.py:3096} INFO - Sync 2 DAGs
[2026-02-28T21:44:59.346+0000] {logging_mixin.py:188} INFO - [2026-02-28T21:44:59.346+0000] {dag.py:3954} INFO - Setting next_dagrun for example_external_task_marker_child to None, run_after=None
[2026-02-28T21:44:59.349+0000] {logging_mixin.py:188} INFO - [2026-02-28T21:44:59.348+0000] {dag.py:3954} INFO - Setting next_dagrun for example_external_task_marker_parent to None, run_after=None
[2026-02-28T21:44:59.359+0000] {processor.py:183} INFO - Processing /home/airflow/.local/lib/python3.12/site-packages/airflow/example_dags/example_external_task_marker_dag.py took 0.048 seconds
[2026-02-28T21:45:29.713+0000] {processor.py:161} INFO - Started process (PID=644) to work on /home/airflow/.local/lib/python3.12/site-packages/airflow/example_dags/example_external_task_marker_dag.py
[2026-02-28T21:45:29.715+0000] {processor.py:830} INFO - Processing file /home/airflow/.local/lib/python3.12/site-packages/airflow/example_dags/example_external_task_marker_dag.py for tasks to queue
[2026-02-28T21:45:29.717+0000] {logging_mixin.py:188} INFO - [2026-02-28T21:45:29.716+0000] {dagbag.py:545} INFO - Filling up the DagBag from /home/airflow/.local/lib/python3.12/site-packages/airflow/example_dags/example_external_task_marker_dag.py
[2026-02-28T21:45:29.720+0000] {processor.py:840} INFO - DAG(s) 'example_external_task_marker_parent', 'example_external_task_marker_child' retrieved from /home/airflow/.local/lib/python3.12/site-packages/airflow/example_dags/example_external_task_marker_dag.py
[2026-02-28T21:45:29.741+0000] {logging_mixin.py:188} INFO - [2026-02-28T21:45:29.740+0000] {dag.py:3096} INFO - Sync 2 DAGs
[2026-02-28T21:45:29.748+0000] {logging_mixin.py:188} INFO - [2026-02-28T21:45:29.748+0000] {dag.py:3954} INFO - Setting next_dagrun for example_external_task_marker_child to None, run_after=None
[2026-02-28T21:45:29.751+0000] {logging_mixin.py:188} INFO - [2026-02-28T21:45:29.751+0000] {dag.py:3954} INFO - Setting next_dagrun for example_external_task_marker_parent to None, run_after=None
[2026-02-28T21:45:29.768+0000] {processor.py:183} INFO - Processing /home/airflow/.local/lib/python3.12/site-packages/airflow/example_dags/example_external_task_marker_dag.py took 0.059 seconds
[2026-02-28T21:45:59.988+0000] {processor.py:161} INFO - Started process (PID=702) to work on /home/airflow/.local/lib/python3.12/site-packages/airflow/example_dags/example_external_task_marker_dag.py
[2026-02-28T21:45:59.988+0000] {processor.py:830} INFO - Processing file /home/airflow/.local/lib/python3.12/site-packages/airflow/example_dags/example_external_task_marker_dag.py for tasks to queue
[2026-02-28T21:45:59.989+0000] {logging_mixin.py:188} INFO - [2026-02-28T21:45:59.989+0000] {dagbag.py:545} INFO - Filling up the DagBag from /home/airflow/.local/lib/python3.12/site-packages/airflow/example_dags/example_external_task_marker_dag.py
[2026-02-28T21:45:59.992+0000] {processor.py:840} INFO - DAG(s) 'example_external_task_marker_child', 'example_external_task_marker_parent' retrieved from /home/airflow/.local/lib/python3.12/site-packages/airflow/example_dags/example_external_task_marker_dag.py
[2026-02-28T21:46:00.004+0000] {logging_mixin.py:188} INFO - [2026-02-28T21:46:00.004+0000] {dag.py:3096} INFO - Sync 2 DAGs
[2026-02-28T21:46:00.013+0000] {logging_mixin.py:188} INFO - [2026-02-28T21:46:00.013+0000] {dag.py:3954} INFO - Setting next_dagrun for example_external_task_marker_child to None, run_after=None
[2026-02-28T21:46:00.015+0000] {logging_mixin.py:188} INFO - [2026-02-28T21:46:00.015+0000] {dag.py:3954} INFO - Setting next_dagrun for example_external_task_marker_parent to None, run_after=None
[2026-02-28T21:46:00.022+0000] {processor.py:183} INFO - Processing /home/airflow/.local/lib/python3.12/site-packages/airflow/example_dags/example_external_task_marker_dag.py took 0.038 seconds
[2026-02-28T21:46:31.019+0000] {processor.py:161} INFO - Started process (PID=760) to work on /home/airflow/.local/lib/python3.12/site-packages/airflow/example_dags/example_external_task_marker_dag.py
[2026-02-28T21:46:31.021+0000] {processor.py:830} INFO - Processing file /home/airflow/.local/lib/python3.12/site-packages/airflow/example_dags/example_external_task_marker_dag.py for tasks to queue
[2026-02-28T21:46:31.022+0000] {logging_mixin.py:188} INFO - [2026-02-28T21:46:31.022+0000] {dagbag.py:545} INFO - Filling up the DagBag from /home/airflow/.local/lib/python3.12/site-packages/airflow/example_dags/example_external_task_marker_dag.py
[2026-02-28T21:46:31.034+0000] {processor.py:840} INFO - DAG(s) 'example_external_task_marker_parent', 'example_external_task_marker_child' retrieved from /home/airflow/.local/lib/python3.12/site-packages/airflow/example_dags/example_external_task_marker_dag.py
[2026-02-28T21:46:31.078+0000] {logging_mixin.py:188} INFO - [2026-02-28T21:46:31.077+0000] {dag.py:3096} INFO - Sync 2 DAGs
[2026-02-28T21:46:31.087+0000] {logging_mixin.py:188} INFO - [2026-02-28T21:46:31.087+0000] {dag.py:3954} INFO - Setting next_dagrun for example_external_task_marker_child to None, run_after=None
[2026-02-28T21:46:31.089+0000] {logging_mixin.py:188} INFO - [2026-02-28T21:46:31.089+0000] {dag.py:3954} INFO - Setting next_dagrun for example_external_task_marker_parent to None, run_after=None
[2026-02-28T21:46:31.099+0000] {processor.py:183} INFO - Processing /home/airflow/.local/lib/python3.12/site-packages/airflow/example_dags/example_external_task_marker_dag.py took 0.084 seconds
[2026-02-28T21:47:01.988+0000] {processor.py:161} INFO - Started process (PID=818) to work on /home/airflow/.local/lib/python3.12/site-packages/airflow/example_dags/example_external_task_marker_dag.py
[2026-02-28T21:47:01.989+0000] {processor.py:830} INFO - Processing file /home/airflow/.local/lib/python3.12/site-packages/airflow/example_dags/example_external_task_marker_dag.py for tasks to queue
[2026-02-28T21:47:01.990+0000] {logging_mixin.py:188} INFO - [2026-02-28T21:47:01.990+0000] {dagbag.py:545} INFO - Filling up the DagBag from /home/airflow/.local/lib/python3.12/site-packages/airflow/example_dags/example_external_task_marker_dag.py
[2026-02-28T21:47:01.995+0000] {processor.py:840} INFO - DAG(s) 'example_external_task_marker_child', 'example_external_task_marker_parent' retrieved from /home/airflow/.local/lib/python3.12/site-packages/airflow/example_dags/example_external_task_marker_dag.py
[2026-02-28T21:47:02.013+0000] {logging_mixin.py:188} INFO - [2026-02-28T21:47:02.013+0000] {dag.py:3096} INFO - Sync 2 DAGs
[2026-02-28T21:47:02.020+0000] {logging_mixin.py:188} INFO - [2026-02-28T21:47:02.020+0000] {dag.py:3954} INFO - Setting next_dagrun for example_external_task_marker_child to None, run_after=None
[2026-02-28T21:47:02.022+0000] {logging_mixin.py:188} INFO - [2026-02-28T21:47:02.022+0000] {dag.py:3954} INFO - Setting next_dagrun for example_external_task_marker_parent to None, run_after=None
[2026-02-28T21:47:02.035+0000] {processor.py:183} INFO - Processing /home/airflow/.local/lib/python3.12/site-packages/airflow/example_dags/example_external_task_marker_dag.py took 0.051 seconds
[2026-02-28T21:47:32.827+0000] {processor.py:161} INFO - Started process (PID=876) to work on /home/airflow/.local/lib/python3.12/site-packages/airflow/example_dags/example_external_task_marker_dag.py
[2026-02-28T21:47:32.828+0000] {processor.py:830} INFO - Processing file /home/airflow/.local/lib/python3.12/site-packages/airflow/example_dags/example_external_task_marker_dag.py for tasks to queue
[2026-02-28T21:47:32.831+0000] {logging_mixin.py:188} INFO - [2026-02-28T21:47:32.831+0000] {dagbag.py:545} INFO - Filling up the DagBag from /home/airflow/.local/lib/python3.12/site-packages/airflow/example_dags/example_external_task_marker_dag.py
[2026-02-28T21:47:32.835+0000] {processor.py:840} INFO - DAG(s) 'example_external_task_marker_parent', 'example_external_task_marker_child' retrieved from /home/airflow/.local/lib/python3.12/site-packages/airflow/example_dags/example_external_task_marker_dag.py
[2026-02-28T21:47:32.851+0000] {logging_mixin.py:188} INFO - [2026-02-28T21:47:32.850+0000] {dag.py:3096} INFO - Sync 2 DAGs
[2026-02-28T21:47:32.859+0000] {logging_mixin.py:188} INFO - [2026-02-28T21:47:32.858+0000] {dag.py:3954} INFO - Setting next_dagrun for example_external_task_marker_child to None, run_after=None
[2026-02-28T21:47:32.861+0000] {logging_mixin.py:188} INFO - [2026-02-28T21:47:32.861+0000] {dag.py:3954} INFO - Setting next_dagrun for example_external_task_marker_parent to None, run_after=None
[2026-02-28T21:47:32.869+0000] {processor.py:183} INFO - Processing /home/airflow/.local/lib/python3.12/site-packages/airflow/example_dags/example_external_task_marker_dag.py took 0.045 seconds
[2026-02-28T21:48:03.303+0000] {processor.py:161} INFO - Started process (PID=934) to work on /home/airflow/.local/lib/python3.12/site-packages/airflow/example_dags/example_external_task_marker_dag.py
[2026-02-28T21:48:03.304+0000] {processor.py:830} INFO - Processing file /home/airflow/.local/lib/python3.12/site-packages/airflow/example_dags/example_external_task_marker_dag.py for tasks to queue
[2026-02-28T21:48:03.306+0000] {logging_mixin.py:188} INFO - [2026-02-28T21:48:03.305+0000] {dagbag.py:545} INFO - Filling up the DagBag from /home/airflow/.local/lib/python3.12/site-packages/airflow/example_dags/example_external_task_marker_dag.py
[2026-02-28T21:48:03.310+0000] {processor.py:840} INFO - DAG(s) 'example_external_task_marker_parent', 'example_external_task_marker_child' retrieved from /home/airflow/.local/lib/python3.12/site-packages/airflow/example_dags/example_external_task_marker_dag.py
[2026-02-28T21:48:03.332+0000] {logging_mixin.py:188} INFO - [2026-02-28T21:48:03.331+0000] {dag.py:3096} INFO - Sync 2 DAGs
[2026-02-28T21:48:03.354+0000] {logging_mixin.py:188} INFO - [2026-02-28T21:48:03.354+0000] {dag.py:3954} INFO - Setting next_dagrun for example_external_task_marker_child to None, run_after=None
[2026-02-28T21:48:03.358+0000] {logging_mixin.py:188} INFO - [2026-02-28T21:48:03.358+0000] {dag.py:3954} INFO - Setting next_dagrun for example_external_task_marker_parent to None, run_after=None
[2026-02-28T21:48:03.373+0000] {processor.py:183} INFO - Processing /home/airflow/.local/lib/python3.12/site-packages/airflow/example_dags/example_external_task_marker_dag.py took 0.074 seconds
[2026-02-28T21:48:33.568+0000] {processor.py:161} INFO - Started process (PID=990) to work on /home/airflow/.local/lib/python3.12/site-packages/airflow/example_dags/example_external_task_marker_dag.py
[2026-02-28T21:48:33.571+0000] {processor.py:830} INFO - Processing file /home/airflow/.local/lib/python3.12/site-packages/airflow/example_dags/example_external_task_marker_dag.py for tasks to queue
[2026-02-28T21:48:33.574+0000] {logging_mixin.py:188} INFO - [2026-02-28T21:48:33.573+0000] {dagbag.py:545} INFO - Filling up the DagBag from /home/airflow/.local/lib/python3.12/site-packages/airflow/example_dags/example_external_task_marker_dag.py
[2026-02-28T21:48:33.580+0000] {processor.py:840} INFO - DAG(s) 'example_external_task_marker_parent', 'example_external_task_marker_child' retrieved from /home/airflow/.local/lib/python3.12/site-packages/airflow/example_dags/example_external_task_marker_dag.py
[2026-02-28T21:48:33.601+0000] {logging_mixin.py:188} INFO - [2026-02-28T21:48:33.601+0000] {dag.py:3096} INFO - Sync 2 DAGs
[2026-02-28T21:48:33.611+0000] {logging_mixin.py:188} INFO - [2026-02-28T21:48:33.611+0000] {dag.py:3954} INFO - Setting next_dagrun for example_external_task_marker_child to None, run_after=None
[2026-02-28T21:48:33.615+0000] {logging_mixin.py:188} INFO - [2026-02-28T21:48:33.615+0000] {dag.py:3954} INFO - Setting next_dagrun for example_external_task_marker_parent to None, run_after=None
[2026-02-28T21:48:33.635+0000] {processor.py:183} INFO - Processing /home/airflow/.local/lib/python3.12/site-packages/airflow/example_dags/example_external_task_marker_dag.py took 0.077 seconds
[2026-02-28T21:49:03.970+0000] {processor.py:161} INFO - Started process (PID=1048) to work on /home/airflow/.local/lib/python3.12/site-packages/airflow/example_dags/example_external_task_marker_dag.py
[2026-02-28T21:49:03.971+0000] {processor.py:830} INFO - Processing file /home/airflow/.local/lib/python3.12/site-packages/airflow/example_dags/example_external_task_marker_dag.py for tasks to queue
[2026-02-28T21:49:03.972+0000] {logging_mixin.py:188} INFO - [2026-02-28T21:49:03.972+0000] {dagbag.py:545} INFO - Filling up the DagBag from /home/airflow/.local/lib/python3.12/site-packages/airflow/example_dags/example_external_task_marker_dag.py
[2026-02-28T21:49:03.976+0000] {processor.py:840} INFO - DAG(s) 'example_external_task_marker_parent', 'example_external_task_marker_child' retrieved from /home/airflow/.local/lib/python3.12/site-packages/airflow/example_dags/example_external_task_marker_dag.py
[2026-02-28T21:49:03.994+0000] {logging_mixin.py:188} INFO - [2026-02-28T21:49:03.994+0000] {dag.py:3096} INFO - Sync 2 DAGs
[2026-02-28T21:49:04.001+0000] {logging_mixin.py:188} INFO - [2026-02-28T21:49:04.001+0000] {dag.py:3954} INFO - Setting next_dagrun for example_external_task_marker_child to None, run_after=None
[2026-02-28T21:49:04.006+0000] {logging_mixin.py:188} INFO - [2026-02-28T21:49:04.006+0000] {dag.py:3954} INFO - Setting next_dagrun for example_external_task_marker_parent to None, run_after=None
[2026-02-28T21:49:04.018+0000] {processor.py:183} INFO - Processing /home/airflow/.local/lib/python3.12/site-packages/airflow/example_dags/example_external_task_marker_dag.py took 0.053 seconds
[2026-02-28T21:49:34.778+0000] {processor.py:161} INFO - Started process (PID=1106) to work on /home/airflow/.local/lib/python3.12/site-packages/airflow/example_dags/example_external_task_marker_dag.py
[2026-02-28T21:49:34.778+0000] {processor.py:830} INFO - Processing file /home/airflow/.local/lib/python3.12/site-packages/airflow/example_dags/example_external_task_marker_dag.py for tasks to queue
[2026-02-28T21:49:34.780+0000] {logging_mixin.py:188} INFO - [2026-02-28T21:49:34.780+0000] {dagbag.py:545} INFO - Filling up the DagBag from /home/airflow/.local/lib/python3.12/site-packages/airflow/example_dags/example_external_task_marker_dag.py
[2026-02-28T21:49:34.785+0000] {processor.py:840} INFO - DAG(s) 'example_external_task_marker_child', 'example_external_task_marker_parent' retrieved from /home/airflow/.local/lib/python3.12/site-packages/airflow/example_dags/example_external_task_marker_dag.py
[2026-02-28T21:49:34.811+0000] {logging_mixin.py:188} INFO - [2026-02-28T21:49:34.810+0000] {dag.py:3096} INFO - Sync 2 DAGs
[2026-02-28T21:49:34.827+0000] {logging_mixin.py:188} INFO - [2026-02-28T21:49:34.827+0000] {dag.py:3954} INFO - Setting next_dagrun for example_external_task_marker_child to None, run_after=None
[2026-02-28T21:49:34.830+0000] {logging_mixin.py:188} INFO - [2026-02-28T21:49:34.830+0000] {dag.py:3954} INFO - Setting next_dagrun for example_external_task_marker_parent to None, run_after=None
[2026-02-28T21:49:34.843+0000] {processor.py:183} INFO - Processing /home/airflow/.local/lib/python3.12/site-packages/airflow/example_dags/example_external_task_marker_dag.py took 0.071 seconds
[2026-02-28T21:50:05.753+0000] {processor.py:161} INFO - Started process (PID=1164) to work on /home/airflow/.local/lib/python3.12/site-packages/airflow/example_dags/example_external_task_marker_dag.py
[2026-02-28T21:50:05.754+0000] {processor.py:830} INFO - Processing file /home/airflow/.local/lib/python3.12/site-packages/airflow/example_dags/example_external_task_marker_dag.py for tasks to queue
[2026-02-28T21:50:05.756+0000] {logging_mixin.py:188} INFO - [2026-02-28T21:50:05.756+0000] {dagbag.py:545} INFO - Filling up the DagBag from /home/airflow/.local/lib/python3.12/site-packages/airflow/example_dags/example_external_task_marker_dag.py
[2026-02-28T21:50:05.765+0000] {processor.py:840} INFO - DAG(s) 'example_external_task_marker_child', 'example_external_task_marker_parent' retrieved from /home/airflow/.local/lib/python3.12/site-packages/airflow/example_dags/example_external_task_marker_dag.py
[2026-02-28T21:50:05.809+0000] {logging_mixin.py:188} INFO - [2026-02-28T21:50:05.807+0000] {dag.py:3096} INFO - Sync 2 DAGs
[2026-02-28T21:50:05.824+0000] {logging_mixin.py:188} INFO - [2026-02-28T21:50:05.824+0000] {dag.py:3954} INFO - Setting next_dagrun for example_external_task_marker_child to None, run_after=None
[2026-02-28T21:50:05.827+0000] {logging_mixin.py:188} INFO - [2026-02-28T21:50:05.827+0000] {dag.py:3954} INFO - Setting next_dagrun for example_external_task_marker_parent to None, run_after=None
[2026-02-28T21:50:05.848+0000] {processor.py:183} INFO - Processing /home/airflow/.local/lib/python3.12/site-packages/airflow/example_dags/example_external_task_marker_dag.py took 0.100 seconds
[2026-02-28T21:50:36.387+0000] {processor.py:161} INFO - Started process (PID=1222) to work on /home/airflow/.local/lib/python3.12/site-packages/airflow/example_dags/example_external_task_marker_dag.py
[2026-02-28T21:50:36.391+0000] {processor.py:830} INFO - Processing file /home/airflow/.local/lib/python3.12/site-packages/airflow/example_dags/example_external_task_marker_dag.py for tasks to queue
[2026-02-28T21:50:36.396+0000] {logging_mixin.py:188} INFO - [2026-02-28T21:50:36.395+0000] {dagbag.py:545} INFO - Filling up the DagBag from /home/airflow/.local/lib/python3.12/site-packages/airflow/example_dags/example_external_task_marker_dag.py
[2026-02-28T21:50:36.407+0000] {processor.py:840} INFO - DAG(s) 'example_external_task_marker_child', 'example_external_task_marker_parent' retrieved from /home/airflow/.local/lib/python3.12/site-packages/airflow/example_dags/example_external_task_marker_dag.py
[2026-02-28T21:50:36.441+0000] {logging_mixin.py:188} INFO - [2026-02-28T21:50:36.441+0000] {dag.py:3096} INFO - Sync 2 DAGs
[2026-02-28T21:50:36.459+0000] {logging_mixin.py:188} INFO - [2026-02-28T21:50:36.458+0000] {dag.py:3954} INFO - Setting next_dagrun for example_external_task_marker_child to None, run_after=None
[2026-02-28T21:50:36.463+0000] {logging_mixin.py:188} INFO - [2026-02-28T21:50:36.463+0000] {dag.py:3954} INFO - Setting next_dagrun for example_external_task_marker_parent to None, run_after=None
[2026-02-28T21:50:36.489+0000] {processor.py:183} INFO - Processing /home/airflow/.local/lib/python3.12/site-packages/airflow/example_dags/example_external_task_marker_dag.py took 0.108 seconds
[2026-02-28T21:51:06.699+0000] {processor.py:161} INFO - Started process (PID=1280) to work on /home/airflow/.local/lib/python3.12/site-packages/airflow/example_dags/example_external_task_marker_dag.py
[2026-02-28T21:51:06.703+0000] {processor.py:830} INFO - Processing file /home/airflow/.local/lib/python3.12/site-packages/airflow/example_dags/example_external_task_marker_dag.py for tasks to queue
[2026-02-28T21:51:06.705+0000] {logging_mixin.py:188} INFO - [2026-02-28T21:51:06.704+0000] {dagbag.py:545} INFO - Filling up the DagBag from /home/airflow/.local/lib/python3.12/site-packages/airflow/example_dags/example_external_task_marker_dag.py
[2026-02-28T21:51:06.711+0000] {processor.py:840} INFO - DAG(s) 'example_external_task_marker_child', 'example_external_task_marker_parent' retrieved from /home/airflow/.local/lib/python3.12/site-packages/airflow/example_dags/example_external_task_marker_dag.py
[2026-02-28T21:51:06.733+0000] {logging_mixin.py:188} INFO - [2026-02-28T21:51:06.733+0000] {dag.py:3096} INFO - Sync 2 DAGs
[2026-02-28T21:51:06.742+0000] {logging_mixin.py:188} INFO - [2026-02-28T21:51:06.742+0000] {dag.py:3954} INFO - Setting next_dagrun for example_external_task_marker_child to None, run_after=None
[2026-02-28T21:51:06.745+0000] {logging_mixin.py:188} INFO - [2026-02-28T21:51:06.745+0000] {dag.py:3954} INFO - Setting next_dagrun for example_external_task_marker_parent to None, run_after=None
[2026-02-28T21:51:06.759+0000] {processor.py:183} INFO - Processing /home/airflow/.local/lib/python3.12/site-packages/airflow/example_dags/example_external_task_marker_dag.py took 0.063 seconds
[2026-02-28T21:51:37.876+0000] {processor.py:161} INFO - Started process (PID=1338) to work on /home/airflow/.local/lib/python3.12/site-packages/airflow/example_dags/example_external_task_marker_dag.py
[2026-02-28T21:51:37.878+0000] {processor.py:830} INFO - Processing file /home/airflow/.local/lib/python3.12/site-packages/airflow/example_dags/example_external_task_marker_dag.py for tasks to queue
[2026-02-28T21:51:37.880+0000] {logging_mixin.py:188} INFO - [2026-02-28T21:51:37.880+0000] {dagbag.py:545} INFO - Filling up the DagBag from /home/airflow/.local/lib/python3.12/site-packages/airflow/example_dags/example_external_task_marker_dag.py
[2026-02-28T21:51:37.888+0000] {processor.py:840} INFO - DAG(s) 'example_external_task_marker_child', 'example_external_task_marker_parent' retrieved from /home/airflow/.local/lib/python3.12/site-packages/airflow/example_dags/example_external_task_marker_dag.py
[2026-02-28T21:51:37.921+0000] {logging_mixin.py:188} INFO - [2026-02-28T21:51:37.920+0000] {dag.py:3096} INFO - Sync 2 DAGs
[2026-02-28T21:51:37.944+0000] {logging_mixin.py:188} INFO - [2026-02-28T21:51:37.944+0000] {dag.py:3954} INFO - Setting next_dagrun for example_external_task_marker_child to None, run_after=None
[2026-02-28T21:51:37.949+0000] {logging_mixin.py:188} INFO - [2026-02-28T21:51:37.949+0000] {dag.py:3954} INFO - Setting next_dagrun for example_external_task_marker_parent to None, run_after=None
[2026-02-28T21:51:37.968+0000] {processor.py:183} INFO - Processing /home/airflow/.local/lib/python3.12/site-packages/airflow/example_dags/example_external_task_marker_dag.py took 0.101 seconds
[2026-02-28T21:52:08.225+0000] {processor.py:161} INFO - Started process (PID=1396) to work on /home/airflow/.local/lib/python3.12/site-packages/airflow/example_dags/example_external_task_marker_dag.py
[2026-02-28T21:52:08.226+0000] {processor.py:830} INFO - Processing file /home/airflow/.local/lib/python3.12/site-packages/airflow/example_dags/example_external_task_marker_dag.py for tasks to queue
[2026-02-28T21:52:08.227+0000] {logging_mixin.py:188} INFO - [2026-02-28T21:52:08.227+0000] {dagbag.py:545} INFO - Filling up the DagBag from /home/airflow/.local/lib/python3.12/site-packages/airflow/example_dags/example_external_task_marker_dag.py
[2026-02-28T21:52:08.233+0000] {processor.py:840} INFO - DAG(s) 'example_external_task_marker_parent', 'example_external_task_marker_child' retrieved from /home/airflow/.local/lib/python3.12/site-packages/airflow/example_dags/example_external_task_marker_dag.py
[2026-02-28T21:52:08.257+0000] {logging_mixin.py:188} INFO - [2026-02-28T21:52:08.257+0000] {dag.py:3096} INFO - Sync 2 DAGs
[2026-02-28T21:52:08.266+0000] {logging_mixin.py:188} INFO - [2026-02-28T21:52:08.266+0000] {dag.py:3954} INFO - Setting next_dagrun for example_external_task_marker_child to None, run_after=None
[2026-02-28T21:52:08.270+0000] {logging_mixin.py:188} INFO - [2026-02-28T21:52:08.270+0000] {dag.py:3954} INFO - Setting next_dagrun for example_external_task_marker_parent to None, run_after=None
[2026-02-28T21:52:08.288+0000] {processor.py:183} INFO - Processing /home/airflow/.local/lib/python3.12/site-packages/airflow/example_dags/example_external_task_marker_dag.py took 0.070 seconds
[2026-02-28T21:52:39.300+0000] {processor.py:161} INFO - Started process (PID=1454) to work on /home/airflow/.local/lib/python3.12/site-packages/airflow/example_dags/example_external_task_marker_dag.py
[2026-02-28T21:52:39.301+0000] {processor.py:830} INFO - Processing file /home/airflow/.local/lib/python3.12/site-packages/airflow/example_dags/example_external_task_marker_dag.py for tasks to queue
[2026-02-28T21:52:39.302+0000] {logging_mixin.py:188} INFO - [2026-02-28T21:52:39.302+0000] {dagbag.py:545} INFO - Filling up the DagBag from /home/airflow/.local/lib/python3.12/site-packages/airflow/example_dags/example_external_task_marker_dag.py
[2026-02-28T21:52:39.306+0000] {processor.py:840} INFO - DAG(s) 'example_external_task_marker_child', 'example_external_task_marker_parent' retrieved from /home/airflow/.local/lib/python3.12/site-packages/airflow/example_dags/example_external_task_marker_dag.py
[2026-02-28T21:52:39.321+0000] {logging_mixin.py:188} INFO - [2026-02-28T21:52:39.320+0000] {dag.py:3096} INFO - Sync 2 DAGs
[2026-02-28T21:52:39.430+0000] {logging_mixin.py:188} INFO - [2026-02-28T21:52:39.430+0000] {dag.py:3954} INFO - Setting next_dagrun for example_external_task_marker_child to None, run_after=None
[2026-02-28T21:52:39.433+0000] {logging_mixin.py:188} INFO - [2026-02-28T21:52:39.433+0000] {dag.py:3954} INFO - Setting next_dagrun for example_external_task_marker_parent to None, run_after=None
[2026-02-28T21:52:39.447+0000] {processor.py:183} INFO - Processing /home/airflow/.local/lib/python3.12/site-packages/airflow/example_dags/example_external_task_marker_dag.py took 0.151 seconds
[2026-02-28T21:53:11.018+0000] {processor.py:161} INFO - Started process (PID=1512) to work on /home/airflow/.local/lib/python3.12/site-packages/airflow/example_dags/example_external_task_marker_dag.py
[2026-02-28T21:53:11.019+0000] {processor.py:830} INFO - Processing file /home/airflow/.local/lib/python3.12/site-packages/airflow/example_dags/example_external_task_marker_dag.py for tasks to queue
[2026-02-28T21:53:11.020+0000] {logging_mixin.py:188} INFO - [2026-02-28T21:53:11.020+0000] {dagbag.py:545} INFO - Filling up the DagBag from /home/airflow/.local/lib/python3.12/site-packages/airflow/example_dags/example_external_task_marker_dag.py
[2026-02-28T21:53:11.025+0000] {processor.py:840} INFO - DAG(s) 'example_external_task_marker_parent', 'example_external_task_marker_child' retrieved from /home/airflow/.local/lib/python3.12/site-packages/airflow/example_dags/example_external_task_marker_dag.py
[2026-02-28T21:53:11.039+0000] {logging_mixin.py:188} INFO - [2026-02-28T21:53:11.038+0000] {dag.py:3096} INFO - Sync 2 DAGs
[2026-02-28T21:53:11.132+0000] {logging_mixin.py:188} INFO - [2026-02-28T21:53:11.132+0000] {dag.py:3954} INFO - Setting next_dagrun for example_external_task_marker_child to None, run_after=None
[2026-02-28T21:53:11.134+0000] {logging_mixin.py:188} INFO - [2026-02-28T21:53:11.133+0000] {dag.py:3954} INFO - Setting next_dagrun for example_external_task_marker_parent to None, run_after=None
[2026-02-28T21:53:11.140+0000] {processor.py:183} INFO - Processing /home/airflow/.local/lib/python3.12/site-packages/airflow/example_dags/example_external_task_marker_dag.py took 0.126 seconds
[2026-02-28T21:53:42.007+0000] {processor.py:161} INFO - Started process (PID=1570) to work on /home/airflow/.local/lib/python3.12/site-packages/airflow/example_dags/example_external_task_marker_dag.py
[2026-02-28T21:53:42.009+0000] {processor.py:830} INFO - Processing file /home/airflow/.local/lib/python3.12/site-packages/airflow/example_dags/example_external_task_marker_dag.py for tasks to queue
[2026-02-28T21:53:42.010+0000] {logging_mixin.py:188} INFO - [2026-02-28T21:53:42.010+0000] {dagbag.py:545} INFO - Filling up the DagBag from /home/airflow/.local/lib/python3.12/site-packages/airflow/example_dags/example_external_task_marker_dag.py
[2026-02-28T21:53:42.020+0000] {processor.py:840} INFO - DAG(s) 'example_external_task_marker_parent', 'example_external_task_marker_child' retrieved from /home/airflow/.local/lib/python3.12/site-packages/airflow/example_dags/example_external_task_marker_dag.py
[2026-02-28T21:53:42.085+0000] {logging_mixin.py:188} INFO - [2026-02-28T21:53:42.085+0000] {dag.py:3096} INFO - Sync 2 DAGs
[2026-02-28T21:53:42.319+0000] {logging_mixin.py:188} INFO - [2026-02-28T21:53:42.318+0000] {dag.py:3954} INFO - Setting next_dagrun for example_external_task_marker_child to None, run_after=None
[2026-02-28T21:53:42.323+0000] {logging_mixin.py:188} INFO - [2026-02-28T21:53:42.322+0000] {dag.py:3954} INFO - Setting next_dagrun for example_external_task_marker_parent to None, run_after=None
[2026-02-28T21:53:42.341+0000] {processor.py:183} INFO - Processing /home/airflow/.local/lib/python3.12/site-packages/airflow/example_dags/example_external_task_marker_dag.py took 0.339 seconds
[2026-02-28T21:54:13.196+0000] {processor.py:161} INFO - Started process (PID=1628) to work on /home/airflow/.local/lib/python3.12/site-packages/airflow/example_dags/example_external_task_marker_dag.py
[2026-02-28T21:54:13.201+0000] {processor.py:830} INFO - Processing file /home/airflow/.local/lib/python3.12/site-packages/airflow/example_dags/example_external_task_marker_dag.py for tasks to queue
[2026-02-28T21:54:13.204+0000] {logging_mixin.py:188} INFO - [2026-02-28T21:54:13.204+0000] {dagbag.py:545} INFO - Filling up the DagBag from /home/airflow/.local/lib/python3.12/site-packages/airflow/example_dags/example_external_task_marker_dag.py
[2026-02-28T21:54:13.224+0000] {processor.py:840} INFO - DAG(s) 'example_external_task_marker_parent', 'example_external_task_marker_child' retrieved from /home/airflow/.local/lib/python3.12/site-packages/airflow/example_dags/example_external_task_marker_dag.py
[2026-02-28T21:54:13.266+0000] {logging_mixin.py:188} INFO - [2026-02-28T21:54:13.265+0000] {dag.py:3096} INFO - Sync 2 DAGs
[2026-02-28T21:54:13.276+0000] {logging_mixin.py:188} INFO - [2026-02-28T21:54:13.276+0000] {dag.py:3954} INFO - Setting next_dagrun for example_external_task_marker_child to None, run_after=None
[2026-02-28T21:54:13.283+0000] {logging_mixin.py:188} INFO - [2026-02-28T21:54:13.283+0000] {dag.py:3954} INFO - Setting next_dagrun for example_external_task_marker_parent to None, run_after=None
[2026-02-28T21:54:13.303+0000] {processor.py:183} INFO - Processing /home/airflow/.local/lib/python3.12/site-packages/airflow/example_dags/example_external_task_marker_dag.py took 0.119 seconds
[2026-02-28T21:54:43.380+0000] {processor.py:161} INFO - Started process (PID=1686) to work on /home/airflow/.local/lib/python3.12/site-packages/airflow/example_dags/example_external_task_marker_dag.py
[2026-02-28T21:54:43.383+0000] {processor.py:830} INFO - Processing file /home/airflow/.local/lib/python3.12/site-packages/airflow/example_dags/example_external_task_marker_dag.py for tasks to queue
[2026-02-28T21:54:43.385+0000] {logging_mixin.py:188} INFO - [2026-02-28T21:54:43.384+0000] {dagbag.py:545} INFO - Filling up the DagBag from /home/airflow/.local/lib/python3.12/site-packages/airflow/example_dags/example_external_task_marker_dag.py
[2026-02-28T21:54:43.396+0000] {processor.py:840} INFO - DAG(s) 'example_external_task_marker_child', 'example_external_task_marker_parent' retrieved from /home/airflow/.local/lib/python3.12/site-packages/airflow/example_dags/example_external_task_marker_dag.py
[2026-02-28T21:54:43.551+0000] {logging_mixin.py:188} INFO - [2026-02-28T21:54:43.548+0000] {dag.py:3096} INFO - Sync 2 DAGs
[2026-02-28T21:54:43.659+0000] {logging_mixin.py:188} INFO - [2026-02-28T21:54:43.658+0000] {dag.py:3954} INFO - Setting next_dagrun for example_external_task_marker_child to None, run_after=None
[2026-02-28T21:54:43.667+0000] {logging_mixin.py:188} INFO - [2026-02-28T21:54:43.667+0000] {dag.py:3954} INFO - Setting next_dagrun for example_external_task_marker_parent to None, run_after=None
[2026-02-28T21:54:43.714+0000] {processor.py:183} INFO - Processing /home/airflow/.local/lib/python3.12/site-packages/airflow/example_dags/example_external_task_marker_dag.py took 0.345 seconds
[2026-02-28T21:55:14.408+0000] {processor.py:161} INFO - Started process (PID=1747) to work on /home/airflow/.local/lib/python3.12/site-packages/airflow/example_dags/example_external_task_marker_dag.py
[2026-02-28T21:55:14.410+0000] {processor.py:830} INFO - Processing file /home/airflow/.local/lib/python3.12/site-packages/airflow/example_dags/example_external_task_marker_dag.py for tasks to queue
[2026-02-28T21:55:14.412+0000] {logging_mixin.py:188} INFO - [2026-02-28T21:55:14.411+0000] {dagbag.py:545} INFO - Filling up the DagBag from /home/airflow/.local/lib/python3.12/site-packages/airflow/example_dags/example_external_task_marker_dag.py
[2026-02-28T21:55:14.416+0000] {processor.py:840} INFO - DAG(s) 'example_external_task_marker_child', 'example_external_task_marker_parent' retrieved from /home/airflow/.local/lib/python3.12/site-packages/airflow/example_dags/example_external_task_marker_dag.py
[2026-02-28T21:55:14.438+0000] {logging_mixin.py:188} INFO - [2026-02-28T21:55:14.438+0000] {dag.py:3096} INFO - Sync 2 DAGs
[2026-02-28T21:55:14.454+0000] {logging_mixin.py:188} INFO - [2026-02-28T21:55:14.453+0000] {dag.py:3954} INFO - Setting next_dagrun for example_external_task_marker_child to None, run_after=None
[2026-02-28T21:55:14.459+0000] {logging_mixin.py:188} INFO - [2026-02-28T21:55:14.459+0000] {dag.py:3954} INFO - Setting next_dagrun for example_external_task_marker_parent to None, run_after=None
[2026-02-28T21:55:14.475+0000] {processor.py:183} INFO - Processing /home/airflow/.local/lib/python3.12/site-packages/airflow/example_dags/example_external_task_marker_dag.py took 0.071 seconds
[2026-02-28T21:55:45.461+0000] {processor.py:161} INFO - Started process (PID=1805) to work on /home/airflow/.local/lib/python3.12/site-packages/airflow/example_dags/example_external_task_marker_dag.py
[2026-02-28T21:55:45.467+0000] {processor.py:830} INFO - Processing file /home/airflow/.local/lib/python3.12/site-packages/airflow/example_dags/example_external_task_marker_dag.py for tasks to queue
[2026-02-28T21:55:45.478+0000] {logging_mixin.py:188} INFO - [2026-02-28T21:55:45.477+0000] {dagbag.py:545} INFO - Filling up the DagBag from /home/airflow/.local/lib/python3.12/site-packages/airflow/example_dags/example_external_task_marker_dag.py
[2026-02-28T21:55:45.503+0000] {processor.py:840} INFO - DAG(s) 'example_external_task_marker_parent', 'example_external_task_marker_child' retrieved from /home/airflow/.local/lib/python3.12/site-packages/airflow/example_dags/example_external_task_marker_dag.py
[2026-02-28T21:55:45.525+0000] {logging_mixin.py:188} INFO - [2026-02-28T21:55:45.525+0000] {dag.py:3096} INFO - Sync 2 DAGs
[2026-02-28T21:55:45.542+0000] {logging_mixin.py:188} INFO - [2026-02-28T21:55:45.542+0000] {dag.py:3954} INFO - Setting next_dagrun for example_external_task_marker_child to None, run_after=None
[2026-02-28T21:55:45.548+0000] {logging_mixin.py:188} INFO - [2026-02-28T21:55:45.548+0000] {dag.py:3954} INFO - Setting next_dagrun for example_external_task_marker_parent to None, run_after=None
[2026-02-28T21:55:45.571+0000] {processor.py:183} INFO - Processing /home/airflow/.local/lib/python3.12/site-packages/airflow/example_dags/example_external_task_marker_dag.py took 0.204 seconds
[2026-02-28T21:56:15.599+0000] {processor.py:161} INFO - Started process (PID=1863) to work on /home/airflow/.local/lib/python3.12/site-packages/airflow/example_dags/example_external_task_marker_dag.py
[2026-02-28T21:56:15.600+0000] {processor.py:830} INFO - Processing file /home/airflow/.local/lib/python3.12/site-packages/airflow/example_dags/example_external_task_marker_dag.py for tasks to queue
[2026-02-28T21:56:15.601+0000] {logging_mixin.py:188} INFO - [2026-02-28T21:56:15.601+0000] {dagbag.py:545} INFO - Filling up the DagBag from /home/airflow/.local/lib/python3.12/site-packages/airflow/example_dags/example_external_task_marker_dag.py
[2026-02-28T21:56:15.605+0000] {processor.py:840} INFO - DAG(s) 'example_external_task_marker_parent', 'example_external_task_marker_child' retrieved from /home/airflow/.local/lib/python3.12/site-packages/airflow/example_dags/example_external_task_marker_dag.py
[2026-02-28T21:56:15.617+0000] {logging_mixin.py:188} INFO - [2026-02-28T21:56:15.617+0000] {dag.py:3096} INFO - Sync 2 DAGs
[2026-02-28T21:56:15.624+0000] {logging_mixin.py:188} INFO - [2026-02-28T21:56:15.624+0000] {dag.py:3954} INFO - Setting next_dagrun for example_external_task_marker_child to None, run_after=None
[2026-02-28T21:56:15.626+0000] {logging_mixin.py:188} INFO - [2026-02-28T21:56:15.626+0000] {dag.py:3954} INFO - Setting next_dagrun for example_external_task_marker_parent to None, run_after=None
[2026-02-28T21:56:15.633+0000] {processor.py:183} INFO - Processing /home/airflow/.local/lib/python3.12/site-packages/airflow/example_dags/example_external_task_marker_dag.py took 0.039 seconds
[2026-02-28T21:56:45.718+0000] {processor.py:161} INFO - Started process (PID=1921) to work on /home/airflow/.local/lib/python3.12/site-packages/airflow/example_dags/example_external_task_marker_dag.py
[2026-02-28T21:56:45.719+0000] {processor.py:830} INFO - Processing file /home/airflow/.local/lib/python3.12/site-packages/airflow/example_dags/example_external_task_marker_dag.py for tasks to queue
[2026-02-28T21:56:45.725+0000] {logging_mixin.py:188} INFO - [2026-02-28T21:56:45.724+0000] {dagbag.py:545} INFO - Filling up the DagBag from /home/airflow/.local/lib/python3.12/site-packages/airflow/example_dags/example_external_task_marker_dag.py
[2026-02-28T21:56:45.728+0000] {processor.py:840} INFO - DAG(s) 'example_external_task_marker_child', 'example_external_task_marker_parent' retrieved from /home/airflow/.local/lib/python3.12/site-packages/airflow/example_dags/example_external_task_marker_dag.py
[2026-02-28T21:56:45.745+0000] {logging_mixin.py:188} INFO - [2026-02-28T21:56:45.745+0000] {dag.py:3096} INFO - Sync 2 DAGs
[2026-02-28T21:56:45.755+0000] {logging_mixin.py:188} INFO - [2026-02-28T21:56:45.755+0000] {dag.py:3954} INFO - Setting next_dagrun for example_external_task_marker_child to None, run_after=None
[2026-02-28T21:56:45.758+0000] {logging_mixin.py:188} INFO - [2026-02-28T21:56:45.757+0000] {dag.py:3954} INFO - Setting next_dagrun for example_external_task_marker_parent to None, run_after=None
[2026-02-28T21:56:45.769+0000] {processor.py:183} INFO - Processing /home/airflow/.local/lib/python3.12/site-packages/airflow/example_dags/example_external_task_marker_dag.py took 0.054 seconds
[2026-02-28T21:57:16.653+0000] {processor.py:161} INFO - Started process (PID=1979) to work on /home/airflow/.local/lib/python3.12/site-packages/airflow/example_dags/example_external_task_marker_dag.py
[2026-02-28T21:57:16.655+0000] {processor.py:830} INFO - Processing file /home/airflow/.local/lib/python3.12/site-packages/airflow/example_dags/example_external_task_marker_dag.py for tasks to queue
[2026-02-28T21:57:16.658+0000] {logging_mixin.py:188} INFO - [2026-02-28T21:57:16.657+0000] {dagbag.py:545} INFO - Filling up the DagBag from /home/airflow/.local/lib/python3.12/site-packages/airflow/example_dags/example_external_task_marker_dag.py
[2026-02-28T21:57:16.662+0000] {processor.py:840} INFO - DAG(s) 'example_external_task_marker_parent', 'example_external_task_marker_child' retrieved from /home/airflow/.local/lib/python3.12/site-packages/airflow/example_dags/example_external_task_marker_dag.py
[2026-02-28T21:57:16.682+0000] {logging_mixin.py:188} INFO - [2026-02-28T21:57:16.682+0000] {dag.py:3096} INFO - Sync 2 DAGs
[2026-02-28T21:57:16.693+0000] {logging_mixin.py:188} INFO - [2026-02-28T21:57:16.693+0000] {dag.py:3954} INFO - Setting next_dagrun for example_external_task_marker_child to None, run_after=None
[2026-02-28T21:57:16.696+0000] {logging_mixin.py:188} INFO - [2026-02-28T21:57:16.696+0000] {dag.py:3954} INFO - Setting next_dagrun for example_external_task_marker_parent to None, run_after=None
[2026-02-28T21:57:16.707+0000] {processor.py:183} INFO - Processing /home/airflow/.local/lib/python3.12/site-packages/airflow/example_dags/example_external_task_marker_dag.py took 0.058 seconds
[2026-02-28T21:57:47.951+0000] {processor.py:161} INFO - Started process (PID=2037) to work on /home/airflow/.local/lib/python3.12/site-packages/airflow/example_dags/example_external_task_marker_dag.py
[2026-02-28T21:57:47.954+0000] {processor.py:830} INFO - Processing file /home/airflow/.local/lib/python3.12/site-packages/airflow/example_dags/example_external_task_marker_dag.py for tasks to queue
[2026-02-28T21:57:47.956+0000] {logging_mixin.py:188} INFO - [2026-02-28T21:57:47.956+0000] {dagbag.py:545} INFO - Filling up the DagBag from /home/airflow/.local/lib/python3.12/site-packages/airflow/example_dags/example_external_task_marker_dag.py
[2026-02-28T21:57:47.972+0000] {processor.py:840} INFO - DAG(s) 'example_external_task_marker_child', 'example_external_task_marker_parent' retrieved from /home/airflow/.local/lib/python3.12/site-packages/airflow/example_dags/example_external_task_marker_dag.py
[2026-02-28T21:57:47.997+0000] {logging_mixin.py:188} INFO - [2026-02-28T21:57:47.997+0000] {dag.py:3096} INFO - Sync 2 DAGs
[2026-02-28T21:57:48.011+0000] {logging_mixin.py:188} INFO - [2026-02-28T21:57:48.011+0000] {dag.py:3954} INFO - Setting next_dagrun for example_external_task_marker_child to None, run_after=None
[2026-02-28T21:57:48.015+0000] {logging_mixin.py:188} INFO - [2026-02-28T21:57:48.015+0000] {dag.py:3954} INFO - Setting next_dagrun for example_external_task_marker_parent to None, run_after=None
[2026-02-28T21:57:48.035+0000] {processor.py:183} INFO - Processing /home/airflow/.local/lib/python3.12/site-packages/airflow/example_dags/example_external_task_marker_dag.py took 0.090 seconds
[2026-02-28T21:58:19.060+0000] {processor.py:161} INFO - Started process (PID=2095) to work on /home/airflow/.local/lib/python3.12/site-packages/airflow/example_dags/example_external_task_marker_dag.py
[2026-02-28T21:58:19.063+0000] {processor.py:830} INFO - Processing file /home/airflow/.local/lib/python3.12/site-packages/airflow/example_dags/example_external_task_marker_dag.py for tasks to queue
[2026-02-28T21:58:19.066+0000] {logging_mixin.py:188} INFO - [2026-02-28T21:58:19.065+0000] {dagbag.py:545} INFO - Filling up the DagBag from /home/airflow/.local/lib/python3.12/site-packages/airflow/example_dags/example_external_task_marker_dag.py
[2026-02-28T21:58:19.072+0000] {processor.py:840} INFO - DAG(s) 'example_external_task_marker_child', 'example_external_task_marker_parent' retrieved from /home/airflow/.local/lib/python3.12/site-packages/airflow/example_dags/example_external_task_marker_dag.py
[2026-02-28T21:58:19.098+0000] {logging_mixin.py:188} INFO - [2026-02-28T21:58:19.098+0000] {dag.py:3096} INFO - Sync 2 DAGs
[2026-02-28T21:58:19.114+0000] {logging_mixin.py:188} INFO - [2026-02-28T21:58:19.113+0000] {dag.py:3954} INFO - Setting next_dagrun for example_external_task_marker_child to None, run_after=None
[2026-02-28T21:58:19.119+0000] {logging_mixin.py:188} INFO - [2026-02-28T21:58:19.119+0000] {dag.py:3954} INFO - Setting next_dagrun for example_external_task_marker_parent to None, run_after=None
[2026-02-28T21:58:19.145+0000] {processor.py:183} INFO - Processing /home/airflow/.local/lib/python3.12/site-packages/airflow/example_dags/example_external_task_marker_dag.py took 0.092 seconds
[2026-02-28T21:58:49.588+0000] {processor.py:161} INFO - Started process (PID=2153) to work on /home/airflow/.local/lib/python3.12/site-packages/airflow/example_dags/example_external_task_marker_dag.py
[2026-02-28T21:58:49.589+0000] {processor.py:830} INFO - Processing file /home/airflow/.local/lib/python3.12/site-packages/airflow/example_dags/example_external_task_marker_dag.py for tasks to queue
[2026-02-28T21:58:49.590+0000] {logging_mixin.py:188} INFO - [2026-02-28T21:58:49.590+0000] {dagbag.py:545} INFO - Filling up the DagBag from /home/airflow/.local/lib/python3.12/site-packages/airflow/example_dags/example_external_task_marker_dag.py
[2026-02-28T21:58:49.595+0000] {processor.py:840} INFO - DAG(s) 'example_external_task_marker_parent', 'example_external_task_marker_child' retrieved from /home/airflow/.local/lib/python3.12/site-packages/airflow/example_dags/example_external_task_marker_dag.py
[2026-02-28T21:58:49.618+0000] {logging_mixin.py:188} INFO - [2026-02-28T21:58:49.617+0000] {dag.py:3096} INFO - Sync 2 DAGs
[2026-02-28T21:58:49.742+0000] {logging_mixin.py:188} INFO - [2026-02-28T21:58:49.742+0000] {dag.py:3954} INFO - Setting next_dagrun for example_external_task_marker_child to None, run_after=None
[2026-02-28T21:58:49.744+0000] {logging_mixin.py:188} INFO - [2026-02-28T21:58:49.743+0000] {dag.py:3954} INFO - Setting next_dagrun for example_external_task_marker_parent to None, run_after=None
[2026-02-28T21:58:49.750+0000] {processor.py:183} INFO - Processing /home/airflow/.local/lib/python3.12/site-packages/airflow/example_dags/example_external_task_marker_dag.py took 0.166 seconds
[2026-02-28T21:59:20.410+0000] {processor.py:161} INFO - Started process (PID=2211) to work on /home/airflow/.local/lib/python3.12/site-packages/airflow/example_dags/example_external_task_marker_dag.py
[2026-02-28T21:59:20.411+0000] {processor.py:830} INFO - Processing file /home/airflow/.local/lib/python3.12/site-packages/airflow/example_dags/example_external_task_marker_dag.py for tasks to queue
[2026-02-28T21:59:20.412+0000] {logging_mixin.py:188} INFO - [2026-02-28T21:59:20.412+0000] {dagbag.py:545} INFO - Filling up the DagBag from /home/airflow/.local/lib/python3.12/site-packages/airflow/example_dags/example_external_task_marker_dag.py
[2026-02-28T21:59:20.417+0000] {processor.py:840} INFO - DAG(s) 'example_external_task_marker_parent', 'example_external_task_marker_child' retrieved from /home/airflow/.local/lib/python3.12/site-packages/airflow/example_dags/example_external_task_marker_dag.py
[2026-02-28T21:59:20.438+0000] {logging_mixin.py:188} INFO - [2026-02-28T21:59:20.437+0000] {dag.py:3096} INFO - Sync 2 DAGs
[2026-02-28T21:59:20.571+0000] {logging_mixin.py:188} INFO - [2026-02-28T21:59:20.571+0000] {dag.py:3954} INFO - Setting next_dagrun for example_external_task_marker_child to None, run_after=None
[2026-02-28T21:59:20.573+0000] {logging_mixin.py:188} INFO - [2026-02-28T21:59:20.573+0000] {dag.py:3954} INFO - Setting next_dagrun for example_external_task_marker_parent to None, run_after=None
[2026-02-28T21:59:20.580+0000] {processor.py:183} INFO - Processing /home/airflow/.local/lib/python3.12/site-packages/airflow/example_dags/example_external_task_marker_dag.py took 0.175 seconds
[2026-02-28T21:59:51.398+0000] {processor.py:161} INFO - Started process (PID=2270) to work on /home/airflow/.local/lib/python3.12/site-packages/airflow/example_dags/example_external_task_marker_dag.py
[2026-02-28T21:59:51.398+0000] {processor.py:830} INFO - Processing file /home/airflow/.local/lib/python3.12/site-packages/airflow/example_dags/example_external_task_marker_dag.py for tasks to queue
[2026-02-28T21:59:51.400+0000] {logging_mixin.py:188} INFO - [2026-02-28T21:59:51.399+0000] {dagbag.py:545} INFO - Filling up the DagBag from /home/airflow/.local/lib/python3.12/site-packages/airflow/example_dags/example_external_task_marker_dag.py
[2026-02-28T21:59:51.404+0000] {processor.py:840} INFO - DAG(s) 'example_external_task_marker_parent', 'example_external_task_marker_child' retrieved from /home/airflow/.local/lib/python3.12/site-packages/airflow/example_dags/example_external_task_marker_dag.py
[2026-02-28T21:59:51.512+0000] {logging_mixin.py:188} INFO - [2026-02-28T21:59:51.512+0000] {dag.py:3096} INFO - Sync 2 DAGs
[2026-02-28T21:59:51.517+0000] {logging_mixin.py:188} INFO - [2026-02-28T21:59:51.517+0000] {dag.py:3954} INFO - Setting next_dagrun for example_external_task_marker_child to None, run_after=None
[2026-02-28T21:59:51.519+0000] {logging_mixin.py:188} INFO - [2026-02-28T21:59:51.519+0000] {dag.py:3954} INFO - Setting next_dagrun for example_external_task_marker_parent to None, run_after=None
[2026-02-28T21:59:51.525+0000] {processor.py:183} INFO - Processing /home/airflow/.local/lib/python3.12/site-packages/airflow/example_dags/example_external_task_marker_dag.py took 0.131 seconds
[2026-02-28T22:00:21.860+0000] {processor.py:161} INFO - Started process (PID=2328) to work on /home/airflow/.local/lib/python3.12/site-packages/airflow/example_dags/example_external_task_marker_dag.py
[2026-02-28T22:00:21.861+0000] {processor.py:830} INFO - Processing file /home/airflow/.local/lib/python3.12/site-packages/airflow/example_dags/example_external_task_marker_dag.py for tasks to queue
[2026-02-28T22:00:21.862+0000] {logging_mixin.py:188} INFO - [2026-02-28T22:00:21.862+0000] {dagbag.py:545} INFO - Filling up the DagBag from /home/airflow/.local/lib/python3.12/site-packages/airflow/example_dags/example_external_task_marker_dag.py
[2026-02-28T22:00:21.866+0000] {processor.py:840} INFO - DAG(s) 'example_external_task_marker_child', 'example_external_task_marker_parent' retrieved from /home/airflow/.local/lib/python3.12/site-packages/airflow/example_dags/example_external_task_marker_dag.py
[2026-02-28T22:00:22.009+0000] {logging_mixin.py:188} INFO - [2026-02-28T22:00:22.008+0000] {dag.py:3096} INFO - Sync 2 DAGs
[2026-02-28T22:00:22.015+0000] {logging_mixin.py:188} INFO - [2026-02-28T22:00:22.015+0000] {dag.py:3954} INFO - Setting next_dagrun for example_external_task_marker_child to None, run_after=None
[2026-02-28T22:00:22.017+0000] {logging_mixin.py:188} INFO - [2026-02-28T22:00:22.017+0000] {dag.py:3954} INFO - Setting next_dagrun for example_external_task_marker_parent to None, run_after=None
[2026-02-28T22:00:22.024+0000] {processor.py:183} INFO - Processing /home/airflow/.local/lib/python3.12/site-packages/airflow/example_dags/example_external_task_marker_dag.py took 0.167 seconds
[2026-02-28T22:00:52.054+0000] {processor.py:161} INFO - Started process (PID=2385) to work on /home/airflow/.local/lib/python3.12/site-packages/airflow/example_dags/example_external_task_marker_dag.py
[2026-02-28T22:00:52.055+0000] {processor.py:830} INFO - Processing file /home/airflow/.local/lib/python3.12/site-packages/airflow/example_dags/example_external_task_marker_dag.py for tasks to queue
[2026-02-28T22:00:52.060+0000] {logging_mixin.py:188} INFO - [2026-02-28T22:00:52.060+0000] {dagbag.py:545} INFO - Filling up the DagBag from /home/airflow/.local/lib/python3.12/site-packages/airflow/example_dags/example_external_task_marker_dag.py
[2026-02-28T22:00:52.067+0000] {processor.py:840} INFO - DAG(s) 'example_external_task_marker_child', 'example_external_task_marker_parent' retrieved from /home/airflow/.local/lib/python3.12/site-packages/airflow/example_dags/example_external_task_marker_dag.py
[2026-02-28T22:00:52.089+0000] {logging_mixin.py:188} INFO - [2026-02-28T22:00:52.089+0000] {dag.py:3096} INFO - Sync 2 DAGs
[2026-02-28T22:00:52.101+0000] {logging_mixin.py:188} INFO - [2026-02-28T22:00:52.101+0000] {dag.py:3954} INFO - Setting next_dagrun for example_external_task_marker_child to None, run_after=None
[2026-02-28T22:00:52.105+0000] {logging_mixin.py:188} INFO - [2026-02-28T22:00:52.105+0000] {dag.py:3954} INFO - Setting next_dagrun for example_external_task_marker_parent to None, run_after=None
[2026-02-28T22:00:52.126+0000] {processor.py:183} INFO - Processing /home/airflow/.local/lib/python3.12/site-packages/airflow/example_dags/example_external_task_marker_dag.py took 0.080 seconds
[2026-02-28T22:01:22.639+0000] {processor.py:161} INFO - Started process (PID=2442) to work on /home/airflow/.local/lib/python3.12/site-packages/airflow/example_dags/example_external_task_marker_dag.py
[2026-02-28T22:01:22.640+0000] {processor.py:830} INFO - Processing file /home/airflow/.local/lib/python3.12/site-packages/airflow/example_dags/example_external_task_marker_dag.py for tasks to queue
[2026-02-28T22:01:22.642+0000] {logging_mixin.py:188} INFO - [2026-02-28T22:01:22.641+0000] {dagbag.py:545} INFO - Filling up the DagBag from /home/airflow/.local/lib/python3.12/site-packages/airflow/example_dags/example_external_task_marker_dag.py
[2026-02-28T22:01:22.646+0000] {processor.py:840} INFO - DAG(s) 'example_external_task_marker_child', 'example_external_task_marker_parent' retrieved from /home/airflow/.local/lib/python3.12/site-packages/airflow/example_dags/example_external_task_marker_dag.py
[2026-02-28T22:01:22.667+0000] {logging_mixin.py:188} INFO - [2026-02-28T22:01:22.666+0000] {dag.py:3096} INFO - Sync 2 DAGs
[2026-02-28T22:01:22.678+0000] {logging_mixin.py:188} INFO - [2026-02-28T22:01:22.678+0000] {dag.py:3954} INFO - Setting next_dagrun for example_external_task_marker_child to None, run_after=None
[2026-02-28T22:01:22.681+0000] {logging_mixin.py:188} INFO - [2026-02-28T22:01:22.681+0000] {dag.py:3954} INFO - Setting next_dagrun for example_external_task_marker_parent to None, run_after=None
[2026-02-28T22:01:22.692+0000] {processor.py:183} INFO - Processing /home/airflow/.local/lib/python3.12/site-packages/airflow/example_dags/example_external_task_marker_dag.py took 0.061 seconds
[2026-02-28T22:01:53.466+0000] {processor.py:161} INFO - Started process (PID=2500) to work on /home/airflow/.local/lib/python3.12/site-packages/airflow/example_dags/example_external_task_marker_dag.py
[2026-02-28T22:01:53.468+0000] {processor.py:830} INFO - Processing file /home/airflow/.local/lib/python3.12/site-packages/airflow/example_dags/example_external_task_marker_dag.py for tasks to queue
[2026-02-28T22:01:53.470+0000] {logging_mixin.py:188} INFO - [2026-02-28T22:01:53.469+0000] {dagbag.py:545} INFO - Filling up the DagBag from /home/airflow/.local/lib/python3.12/site-packages/airflow/example_dags/example_external_task_marker_dag.py
[2026-02-28T22:01:53.474+0000] {processor.py:840} INFO - DAG(s) 'example_external_task_marker_child', 'example_external_task_marker_parent' retrieved from /home/airflow/.local/lib/python3.12/site-packages/airflow/example_dags/example_external_task_marker_dag.py
[2026-02-28T22:01:53.496+0000] {logging_mixin.py:188} INFO - [2026-02-28T22:01:53.495+0000] {dag.py:3096} INFO - Sync 2 DAGs
[2026-02-28T22:01:53.503+0000] {logging_mixin.py:188} INFO - [2026-02-28T22:01:53.503+0000] {dag.py:3954} INFO - Setting next_dagrun for example_external_task_marker_child to None, run_after=None
[2026-02-28T22:01:53.506+0000] {logging_mixin.py:188} INFO - [2026-02-28T22:01:53.506+0000] {dag.py:3954} INFO - Setting next_dagrun for example_external_task_marker_parent to None, run_after=None
[2026-02-28T22:01:53.516+0000] {processor.py:183} INFO - Processing /home/airflow/.local/lib/python3.12/site-packages/airflow/example_dags/example_external_task_marker_dag.py took 0.053 seconds
[2026-02-28T22:02:24.400+0000] {processor.py:161} INFO - Started process (PID=2558) to work on /home/airflow/.local/lib/python3.12/site-packages/airflow/example_dags/example_external_task_marker_dag.py
[2026-02-28T22:02:24.401+0000] {processor.py:830} INFO - Processing file /home/airflow/.local/lib/python3.12/site-packages/airflow/example_dags/example_external_task_marker_dag.py for tasks to queue
[2026-02-28T22:02:24.403+0000] {logging_mixin.py:188} INFO - [2026-02-28T22:02:24.402+0000] {dagbag.py:545} INFO - Filling up the DagBag from /home/airflow/.local/lib/python3.12/site-packages/airflow/example_dags/example_external_task_marker_dag.py
[2026-02-28T22:02:24.408+0000] {processor.py:840} INFO - DAG(s) 'example_external_task_marker_child', 'example_external_task_marker_parent' retrieved from /home/airflow/.local/lib/python3.12/site-packages/airflow/example_dags/example_external_task_marker_dag.py
[2026-02-28T22:02:24.431+0000] {logging_mixin.py:188} INFO - [2026-02-28T22:02:24.430+0000] {dag.py:3096} INFO - Sync 2 DAGs
[2026-02-28T22:02:24.439+0000] {logging_mixin.py:188} INFO - [2026-02-28T22:02:24.439+0000] {dag.py:3954} INFO - Setting next_dagrun for example_external_task_marker_child to None, run_after=None
[2026-02-28T22:02:24.442+0000] {logging_mixin.py:188} INFO - [2026-02-28T22:02:24.442+0000] {dag.py:3954} INFO - Setting next_dagrun for example_external_task_marker_parent to None, run_after=None
[2026-02-28T22:02:24.453+0000] {processor.py:183} INFO - Processing /home/airflow/.local/lib/python3.12/site-packages/airflow/example_dags/example_external_task_marker_dag.py took 0.056 seconds
[2026-02-28T22:02:55.025+0000] {processor.py:161} INFO - Started process (PID=2616) to work on /home/airflow/.local/lib/python3.12/site-packages/airflow/example_dags/example_external_task_marker_dag.py
[2026-02-28T22:02:55.028+0000] {processor.py:830} INFO - Processing file /home/airflow/.local/lib/python3.12/site-packages/airflow/example_dags/example_external_task_marker_dag.py for tasks to queue
[2026-02-28T22:02:55.030+0000] {logging_mixin.py:188} INFO - [2026-02-28T22:02:55.029+0000] {dagbag.py:545} INFO - Filling up the DagBag from /home/airflow/.local/lib/python3.12/site-packages/airflow/example_dags/example_external_task_marker_dag.py
[2026-02-28T22:02:55.037+0000] {processor.py:840} INFO - DAG(s) 'example_external_task_marker_parent', 'example_external_task_marker_child' retrieved from /home/airflow/.local/lib/python3.12/site-packages/airflow/example_dags/example_external_task_marker_dag.py
[2026-02-28T22:02:55.058+0000] {logging_mixin.py:188} INFO - [2026-02-28T22:02:55.058+0000] {dag.py:3096} INFO - Sync 2 DAGs
[2026-02-28T22:02:55.077+0000] {logging_mixin.py:188} INFO - [2026-02-28T22:02:55.077+0000] {dag.py:3954} INFO - Setting next_dagrun for example_external_task_marker_child to None, run_after=None
[2026-02-28T22:02:55.081+0000] {logging_mixin.py:188} INFO - [2026-02-28T22:02:55.081+0000] {dag.py:3954} INFO - Setting next_dagrun for example_external_task_marker_parent to None, run_after=None
[2026-02-28T22:02:55.094+0000] {processor.py:183} INFO - Processing /home/airflow/.local/lib/python3.12/site-packages/airflow/example_dags/example_external_task_marker_dag.py took 0.076 seconds
[2026-02-28T22:03:25.134+0000] {processor.py:161} INFO - Started process (PID=2673) to work on /home/airflow/.local/lib/python3.12/site-packages/airflow/example_dags/example_external_task_marker_dag.py
[2026-02-28T22:03:25.136+0000] {processor.py:830} INFO - Processing file /home/airflow/.local/lib/python3.12/site-packages/airflow/example_dags/example_external_task_marker_dag.py for tasks to queue
[2026-02-28T22:03:25.138+0000] {logging_mixin.py:188} INFO - [2026-02-28T22:03:25.138+0000] {dagbag.py:545} INFO - Filling up the DagBag from /home/airflow/.local/lib/python3.12/site-packages/airflow/example_dags/example_external_task_marker_dag.py
[2026-02-28T22:03:25.142+0000] {processor.py:840} INFO - DAG(s) 'example_external_task_marker_child', 'example_external_task_marker_parent' retrieved from /home/airflow/.local/lib/python3.12/site-packages/airflow/example_dags/example_external_task_marker_dag.py
[2026-02-28T22:03:25.162+0000] {logging_mixin.py:188} INFO - [2026-02-28T22:03:25.162+0000] {dag.py:3096} INFO - Sync 2 DAGs
[2026-02-28T22:03:25.171+0000] {logging_mixin.py:188} INFO - [2026-02-28T22:03:25.170+0000] {dag.py:3954} INFO - Setting next_dagrun for example_external_task_marker_child to None, run_after=None
[2026-02-28T22:03:25.174+0000] {logging_mixin.py:188} INFO - [2026-02-28T22:03:25.174+0000] {dag.py:3954} INFO - Setting next_dagrun for example_external_task_marker_parent to None, run_after=None
[2026-02-28T22:03:25.185+0000] {processor.py:183} INFO - Processing /home/airflow/.local/lib/python3.12/site-packages/airflow/example_dags/example_external_task_marker_dag.py took 0.054 seconds
[2026-02-28T22:03:56.087+0000] {processor.py:161} INFO - Started process (PID=2731) to work on /home/airflow/.local/lib/python3.12/site-packages/airflow/example_dags/example_external_task_marker_dag.py
[2026-02-28T22:03:56.088+0000] {processor.py:830} INFO - Processing file /home/airflow/.local/lib/python3.12/site-packages/airflow/example_dags/example_external_task_marker_dag.py for tasks to queue
[2026-02-28T22:03:56.091+0000] {logging_mixin.py:188} INFO - [2026-02-28T22:03:56.090+0000] {dagbag.py:545} INFO - Filling up the DagBag from /home/airflow/.local/lib/python3.12/site-packages/airflow/example_dags/example_external_task_marker_dag.py
[2026-02-28T22:03:56.097+0000] {processor.py:840} INFO - DAG(s) 'example_external_task_marker_child', 'example_external_task_marker_parent' retrieved from /home/airflow/.local/lib/python3.12/site-packages/airflow/example_dags/example_external_task_marker_dag.py
[2026-02-28T22:03:56.117+0000] {logging_mixin.py:188} INFO - [2026-02-28T22:03:56.117+0000] {dag.py:3096} INFO - Sync 2 DAGs
[2026-02-28T22:03:56.126+0000] {logging_mixin.py:188} INFO - [2026-02-28T22:03:56.126+0000] {dag.py:3954} INFO - Setting next_dagrun for example_external_task_marker_child to None, run_after=None
[2026-02-28T22:03:56.129+0000] {logging_mixin.py:188} INFO - [2026-02-28T22:03:56.128+0000] {dag.py:3954} INFO - Setting next_dagrun for example_external_task_marker_parent to None, run_after=None
[2026-02-28T22:03:56.137+0000] {processor.py:183} INFO - Processing /home/airflow/.local/lib/python3.12/site-packages/airflow/example_dags/example_external_task_marker_dag.py took 0.054 seconds
[2026-02-28T22:04:26.275+0000] {processor.py:161} INFO - Started process (PID=2789) to work on /home/airflow/.local/lib/python3.12/site-packages/airflow/example_dags/example_external_task_marker_dag.py
[2026-02-28T22:04:26.277+0000] {processor.py:830} INFO - Processing file /home/airflow/.local/lib/python3.12/site-packages/airflow/example_dags/example_external_task_marker_dag.py for tasks to queue
[2026-02-28T22:04:26.278+0000] {logging_mixin.py:188} INFO - [2026-02-28T22:04:26.278+0000] {dagbag.py:545} INFO - Filling up the DagBag from /home/airflow/.local/lib/python3.12/site-packages/airflow/example_dags/example_external_task_marker_dag.py
[2026-02-28T22:04:26.282+0000] {processor.py:840} INFO - DAG(s) 'example_external_task_marker_child', 'example_external_task_marker_parent' retrieved from /home/airflow/.local/lib/python3.12/site-packages/airflow/example_dags/example_external_task_marker_dag.py
[2026-02-28T22:04:26.302+0000] {logging_mixin.py:188} INFO - [2026-02-28T22:04:26.302+0000] {dag.py:3096} INFO - Sync 2 DAGs
[2026-02-28T22:04:26.312+0000] {logging_mixin.py:188} INFO - [2026-02-28T22:04:26.312+0000] {dag.py:3954} INFO - Setting next_dagrun for example_external_task_marker_child to None, run_after=None
[2026-02-28T22:04:26.317+0000] {logging_mixin.py:188} INFO - [2026-02-28T22:04:26.317+0000] {dag.py:3954} INFO - Setting next_dagrun for example_external_task_marker_parent to None, run_after=None
[2026-02-28T22:04:26.333+0000] {processor.py:183} INFO - Processing /home/airflow/.local/lib/python3.12/site-packages/airflow/example_dags/example_external_task_marker_dag.py took 0.063 seconds
