[2026-02-28T21:40:06.176+0000] {processor.py:161} INFO - Started process (PID=89) to work on /home/airflow/.local/lib/python3.12/site-packages/airflow/example_dags/example_short_circuit_operator.py
[2026-02-28T21:40:06.178+0000] {processor.py:830} INFO - Processing file /home/airflow/.local/lib/python3.12/site-packages/airflow/example_dags/example_short_circuit_operator.py for tasks to queue
[2026-02-28T21:40:06.183+0000] {logging_mixin.py:188} INFO - [2026-02-28T21:40:06.183+0000] {dagbag.py:545} INFO - Filling up the DagBag from /home/airflow/.local/lib/python3.12/site-packages/airflow/example_dags/example_short_circuit_operator.py
[2026-02-28T21:40:06.202+0000] {processor.py:840} INFO - DAG(s) 'example_short_circuit_operator' retrieved from /home/airflow/.local/lib/python3.12/site-packages/airflow/example_dags/example_short_circuit_operator.py
[2026-02-28T21:40:06.230+0000] {logging_mixin.py:188} INFO - [2026-02-28T21:40:06.229+0000] {dag.py:3096} INFO - Sync 1 DAGs
[2026-02-28T21:40:06.263+0000] {logging_mixin.py:188} INFO - [2026-02-28T21:40:06.263+0000] {dag.py:3954} INFO - Setting next_dagrun for example_short_circuit_operator to 2026-02-27 00:00:00+00:00, run_after=2026-02-28 00:00:00+00:00
[2026-02-28T21:40:06.303+0000] {processor.py:183} INFO - Processing /home/airflow/.local/lib/python3.12/site-packages/airflow/example_dags/example_short_circuit_operator.py took 0.141 seconds
[2026-02-28T21:40:36.889+0000] {processor.py:161} INFO - Started process (PID=147) to work on /home/airflow/.local/lib/python3.12/site-packages/airflow/example_dags/example_short_circuit_operator.py
[2026-02-28T21:40:36.890+0000] {processor.py:830} INFO - Processing file /home/airflow/.local/lib/python3.12/site-packages/airflow/example_dags/example_short_circuit_operator.py for tasks to queue
[2026-02-28T21:40:36.891+0000] {logging_mixin.py:188} INFO - [2026-02-28T21:40:36.891+0000] {dagbag.py:545} INFO - Filling up the DagBag from /home/airflow/.local/lib/python3.12/site-packages/airflow/example_dags/example_short_circuit_operator.py
[2026-02-28T21:40:36.895+0000] {processor.py:840} INFO - DAG(s) 'example_short_circuit_operator' retrieved from /home/airflow/.local/lib/python3.12/site-packages/airflow/example_dags/example_short_circuit_operator.py
[2026-02-28T21:40:36.978+0000] {logging_mixin.py:188} INFO - [2026-02-28T21:40:36.977+0000] {dag.py:3096} INFO - Sync 1 DAGs
[2026-02-28T21:40:36.993+0000] {logging_mixin.py:188} INFO - [2026-02-28T21:40:36.993+0000] {dag.py:3954} INFO - Setting next_dagrun for example_short_circuit_operator to 2026-02-27 00:00:00+00:00, run_after=2026-02-28 00:00:00+00:00
[2026-02-28T21:40:37.004+0000] {processor.py:183} INFO - Processing /home/airflow/.local/lib/python3.12/site-packages/airflow/example_dags/example_short_circuit_operator.py took 0.119 seconds
[2026-02-28T21:41:07.861+0000] {processor.py:161} INFO - Started process (PID=205) to work on /home/airflow/.local/lib/python3.12/site-packages/airflow/example_dags/example_short_circuit_operator.py
[2026-02-28T21:41:07.862+0000] {processor.py:830} INFO - Processing file /home/airflow/.local/lib/python3.12/site-packages/airflow/example_dags/example_short_circuit_operator.py for tasks to queue
[2026-02-28T21:41:07.864+0000] {logging_mixin.py:188} INFO - [2026-02-28T21:41:07.863+0000] {dagbag.py:545} INFO - Filling up the DagBag from /home/airflow/.local/lib/python3.12/site-packages/airflow/example_dags/example_short_circuit_operator.py
[2026-02-28T21:41:07.869+0000] {processor.py:840} INFO - DAG(s) 'example_short_circuit_operator' retrieved from /home/airflow/.local/lib/python3.12/site-packages/airflow/example_dags/example_short_circuit_operator.py
[2026-02-28T21:41:07.893+0000] {logging_mixin.py:188} INFO - [2026-02-28T21:41:07.893+0000] {dag.py:3096} INFO - Sync 1 DAGs
[2026-02-28T21:41:07.913+0000] {logging_mixin.py:188} INFO - [2026-02-28T21:41:07.912+0000] {dag.py:3954} INFO - Setting next_dagrun for example_short_circuit_operator to 2026-02-27 00:00:00+00:00, run_after=2026-02-28 00:00:00+00:00
[2026-02-28T21:41:07.929+0000] {processor.py:183} INFO - Processing /home/airflow/.local/lib/python3.12/site-packages/airflow/example_dags/example_short_circuit_operator.py took 0.075 seconds
[2026-02-28T21:41:38.677+0000] {processor.py:161} INFO - Started process (PID=263) to work on /home/airflow/.local/lib/python3.12/site-packages/airflow/example_dags/example_short_circuit_operator.py
[2026-02-28T21:41:38.678+0000] {processor.py:830} INFO - Processing file /home/airflow/.local/lib/python3.12/site-packages/airflow/example_dags/example_short_circuit_operator.py for tasks to queue
[2026-02-28T21:41:38.680+0000] {logging_mixin.py:188} INFO - [2026-02-28T21:41:38.680+0000] {dagbag.py:545} INFO - Filling up the DagBag from /home/airflow/.local/lib/python3.12/site-packages/airflow/example_dags/example_short_circuit_operator.py
[2026-02-28T21:41:38.687+0000] {processor.py:840} INFO - DAG(s) 'example_short_circuit_operator' retrieved from /home/airflow/.local/lib/python3.12/site-packages/airflow/example_dags/example_short_circuit_operator.py
[2026-02-28T21:41:38.714+0000] {logging_mixin.py:188} INFO - [2026-02-28T21:41:38.713+0000] {dag.py:3096} INFO - Sync 1 DAGs
[2026-02-28T21:41:38.738+0000] {logging_mixin.py:188} INFO - [2026-02-28T21:41:38.738+0000] {dag.py:3954} INFO - Setting next_dagrun for example_short_circuit_operator to 2026-02-27 00:00:00+00:00, run_after=2026-02-28 00:00:00+00:00
[2026-02-28T21:41:38.765+0000] {processor.py:183} INFO - Processing /home/airflow/.local/lib/python3.12/site-packages/airflow/example_dags/example_short_circuit_operator.py took 0.094 seconds
[2026-02-28T21:42:09.648+0000] {processor.py:161} INFO - Started process (PID=321) to work on /home/airflow/.local/lib/python3.12/site-packages/airflow/example_dags/example_short_circuit_operator.py
[2026-02-28T21:42:09.649+0000] {processor.py:830} INFO - Processing file /home/airflow/.local/lib/python3.12/site-packages/airflow/example_dags/example_short_circuit_operator.py for tasks to queue
[2026-02-28T21:42:09.650+0000] {logging_mixin.py:188} INFO - [2026-02-28T21:42:09.650+0000] {dagbag.py:545} INFO - Filling up the DagBag from /home/airflow/.local/lib/python3.12/site-packages/airflow/example_dags/example_short_circuit_operator.py
[2026-02-28T21:42:09.655+0000] {processor.py:840} INFO - DAG(s) 'example_short_circuit_operator' retrieved from /home/airflow/.local/lib/python3.12/site-packages/airflow/example_dags/example_short_circuit_operator.py
[2026-02-28T21:42:09.667+0000] {logging_mixin.py:188} INFO - [2026-02-28T21:42:09.666+0000] {dag.py:3096} INFO - Sync 1 DAGs
[2026-02-28T21:42:09.678+0000] {logging_mixin.py:188} INFO - [2026-02-28T21:42:09.678+0000] {dag.py:3954} INFO - Setting next_dagrun for example_short_circuit_operator to 2026-02-27 00:00:00+00:00, run_after=2026-02-28 00:00:00+00:00
[2026-02-28T21:42:09.687+0000] {processor.py:183} INFO - Processing /home/airflow/.local/lib/python3.12/site-packages/airflow/example_dags/example_short_circuit_operator.py took 0.042 seconds
[2026-02-28T21:42:39.789+0000] {processor.py:161} INFO - Started process (PID=380) to work on /home/airflow/.local/lib/python3.12/site-packages/airflow/example_dags/example_short_circuit_operator.py
[2026-02-28T21:42:39.790+0000] {processor.py:830} INFO - Processing file /home/airflow/.local/lib/python3.12/site-packages/airflow/example_dags/example_short_circuit_operator.py for tasks to queue
[2026-02-28T21:42:39.791+0000] {logging_mixin.py:188} INFO - [2026-02-28T21:42:39.791+0000] {dagbag.py:545} INFO - Filling up the DagBag from /home/airflow/.local/lib/python3.12/site-packages/airflow/example_dags/example_short_circuit_operator.py
[2026-02-28T21:42:39.797+0000] {processor.py:840} INFO - DAG(s) 'example_short_circuit_operator' retrieved from /home/airflow/.local/lib/python3.12/site-packages/airflow/example_dags/example_short_circuit_operator.py
[2026-02-28T21:42:39.811+0000] {logging_mixin.py:188} INFO - [2026-02-28T21:42:39.811+0000] {dag.py:3096} INFO - Sync 1 DAGs
[2026-02-28T21:42:39.825+0000] {logging_mixin.py:188} INFO - [2026-02-28T21:42:39.825+0000] {dag.py:3954} INFO - Setting next_dagrun for example_short_circuit_operator to 2026-02-27 00:00:00+00:00, run_after=2026-02-28 00:00:00+00:00
[2026-02-28T21:42:39.838+0000] {processor.py:183} INFO - Processing /home/airflow/.local/lib/python3.12/site-packages/airflow/example_dags/example_short_circuit_operator.py took 0.052 seconds
[2026-02-28T21:43:10.629+0000] {processor.py:161} INFO - Started process (PID=438) to work on /home/airflow/.local/lib/python3.12/site-packages/airflow/example_dags/example_short_circuit_operator.py
[2026-02-28T21:43:10.631+0000] {processor.py:830} INFO - Processing file /home/airflow/.local/lib/python3.12/site-packages/airflow/example_dags/example_short_circuit_operator.py for tasks to queue
[2026-02-28T21:43:10.632+0000] {logging_mixin.py:188} INFO - [2026-02-28T21:43:10.632+0000] {dagbag.py:545} INFO - Filling up the DagBag from /home/airflow/.local/lib/python3.12/site-packages/airflow/example_dags/example_short_circuit_operator.py
[2026-02-28T21:43:10.638+0000] {processor.py:840} INFO - DAG(s) 'example_short_circuit_operator' retrieved from /home/airflow/.local/lib/python3.12/site-packages/airflow/example_dags/example_short_circuit_operator.py
[2026-02-28T21:43:10.651+0000] {logging_mixin.py:188} INFO - [2026-02-28T21:43:10.651+0000] {dag.py:3096} INFO - Sync 1 DAGs
[2026-02-28T21:43:10.664+0000] {logging_mixin.py:188} INFO - [2026-02-28T21:43:10.664+0000] {dag.py:3954} INFO - Setting next_dagrun for example_short_circuit_operator to 2026-02-27 00:00:00+00:00, run_after=2026-02-28 00:00:00+00:00
[2026-02-28T21:43:10.678+0000] {processor.py:183} INFO - Processing /home/airflow/.local/lib/python3.12/site-packages/airflow/example_dags/example_short_circuit_operator.py took 0.052 seconds
[2026-02-28T21:43:40.941+0000] {processor.py:161} INFO - Started process (PID=496) to work on /home/airflow/.local/lib/python3.12/site-packages/airflow/example_dags/example_short_circuit_operator.py
[2026-02-28T21:43:40.942+0000] {processor.py:830} INFO - Processing file /home/airflow/.local/lib/python3.12/site-packages/airflow/example_dags/example_short_circuit_operator.py for tasks to queue
[2026-02-28T21:43:40.945+0000] {logging_mixin.py:188} INFO - [2026-02-28T21:43:40.944+0000] {dagbag.py:545} INFO - Filling up the DagBag from /home/airflow/.local/lib/python3.12/site-packages/airflow/example_dags/example_short_circuit_operator.py
[2026-02-28T21:43:40.952+0000] {processor.py:840} INFO - DAG(s) 'example_short_circuit_operator' retrieved from /home/airflow/.local/lib/python3.12/site-packages/airflow/example_dags/example_short_circuit_operator.py
[2026-02-28T21:43:40.967+0000] {logging_mixin.py:188} INFO - [2026-02-28T21:43:40.967+0000] {dag.py:3096} INFO - Sync 1 DAGs
[2026-02-28T21:43:40.983+0000] {logging_mixin.py:188} INFO - [2026-02-28T21:43:40.983+0000] {dag.py:3954} INFO - Setting next_dagrun for example_short_circuit_operator to 2026-02-27 00:00:00+00:00, run_after=2026-02-28 00:00:00+00:00
[2026-02-28T21:43:40.996+0000] {processor.py:183} INFO - Processing /home/airflow/.local/lib/python3.12/site-packages/airflow/example_dags/example_short_circuit_operator.py took 0.059 seconds
[2026-02-28T21:44:44.180+0000] {processor.py:161} INFO - Started process (PID=554) to work on /home/airflow/.local/lib/python3.12/site-packages/airflow/example_dags/example_short_circuit_operator.py
[2026-02-28T21:44:44.183+0000] {processor.py:830} INFO - Processing file /home/airflow/.local/lib/python3.12/site-packages/airflow/example_dags/example_short_circuit_operator.py for tasks to queue
[2026-02-28T21:44:44.184+0000] {logging_mixin.py:188} INFO - [2026-02-28T21:44:44.184+0000] {dagbag.py:545} INFO - Filling up the DagBag from /home/airflow/.local/lib/python3.12/site-packages/airflow/example_dags/example_short_circuit_operator.py
[2026-02-28T21:44:44.188+0000] {processor.py:840} INFO - DAG(s) 'example_short_circuit_operator' retrieved from /home/airflow/.local/lib/python3.12/site-packages/airflow/example_dags/example_short_circuit_operator.py
[2026-02-28T21:44:44.204+0000] {logging_mixin.py:188} INFO - [2026-02-28T21:44:44.204+0000] {dag.py:3096} INFO - Sync 1 DAGs
[2026-02-28T21:44:44.216+0000] {logging_mixin.py:188} INFO - [2026-02-28T21:44:44.216+0000] {dag.py:3954} INFO - Setting next_dagrun for example_short_circuit_operator to 2026-02-27 00:00:00+00:00, run_after=2026-02-28 00:00:00+00:00
[2026-02-28T21:44:44.229+0000] {processor.py:183} INFO - Processing /home/airflow/.local/lib/python3.12/site-packages/airflow/example_dags/example_short_circuit_operator.py took 0.052 seconds
[2026-02-28T21:45:14.472+0000] {processor.py:161} INFO - Started process (PID=612) to work on /home/airflow/.local/lib/python3.12/site-packages/airflow/example_dags/example_short_circuit_operator.py
[2026-02-28T21:45:14.474+0000] {processor.py:830} INFO - Processing file /home/airflow/.local/lib/python3.12/site-packages/airflow/example_dags/example_short_circuit_operator.py for tasks to queue
[2026-02-28T21:45:14.475+0000] {logging_mixin.py:188} INFO - [2026-02-28T21:45:14.475+0000] {dagbag.py:545} INFO - Filling up the DagBag from /home/airflow/.local/lib/python3.12/site-packages/airflow/example_dags/example_short_circuit_operator.py
[2026-02-28T21:45:14.479+0000] {processor.py:840} INFO - DAG(s) 'example_short_circuit_operator' retrieved from /home/airflow/.local/lib/python3.12/site-packages/airflow/example_dags/example_short_circuit_operator.py
[2026-02-28T21:45:14.490+0000] {logging_mixin.py:188} INFO - [2026-02-28T21:45:14.490+0000] {dag.py:3096} INFO - Sync 1 DAGs
[2026-02-28T21:45:14.500+0000] {logging_mixin.py:188} INFO - [2026-02-28T21:45:14.500+0000] {dag.py:3954} INFO - Setting next_dagrun for example_short_circuit_operator to 2026-02-27 00:00:00+00:00, run_after=2026-02-28 00:00:00+00:00
[2026-02-28T21:45:14.509+0000] {processor.py:183} INFO - Processing /home/airflow/.local/lib/python3.12/site-packages/airflow/example_dags/example_short_circuit_operator.py took 0.039 seconds
[2026-02-28T21:45:44.910+0000] {processor.py:161} INFO - Started process (PID=670) to work on /home/airflow/.local/lib/python3.12/site-packages/airflow/example_dags/example_short_circuit_operator.py
[2026-02-28T21:45:44.911+0000] {processor.py:830} INFO - Processing file /home/airflow/.local/lib/python3.12/site-packages/airflow/example_dags/example_short_circuit_operator.py for tasks to queue
[2026-02-28T21:45:44.913+0000] {logging_mixin.py:188} INFO - [2026-02-28T21:45:44.912+0000] {dagbag.py:545} INFO - Filling up the DagBag from /home/airflow/.local/lib/python3.12/site-packages/airflow/example_dags/example_short_circuit_operator.py
[2026-02-28T21:45:44.917+0000] {processor.py:840} INFO - DAG(s) 'example_short_circuit_operator' retrieved from /home/airflow/.local/lib/python3.12/site-packages/airflow/example_dags/example_short_circuit_operator.py
[2026-02-28T21:45:44.930+0000] {logging_mixin.py:188} INFO - [2026-02-28T21:45:44.929+0000] {dag.py:3096} INFO - Sync 1 DAGs
[2026-02-28T21:45:44.940+0000] {logging_mixin.py:188} INFO - [2026-02-28T21:45:44.940+0000] {dag.py:3954} INFO - Setting next_dagrun for example_short_circuit_operator to 2026-02-27 00:00:00+00:00, run_after=2026-02-28 00:00:00+00:00
[2026-02-28T21:45:44.953+0000] {processor.py:183} INFO - Processing /home/airflow/.local/lib/python3.12/site-packages/airflow/example_dags/example_short_circuit_operator.py took 0.046 seconds
[2026-02-28T21:46:16.086+0000] {processor.py:161} INFO - Started process (PID=728) to work on /home/airflow/.local/lib/python3.12/site-packages/airflow/example_dags/example_short_circuit_operator.py
[2026-02-28T21:46:16.089+0000] {processor.py:830} INFO - Processing file /home/airflow/.local/lib/python3.12/site-packages/airflow/example_dags/example_short_circuit_operator.py for tasks to queue
[2026-02-28T21:46:16.093+0000] {logging_mixin.py:188} INFO - [2026-02-28T21:46:16.092+0000] {dagbag.py:545} INFO - Filling up the DagBag from /home/airflow/.local/lib/python3.12/site-packages/airflow/example_dags/example_short_circuit_operator.py
[2026-02-28T21:46:16.100+0000] {processor.py:840} INFO - DAG(s) 'example_short_circuit_operator' retrieved from /home/airflow/.local/lib/python3.12/site-packages/airflow/example_dags/example_short_circuit_operator.py
[2026-02-28T21:46:16.122+0000] {logging_mixin.py:188} INFO - [2026-02-28T21:46:16.122+0000] {dag.py:3096} INFO - Sync 1 DAGs
[2026-02-28T21:46:16.137+0000] {logging_mixin.py:188} INFO - [2026-02-28T21:46:16.137+0000] {dag.py:3954} INFO - Setting next_dagrun for example_short_circuit_operator to 2026-02-27 00:00:00+00:00, run_after=2026-02-28 00:00:00+00:00
[2026-02-28T21:46:16.169+0000] {processor.py:183} INFO - Processing /home/airflow/.local/lib/python3.12/site-packages/airflow/example_dags/example_short_circuit_operator.py took 0.090 seconds
[2026-02-28T21:46:46.285+0000] {processor.py:161} INFO - Started process (PID=786) to work on /home/airflow/.local/lib/python3.12/site-packages/airflow/example_dags/example_short_circuit_operator.py
[2026-02-28T21:46:46.286+0000] {processor.py:830} INFO - Processing file /home/airflow/.local/lib/python3.12/site-packages/airflow/example_dags/example_short_circuit_operator.py for tasks to queue
[2026-02-28T21:46:46.287+0000] {logging_mixin.py:188} INFO - [2026-02-28T21:46:46.287+0000] {dagbag.py:545} INFO - Filling up the DagBag from /home/airflow/.local/lib/python3.12/site-packages/airflow/example_dags/example_short_circuit_operator.py
[2026-02-28T21:46:46.292+0000] {processor.py:840} INFO - DAG(s) 'example_short_circuit_operator' retrieved from /home/airflow/.local/lib/python3.12/site-packages/airflow/example_dags/example_short_circuit_operator.py
[2026-02-28T21:46:46.306+0000] {logging_mixin.py:188} INFO - [2026-02-28T21:46:46.306+0000] {dag.py:3096} INFO - Sync 1 DAGs
[2026-02-28T21:46:46.321+0000] {logging_mixin.py:188} INFO - [2026-02-28T21:46:46.321+0000] {dag.py:3954} INFO - Setting next_dagrun for example_short_circuit_operator to 2026-02-27 00:00:00+00:00, run_after=2026-02-28 00:00:00+00:00
[2026-02-28T21:46:46.334+0000] {processor.py:183} INFO - Processing /home/airflow/.local/lib/python3.12/site-packages/airflow/example_dags/example_short_circuit_operator.py took 0.053 seconds
[2026-02-28T21:47:17.141+0000] {processor.py:161} INFO - Started process (PID=844) to work on /home/airflow/.local/lib/python3.12/site-packages/airflow/example_dags/example_short_circuit_operator.py
[2026-02-28T21:47:17.142+0000] {processor.py:830} INFO - Processing file /home/airflow/.local/lib/python3.12/site-packages/airflow/example_dags/example_short_circuit_operator.py for tasks to queue
[2026-02-28T21:47:17.143+0000] {logging_mixin.py:188} INFO - [2026-02-28T21:47:17.143+0000] {dagbag.py:545} INFO - Filling up the DagBag from /home/airflow/.local/lib/python3.12/site-packages/airflow/example_dags/example_short_circuit_operator.py
[2026-02-28T21:47:17.147+0000] {processor.py:840} INFO - DAG(s) 'example_short_circuit_operator' retrieved from /home/airflow/.local/lib/python3.12/site-packages/airflow/example_dags/example_short_circuit_operator.py
[2026-02-28T21:47:17.161+0000] {logging_mixin.py:188} INFO - [2026-02-28T21:47:17.160+0000] {dag.py:3096} INFO - Sync 1 DAGs
[2026-02-28T21:47:17.175+0000] {logging_mixin.py:188} INFO - [2026-02-28T21:47:17.175+0000] {dag.py:3954} INFO - Setting next_dagrun for example_short_circuit_operator to 2026-02-27 00:00:00+00:00, run_after=2026-02-28 00:00:00+00:00
[2026-02-28T21:47:17.188+0000] {processor.py:183} INFO - Processing /home/airflow/.local/lib/python3.12/site-packages/airflow/example_dags/example_short_circuit_operator.py took 0.051 seconds
[2026-02-28T21:47:47.992+0000] {processor.py:161} INFO - Started process (PID=901) to work on /home/airflow/.local/lib/python3.12/site-packages/airflow/example_dags/example_short_circuit_operator.py
[2026-02-28T21:47:47.993+0000] {processor.py:830} INFO - Processing file /home/airflow/.local/lib/python3.12/site-packages/airflow/example_dags/example_short_circuit_operator.py for tasks to queue
[2026-02-28T21:47:47.995+0000] {logging_mixin.py:188} INFO - [2026-02-28T21:47:47.995+0000] {dagbag.py:545} INFO - Filling up the DagBag from /home/airflow/.local/lib/python3.12/site-packages/airflow/example_dags/example_short_circuit_operator.py
[2026-02-28T21:47:48.002+0000] {processor.py:840} INFO - DAG(s) 'example_short_circuit_operator' retrieved from /home/airflow/.local/lib/python3.12/site-packages/airflow/example_dags/example_short_circuit_operator.py
[2026-02-28T21:47:48.015+0000] {logging_mixin.py:188} INFO - [2026-02-28T21:47:48.015+0000] {dag.py:3096} INFO - Sync 1 DAGs
[2026-02-28T21:47:48.029+0000] {logging_mixin.py:188} INFO - [2026-02-28T21:47:48.029+0000] {dag.py:3954} INFO - Setting next_dagrun for example_short_circuit_operator to 2026-02-27 00:00:00+00:00, run_after=2026-02-28 00:00:00+00:00
[2026-02-28T21:47:48.041+0000] {processor.py:183} INFO - Processing /home/airflow/.local/lib/python3.12/site-packages/airflow/example_dags/example_short_circuit_operator.py took 0.052 seconds
[2026-02-28T21:48:19.160+0000] {processor.py:161} INFO - Started process (PID=960) to work on /home/airflow/.local/lib/python3.12/site-packages/airflow/example_dags/example_short_circuit_operator.py
[2026-02-28T21:48:19.162+0000] {processor.py:830} INFO - Processing file /home/airflow/.local/lib/python3.12/site-packages/airflow/example_dags/example_short_circuit_operator.py for tasks to queue
[2026-02-28T21:48:19.164+0000] {logging_mixin.py:188} INFO - [2026-02-28T21:48:19.163+0000] {dagbag.py:545} INFO - Filling up the DagBag from /home/airflow/.local/lib/python3.12/site-packages/airflow/example_dags/example_short_circuit_operator.py
[2026-02-28T21:48:19.169+0000] {processor.py:840} INFO - DAG(s) 'example_short_circuit_operator' retrieved from /home/airflow/.local/lib/python3.12/site-packages/airflow/example_dags/example_short_circuit_operator.py
[2026-02-28T21:48:19.183+0000] {logging_mixin.py:188} INFO - [2026-02-28T21:48:19.183+0000] {dag.py:3096} INFO - Sync 1 DAGs
[2026-02-28T21:48:19.194+0000] {logging_mixin.py:188} INFO - [2026-02-28T21:48:19.194+0000] {dag.py:3954} INFO - Setting next_dagrun for example_short_circuit_operator to 2026-02-27 00:00:00+00:00, run_after=2026-02-28 00:00:00+00:00
[2026-02-28T21:48:19.204+0000] {processor.py:183} INFO - Processing /home/airflow/.local/lib/python3.12/site-packages/airflow/example_dags/example_short_circuit_operator.py took 0.048 seconds
[2026-02-28T21:48:50.523+0000] {processor.py:161} INFO - Started process (PID=1018) to work on /home/airflow/.local/lib/python3.12/site-packages/airflow/example_dags/example_short_circuit_operator.py
[2026-02-28T21:48:50.524+0000] {processor.py:830} INFO - Processing file /home/airflow/.local/lib/python3.12/site-packages/airflow/example_dags/example_short_circuit_operator.py for tasks to queue
[2026-02-28T21:48:50.526+0000] {logging_mixin.py:188} INFO - [2026-02-28T21:48:50.525+0000] {dagbag.py:545} INFO - Filling up the DagBag from /home/airflow/.local/lib/python3.12/site-packages/airflow/example_dags/example_short_circuit_operator.py
[2026-02-28T21:48:50.530+0000] {processor.py:840} INFO - DAG(s) 'example_short_circuit_operator' retrieved from /home/airflow/.local/lib/python3.12/site-packages/airflow/example_dags/example_short_circuit_operator.py
[2026-02-28T21:48:50.545+0000] {logging_mixin.py:188} INFO - [2026-02-28T21:48:50.545+0000] {dag.py:3096} INFO - Sync 1 DAGs
[2026-02-28T21:48:50.568+0000] {logging_mixin.py:188} INFO - [2026-02-28T21:48:50.568+0000] {dag.py:3954} INFO - Setting next_dagrun for example_short_circuit_operator to 2026-02-27 00:00:00+00:00, run_after=2026-02-28 00:00:00+00:00
[2026-02-28T21:48:50.578+0000] {processor.py:183} INFO - Processing /home/airflow/.local/lib/python3.12/site-packages/airflow/example_dags/example_short_circuit_operator.py took 0.058 seconds
[2026-02-28T21:49:21.364+0000] {processor.py:161} INFO - Started process (PID=1076) to work on /home/airflow/.local/lib/python3.12/site-packages/airflow/example_dags/example_short_circuit_operator.py
[2026-02-28T21:49:21.365+0000] {processor.py:830} INFO - Processing file /home/airflow/.local/lib/python3.12/site-packages/airflow/example_dags/example_short_circuit_operator.py for tasks to queue
[2026-02-28T21:49:21.368+0000] {logging_mixin.py:188} INFO - [2026-02-28T21:49:21.368+0000] {dagbag.py:545} INFO - Filling up the DagBag from /home/airflow/.local/lib/python3.12/site-packages/airflow/example_dags/example_short_circuit_operator.py
[2026-02-28T21:49:21.382+0000] {processor.py:840} INFO - DAG(s) 'example_short_circuit_operator' retrieved from /home/airflow/.local/lib/python3.12/site-packages/airflow/example_dags/example_short_circuit_operator.py
[2026-02-28T21:49:21.416+0000] {logging_mixin.py:188} INFO - [2026-02-28T21:49:21.415+0000] {dag.py:3096} INFO - Sync 1 DAGs
[2026-02-28T21:49:21.596+0000] {logging_mixin.py:188} INFO - [2026-02-28T21:49:21.595+0000] {dag.py:3954} INFO - Setting next_dagrun for example_short_circuit_operator to 2026-02-27 00:00:00+00:00, run_after=2026-02-28 00:00:00+00:00
[2026-02-28T21:49:21.705+0000] {processor.py:183} INFO - Processing /home/airflow/.local/lib/python3.12/site-packages/airflow/example_dags/example_short_circuit_operator.py took 0.348 seconds
[2026-02-28T21:49:54.713+0000] {processor.py:161} INFO - Started process (PID=1134) to work on /home/airflow/.local/lib/python3.12/site-packages/airflow/example_dags/example_short_circuit_operator.py
[2026-02-28T21:49:54.717+0000] {processor.py:830} INFO - Processing file /home/airflow/.local/lib/python3.12/site-packages/airflow/example_dags/example_short_circuit_operator.py for tasks to queue
[2026-02-28T21:49:54.724+0000] {logging_mixin.py:188} INFO - [2026-02-28T21:49:54.723+0000] {dagbag.py:545} INFO - Filling up the DagBag from /home/airflow/.local/lib/python3.12/site-packages/airflow/example_dags/example_short_circuit_operator.py
[2026-02-28T21:49:54.739+0000] {processor.py:840} INFO - DAG(s) 'example_short_circuit_operator' retrieved from /home/airflow/.local/lib/python3.12/site-packages/airflow/example_dags/example_short_circuit_operator.py
[2026-02-28T21:49:54.822+0000] {logging_mixin.py:188} INFO - [2026-02-28T21:49:54.822+0000] {dag.py:3096} INFO - Sync 1 DAGs
[2026-02-28T21:49:54.869+0000] {logging_mixin.py:188} INFO - [2026-02-28T21:49:54.868+0000] {dag.py:3954} INFO - Setting next_dagrun for example_short_circuit_operator to 2026-02-27 00:00:00+00:00, run_after=2026-02-28 00:00:00+00:00
[2026-02-28T21:49:54.909+0000] {processor.py:183} INFO - Processing /home/airflow/.local/lib/python3.12/site-packages/airflow/example_dags/example_short_circuit_operator.py took 0.205 seconds
[2026-02-28T21:50:25.769+0000] {processor.py:161} INFO - Started process (PID=1192) to work on /home/airflow/.local/lib/python3.12/site-packages/airflow/example_dags/example_short_circuit_operator.py
[2026-02-28T21:50:25.772+0000] {processor.py:830} INFO - Processing file /home/airflow/.local/lib/python3.12/site-packages/airflow/example_dags/example_short_circuit_operator.py for tasks to queue
[2026-02-28T21:50:25.775+0000] {logging_mixin.py:188} INFO - [2026-02-28T21:50:25.774+0000] {dagbag.py:545} INFO - Filling up the DagBag from /home/airflow/.local/lib/python3.12/site-packages/airflow/example_dags/example_short_circuit_operator.py
[2026-02-28T21:50:25.783+0000] {processor.py:840} INFO - DAG(s) 'example_short_circuit_operator' retrieved from /home/airflow/.local/lib/python3.12/site-packages/airflow/example_dags/example_short_circuit_operator.py
[2026-02-28T21:50:25.812+0000] {logging_mixin.py:188} INFO - [2026-02-28T21:50:25.812+0000] {dag.py:3096} INFO - Sync 1 DAGs
[2026-02-28T21:50:25.834+0000] {logging_mixin.py:188} INFO - [2026-02-28T21:50:25.834+0000] {dag.py:3954} INFO - Setting next_dagrun for example_short_circuit_operator to 2026-02-27 00:00:00+00:00, run_after=2026-02-28 00:00:00+00:00
[2026-02-28T21:50:25.851+0000] {processor.py:183} INFO - Processing /home/airflow/.local/lib/python3.12/site-packages/airflow/example_dags/example_short_circuit_operator.py took 0.096 seconds
[2026-02-28T21:50:56.010+0000] {processor.py:161} INFO - Started process (PID=1250) to work on /home/airflow/.local/lib/python3.12/site-packages/airflow/example_dags/example_short_circuit_operator.py
[2026-02-28T21:50:56.012+0000] {processor.py:830} INFO - Processing file /home/airflow/.local/lib/python3.12/site-packages/airflow/example_dags/example_short_circuit_operator.py for tasks to queue
[2026-02-28T21:50:56.019+0000] {logging_mixin.py:188} INFO - [2026-02-28T21:50:56.018+0000] {dagbag.py:545} INFO - Filling up the DagBag from /home/airflow/.local/lib/python3.12/site-packages/airflow/example_dags/example_short_circuit_operator.py
[2026-02-28T21:50:56.030+0000] {processor.py:840} INFO - DAG(s) 'example_short_circuit_operator' retrieved from /home/airflow/.local/lib/python3.12/site-packages/airflow/example_dags/example_short_circuit_operator.py
[2026-02-28T21:50:56.064+0000] {logging_mixin.py:188} INFO - [2026-02-28T21:50:56.064+0000] {dag.py:3096} INFO - Sync 1 DAGs
[2026-02-28T21:50:56.091+0000] {logging_mixin.py:188} INFO - [2026-02-28T21:50:56.091+0000] {dag.py:3954} INFO - Setting next_dagrun for example_short_circuit_operator to 2026-02-27 00:00:00+00:00, run_after=2026-02-28 00:00:00+00:00
[2026-02-28T21:50:56.110+0000] {processor.py:183} INFO - Processing /home/airflow/.local/lib/python3.12/site-packages/airflow/example_dags/example_short_circuit_operator.py took 0.107 seconds
[2026-02-28T21:51:26.500+0000] {processor.py:161} INFO - Started process (PID=1308) to work on /home/airflow/.local/lib/python3.12/site-packages/airflow/example_dags/example_short_circuit_operator.py
[2026-02-28T21:51:26.503+0000] {processor.py:830} INFO - Processing file /home/airflow/.local/lib/python3.12/site-packages/airflow/example_dags/example_short_circuit_operator.py for tasks to queue
[2026-02-28T21:51:26.504+0000] {logging_mixin.py:188} INFO - [2026-02-28T21:51:26.504+0000] {dagbag.py:545} INFO - Filling up the DagBag from /home/airflow/.local/lib/python3.12/site-packages/airflow/example_dags/example_short_circuit_operator.py
[2026-02-28T21:51:26.512+0000] {processor.py:840} INFO - DAG(s) 'example_short_circuit_operator' retrieved from /home/airflow/.local/lib/python3.12/site-packages/airflow/example_dags/example_short_circuit_operator.py
[2026-02-28T21:51:26.527+0000] {logging_mixin.py:188} INFO - [2026-02-28T21:51:26.527+0000] {dag.py:3096} INFO - Sync 1 DAGs
[2026-02-28T21:51:26.540+0000] {logging_mixin.py:188} INFO - [2026-02-28T21:51:26.540+0000] {dag.py:3954} INFO - Setting next_dagrun for example_short_circuit_operator to 2026-02-27 00:00:00+00:00, run_after=2026-02-28 00:00:00+00:00
[2026-02-28T21:51:26.555+0000] {processor.py:183} INFO - Processing /home/airflow/.local/lib/python3.12/site-packages/airflow/example_dags/example_short_circuit_operator.py took 0.061 seconds
[2026-02-28T21:51:57.162+0000] {processor.py:161} INFO - Started process (PID=1366) to work on /home/airflow/.local/lib/python3.12/site-packages/airflow/example_dags/example_short_circuit_operator.py
[2026-02-28T21:51:57.165+0000] {processor.py:830} INFO - Processing file /home/airflow/.local/lib/python3.12/site-packages/airflow/example_dags/example_short_circuit_operator.py for tasks to queue
[2026-02-28T21:51:57.168+0000] {logging_mixin.py:188} INFO - [2026-02-28T21:51:57.167+0000] {dagbag.py:545} INFO - Filling up the DagBag from /home/airflow/.local/lib/python3.12/site-packages/airflow/example_dags/example_short_circuit_operator.py
[2026-02-28T21:51:57.181+0000] {processor.py:840} INFO - DAG(s) 'example_short_circuit_operator' retrieved from /home/airflow/.local/lib/python3.12/site-packages/airflow/example_dags/example_short_circuit_operator.py
[2026-02-28T21:51:57.230+0000] {logging_mixin.py:188} INFO - [2026-02-28T21:51:57.229+0000] {dag.py:3096} INFO - Sync 1 DAGs
[2026-02-28T21:51:57.272+0000] {logging_mixin.py:188} INFO - [2026-02-28T21:51:57.271+0000] {dag.py:3954} INFO - Setting next_dagrun for example_short_circuit_operator to 2026-02-27 00:00:00+00:00, run_after=2026-02-28 00:00:00+00:00
[2026-02-28T21:51:57.294+0000] {processor.py:183} INFO - Processing /home/airflow/.local/lib/python3.12/site-packages/airflow/example_dags/example_short_circuit_operator.py took 0.142 seconds
[2026-02-28T21:52:27.903+0000] {processor.py:161} INFO - Started process (PID=1424) to work on /home/airflow/.local/lib/python3.12/site-packages/airflow/example_dags/example_short_circuit_operator.py
[2026-02-28T21:52:27.907+0000] {processor.py:830} INFO - Processing file /home/airflow/.local/lib/python3.12/site-packages/airflow/example_dags/example_short_circuit_operator.py for tasks to queue
[2026-02-28T21:52:27.910+0000] {logging_mixin.py:188} INFO - [2026-02-28T21:52:27.910+0000] {dagbag.py:545} INFO - Filling up the DagBag from /home/airflow/.local/lib/python3.12/site-packages/airflow/example_dags/example_short_circuit_operator.py
[2026-02-28T21:52:27.917+0000] {processor.py:840} INFO - DAG(s) 'example_short_circuit_operator' retrieved from /home/airflow/.local/lib/python3.12/site-packages/airflow/example_dags/example_short_circuit_operator.py
[2026-02-28T21:52:27.932+0000] {logging_mixin.py:188} INFO - [2026-02-28T21:52:27.932+0000] {dag.py:3096} INFO - Sync 1 DAGs
[2026-02-28T21:52:27.946+0000] {logging_mixin.py:188} INFO - [2026-02-28T21:52:27.946+0000] {dag.py:3954} INFO - Setting next_dagrun for example_short_circuit_operator to 2026-02-27 00:00:00+00:00, run_after=2026-02-28 00:00:00+00:00
[2026-02-28T21:52:27.957+0000] {processor.py:183} INFO - Processing /home/airflow/.local/lib/python3.12/site-packages/airflow/example_dags/example_short_circuit_operator.py took 0.058 seconds
[2026-02-28T21:52:58.972+0000] {processor.py:161} INFO - Started process (PID=1482) to work on /home/airflow/.local/lib/python3.12/site-packages/airflow/example_dags/example_short_circuit_operator.py
[2026-02-28T21:52:58.973+0000] {processor.py:830} INFO - Processing file /home/airflow/.local/lib/python3.12/site-packages/airflow/example_dags/example_short_circuit_operator.py for tasks to queue
[2026-02-28T21:52:58.974+0000] {logging_mixin.py:188} INFO - [2026-02-28T21:52:58.974+0000] {dagbag.py:545} INFO - Filling up the DagBag from /home/airflow/.local/lib/python3.12/site-packages/airflow/example_dags/example_short_circuit_operator.py
[2026-02-28T21:52:58.980+0000] {processor.py:840} INFO - DAG(s) 'example_short_circuit_operator' retrieved from /home/airflow/.local/lib/python3.12/site-packages/airflow/example_dags/example_short_circuit_operator.py
[2026-02-28T21:52:59.011+0000] {logging_mixin.py:188} INFO - [2026-02-28T21:52:59.011+0000] {dag.py:3096} INFO - Sync 1 DAGs
[2026-02-28T21:52:59.041+0000] {logging_mixin.py:188} INFO - [2026-02-28T21:52:59.040+0000] {dag.py:3954} INFO - Setting next_dagrun for example_short_circuit_operator to 2026-02-27 00:00:00+00:00, run_after=2026-02-28 00:00:00+00:00
[2026-02-28T21:52:59.062+0000] {processor.py:183} INFO - Processing /home/airflow/.local/lib/python3.12/site-packages/airflow/example_dags/example_short_circuit_operator.py took 0.096 seconds
[2026-02-28T21:53:29.850+0000] {processor.py:161} INFO - Started process (PID=1540) to work on /home/airflow/.local/lib/python3.12/site-packages/airflow/example_dags/example_short_circuit_operator.py
[2026-02-28T21:53:29.852+0000] {processor.py:830} INFO - Processing file /home/airflow/.local/lib/python3.12/site-packages/airflow/example_dags/example_short_circuit_operator.py for tasks to queue
[2026-02-28T21:53:29.855+0000] {logging_mixin.py:188} INFO - [2026-02-28T21:53:29.854+0000] {dagbag.py:545} INFO - Filling up the DagBag from /home/airflow/.local/lib/python3.12/site-packages/airflow/example_dags/example_short_circuit_operator.py
[2026-02-28T21:53:29.864+0000] {processor.py:840} INFO - DAG(s) 'example_short_circuit_operator' retrieved from /home/airflow/.local/lib/python3.12/site-packages/airflow/example_dags/example_short_circuit_operator.py
[2026-02-28T21:53:29.908+0000] {logging_mixin.py:188} INFO - [2026-02-28T21:53:29.908+0000] {dag.py:3096} INFO - Sync 1 DAGs
[2026-02-28T21:53:29.934+0000] {logging_mixin.py:188} INFO - [2026-02-28T21:53:29.934+0000] {dag.py:3954} INFO - Setting next_dagrun for example_short_circuit_operator to 2026-02-27 00:00:00+00:00, run_after=2026-02-28 00:00:00+00:00
[2026-02-28T21:53:29.961+0000] {processor.py:183} INFO - Processing /home/airflow/.local/lib/python3.12/site-packages/airflow/example_dags/example_short_circuit_operator.py took 0.118 seconds
[2026-02-28T21:54:00.768+0000] {processor.py:161} INFO - Started process (PID=1604) to work on /home/airflow/.local/lib/python3.12/site-packages/airflow/example_dags/example_short_circuit_operator.py
[2026-02-28T21:54:00.769+0000] {processor.py:830} INFO - Processing file /home/airflow/.local/lib/python3.12/site-packages/airflow/example_dags/example_short_circuit_operator.py for tasks to queue
[2026-02-28T21:54:00.771+0000] {logging_mixin.py:188} INFO - [2026-02-28T21:54:00.770+0000] {dagbag.py:545} INFO - Filling up the DagBag from /home/airflow/.local/lib/python3.12/site-packages/airflow/example_dags/example_short_circuit_operator.py
[2026-02-28T21:54:00.779+0000] {processor.py:840} INFO - DAG(s) 'example_short_circuit_operator' retrieved from /home/airflow/.local/lib/python3.12/site-packages/airflow/example_dags/example_short_circuit_operator.py
[2026-02-28T21:54:00.807+0000] {logging_mixin.py:188} INFO - [2026-02-28T21:54:00.807+0000] {dag.py:3096} INFO - Sync 1 DAGs
[2026-02-28T21:54:00.828+0000] {logging_mixin.py:188} INFO - [2026-02-28T21:54:00.828+0000] {dag.py:3954} INFO - Setting next_dagrun for example_short_circuit_operator to 2026-02-27 00:00:00+00:00, run_after=2026-02-28 00:00:00+00:00
[2026-02-28T21:54:00.840+0000] {processor.py:183} INFO - Processing /home/airflow/.local/lib/python3.12/site-packages/airflow/example_dags/example_short_circuit_operator.py took 0.079 seconds
[2026-02-28T21:54:31.363+0000] {processor.py:161} INFO - Started process (PID=1662) to work on /home/airflow/.local/lib/python3.12/site-packages/airflow/example_dags/example_short_circuit_operator.py
[2026-02-28T21:54:31.365+0000] {processor.py:830} INFO - Processing file /home/airflow/.local/lib/python3.12/site-packages/airflow/example_dags/example_short_circuit_operator.py for tasks to queue
[2026-02-28T21:54:31.371+0000] {logging_mixin.py:188} INFO - [2026-02-28T21:54:31.370+0000] {dagbag.py:545} INFO - Filling up the DagBag from /home/airflow/.local/lib/python3.12/site-packages/airflow/example_dags/example_short_circuit_operator.py
[2026-02-28T21:54:31.380+0000] {processor.py:840} INFO - DAG(s) 'example_short_circuit_operator' retrieved from /home/airflow/.local/lib/python3.12/site-packages/airflow/example_dags/example_short_circuit_operator.py
[2026-02-28T21:54:31.435+0000] {logging_mixin.py:188} INFO - [2026-02-28T21:54:31.435+0000] {dag.py:3096} INFO - Sync 1 DAGs
[2026-02-28T21:54:31.460+0000] {logging_mixin.py:188} INFO - [2026-02-28T21:54:31.460+0000] {dag.py:3954} INFO - Setting next_dagrun for example_short_circuit_operator to 2026-02-27 00:00:00+00:00, run_after=2026-02-28 00:00:00+00:00
[2026-02-28T21:54:31.482+0000] {processor.py:183} INFO - Processing /home/airflow/.local/lib/python3.12/site-packages/airflow/example_dags/example_short_circuit_operator.py took 0.128 seconds
[2026-02-28T21:55:02.505+0000] {processor.py:161} INFO - Started process (PID=1723) to work on /home/airflow/.local/lib/python3.12/site-packages/airflow/example_dags/example_short_circuit_operator.py
[2026-02-28T21:55:02.508+0000] {processor.py:830} INFO - Processing file /home/airflow/.local/lib/python3.12/site-packages/airflow/example_dags/example_short_circuit_operator.py for tasks to queue
[2026-02-28T21:55:02.510+0000] {logging_mixin.py:188} INFO - [2026-02-28T21:55:02.509+0000] {dagbag.py:545} INFO - Filling up the DagBag from /home/airflow/.local/lib/python3.12/site-packages/airflow/example_dags/example_short_circuit_operator.py
[2026-02-28T21:55:02.518+0000] {processor.py:840} INFO - DAG(s) 'example_short_circuit_operator' retrieved from /home/airflow/.local/lib/python3.12/site-packages/airflow/example_dags/example_short_circuit_operator.py
[2026-02-28T21:55:02.548+0000] {logging_mixin.py:188} INFO - [2026-02-28T21:55:02.547+0000] {dag.py:3096} INFO - Sync 1 DAGs
[2026-02-28T21:55:02.571+0000] {logging_mixin.py:188} INFO - [2026-02-28T21:55:02.571+0000] {dag.py:3954} INFO - Setting next_dagrun for example_short_circuit_operator to 2026-02-27 00:00:00+00:00, run_after=2026-02-28 00:00:00+00:00
[2026-02-28T21:55:02.590+0000] {processor.py:183} INFO - Processing /home/airflow/.local/lib/python3.12/site-packages/airflow/example_dags/example_short_circuit_operator.py took 0.091 seconds
[2026-02-28T21:55:34.463+0000] {processor.py:161} INFO - Started process (PID=1781) to work on /home/airflow/.local/lib/python3.12/site-packages/airflow/example_dags/example_short_circuit_operator.py
[2026-02-28T21:55:34.466+0000] {processor.py:830} INFO - Processing file /home/airflow/.local/lib/python3.12/site-packages/airflow/example_dags/example_short_circuit_operator.py for tasks to queue
[2026-02-28T21:55:34.472+0000] {logging_mixin.py:188} INFO - [2026-02-28T21:55:34.471+0000] {dagbag.py:545} INFO - Filling up the DagBag from /home/airflow/.local/lib/python3.12/site-packages/airflow/example_dags/example_short_circuit_operator.py
[2026-02-28T21:55:34.482+0000] {processor.py:840} INFO - DAG(s) 'example_short_circuit_operator' retrieved from /home/airflow/.local/lib/python3.12/site-packages/airflow/example_dags/example_short_circuit_operator.py
[2026-02-28T21:55:34.509+0000] {logging_mixin.py:188} INFO - [2026-02-28T21:55:34.509+0000] {dag.py:3096} INFO - Sync 1 DAGs
[2026-02-28T21:55:34.546+0000] {logging_mixin.py:188} INFO - [2026-02-28T21:55:34.546+0000] {dag.py:3954} INFO - Setting next_dagrun for example_short_circuit_operator to 2026-02-27 00:00:00+00:00, run_after=2026-02-28 00:00:00+00:00
[2026-02-28T21:55:34.565+0000] {processor.py:183} INFO - Processing /home/airflow/.local/lib/python3.12/site-packages/airflow/example_dags/example_short_circuit_operator.py took 0.111 seconds
[2026-02-28T21:56:06.074+0000] {processor.py:161} INFO - Started process (PID=1838) to work on /home/airflow/.local/lib/python3.12/site-packages/airflow/example_dags/example_short_circuit_operator.py
[2026-02-28T21:56:06.076+0000] {processor.py:830} INFO - Processing file /home/airflow/.local/lib/python3.12/site-packages/airflow/example_dags/example_short_circuit_operator.py for tasks to queue
[2026-02-28T21:56:06.082+0000] {logging_mixin.py:188} INFO - [2026-02-28T21:56:06.081+0000] {dagbag.py:545} INFO - Filling up the DagBag from /home/airflow/.local/lib/python3.12/site-packages/airflow/example_dags/example_short_circuit_operator.py
[2026-02-28T21:56:06.093+0000] {processor.py:840} INFO - DAG(s) 'example_short_circuit_operator' retrieved from /home/airflow/.local/lib/python3.12/site-packages/airflow/example_dags/example_short_circuit_operator.py
[2026-02-28T21:56:06.146+0000] {logging_mixin.py:188} INFO - [2026-02-28T21:56:06.144+0000] {dag.py:3096} INFO - Sync 1 DAGs
[2026-02-28T21:56:06.201+0000] {logging_mixin.py:188} INFO - [2026-02-28T21:56:06.201+0000] {dag.py:3954} INFO - Setting next_dagrun for example_short_circuit_operator to 2026-02-27 00:00:00+00:00, run_after=2026-02-28 00:00:00+00:00
[2026-02-28T21:56:06.237+0000] {processor.py:183} INFO - Processing /home/airflow/.local/lib/python3.12/site-packages/airflow/example_dags/example_short_circuit_operator.py took 0.172 seconds
[2026-02-28T21:56:37.130+0000] {processor.py:161} INFO - Started process (PID=1896) to work on /home/airflow/.local/lib/python3.12/site-packages/airflow/example_dags/example_short_circuit_operator.py
[2026-02-28T21:56:37.131+0000] {processor.py:830} INFO - Processing file /home/airflow/.local/lib/python3.12/site-packages/airflow/example_dags/example_short_circuit_operator.py for tasks to queue
[2026-02-28T21:56:37.132+0000] {logging_mixin.py:188} INFO - [2026-02-28T21:56:37.131+0000] {dagbag.py:545} INFO - Filling up the DagBag from /home/airflow/.local/lib/python3.12/site-packages/airflow/example_dags/example_short_circuit_operator.py
[2026-02-28T21:56:37.136+0000] {processor.py:840} INFO - DAG(s) 'example_short_circuit_operator' retrieved from /home/airflow/.local/lib/python3.12/site-packages/airflow/example_dags/example_short_circuit_operator.py
[2026-02-28T21:56:37.147+0000] {logging_mixin.py:188} INFO - [2026-02-28T21:56:37.146+0000] {dag.py:3096} INFO - Sync 1 DAGs
[2026-02-28T21:56:37.156+0000] {logging_mixin.py:188} INFO - [2026-02-28T21:56:37.156+0000] {dag.py:3954} INFO - Setting next_dagrun for example_short_circuit_operator to 2026-02-27 00:00:00+00:00, run_after=2026-02-28 00:00:00+00:00
[2026-02-28T21:56:37.164+0000] {processor.py:183} INFO - Processing /home/airflow/.local/lib/python3.12/site-packages/airflow/example_dags/example_short_circuit_operator.py took 0.037 seconds
[2026-02-28T21:57:07.409+0000] {processor.py:161} INFO - Started process (PID=1954) to work on /home/airflow/.local/lib/python3.12/site-packages/airflow/example_dags/example_short_circuit_operator.py
[2026-02-28T21:57:07.412+0000] {processor.py:830} INFO - Processing file /home/airflow/.local/lib/python3.12/site-packages/airflow/example_dags/example_short_circuit_operator.py for tasks to queue
[2026-02-28T21:57:07.413+0000] {logging_mixin.py:188} INFO - [2026-02-28T21:57:07.413+0000] {dagbag.py:545} INFO - Filling up the DagBag from /home/airflow/.local/lib/python3.12/site-packages/airflow/example_dags/example_short_circuit_operator.py
[2026-02-28T21:57:07.418+0000] {processor.py:840} INFO - DAG(s) 'example_short_circuit_operator' retrieved from /home/airflow/.local/lib/python3.12/site-packages/airflow/example_dags/example_short_circuit_operator.py
[2026-02-28T21:57:07.438+0000] {logging_mixin.py:188} INFO - [2026-02-28T21:57:07.438+0000] {dag.py:3096} INFO - Sync 1 DAGs
[2026-02-28T21:57:07.452+0000] {logging_mixin.py:188} INFO - [2026-02-28T21:57:07.452+0000] {dag.py:3954} INFO - Setting next_dagrun for example_short_circuit_operator to 2026-02-27 00:00:00+00:00, run_after=2026-02-28 00:00:00+00:00
[2026-02-28T21:57:07.466+0000] {processor.py:183} INFO - Processing /home/airflow/.local/lib/python3.12/site-packages/airflow/example_dags/example_short_circuit_operator.py took 0.060 seconds
[2026-02-28T21:57:37.913+0000] {processor.py:161} INFO - Started process (PID=2012) to work on /home/airflow/.local/lib/python3.12/site-packages/airflow/example_dags/example_short_circuit_operator.py
[2026-02-28T21:57:37.914+0000] {processor.py:830} INFO - Processing file /home/airflow/.local/lib/python3.12/site-packages/airflow/example_dags/example_short_circuit_operator.py for tasks to queue
[2026-02-28T21:57:37.916+0000] {logging_mixin.py:188} INFO - [2026-02-28T21:57:37.916+0000] {dagbag.py:545} INFO - Filling up the DagBag from /home/airflow/.local/lib/python3.12/site-packages/airflow/example_dags/example_short_circuit_operator.py
[2026-02-28T21:57:37.924+0000] {processor.py:840} INFO - DAG(s) 'example_short_circuit_operator' retrieved from /home/airflow/.local/lib/python3.12/site-packages/airflow/example_dags/example_short_circuit_operator.py
[2026-02-28T21:57:37.940+0000] {logging_mixin.py:188} INFO - [2026-02-28T21:57:37.939+0000] {dag.py:3096} INFO - Sync 1 DAGs
[2026-02-28T21:57:37.951+0000] {logging_mixin.py:188} INFO - [2026-02-28T21:57:37.950+0000] {dag.py:3954} INFO - Setting next_dagrun for example_short_circuit_operator to 2026-02-27 00:00:00+00:00, run_after=2026-02-28 00:00:00+00:00
[2026-02-28T21:57:37.959+0000] {processor.py:183} INFO - Processing /home/airflow/.local/lib/python3.12/site-packages/airflow/example_dags/example_short_circuit_operator.py took 0.050 seconds
[2026-02-28T21:58:08.039+0000] {processor.py:161} INFO - Started process (PID=2070) to work on /home/airflow/.local/lib/python3.12/site-packages/airflow/example_dags/example_short_circuit_operator.py
[2026-02-28T21:58:08.040+0000] {processor.py:830} INFO - Processing file /home/airflow/.local/lib/python3.12/site-packages/airflow/example_dags/example_short_circuit_operator.py for tasks to queue
[2026-02-28T21:58:08.041+0000] {logging_mixin.py:188} INFO - [2026-02-28T21:58:08.041+0000] {dagbag.py:545} INFO - Filling up the DagBag from /home/airflow/.local/lib/python3.12/site-packages/airflow/example_dags/example_short_circuit_operator.py
[2026-02-28T21:58:08.046+0000] {processor.py:840} INFO - DAG(s) 'example_short_circuit_operator' retrieved from /home/airflow/.local/lib/python3.12/site-packages/airflow/example_dags/example_short_circuit_operator.py
[2026-02-28T21:58:08.057+0000] {logging_mixin.py:188} INFO - [2026-02-28T21:58:08.057+0000] {dag.py:3096} INFO - Sync 1 DAGs
[2026-02-28T21:58:08.067+0000] {logging_mixin.py:188} INFO - [2026-02-28T21:58:08.067+0000] {dag.py:3954} INFO - Setting next_dagrun for example_short_circuit_operator to 2026-02-27 00:00:00+00:00, run_after=2026-02-28 00:00:00+00:00
[2026-02-28T21:58:08.075+0000] {processor.py:183} INFO - Processing /home/airflow/.local/lib/python3.12/site-packages/airflow/example_dags/example_short_circuit_operator.py took 0.040 seconds
[2026-02-28T21:58:39.000+0000] {processor.py:161} INFO - Started process (PID=2128) to work on /home/airflow/.local/lib/python3.12/site-packages/airflow/example_dags/example_short_circuit_operator.py
[2026-02-28T21:58:39.001+0000] {processor.py:830} INFO - Processing file /home/airflow/.local/lib/python3.12/site-packages/airflow/example_dags/example_short_circuit_operator.py for tasks to queue
[2026-02-28T21:58:39.003+0000] {logging_mixin.py:188} INFO - [2026-02-28T21:58:39.002+0000] {dagbag.py:545} INFO - Filling up the DagBag from /home/airflow/.local/lib/python3.12/site-packages/airflow/example_dags/example_short_circuit_operator.py
[2026-02-28T21:58:39.008+0000] {processor.py:840} INFO - DAG(s) 'example_short_circuit_operator' retrieved from /home/airflow/.local/lib/python3.12/site-packages/airflow/example_dags/example_short_circuit_operator.py
[2026-02-28T21:58:39.025+0000] {logging_mixin.py:188} INFO - [2026-02-28T21:58:39.025+0000] {dag.py:3096} INFO - Sync 1 DAGs
[2026-02-28T21:58:39.040+0000] {logging_mixin.py:188} INFO - [2026-02-28T21:58:39.040+0000] {dag.py:3954} INFO - Setting next_dagrun for example_short_circuit_operator to 2026-02-27 00:00:00+00:00, run_after=2026-02-28 00:00:00+00:00
[2026-02-28T21:58:39.054+0000] {processor.py:183} INFO - Processing /home/airflow/.local/lib/python3.12/site-packages/airflow/example_dags/example_short_circuit_operator.py took 0.059 seconds
[2026-02-28T21:59:09.351+0000] {processor.py:161} INFO - Started process (PID=2186) to work on /home/airflow/.local/lib/python3.12/site-packages/airflow/example_dags/example_short_circuit_operator.py
[2026-02-28T21:59:09.352+0000] {processor.py:830} INFO - Processing file /home/airflow/.local/lib/python3.12/site-packages/airflow/example_dags/example_short_circuit_operator.py for tasks to queue
[2026-02-28T21:59:09.354+0000] {logging_mixin.py:188} INFO - [2026-02-28T21:59:09.354+0000] {dagbag.py:545} INFO - Filling up the DagBag from /home/airflow/.local/lib/python3.12/site-packages/airflow/example_dags/example_short_circuit_operator.py
[2026-02-28T21:59:09.359+0000] {processor.py:840} INFO - DAG(s) 'example_short_circuit_operator' retrieved from /home/airflow/.local/lib/python3.12/site-packages/airflow/example_dags/example_short_circuit_operator.py
[2026-02-28T21:59:09.371+0000] {logging_mixin.py:188} INFO - [2026-02-28T21:59:09.371+0000] {dag.py:3096} INFO - Sync 1 DAGs
[2026-02-28T21:59:09.390+0000] {logging_mixin.py:188} INFO - [2026-02-28T21:59:09.390+0000] {dag.py:3954} INFO - Setting next_dagrun for example_short_circuit_operator to 2026-02-27 00:00:00+00:00, run_after=2026-02-28 00:00:00+00:00
[2026-02-28T21:59:09.405+0000] {processor.py:183} INFO - Processing /home/airflow/.local/lib/python3.12/site-packages/airflow/example_dags/example_short_circuit_operator.py took 0.057 seconds
[2026-02-28T21:59:40.054+0000] {processor.py:161} INFO - Started process (PID=2244) to work on /home/airflow/.local/lib/python3.12/site-packages/airflow/example_dags/example_short_circuit_operator.py
[2026-02-28T21:59:40.056+0000] {processor.py:830} INFO - Processing file /home/airflow/.local/lib/python3.12/site-packages/airflow/example_dags/example_short_circuit_operator.py for tasks to queue
[2026-02-28T21:59:40.060+0000] {logging_mixin.py:188} INFO - [2026-02-28T21:59:40.059+0000] {dagbag.py:545} INFO - Filling up the DagBag from /home/airflow/.local/lib/python3.12/site-packages/airflow/example_dags/example_short_circuit_operator.py
[2026-02-28T21:59:40.072+0000] {processor.py:840} INFO - DAG(s) 'example_short_circuit_operator' retrieved from /home/airflow/.local/lib/python3.12/site-packages/airflow/example_dags/example_short_circuit_operator.py
[2026-02-28T21:59:40.112+0000] {logging_mixin.py:188} INFO - [2026-02-28T21:59:40.111+0000] {dag.py:3096} INFO - Sync 1 DAGs
[2026-02-28T21:59:40.148+0000] {logging_mixin.py:188} INFO - [2026-02-28T21:59:40.148+0000] {dag.py:3954} INFO - Setting next_dagrun for example_short_circuit_operator to 2026-02-27 00:00:00+00:00, run_after=2026-02-28 00:00:00+00:00
[2026-02-28T21:59:40.319+0000] {processor.py:183} INFO - Processing /home/airflow/.local/lib/python3.12/site-packages/airflow/example_dags/example_short_circuit_operator.py took 0.284 seconds
[2026-02-28T22:00:10.941+0000] {processor.py:161} INFO - Started process (PID=2302) to work on /home/airflow/.local/lib/python3.12/site-packages/airflow/example_dags/example_short_circuit_operator.py
[2026-02-28T22:00:10.942+0000] {processor.py:830} INFO - Processing file /home/airflow/.local/lib/python3.12/site-packages/airflow/example_dags/example_short_circuit_operator.py for tasks to queue
[2026-02-28T22:00:10.943+0000] {logging_mixin.py:188} INFO - [2026-02-28T22:00:10.943+0000] {dagbag.py:545} INFO - Filling up the DagBag from /home/airflow/.local/lib/python3.12/site-packages/airflow/example_dags/example_short_circuit_operator.py
[2026-02-28T22:00:10.947+0000] {processor.py:840} INFO - DAG(s) 'example_short_circuit_operator' retrieved from /home/airflow/.local/lib/python3.12/site-packages/airflow/example_dags/example_short_circuit_operator.py
[2026-02-28T22:00:10.968+0000] {logging_mixin.py:188} INFO - [2026-02-28T22:00:10.968+0000] {dag.py:3096} INFO - Sync 1 DAGs
[2026-02-28T22:00:10.989+0000] {logging_mixin.py:188} INFO - [2026-02-28T22:00:10.988+0000] {dag.py:3954} INFO - Setting next_dagrun for example_short_circuit_operator to 2026-02-27 00:00:00+00:00, run_after=2026-02-28 00:00:00+00:00
[2026-02-28T22:00:11.179+0000] {processor.py:183} INFO - Processing /home/airflow/.local/lib/python3.12/site-packages/airflow/example_dags/example_short_circuit_operator.py took 0.243 seconds
[2026-02-28T22:00:42.238+0000] {processor.py:161} INFO - Started process (PID=2361) to work on /home/airflow/.local/lib/python3.12/site-packages/airflow/example_dags/example_short_circuit_operator.py
[2026-02-28T22:00:42.241+0000] {processor.py:830} INFO - Processing file /home/airflow/.local/lib/python3.12/site-packages/airflow/example_dags/example_short_circuit_operator.py for tasks to queue
[2026-02-28T22:00:42.245+0000] {logging_mixin.py:188} INFO - [2026-02-28T22:00:42.245+0000] {dagbag.py:545} INFO - Filling up the DagBag from /home/airflow/.local/lib/python3.12/site-packages/airflow/example_dags/example_short_circuit_operator.py
[2026-02-28T22:00:42.258+0000] {processor.py:840} INFO - DAG(s) 'example_short_circuit_operator' retrieved from /home/airflow/.local/lib/python3.12/site-packages/airflow/example_dags/example_short_circuit_operator.py
[2026-02-28T22:00:42.298+0000] {logging_mixin.py:188} INFO - [2026-02-28T22:00:42.298+0000] {dag.py:3096} INFO - Sync 1 DAGs
[2026-02-28T22:00:42.331+0000] {logging_mixin.py:188} INFO - [2026-02-28T22:00:42.331+0000] {dag.py:3954} INFO - Setting next_dagrun for example_short_circuit_operator to 2026-02-27 00:00:00+00:00, run_after=2026-02-28 00:00:00+00:00
[2026-02-28T22:00:42.354+0000] {processor.py:183} INFO - Processing /home/airflow/.local/lib/python3.12/site-packages/airflow/example_dags/example_short_circuit_operator.py took 0.129 seconds
[2026-02-28T22:01:12.942+0000] {processor.py:161} INFO - Started process (PID=2418) to work on /home/airflow/.local/lib/python3.12/site-packages/airflow/example_dags/example_short_circuit_operator.py
[2026-02-28T22:01:12.948+0000] {processor.py:830} INFO - Processing file /home/airflow/.local/lib/python3.12/site-packages/airflow/example_dags/example_short_circuit_operator.py for tasks to queue
[2026-02-28T22:01:12.953+0000] {logging_mixin.py:188} INFO - [2026-02-28T22:01:12.952+0000] {dagbag.py:545} INFO - Filling up the DagBag from /home/airflow/.local/lib/python3.12/site-packages/airflow/example_dags/example_short_circuit_operator.py
[2026-02-28T22:01:12.965+0000] {processor.py:840} INFO - DAG(s) 'example_short_circuit_operator' retrieved from /home/airflow/.local/lib/python3.12/site-packages/airflow/example_dags/example_short_circuit_operator.py
[2026-02-28T22:01:13.003+0000] {logging_mixin.py:188} INFO - [2026-02-28T22:01:13.002+0000] {dag.py:3096} INFO - Sync 1 DAGs
[2026-02-28T22:01:13.027+0000] {logging_mixin.py:188} INFO - [2026-02-28T22:01:13.027+0000] {dag.py:3954} INFO - Setting next_dagrun for example_short_circuit_operator to 2026-02-27 00:00:00+00:00, run_after=2026-02-28 00:00:00+00:00
[2026-02-28T22:01:13.048+0000] {processor.py:183} INFO - Processing /home/airflow/.local/lib/python3.12/site-packages/airflow/example_dags/example_short_circuit_operator.py took 0.118 seconds
[2026-02-28T22:01:43.276+0000] {processor.py:161} INFO - Started process (PID=2476) to work on /home/airflow/.local/lib/python3.12/site-packages/airflow/example_dags/example_short_circuit_operator.py
[2026-02-28T22:01:43.278+0000] {processor.py:830} INFO - Processing file /home/airflow/.local/lib/python3.12/site-packages/airflow/example_dags/example_short_circuit_operator.py for tasks to queue
[2026-02-28T22:01:43.280+0000] {logging_mixin.py:188} INFO - [2026-02-28T22:01:43.279+0000] {dagbag.py:545} INFO - Filling up the DagBag from /home/airflow/.local/lib/python3.12/site-packages/airflow/example_dags/example_short_circuit_operator.py
[2026-02-28T22:01:43.287+0000] {processor.py:840} INFO - DAG(s) 'example_short_circuit_operator' retrieved from /home/airflow/.local/lib/python3.12/site-packages/airflow/example_dags/example_short_circuit_operator.py
[2026-02-28T22:01:43.317+0000] {logging_mixin.py:188} INFO - [2026-02-28T22:01:43.317+0000] {dag.py:3096} INFO - Sync 1 DAGs
[2026-02-28T22:01:43.335+0000] {logging_mixin.py:188} INFO - [2026-02-28T22:01:43.335+0000] {dag.py:3954} INFO - Setting next_dagrun for example_short_circuit_operator to 2026-02-27 00:00:00+00:00, run_after=2026-02-28 00:00:00+00:00
[2026-02-28T22:01:43.351+0000] {processor.py:183} INFO - Processing /home/airflow/.local/lib/python3.12/site-packages/airflow/example_dags/example_short_circuit_operator.py took 0.082 seconds
[2026-02-28T22:02:14.244+0000] {processor.py:161} INFO - Started process (PID=2534) to work on /home/airflow/.local/lib/python3.12/site-packages/airflow/example_dags/example_short_circuit_operator.py
[2026-02-28T22:02:14.247+0000] {processor.py:830} INFO - Processing file /home/airflow/.local/lib/python3.12/site-packages/airflow/example_dags/example_short_circuit_operator.py for tasks to queue
[2026-02-28T22:02:14.252+0000] {logging_mixin.py:188} INFO - [2026-02-28T22:02:14.251+0000] {dagbag.py:545} INFO - Filling up the DagBag from /home/airflow/.local/lib/python3.12/site-packages/airflow/example_dags/example_short_circuit_operator.py
[2026-02-28T22:02:14.262+0000] {processor.py:840} INFO - DAG(s) 'example_short_circuit_operator' retrieved from /home/airflow/.local/lib/python3.12/site-packages/airflow/example_dags/example_short_circuit_operator.py
[2026-02-28T22:02:14.283+0000] {logging_mixin.py:188} INFO - [2026-02-28T22:02:14.283+0000] {dag.py:3096} INFO - Sync 1 DAGs
[2026-02-28T22:02:14.302+0000] {logging_mixin.py:188} INFO - [2026-02-28T22:02:14.302+0000] {dag.py:3954} INFO - Setting next_dagrun for example_short_circuit_operator to 2026-02-27 00:00:00+00:00, run_after=2026-02-28 00:00:00+00:00
[2026-02-28T22:02:14.320+0000] {processor.py:183} INFO - Processing /home/airflow/.local/lib/python3.12/site-packages/airflow/example_dags/example_short_circuit_operator.py took 0.086 seconds
[2026-02-28T22:02:44.594+0000] {processor.py:161} INFO - Started process (PID=2592) to work on /home/airflow/.local/lib/python3.12/site-packages/airflow/example_dags/example_short_circuit_operator.py
[2026-02-28T22:02:44.597+0000] {processor.py:830} INFO - Processing file /home/airflow/.local/lib/python3.12/site-packages/airflow/example_dags/example_short_circuit_operator.py for tasks to queue
[2026-02-28T22:02:44.598+0000] {logging_mixin.py:188} INFO - [2026-02-28T22:02:44.598+0000] {dagbag.py:545} INFO - Filling up the DagBag from /home/airflow/.local/lib/python3.12/site-packages/airflow/example_dags/example_short_circuit_operator.py
[2026-02-28T22:02:44.603+0000] {processor.py:840} INFO - DAG(s) 'example_short_circuit_operator' retrieved from /home/airflow/.local/lib/python3.12/site-packages/airflow/example_dags/example_short_circuit_operator.py
[2026-02-28T22:02:44.623+0000] {logging_mixin.py:188} INFO - [2026-02-28T22:02:44.623+0000] {dag.py:3096} INFO - Sync 1 DAGs
[2026-02-28T22:02:44.639+0000] {logging_mixin.py:188} INFO - [2026-02-28T22:02:44.639+0000] {dag.py:3954} INFO - Setting next_dagrun for example_short_circuit_operator to 2026-02-27 00:00:00+00:00, run_after=2026-02-28 00:00:00+00:00
[2026-02-28T22:02:44.654+0000] {processor.py:183} INFO - Processing /home/airflow/.local/lib/python3.12/site-packages/airflow/example_dags/example_short_circuit_operator.py took 0.064 seconds
[2026-02-28T22:03:14.695+0000] {processor.py:161} INFO - Started process (PID=2649) to work on /home/airflow/.local/lib/python3.12/site-packages/airflow/example_dags/example_short_circuit_operator.py
[2026-02-28T22:03:14.697+0000] {processor.py:830} INFO - Processing file /home/airflow/.local/lib/python3.12/site-packages/airflow/example_dags/example_short_circuit_operator.py for tasks to queue
[2026-02-28T22:03:14.698+0000] {logging_mixin.py:188} INFO - [2026-02-28T22:03:14.698+0000] {dagbag.py:545} INFO - Filling up the DagBag from /home/airflow/.local/lib/python3.12/site-packages/airflow/example_dags/example_short_circuit_operator.py
[2026-02-28T22:03:14.703+0000] {processor.py:840} INFO - DAG(s) 'example_short_circuit_operator' retrieved from /home/airflow/.local/lib/python3.12/site-packages/airflow/example_dags/example_short_circuit_operator.py
[2026-02-28T22:03:14.716+0000] {logging_mixin.py:188} INFO - [2026-02-28T22:03:14.716+0000] {dag.py:3096} INFO - Sync 1 DAGs
[2026-02-28T22:03:14.731+0000] {logging_mixin.py:188} INFO - [2026-02-28T22:03:14.731+0000] {dag.py:3954} INFO - Setting next_dagrun for example_short_circuit_operator to 2026-02-27 00:00:00+00:00, run_after=2026-02-28 00:00:00+00:00
[2026-02-28T22:03:14.748+0000] {processor.py:183} INFO - Processing /home/airflow/.local/lib/python3.12/site-packages/airflow/example_dags/example_short_circuit_operator.py took 0.057 seconds
[2026-02-28T22:03:45.852+0000] {processor.py:161} INFO - Started process (PID=2706) to work on /home/airflow/.local/lib/python3.12/site-packages/airflow/example_dags/example_short_circuit_operator.py
[2026-02-28T22:03:45.854+0000] {processor.py:830} INFO - Processing file /home/airflow/.local/lib/python3.12/site-packages/airflow/example_dags/example_short_circuit_operator.py for tasks to queue
[2026-02-28T22:03:45.855+0000] {logging_mixin.py:188} INFO - [2026-02-28T22:03:45.855+0000] {dagbag.py:545} INFO - Filling up the DagBag from /home/airflow/.local/lib/python3.12/site-packages/airflow/example_dags/example_short_circuit_operator.py
[2026-02-28T22:03:45.860+0000] {processor.py:840} INFO - DAG(s) 'example_short_circuit_operator' retrieved from /home/airflow/.local/lib/python3.12/site-packages/airflow/example_dags/example_short_circuit_operator.py
[2026-02-28T22:03:45.874+0000] {logging_mixin.py:188} INFO - [2026-02-28T22:03:45.874+0000] {dag.py:3096} INFO - Sync 1 DAGs
[2026-02-28T22:03:45.887+0000] {logging_mixin.py:188} INFO - [2026-02-28T22:03:45.887+0000] {dag.py:3954} INFO - Setting next_dagrun for example_short_circuit_operator to 2026-02-27 00:00:00+00:00, run_after=2026-02-28 00:00:00+00:00
[2026-02-28T22:03:45.899+0000] {processor.py:183} INFO - Processing /home/airflow/.local/lib/python3.12/site-packages/airflow/example_dags/example_short_circuit_operator.py took 0.051 seconds
[2026-02-28T22:04:16.611+0000] {processor.py:161} INFO - Started process (PID=2764) to work on /home/airflow/.local/lib/python3.12/site-packages/airflow/example_dags/example_short_circuit_operator.py
[2026-02-28T22:04:16.612+0000] {processor.py:830} INFO - Processing file /home/airflow/.local/lib/python3.12/site-packages/airflow/example_dags/example_short_circuit_operator.py for tasks to queue
[2026-02-28T22:04:16.613+0000] {logging_mixin.py:188} INFO - [2026-02-28T22:04:16.613+0000] {dagbag.py:545} INFO - Filling up the DagBag from /home/airflow/.local/lib/python3.12/site-packages/airflow/example_dags/example_short_circuit_operator.py
[2026-02-28T22:04:16.617+0000] {processor.py:840} INFO - DAG(s) 'example_short_circuit_operator' retrieved from /home/airflow/.local/lib/python3.12/site-packages/airflow/example_dags/example_short_circuit_operator.py
[2026-02-28T22:04:16.629+0000] {logging_mixin.py:188} INFO - [2026-02-28T22:04:16.629+0000] {dag.py:3096} INFO - Sync 1 DAGs
[2026-02-28T22:04:16.639+0000] {logging_mixin.py:188} INFO - [2026-02-28T22:04:16.639+0000] {dag.py:3954} INFO - Setting next_dagrun for example_short_circuit_operator to 2026-02-27 00:00:00+00:00, run_after=2026-02-28 00:00:00+00:00
[2026-02-28T22:04:16.648+0000] {processor.py:183} INFO - Processing /home/airflow/.local/lib/python3.12/site-packages/airflow/example_dags/example_short_circuit_operator.py took 0.040 seconds
