[2026-02-28T21:39:59.522+0000] {processor.py:161} INFO - Started process (PID=57) to work on /home/airflow/.local/lib/python3.12/site-packages/airflow/example_dags/example_branch_day_of_week_operator.py
[2026-02-28T21:39:59.529+0000] {processor.py:830} INFO - Processing file /home/airflow/.local/lib/python3.12/site-packages/airflow/example_dags/example_branch_day_of_week_operator.py for tasks to queue
[2026-02-28T21:39:59.556+0000] {logging_mixin.py:188} INFO - [2026-02-28T21:39:59.552+0000] {dagbag.py:545} INFO - Filling up the DagBag from /home/airflow/.local/lib/python3.12/site-packages/airflow/example_dags/example_branch_day_of_week_operator.py
[2026-02-28T21:39:59.648+0000] {processor.py:840} INFO - DAG(s) 'example_weekday_branch_operator' retrieved from /home/airflow/.local/lib/python3.12/site-packages/airflow/example_dags/example_branch_day_of_week_operator.py
[2026-02-28T21:39:59.693+0000] {logging_mixin.py:188} INFO - [2026-02-28T21:39:59.693+0000] {dag.py:3096} INFO - Sync 1 DAGs
[2026-02-28T21:39:59.884+0000] {logging_mixin.py:188} INFO - [2026-02-28T21:39:59.884+0000] {dag.py:3954} INFO - Setting next_dagrun for example_weekday_branch_operator to 2026-02-27 00:00:00+00:00, run_after=2026-02-28 00:00:00+00:00
[2026-02-28T21:40:00.059+0000] {processor.py:183} INFO - Processing /home/airflow/.local/lib/python3.12/site-packages/airflow/example_dags/example_branch_day_of_week_operator.py took 0.587 seconds
[2026-02-28T21:40:30.553+0000] {processor.py:161} INFO - Started process (PID=115) to work on /home/airflow/.local/lib/python3.12/site-packages/airflow/example_dags/example_branch_day_of_week_operator.py
[2026-02-28T21:40:30.555+0000] {processor.py:830} INFO - Processing file /home/airflow/.local/lib/python3.12/site-packages/airflow/example_dags/example_branch_day_of_week_operator.py for tasks to queue
[2026-02-28T21:40:30.558+0000] {logging_mixin.py:188} INFO - [2026-02-28T21:40:30.558+0000] {dagbag.py:545} INFO - Filling up the DagBag from /home/airflow/.local/lib/python3.12/site-packages/airflow/example_dags/example_branch_day_of_week_operator.py
[2026-02-28T21:40:30.570+0000] {processor.py:840} INFO - DAG(s) 'example_weekday_branch_operator' retrieved from /home/airflow/.local/lib/python3.12/site-packages/airflow/example_dags/example_branch_day_of_week_operator.py
[2026-02-28T21:40:30.671+0000] {logging_mixin.py:188} INFO - [2026-02-28T21:40:30.671+0000] {dag.py:3096} INFO - Sync 1 DAGs
[2026-02-28T21:40:30.686+0000] {logging_mixin.py:188} INFO - [2026-02-28T21:40:30.686+0000] {dag.py:3954} INFO - Setting next_dagrun for example_weekday_branch_operator to 2026-02-27 00:00:00+00:00, run_after=2026-02-28 00:00:00+00:00
[2026-02-28T21:40:30.702+0000] {processor.py:183} INFO - Processing /home/airflow/.local/lib/python3.12/site-packages/airflow/example_dags/example_branch_day_of_week_operator.py took 0.153 seconds
[2026-02-28T21:41:00.898+0000] {processor.py:161} INFO - Started process (PID=173) to work on /home/airflow/.local/lib/python3.12/site-packages/airflow/example_dags/example_branch_day_of_week_operator.py
[2026-02-28T21:41:00.900+0000] {processor.py:830} INFO - Processing file /home/airflow/.local/lib/python3.12/site-packages/airflow/example_dags/example_branch_day_of_week_operator.py for tasks to queue
[2026-02-28T21:41:00.902+0000] {logging_mixin.py:188} INFO - [2026-02-28T21:41:00.901+0000] {dagbag.py:545} INFO - Filling up the DagBag from /home/airflow/.local/lib/python3.12/site-packages/airflow/example_dags/example_branch_day_of_week_operator.py
[2026-02-28T21:41:00.919+0000] {processor.py:840} INFO - DAG(s) 'example_weekday_branch_operator' retrieved from /home/airflow/.local/lib/python3.12/site-packages/airflow/example_dags/example_branch_day_of_week_operator.py
[2026-02-28T21:41:00.941+0000] {logging_mixin.py:188} INFO - [2026-02-28T21:41:00.941+0000] {dag.py:3096} INFO - Sync 1 DAGs
[2026-02-28T21:41:00.961+0000] {logging_mixin.py:188} INFO - [2026-02-28T21:41:00.961+0000] {dag.py:3954} INFO - Setting next_dagrun for example_weekday_branch_operator to 2026-02-27 00:00:00+00:00, run_after=2026-02-28 00:00:00+00:00
[2026-02-28T21:41:00.976+0000] {processor.py:183} INFO - Processing /home/airflow/.local/lib/python3.12/site-packages/airflow/example_dags/example_branch_day_of_week_operator.py took 0.089 seconds
[2026-02-28T21:41:31.796+0000] {processor.py:161} INFO - Started process (PID=231) to work on /home/airflow/.local/lib/python3.12/site-packages/airflow/example_dags/example_branch_day_of_week_operator.py
[2026-02-28T21:41:31.797+0000] {processor.py:830} INFO - Processing file /home/airflow/.local/lib/python3.12/site-packages/airflow/example_dags/example_branch_day_of_week_operator.py for tasks to queue
[2026-02-28T21:41:31.799+0000] {logging_mixin.py:188} INFO - [2026-02-28T21:41:31.798+0000] {dagbag.py:545} INFO - Filling up the DagBag from /home/airflow/.local/lib/python3.12/site-packages/airflow/example_dags/example_branch_day_of_week_operator.py
[2026-02-28T21:41:31.805+0000] {processor.py:840} INFO - DAG(s) 'example_weekday_branch_operator' retrieved from /home/airflow/.local/lib/python3.12/site-packages/airflow/example_dags/example_branch_day_of_week_operator.py
[2026-02-28T21:41:31.823+0000] {logging_mixin.py:188} INFO - [2026-02-28T21:41:31.823+0000] {dag.py:3096} INFO - Sync 1 DAGs
[2026-02-28T21:41:31.836+0000] {logging_mixin.py:188} INFO - [2026-02-28T21:41:31.836+0000] {dag.py:3954} INFO - Setting next_dagrun for example_weekday_branch_operator to 2026-02-27 00:00:00+00:00, run_after=2026-02-28 00:00:00+00:00
[2026-02-28T21:41:31.850+0000] {processor.py:183} INFO - Processing /home/airflow/.local/lib/python3.12/site-packages/airflow/example_dags/example_branch_day_of_week_operator.py took 0.058 seconds
[2026-02-28T21:42:02.215+0000] {processor.py:161} INFO - Started process (PID=289) to work on /home/airflow/.local/lib/python3.12/site-packages/airflow/example_dags/example_branch_day_of_week_operator.py
[2026-02-28T21:42:02.217+0000] {processor.py:830} INFO - Processing file /home/airflow/.local/lib/python3.12/site-packages/airflow/example_dags/example_branch_day_of_week_operator.py for tasks to queue
[2026-02-28T21:42:02.219+0000] {logging_mixin.py:188} INFO - [2026-02-28T21:42:02.219+0000] {dagbag.py:545} INFO - Filling up the DagBag from /home/airflow/.local/lib/python3.12/site-packages/airflow/example_dags/example_branch_day_of_week_operator.py
[2026-02-28T21:42:02.231+0000] {processor.py:840} INFO - DAG(s) 'example_weekday_branch_operator' retrieved from /home/airflow/.local/lib/python3.12/site-packages/airflow/example_dags/example_branch_day_of_week_operator.py
[2026-02-28T21:42:02.253+0000] {logging_mixin.py:188} INFO - [2026-02-28T21:42:02.253+0000] {dag.py:3096} INFO - Sync 1 DAGs
[2026-02-28T21:42:02.271+0000] {logging_mixin.py:188} INFO - [2026-02-28T21:42:02.271+0000] {dag.py:3954} INFO - Setting next_dagrun for example_weekday_branch_operator to 2026-02-27 00:00:00+00:00, run_after=2026-02-28 00:00:00+00:00
[2026-02-28T21:42:02.286+0000] {processor.py:183} INFO - Processing /home/airflow/.local/lib/python3.12/site-packages/airflow/example_dags/example_branch_day_of_week_operator.py took 0.078 seconds
[2026-02-28T21:42:32.592+0000] {processor.py:161} INFO - Started process (PID=348) to work on /home/airflow/.local/lib/python3.12/site-packages/airflow/example_dags/example_branch_day_of_week_operator.py
[2026-02-28T21:42:32.594+0000] {processor.py:830} INFO - Processing file /home/airflow/.local/lib/python3.12/site-packages/airflow/example_dags/example_branch_day_of_week_operator.py for tasks to queue
[2026-02-28T21:42:32.597+0000] {logging_mixin.py:188} INFO - [2026-02-28T21:42:32.596+0000] {dagbag.py:545} INFO - Filling up the DagBag from /home/airflow/.local/lib/python3.12/site-packages/airflow/example_dags/example_branch_day_of_week_operator.py
[2026-02-28T21:42:32.606+0000] {processor.py:840} INFO - DAG(s) 'example_weekday_branch_operator' retrieved from /home/airflow/.local/lib/python3.12/site-packages/airflow/example_dags/example_branch_day_of_week_operator.py
[2026-02-28T21:42:32.627+0000] {logging_mixin.py:188} INFO - [2026-02-28T21:42:32.627+0000] {dag.py:3096} INFO - Sync 1 DAGs
[2026-02-28T21:42:32.641+0000] {logging_mixin.py:188} INFO - [2026-02-28T21:42:32.641+0000] {dag.py:3954} INFO - Setting next_dagrun for example_weekday_branch_operator to 2026-02-27 00:00:00+00:00, run_after=2026-02-28 00:00:00+00:00
[2026-02-28T21:42:32.651+0000] {processor.py:183} INFO - Processing /home/airflow/.local/lib/python3.12/site-packages/airflow/example_dags/example_branch_day_of_week_operator.py took 0.063 seconds
[2026-02-28T21:43:03.265+0000] {processor.py:161} INFO - Started process (PID=406) to work on /home/airflow/.local/lib/python3.12/site-packages/airflow/example_dags/example_branch_day_of_week_operator.py
[2026-02-28T21:43:03.268+0000] {processor.py:830} INFO - Processing file /home/airflow/.local/lib/python3.12/site-packages/airflow/example_dags/example_branch_day_of_week_operator.py for tasks to queue
[2026-02-28T21:43:03.272+0000] {logging_mixin.py:188} INFO - [2026-02-28T21:43:03.271+0000] {dagbag.py:545} INFO - Filling up the DagBag from /home/airflow/.local/lib/python3.12/site-packages/airflow/example_dags/example_branch_day_of_week_operator.py
[2026-02-28T21:43:03.286+0000] {processor.py:840} INFO - DAG(s) 'example_weekday_branch_operator' retrieved from /home/airflow/.local/lib/python3.12/site-packages/airflow/example_dags/example_branch_day_of_week_operator.py
[2026-02-28T21:43:03.310+0000] {logging_mixin.py:188} INFO - [2026-02-28T21:43:03.310+0000] {dag.py:3096} INFO - Sync 1 DAGs
[2026-02-28T21:43:03.326+0000] {logging_mixin.py:188} INFO - [2026-02-28T21:43:03.326+0000] {dag.py:3954} INFO - Setting next_dagrun for example_weekday_branch_operator to 2026-02-27 00:00:00+00:00, run_after=2026-02-28 00:00:00+00:00
[2026-02-28T21:43:03.338+0000] {processor.py:183} INFO - Processing /home/airflow/.local/lib/python3.12/site-packages/airflow/example_dags/example_branch_day_of_week_operator.py took 0.081 seconds
[2026-02-28T21:43:33.475+0000] {processor.py:161} INFO - Started process (PID=464) to work on /home/airflow/.local/lib/python3.12/site-packages/airflow/example_dags/example_branch_day_of_week_operator.py
[2026-02-28T21:43:33.477+0000] {processor.py:830} INFO - Processing file /home/airflow/.local/lib/python3.12/site-packages/airflow/example_dags/example_branch_day_of_week_operator.py for tasks to queue
[2026-02-28T21:43:33.481+0000] {logging_mixin.py:188} INFO - [2026-02-28T21:43:33.478+0000] {dagbag.py:545} INFO - Filling up the DagBag from /home/airflow/.local/lib/python3.12/site-packages/airflow/example_dags/example_branch_day_of_week_operator.py
[2026-02-28T21:43:33.485+0000] {processor.py:840} INFO - DAG(s) 'example_weekday_branch_operator' retrieved from /home/airflow/.local/lib/python3.12/site-packages/airflow/example_dags/example_branch_day_of_week_operator.py
[2026-02-28T21:43:33.503+0000] {logging_mixin.py:188} INFO - [2026-02-28T21:43:33.502+0000] {dag.py:3096} INFO - Sync 1 DAGs
[2026-02-28T21:43:33.518+0000] {logging_mixin.py:188} INFO - [2026-02-28T21:43:33.518+0000] {dag.py:3954} INFO - Setting next_dagrun for example_weekday_branch_operator to 2026-02-27 00:00:00+00:00, run_after=2026-02-28 00:00:00+00:00
[2026-02-28T21:43:33.534+0000] {processor.py:183} INFO - Processing /home/airflow/.local/lib/python3.12/site-packages/airflow/example_dags/example_branch_day_of_week_operator.py took 0.062 seconds
[2026-02-28T21:44:28.392+0000] {processor.py:161} INFO - Started process (PID=522) to work on /home/airflow/.local/lib/python3.12/site-packages/airflow/example_dags/example_branch_day_of_week_operator.py
[2026-02-28T21:44:28.393+0000] {processor.py:830} INFO - Processing file /home/airflow/.local/lib/python3.12/site-packages/airflow/example_dags/example_branch_day_of_week_operator.py for tasks to queue
[2026-02-28T21:44:28.395+0000] {logging_mixin.py:188} INFO - [2026-02-28T21:44:28.394+0000] {dagbag.py:545} INFO - Filling up the DagBag from /home/airflow/.local/lib/python3.12/site-packages/airflow/example_dags/example_branch_day_of_week_operator.py
[2026-02-28T21:44:28.405+0000] {processor.py:840} INFO - DAG(s) 'example_weekday_branch_operator' retrieved from /home/airflow/.local/lib/python3.12/site-packages/airflow/example_dags/example_branch_day_of_week_operator.py
[2026-02-28T21:44:28.427+0000] {logging_mixin.py:188} INFO - [2026-02-28T21:44:28.427+0000] {dag.py:3096} INFO - Sync 1 DAGs
[2026-02-28T21:44:28.452+0000] {logging_mixin.py:188} INFO - [2026-02-28T21:44:28.452+0000] {dag.py:3954} INFO - Setting next_dagrun for example_weekday_branch_operator to 2026-02-27 00:00:00+00:00, run_after=2026-02-28 00:00:00+00:00
[2026-02-28T21:44:28.483+0000] {processor.py:183} INFO - Processing /home/airflow/.local/lib/python3.12/site-packages/airflow/example_dags/example_branch_day_of_week_operator.py took 0.097 seconds
[2026-02-28T21:44:59.137+0000] {processor.py:161} INFO - Started process (PID=580) to work on /home/airflow/.local/lib/python3.12/site-packages/airflow/example_dags/example_branch_day_of_week_operator.py
[2026-02-28T21:44:59.140+0000] {processor.py:830} INFO - Processing file /home/airflow/.local/lib/python3.12/site-packages/airflow/example_dags/example_branch_day_of_week_operator.py for tasks to queue
[2026-02-28T21:44:59.142+0000] {logging_mixin.py:188} INFO - [2026-02-28T21:44:59.142+0000] {dagbag.py:545} INFO - Filling up the DagBag from /home/airflow/.local/lib/python3.12/site-packages/airflow/example_dags/example_branch_day_of_week_operator.py
[2026-02-28T21:44:59.147+0000] {processor.py:840} INFO - DAG(s) 'example_weekday_branch_operator' retrieved from /home/airflow/.local/lib/python3.12/site-packages/airflow/example_dags/example_branch_day_of_week_operator.py
[2026-02-28T21:44:59.161+0000] {logging_mixin.py:188} INFO - [2026-02-28T21:44:59.161+0000] {dag.py:3096} INFO - Sync 1 DAGs
[2026-02-28T21:44:59.173+0000] {logging_mixin.py:188} INFO - [2026-02-28T21:44:59.173+0000] {dag.py:3954} INFO - Setting next_dagrun for example_weekday_branch_operator to 2026-02-27 00:00:00+00:00, run_after=2026-02-28 00:00:00+00:00
[2026-02-28T21:44:59.187+0000] {processor.py:183} INFO - Processing /home/airflow/.local/lib/python3.12/site-packages/airflow/example_dags/example_branch_day_of_week_operator.py took 0.053 seconds
[2026-02-28T21:45:29.417+0000] {processor.py:161} INFO - Started process (PID=638) to work on /home/airflow/.local/lib/python3.12/site-packages/airflow/example_dags/example_branch_day_of_week_operator.py
[2026-02-28T21:45:29.418+0000] {processor.py:830} INFO - Processing file /home/airflow/.local/lib/python3.12/site-packages/airflow/example_dags/example_branch_day_of_week_operator.py for tasks to queue
[2026-02-28T21:45:29.420+0000] {logging_mixin.py:188} INFO - [2026-02-28T21:45:29.420+0000] {dagbag.py:545} INFO - Filling up the DagBag from /home/airflow/.local/lib/python3.12/site-packages/airflow/example_dags/example_branch_day_of_week_operator.py
[2026-02-28T21:45:29.427+0000] {processor.py:840} INFO - DAG(s) 'example_weekday_branch_operator' retrieved from /home/airflow/.local/lib/python3.12/site-packages/airflow/example_dags/example_branch_day_of_week_operator.py
[2026-02-28T21:45:29.443+0000] {logging_mixin.py:188} INFO - [2026-02-28T21:45:29.443+0000] {dag.py:3096} INFO - Sync 1 DAGs
[2026-02-28T21:45:29.470+0000] {logging_mixin.py:188} INFO - [2026-02-28T21:45:29.470+0000] {dag.py:3954} INFO - Setting next_dagrun for example_weekday_branch_operator to 2026-02-27 00:00:00+00:00, run_after=2026-02-28 00:00:00+00:00
[2026-02-28T21:45:29.495+0000] {processor.py:183} INFO - Processing /home/airflow/.local/lib/python3.12/site-packages/airflow/example_dags/example_branch_day_of_week_operator.py took 0.082 seconds
[2026-02-28T21:45:59.791+0000] {processor.py:161} INFO - Started process (PID=696) to work on /home/airflow/.local/lib/python3.12/site-packages/airflow/example_dags/example_branch_day_of_week_operator.py
[2026-02-28T21:45:59.792+0000] {processor.py:830} INFO - Processing file /home/airflow/.local/lib/python3.12/site-packages/airflow/example_dags/example_branch_day_of_week_operator.py for tasks to queue
[2026-02-28T21:45:59.793+0000] {logging_mixin.py:188} INFO - [2026-02-28T21:45:59.793+0000] {dagbag.py:545} INFO - Filling up the DagBag from /home/airflow/.local/lib/python3.12/site-packages/airflow/example_dags/example_branch_day_of_week_operator.py
[2026-02-28T21:45:59.802+0000] {processor.py:840} INFO - DAG(s) 'example_weekday_branch_operator' retrieved from /home/airflow/.local/lib/python3.12/site-packages/airflow/example_dags/example_branch_day_of_week_operator.py
[2026-02-28T21:45:59.815+0000] {logging_mixin.py:188} INFO - [2026-02-28T21:45:59.815+0000] {dag.py:3096} INFO - Sync 1 DAGs
[2026-02-28T21:45:59.832+0000] {logging_mixin.py:188} INFO - [2026-02-28T21:45:59.832+0000] {dag.py:3954} INFO - Setting next_dagrun for example_weekday_branch_operator to 2026-02-27 00:00:00+00:00, run_after=2026-02-28 00:00:00+00:00
[2026-02-28T21:45:59.847+0000] {processor.py:183} INFO - Processing /home/airflow/.local/lib/python3.12/site-packages/airflow/example_dags/example_branch_day_of_week_operator.py took 0.059 seconds
[2026-02-28T21:46:30.744+0000] {processor.py:161} INFO - Started process (PID=754) to work on /home/airflow/.local/lib/python3.12/site-packages/airflow/example_dags/example_branch_day_of_week_operator.py
[2026-02-28T21:46:30.746+0000] {processor.py:830} INFO - Processing file /home/airflow/.local/lib/python3.12/site-packages/airflow/example_dags/example_branch_day_of_week_operator.py for tasks to queue
[2026-02-28T21:46:30.747+0000] {logging_mixin.py:188} INFO - [2026-02-28T21:46:30.747+0000] {dagbag.py:545} INFO - Filling up the DagBag from /home/airflow/.local/lib/python3.12/site-packages/airflow/example_dags/example_branch_day_of_week_operator.py
[2026-02-28T21:46:30.753+0000] {processor.py:840} INFO - DAG(s) 'example_weekday_branch_operator' retrieved from /home/airflow/.local/lib/python3.12/site-packages/airflow/example_dags/example_branch_day_of_week_operator.py
[2026-02-28T21:46:30.775+0000] {logging_mixin.py:188} INFO - [2026-02-28T21:46:30.774+0000] {dag.py:3096} INFO - Sync 1 DAGs
[2026-02-28T21:46:30.790+0000] {logging_mixin.py:188} INFO - [2026-02-28T21:46:30.790+0000] {dag.py:3954} INFO - Setting next_dagrun for example_weekday_branch_operator to 2026-02-27 00:00:00+00:00, run_after=2026-02-28 00:00:00+00:00
[2026-02-28T21:46:30.809+0000] {processor.py:183} INFO - Processing /home/airflow/.local/lib/python3.12/site-packages/airflow/example_dags/example_branch_day_of_week_operator.py took 0.069 seconds
[2026-02-28T21:47:01.243+0000] {processor.py:161} INFO - Started process (PID=810) to work on /home/airflow/.local/lib/python3.12/site-packages/airflow/example_dags/example_branch_day_of_week_operator.py
[2026-02-28T21:47:01.244+0000] {processor.py:830} INFO - Processing file /home/airflow/.local/lib/python3.12/site-packages/airflow/example_dags/example_branch_day_of_week_operator.py for tasks to queue
[2026-02-28T21:47:01.245+0000] {logging_mixin.py:188} INFO - [2026-02-28T21:47:01.245+0000] {dagbag.py:545} INFO - Filling up the DagBag from /home/airflow/.local/lib/python3.12/site-packages/airflow/example_dags/example_branch_day_of_week_operator.py
[2026-02-28T21:47:01.249+0000] {processor.py:840} INFO - DAG(s) 'example_weekday_branch_operator' retrieved from /home/airflow/.local/lib/python3.12/site-packages/airflow/example_dags/example_branch_day_of_week_operator.py
[2026-02-28T21:47:01.260+0000] {logging_mixin.py:188} INFO - [2026-02-28T21:47:01.260+0000] {dag.py:3096} INFO - Sync 1 DAGs
[2026-02-28T21:47:01.270+0000] {logging_mixin.py:188} INFO - [2026-02-28T21:47:01.270+0000] {dag.py:3954} INFO - Setting next_dagrun for example_weekday_branch_operator to 2026-02-27 00:00:00+00:00, run_after=2026-02-28 00:00:00+00:00
[2026-02-28T21:47:01.278+0000] {processor.py:183} INFO - Processing /home/airflow/.local/lib/python3.12/site-packages/airflow/example_dags/example_branch_day_of_week_operator.py took 0.037 seconds
[2026-02-28T21:47:32.100+0000] {processor.py:161} INFO - Started process (PID=868) to work on /home/airflow/.local/lib/python3.12/site-packages/airflow/example_dags/example_branch_day_of_week_operator.py
[2026-02-28T21:47:32.101+0000] {processor.py:830} INFO - Processing file /home/airflow/.local/lib/python3.12/site-packages/airflow/example_dags/example_branch_day_of_week_operator.py for tasks to queue
[2026-02-28T21:47:32.102+0000] {logging_mixin.py:188} INFO - [2026-02-28T21:47:32.102+0000] {dagbag.py:545} INFO - Filling up the DagBag from /home/airflow/.local/lib/python3.12/site-packages/airflow/example_dags/example_branch_day_of_week_operator.py
[2026-02-28T21:47:32.106+0000] {processor.py:840} INFO - DAG(s) 'example_weekday_branch_operator' retrieved from /home/airflow/.local/lib/python3.12/site-packages/airflow/example_dags/example_branch_day_of_week_operator.py
[2026-02-28T21:47:32.116+0000] {logging_mixin.py:188} INFO - [2026-02-28T21:47:32.116+0000] {dag.py:3096} INFO - Sync 1 DAGs
[2026-02-28T21:47:32.125+0000] {logging_mixin.py:188} INFO - [2026-02-28T21:47:32.125+0000] {dag.py:3954} INFO - Setting next_dagrun for example_weekday_branch_operator to 2026-02-27 00:00:00+00:00, run_after=2026-02-28 00:00:00+00:00
[2026-02-28T21:47:32.133+0000] {processor.py:183} INFO - Processing /home/airflow/.local/lib/python3.12/site-packages/airflow/example_dags/example_branch_day_of_week_operator.py took 0.036 seconds
[2026-02-28T21:48:03.009+0000] {processor.py:161} INFO - Started process (PID=926) to work on /home/airflow/.local/lib/python3.12/site-packages/airflow/example_dags/example_branch_day_of_week_operator.py
[2026-02-28T21:48:03.010+0000] {processor.py:830} INFO - Processing file /home/airflow/.local/lib/python3.12/site-packages/airflow/example_dags/example_branch_day_of_week_operator.py for tasks to queue
[2026-02-28T21:48:03.011+0000] {logging_mixin.py:188} INFO - [2026-02-28T21:48:03.011+0000] {dagbag.py:545} INFO - Filling up the DagBag from /home/airflow/.local/lib/python3.12/site-packages/airflow/example_dags/example_branch_day_of_week_operator.py
[2026-02-28T21:48:03.017+0000] {processor.py:840} INFO - DAG(s) 'example_weekday_branch_operator' retrieved from /home/airflow/.local/lib/python3.12/site-packages/airflow/example_dags/example_branch_day_of_week_operator.py
[2026-02-28T21:48:03.028+0000] {logging_mixin.py:188} INFO - [2026-02-28T21:48:03.028+0000] {dag.py:3096} INFO - Sync 1 DAGs
[2026-02-28T21:48:03.041+0000] {logging_mixin.py:188} INFO - [2026-02-28T21:48:03.041+0000] {dag.py:3954} INFO - Setting next_dagrun for example_weekday_branch_operator to 2026-02-27 00:00:00+00:00, run_after=2026-02-28 00:00:00+00:00
[2026-02-28T21:48:03.058+0000] {processor.py:183} INFO - Processing /home/airflow/.local/lib/python3.12/site-packages/airflow/example_dags/example_branch_day_of_week_operator.py took 0.052 seconds
[2026-02-28T21:48:33.287+0000] {processor.py:161} INFO - Started process (PID=984) to work on /home/airflow/.local/lib/python3.12/site-packages/airflow/example_dags/example_branch_day_of_week_operator.py
[2026-02-28T21:48:33.288+0000] {processor.py:830} INFO - Processing file /home/airflow/.local/lib/python3.12/site-packages/airflow/example_dags/example_branch_day_of_week_operator.py for tasks to queue
[2026-02-28T21:48:33.289+0000] {logging_mixin.py:188} INFO - [2026-02-28T21:48:33.289+0000] {dagbag.py:545} INFO - Filling up the DagBag from /home/airflow/.local/lib/python3.12/site-packages/airflow/example_dags/example_branch_day_of_week_operator.py
[2026-02-28T21:48:33.294+0000] {processor.py:840} INFO - DAG(s) 'example_weekday_branch_operator' retrieved from /home/airflow/.local/lib/python3.12/site-packages/airflow/example_dags/example_branch_day_of_week_operator.py
[2026-02-28T21:48:33.308+0000] {logging_mixin.py:188} INFO - [2026-02-28T21:48:33.308+0000] {dag.py:3096} INFO - Sync 1 DAGs
[2026-02-28T21:48:33.322+0000] {logging_mixin.py:188} INFO - [2026-02-28T21:48:33.322+0000] {dag.py:3954} INFO - Setting next_dagrun for example_weekday_branch_operator to 2026-02-27 00:00:00+00:00, run_after=2026-02-28 00:00:00+00:00
[2026-02-28T21:48:33.343+0000] {processor.py:183} INFO - Processing /home/airflow/.local/lib/python3.12/site-packages/airflow/example_dags/example_branch_day_of_week_operator.py took 0.060 seconds
[2026-02-28T21:49:03.727+0000] {processor.py:161} INFO - Started process (PID=1042) to work on /home/airflow/.local/lib/python3.12/site-packages/airflow/example_dags/example_branch_day_of_week_operator.py
[2026-02-28T21:49:03.728+0000] {processor.py:830} INFO - Processing file /home/airflow/.local/lib/python3.12/site-packages/airflow/example_dags/example_branch_day_of_week_operator.py for tasks to queue
[2026-02-28T21:49:03.730+0000] {logging_mixin.py:188} INFO - [2026-02-28T21:49:03.729+0000] {dagbag.py:545} INFO - Filling up the DagBag from /home/airflow/.local/lib/python3.12/site-packages/airflow/example_dags/example_branch_day_of_week_operator.py
[2026-02-28T21:49:03.736+0000] {processor.py:840} INFO - DAG(s) 'example_weekday_branch_operator' retrieved from /home/airflow/.local/lib/python3.12/site-packages/airflow/example_dags/example_branch_day_of_week_operator.py
[2026-02-28T21:49:03.770+0000] {logging_mixin.py:188} INFO - [2026-02-28T21:49:03.770+0000] {dag.py:3096} INFO - Sync 1 DAGs
[2026-02-28T21:49:03.786+0000] {logging_mixin.py:188} INFO - [2026-02-28T21:49:03.786+0000] {dag.py:3954} INFO - Setting next_dagrun for example_weekday_branch_operator to 2026-02-27 00:00:00+00:00, run_after=2026-02-28 00:00:00+00:00
[2026-02-28T21:49:03.801+0000] {processor.py:183} INFO - Processing /home/airflow/.local/lib/python3.12/site-packages/airflow/example_dags/example_branch_day_of_week_operator.py took 0.080 seconds
[2026-02-28T21:49:34.163+0000] {processor.py:161} INFO - Started process (PID=1100) to work on /home/airflow/.local/lib/python3.12/site-packages/airflow/example_dags/example_branch_day_of_week_operator.py
[2026-02-28T21:49:34.164+0000] {processor.py:830} INFO - Processing file /home/airflow/.local/lib/python3.12/site-packages/airflow/example_dags/example_branch_day_of_week_operator.py for tasks to queue
[2026-02-28T21:49:34.165+0000] {logging_mixin.py:188} INFO - [2026-02-28T21:49:34.165+0000] {dagbag.py:545} INFO - Filling up the DagBag from /home/airflow/.local/lib/python3.12/site-packages/airflow/example_dags/example_branch_day_of_week_operator.py
[2026-02-28T21:49:34.170+0000] {processor.py:840} INFO - DAG(s) 'example_weekday_branch_operator' retrieved from /home/airflow/.local/lib/python3.12/site-packages/airflow/example_dags/example_branch_day_of_week_operator.py
[2026-02-28T21:49:34.181+0000] {logging_mixin.py:188} INFO - [2026-02-28T21:49:34.181+0000] {dag.py:3096} INFO - Sync 1 DAGs
[2026-02-28T21:49:34.196+0000] {logging_mixin.py:188} INFO - [2026-02-28T21:49:34.196+0000] {dag.py:3954} INFO - Setting next_dagrun for example_weekday_branch_operator to 2026-02-27 00:00:00+00:00, run_after=2026-02-28 00:00:00+00:00
[2026-02-28T21:49:34.206+0000] {processor.py:183} INFO - Processing /home/airflow/.local/lib/python3.12/site-packages/airflow/example_dags/example_branch_day_of_week_operator.py took 0.046 seconds
[2026-02-28T21:50:04.416+0000] {processor.py:161} INFO - Started process (PID=1158) to work on /home/airflow/.local/lib/python3.12/site-packages/airflow/example_dags/example_branch_day_of_week_operator.py
[2026-02-28T21:50:04.417+0000] {processor.py:830} INFO - Processing file /home/airflow/.local/lib/python3.12/site-packages/airflow/example_dags/example_branch_day_of_week_operator.py for tasks to queue
[2026-02-28T21:50:04.418+0000] {logging_mixin.py:188} INFO - [2026-02-28T21:50:04.418+0000] {dagbag.py:545} INFO - Filling up the DagBag from /home/airflow/.local/lib/python3.12/site-packages/airflow/example_dags/example_branch_day_of_week_operator.py
[2026-02-28T21:50:04.422+0000] {processor.py:840} INFO - DAG(s) 'example_weekday_branch_operator' retrieved from /home/airflow/.local/lib/python3.12/site-packages/airflow/example_dags/example_branch_day_of_week_operator.py
[2026-02-28T21:50:04.432+0000] {logging_mixin.py:188} INFO - [2026-02-28T21:50:04.432+0000] {dag.py:3096} INFO - Sync 1 DAGs
[2026-02-28T21:50:04.442+0000] {logging_mixin.py:188} INFO - [2026-02-28T21:50:04.442+0000] {dag.py:3954} INFO - Setting next_dagrun for example_weekday_branch_operator to 2026-02-27 00:00:00+00:00, run_after=2026-02-28 00:00:00+00:00
[2026-02-28T21:50:04.450+0000] {processor.py:183} INFO - Processing /home/airflow/.local/lib/python3.12/site-packages/airflow/example_dags/example_branch_day_of_week_operator.py took 0.037 seconds
[2026-02-28T21:50:35.125+0000] {processor.py:161} INFO - Started process (PID=1216) to work on /home/airflow/.local/lib/python3.12/site-packages/airflow/example_dags/example_branch_day_of_week_operator.py
[2026-02-28T21:50:35.126+0000] {processor.py:830} INFO - Processing file /home/airflow/.local/lib/python3.12/site-packages/airflow/example_dags/example_branch_day_of_week_operator.py for tasks to queue
[2026-02-28T21:50:35.127+0000] {logging_mixin.py:188} INFO - [2026-02-28T21:50:35.127+0000] {dagbag.py:545} INFO - Filling up the DagBag from /home/airflow/.local/lib/python3.12/site-packages/airflow/example_dags/example_branch_day_of_week_operator.py
[2026-02-28T21:50:35.132+0000] {processor.py:840} INFO - DAG(s) 'example_weekday_branch_operator' retrieved from /home/airflow/.local/lib/python3.12/site-packages/airflow/example_dags/example_branch_day_of_week_operator.py
[2026-02-28T21:50:35.145+0000] {logging_mixin.py:188} INFO - [2026-02-28T21:50:35.145+0000] {dag.py:3096} INFO - Sync 1 DAGs
[2026-02-28T21:50:35.156+0000] {logging_mixin.py:188} INFO - [2026-02-28T21:50:35.156+0000] {dag.py:3954} INFO - Setting next_dagrun for example_weekday_branch_operator to 2026-02-27 00:00:00+00:00, run_after=2026-02-28 00:00:00+00:00
[2026-02-28T21:50:35.165+0000] {processor.py:183} INFO - Processing /home/airflow/.local/lib/python3.12/site-packages/airflow/example_dags/example_branch_day_of_week_operator.py took 0.044 seconds
[2026-02-28T21:51:05.391+0000] {processor.py:161} INFO - Started process (PID=1274) to work on /home/airflow/.local/lib/python3.12/site-packages/airflow/example_dags/example_branch_day_of_week_operator.py
[2026-02-28T21:51:05.392+0000] {processor.py:830} INFO - Processing file /home/airflow/.local/lib/python3.12/site-packages/airflow/example_dags/example_branch_day_of_week_operator.py for tasks to queue
[2026-02-28T21:51:05.394+0000] {logging_mixin.py:188} INFO - [2026-02-28T21:51:05.393+0000] {dagbag.py:545} INFO - Filling up the DagBag from /home/airflow/.local/lib/python3.12/site-packages/airflow/example_dags/example_branch_day_of_week_operator.py
[2026-02-28T21:51:05.406+0000] {processor.py:840} INFO - DAG(s) 'example_weekday_branch_operator' retrieved from /home/airflow/.local/lib/python3.12/site-packages/airflow/example_dags/example_branch_day_of_week_operator.py
[2026-02-28T21:51:05.430+0000] {logging_mixin.py:188} INFO - [2026-02-28T21:51:05.430+0000] {dag.py:3096} INFO - Sync 1 DAGs
[2026-02-28T21:51:05.449+0000] {logging_mixin.py:188} INFO - [2026-02-28T21:51:05.449+0000] {dag.py:3954} INFO - Setting next_dagrun for example_weekday_branch_operator to 2026-02-27 00:00:00+00:00, run_after=2026-02-28 00:00:00+00:00
[2026-02-28T21:51:05.475+0000] {processor.py:183} INFO - Processing /home/airflow/.local/lib/python3.12/site-packages/airflow/example_dags/example_branch_day_of_week_operator.py took 0.089 seconds
[2026-02-28T21:51:35.503+0000] {processor.py:161} INFO - Started process (PID=1332) to work on /home/airflow/.local/lib/python3.12/site-packages/airflow/example_dags/example_branch_day_of_week_operator.py
[2026-02-28T21:51:35.503+0000] {processor.py:830} INFO - Processing file /home/airflow/.local/lib/python3.12/site-packages/airflow/example_dags/example_branch_day_of_week_operator.py for tasks to queue
[2026-02-28T21:51:35.504+0000] {logging_mixin.py:188} INFO - [2026-02-28T21:51:35.504+0000] {dagbag.py:545} INFO - Filling up the DagBag from /home/airflow/.local/lib/python3.12/site-packages/airflow/example_dags/example_branch_day_of_week_operator.py
[2026-02-28T21:51:35.509+0000] {processor.py:840} INFO - DAG(s) 'example_weekday_branch_operator' retrieved from /home/airflow/.local/lib/python3.12/site-packages/airflow/example_dags/example_branch_day_of_week_operator.py
[2026-02-28T21:51:35.523+0000] {logging_mixin.py:188} INFO - [2026-02-28T21:51:35.523+0000] {dag.py:3096} INFO - Sync 1 DAGs
[2026-02-28T21:51:35.534+0000] {logging_mixin.py:188} INFO - [2026-02-28T21:51:35.534+0000] {dag.py:3954} INFO - Setting next_dagrun for example_weekday_branch_operator to 2026-02-27 00:00:00+00:00, run_after=2026-02-28 00:00:00+00:00
[2026-02-28T21:51:35.543+0000] {processor.py:183} INFO - Processing /home/airflow/.local/lib/python3.12/site-packages/airflow/example_dags/example_branch_day_of_week_operator.py took 0.043 seconds
[2026-02-28T21:52:06.946+0000] {processor.py:161} INFO - Started process (PID=1390) to work on /home/airflow/.local/lib/python3.12/site-packages/airflow/example_dags/example_branch_day_of_week_operator.py
[2026-02-28T21:52:06.947+0000] {processor.py:830} INFO - Processing file /home/airflow/.local/lib/python3.12/site-packages/airflow/example_dags/example_branch_day_of_week_operator.py for tasks to queue
[2026-02-28T21:52:06.948+0000] {logging_mixin.py:188} INFO - [2026-02-28T21:52:06.948+0000] {dagbag.py:545} INFO - Filling up the DagBag from /home/airflow/.local/lib/python3.12/site-packages/airflow/example_dags/example_branch_day_of_week_operator.py
[2026-02-28T21:52:06.955+0000] {processor.py:840} INFO - DAG(s) 'example_weekday_branch_operator' retrieved from /home/airflow/.local/lib/python3.12/site-packages/airflow/example_dags/example_branch_day_of_week_operator.py
[2026-02-28T21:52:06.967+0000] {logging_mixin.py:188} INFO - [2026-02-28T21:52:06.967+0000] {dag.py:3096} INFO - Sync 1 DAGs
[2026-02-28T21:52:06.983+0000] {logging_mixin.py:188} INFO - [2026-02-28T21:52:06.983+0000] {dag.py:3954} INFO - Setting next_dagrun for example_weekday_branch_operator to 2026-02-27 00:00:00+00:00, run_after=2026-02-28 00:00:00+00:00
[2026-02-28T21:52:07.000+0000] {processor.py:183} INFO - Processing /home/airflow/.local/lib/python3.12/site-packages/airflow/example_dags/example_branch_day_of_week_operator.py took 0.058 seconds
[2026-02-28T21:52:38.752+0000] {processor.py:161} INFO - Started process (PID=1448) to work on /home/airflow/.local/lib/python3.12/site-packages/airflow/example_dags/example_branch_day_of_week_operator.py
[2026-02-28T21:52:38.753+0000] {processor.py:830} INFO - Processing file /home/airflow/.local/lib/python3.12/site-packages/airflow/example_dags/example_branch_day_of_week_operator.py for tasks to queue
[2026-02-28T21:52:38.754+0000] {logging_mixin.py:188} INFO - [2026-02-28T21:52:38.754+0000] {dagbag.py:545} INFO - Filling up the DagBag from /home/airflow/.local/lib/python3.12/site-packages/airflow/example_dags/example_branch_day_of_week_operator.py
[2026-02-28T21:52:38.759+0000] {processor.py:840} INFO - DAG(s) 'example_weekday_branch_operator' retrieved from /home/airflow/.local/lib/python3.12/site-packages/airflow/example_dags/example_branch_day_of_week_operator.py
[2026-02-28T21:52:38.770+0000] {logging_mixin.py:188} INFO - [2026-02-28T21:52:38.770+0000] {dag.py:3096} INFO - Sync 1 DAGs
[2026-02-28T21:52:38.876+0000] {logging_mixin.py:188} INFO - [2026-02-28T21:52:38.876+0000] {dag.py:3954} INFO - Setting next_dagrun for example_weekday_branch_operator to 2026-02-27 00:00:00+00:00, run_after=2026-02-28 00:00:00+00:00
[2026-02-28T21:52:38.883+0000] {processor.py:183} INFO - Processing /home/airflow/.local/lib/python3.12/site-packages/airflow/example_dags/example_branch_day_of_week_operator.py took 0.134 seconds
[2026-02-28T21:53:10.493+0000] {processor.py:161} INFO - Started process (PID=1506) to work on /home/airflow/.local/lib/python3.12/site-packages/airflow/example_dags/example_branch_day_of_week_operator.py
[2026-02-28T21:53:10.494+0000] {processor.py:830} INFO - Processing file /home/airflow/.local/lib/python3.12/site-packages/airflow/example_dags/example_branch_day_of_week_operator.py for tasks to queue
[2026-02-28T21:53:10.495+0000] {logging_mixin.py:188} INFO - [2026-02-28T21:53:10.495+0000] {dagbag.py:545} INFO - Filling up the DagBag from /home/airflow/.local/lib/python3.12/site-packages/airflow/example_dags/example_branch_day_of_week_operator.py
[2026-02-28T21:53:10.500+0000] {processor.py:840} INFO - DAG(s) 'example_weekday_branch_operator' retrieved from /home/airflow/.local/lib/python3.12/site-packages/airflow/example_dags/example_branch_day_of_week_operator.py
[2026-02-28T21:53:10.519+0000] {logging_mixin.py:188} INFO - [2026-02-28T21:53:10.519+0000] {dag.py:3096} INFO - Sync 1 DAGs
[2026-02-28T21:53:10.662+0000] {logging_mixin.py:188} INFO - [2026-02-28T21:53:10.662+0000] {dag.py:3954} INFO - Setting next_dagrun for example_weekday_branch_operator to 2026-02-27 00:00:00+00:00, run_after=2026-02-28 00:00:00+00:00
[2026-02-28T21:53:10.675+0000] {processor.py:183} INFO - Processing /home/airflow/.local/lib/python3.12/site-packages/airflow/example_dags/example_branch_day_of_week_operator.py took 0.188 seconds
[2026-02-28T21:53:41.044+0000] {processor.py:161} INFO - Started process (PID=1564) to work on /home/airflow/.local/lib/python3.12/site-packages/airflow/example_dags/example_branch_day_of_week_operator.py
[2026-02-28T21:53:41.046+0000] {processor.py:830} INFO - Processing file /home/airflow/.local/lib/python3.12/site-packages/airflow/example_dags/example_branch_day_of_week_operator.py for tasks to queue
[2026-02-28T21:53:41.047+0000] {logging_mixin.py:188} INFO - [2026-02-28T21:53:41.047+0000] {dagbag.py:545} INFO - Filling up the DagBag from /home/airflow/.local/lib/python3.12/site-packages/airflow/example_dags/example_branch_day_of_week_operator.py
[2026-02-28T21:53:41.057+0000] {processor.py:840} INFO - DAG(s) 'example_weekday_branch_operator' retrieved from /home/airflow/.local/lib/python3.12/site-packages/airflow/example_dags/example_branch_day_of_week_operator.py
[2026-02-28T21:53:41.079+0000] {logging_mixin.py:188} INFO - [2026-02-28T21:53:41.079+0000] {dag.py:3096} INFO - Sync 1 DAGs
[2026-02-28T21:53:41.270+0000] {logging_mixin.py:188} INFO - [2026-02-28T21:53:41.269+0000] {dag.py:3954} INFO - Setting next_dagrun for example_weekday_branch_operator to 2026-02-27 00:00:00+00:00, run_after=2026-02-28 00:00:00+00:00
[2026-02-28T21:53:41.289+0000] {processor.py:183} INFO - Processing /home/airflow/.local/lib/python3.12/site-packages/airflow/example_dags/example_branch_day_of_week_operator.py took 0.249 seconds
[2026-02-28T21:54:11.796+0000] {processor.py:161} INFO - Started process (PID=1622) to work on /home/airflow/.local/lib/python3.12/site-packages/airflow/example_dags/example_branch_day_of_week_operator.py
[2026-02-28T21:54:11.797+0000] {processor.py:830} INFO - Processing file /home/airflow/.local/lib/python3.12/site-packages/airflow/example_dags/example_branch_day_of_week_operator.py for tasks to queue
[2026-02-28T21:54:11.800+0000] {logging_mixin.py:188} INFO - [2026-02-28T21:54:11.800+0000] {dagbag.py:545} INFO - Filling up the DagBag from /home/airflow/.local/lib/python3.12/site-packages/airflow/example_dags/example_branch_day_of_week_operator.py
[2026-02-28T21:54:11.816+0000] {processor.py:840} INFO - DAG(s) 'example_weekday_branch_operator' retrieved from /home/airflow/.local/lib/python3.12/site-packages/airflow/example_dags/example_branch_day_of_week_operator.py
[2026-02-28T21:54:11.843+0000] {logging_mixin.py:188} INFO - [2026-02-28T21:54:11.843+0000] {dag.py:3096} INFO - Sync 1 DAGs
[2026-02-28T21:54:11.862+0000] {logging_mixin.py:188} INFO - [2026-02-28T21:54:11.862+0000] {dag.py:3954} INFO - Setting next_dagrun for example_weekday_branch_operator to 2026-02-27 00:00:00+00:00, run_after=2026-02-28 00:00:00+00:00
[2026-02-28T21:54:11.908+0000] {processor.py:183} INFO - Processing /home/airflow/.local/lib/python3.12/site-packages/airflow/example_dags/example_branch_day_of_week_operator.py took 0.117 seconds
[2026-02-28T21:54:42.785+0000] {processor.py:161} INFO - Started process (PID=1680) to work on /home/airflow/.local/lib/python3.12/site-packages/airflow/example_dags/example_branch_day_of_week_operator.py
[2026-02-28T21:54:42.787+0000] {processor.py:830} INFO - Processing file /home/airflow/.local/lib/python3.12/site-packages/airflow/example_dags/example_branch_day_of_week_operator.py for tasks to queue
[2026-02-28T21:54:42.791+0000] {logging_mixin.py:188} INFO - [2026-02-28T21:54:42.790+0000] {dagbag.py:545} INFO - Filling up the DagBag from /home/airflow/.local/lib/python3.12/site-packages/airflow/example_dags/example_branch_day_of_week_operator.py
[2026-02-28T21:54:42.810+0000] {processor.py:840} INFO - DAG(s) 'example_weekday_branch_operator' retrieved from /home/airflow/.local/lib/python3.12/site-packages/airflow/example_dags/example_branch_day_of_week_operator.py
[2026-02-28T21:54:42.847+0000] {logging_mixin.py:188} INFO - [2026-02-28T21:54:42.847+0000] {dag.py:3096} INFO - Sync 1 DAGs
[2026-02-28T21:54:42.878+0000] {logging_mixin.py:188} INFO - [2026-02-28T21:54:42.878+0000] {dag.py:3954} INFO - Setting next_dagrun for example_weekday_branch_operator to 2026-02-27 00:00:00+00:00, run_after=2026-02-28 00:00:00+00:00
[2026-02-28T21:54:42.890+0000] {processor.py:183} INFO - Processing /home/airflow/.local/lib/python3.12/site-packages/airflow/example_dags/example_branch_day_of_week_operator.py took 0.110 seconds
[2026-02-28T21:55:12.997+0000] {processor.py:161} INFO - Started process (PID=1741) to work on /home/airflow/.local/lib/python3.12/site-packages/airflow/example_dags/example_branch_day_of_week_operator.py
[2026-02-28T21:55:12.998+0000] {processor.py:830} INFO - Processing file /home/airflow/.local/lib/python3.12/site-packages/airflow/example_dags/example_branch_day_of_week_operator.py for tasks to queue
[2026-02-28T21:55:13.000+0000] {logging_mixin.py:188} INFO - [2026-02-28T21:55:13.000+0000] {dagbag.py:545} INFO - Filling up the DagBag from /home/airflow/.local/lib/python3.12/site-packages/airflow/example_dags/example_branch_day_of_week_operator.py
[2026-02-28T21:55:13.007+0000] {processor.py:840} INFO - DAG(s) 'example_weekday_branch_operator' retrieved from /home/airflow/.local/lib/python3.12/site-packages/airflow/example_dags/example_branch_day_of_week_operator.py
[2026-02-28T21:55:13.024+0000] {logging_mixin.py:188} INFO - [2026-02-28T21:55:13.024+0000] {dag.py:3096} INFO - Sync 1 DAGs
[2026-02-28T21:55:13.035+0000] {logging_mixin.py:188} INFO - [2026-02-28T21:55:13.034+0000] {dag.py:3954} INFO - Setting next_dagrun for example_weekday_branch_operator to 2026-02-27 00:00:00+00:00, run_after=2026-02-28 00:00:00+00:00
[2026-02-28T21:55:13.045+0000] {processor.py:183} INFO - Processing /home/airflow/.local/lib/python3.12/site-packages/airflow/example_dags/example_branch_day_of_week_operator.py took 0.053 seconds
[2026-02-28T21:55:43.864+0000] {processor.py:161} INFO - Started process (PID=1799) to work on /home/airflow/.local/lib/python3.12/site-packages/airflow/example_dags/example_branch_day_of_week_operator.py
[2026-02-28T21:55:43.866+0000] {processor.py:830} INFO - Processing file /home/airflow/.local/lib/python3.12/site-packages/airflow/example_dags/example_branch_day_of_week_operator.py for tasks to queue
[2026-02-28T21:55:43.868+0000] {logging_mixin.py:188} INFO - [2026-02-28T21:55:43.868+0000] {dagbag.py:545} INFO - Filling up the DagBag from /home/airflow/.local/lib/python3.12/site-packages/airflow/example_dags/example_branch_day_of_week_operator.py
[2026-02-28T21:55:43.876+0000] {processor.py:840} INFO - DAG(s) 'example_weekday_branch_operator' retrieved from /home/airflow/.local/lib/python3.12/site-packages/airflow/example_dags/example_branch_day_of_week_operator.py
[2026-02-28T21:55:43.897+0000] {logging_mixin.py:188} INFO - [2026-02-28T21:55:43.896+0000] {dag.py:3096} INFO - Sync 1 DAGs
[2026-02-28T21:55:43.913+0000] {logging_mixin.py:188} INFO - [2026-02-28T21:55:43.913+0000] {dag.py:3954} INFO - Setting next_dagrun for example_weekday_branch_operator to 2026-02-27 00:00:00+00:00, run_after=2026-02-28 00:00:00+00:00
[2026-02-28T21:55:43.932+0000] {processor.py:183} INFO - Processing /home/airflow/.local/lib/python3.12/site-packages/airflow/example_dags/example_branch_day_of_week_operator.py took 0.071 seconds
[2026-02-28T21:56:14.257+0000] {processor.py:161} INFO - Started process (PID=1857) to work on /home/airflow/.local/lib/python3.12/site-packages/airflow/example_dags/example_branch_day_of_week_operator.py
[2026-02-28T21:56:14.260+0000] {processor.py:830} INFO - Processing file /home/airflow/.local/lib/python3.12/site-packages/airflow/example_dags/example_branch_day_of_week_operator.py for tasks to queue
[2026-02-28T21:56:14.262+0000] {logging_mixin.py:188} INFO - [2026-02-28T21:56:14.261+0000] {dagbag.py:545} INFO - Filling up the DagBag from /home/airflow/.local/lib/python3.12/site-packages/airflow/example_dags/example_branch_day_of_week_operator.py
[2026-02-28T21:56:14.274+0000] {processor.py:840} INFO - DAG(s) 'example_weekday_branch_operator' retrieved from /home/airflow/.local/lib/python3.12/site-packages/airflow/example_dags/example_branch_day_of_week_operator.py
[2026-02-28T21:56:14.295+0000] {logging_mixin.py:188} INFO - [2026-02-28T21:56:14.294+0000] {dag.py:3096} INFO - Sync 1 DAGs
[2026-02-28T21:56:14.317+0000] {logging_mixin.py:188} INFO - [2026-02-28T21:56:14.317+0000] {dag.py:3954} INFO - Setting next_dagrun for example_weekday_branch_operator to 2026-02-27 00:00:00+00:00, run_after=2026-02-28 00:00:00+00:00
[2026-02-28T21:56:14.337+0000] {processor.py:183} INFO - Processing /home/airflow/.local/lib/python3.12/site-packages/airflow/example_dags/example_branch_day_of_week_operator.py took 0.092 seconds
[2026-02-28T21:56:44.415+0000] {processor.py:161} INFO - Started process (PID=1915) to work on /home/airflow/.local/lib/python3.12/site-packages/airflow/example_dags/example_branch_day_of_week_operator.py
[2026-02-28T21:56:44.417+0000] {processor.py:830} INFO - Processing file /home/airflow/.local/lib/python3.12/site-packages/airflow/example_dags/example_branch_day_of_week_operator.py for tasks to queue
[2026-02-28T21:56:44.419+0000] {logging_mixin.py:188} INFO - [2026-02-28T21:56:44.418+0000] {dagbag.py:545} INFO - Filling up the DagBag from /home/airflow/.local/lib/python3.12/site-packages/airflow/example_dags/example_branch_day_of_week_operator.py
[2026-02-28T21:56:44.426+0000] {processor.py:840} INFO - DAG(s) 'example_weekday_branch_operator' retrieved from /home/airflow/.local/lib/python3.12/site-packages/airflow/example_dags/example_branch_day_of_week_operator.py
[2026-02-28T21:56:44.446+0000] {logging_mixin.py:188} INFO - [2026-02-28T21:56:44.445+0000] {dag.py:3096} INFO - Sync 1 DAGs
[2026-02-28T21:56:44.468+0000] {logging_mixin.py:188} INFO - [2026-02-28T21:56:44.468+0000] {dag.py:3954} INFO - Setting next_dagrun for example_weekday_branch_operator to 2026-02-27 00:00:00+00:00, run_after=2026-02-28 00:00:00+00:00
[2026-02-28T21:56:44.478+0000] {processor.py:183} INFO - Processing /home/airflow/.local/lib/python3.12/site-packages/airflow/example_dags/example_branch_day_of_week_operator.py took 0.067 seconds
[2026-02-28T21:57:15.314+0000] {processor.py:161} INFO - Started process (PID=1973) to work on /home/airflow/.local/lib/python3.12/site-packages/airflow/example_dags/example_branch_day_of_week_operator.py
[2026-02-28T21:57:15.315+0000] {processor.py:830} INFO - Processing file /home/airflow/.local/lib/python3.12/site-packages/airflow/example_dags/example_branch_day_of_week_operator.py for tasks to queue
[2026-02-28T21:57:15.318+0000] {logging_mixin.py:188} INFO - [2026-02-28T21:57:15.318+0000] {dagbag.py:545} INFO - Filling up the DagBag from /home/airflow/.local/lib/python3.12/site-packages/airflow/example_dags/example_branch_day_of_week_operator.py
[2026-02-28T21:57:15.330+0000] {processor.py:840} INFO - DAG(s) 'example_weekday_branch_operator' retrieved from /home/airflow/.local/lib/python3.12/site-packages/airflow/example_dags/example_branch_day_of_week_operator.py
[2026-02-28T21:57:15.363+0000] {logging_mixin.py:188} INFO - [2026-02-28T21:57:15.363+0000] {dag.py:3096} INFO - Sync 1 DAGs
[2026-02-28T21:57:15.393+0000] {logging_mixin.py:188} INFO - [2026-02-28T21:57:15.393+0000] {dag.py:3954} INFO - Setting next_dagrun for example_weekday_branch_operator to 2026-02-27 00:00:00+00:00, run_after=2026-02-28 00:00:00+00:00
[2026-02-28T21:57:15.410+0000] {processor.py:183} INFO - Processing /home/airflow/.local/lib/python3.12/site-packages/airflow/example_dags/example_branch_day_of_week_operator.py took 0.102 seconds
[2026-02-28T21:57:46.358+0000] {processor.py:161} INFO - Started process (PID=2031) to work on /home/airflow/.local/lib/python3.12/site-packages/airflow/example_dags/example_branch_day_of_week_operator.py
[2026-02-28T21:57:46.359+0000] {processor.py:830} INFO - Processing file /home/airflow/.local/lib/python3.12/site-packages/airflow/example_dags/example_branch_day_of_week_operator.py for tasks to queue
[2026-02-28T21:57:46.362+0000] {logging_mixin.py:188} INFO - [2026-02-28T21:57:46.361+0000] {dagbag.py:545} INFO - Filling up the DagBag from /home/airflow/.local/lib/python3.12/site-packages/airflow/example_dags/example_branch_day_of_week_operator.py
[2026-02-28T21:57:46.369+0000] {processor.py:840} INFO - DAG(s) 'example_weekday_branch_operator' retrieved from /home/airflow/.local/lib/python3.12/site-packages/airflow/example_dags/example_branch_day_of_week_operator.py
[2026-02-28T21:57:46.397+0000] {logging_mixin.py:188} INFO - [2026-02-28T21:57:46.397+0000] {dag.py:3096} INFO - Sync 1 DAGs
[2026-02-28T21:57:46.420+0000] {logging_mixin.py:188} INFO - [2026-02-28T21:57:46.420+0000] {dag.py:3954} INFO - Setting next_dagrun for example_weekday_branch_operator to 2026-02-27 00:00:00+00:00, run_after=2026-02-28 00:00:00+00:00
[2026-02-28T21:57:46.435+0000] {processor.py:183} INFO - Processing /home/airflow/.local/lib/python3.12/site-packages/airflow/example_dags/example_branch_day_of_week_operator.py took 0.081 seconds
[2026-02-28T21:58:17.161+0000] {processor.py:161} INFO - Started process (PID=2089) to work on /home/airflow/.local/lib/python3.12/site-packages/airflow/example_dags/example_branch_day_of_week_operator.py
[2026-02-28T21:58:17.162+0000] {processor.py:830} INFO - Processing file /home/airflow/.local/lib/python3.12/site-packages/airflow/example_dags/example_branch_day_of_week_operator.py for tasks to queue
[2026-02-28T21:58:17.164+0000] {logging_mixin.py:188} INFO - [2026-02-28T21:58:17.163+0000] {dagbag.py:545} INFO - Filling up the DagBag from /home/airflow/.local/lib/python3.12/site-packages/airflow/example_dags/example_branch_day_of_week_operator.py
[2026-02-28T21:58:17.173+0000] {processor.py:840} INFO - DAG(s) 'example_weekday_branch_operator' retrieved from /home/airflow/.local/lib/python3.12/site-packages/airflow/example_dags/example_branch_day_of_week_operator.py
[2026-02-28T21:58:17.196+0000] {logging_mixin.py:188} INFO - [2026-02-28T21:58:17.195+0000] {dag.py:3096} INFO - Sync 1 DAGs
[2026-02-28T21:58:17.217+0000] {logging_mixin.py:188} INFO - [2026-02-28T21:58:17.217+0000] {dag.py:3954} INFO - Setting next_dagrun for example_weekday_branch_operator to 2026-02-27 00:00:00+00:00, run_after=2026-02-28 00:00:00+00:00
[2026-02-28T21:58:17.427+0000] {processor.py:183} INFO - Processing /home/airflow/.local/lib/python3.12/site-packages/airflow/example_dags/example_branch_day_of_week_operator.py took 0.270 seconds
[2026-02-28T21:58:47.849+0000] {processor.py:161} INFO - Started process (PID=2147) to work on /home/airflow/.local/lib/python3.12/site-packages/airflow/example_dags/example_branch_day_of_week_operator.py
[2026-02-28T21:58:47.850+0000] {processor.py:830} INFO - Processing file /home/airflow/.local/lib/python3.12/site-packages/airflow/example_dags/example_branch_day_of_week_operator.py for tasks to queue
[2026-02-28T21:58:47.851+0000] {logging_mixin.py:188} INFO - [2026-02-28T21:58:47.851+0000] {dagbag.py:545} INFO - Filling up the DagBag from /home/airflow/.local/lib/python3.12/site-packages/airflow/example_dags/example_branch_day_of_week_operator.py
[2026-02-28T21:58:47.857+0000] {processor.py:840} INFO - DAG(s) 'example_weekday_branch_operator' retrieved from /home/airflow/.local/lib/python3.12/site-packages/airflow/example_dags/example_branch_day_of_week_operator.py
[2026-02-28T21:58:47.875+0000] {logging_mixin.py:188} INFO - [2026-02-28T21:58:47.875+0000] {dag.py:3096} INFO - Sync 1 DAGs
[2026-02-28T21:58:47.889+0000] {logging_mixin.py:188} INFO - [2026-02-28T21:58:47.889+0000] {dag.py:3954} INFO - Setting next_dagrun for example_weekday_branch_operator to 2026-02-27 00:00:00+00:00, run_after=2026-02-28 00:00:00+00:00
[2026-02-28T21:58:48.101+0000] {processor.py:183} INFO - Processing /home/airflow/.local/lib/python3.12/site-packages/airflow/example_dags/example_branch_day_of_week_operator.py took 0.256 seconds
[2026-02-28T21:59:18.623+0000] {processor.py:161} INFO - Started process (PID=2205) to work on /home/airflow/.local/lib/python3.12/site-packages/airflow/example_dags/example_branch_day_of_week_operator.py
[2026-02-28T21:59:18.624+0000] {processor.py:830} INFO - Processing file /home/airflow/.local/lib/python3.12/site-packages/airflow/example_dags/example_branch_day_of_week_operator.py for tasks to queue
[2026-02-28T21:59:18.625+0000] {logging_mixin.py:188} INFO - [2026-02-28T21:59:18.625+0000] {dagbag.py:545} INFO - Filling up the DagBag from /home/airflow/.local/lib/python3.12/site-packages/airflow/example_dags/example_branch_day_of_week_operator.py
[2026-02-28T21:59:18.632+0000] {processor.py:840} INFO - DAG(s) 'example_weekday_branch_operator' retrieved from /home/airflow/.local/lib/python3.12/site-packages/airflow/example_dags/example_branch_day_of_week_operator.py
[2026-02-28T21:59:18.645+0000] {logging_mixin.py:188} INFO - [2026-02-28T21:59:18.645+0000] {dag.py:3096} INFO - Sync 1 DAGs
[2026-02-28T21:59:18.768+0000] {logging_mixin.py:188} INFO - [2026-02-28T21:59:18.768+0000] {dag.py:3954} INFO - Setting next_dagrun for example_weekday_branch_operator to 2026-02-27 00:00:00+00:00, run_after=2026-02-28 00:00:00+00:00
[2026-02-28T21:59:18.783+0000] {processor.py:183} INFO - Processing /home/airflow/.local/lib/python3.12/site-packages/airflow/example_dags/example_branch_day_of_week_operator.py took 0.164 seconds
[2026-02-28T21:59:49.324+0000] {processor.py:161} INFO - Started process (PID=2263) to work on /home/airflow/.local/lib/python3.12/site-packages/airflow/example_dags/example_branch_day_of_week_operator.py
[2026-02-28T21:59:49.325+0000] {processor.py:830} INFO - Processing file /home/airflow/.local/lib/python3.12/site-packages/airflow/example_dags/example_branch_day_of_week_operator.py for tasks to queue
[2026-02-28T21:59:49.328+0000] {logging_mixin.py:188} INFO - [2026-02-28T21:59:49.327+0000] {dagbag.py:545} INFO - Filling up the DagBag from /home/airflow/.local/lib/python3.12/site-packages/airflow/example_dags/example_branch_day_of_week_operator.py
[2026-02-28T21:59:49.337+0000] {processor.py:840} INFO - DAG(s) 'example_weekday_branch_operator' retrieved from /home/airflow/.local/lib/python3.12/site-packages/airflow/example_dags/example_branch_day_of_week_operator.py
[2026-02-28T21:59:49.357+0000] {logging_mixin.py:188} INFO - [2026-02-28T21:59:49.357+0000] {dag.py:3096} INFO - Sync 1 DAGs
[2026-02-28T21:59:49.483+0000] {logging_mixin.py:188} INFO - [2026-02-28T21:59:49.483+0000] {dag.py:3954} INFO - Setting next_dagrun for example_weekday_branch_operator to 2026-02-27 00:00:00+00:00, run_after=2026-02-28 00:00:00+00:00
[2026-02-28T21:59:49.499+0000] {processor.py:183} INFO - Processing /home/airflow/.local/lib/python3.12/site-packages/airflow/example_dags/example_branch_day_of_week_operator.py took 0.179 seconds
[2026-02-28T22:00:19.813+0000] {processor.py:161} INFO - Started process (PID=2321) to work on /home/airflow/.local/lib/python3.12/site-packages/airflow/example_dags/example_branch_day_of_week_operator.py
[2026-02-28T22:00:19.814+0000] {processor.py:830} INFO - Processing file /home/airflow/.local/lib/python3.12/site-packages/airflow/example_dags/example_branch_day_of_week_operator.py for tasks to queue
[2026-02-28T22:00:19.816+0000] {logging_mixin.py:188} INFO - [2026-02-28T22:00:19.816+0000] {dagbag.py:545} INFO - Filling up the DagBag from /home/airflow/.local/lib/python3.12/site-packages/airflow/example_dags/example_branch_day_of_week_operator.py
[2026-02-28T22:00:19.830+0000] {processor.py:840} INFO - DAG(s) 'example_weekday_branch_operator' retrieved from /home/airflow/.local/lib/python3.12/site-packages/airflow/example_dags/example_branch_day_of_week_operator.py
[2026-02-28T22:00:19.853+0000] {logging_mixin.py:188} INFO - [2026-02-28T22:00:19.852+0000] {dag.py:3096} INFO - Sync 1 DAGs
[2026-02-28T22:00:20.140+0000] {logging_mixin.py:188} INFO - [2026-02-28T22:00:20.140+0000] {dag.py:3954} INFO - Setting next_dagrun for example_weekday_branch_operator to 2026-02-27 00:00:00+00:00, run_after=2026-02-28 00:00:00+00:00
[2026-02-28T22:00:20.160+0000] {processor.py:183} INFO - Processing /home/airflow/.local/lib/python3.12/site-packages/airflow/example_dags/example_branch_day_of_week_operator.py took 0.352 seconds
[2026-02-28T22:00:50.646+0000] {processor.py:161} INFO - Started process (PID=2379) to work on /home/airflow/.local/lib/python3.12/site-packages/airflow/example_dags/example_branch_day_of_week_operator.py
[2026-02-28T22:00:50.647+0000] {processor.py:830} INFO - Processing file /home/airflow/.local/lib/python3.12/site-packages/airflow/example_dags/example_branch_day_of_week_operator.py for tasks to queue
[2026-02-28T22:00:50.648+0000] {logging_mixin.py:188} INFO - [2026-02-28T22:00:50.648+0000] {dagbag.py:545} INFO - Filling up the DagBag from /home/airflow/.local/lib/python3.12/site-packages/airflow/example_dags/example_branch_day_of_week_operator.py
[2026-02-28T22:00:50.654+0000] {processor.py:840} INFO - DAG(s) 'example_weekday_branch_operator' retrieved from /home/airflow/.local/lib/python3.12/site-packages/airflow/example_dags/example_branch_day_of_week_operator.py
[2026-02-28T22:00:50.679+0000] {logging_mixin.py:188} INFO - [2026-02-28T22:00:50.678+0000] {dag.py:3096} INFO - Sync 1 DAGs
[2026-02-28T22:00:50.697+0000] {logging_mixin.py:188} INFO - [2026-02-28T22:00:50.697+0000] {dag.py:3954} INFO - Setting next_dagrun for example_weekday_branch_operator to 2026-02-27 00:00:00+00:00, run_after=2026-02-28 00:00:00+00:00
[2026-02-28T22:00:50.718+0000] {processor.py:183} INFO - Processing /home/airflow/.local/lib/python3.12/site-packages/airflow/example_dags/example_branch_day_of_week_operator.py took 0.078 seconds
[2026-02-28T22:01:21.240+0000] {processor.py:161} INFO - Started process (PID=2436) to work on /home/airflow/.local/lib/python3.12/site-packages/airflow/example_dags/example_branch_day_of_week_operator.py
[2026-02-28T22:01:21.241+0000] {processor.py:830} INFO - Processing file /home/airflow/.local/lib/python3.12/site-packages/airflow/example_dags/example_branch_day_of_week_operator.py for tasks to queue
[2026-02-28T22:01:21.243+0000] {logging_mixin.py:188} INFO - [2026-02-28T22:01:21.243+0000] {dagbag.py:545} INFO - Filling up the DagBag from /home/airflow/.local/lib/python3.12/site-packages/airflow/example_dags/example_branch_day_of_week_operator.py
[2026-02-28T22:01:21.258+0000] {processor.py:840} INFO - DAG(s) 'example_weekday_branch_operator' retrieved from /home/airflow/.local/lib/python3.12/site-packages/airflow/example_dags/example_branch_day_of_week_operator.py
[2026-02-28T22:01:21.293+0000] {logging_mixin.py:188} INFO - [2026-02-28T22:01:21.292+0000] {dag.py:3096} INFO - Sync 1 DAGs
[2026-02-28T22:01:21.313+0000] {logging_mixin.py:188} INFO - [2026-02-28T22:01:21.313+0000] {dag.py:3954} INFO - Setting next_dagrun for example_weekday_branch_operator to 2026-02-27 00:00:00+00:00, run_after=2026-02-28 00:00:00+00:00
[2026-02-28T22:01:21.329+0000] {processor.py:183} INFO - Processing /home/airflow/.local/lib/python3.12/site-packages/airflow/example_dags/example_branch_day_of_week_operator.py took 0.096 seconds
[2026-02-28T22:01:52.261+0000] {processor.py:161} INFO - Started process (PID=2494) to work on /home/airflow/.local/lib/python3.12/site-packages/airflow/example_dags/example_branch_day_of_week_operator.py
[2026-02-28T22:01:52.263+0000] {processor.py:830} INFO - Processing file /home/airflow/.local/lib/python3.12/site-packages/airflow/example_dags/example_branch_day_of_week_operator.py for tasks to queue
[2026-02-28T22:01:52.266+0000] {logging_mixin.py:188} INFO - [2026-02-28T22:01:52.266+0000] {dagbag.py:545} INFO - Filling up the DagBag from /home/airflow/.local/lib/python3.12/site-packages/airflow/example_dags/example_branch_day_of_week_operator.py
[2026-02-28T22:01:52.275+0000] {processor.py:840} INFO - DAG(s) 'example_weekday_branch_operator' retrieved from /home/airflow/.local/lib/python3.12/site-packages/airflow/example_dags/example_branch_day_of_week_operator.py
[2026-02-28T22:01:52.296+0000] {logging_mixin.py:188} INFO - [2026-02-28T22:01:52.296+0000] {dag.py:3096} INFO - Sync 1 DAGs
[2026-02-28T22:01:52.313+0000] {logging_mixin.py:188} INFO - [2026-02-28T22:01:52.313+0000] {dag.py:3954} INFO - Setting next_dagrun for example_weekday_branch_operator to 2026-02-27 00:00:00+00:00, run_after=2026-02-28 00:00:00+00:00
[2026-02-28T22:01:52.326+0000] {processor.py:183} INFO - Processing /home/airflow/.local/lib/python3.12/site-packages/airflow/example_dags/example_branch_day_of_week_operator.py took 0.073 seconds
[2026-02-28T22:02:23.190+0000] {processor.py:161} INFO - Started process (PID=2552) to work on /home/airflow/.local/lib/python3.12/site-packages/airflow/example_dags/example_branch_day_of_week_operator.py
[2026-02-28T22:02:23.192+0000] {processor.py:830} INFO - Processing file /home/airflow/.local/lib/python3.12/site-packages/airflow/example_dags/example_branch_day_of_week_operator.py for tasks to queue
[2026-02-28T22:02:23.198+0000] {logging_mixin.py:188} INFO - [2026-02-28T22:02:23.197+0000] {dagbag.py:545} INFO - Filling up the DagBag from /home/airflow/.local/lib/python3.12/site-packages/airflow/example_dags/example_branch_day_of_week_operator.py
[2026-02-28T22:02:23.211+0000] {processor.py:840} INFO - DAG(s) 'example_weekday_branch_operator' retrieved from /home/airflow/.local/lib/python3.12/site-packages/airflow/example_dags/example_branch_day_of_week_operator.py
[2026-02-28T22:02:23.233+0000] {logging_mixin.py:188} INFO - [2026-02-28T22:02:23.233+0000] {dag.py:3096} INFO - Sync 1 DAGs
[2026-02-28T22:02:23.250+0000] {logging_mixin.py:188} INFO - [2026-02-28T22:02:23.250+0000] {dag.py:3954} INFO - Setting next_dagrun for example_weekday_branch_operator to 2026-02-27 00:00:00+00:00, run_after=2026-02-28 00:00:00+00:00
[2026-02-28T22:02:23.263+0000] {processor.py:183} INFO - Processing /home/airflow/.local/lib/python3.12/site-packages/airflow/example_dags/example_branch_day_of_week_operator.py took 0.082 seconds
[2026-02-28T22:02:53.532+0000] {processor.py:161} INFO - Started process (PID=2610) to work on /home/airflow/.local/lib/python3.12/site-packages/airflow/example_dags/example_branch_day_of_week_operator.py
[2026-02-28T22:02:53.534+0000] {processor.py:830} INFO - Processing file /home/airflow/.local/lib/python3.12/site-packages/airflow/example_dags/example_branch_day_of_week_operator.py for tasks to queue
[2026-02-28T22:02:53.536+0000] {logging_mixin.py:188} INFO - [2026-02-28T22:02:53.536+0000] {dagbag.py:545} INFO - Filling up the DagBag from /home/airflow/.local/lib/python3.12/site-packages/airflow/example_dags/example_branch_day_of_week_operator.py
[2026-02-28T22:02:53.550+0000] {processor.py:840} INFO - DAG(s) 'example_weekday_branch_operator' retrieved from /home/airflow/.local/lib/python3.12/site-packages/airflow/example_dags/example_branch_day_of_week_operator.py
[2026-02-28T22:02:53.572+0000] {logging_mixin.py:188} INFO - [2026-02-28T22:02:53.572+0000] {dag.py:3096} INFO - Sync 1 DAGs
[2026-02-28T22:02:53.587+0000] {logging_mixin.py:188} INFO - [2026-02-28T22:02:53.587+0000] {dag.py:3954} INFO - Setting next_dagrun for example_weekday_branch_operator to 2026-02-27 00:00:00+00:00, run_after=2026-02-28 00:00:00+00:00
[2026-02-28T22:02:53.598+0000] {processor.py:183} INFO - Processing /home/airflow/.local/lib/python3.12/site-packages/airflow/example_dags/example_branch_day_of_week_operator.py took 0.074 seconds
[2026-02-28T22:03:23.839+0000] {processor.py:161} INFO - Started process (PID=2667) to work on /home/airflow/.local/lib/python3.12/site-packages/airflow/example_dags/example_branch_day_of_week_operator.py
[2026-02-28T22:03:23.841+0000] {processor.py:830} INFO - Processing file /home/airflow/.local/lib/python3.12/site-packages/airflow/example_dags/example_branch_day_of_week_operator.py for tasks to queue
[2026-02-28T22:03:23.846+0000] {logging_mixin.py:188} INFO - [2026-02-28T22:03:23.846+0000] {dagbag.py:545} INFO - Filling up the DagBag from /home/airflow/.local/lib/python3.12/site-packages/airflow/example_dags/example_branch_day_of_week_operator.py
[2026-02-28T22:03:23.858+0000] {processor.py:840} INFO - DAG(s) 'example_weekday_branch_operator' retrieved from /home/airflow/.local/lib/python3.12/site-packages/airflow/example_dags/example_branch_day_of_week_operator.py
[2026-02-28T22:03:23.883+0000] {logging_mixin.py:188} INFO - [2026-02-28T22:03:23.883+0000] {dag.py:3096} INFO - Sync 1 DAGs
[2026-02-28T22:03:23.901+0000] {logging_mixin.py:188} INFO - [2026-02-28T22:03:23.901+0000] {dag.py:3954} INFO - Setting next_dagrun for example_weekday_branch_operator to 2026-02-27 00:00:00+00:00, run_after=2026-02-28 00:00:00+00:00
[2026-02-28T22:03:23.919+0000] {processor.py:183} INFO - Processing /home/airflow/.local/lib/python3.12/site-packages/airflow/example_dags/example_branch_day_of_week_operator.py took 0.087 seconds
[2026-02-28T22:03:54.802+0000] {processor.py:161} INFO - Started process (PID=2725) to work on /home/airflow/.local/lib/python3.12/site-packages/airflow/example_dags/example_branch_day_of_week_operator.py
[2026-02-28T22:03:54.804+0000] {processor.py:830} INFO - Processing file /home/airflow/.local/lib/python3.12/site-packages/airflow/example_dags/example_branch_day_of_week_operator.py for tasks to queue
[2026-02-28T22:03:54.807+0000] {logging_mixin.py:188} INFO - [2026-02-28T22:03:54.807+0000] {dagbag.py:545} INFO - Filling up the DagBag from /home/airflow/.local/lib/python3.12/site-packages/airflow/example_dags/example_branch_day_of_week_operator.py
[2026-02-28T22:03:54.820+0000] {processor.py:840} INFO - DAG(s) 'example_weekday_branch_operator' retrieved from /home/airflow/.local/lib/python3.12/site-packages/airflow/example_dags/example_branch_day_of_week_operator.py
[2026-02-28T22:03:54.843+0000] {logging_mixin.py:188} INFO - [2026-02-28T22:03:54.843+0000] {dag.py:3096} INFO - Sync 1 DAGs
[2026-02-28T22:03:54.866+0000] {logging_mixin.py:188} INFO - [2026-02-28T22:03:54.866+0000] {dag.py:3954} INFO - Setting next_dagrun for example_weekday_branch_operator to 2026-02-27 00:00:00+00:00, run_after=2026-02-28 00:00:00+00:00
[2026-02-28T22:03:54.880+0000] {processor.py:183} INFO - Processing /home/airflow/.local/lib/python3.12/site-packages/airflow/example_dags/example_branch_day_of_week_operator.py took 0.086 seconds
[2026-02-28T22:04:24.976+0000] {processor.py:161} INFO - Started process (PID=2783) to work on /home/airflow/.local/lib/python3.12/site-packages/airflow/example_dags/example_branch_day_of_week_operator.py
[2026-02-28T22:04:24.979+0000] {processor.py:830} INFO - Processing file /home/airflow/.local/lib/python3.12/site-packages/airflow/example_dags/example_branch_day_of_week_operator.py for tasks to queue
[2026-02-28T22:04:24.982+0000] {logging_mixin.py:188} INFO - [2026-02-28T22:04:24.981+0000] {dagbag.py:545} INFO - Filling up the DagBag from /home/airflow/.local/lib/python3.12/site-packages/airflow/example_dags/example_branch_day_of_week_operator.py
[2026-02-28T22:04:24.995+0000] {processor.py:840} INFO - DAG(s) 'example_weekday_branch_operator' retrieved from /home/airflow/.local/lib/python3.12/site-packages/airflow/example_dags/example_branch_day_of_week_operator.py
[2026-02-28T22:04:25.016+0000] {logging_mixin.py:188} INFO - [2026-02-28T22:04:25.016+0000] {dag.py:3096} INFO - Sync 1 DAGs
[2026-02-28T22:04:25.029+0000] {logging_mixin.py:188} INFO - [2026-02-28T22:04:25.029+0000] {dag.py:3954} INFO - Setting next_dagrun for example_weekday_branch_operator to 2026-02-27 00:00:00+00:00, run_after=2026-02-28 00:00:00+00:00
[2026-02-28T22:04:25.039+0000] {processor.py:183} INFO - Processing /home/airflow/.local/lib/python3.12/site-packages/airflow/example_dags/example_branch_day_of_week_operator.py took 0.072 seconds
