[2026-02-28T21:40:06.007+0000] {processor.py:161} INFO - Started process (PID=88) to work on /home/airflow/.local/lib/python3.12/site-packages/airflow/example_dags/example_nested_branch_dag.py
[2026-02-28T21:40:06.010+0000] {processor.py:830} INFO - Processing file /home/airflow/.local/lib/python3.12/site-packages/airflow/example_dags/example_nested_branch_dag.py for tasks to queue
[2026-02-28T21:40:06.014+0000] {logging_mixin.py:188} INFO - [2026-02-28T21:40:06.013+0000] {dagbag.py:545} INFO - Filling up the DagBag from /home/airflow/.local/lib/python3.12/site-packages/airflow/example_dags/example_nested_branch_dag.py
[2026-02-28T21:40:06.036+0000] {processor.py:840} INFO - DAG(s) 'example_nested_branch_dag' retrieved from /home/airflow/.local/lib/python3.12/site-packages/airflow/example_dags/example_nested_branch_dag.py
[2026-02-28T21:40:06.059+0000] {logging_mixin.py:188} INFO - [2026-02-28T21:40:06.058+0000] {dag.py:3096} INFO - Sync 1 DAGs
[2026-02-28T21:40:06.104+0000] {logging_mixin.py:188} INFO - [2026-02-28T21:40:06.104+0000] {dag.py:3954} INFO - Setting next_dagrun for example_nested_branch_dag to 2026-02-27 00:00:00+00:00, run_after=2026-02-28 00:00:00+00:00
[2026-02-28T21:40:06.131+0000] {processor.py:183} INFO - Processing /home/airflow/.local/lib/python3.12/site-packages/airflow/example_dags/example_nested_branch_dag.py took 0.135 seconds
[2026-02-28T21:40:36.802+0000] {processor.py:161} INFO - Started process (PID=146) to work on /home/airflow/.local/lib/python3.12/site-packages/airflow/example_dags/example_nested_branch_dag.py
[2026-02-28T21:40:36.804+0000] {processor.py:830} INFO - Processing file /home/airflow/.local/lib/python3.12/site-packages/airflow/example_dags/example_nested_branch_dag.py for tasks to queue
[2026-02-28T21:40:36.806+0000] {logging_mixin.py:188} INFO - [2026-02-28T21:40:36.806+0000] {dagbag.py:545} INFO - Filling up the DagBag from /home/airflow/.local/lib/python3.12/site-packages/airflow/example_dags/example_nested_branch_dag.py
[2026-02-28T21:40:36.812+0000] {processor.py:840} INFO - DAG(s) 'example_nested_branch_dag' retrieved from /home/airflow/.local/lib/python3.12/site-packages/airflow/example_dags/example_nested_branch_dag.py
[2026-02-28T21:40:36.896+0000] {logging_mixin.py:188} INFO - [2026-02-28T21:40:36.895+0000] {dag.py:3096} INFO - Sync 1 DAGs
[2026-02-28T21:40:36.915+0000] {logging_mixin.py:188} INFO - [2026-02-28T21:40:36.915+0000] {dag.py:3954} INFO - Setting next_dagrun for example_nested_branch_dag to 2026-02-27 00:00:00+00:00, run_after=2026-02-28 00:00:00+00:00
[2026-02-28T21:40:36.930+0000] {processor.py:183} INFO - Processing /home/airflow/.local/lib/python3.12/site-packages/airflow/example_dags/example_nested_branch_dag.py took 0.131 seconds
[2026-02-28T21:41:07.777+0000] {processor.py:161} INFO - Started process (PID=204) to work on /home/airflow/.local/lib/python3.12/site-packages/airflow/example_dags/example_nested_branch_dag.py
[2026-02-28T21:41:07.778+0000] {processor.py:830} INFO - Processing file /home/airflow/.local/lib/python3.12/site-packages/airflow/example_dags/example_nested_branch_dag.py for tasks to queue
[2026-02-28T21:41:07.779+0000] {logging_mixin.py:188} INFO - [2026-02-28T21:41:07.779+0000] {dagbag.py:545} INFO - Filling up the DagBag from /home/airflow/.local/lib/python3.12/site-packages/airflow/example_dags/example_nested_branch_dag.py
[2026-02-28T21:41:07.789+0000] {processor.py:840} INFO - DAG(s) 'example_nested_branch_dag' retrieved from /home/airflow/.local/lib/python3.12/site-packages/airflow/example_dags/example_nested_branch_dag.py
[2026-02-28T21:41:07.811+0000] {logging_mixin.py:188} INFO - [2026-02-28T21:41:07.810+0000] {dag.py:3096} INFO - Sync 1 DAGs
[2026-02-28T21:41:07.833+0000] {logging_mixin.py:188} INFO - [2026-02-28T21:41:07.833+0000] {dag.py:3954} INFO - Setting next_dagrun for example_nested_branch_dag to 2026-02-27 00:00:00+00:00, run_after=2026-02-28 00:00:00+00:00
[2026-02-28T21:41:07.851+0000] {processor.py:183} INFO - Processing /home/airflow/.local/lib/python3.12/site-packages/airflow/example_dags/example_nested_branch_dag.py took 0.078 seconds
[2026-02-28T21:41:38.673+0000] {processor.py:161} INFO - Started process (PID=262) to work on /home/airflow/.local/lib/python3.12/site-packages/airflow/example_dags/example_nested_branch_dag.py
[2026-02-28T21:41:38.675+0000] {processor.py:830} INFO - Processing file /home/airflow/.local/lib/python3.12/site-packages/airflow/example_dags/example_nested_branch_dag.py for tasks to queue
[2026-02-28T21:41:38.677+0000] {logging_mixin.py:188} INFO - [2026-02-28T21:41:38.677+0000] {dagbag.py:545} INFO - Filling up the DagBag from /home/airflow/.local/lib/python3.12/site-packages/airflow/example_dags/example_nested_branch_dag.py
[2026-02-28T21:41:38.687+0000] {processor.py:840} INFO - DAG(s) 'example_nested_branch_dag' retrieved from /home/airflow/.local/lib/python3.12/site-packages/airflow/example_dags/example_nested_branch_dag.py
[2026-02-28T21:41:38.711+0000] {logging_mixin.py:188} INFO - [2026-02-28T21:41:38.711+0000] {dag.py:3096} INFO - Sync 1 DAGs
[2026-02-28T21:41:38.736+0000] {logging_mixin.py:188} INFO - [2026-02-28T21:41:38.735+0000] {dag.py:3954} INFO - Setting next_dagrun for example_nested_branch_dag to 2026-02-27 00:00:00+00:00, run_after=2026-02-28 00:00:00+00:00
[2026-02-28T21:41:38.765+0000] {processor.py:183} INFO - Processing /home/airflow/.local/lib/python3.12/site-packages/airflow/example_dags/example_nested_branch_dag.py took 0.098 seconds
[2026-02-28T21:42:09.559+0000] {processor.py:161} INFO - Started process (PID=320) to work on /home/airflow/.local/lib/python3.12/site-packages/airflow/example_dags/example_nested_branch_dag.py
[2026-02-28T21:42:09.560+0000] {processor.py:830} INFO - Processing file /home/airflow/.local/lib/python3.12/site-packages/airflow/example_dags/example_nested_branch_dag.py for tasks to queue
[2026-02-28T21:42:09.561+0000] {logging_mixin.py:188} INFO - [2026-02-28T21:42:09.561+0000] {dagbag.py:545} INFO - Filling up the DagBag from /home/airflow/.local/lib/python3.12/site-packages/airflow/example_dags/example_nested_branch_dag.py
[2026-02-28T21:42:09.569+0000] {processor.py:840} INFO - DAG(s) 'example_nested_branch_dag' retrieved from /home/airflow/.local/lib/python3.12/site-packages/airflow/example_dags/example_nested_branch_dag.py
[2026-02-28T21:42:09.592+0000] {logging_mixin.py:188} INFO - [2026-02-28T21:42:09.592+0000] {dag.py:3096} INFO - Sync 1 DAGs
[2026-02-28T21:42:09.608+0000] {logging_mixin.py:188} INFO - [2026-02-28T21:42:09.608+0000] {dag.py:3954} INFO - Setting next_dagrun for example_nested_branch_dag to 2026-02-27 00:00:00+00:00, run_after=2026-02-28 00:00:00+00:00
[2026-02-28T21:42:09.629+0000] {processor.py:183} INFO - Processing /home/airflow/.local/lib/python3.12/site-packages/airflow/example_dags/example_nested_branch_dag.py took 0.074 seconds
[2026-02-28T21:42:39.735+0000] {processor.py:161} INFO - Started process (PID=379) to work on /home/airflow/.local/lib/python3.12/site-packages/airflow/example_dags/example_nested_branch_dag.py
[2026-02-28T21:42:39.737+0000] {processor.py:830} INFO - Processing file /home/airflow/.local/lib/python3.12/site-packages/airflow/example_dags/example_nested_branch_dag.py for tasks to queue
[2026-02-28T21:42:39.738+0000] {logging_mixin.py:188} INFO - [2026-02-28T21:42:39.738+0000] {dagbag.py:545} INFO - Filling up the DagBag from /home/airflow/.local/lib/python3.12/site-packages/airflow/example_dags/example_nested_branch_dag.py
[2026-02-28T21:42:39.745+0000] {processor.py:840} INFO - DAG(s) 'example_nested_branch_dag' retrieved from /home/airflow/.local/lib/python3.12/site-packages/airflow/example_dags/example_nested_branch_dag.py
[2026-02-28T21:42:39.761+0000] {logging_mixin.py:188} INFO - [2026-02-28T21:42:39.761+0000] {dag.py:3096} INFO - Sync 1 DAGs
[2026-02-28T21:42:39.774+0000] {logging_mixin.py:188} INFO - [2026-02-28T21:42:39.774+0000] {dag.py:3954} INFO - Setting next_dagrun for example_nested_branch_dag to 2026-02-27 00:00:00+00:00, run_after=2026-02-28 00:00:00+00:00
[2026-02-28T21:42:39.785+0000] {processor.py:183} INFO - Processing /home/airflow/.local/lib/python3.12/site-packages/airflow/example_dags/example_nested_branch_dag.py took 0.052 seconds
[2026-02-28T21:43:10.602+0000] {processor.py:161} INFO - Started process (PID=437) to work on /home/airflow/.local/lib/python3.12/site-packages/airflow/example_dags/example_nested_branch_dag.py
[2026-02-28T21:43:10.603+0000] {processor.py:830} INFO - Processing file /home/airflow/.local/lib/python3.12/site-packages/airflow/example_dags/example_nested_branch_dag.py for tasks to queue
[2026-02-28T21:43:10.605+0000] {logging_mixin.py:188} INFO - [2026-02-28T21:43:10.604+0000] {dagbag.py:545} INFO - Filling up the DagBag from /home/airflow/.local/lib/python3.12/site-packages/airflow/example_dags/example_nested_branch_dag.py
[2026-02-28T21:43:10.611+0000] {processor.py:840} INFO - DAG(s) 'example_nested_branch_dag' retrieved from /home/airflow/.local/lib/python3.12/site-packages/airflow/example_dags/example_nested_branch_dag.py
[2026-02-28T21:43:10.627+0000] {logging_mixin.py:188} INFO - [2026-02-28T21:43:10.627+0000] {dag.py:3096} INFO - Sync 1 DAGs
[2026-02-28T21:43:10.641+0000] {logging_mixin.py:188} INFO - [2026-02-28T21:43:10.640+0000] {dag.py:3954} INFO - Setting next_dagrun for example_nested_branch_dag to 2026-02-27 00:00:00+00:00, run_after=2026-02-28 00:00:00+00:00
[2026-02-28T21:43:10.650+0000] {processor.py:183} INFO - Processing /home/airflow/.local/lib/python3.12/site-packages/airflow/example_dags/example_nested_branch_dag.py took 0.051 seconds
[2026-02-28T21:43:40.875+0000] {processor.py:161} INFO - Started process (PID=495) to work on /home/airflow/.local/lib/python3.12/site-packages/airflow/example_dags/example_nested_branch_dag.py
[2026-02-28T21:43:40.876+0000] {processor.py:830} INFO - Processing file /home/airflow/.local/lib/python3.12/site-packages/airflow/example_dags/example_nested_branch_dag.py for tasks to queue
[2026-02-28T21:43:40.878+0000] {logging_mixin.py:188} INFO - [2026-02-28T21:43:40.878+0000] {dagbag.py:545} INFO - Filling up the DagBag from /home/airflow/.local/lib/python3.12/site-packages/airflow/example_dags/example_nested_branch_dag.py
[2026-02-28T21:43:40.887+0000] {processor.py:840} INFO - DAG(s) 'example_nested_branch_dag' retrieved from /home/airflow/.local/lib/python3.12/site-packages/airflow/example_dags/example_nested_branch_dag.py
[2026-02-28T21:43:40.903+0000] {logging_mixin.py:188} INFO - [2026-02-28T21:43:40.902+0000] {dag.py:3096} INFO - Sync 1 DAGs
[2026-02-28T21:43:40.915+0000] {logging_mixin.py:188} INFO - [2026-02-28T21:43:40.915+0000] {dag.py:3954} INFO - Setting next_dagrun for example_nested_branch_dag to 2026-02-27 00:00:00+00:00, run_after=2026-02-28 00:00:00+00:00
[2026-02-28T21:43:40.927+0000] {processor.py:183} INFO - Processing /home/airflow/.local/lib/python3.12/site-packages/airflow/example_dags/example_nested_branch_dag.py took 0.057 seconds
[2026-02-28T21:44:44.177+0000] {processor.py:161} INFO - Started process (PID=553) to work on /home/airflow/.local/lib/python3.12/site-packages/airflow/example_dags/example_nested_branch_dag.py
[2026-02-28T21:44:44.178+0000] {processor.py:830} INFO - Processing file /home/airflow/.local/lib/python3.12/site-packages/airflow/example_dags/example_nested_branch_dag.py for tasks to queue
[2026-02-28T21:44:44.179+0000] {logging_mixin.py:188} INFO - [2026-02-28T21:44:44.179+0000] {dagbag.py:545} INFO - Filling up the DagBag from /home/airflow/.local/lib/python3.12/site-packages/airflow/example_dags/example_nested_branch_dag.py
[2026-02-28T21:44:44.184+0000] {processor.py:840} INFO - DAG(s) 'example_nested_branch_dag' retrieved from /home/airflow/.local/lib/python3.12/site-packages/airflow/example_dags/example_nested_branch_dag.py
[2026-02-28T21:44:44.199+0000] {logging_mixin.py:188} INFO - [2026-02-28T21:44:44.199+0000] {dag.py:3096} INFO - Sync 1 DAGs
[2026-02-28T21:44:44.211+0000] {logging_mixin.py:188} INFO - [2026-02-28T21:44:44.211+0000] {dag.py:3954} INFO - Setting next_dagrun for example_nested_branch_dag to 2026-02-27 00:00:00+00:00, run_after=2026-02-28 00:00:00+00:00
[2026-02-28T21:44:44.222+0000] {processor.py:183} INFO - Processing /home/airflow/.local/lib/python3.12/site-packages/airflow/example_dags/example_nested_branch_dag.py took 0.048 seconds
[2026-02-28T21:45:14.447+0000] {processor.py:161} INFO - Started process (PID=611) to work on /home/airflow/.local/lib/python3.12/site-packages/airflow/example_dags/example_nested_branch_dag.py
[2026-02-28T21:45:14.449+0000] {processor.py:830} INFO - Processing file /home/airflow/.local/lib/python3.12/site-packages/airflow/example_dags/example_nested_branch_dag.py for tasks to queue
[2026-02-28T21:45:14.451+0000] {logging_mixin.py:188} INFO - [2026-02-28T21:45:14.451+0000] {dagbag.py:545} INFO - Filling up the DagBag from /home/airflow/.local/lib/python3.12/site-packages/airflow/example_dags/example_nested_branch_dag.py
[2026-02-28T21:45:14.457+0000] {processor.py:840} INFO - DAG(s) 'example_nested_branch_dag' retrieved from /home/airflow/.local/lib/python3.12/site-packages/airflow/example_dags/example_nested_branch_dag.py
[2026-02-28T21:45:14.471+0000] {logging_mixin.py:188} INFO - [2026-02-28T21:45:14.471+0000] {dag.py:3096} INFO - Sync 1 DAGs
[2026-02-28T21:45:14.484+0000] {logging_mixin.py:188} INFO - [2026-02-28T21:45:14.484+0000] {dag.py:3954} INFO - Setting next_dagrun for example_nested_branch_dag to 2026-02-27 00:00:00+00:00, run_after=2026-02-28 00:00:00+00:00
[2026-02-28T21:45:14.498+0000] {processor.py:183} INFO - Processing /home/airflow/.local/lib/python3.12/site-packages/airflow/example_dags/example_nested_branch_dag.py took 0.054 seconds
[2026-02-28T21:45:44.908+0000] {processor.py:161} INFO - Started process (PID=669) to work on /home/airflow/.local/lib/python3.12/site-packages/airflow/example_dags/example_nested_branch_dag.py
[2026-02-28T21:45:44.909+0000] {processor.py:830} INFO - Processing file /home/airflow/.local/lib/python3.12/site-packages/airflow/example_dags/example_nested_branch_dag.py for tasks to queue
[2026-02-28T21:45:44.910+0000] {logging_mixin.py:188} INFO - [2026-02-28T21:45:44.910+0000] {dagbag.py:545} INFO - Filling up the DagBag from /home/airflow/.local/lib/python3.12/site-packages/airflow/example_dags/example_nested_branch_dag.py
[2026-02-28T21:45:44.916+0000] {processor.py:840} INFO - DAG(s) 'example_nested_branch_dag' retrieved from /home/airflow/.local/lib/python3.12/site-packages/airflow/example_dags/example_nested_branch_dag.py
[2026-02-28T21:45:44.928+0000] {logging_mixin.py:188} INFO - [2026-02-28T21:45:44.928+0000] {dag.py:3096} INFO - Sync 1 DAGs
[2026-02-28T21:45:44.940+0000] {logging_mixin.py:188} INFO - [2026-02-28T21:45:44.940+0000] {dag.py:3954} INFO - Setting next_dagrun for example_nested_branch_dag to 2026-02-27 00:00:00+00:00, run_after=2026-02-28 00:00:00+00:00
[2026-02-28T21:45:44.953+0000] {processor.py:183} INFO - Processing /home/airflow/.local/lib/python3.12/site-packages/airflow/example_dags/example_nested_branch_dag.py took 0.048 seconds
[2026-02-28T21:46:15.960+0000] {processor.py:161} INFO - Started process (PID=727) to work on /home/airflow/.local/lib/python3.12/site-packages/airflow/example_dags/example_nested_branch_dag.py
[2026-02-28T21:46:15.966+0000] {processor.py:830} INFO - Processing file /home/airflow/.local/lib/python3.12/site-packages/airflow/example_dags/example_nested_branch_dag.py for tasks to queue
[2026-02-28T21:46:15.972+0000] {logging_mixin.py:188} INFO - [2026-02-28T21:46:15.971+0000] {dagbag.py:545} INFO - Filling up the DagBag from /home/airflow/.local/lib/python3.12/site-packages/airflow/example_dags/example_nested_branch_dag.py
[2026-02-28T21:46:15.982+0000] {processor.py:840} INFO - DAG(s) 'example_nested_branch_dag' retrieved from /home/airflow/.local/lib/python3.12/site-packages/airflow/example_dags/example_nested_branch_dag.py
[2026-02-28T21:46:16.018+0000] {logging_mixin.py:188} INFO - [2026-02-28T21:46:16.018+0000] {dag.py:3096} INFO - Sync 1 DAGs
[2026-02-28T21:46:16.048+0000] {logging_mixin.py:188} INFO - [2026-02-28T21:46:16.048+0000] {dag.py:3954} INFO - Setting next_dagrun for example_nested_branch_dag to 2026-02-27 00:00:00+00:00, run_after=2026-02-28 00:00:00+00:00
[2026-02-28T21:46:16.088+0000] {processor.py:183} INFO - Processing /home/airflow/.local/lib/python3.12/site-packages/airflow/example_dags/example_nested_branch_dag.py took 0.145 seconds
[2026-02-28T21:46:46.202+0000] {processor.py:161} INFO - Started process (PID=785) to work on /home/airflow/.local/lib/python3.12/site-packages/airflow/example_dags/example_nested_branch_dag.py
[2026-02-28T21:46:46.203+0000] {processor.py:830} INFO - Processing file /home/airflow/.local/lib/python3.12/site-packages/airflow/example_dags/example_nested_branch_dag.py for tasks to queue
[2026-02-28T21:46:46.206+0000] {logging_mixin.py:188} INFO - [2026-02-28T21:46:46.205+0000] {dagbag.py:545} INFO - Filling up the DagBag from /home/airflow/.local/lib/python3.12/site-packages/airflow/example_dags/example_nested_branch_dag.py
[2026-02-28T21:46:46.213+0000] {processor.py:840} INFO - DAG(s) 'example_nested_branch_dag' retrieved from /home/airflow/.local/lib/python3.12/site-packages/airflow/example_dags/example_nested_branch_dag.py
[2026-02-28T21:46:46.231+0000] {logging_mixin.py:188} INFO - [2026-02-28T21:46:46.231+0000] {dag.py:3096} INFO - Sync 1 DAGs
[2026-02-28T21:46:46.248+0000] {logging_mixin.py:188} INFO - [2026-02-28T21:46:46.248+0000] {dag.py:3954} INFO - Setting next_dagrun for example_nested_branch_dag to 2026-02-27 00:00:00+00:00, run_after=2026-02-28 00:00:00+00:00
[2026-02-28T21:46:46.265+0000] {processor.py:183} INFO - Processing /home/airflow/.local/lib/python3.12/site-packages/airflow/example_dags/example_nested_branch_dag.py took 0.067 seconds
[2026-02-28T21:47:17.072+0000] {processor.py:161} INFO - Started process (PID=842) to work on /home/airflow/.local/lib/python3.12/site-packages/airflow/example_dags/example_nested_branch_dag.py
[2026-02-28T21:47:17.073+0000] {processor.py:830} INFO - Processing file /home/airflow/.local/lib/python3.12/site-packages/airflow/example_dags/example_nested_branch_dag.py for tasks to queue
[2026-02-28T21:47:17.075+0000] {logging_mixin.py:188} INFO - [2026-02-28T21:47:17.075+0000] {dagbag.py:545} INFO - Filling up the DagBag from /home/airflow/.local/lib/python3.12/site-packages/airflow/example_dags/example_nested_branch_dag.py
[2026-02-28T21:47:17.081+0000] {processor.py:840} INFO - DAG(s) 'example_nested_branch_dag' retrieved from /home/airflow/.local/lib/python3.12/site-packages/airflow/example_dags/example_nested_branch_dag.py
[2026-02-28T21:47:17.097+0000] {logging_mixin.py:188} INFO - [2026-02-28T21:47:17.097+0000] {dag.py:3096} INFO - Sync 1 DAGs
[2026-02-28T21:47:17.112+0000] {logging_mixin.py:188} INFO - [2026-02-28T21:47:17.112+0000] {dag.py:3954} INFO - Setting next_dagrun for example_nested_branch_dag to 2026-02-27 00:00:00+00:00, run_after=2026-02-28 00:00:00+00:00
[2026-02-28T21:47:17.125+0000] {processor.py:183} INFO - Processing /home/airflow/.local/lib/python3.12/site-packages/airflow/example_dags/example_nested_branch_dag.py took 0.056 seconds
[2026-02-28T21:47:47.954+0000] {processor.py:161} INFO - Started process (PID=900) to work on /home/airflow/.local/lib/python3.12/site-packages/airflow/example_dags/example_nested_branch_dag.py
[2026-02-28T21:47:47.955+0000] {processor.py:830} INFO - Processing file /home/airflow/.local/lib/python3.12/site-packages/airflow/example_dags/example_nested_branch_dag.py for tasks to queue
[2026-02-28T21:47:47.956+0000] {logging_mixin.py:188} INFO - [2026-02-28T21:47:47.955+0000] {dagbag.py:545} INFO - Filling up the DagBag from /home/airflow/.local/lib/python3.12/site-packages/airflow/example_dags/example_nested_branch_dag.py
[2026-02-28T21:47:47.962+0000] {processor.py:840} INFO - DAG(s) 'example_nested_branch_dag' retrieved from /home/airflow/.local/lib/python3.12/site-packages/airflow/example_dags/example_nested_branch_dag.py
[2026-02-28T21:47:47.976+0000] {logging_mixin.py:188} INFO - [2026-02-28T21:47:47.976+0000] {dag.py:3096} INFO - Sync 1 DAGs
[2026-02-28T21:47:47.989+0000] {logging_mixin.py:188} INFO - [2026-02-28T21:47:47.988+0000] {dag.py:3954} INFO - Setting next_dagrun for example_nested_branch_dag to 2026-02-27 00:00:00+00:00, run_after=2026-02-28 00:00:00+00:00
[2026-02-28T21:47:48.000+0000] {processor.py:183} INFO - Processing /home/airflow/.local/lib/python3.12/site-packages/airflow/example_dags/example_nested_branch_dag.py took 0.050 seconds
[2026-02-28T21:48:19.143+0000] {processor.py:161} INFO - Started process (PID=959) to work on /home/airflow/.local/lib/python3.12/site-packages/airflow/example_dags/example_nested_branch_dag.py
[2026-02-28T21:48:19.144+0000] {processor.py:830} INFO - Processing file /home/airflow/.local/lib/python3.12/site-packages/airflow/example_dags/example_nested_branch_dag.py for tasks to queue
[2026-02-28T21:48:19.147+0000] {logging_mixin.py:188} INFO - [2026-02-28T21:48:19.147+0000] {dagbag.py:545} INFO - Filling up the DagBag from /home/airflow/.local/lib/python3.12/site-packages/airflow/example_dags/example_nested_branch_dag.py
[2026-02-28T21:48:19.152+0000] {processor.py:840} INFO - DAG(s) 'example_nested_branch_dag' retrieved from /home/airflow/.local/lib/python3.12/site-packages/airflow/example_dags/example_nested_branch_dag.py
[2026-02-28T21:48:19.166+0000] {logging_mixin.py:188} INFO - [2026-02-28T21:48:19.166+0000] {dag.py:3096} INFO - Sync 1 DAGs
[2026-02-28T21:48:19.178+0000] {logging_mixin.py:188} INFO - [2026-02-28T21:48:19.178+0000] {dag.py:3954} INFO - Setting next_dagrun for example_nested_branch_dag to 2026-02-27 00:00:00+00:00, run_after=2026-02-28 00:00:00+00:00
[2026-02-28T21:48:19.192+0000] {processor.py:183} INFO - Processing /home/airflow/.local/lib/python3.12/site-packages/airflow/example_dags/example_nested_branch_dag.py took 0.053 seconds
[2026-02-28T21:48:50.423+0000] {processor.py:161} INFO - Started process (PID=1017) to work on /home/airflow/.local/lib/python3.12/site-packages/airflow/example_dags/example_nested_branch_dag.py
[2026-02-28T21:48:50.424+0000] {processor.py:830} INFO - Processing file /home/airflow/.local/lib/python3.12/site-packages/airflow/example_dags/example_nested_branch_dag.py for tasks to queue
[2026-02-28T21:48:50.426+0000] {logging_mixin.py:188} INFO - [2026-02-28T21:48:50.426+0000] {dagbag.py:545} INFO - Filling up the DagBag from /home/airflow/.local/lib/python3.12/site-packages/airflow/example_dags/example_nested_branch_dag.py
[2026-02-28T21:48:50.440+0000] {processor.py:840} INFO - DAG(s) 'example_nested_branch_dag' retrieved from /home/airflow/.local/lib/python3.12/site-packages/airflow/example_dags/example_nested_branch_dag.py
[2026-02-28T21:48:50.471+0000] {logging_mixin.py:188} INFO - [2026-02-28T21:48:50.471+0000] {dag.py:3096} INFO - Sync 1 DAGs
[2026-02-28T21:48:50.488+0000] {logging_mixin.py:188} INFO - [2026-02-28T21:48:50.488+0000] {dag.py:3954} INFO - Setting next_dagrun for example_nested_branch_dag to 2026-02-27 00:00:00+00:00, run_after=2026-02-28 00:00:00+00:00
[2026-02-28T21:48:50.502+0000] {processor.py:183} INFO - Processing /home/airflow/.local/lib/python3.12/site-packages/airflow/example_dags/example_nested_branch_dag.py took 0.086 seconds
[2026-02-28T21:49:21.071+0000] {processor.py:161} INFO - Started process (PID=1075) to work on /home/airflow/.local/lib/python3.12/site-packages/airflow/example_dags/example_nested_branch_dag.py
[2026-02-28T21:49:21.083+0000] {processor.py:830} INFO - Processing file /home/airflow/.local/lib/python3.12/site-packages/airflow/example_dags/example_nested_branch_dag.py for tasks to queue
[2026-02-28T21:49:21.108+0000] {logging_mixin.py:188} INFO - [2026-02-28T21:49:21.104+0000] {dagbag.py:545} INFO - Filling up the DagBag from /home/airflow/.local/lib/python3.12/site-packages/airflow/example_dags/example_nested_branch_dag.py
[2026-02-28T21:49:21.142+0000] {processor.py:840} INFO - DAG(s) 'example_nested_branch_dag' retrieved from /home/airflow/.local/lib/python3.12/site-packages/airflow/example_dags/example_nested_branch_dag.py
[2026-02-28T21:49:21.218+0000] {logging_mixin.py:188} INFO - [2026-02-28T21:49:21.217+0000] {dag.py:3096} INFO - Sync 1 DAGs
[2026-02-28T21:49:21.272+0000] {logging_mixin.py:188} INFO - [2026-02-28T21:49:21.272+0000] {dag.py:3954} INFO - Setting next_dagrun for example_nested_branch_dag to 2026-02-27 00:00:00+00:00, run_after=2026-02-28 00:00:00+00:00
[2026-02-28T21:49:21.312+0000] {processor.py:183} INFO - Processing /home/airflow/.local/lib/python3.12/site-packages/airflow/example_dags/example_nested_branch_dag.py took 0.286 seconds
[2026-02-28T21:49:54.431+0000] {processor.py:161} INFO - Started process (PID=1133) to work on /home/airflow/.local/lib/python3.12/site-packages/airflow/example_dags/example_nested_branch_dag.py
[2026-02-28T21:49:54.436+0000] {processor.py:830} INFO - Processing file /home/airflow/.local/lib/python3.12/site-packages/airflow/example_dags/example_nested_branch_dag.py for tasks to queue
[2026-02-28T21:49:54.444+0000] {logging_mixin.py:188} INFO - [2026-02-28T21:49:54.443+0000] {dagbag.py:545} INFO - Filling up the DagBag from /home/airflow/.local/lib/python3.12/site-packages/airflow/example_dags/example_nested_branch_dag.py
[2026-02-28T21:49:54.461+0000] {processor.py:840} INFO - DAG(s) 'example_nested_branch_dag' retrieved from /home/airflow/.local/lib/python3.12/site-packages/airflow/example_dags/example_nested_branch_dag.py
[2026-02-28T21:49:54.517+0000] {logging_mixin.py:188} INFO - [2026-02-28T21:49:54.516+0000] {dag.py:3096} INFO - Sync 1 DAGs
[2026-02-28T21:49:54.594+0000] {logging_mixin.py:188} INFO - [2026-02-28T21:49:54.593+0000] {dag.py:3954} INFO - Setting next_dagrun for example_nested_branch_dag to 2026-02-27 00:00:00+00:00, run_after=2026-02-28 00:00:00+00:00
[2026-02-28T21:49:54.647+0000] {processor.py:183} INFO - Processing /home/airflow/.local/lib/python3.12/site-packages/airflow/example_dags/example_nested_branch_dag.py took 0.234 seconds
[2026-02-28T21:50:24.678+0000] {processor.py:161} INFO - Started process (PID=1190) to work on /home/airflow/.local/lib/python3.12/site-packages/airflow/example_dags/example_nested_branch_dag.py
[2026-02-28T21:50:24.679+0000] {processor.py:830} INFO - Processing file /home/airflow/.local/lib/python3.12/site-packages/airflow/example_dags/example_nested_branch_dag.py for tasks to queue
[2026-02-28T21:50:24.680+0000] {logging_mixin.py:188} INFO - [2026-02-28T21:50:24.680+0000] {dagbag.py:545} INFO - Filling up the DagBag from /home/airflow/.local/lib/python3.12/site-packages/airflow/example_dags/example_nested_branch_dag.py
[2026-02-28T21:50:24.686+0000] {processor.py:840} INFO - DAG(s) 'example_nested_branch_dag' retrieved from /home/airflow/.local/lib/python3.12/site-packages/airflow/example_dags/example_nested_branch_dag.py
[2026-02-28T21:50:24.698+0000] {logging_mixin.py:188} INFO - [2026-02-28T21:50:24.698+0000] {dag.py:3096} INFO - Sync 1 DAGs
[2026-02-28T21:50:24.708+0000] {logging_mixin.py:188} INFO - [2026-02-28T21:50:24.708+0000] {dag.py:3954} INFO - Setting next_dagrun for example_nested_branch_dag to 2026-02-27 00:00:00+00:00, run_after=2026-02-28 00:00:00+00:00
[2026-02-28T21:50:24.716+0000] {processor.py:183} INFO - Processing /home/airflow/.local/lib/python3.12/site-packages/airflow/example_dags/example_nested_branch_dag.py took 0.042 seconds
[2026-02-28T21:50:54.748+0000] {processor.py:161} INFO - Started process (PID=1248) to work on /home/airflow/.local/lib/python3.12/site-packages/airflow/example_dags/example_nested_branch_dag.py
[2026-02-28T21:50:54.749+0000] {processor.py:830} INFO - Processing file /home/airflow/.local/lib/python3.12/site-packages/airflow/example_dags/example_nested_branch_dag.py for tasks to queue
[2026-02-28T21:50:54.751+0000] {logging_mixin.py:188} INFO - [2026-02-28T21:50:54.750+0000] {dagbag.py:545} INFO - Filling up the DagBag from /home/airflow/.local/lib/python3.12/site-packages/airflow/example_dags/example_nested_branch_dag.py
[2026-02-28T21:50:54.757+0000] {processor.py:840} INFO - DAG(s) 'example_nested_branch_dag' retrieved from /home/airflow/.local/lib/python3.12/site-packages/airflow/example_dags/example_nested_branch_dag.py
[2026-02-28T21:50:54.774+0000] {logging_mixin.py:188} INFO - [2026-02-28T21:50:54.773+0000] {dag.py:3096} INFO - Sync 1 DAGs
[2026-02-28T21:50:54.800+0000] {logging_mixin.py:188} INFO - [2026-02-28T21:50:54.796+0000] {dag.py:3954} INFO - Setting next_dagrun for example_nested_branch_dag to 2026-02-27 00:00:00+00:00, run_after=2026-02-28 00:00:00+00:00
[2026-02-28T21:50:54.828+0000] {processor.py:183} INFO - Processing /home/airflow/.local/lib/python3.12/site-packages/airflow/example_dags/example_nested_branch_dag.py took 0.083 seconds
[2026-02-28T21:51:24.872+0000] {processor.py:161} INFO - Started process (PID=1305) to work on /home/airflow/.local/lib/python3.12/site-packages/airflow/example_dags/example_nested_branch_dag.py
[2026-02-28T21:51:24.872+0000] {processor.py:830} INFO - Processing file /home/airflow/.local/lib/python3.12/site-packages/airflow/example_dags/example_nested_branch_dag.py for tasks to queue
[2026-02-28T21:51:24.873+0000] {logging_mixin.py:188} INFO - [2026-02-28T21:51:24.873+0000] {dagbag.py:545} INFO - Filling up the DagBag from /home/airflow/.local/lib/python3.12/site-packages/airflow/example_dags/example_nested_branch_dag.py
[2026-02-28T21:51:24.878+0000] {processor.py:840} INFO - DAG(s) 'example_nested_branch_dag' retrieved from /home/airflow/.local/lib/python3.12/site-packages/airflow/example_dags/example_nested_branch_dag.py
[2026-02-28T21:51:24.888+0000] {logging_mixin.py:188} INFO - [2026-02-28T21:51:24.888+0000] {dag.py:3096} INFO - Sync 1 DAGs
[2026-02-28T21:51:24.898+0000] {logging_mixin.py:188} INFO - [2026-02-28T21:51:24.898+0000] {dag.py:3954} INFO - Setting next_dagrun for example_nested_branch_dag to 2026-02-27 00:00:00+00:00, run_after=2026-02-28 00:00:00+00:00
[2026-02-28T21:51:24.906+0000] {processor.py:183} INFO - Processing /home/airflow/.local/lib/python3.12/site-packages/airflow/example_dags/example_nested_branch_dag.py took 0.037 seconds
[2026-02-28T21:51:55.806+0000] {processor.py:161} INFO - Started process (PID=1363) to work on /home/airflow/.local/lib/python3.12/site-packages/airflow/example_dags/example_nested_branch_dag.py
[2026-02-28T21:51:55.807+0000] {processor.py:830} INFO - Processing file /home/airflow/.local/lib/python3.12/site-packages/airflow/example_dags/example_nested_branch_dag.py for tasks to queue
[2026-02-28T21:51:55.809+0000] {logging_mixin.py:188} INFO - [2026-02-28T21:51:55.809+0000] {dagbag.py:545} INFO - Filling up the DagBag from /home/airflow/.local/lib/python3.12/site-packages/airflow/example_dags/example_nested_branch_dag.py
[2026-02-28T21:51:55.816+0000] {processor.py:840} INFO - DAG(s) 'example_nested_branch_dag' retrieved from /home/airflow/.local/lib/python3.12/site-packages/airflow/example_dags/example_nested_branch_dag.py
[2026-02-28T21:51:55.835+0000] {logging_mixin.py:188} INFO - [2026-02-28T21:51:55.834+0000] {dag.py:3096} INFO - Sync 1 DAGs
[2026-02-28T21:51:55.855+0000] {logging_mixin.py:188} INFO - [2026-02-28T21:51:55.855+0000] {dag.py:3954} INFO - Setting next_dagrun for example_nested_branch_dag to 2026-02-27 00:00:00+00:00, run_after=2026-02-28 00:00:00+00:00
[2026-02-28T21:51:55.867+0000] {processor.py:183} INFO - Processing /home/airflow/.local/lib/python3.12/site-packages/airflow/example_dags/example_nested_branch_dag.py took 0.065 seconds
[2026-02-28T21:52:26.706+0000] {processor.py:161} INFO - Started process (PID=1421) to work on /home/airflow/.local/lib/python3.12/site-packages/airflow/example_dags/example_nested_branch_dag.py
[2026-02-28T21:52:26.707+0000] {processor.py:830} INFO - Processing file /home/airflow/.local/lib/python3.12/site-packages/airflow/example_dags/example_nested_branch_dag.py for tasks to queue
[2026-02-28T21:52:26.708+0000] {logging_mixin.py:188} INFO - [2026-02-28T21:52:26.708+0000] {dagbag.py:545} INFO - Filling up the DagBag from /home/airflow/.local/lib/python3.12/site-packages/airflow/example_dags/example_nested_branch_dag.py
[2026-02-28T21:52:26.713+0000] {processor.py:840} INFO - DAG(s) 'example_nested_branch_dag' retrieved from /home/airflow/.local/lib/python3.12/site-packages/airflow/example_dags/example_nested_branch_dag.py
[2026-02-28T21:52:26.723+0000] {logging_mixin.py:188} INFO - [2026-02-28T21:52:26.723+0000] {dag.py:3096} INFO - Sync 1 DAGs
[2026-02-28T21:52:26.733+0000] {logging_mixin.py:188} INFO - [2026-02-28T21:52:26.733+0000] {dag.py:3954} INFO - Setting next_dagrun for example_nested_branch_dag to 2026-02-27 00:00:00+00:00, run_after=2026-02-28 00:00:00+00:00
[2026-02-28T21:52:26.742+0000] {processor.py:183} INFO - Processing /home/airflow/.local/lib/python3.12/site-packages/airflow/example_dags/example_nested_branch_dag.py took 0.039 seconds
[2026-02-28T21:52:57.739+0000] {processor.py:161} INFO - Started process (PID=1479) to work on /home/airflow/.local/lib/python3.12/site-packages/airflow/example_dags/example_nested_branch_dag.py
[2026-02-28T21:52:57.740+0000] {processor.py:830} INFO - Processing file /home/airflow/.local/lib/python3.12/site-packages/airflow/example_dags/example_nested_branch_dag.py for tasks to queue
[2026-02-28T21:52:57.741+0000] {logging_mixin.py:188} INFO - [2026-02-28T21:52:57.741+0000] {dagbag.py:545} INFO - Filling up the DagBag from /home/airflow/.local/lib/python3.12/site-packages/airflow/example_dags/example_nested_branch_dag.py
[2026-02-28T21:52:57.748+0000] {processor.py:840} INFO - DAG(s) 'example_nested_branch_dag' retrieved from /home/airflow/.local/lib/python3.12/site-packages/airflow/example_dags/example_nested_branch_dag.py
[2026-02-28T21:52:57.760+0000] {logging_mixin.py:188} INFO - [2026-02-28T21:52:57.760+0000] {dag.py:3096} INFO - Sync 1 DAGs
[2026-02-28T21:52:57.770+0000] {logging_mixin.py:188} INFO - [2026-02-28T21:52:57.770+0000] {dag.py:3954} INFO - Setting next_dagrun for example_nested_branch_dag to 2026-02-27 00:00:00+00:00, run_after=2026-02-28 00:00:00+00:00
[2026-02-28T21:52:57.780+0000] {processor.py:183} INFO - Processing /home/airflow/.local/lib/python3.12/site-packages/airflow/example_dags/example_nested_branch_dag.py took 0.046 seconds
[2026-02-28T21:53:28.561+0000] {processor.py:161} INFO - Started process (PID=1537) to work on /home/airflow/.local/lib/python3.12/site-packages/airflow/example_dags/example_nested_branch_dag.py
[2026-02-28T21:53:28.562+0000] {processor.py:830} INFO - Processing file /home/airflow/.local/lib/python3.12/site-packages/airflow/example_dags/example_nested_branch_dag.py for tasks to queue
[2026-02-28T21:53:28.565+0000] {logging_mixin.py:188} INFO - [2026-02-28T21:53:28.565+0000] {dagbag.py:545} INFO - Filling up the DagBag from /home/airflow/.local/lib/python3.12/site-packages/airflow/example_dags/example_nested_branch_dag.py
[2026-02-28T21:53:28.574+0000] {processor.py:840} INFO - DAG(s) 'example_nested_branch_dag' retrieved from /home/airflow/.local/lib/python3.12/site-packages/airflow/example_dags/example_nested_branch_dag.py
[2026-02-28T21:53:28.590+0000] {logging_mixin.py:188} INFO - [2026-02-28T21:53:28.590+0000] {dag.py:3096} INFO - Sync 1 DAGs
[2026-02-28T21:53:28.603+0000] {logging_mixin.py:188} INFO - [2026-02-28T21:53:28.603+0000] {dag.py:3954} INFO - Setting next_dagrun for example_nested_branch_dag to 2026-02-27 00:00:00+00:00, run_after=2026-02-28 00:00:00+00:00
[2026-02-28T21:53:28.611+0000] {processor.py:183} INFO - Processing /home/airflow/.local/lib/python3.12/site-packages/airflow/example_dags/example_nested_branch_dag.py took 0.062 seconds
[2026-02-28T21:53:59.538+0000] {processor.py:161} INFO - Started process (PID=1595) to work on /home/airflow/.local/lib/python3.12/site-packages/airflow/example_dags/example_nested_branch_dag.py
[2026-02-28T21:53:59.538+0000] {processor.py:830} INFO - Processing file /home/airflow/.local/lib/python3.12/site-packages/airflow/example_dags/example_nested_branch_dag.py for tasks to queue
[2026-02-28T21:53:59.539+0000] {logging_mixin.py:188} INFO - [2026-02-28T21:53:59.539+0000] {dagbag.py:545} INFO - Filling up the DagBag from /home/airflow/.local/lib/python3.12/site-packages/airflow/example_dags/example_nested_branch_dag.py
[2026-02-28T21:53:59.545+0000] {processor.py:840} INFO - DAG(s) 'example_nested_branch_dag' retrieved from /home/airflow/.local/lib/python3.12/site-packages/airflow/example_dags/example_nested_branch_dag.py
[2026-02-28T21:53:59.557+0000] {logging_mixin.py:188} INFO - [2026-02-28T21:53:59.557+0000] {dag.py:3096} INFO - Sync 1 DAGs
[2026-02-28T21:53:59.567+0000] {logging_mixin.py:188} INFO - [2026-02-28T21:53:59.567+0000] {dag.py:3954} INFO - Setting next_dagrun for example_nested_branch_dag to 2026-02-27 00:00:00+00:00, run_after=2026-02-28 00:00:00+00:00
[2026-02-28T21:53:59.576+0000] {processor.py:183} INFO - Processing /home/airflow/.local/lib/python3.12/site-packages/airflow/example_dags/example_nested_branch_dag.py took 0.042 seconds
[2026-02-28T21:54:30.106+0000] {processor.py:161} INFO - Started process (PID=1653) to work on /home/airflow/.local/lib/python3.12/site-packages/airflow/example_dags/example_nested_branch_dag.py
[2026-02-28T21:54:30.108+0000] {processor.py:830} INFO - Processing file /home/airflow/.local/lib/python3.12/site-packages/airflow/example_dags/example_nested_branch_dag.py for tasks to queue
[2026-02-28T21:54:30.109+0000] {logging_mixin.py:188} INFO - [2026-02-28T21:54:30.109+0000] {dagbag.py:545} INFO - Filling up the DagBag from /home/airflow/.local/lib/python3.12/site-packages/airflow/example_dags/example_nested_branch_dag.py
[2026-02-28T21:54:30.114+0000] {processor.py:840} INFO - DAG(s) 'example_nested_branch_dag' retrieved from /home/airflow/.local/lib/python3.12/site-packages/airflow/example_dags/example_nested_branch_dag.py
[2026-02-28T21:54:30.125+0000] {logging_mixin.py:188} INFO - [2026-02-28T21:54:30.125+0000] {dag.py:3096} INFO - Sync 1 DAGs
[2026-02-28T21:54:30.135+0000] {logging_mixin.py:188} INFO - [2026-02-28T21:54:30.135+0000] {dag.py:3954} INFO - Setting next_dagrun for example_nested_branch_dag to 2026-02-27 00:00:00+00:00, run_after=2026-02-28 00:00:00+00:00
[2026-02-28T21:54:30.144+0000] {processor.py:183} INFO - Processing /home/airflow/.local/lib/python3.12/site-packages/airflow/example_dags/example_nested_branch_dag.py took 0.040 seconds
[2026-02-28T21:55:01.007+0000] {processor.py:161} INFO - Started process (PID=1720) to work on /home/airflow/.local/lib/python3.12/site-packages/airflow/example_dags/example_nested_branch_dag.py
[2026-02-28T21:55:01.013+0000] {processor.py:830} INFO - Processing file /home/airflow/.local/lib/python3.12/site-packages/airflow/example_dags/example_nested_branch_dag.py for tasks to queue
[2026-02-28T21:55:01.015+0000] {logging_mixin.py:188} INFO - [2026-02-28T21:55:01.015+0000] {dagbag.py:545} INFO - Filling up the DagBag from /home/airflow/.local/lib/python3.12/site-packages/airflow/example_dags/example_nested_branch_dag.py
[2026-02-28T21:55:01.025+0000] {processor.py:840} INFO - DAG(s) 'example_nested_branch_dag' retrieved from /home/airflow/.local/lib/python3.12/site-packages/airflow/example_dags/example_nested_branch_dag.py
[2026-02-28T21:55:01.047+0000] {logging_mixin.py:188} INFO - [2026-02-28T21:55:01.046+0000] {dag.py:3096} INFO - Sync 1 DAGs
[2026-02-28T21:55:01.107+0000] {logging_mixin.py:188} INFO - [2026-02-28T21:55:01.104+0000] {dag.py:3954} INFO - Setting next_dagrun for example_nested_branch_dag to 2026-02-27 00:00:00+00:00, run_after=2026-02-28 00:00:00+00:00
[2026-02-28T21:55:01.160+0000] {processor.py:183} INFO - Processing /home/airflow/.local/lib/python3.12/site-packages/airflow/example_dags/example_nested_branch_dag.py took 0.164 seconds
[2026-02-28T21:55:34.146+0000] {processor.py:161} INFO - Started process (PID=1778) to work on /home/airflow/.local/lib/python3.12/site-packages/airflow/example_dags/example_nested_branch_dag.py
[2026-02-28T21:55:34.147+0000] {processor.py:830} INFO - Processing file /home/airflow/.local/lib/python3.12/site-packages/airflow/example_dags/example_nested_branch_dag.py for tasks to queue
[2026-02-28T21:55:34.149+0000] {logging_mixin.py:188} INFO - [2026-02-28T21:55:34.149+0000] {dagbag.py:545} INFO - Filling up the DagBag from /home/airflow/.local/lib/python3.12/site-packages/airflow/example_dags/example_nested_branch_dag.py
[2026-02-28T21:55:34.157+0000] {processor.py:840} INFO - DAG(s) 'example_nested_branch_dag' retrieved from /home/airflow/.local/lib/python3.12/site-packages/airflow/example_dags/example_nested_branch_dag.py
[2026-02-28T21:55:34.186+0000] {logging_mixin.py:188} INFO - [2026-02-28T21:55:34.185+0000] {dag.py:3096} INFO - Sync 1 DAGs
[2026-02-28T21:55:34.212+0000] {logging_mixin.py:188} INFO - [2026-02-28T21:55:34.212+0000] {dag.py:3954} INFO - Setting next_dagrun for example_nested_branch_dag to 2026-02-27 00:00:00+00:00, run_after=2026-02-28 00:00:00+00:00
[2026-02-28T21:55:34.231+0000] {processor.py:183} INFO - Processing /home/airflow/.local/lib/python3.12/site-packages/airflow/example_dags/example_nested_branch_dag.py took 0.089 seconds
[2026-02-28T21:56:05.840+0000] {processor.py:161} INFO - Started process (PID=1837) to work on /home/airflow/.local/lib/python3.12/site-packages/airflow/example_dags/example_nested_branch_dag.py
[2026-02-28T21:56:05.843+0000] {processor.py:830} INFO - Processing file /home/airflow/.local/lib/python3.12/site-packages/airflow/example_dags/example_nested_branch_dag.py for tasks to queue
[2026-02-28T21:56:05.848+0000] {logging_mixin.py:188} INFO - [2026-02-28T21:56:05.847+0000] {dagbag.py:545} INFO - Filling up the DagBag from /home/airflow/.local/lib/python3.12/site-packages/airflow/example_dags/example_nested_branch_dag.py
[2026-02-28T21:56:05.882+0000] {processor.py:840} INFO - DAG(s) 'example_nested_branch_dag' retrieved from /home/airflow/.local/lib/python3.12/site-packages/airflow/example_dags/example_nested_branch_dag.py
[2026-02-28T21:56:05.933+0000] {logging_mixin.py:188} INFO - [2026-02-28T21:56:05.932+0000] {dag.py:3096} INFO - Sync 1 DAGs
[2026-02-28T21:56:05.974+0000] {logging_mixin.py:188} INFO - [2026-02-28T21:56:05.973+0000] {dag.py:3954} INFO - Setting next_dagrun for example_nested_branch_dag to 2026-02-27 00:00:00+00:00, run_after=2026-02-28 00:00:00+00:00
[2026-02-28T21:56:06.028+0000] {processor.py:183} INFO - Processing /home/airflow/.local/lib/python3.12/site-packages/airflow/example_dags/example_nested_branch_dag.py took 0.211 seconds
[2026-02-28T21:56:37.047+0000] {processor.py:161} INFO - Started process (PID=1895) to work on /home/airflow/.local/lib/python3.12/site-packages/airflow/example_dags/example_nested_branch_dag.py
[2026-02-28T21:56:37.050+0000] {processor.py:830} INFO - Processing file /home/airflow/.local/lib/python3.12/site-packages/airflow/example_dags/example_nested_branch_dag.py for tasks to queue
[2026-02-28T21:56:37.053+0000] {logging_mixin.py:188} INFO - [2026-02-28T21:56:37.053+0000] {dagbag.py:545} INFO - Filling up the DagBag from /home/airflow/.local/lib/python3.12/site-packages/airflow/example_dags/example_nested_branch_dag.py
[2026-02-28T21:56:37.065+0000] {processor.py:840} INFO - DAG(s) 'example_nested_branch_dag' retrieved from /home/airflow/.local/lib/python3.12/site-packages/airflow/example_dags/example_nested_branch_dag.py
[2026-02-28T21:56:37.087+0000] {logging_mixin.py:188} INFO - [2026-02-28T21:56:37.087+0000] {dag.py:3096} INFO - Sync 1 DAGs
[2026-02-28T21:56:37.102+0000] {logging_mixin.py:188} INFO - [2026-02-28T21:56:37.102+0000] {dag.py:3954} INFO - Setting next_dagrun for example_nested_branch_dag to 2026-02-27 00:00:00+00:00, run_after=2026-02-28 00:00:00+00:00
[2026-02-28T21:56:37.117+0000] {processor.py:183} INFO - Processing /home/airflow/.local/lib/python3.12/site-packages/airflow/example_dags/example_nested_branch_dag.py took 0.077 seconds
[2026-02-28T21:57:07.312+0000] {processor.py:161} INFO - Started process (PID=1953) to work on /home/airflow/.local/lib/python3.12/site-packages/airflow/example_dags/example_nested_branch_dag.py
[2026-02-28T21:57:07.314+0000] {processor.py:830} INFO - Processing file /home/airflow/.local/lib/python3.12/site-packages/airflow/example_dags/example_nested_branch_dag.py for tasks to queue
[2026-02-28T21:57:07.318+0000] {logging_mixin.py:188} INFO - [2026-02-28T21:57:07.317+0000] {dagbag.py:545} INFO - Filling up the DagBag from /home/airflow/.local/lib/python3.12/site-packages/airflow/example_dags/example_nested_branch_dag.py
[2026-02-28T21:57:07.333+0000] {processor.py:840} INFO - DAG(s) 'example_nested_branch_dag' retrieved from /home/airflow/.local/lib/python3.12/site-packages/airflow/example_dags/example_nested_branch_dag.py
[2026-02-28T21:57:07.362+0000] {logging_mixin.py:188} INFO - [2026-02-28T21:57:07.361+0000] {dag.py:3096} INFO - Sync 1 DAGs
[2026-02-28T21:57:07.381+0000] {logging_mixin.py:188} INFO - [2026-02-28T21:57:07.381+0000] {dag.py:3954} INFO - Setting next_dagrun for example_nested_branch_dag to 2026-02-27 00:00:00+00:00, run_after=2026-02-28 00:00:00+00:00
[2026-02-28T21:57:07.396+0000] {processor.py:183} INFO - Processing /home/airflow/.local/lib/python3.12/site-packages/airflow/example_dags/example_nested_branch_dag.py took 0.093 seconds
[2026-02-28T21:57:37.760+0000] {processor.py:161} INFO - Started process (PID=2011) to work on /home/airflow/.local/lib/python3.12/site-packages/airflow/example_dags/example_nested_branch_dag.py
[2026-02-28T21:57:37.762+0000] {processor.py:830} INFO - Processing file /home/airflow/.local/lib/python3.12/site-packages/airflow/example_dags/example_nested_branch_dag.py for tasks to queue
[2026-02-28T21:57:37.766+0000] {logging_mixin.py:188} INFO - [2026-02-28T21:57:37.765+0000] {dagbag.py:545} INFO - Filling up the DagBag from /home/airflow/.local/lib/python3.12/site-packages/airflow/example_dags/example_nested_branch_dag.py
[2026-02-28T21:57:37.791+0000] {processor.py:840} INFO - DAG(s) 'example_nested_branch_dag' retrieved from /home/airflow/.local/lib/python3.12/site-packages/airflow/example_dags/example_nested_branch_dag.py
[2026-02-28T21:57:37.836+0000] {logging_mixin.py:188} INFO - [2026-02-28T21:57:37.834+0000] {dag.py:3096} INFO - Sync 1 DAGs
[2026-02-28T21:57:37.866+0000] {logging_mixin.py:188} INFO - [2026-02-28T21:57:37.866+0000] {dag.py:3954} INFO - Setting next_dagrun for example_nested_branch_dag to 2026-02-27 00:00:00+00:00, run_after=2026-02-28 00:00:00+00:00
[2026-02-28T21:57:37.892+0000] {processor.py:183} INFO - Processing /home/airflow/.local/lib/python3.12/site-packages/airflow/example_dags/example_nested_branch_dag.py took 0.143 seconds
[2026-02-28T21:58:07.955+0000] {processor.py:161} INFO - Started process (PID=2069) to work on /home/airflow/.local/lib/python3.12/site-packages/airflow/example_dags/example_nested_branch_dag.py
[2026-02-28T21:58:07.956+0000] {processor.py:830} INFO - Processing file /home/airflow/.local/lib/python3.12/site-packages/airflow/example_dags/example_nested_branch_dag.py for tasks to queue
[2026-02-28T21:58:07.963+0000] {logging_mixin.py:188} INFO - [2026-02-28T21:58:07.963+0000] {dagbag.py:545} INFO - Filling up the DagBag from /home/airflow/.local/lib/python3.12/site-packages/airflow/example_dags/example_nested_branch_dag.py
[2026-02-28T21:58:07.974+0000] {processor.py:840} INFO - DAG(s) 'example_nested_branch_dag' retrieved from /home/airflow/.local/lib/python3.12/site-packages/airflow/example_dags/example_nested_branch_dag.py
[2026-02-28T21:58:07.995+0000] {logging_mixin.py:188} INFO - [2026-02-28T21:58:07.994+0000] {dag.py:3096} INFO - Sync 1 DAGs
[2026-02-28T21:58:08.011+0000] {logging_mixin.py:188} INFO - [2026-02-28T21:58:08.011+0000] {dag.py:3954} INFO - Setting next_dagrun for example_nested_branch_dag to 2026-02-27 00:00:00+00:00, run_after=2026-02-28 00:00:00+00:00
[2026-02-28T21:58:08.024+0000] {processor.py:183} INFO - Processing /home/airflow/.local/lib/python3.12/site-packages/airflow/example_dags/example_nested_branch_dag.py took 0.075 seconds
[2026-02-28T21:58:38.902+0000] {processor.py:161} INFO - Started process (PID=2127) to work on /home/airflow/.local/lib/python3.12/site-packages/airflow/example_dags/example_nested_branch_dag.py
[2026-02-28T21:58:38.906+0000] {processor.py:830} INFO - Processing file /home/airflow/.local/lib/python3.12/site-packages/airflow/example_dags/example_nested_branch_dag.py for tasks to queue
[2026-02-28T21:58:38.909+0000] {logging_mixin.py:188} INFO - [2026-02-28T21:58:38.909+0000] {dagbag.py:545} INFO - Filling up the DagBag from /home/airflow/.local/lib/python3.12/site-packages/airflow/example_dags/example_nested_branch_dag.py
[2026-02-28T21:58:38.924+0000] {processor.py:840} INFO - DAG(s) 'example_nested_branch_dag' retrieved from /home/airflow/.local/lib/python3.12/site-packages/airflow/example_dags/example_nested_branch_dag.py
[2026-02-28T21:58:38.947+0000] {logging_mixin.py:188} INFO - [2026-02-28T21:58:38.946+0000] {dag.py:3096} INFO - Sync 1 DAGs
[2026-02-28T21:58:38.965+0000] {logging_mixin.py:188} INFO - [2026-02-28T21:58:38.964+0000] {dag.py:3954} INFO - Setting next_dagrun for example_nested_branch_dag to 2026-02-27 00:00:00+00:00, run_after=2026-02-28 00:00:00+00:00
[2026-02-28T21:58:38.981+0000] {processor.py:183} INFO - Processing /home/airflow/.local/lib/python3.12/site-packages/airflow/example_dags/example_nested_branch_dag.py took 0.086 seconds
[2026-02-28T21:59:09.271+0000] {processor.py:161} INFO - Started process (PID=2185) to work on /home/airflow/.local/lib/python3.12/site-packages/airflow/example_dags/example_nested_branch_dag.py
[2026-02-28T21:59:09.276+0000] {processor.py:830} INFO - Processing file /home/airflow/.local/lib/python3.12/site-packages/airflow/example_dags/example_nested_branch_dag.py for tasks to queue
[2026-02-28T21:59:09.277+0000] {logging_mixin.py:188} INFO - [2026-02-28T21:59:09.277+0000] {dagbag.py:545} INFO - Filling up the DagBag from /home/airflow/.local/lib/python3.12/site-packages/airflow/example_dags/example_nested_branch_dag.py
[2026-02-28T21:59:09.289+0000] {processor.py:840} INFO - DAG(s) 'example_nested_branch_dag' retrieved from /home/airflow/.local/lib/python3.12/site-packages/airflow/example_dags/example_nested_branch_dag.py
[2026-02-28T21:59:09.303+0000] {logging_mixin.py:188} INFO - [2026-02-28T21:59:09.302+0000] {dag.py:3096} INFO - Sync 1 DAGs
[2026-02-28T21:59:09.316+0000] {logging_mixin.py:188} INFO - [2026-02-28T21:59:09.316+0000] {dag.py:3954} INFO - Setting next_dagrun for example_nested_branch_dag to 2026-02-27 00:00:00+00:00, run_after=2026-02-28 00:00:00+00:00
[2026-02-28T21:59:09.334+0000] {processor.py:183} INFO - Processing /home/airflow/.local/lib/python3.12/site-packages/airflow/example_dags/example_nested_branch_dag.py took 0.069 seconds
[2026-02-28T21:59:39.620+0000] {processor.py:161} INFO - Started process (PID=2243) to work on /home/airflow/.local/lib/python3.12/site-packages/airflow/example_dags/example_nested_branch_dag.py
[2026-02-28T21:59:39.621+0000] {processor.py:830} INFO - Processing file /home/airflow/.local/lib/python3.12/site-packages/airflow/example_dags/example_nested_branch_dag.py for tasks to queue
[2026-02-28T21:59:39.626+0000] {logging_mixin.py:188} INFO - [2026-02-28T21:59:39.626+0000] {dagbag.py:545} INFO - Filling up the DagBag from /home/airflow/.local/lib/python3.12/site-packages/airflow/example_dags/example_nested_branch_dag.py
[2026-02-28T21:59:39.639+0000] {processor.py:840} INFO - DAG(s) 'example_nested_branch_dag' retrieved from /home/airflow/.local/lib/python3.12/site-packages/airflow/example_dags/example_nested_branch_dag.py
[2026-02-28T21:59:39.659+0000] {logging_mixin.py:188} INFO - [2026-02-28T21:59:39.658+0000] {dag.py:3096} INFO - Sync 1 DAGs
[2026-02-28T21:59:39.672+0000] {logging_mixin.py:188} INFO - [2026-02-28T21:59:39.672+0000] {dag.py:3954} INFO - Setting next_dagrun for example_nested_branch_dag to 2026-02-27 00:00:00+00:00, run_after=2026-02-28 00:00:00+00:00
[2026-02-28T21:59:39.996+0000] {processor.py:183} INFO - Processing /home/airflow/.local/lib/python3.12/site-packages/airflow/example_dags/example_nested_branch_dag.py took 0.379 seconds
[2026-02-28T22:00:10.705+0000] {processor.py:161} INFO - Started process (PID=2301) to work on /home/airflow/.local/lib/python3.12/site-packages/airflow/example_dags/example_nested_branch_dag.py
[2026-02-28T22:00:10.706+0000] {processor.py:830} INFO - Processing file /home/airflow/.local/lib/python3.12/site-packages/airflow/example_dags/example_nested_branch_dag.py for tasks to queue
[2026-02-28T22:00:10.711+0000] {logging_mixin.py:188} INFO - [2026-02-28T22:00:10.710+0000] {dagbag.py:545} INFO - Filling up the DagBag from /home/airflow/.local/lib/python3.12/site-packages/airflow/example_dags/example_nested_branch_dag.py
[2026-02-28T22:00:10.720+0000] {processor.py:840} INFO - DAG(s) 'example_nested_branch_dag' retrieved from /home/airflow/.local/lib/python3.12/site-packages/airflow/example_dags/example_nested_branch_dag.py
[2026-02-28T22:00:10.760+0000] {logging_mixin.py:188} INFO - [2026-02-28T22:00:10.760+0000] {dag.py:3096} INFO - Sync 1 DAGs
[2026-02-28T22:00:10.784+0000] {logging_mixin.py:188} INFO - [2026-02-28T22:00:10.784+0000] {dag.py:3954} INFO - Setting next_dagrun for example_nested_branch_dag to 2026-02-27 00:00:00+00:00, run_after=2026-02-28 00:00:00+00:00
[2026-02-28T22:00:10.918+0000] {processor.py:183} INFO - Processing /home/airflow/.local/lib/python3.12/site-packages/airflow/example_dags/example_nested_branch_dag.py took 0.220 seconds
[2026-02-28T22:00:41.054+0000] {processor.py:161} INFO - Started process (PID=2359) to work on /home/airflow/.local/lib/python3.12/site-packages/airflow/example_dags/example_nested_branch_dag.py
[2026-02-28T22:00:41.055+0000] {processor.py:830} INFO - Processing file /home/airflow/.local/lib/python3.12/site-packages/airflow/example_dags/example_nested_branch_dag.py for tasks to queue
[2026-02-28T22:00:41.057+0000] {logging_mixin.py:188} INFO - [2026-02-28T22:00:41.056+0000] {dagbag.py:545} INFO - Filling up the DagBag from /home/airflow/.local/lib/python3.12/site-packages/airflow/example_dags/example_nested_branch_dag.py
[2026-02-28T22:00:41.065+0000] {processor.py:840} INFO - DAG(s) 'example_nested_branch_dag' retrieved from /home/airflow/.local/lib/python3.12/site-packages/airflow/example_dags/example_nested_branch_dag.py
[2026-02-28T22:00:41.097+0000] {logging_mixin.py:188} INFO - [2026-02-28T22:00:41.097+0000] {dag.py:3096} INFO - Sync 1 DAGs
[2026-02-28T22:00:41.125+0000] {logging_mixin.py:188} INFO - [2026-02-28T22:00:41.125+0000] {dag.py:3954} INFO - Setting next_dagrun for example_nested_branch_dag to 2026-02-27 00:00:00+00:00, run_after=2026-02-28 00:00:00+00:00
[2026-02-28T22:00:41.143+0000] {processor.py:183} INFO - Processing /home/airflow/.local/lib/python3.12/site-packages/airflow/example_dags/example_nested_branch_dag.py took 0.093 seconds
[2026-02-28T22:01:11.832+0000] {processor.py:161} INFO - Started process (PID=2416) to work on /home/airflow/.local/lib/python3.12/site-packages/airflow/example_dags/example_nested_branch_dag.py
[2026-02-28T22:01:11.833+0000] {processor.py:830} INFO - Processing file /home/airflow/.local/lib/python3.12/site-packages/airflow/example_dags/example_nested_branch_dag.py for tasks to queue
[2026-02-28T22:01:11.834+0000] {logging_mixin.py:188} INFO - [2026-02-28T22:01:11.834+0000] {dagbag.py:545} INFO - Filling up the DagBag from /home/airflow/.local/lib/python3.12/site-packages/airflow/example_dags/example_nested_branch_dag.py
[2026-02-28T22:01:11.841+0000] {processor.py:840} INFO - DAG(s) 'example_nested_branch_dag' retrieved from /home/airflow/.local/lib/python3.12/site-packages/airflow/example_dags/example_nested_branch_dag.py
[2026-02-28T22:01:11.859+0000] {logging_mixin.py:188} INFO - [2026-02-28T22:01:11.859+0000] {dag.py:3096} INFO - Sync 1 DAGs
[2026-02-28T22:01:11.872+0000] {logging_mixin.py:188} INFO - [2026-02-28T22:01:11.872+0000] {dag.py:3954} INFO - Setting next_dagrun for example_nested_branch_dag to 2026-02-27 00:00:00+00:00, run_after=2026-02-28 00:00:00+00:00
[2026-02-28T22:01:11.885+0000] {processor.py:183} INFO - Processing /home/airflow/.local/lib/python3.12/site-packages/airflow/example_dags/example_nested_branch_dag.py took 0.058 seconds
[2026-02-28T22:01:42.173+0000] {processor.py:161} INFO - Started process (PID=2474) to work on /home/airflow/.local/lib/python3.12/site-packages/airflow/example_dags/example_nested_branch_dag.py
[2026-02-28T22:01:42.175+0000] {processor.py:830} INFO - Processing file /home/airflow/.local/lib/python3.12/site-packages/airflow/example_dags/example_nested_branch_dag.py for tasks to queue
[2026-02-28T22:01:42.178+0000] {logging_mixin.py:188} INFO - [2026-02-28T22:01:42.177+0000] {dagbag.py:545} INFO - Filling up the DagBag from /home/airflow/.local/lib/python3.12/site-packages/airflow/example_dags/example_nested_branch_dag.py
[2026-02-28T22:01:42.189+0000] {processor.py:840} INFO - DAG(s) 'example_nested_branch_dag' retrieved from /home/airflow/.local/lib/python3.12/site-packages/airflow/example_dags/example_nested_branch_dag.py
[2026-02-28T22:01:42.206+0000] {logging_mixin.py:188} INFO - [2026-02-28T22:01:42.205+0000] {dag.py:3096} INFO - Sync 1 DAGs
[2026-02-28T22:01:42.221+0000] {logging_mixin.py:188} INFO - [2026-02-28T22:01:42.221+0000] {dag.py:3954} INFO - Setting next_dagrun for example_nested_branch_dag to 2026-02-27 00:00:00+00:00, run_after=2026-02-28 00:00:00+00:00
[2026-02-28T22:01:42.236+0000] {processor.py:183} INFO - Processing /home/airflow/.local/lib/python3.12/site-packages/airflow/example_dags/example_nested_branch_dag.py took 0.069 seconds
[2026-02-28T22:02:13.100+0000] {processor.py:161} INFO - Started process (PID=2532) to work on /home/airflow/.local/lib/python3.12/site-packages/airflow/example_dags/example_nested_branch_dag.py
[2026-02-28T22:02:13.101+0000] {processor.py:830} INFO - Processing file /home/airflow/.local/lib/python3.12/site-packages/airflow/example_dags/example_nested_branch_dag.py for tasks to queue
[2026-02-28T22:02:13.105+0000] {logging_mixin.py:188} INFO - [2026-02-28T22:02:13.105+0000] {dagbag.py:545} INFO - Filling up the DagBag from /home/airflow/.local/lib/python3.12/site-packages/airflow/example_dags/example_nested_branch_dag.py
[2026-02-28T22:02:13.112+0000] {processor.py:840} INFO - DAG(s) 'example_nested_branch_dag' retrieved from /home/airflow/.local/lib/python3.12/site-packages/airflow/example_dags/example_nested_branch_dag.py
[2026-02-28T22:02:13.135+0000] {logging_mixin.py:188} INFO - [2026-02-28T22:02:13.135+0000] {dag.py:3096} INFO - Sync 1 DAGs
[2026-02-28T22:02:13.156+0000] {logging_mixin.py:188} INFO - [2026-02-28T22:02:13.156+0000] {dag.py:3954} INFO - Setting next_dagrun for example_nested_branch_dag to 2026-02-27 00:00:00+00:00, run_after=2026-02-28 00:00:00+00:00
[2026-02-28T22:02:13.175+0000] {processor.py:183} INFO - Processing /home/airflow/.local/lib/python3.12/site-packages/airflow/example_dags/example_nested_branch_dag.py took 0.079 seconds
[2026-02-28T22:02:44.457+0000] {processor.py:161} INFO - Started process (PID=2590) to work on /home/airflow/.local/lib/python3.12/site-packages/airflow/example_dags/example_nested_branch_dag.py
[2026-02-28T22:02:44.462+0000] {processor.py:830} INFO - Processing file /home/airflow/.local/lib/python3.12/site-packages/airflow/example_dags/example_nested_branch_dag.py for tasks to queue
[2026-02-28T22:02:44.465+0000] {logging_mixin.py:188} INFO - [2026-02-28T22:02:44.465+0000] {dagbag.py:545} INFO - Filling up the DagBag from /home/airflow/.local/lib/python3.12/site-packages/airflow/example_dags/example_nested_branch_dag.py
[2026-02-28T22:02:44.472+0000] {processor.py:840} INFO - DAG(s) 'example_nested_branch_dag' retrieved from /home/airflow/.local/lib/python3.12/site-packages/airflow/example_dags/example_nested_branch_dag.py
[2026-02-28T22:02:44.495+0000] {logging_mixin.py:188} INFO - [2026-02-28T22:02:44.495+0000] {dag.py:3096} INFO - Sync 1 DAGs
[2026-02-28T22:02:44.511+0000] {logging_mixin.py:188} INFO - [2026-02-28T22:02:44.511+0000] {dag.py:3954} INFO - Setting next_dagrun for example_nested_branch_dag to 2026-02-27 00:00:00+00:00, run_after=2026-02-28 00:00:00+00:00
[2026-02-28T22:02:44.527+0000] {processor.py:183} INFO - Processing /home/airflow/.local/lib/python3.12/site-packages/airflow/example_dags/example_nested_branch_dag.py took 0.074 seconds
[2026-02-28T22:03:14.625+0000] {processor.py:161} INFO - Started process (PID=2647) to work on /home/airflow/.local/lib/python3.12/site-packages/airflow/example_dags/example_nested_branch_dag.py
[2026-02-28T22:03:14.626+0000] {processor.py:830} INFO - Processing file /home/airflow/.local/lib/python3.12/site-packages/airflow/example_dags/example_nested_branch_dag.py for tasks to queue
[2026-02-28T22:03:14.627+0000] {logging_mixin.py:188} INFO - [2026-02-28T22:03:14.627+0000] {dagbag.py:545} INFO - Filling up the DagBag from /home/airflow/.local/lib/python3.12/site-packages/airflow/example_dags/example_nested_branch_dag.py
[2026-02-28T22:03:14.633+0000] {processor.py:840} INFO - DAG(s) 'example_nested_branch_dag' retrieved from /home/airflow/.local/lib/python3.12/site-packages/airflow/example_dags/example_nested_branch_dag.py
[2026-02-28T22:03:14.649+0000] {logging_mixin.py:188} INFO - [2026-02-28T22:03:14.649+0000] {dag.py:3096} INFO - Sync 1 DAGs
[2026-02-28T22:03:14.664+0000] {logging_mixin.py:188} INFO - [2026-02-28T22:03:14.664+0000] {dag.py:3954} INFO - Setting next_dagrun for example_nested_branch_dag to 2026-02-27 00:00:00+00:00, run_after=2026-02-28 00:00:00+00:00
[2026-02-28T22:03:14.676+0000] {processor.py:183} INFO - Processing /home/airflow/.local/lib/python3.12/site-packages/airflow/example_dags/example_nested_branch_dag.py took 0.057 seconds
[2026-02-28T22:03:45.743+0000] {processor.py:161} INFO - Started process (PID=2705) to work on /home/airflow/.local/lib/python3.12/site-packages/airflow/example_dags/example_nested_branch_dag.py
[2026-02-28T22:03:45.745+0000] {processor.py:830} INFO - Processing file /home/airflow/.local/lib/python3.12/site-packages/airflow/example_dags/example_nested_branch_dag.py for tasks to queue
[2026-02-28T22:03:45.749+0000] {logging_mixin.py:188} INFO - [2026-02-28T22:03:45.749+0000] {dagbag.py:545} INFO - Filling up the DagBag from /home/airflow/.local/lib/python3.12/site-packages/airflow/example_dags/example_nested_branch_dag.py
[2026-02-28T22:03:45.759+0000] {processor.py:840} INFO - DAG(s) 'example_nested_branch_dag' retrieved from /home/airflow/.local/lib/python3.12/site-packages/airflow/example_dags/example_nested_branch_dag.py
[2026-02-28T22:03:45.791+0000] {logging_mixin.py:188} INFO - [2026-02-28T22:03:45.790+0000] {dag.py:3096} INFO - Sync 1 DAGs
[2026-02-28T22:03:45.812+0000] {logging_mixin.py:188} INFO - [2026-02-28T22:03:45.812+0000] {dag.py:3954} INFO - Setting next_dagrun for example_nested_branch_dag to 2026-02-27 00:00:00+00:00, run_after=2026-02-28 00:00:00+00:00
[2026-02-28T22:03:45.831+0000] {processor.py:183} INFO - Processing /home/airflow/.local/lib/python3.12/site-packages/airflow/example_dags/example_nested_branch_dag.py took 0.092 seconds
[2026-02-28T22:04:16.544+0000] {processor.py:161} INFO - Started process (PID=2763) to work on /home/airflow/.local/lib/python3.12/site-packages/airflow/example_dags/example_nested_branch_dag.py
[2026-02-28T22:04:16.545+0000] {processor.py:830} INFO - Processing file /home/airflow/.local/lib/python3.12/site-packages/airflow/example_dags/example_nested_branch_dag.py for tasks to queue
[2026-02-28T22:04:16.546+0000] {logging_mixin.py:188} INFO - [2026-02-28T22:04:16.546+0000] {dagbag.py:545} INFO - Filling up the DagBag from /home/airflow/.local/lib/python3.12/site-packages/airflow/example_dags/example_nested_branch_dag.py
[2026-02-28T22:04:16.553+0000] {processor.py:840} INFO - DAG(s) 'example_nested_branch_dag' retrieved from /home/airflow/.local/lib/python3.12/site-packages/airflow/example_dags/example_nested_branch_dag.py
[2026-02-28T22:04:16.568+0000] {logging_mixin.py:188} INFO - [2026-02-28T22:04:16.568+0000] {dag.py:3096} INFO - Sync 1 DAGs
[2026-02-28T22:04:16.585+0000] {logging_mixin.py:188} INFO - [2026-02-28T22:04:16.585+0000] {dag.py:3954} INFO - Setting next_dagrun for example_nested_branch_dag to 2026-02-27 00:00:00+00:00, run_after=2026-02-28 00:00:00+00:00
[2026-02-28T22:04:16.600+0000] {processor.py:183} INFO - Processing /home/airflow/.local/lib/python3.12/site-packages/airflow/example_dags/example_nested_branch_dag.py took 0.061 seconds
