[2026-02-28T21:40:02.583+0000] {processor.py:161} INFO - Started process (PID=71) to work on /home/airflow/.local/lib/python3.12/site-packages/airflow/example_dags/example_setup_teardown_taskflow.py
[2026-02-28T21:40:02.588+0000] {processor.py:830} INFO - Processing file /home/airflow/.local/lib/python3.12/site-packages/airflow/example_dags/example_setup_teardown_taskflow.py for tasks to queue
[2026-02-28T21:40:02.647+0000] {logging_mixin.py:188} INFO - [2026-02-28T21:40:02.646+0000] {dagbag.py:545} INFO - Filling up the DagBag from /home/airflow/.local/lib/python3.12/site-packages/airflow/example_dags/example_setup_teardown_taskflow.py
[2026-02-28T21:40:02.714+0000] {processor.py:840} INFO - DAG(s) 'example_setup_teardown_taskflow' retrieved from /home/airflow/.local/lib/python3.12/site-packages/airflow/example_dags/example_setup_teardown_taskflow.py
[2026-02-28T21:40:02.827+0000] {logging_mixin.py:188} INFO - [2026-02-28T21:40:02.826+0000] {dag.py:3096} INFO - Sync 1 DAGs
[2026-02-28T21:40:03.093+0000] {logging_mixin.py:188} INFO - [2026-02-28T21:40:03.092+0000] {dag.py:3954} INFO - Setting next_dagrun for example_setup_teardown_taskflow to 2026-02-27 00:00:00+00:00, run_after=2026-02-28 00:00:00+00:00
[2026-02-28T21:40:03.188+0000] {processor.py:183} INFO - Processing /home/airflow/.local/lib/python3.12/site-packages/airflow/example_dags/example_setup_teardown_taskflow.py took 0.651 seconds
[2026-02-28T21:40:33.577+0000] {processor.py:161} INFO - Started process (PID=129) to work on /home/airflow/.local/lib/python3.12/site-packages/airflow/example_dags/example_setup_teardown_taskflow.py
[2026-02-28T21:40:33.578+0000] {processor.py:830} INFO - Processing file /home/airflow/.local/lib/python3.12/site-packages/airflow/example_dags/example_setup_teardown_taskflow.py for tasks to queue
[2026-02-28T21:40:33.580+0000] {logging_mixin.py:188} INFO - [2026-02-28T21:40:33.579+0000] {dagbag.py:545} INFO - Filling up the DagBag from /home/airflow/.local/lib/python3.12/site-packages/airflow/example_dags/example_setup_teardown_taskflow.py
[2026-02-28T21:40:33.587+0000] {processor.py:840} INFO - DAG(s) 'example_setup_teardown_taskflow' retrieved from /home/airflow/.local/lib/python3.12/site-packages/airflow/example_dags/example_setup_teardown_taskflow.py
[2026-02-28T21:40:33.643+0000] {logging_mixin.py:188} INFO - [2026-02-28T21:40:33.643+0000] {dag.py:3096} INFO - Sync 1 DAGs
[2026-02-28T21:40:33.653+0000] {logging_mixin.py:188} INFO - [2026-02-28T21:40:33.653+0000] {dag.py:3954} INFO - Setting next_dagrun for example_setup_teardown_taskflow to 2026-02-27 00:00:00+00:00, run_after=2026-02-28 00:00:00+00:00
[2026-02-28T21:40:33.667+0000] {processor.py:183} INFO - Processing /home/airflow/.local/lib/python3.12/site-packages/airflow/example_dags/example_setup_teardown_taskflow.py took 0.095 seconds
[2026-02-28T21:41:04.466+0000] {processor.py:161} INFO - Started process (PID=187) to work on /home/airflow/.local/lib/python3.12/site-packages/airflow/example_dags/example_setup_teardown_taskflow.py
[2026-02-28T21:41:04.466+0000] {processor.py:830} INFO - Processing file /home/airflow/.local/lib/python3.12/site-packages/airflow/example_dags/example_setup_teardown_taskflow.py for tasks to queue
[2026-02-28T21:41:04.470+0000] {logging_mixin.py:188} INFO - [2026-02-28T21:41:04.469+0000] {dagbag.py:545} INFO - Filling up the DagBag from /home/airflow/.local/lib/python3.12/site-packages/airflow/example_dags/example_setup_teardown_taskflow.py
[2026-02-28T21:41:04.488+0000] {processor.py:840} INFO - DAG(s) 'example_setup_teardown_taskflow' retrieved from /home/airflow/.local/lib/python3.12/site-packages/airflow/example_dags/example_setup_teardown_taskflow.py
[2026-02-28T21:41:04.561+0000] {logging_mixin.py:188} INFO - [2026-02-28T21:41:04.561+0000] {dag.py:3096} INFO - Sync 1 DAGs
[2026-02-28T21:41:04.584+0000] {logging_mixin.py:188} INFO - [2026-02-28T21:41:04.584+0000] {dag.py:3954} INFO - Setting next_dagrun for example_setup_teardown_taskflow to 2026-02-27 00:00:00+00:00, run_after=2026-02-28 00:00:00+00:00
[2026-02-28T21:41:04.609+0000] {processor.py:183} INFO - Processing /home/airflow/.local/lib/python3.12/site-packages/airflow/example_dags/example_setup_teardown_taskflow.py took 0.148 seconds
[2026-02-28T21:41:35.376+0000] {processor.py:161} INFO - Started process (PID=245) to work on /home/airflow/.local/lib/python3.12/site-packages/airflow/example_dags/example_setup_teardown_taskflow.py
[2026-02-28T21:41:35.378+0000] {processor.py:830} INFO - Processing file /home/airflow/.local/lib/python3.12/site-packages/airflow/example_dags/example_setup_teardown_taskflow.py for tasks to queue
[2026-02-28T21:41:35.381+0000] {logging_mixin.py:188} INFO - [2026-02-28T21:41:35.380+0000] {dagbag.py:545} INFO - Filling up the DagBag from /home/airflow/.local/lib/python3.12/site-packages/airflow/example_dags/example_setup_teardown_taskflow.py
[2026-02-28T21:41:35.394+0000] {processor.py:840} INFO - DAG(s) 'example_setup_teardown_taskflow' retrieved from /home/airflow/.local/lib/python3.12/site-packages/airflow/example_dags/example_setup_teardown_taskflow.py
[2026-02-28T21:41:35.412+0000] {logging_mixin.py:188} INFO - [2026-02-28T21:41:35.412+0000] {dag.py:3096} INFO - Sync 1 DAGs
[2026-02-28T21:41:35.427+0000] {logging_mixin.py:188} INFO - [2026-02-28T21:41:35.427+0000] {dag.py:3954} INFO - Setting next_dagrun for example_setup_teardown_taskflow to 2026-02-27 00:00:00+00:00, run_after=2026-02-28 00:00:00+00:00
[2026-02-28T21:41:35.444+0000] {processor.py:183} INFO - Processing /home/airflow/.local/lib/python3.12/site-packages/airflow/example_dags/example_setup_teardown_taskflow.py took 0.075 seconds
[2026-02-28T21:42:05.718+0000] {processor.py:161} INFO - Started process (PID=303) to work on /home/airflow/.local/lib/python3.12/site-packages/airflow/example_dags/example_setup_teardown_taskflow.py
[2026-02-28T21:42:05.720+0000] {processor.py:830} INFO - Processing file /home/airflow/.local/lib/python3.12/site-packages/airflow/example_dags/example_setup_teardown_taskflow.py for tasks to queue
[2026-02-28T21:42:05.722+0000] {logging_mixin.py:188} INFO - [2026-02-28T21:42:05.722+0000] {dagbag.py:545} INFO - Filling up the DagBag from /home/airflow/.local/lib/python3.12/site-packages/airflow/example_dags/example_setup_teardown_taskflow.py
[2026-02-28T21:42:05.738+0000] {processor.py:840} INFO - DAG(s) 'example_setup_teardown_taskflow' retrieved from /home/airflow/.local/lib/python3.12/site-packages/airflow/example_dags/example_setup_teardown_taskflow.py
[2026-02-28T21:42:05.760+0000] {logging_mixin.py:188} INFO - [2026-02-28T21:42:05.759+0000] {dag.py:3096} INFO - Sync 1 DAGs
[2026-02-28T21:42:05.773+0000] {logging_mixin.py:188} INFO - [2026-02-28T21:42:05.773+0000] {dag.py:3954} INFO - Setting next_dagrun for example_setup_teardown_taskflow to 2026-02-27 00:00:00+00:00, run_after=2026-02-28 00:00:00+00:00
[2026-02-28T21:42:05.789+0000] {processor.py:183} INFO - Processing /home/airflow/.local/lib/python3.12/site-packages/airflow/example_dags/example_setup_teardown_taskflow.py took 0.080 seconds
[2026-02-28T21:42:36.082+0000] {processor.py:161} INFO - Started process (PID=362) to work on /home/airflow/.local/lib/python3.12/site-packages/airflow/example_dags/example_setup_teardown_taskflow.py
[2026-02-28T21:42:36.083+0000] {processor.py:830} INFO - Processing file /home/airflow/.local/lib/python3.12/site-packages/airflow/example_dags/example_setup_teardown_taskflow.py for tasks to queue
[2026-02-28T21:42:36.086+0000] {logging_mixin.py:188} INFO - [2026-02-28T21:42:36.085+0000] {dagbag.py:545} INFO - Filling up the DagBag from /home/airflow/.local/lib/python3.12/site-packages/airflow/example_dags/example_setup_teardown_taskflow.py
[2026-02-28T21:42:36.097+0000] {processor.py:840} INFO - DAG(s) 'example_setup_teardown_taskflow' retrieved from /home/airflow/.local/lib/python3.12/site-packages/airflow/example_dags/example_setup_teardown_taskflow.py
[2026-02-28T21:42:36.116+0000] {logging_mixin.py:188} INFO - [2026-02-28T21:42:36.116+0000] {dag.py:3096} INFO - Sync 1 DAGs
[2026-02-28T21:42:36.129+0000] {logging_mixin.py:188} INFO - [2026-02-28T21:42:36.129+0000] {dag.py:3954} INFO - Setting next_dagrun for example_setup_teardown_taskflow to 2026-02-27 00:00:00+00:00, run_after=2026-02-28 00:00:00+00:00
[2026-02-28T21:42:36.147+0000] {processor.py:183} INFO - Processing /home/airflow/.local/lib/python3.12/site-packages/airflow/example_dags/example_setup_teardown_taskflow.py took 0.072 seconds
[2026-02-28T21:43:06.780+0000] {processor.py:161} INFO - Started process (PID=420) to work on /home/airflow/.local/lib/python3.12/site-packages/airflow/example_dags/example_setup_teardown_taskflow.py
[2026-02-28T21:43:06.783+0000] {processor.py:830} INFO - Processing file /home/airflow/.local/lib/python3.12/site-packages/airflow/example_dags/example_setup_teardown_taskflow.py for tasks to queue
[2026-02-28T21:43:06.784+0000] {logging_mixin.py:188} INFO - [2026-02-28T21:43:06.784+0000] {dagbag.py:545} INFO - Filling up the DagBag from /home/airflow/.local/lib/python3.12/site-packages/airflow/example_dags/example_setup_teardown_taskflow.py
[2026-02-28T21:43:06.797+0000] {processor.py:840} INFO - DAG(s) 'example_setup_teardown_taskflow' retrieved from /home/airflow/.local/lib/python3.12/site-packages/airflow/example_dags/example_setup_teardown_taskflow.py
[2026-02-28T21:43:06.818+0000] {logging_mixin.py:188} INFO - [2026-02-28T21:43:06.818+0000] {dag.py:3096} INFO - Sync 1 DAGs
[2026-02-28T21:43:06.837+0000] {logging_mixin.py:188} INFO - [2026-02-28T21:43:06.837+0000] {dag.py:3954} INFO - Setting next_dagrun for example_setup_teardown_taskflow to 2026-02-27 00:00:00+00:00, run_after=2026-02-28 00:00:00+00:00
[2026-02-28T21:43:06.855+0000] {processor.py:183} INFO - Processing /home/airflow/.local/lib/python3.12/site-packages/airflow/example_dags/example_setup_teardown_taskflow.py took 0.082 seconds
[2026-02-28T21:43:37.101+0000] {processor.py:161} INFO - Started process (PID=478) to work on /home/airflow/.local/lib/python3.12/site-packages/airflow/example_dags/example_setup_teardown_taskflow.py
[2026-02-28T21:43:37.104+0000] {processor.py:830} INFO - Processing file /home/airflow/.local/lib/python3.12/site-packages/airflow/example_dags/example_setup_teardown_taskflow.py for tasks to queue
[2026-02-28T21:43:37.107+0000] {logging_mixin.py:188} INFO - [2026-02-28T21:43:37.106+0000] {dagbag.py:545} INFO - Filling up the DagBag from /home/airflow/.local/lib/python3.12/site-packages/airflow/example_dags/example_setup_teardown_taskflow.py
[2026-02-28T21:43:37.118+0000] {processor.py:840} INFO - DAG(s) 'example_setup_teardown_taskflow' retrieved from /home/airflow/.local/lib/python3.12/site-packages/airflow/example_dags/example_setup_teardown_taskflow.py
[2026-02-28T21:43:37.137+0000] {logging_mixin.py:188} INFO - [2026-02-28T21:43:37.137+0000] {dag.py:3096} INFO - Sync 1 DAGs
[2026-02-28T21:43:37.153+0000] {logging_mixin.py:188} INFO - [2026-02-28T21:43:37.153+0000] {dag.py:3954} INFO - Setting next_dagrun for example_setup_teardown_taskflow to 2026-02-27 00:00:00+00:00, run_after=2026-02-28 00:00:00+00:00
[2026-02-28T21:43:37.166+0000] {processor.py:183} INFO - Processing /home/airflow/.local/lib/python3.12/site-packages/airflow/example_dags/example_setup_teardown_taskflow.py took 0.070 seconds
[2026-02-28T21:44:43.128+0000] {processor.py:161} INFO - Started process (PID=536) to work on /home/airflow/.local/lib/python3.12/site-packages/airflow/example_dags/example_setup_teardown_taskflow.py
[2026-02-28T21:44:43.129+0000] {processor.py:830} INFO - Processing file /home/airflow/.local/lib/python3.12/site-packages/airflow/example_dags/example_setup_teardown_taskflow.py for tasks to queue
[2026-02-28T21:44:43.131+0000] {logging_mixin.py:188} INFO - [2026-02-28T21:44:43.131+0000] {dagbag.py:545} INFO - Filling up the DagBag from /home/airflow/.local/lib/python3.12/site-packages/airflow/example_dags/example_setup_teardown_taskflow.py
[2026-02-28T21:44:43.147+0000] {processor.py:840} INFO - DAG(s) 'example_setup_teardown_taskflow' retrieved from /home/airflow/.local/lib/python3.12/site-packages/airflow/example_dags/example_setup_teardown_taskflow.py
[2026-02-28T21:44:43.165+0000] {logging_mixin.py:188} INFO - [2026-02-28T21:44:43.164+0000] {dag.py:3096} INFO - Sync 1 DAGs
[2026-02-28T21:44:43.180+0000] {logging_mixin.py:188} INFO - [2026-02-28T21:44:43.180+0000] {dag.py:3954} INFO - Setting next_dagrun for example_setup_teardown_taskflow to 2026-02-27 00:00:00+00:00, run_after=2026-02-28 00:00:00+00:00
[2026-02-28T21:44:43.204+0000] {processor.py:183} INFO - Processing /home/airflow/.local/lib/python3.12/site-packages/airflow/example_dags/example_setup_teardown_taskflow.py took 0.082 seconds
[2026-02-28T21:45:13.874+0000] {processor.py:161} INFO - Started process (PID=594) to work on /home/airflow/.local/lib/python3.12/site-packages/airflow/example_dags/example_setup_teardown_taskflow.py
[2026-02-28T21:45:13.875+0000] {processor.py:830} INFO - Processing file /home/airflow/.local/lib/python3.12/site-packages/airflow/example_dags/example_setup_teardown_taskflow.py for tasks to queue
[2026-02-28T21:45:13.877+0000] {logging_mixin.py:188} INFO - [2026-02-28T21:45:13.877+0000] {dagbag.py:545} INFO - Filling up the DagBag from /home/airflow/.local/lib/python3.12/site-packages/airflow/example_dags/example_setup_teardown_taskflow.py
[2026-02-28T21:45:13.883+0000] {processor.py:840} INFO - DAG(s) 'example_setup_teardown_taskflow' retrieved from /home/airflow/.local/lib/python3.12/site-packages/airflow/example_dags/example_setup_teardown_taskflow.py
[2026-02-28T21:45:13.896+0000] {logging_mixin.py:188} INFO - [2026-02-28T21:45:13.895+0000] {dag.py:3096} INFO - Sync 1 DAGs
[2026-02-28T21:45:13.909+0000] {logging_mixin.py:188} INFO - [2026-02-28T21:45:13.909+0000] {dag.py:3954} INFO - Setting next_dagrun for example_setup_teardown_taskflow to 2026-02-27 00:00:00+00:00, run_after=2026-02-28 00:00:00+00:00
[2026-02-28T21:45:13.926+0000] {processor.py:183} INFO - Processing /home/airflow/.local/lib/python3.12/site-packages/airflow/example_dags/example_setup_teardown_taskflow.py took 0.056 seconds
[2026-02-28T21:45:44.239+0000] {processor.py:161} INFO - Started process (PID=652) to work on /home/airflow/.local/lib/python3.12/site-packages/airflow/example_dags/example_setup_teardown_taskflow.py
[2026-02-28T21:45:44.241+0000] {processor.py:830} INFO - Processing file /home/airflow/.local/lib/python3.12/site-packages/airflow/example_dags/example_setup_teardown_taskflow.py for tasks to queue
[2026-02-28T21:45:44.243+0000] {logging_mixin.py:188} INFO - [2026-02-28T21:45:44.242+0000] {dagbag.py:545} INFO - Filling up the DagBag from /home/airflow/.local/lib/python3.12/site-packages/airflow/example_dags/example_setup_teardown_taskflow.py
[2026-02-28T21:45:44.248+0000] {processor.py:840} INFO - DAG(s) 'example_setup_teardown_taskflow' retrieved from /home/airflow/.local/lib/python3.12/site-packages/airflow/example_dags/example_setup_teardown_taskflow.py
[2026-02-28T21:45:44.261+0000] {logging_mixin.py:188} INFO - [2026-02-28T21:45:44.261+0000] {dag.py:3096} INFO - Sync 1 DAGs
[2026-02-28T21:45:44.274+0000] {logging_mixin.py:188} INFO - [2026-02-28T21:45:44.274+0000] {dag.py:3954} INFO - Setting next_dagrun for example_setup_teardown_taskflow to 2026-02-27 00:00:00+00:00, run_after=2026-02-28 00:00:00+00:00
[2026-02-28T21:45:44.288+0000] {processor.py:183} INFO - Processing /home/airflow/.local/lib/python3.12/site-packages/airflow/example_dags/example_setup_teardown_taskflow.py took 0.056 seconds
[2026-02-28T21:46:14.816+0000] {processor.py:161} INFO - Started process (PID=710) to work on /home/airflow/.local/lib/python3.12/site-packages/airflow/example_dags/example_setup_teardown_taskflow.py
[2026-02-28T21:46:14.818+0000] {processor.py:830} INFO - Processing file /home/airflow/.local/lib/python3.12/site-packages/airflow/example_dags/example_setup_teardown_taskflow.py for tasks to queue
[2026-02-28T21:46:14.820+0000] {logging_mixin.py:188} INFO - [2026-02-28T21:46:14.820+0000] {dagbag.py:545} INFO - Filling up the DagBag from /home/airflow/.local/lib/python3.12/site-packages/airflow/example_dags/example_setup_teardown_taskflow.py
[2026-02-28T21:46:14.827+0000] {processor.py:840} INFO - DAG(s) 'example_setup_teardown_taskflow' retrieved from /home/airflow/.local/lib/python3.12/site-packages/airflow/example_dags/example_setup_teardown_taskflow.py
[2026-02-28T21:46:14.850+0000] {logging_mixin.py:188} INFO - [2026-02-28T21:46:14.850+0000] {dag.py:3096} INFO - Sync 1 DAGs
[2026-02-28T21:46:14.881+0000] {logging_mixin.py:188} INFO - [2026-02-28T21:46:14.881+0000] {dag.py:3954} INFO - Setting next_dagrun for example_setup_teardown_taskflow to 2026-02-27 00:00:00+00:00, run_after=2026-02-28 00:00:00+00:00
[2026-02-28T21:46:14.910+0000] {processor.py:183} INFO - Processing /home/airflow/.local/lib/python3.12/site-packages/airflow/example_dags/example_setup_teardown_taskflow.py took 0.103 seconds
[2026-02-28T21:46:45.533+0000] {processor.py:161} INFO - Started process (PID=768) to work on /home/airflow/.local/lib/python3.12/site-packages/airflow/example_dags/example_setup_teardown_taskflow.py
[2026-02-28T21:46:45.533+0000] {processor.py:830} INFO - Processing file /home/airflow/.local/lib/python3.12/site-packages/airflow/example_dags/example_setup_teardown_taskflow.py for tasks to queue
[2026-02-28T21:46:45.535+0000] {logging_mixin.py:188} INFO - [2026-02-28T21:46:45.534+0000] {dagbag.py:545} INFO - Filling up the DagBag from /home/airflow/.local/lib/python3.12/site-packages/airflow/example_dags/example_setup_teardown_taskflow.py
[2026-02-28T21:46:45.540+0000] {processor.py:840} INFO - DAG(s) 'example_setup_teardown_taskflow' retrieved from /home/airflow/.local/lib/python3.12/site-packages/airflow/example_dags/example_setup_teardown_taskflow.py
[2026-02-28T21:46:45.551+0000] {logging_mixin.py:188} INFO - [2026-02-28T21:46:45.551+0000] {dag.py:3096} INFO - Sync 1 DAGs
[2026-02-28T21:46:45.563+0000] {logging_mixin.py:188} INFO - [2026-02-28T21:46:45.563+0000] {dag.py:3954} INFO - Setting next_dagrun for example_setup_teardown_taskflow to 2026-02-27 00:00:00+00:00, run_after=2026-02-28 00:00:00+00:00
[2026-02-28T21:46:45.574+0000] {processor.py:183} INFO - Processing /home/airflow/.local/lib/python3.12/site-packages/airflow/example_dags/example_setup_teardown_taskflow.py took 0.044 seconds
[2026-02-28T21:47:16.518+0000] {processor.py:161} INFO - Started process (PID=826) to work on /home/airflow/.local/lib/python3.12/site-packages/airflow/example_dags/example_setup_teardown_taskflow.py
[2026-02-28T21:47:16.519+0000] {processor.py:830} INFO - Processing file /home/airflow/.local/lib/python3.12/site-packages/airflow/example_dags/example_setup_teardown_taskflow.py for tasks to queue
[2026-02-28T21:47:16.520+0000] {logging_mixin.py:188} INFO - [2026-02-28T21:47:16.520+0000] {dagbag.py:545} INFO - Filling up the DagBag from /home/airflow/.local/lib/python3.12/site-packages/airflow/example_dags/example_setup_teardown_taskflow.py
[2026-02-28T21:47:16.525+0000] {processor.py:840} INFO - DAG(s) 'example_setup_teardown_taskflow' retrieved from /home/airflow/.local/lib/python3.12/site-packages/airflow/example_dags/example_setup_teardown_taskflow.py
[2026-02-28T21:47:16.537+0000] {logging_mixin.py:188} INFO - [2026-02-28T21:47:16.537+0000] {dag.py:3096} INFO - Sync 1 DAGs
[2026-02-28T21:47:16.550+0000] {logging_mixin.py:188} INFO - [2026-02-28T21:47:16.550+0000] {dag.py:3954} INFO - Setting next_dagrun for example_setup_teardown_taskflow to 2026-02-27 00:00:00+00:00, run_after=2026-02-28 00:00:00+00:00
[2026-02-28T21:47:16.566+0000] {processor.py:183} INFO - Processing /home/airflow/.local/lib/python3.12/site-packages/airflow/example_dags/example_setup_teardown_taskflow.py took 0.051 seconds
[2026-02-28T21:47:47.428+0000] {processor.py:161} INFO - Started process (PID=884) to work on /home/airflow/.local/lib/python3.12/site-packages/airflow/example_dags/example_setup_teardown_taskflow.py
[2026-02-28T21:47:47.428+0000] {processor.py:830} INFO - Processing file /home/airflow/.local/lib/python3.12/site-packages/airflow/example_dags/example_setup_teardown_taskflow.py for tasks to queue
[2026-02-28T21:47:47.429+0000] {logging_mixin.py:188} INFO - [2026-02-28T21:47:47.429+0000] {dagbag.py:545} INFO - Filling up the DagBag from /home/airflow/.local/lib/python3.12/site-packages/airflow/example_dags/example_setup_teardown_taskflow.py
[2026-02-28T21:47:47.438+0000] {processor.py:840} INFO - DAG(s) 'example_setup_teardown_taskflow' retrieved from /home/airflow/.local/lib/python3.12/site-packages/airflow/example_dags/example_setup_teardown_taskflow.py
[2026-02-28T21:47:47.451+0000] {logging_mixin.py:188} INFO - [2026-02-28T21:47:47.451+0000] {dag.py:3096} INFO - Sync 1 DAGs
[2026-02-28T21:47:47.465+0000] {logging_mixin.py:188} INFO - [2026-02-28T21:47:47.465+0000] {dag.py:3954} INFO - Setting next_dagrun for example_setup_teardown_taskflow to 2026-02-27 00:00:00+00:00, run_after=2026-02-28 00:00:00+00:00
[2026-02-28T21:47:47.481+0000] {processor.py:183} INFO - Processing /home/airflow/.local/lib/python3.12/site-packages/airflow/example_dags/example_setup_teardown_taskflow.py took 0.057 seconds
[2026-02-28T21:48:18.296+0000] {processor.py:161} INFO - Started process (PID=942) to work on /home/airflow/.local/lib/python3.12/site-packages/airflow/example_dags/example_setup_teardown_taskflow.py
[2026-02-28T21:48:18.297+0000] {processor.py:830} INFO - Processing file /home/airflow/.local/lib/python3.12/site-packages/airflow/example_dags/example_setup_teardown_taskflow.py for tasks to queue
[2026-02-28T21:48:18.299+0000] {logging_mixin.py:188} INFO - [2026-02-28T21:48:18.299+0000] {dagbag.py:545} INFO - Filling up the DagBag from /home/airflow/.local/lib/python3.12/site-packages/airflow/example_dags/example_setup_teardown_taskflow.py
[2026-02-28T21:48:18.307+0000] {processor.py:840} INFO - DAG(s) 'example_setup_teardown_taskflow' retrieved from /home/airflow/.local/lib/python3.12/site-packages/airflow/example_dags/example_setup_teardown_taskflow.py
[2026-02-28T21:48:18.328+0000] {logging_mixin.py:188} INFO - [2026-02-28T21:48:18.327+0000] {dag.py:3096} INFO - Sync 1 DAGs
[2026-02-28T21:48:18.339+0000] {logging_mixin.py:188} INFO - [2026-02-28T21:48:18.338+0000] {dag.py:3954} INFO - Setting next_dagrun for example_setup_teardown_taskflow to 2026-02-27 00:00:00+00:00, run_after=2026-02-28 00:00:00+00:00
[2026-02-28T21:48:18.352+0000] {processor.py:183} INFO - Processing /home/airflow/.local/lib/python3.12/site-packages/airflow/example_dags/example_setup_teardown_taskflow.py took 0.061 seconds
[2026-02-28T21:48:49.321+0000] {processor.py:161} INFO - Started process (PID=1000) to work on /home/airflow/.local/lib/python3.12/site-packages/airflow/example_dags/example_setup_teardown_taskflow.py
[2026-02-28T21:48:49.323+0000] {processor.py:830} INFO - Processing file /home/airflow/.local/lib/python3.12/site-packages/airflow/example_dags/example_setup_teardown_taskflow.py for tasks to queue
[2026-02-28T21:48:49.326+0000] {logging_mixin.py:188} INFO - [2026-02-28T21:48:49.326+0000] {dagbag.py:545} INFO - Filling up the DagBag from /home/airflow/.local/lib/python3.12/site-packages/airflow/example_dags/example_setup_teardown_taskflow.py
[2026-02-28T21:48:49.332+0000] {processor.py:840} INFO - DAG(s) 'example_setup_teardown_taskflow' retrieved from /home/airflow/.local/lib/python3.12/site-packages/airflow/example_dags/example_setup_teardown_taskflow.py
[2026-02-28T21:48:49.355+0000] {logging_mixin.py:188} INFO - [2026-02-28T21:48:49.355+0000] {dag.py:3096} INFO - Sync 1 DAGs
[2026-02-28T21:48:49.371+0000] {logging_mixin.py:188} INFO - [2026-02-28T21:48:49.371+0000] {dag.py:3954} INFO - Setting next_dagrun for example_setup_teardown_taskflow to 2026-02-27 00:00:00+00:00, run_after=2026-02-28 00:00:00+00:00
[2026-02-28T21:48:49.386+0000] {processor.py:183} INFO - Processing /home/airflow/.local/lib/python3.12/site-packages/airflow/example_dags/example_setup_teardown_taskflow.py took 0.069 seconds
[2026-02-28T21:49:20.054+0000] {processor.py:161} INFO - Started process (PID=1058) to work on /home/airflow/.local/lib/python3.12/site-packages/airflow/example_dags/example_setup_teardown_taskflow.py
[2026-02-28T21:49:20.055+0000] {processor.py:830} INFO - Processing file /home/airflow/.local/lib/python3.12/site-packages/airflow/example_dags/example_setup_teardown_taskflow.py for tasks to queue
[2026-02-28T21:49:20.058+0000] {logging_mixin.py:188} INFO - [2026-02-28T21:49:20.057+0000] {dagbag.py:545} INFO - Filling up the DagBag from /home/airflow/.local/lib/python3.12/site-packages/airflow/example_dags/example_setup_teardown_taskflow.py
[2026-02-28T21:49:20.072+0000] {processor.py:840} INFO - DAG(s) 'example_setup_teardown_taskflow' retrieved from /home/airflow/.local/lib/python3.12/site-packages/airflow/example_dags/example_setup_teardown_taskflow.py
[2026-02-28T21:49:20.093+0000] {logging_mixin.py:188} INFO - [2026-02-28T21:49:20.093+0000] {dag.py:3096} INFO - Sync 1 DAGs
[2026-02-28T21:49:20.119+0000] {logging_mixin.py:188} INFO - [2026-02-28T21:49:20.119+0000] {dag.py:3954} INFO - Setting next_dagrun for example_setup_teardown_taskflow to 2026-02-27 00:00:00+00:00, run_after=2026-02-28 00:00:00+00:00
[2026-02-28T21:49:20.139+0000] {processor.py:183} INFO - Processing /home/airflow/.local/lib/python3.12/site-packages/airflow/example_dags/example_setup_teardown_taskflow.py took 0.091 seconds
[2026-02-28T21:49:50.579+0000] {processor.py:161} INFO - Started process (PID=1116) to work on /home/airflow/.local/lib/python3.12/site-packages/airflow/example_dags/example_setup_teardown_taskflow.py
[2026-02-28T21:49:50.581+0000] {processor.py:830} INFO - Processing file /home/airflow/.local/lib/python3.12/site-packages/airflow/example_dags/example_setup_teardown_taskflow.py for tasks to queue
[2026-02-28T21:49:50.582+0000] {logging_mixin.py:188} INFO - [2026-02-28T21:49:50.582+0000] {dagbag.py:545} INFO - Filling up the DagBag from /home/airflow/.local/lib/python3.12/site-packages/airflow/example_dags/example_setup_teardown_taskflow.py
[2026-02-28T21:49:50.599+0000] {processor.py:840} INFO - DAG(s) 'example_setup_teardown_taskflow' retrieved from /home/airflow/.local/lib/python3.12/site-packages/airflow/example_dags/example_setup_teardown_taskflow.py
[2026-02-28T21:49:50.640+0000] {logging_mixin.py:188} INFO - [2026-02-28T21:49:50.639+0000] {dag.py:3096} INFO - Sync 1 DAGs
[2026-02-28T21:49:50.764+0000] {logging_mixin.py:188} INFO - [2026-02-28T21:49:50.759+0000] {dag.py:3954} INFO - Setting next_dagrun for example_setup_teardown_taskflow to 2026-02-27 00:00:00+00:00, run_after=2026-02-28 00:00:00+00:00
[2026-02-28T21:49:50.886+0000] {processor.py:183} INFO - Processing /home/airflow/.local/lib/python3.12/site-packages/airflow/example_dags/example_setup_teardown_taskflow.py took 0.313 seconds
[2026-02-28T21:50:21.441+0000] {processor.py:161} INFO - Started process (PID=1173) to work on /home/airflow/.local/lib/python3.12/site-packages/airflow/example_dags/example_setup_teardown_taskflow.py
[2026-02-28T21:50:21.442+0000] {processor.py:830} INFO - Processing file /home/airflow/.local/lib/python3.12/site-packages/airflow/example_dags/example_setup_teardown_taskflow.py for tasks to queue
[2026-02-28T21:50:21.444+0000] {logging_mixin.py:188} INFO - [2026-02-28T21:50:21.443+0000] {dagbag.py:545} INFO - Filling up the DagBag from /home/airflow/.local/lib/python3.12/site-packages/airflow/example_dags/example_setup_teardown_taskflow.py
[2026-02-28T21:50:21.449+0000] {processor.py:840} INFO - DAG(s) 'example_setup_teardown_taskflow' retrieved from /home/airflow/.local/lib/python3.12/site-packages/airflow/example_dags/example_setup_teardown_taskflow.py
[2026-02-28T21:50:21.464+0000] {logging_mixin.py:188} INFO - [2026-02-28T21:50:21.463+0000] {dag.py:3096} INFO - Sync 1 DAGs
[2026-02-28T21:50:21.476+0000] {logging_mixin.py:188} INFO - [2026-02-28T21:50:21.476+0000] {dag.py:3954} INFO - Setting next_dagrun for example_setup_teardown_taskflow to 2026-02-27 00:00:00+00:00, run_after=2026-02-28 00:00:00+00:00
[2026-02-28T21:50:21.486+0000] {processor.py:183} INFO - Processing /home/airflow/.local/lib/python3.12/site-packages/airflow/example_dags/example_setup_teardown_taskflow.py took 0.048 seconds
[2026-02-28T21:50:52.042+0000] {processor.py:161} INFO - Started process (PID=1232) to work on /home/airflow/.local/lib/python3.12/site-packages/airflow/example_dags/example_setup_teardown_taskflow.py
[2026-02-28T21:50:52.043+0000] {processor.py:830} INFO - Processing file /home/airflow/.local/lib/python3.12/site-packages/airflow/example_dags/example_setup_teardown_taskflow.py for tasks to queue
[2026-02-28T21:50:52.046+0000] {logging_mixin.py:188} INFO - [2026-02-28T21:50:52.045+0000] {dagbag.py:545} INFO - Filling up the DagBag from /home/airflow/.local/lib/python3.12/site-packages/airflow/example_dags/example_setup_teardown_taskflow.py
[2026-02-28T21:50:52.053+0000] {processor.py:840} INFO - DAG(s) 'example_setup_teardown_taskflow' retrieved from /home/airflow/.local/lib/python3.12/site-packages/airflow/example_dags/example_setup_teardown_taskflow.py
[2026-02-28T21:50:52.074+0000] {logging_mixin.py:188} INFO - [2026-02-28T21:50:52.074+0000] {dag.py:3096} INFO - Sync 1 DAGs
[2026-02-28T21:50:52.087+0000] {logging_mixin.py:188} INFO - [2026-02-28T21:50:52.087+0000] {dag.py:3954} INFO - Setting next_dagrun for example_setup_teardown_taskflow to 2026-02-27 00:00:00+00:00, run_after=2026-02-28 00:00:00+00:00
[2026-02-28T21:50:52.105+0000] {processor.py:183} INFO - Processing /home/airflow/.local/lib/python3.12/site-packages/airflow/example_dags/example_setup_teardown_taskflow.py took 0.069 seconds
[2026-02-28T21:51:22.296+0000] {processor.py:161} INFO - Started process (PID=1290) to work on /home/airflow/.local/lib/python3.12/site-packages/airflow/example_dags/example_setup_teardown_taskflow.py
[2026-02-28T21:51:22.297+0000] {processor.py:830} INFO - Processing file /home/airflow/.local/lib/python3.12/site-packages/airflow/example_dags/example_setup_teardown_taskflow.py for tasks to queue
[2026-02-28T21:51:22.299+0000] {logging_mixin.py:188} INFO - [2026-02-28T21:51:22.299+0000] {dagbag.py:545} INFO - Filling up the DagBag from /home/airflow/.local/lib/python3.12/site-packages/airflow/example_dags/example_setup_teardown_taskflow.py
[2026-02-28T21:51:22.306+0000] {processor.py:840} INFO - DAG(s) 'example_setup_teardown_taskflow' retrieved from /home/airflow/.local/lib/python3.12/site-packages/airflow/example_dags/example_setup_teardown_taskflow.py
[2026-02-28T21:51:22.320+0000] {logging_mixin.py:188} INFO - [2026-02-28T21:51:22.320+0000] {dag.py:3096} INFO - Sync 1 DAGs
[2026-02-28T21:51:22.335+0000] {logging_mixin.py:188} INFO - [2026-02-28T21:51:22.335+0000] {dag.py:3954} INFO - Setting next_dagrun for example_setup_teardown_taskflow to 2026-02-27 00:00:00+00:00, run_after=2026-02-28 00:00:00+00:00
[2026-02-28T21:51:22.352+0000] {processor.py:183} INFO - Processing /home/airflow/.local/lib/python3.12/site-packages/airflow/example_dags/example_setup_teardown_taskflow.py took 0.059 seconds
[2026-02-28T21:51:52.930+0000] {processor.py:161} INFO - Started process (PID=1348) to work on /home/airflow/.local/lib/python3.12/site-packages/airflow/example_dags/example_setup_teardown_taskflow.py
[2026-02-28T21:51:52.932+0000] {processor.py:830} INFO - Processing file /home/airflow/.local/lib/python3.12/site-packages/airflow/example_dags/example_setup_teardown_taskflow.py for tasks to queue
[2026-02-28T21:51:52.944+0000] {logging_mixin.py:188} INFO - [2026-02-28T21:51:52.942+0000] {dagbag.py:545} INFO - Filling up the DagBag from /home/airflow/.local/lib/python3.12/site-packages/airflow/example_dags/example_setup_teardown_taskflow.py
[2026-02-28T21:51:52.961+0000] {processor.py:840} INFO - DAG(s) 'example_setup_teardown_taskflow' retrieved from /home/airflow/.local/lib/python3.12/site-packages/airflow/example_dags/example_setup_teardown_taskflow.py
[2026-02-28T21:51:53.016+0000] {logging_mixin.py:188} INFO - [2026-02-28T21:51:53.016+0000] {dag.py:3096} INFO - Sync 1 DAGs
[2026-02-28T21:51:53.047+0000] {logging_mixin.py:188} INFO - [2026-02-28T21:51:53.047+0000] {dag.py:3954} INFO - Setting next_dagrun for example_setup_teardown_taskflow to 2026-02-27 00:00:00+00:00, run_after=2026-02-28 00:00:00+00:00
[2026-02-28T21:51:53.078+0000] {processor.py:183} INFO - Processing /home/airflow/.local/lib/python3.12/site-packages/airflow/example_dags/example_setup_teardown_taskflow.py took 0.155 seconds
[2026-02-28T21:52:23.862+0000] {processor.py:161} INFO - Started process (PID=1406) to work on /home/airflow/.local/lib/python3.12/site-packages/airflow/example_dags/example_setup_teardown_taskflow.py
[2026-02-28T21:52:23.865+0000] {processor.py:830} INFO - Processing file /home/airflow/.local/lib/python3.12/site-packages/airflow/example_dags/example_setup_teardown_taskflow.py for tasks to queue
[2026-02-28T21:52:23.866+0000] {logging_mixin.py:188} INFO - [2026-02-28T21:52:23.866+0000] {dagbag.py:545} INFO - Filling up the DagBag from /home/airflow/.local/lib/python3.12/site-packages/airflow/example_dags/example_setup_teardown_taskflow.py
[2026-02-28T21:52:23.872+0000] {processor.py:840} INFO - DAG(s) 'example_setup_teardown_taskflow' retrieved from /home/airflow/.local/lib/python3.12/site-packages/airflow/example_dags/example_setup_teardown_taskflow.py
[2026-02-28T21:52:23.886+0000] {logging_mixin.py:188} INFO - [2026-02-28T21:52:23.886+0000] {dag.py:3096} INFO - Sync 1 DAGs
[2026-02-28T21:52:23.899+0000] {logging_mixin.py:188} INFO - [2026-02-28T21:52:23.899+0000] {dag.py:3954} INFO - Setting next_dagrun for example_setup_teardown_taskflow to 2026-02-27 00:00:00+00:00, run_after=2026-02-28 00:00:00+00:00
[2026-02-28T21:52:23.912+0000] {processor.py:183} INFO - Processing /home/airflow/.local/lib/python3.12/site-packages/airflow/example_dags/example_setup_teardown_taskflow.py took 0.053 seconds
[2026-02-28T21:52:54.087+0000] {processor.py:161} INFO - Started process (PID=1464) to work on /home/airflow/.local/lib/python3.12/site-packages/airflow/example_dags/example_setup_teardown_taskflow.py
[2026-02-28T21:52:54.087+0000] {processor.py:830} INFO - Processing file /home/airflow/.local/lib/python3.12/site-packages/airflow/example_dags/example_setup_teardown_taskflow.py for tasks to queue
[2026-02-28T21:52:54.089+0000] {logging_mixin.py:188} INFO - [2026-02-28T21:52:54.089+0000] {dagbag.py:545} INFO - Filling up the DagBag from /home/airflow/.local/lib/python3.12/site-packages/airflow/example_dags/example_setup_teardown_taskflow.py
[2026-02-28T21:52:54.094+0000] {processor.py:840} INFO - DAG(s) 'example_setup_teardown_taskflow' retrieved from /home/airflow/.local/lib/python3.12/site-packages/airflow/example_dags/example_setup_teardown_taskflow.py
[2026-02-28T21:52:54.108+0000] {logging_mixin.py:188} INFO - [2026-02-28T21:52:54.108+0000] {dag.py:3096} INFO - Sync 1 DAGs
[2026-02-28T21:52:54.122+0000] {logging_mixin.py:188} INFO - [2026-02-28T21:52:54.122+0000] {dag.py:3954} INFO - Setting next_dagrun for example_setup_teardown_taskflow to 2026-02-27 00:00:00+00:00, run_after=2026-02-28 00:00:00+00:00
[2026-02-28T21:52:54.134+0000] {processor.py:183} INFO - Processing /home/airflow/.local/lib/python3.12/site-packages/airflow/example_dags/example_setup_teardown_taskflow.py took 0.050 seconds
[2026-02-28T21:53:24.905+0000] {processor.py:161} INFO - Started process (PID=1522) to work on /home/airflow/.local/lib/python3.12/site-packages/airflow/example_dags/example_setup_teardown_taskflow.py
[2026-02-28T21:53:24.906+0000] {processor.py:830} INFO - Processing file /home/airflow/.local/lib/python3.12/site-packages/airflow/example_dags/example_setup_teardown_taskflow.py for tasks to queue
[2026-02-28T21:53:24.909+0000] {logging_mixin.py:188} INFO - [2026-02-28T21:53:24.909+0000] {dagbag.py:545} INFO - Filling up the DagBag from /home/airflow/.local/lib/python3.12/site-packages/airflow/example_dags/example_setup_teardown_taskflow.py
[2026-02-28T21:53:24.915+0000] {processor.py:840} INFO - DAG(s) 'example_setup_teardown_taskflow' retrieved from /home/airflow/.local/lib/python3.12/site-packages/airflow/example_dags/example_setup_teardown_taskflow.py
[2026-02-28T21:53:24.936+0000] {logging_mixin.py:188} INFO - [2026-02-28T21:53:24.936+0000] {dag.py:3096} INFO - Sync 1 DAGs
[2026-02-28T21:53:24.950+0000] {logging_mixin.py:188} INFO - [2026-02-28T21:53:24.950+0000] {dag.py:3954} INFO - Setting next_dagrun for example_setup_teardown_taskflow to 2026-02-27 00:00:00+00:00, run_after=2026-02-28 00:00:00+00:00
[2026-02-28T21:53:24.966+0000] {processor.py:183} INFO - Processing /home/airflow/.local/lib/python3.12/site-packages/airflow/example_dags/example_setup_teardown_taskflow.py took 0.065 seconds
[2026-02-28T21:53:55.811+0000] {processor.py:161} INFO - Started process (PID=1580) to work on /home/airflow/.local/lib/python3.12/site-packages/airflow/example_dags/example_setup_teardown_taskflow.py
[2026-02-28T21:53:55.812+0000] {processor.py:830} INFO - Processing file /home/airflow/.local/lib/python3.12/site-packages/airflow/example_dags/example_setup_teardown_taskflow.py for tasks to queue
[2026-02-28T21:53:55.814+0000] {logging_mixin.py:188} INFO - [2026-02-28T21:53:55.813+0000] {dagbag.py:545} INFO - Filling up the DagBag from /home/airflow/.local/lib/python3.12/site-packages/airflow/example_dags/example_setup_teardown_taskflow.py
[2026-02-28T21:53:55.819+0000] {processor.py:840} INFO - DAG(s) 'example_setup_teardown_taskflow' retrieved from /home/airflow/.local/lib/python3.12/site-packages/airflow/example_dags/example_setup_teardown_taskflow.py
[2026-02-28T21:53:55.833+0000] {logging_mixin.py:188} INFO - [2026-02-28T21:53:55.832+0000] {dag.py:3096} INFO - Sync 1 DAGs
[2026-02-28T21:53:55.845+0000] {logging_mixin.py:188} INFO - [2026-02-28T21:53:55.845+0000] {dag.py:3954} INFO - Setting next_dagrun for example_setup_teardown_taskflow to 2026-02-27 00:00:00+00:00, run_after=2026-02-28 00:00:00+00:00
[2026-02-28T21:53:55.859+0000] {processor.py:183} INFO - Processing /home/airflow/.local/lib/python3.12/site-packages/airflow/example_dags/example_setup_teardown_taskflow.py took 0.053 seconds
[2026-02-28T21:54:26.143+0000] {processor.py:161} INFO - Started process (PID=1638) to work on /home/airflow/.local/lib/python3.12/site-packages/airflow/example_dags/example_setup_teardown_taskflow.py
[2026-02-28T21:54:26.144+0000] {processor.py:830} INFO - Processing file /home/airflow/.local/lib/python3.12/site-packages/airflow/example_dags/example_setup_teardown_taskflow.py for tasks to queue
[2026-02-28T21:54:26.147+0000] {logging_mixin.py:188} INFO - [2026-02-28T21:54:26.146+0000] {dagbag.py:545} INFO - Filling up the DagBag from /home/airflow/.local/lib/python3.12/site-packages/airflow/example_dags/example_setup_teardown_taskflow.py
[2026-02-28T21:54:26.157+0000] {processor.py:840} INFO - DAG(s) 'example_setup_teardown_taskflow' retrieved from /home/airflow/.local/lib/python3.12/site-packages/airflow/example_dags/example_setup_teardown_taskflow.py
[2026-02-28T21:54:26.177+0000] {logging_mixin.py:188} INFO - [2026-02-28T21:54:26.177+0000] {dag.py:3096} INFO - Sync 1 DAGs
[2026-02-28T21:54:26.191+0000] {logging_mixin.py:188} INFO - [2026-02-28T21:54:26.191+0000] {dag.py:3954} INFO - Setting next_dagrun for example_setup_teardown_taskflow to 2026-02-27 00:00:00+00:00, run_after=2026-02-28 00:00:00+00:00
[2026-02-28T21:54:26.204+0000] {processor.py:183} INFO - Processing /home/airflow/.local/lib/python3.12/site-packages/airflow/example_dags/example_setup_teardown_taskflow.py took 0.073 seconds
[2026-02-28T21:54:56.870+0000] {processor.py:161} INFO - Started process (PID=1696) to work on /home/airflow/.local/lib/python3.12/site-packages/airflow/example_dags/example_setup_teardown_taskflow.py
[2026-02-28T21:54:56.872+0000] {processor.py:830} INFO - Processing file /home/airflow/.local/lib/python3.12/site-packages/airflow/example_dags/example_setup_teardown_taskflow.py for tasks to queue
[2026-02-28T21:54:56.877+0000] {logging_mixin.py:188} INFO - [2026-02-28T21:54:56.876+0000] {dagbag.py:545} INFO - Filling up the DagBag from /home/airflow/.local/lib/python3.12/site-packages/airflow/example_dags/example_setup_teardown_taskflow.py
[2026-02-28T21:54:56.892+0000] {processor.py:840} INFO - DAG(s) 'example_setup_teardown_taskflow' retrieved from /home/airflow/.local/lib/python3.12/site-packages/airflow/example_dags/example_setup_teardown_taskflow.py
[2026-02-28T21:54:56.924+0000] {logging_mixin.py:188} INFO - [2026-02-28T21:54:56.924+0000] {dag.py:3096} INFO - Sync 1 DAGs
[2026-02-28T21:54:56.961+0000] {logging_mixin.py:188} INFO - [2026-02-28T21:54:56.960+0000] {dag.py:3954} INFO - Setting next_dagrun for example_setup_teardown_taskflow to 2026-02-27 00:00:00+00:00, run_after=2026-02-28 00:00:00+00:00
[2026-02-28T21:54:57.003+0000] {processor.py:183} INFO - Processing /home/airflow/.local/lib/python3.12/site-packages/airflow/example_dags/example_setup_teardown_taskflow.py took 0.143 seconds
[2026-02-28T21:55:27.196+0000] {processor.py:161} INFO - Started process (PID=1756) to work on /home/airflow/.local/lib/python3.12/site-packages/airflow/example_dags/example_setup_teardown_taskflow.py
[2026-02-28T21:55:27.197+0000] {processor.py:830} INFO - Processing file /home/airflow/.local/lib/python3.12/site-packages/airflow/example_dags/example_setup_teardown_taskflow.py for tasks to queue
[2026-02-28T21:55:27.199+0000] {logging_mixin.py:188} INFO - [2026-02-28T21:55:27.199+0000] {dagbag.py:545} INFO - Filling up the DagBag from /home/airflow/.local/lib/python3.12/site-packages/airflow/example_dags/example_setup_teardown_taskflow.py
[2026-02-28T21:55:27.207+0000] {processor.py:840} INFO - DAG(s) 'example_setup_teardown_taskflow' retrieved from /home/airflow/.local/lib/python3.12/site-packages/airflow/example_dags/example_setup_teardown_taskflow.py
[2026-02-28T21:55:27.226+0000] {logging_mixin.py:188} INFO - [2026-02-28T21:55:27.226+0000] {dag.py:3096} INFO - Sync 1 DAGs
[2026-02-28T21:55:27.240+0000] {logging_mixin.py:188} INFO - [2026-02-28T21:55:27.240+0000] {dag.py:3954} INFO - Setting next_dagrun for example_setup_teardown_taskflow to 2026-02-27 00:00:00+00:00, run_after=2026-02-28 00:00:00+00:00
[2026-02-28T21:55:27.250+0000] {processor.py:183} INFO - Processing /home/airflow/.local/lib/python3.12/site-packages/airflow/example_dags/example_setup_teardown_taskflow.py took 0.057 seconds
[2026-02-28T21:55:58.124+0000] {processor.py:161} INFO - Started process (PID=1814) to work on /home/airflow/.local/lib/python3.12/site-packages/airflow/example_dags/example_setup_teardown_taskflow.py
[2026-02-28T21:55:58.127+0000] {processor.py:830} INFO - Processing file /home/airflow/.local/lib/python3.12/site-packages/airflow/example_dags/example_setup_teardown_taskflow.py for tasks to queue
[2026-02-28T21:55:58.132+0000] {logging_mixin.py:188} INFO - [2026-02-28T21:55:58.132+0000] {dagbag.py:545} INFO - Filling up the DagBag from /home/airflow/.local/lib/python3.12/site-packages/airflow/example_dags/example_setup_teardown_taskflow.py
[2026-02-28T21:55:58.144+0000] {processor.py:840} INFO - DAG(s) 'example_setup_teardown_taskflow' retrieved from /home/airflow/.local/lib/python3.12/site-packages/airflow/example_dags/example_setup_teardown_taskflow.py
[2026-02-28T21:55:58.168+0000] {logging_mixin.py:188} INFO - [2026-02-28T21:55:58.168+0000] {dag.py:3096} INFO - Sync 1 DAGs
[2026-02-28T21:55:58.181+0000] {logging_mixin.py:188} INFO - [2026-02-28T21:55:58.181+0000] {dag.py:3954} INFO - Setting next_dagrun for example_setup_teardown_taskflow to 2026-02-27 00:00:00+00:00, run_after=2026-02-28 00:00:00+00:00
[2026-02-28T21:55:58.194+0000] {processor.py:183} INFO - Processing /home/airflow/.local/lib/python3.12/site-packages/airflow/example_dags/example_setup_teardown_taskflow.py took 0.074 seconds
[2026-02-28T21:56:28.251+0000] {processor.py:161} INFO - Started process (PID=1872) to work on /home/airflow/.local/lib/python3.12/site-packages/airflow/example_dags/example_setup_teardown_taskflow.py
[2026-02-28T21:56:28.252+0000] {processor.py:830} INFO - Processing file /home/airflow/.local/lib/python3.12/site-packages/airflow/example_dags/example_setup_teardown_taskflow.py for tasks to queue
[2026-02-28T21:56:28.254+0000] {logging_mixin.py:188} INFO - [2026-02-28T21:56:28.254+0000] {dagbag.py:545} INFO - Filling up the DagBag from /home/airflow/.local/lib/python3.12/site-packages/airflow/example_dags/example_setup_teardown_taskflow.py
[2026-02-28T21:56:28.259+0000] {processor.py:840} INFO - DAG(s) 'example_setup_teardown_taskflow' retrieved from /home/airflow/.local/lib/python3.12/site-packages/airflow/example_dags/example_setup_teardown_taskflow.py
[2026-02-28T21:56:28.271+0000] {logging_mixin.py:188} INFO - [2026-02-28T21:56:28.271+0000] {dag.py:3096} INFO - Sync 1 DAGs
[2026-02-28T21:56:28.281+0000] {logging_mixin.py:188} INFO - [2026-02-28T21:56:28.281+0000] {dag.py:3954} INFO - Setting next_dagrun for example_setup_teardown_taskflow to 2026-02-27 00:00:00+00:00, run_after=2026-02-28 00:00:00+00:00
[2026-02-28T21:56:28.294+0000] {processor.py:183} INFO - Processing /home/airflow/.local/lib/python3.12/site-packages/airflow/example_dags/example_setup_teardown_taskflow.py took 0.046 seconds
[2026-02-28T21:56:58.342+0000] {processor.py:161} INFO - Started process (PID=1930) to work on /home/airflow/.local/lib/python3.12/site-packages/airflow/example_dags/example_setup_teardown_taskflow.py
[2026-02-28T21:56:58.343+0000] {processor.py:830} INFO - Processing file /home/airflow/.local/lib/python3.12/site-packages/airflow/example_dags/example_setup_teardown_taskflow.py for tasks to queue
[2026-02-28T21:56:58.346+0000] {logging_mixin.py:188} INFO - [2026-02-28T21:56:58.345+0000] {dagbag.py:545} INFO - Filling up the DagBag from /home/airflow/.local/lib/python3.12/site-packages/airflow/example_dags/example_setup_teardown_taskflow.py
[2026-02-28T21:56:58.353+0000] {processor.py:840} INFO - DAG(s) 'example_setup_teardown_taskflow' retrieved from /home/airflow/.local/lib/python3.12/site-packages/airflow/example_dags/example_setup_teardown_taskflow.py
[2026-02-28T21:56:58.369+0000] {logging_mixin.py:188} INFO - [2026-02-28T21:56:58.369+0000] {dag.py:3096} INFO - Sync 1 DAGs
[2026-02-28T21:56:58.386+0000] {logging_mixin.py:188} INFO - [2026-02-28T21:56:58.386+0000] {dag.py:3954} INFO - Setting next_dagrun for example_setup_teardown_taskflow to 2026-02-27 00:00:00+00:00, run_after=2026-02-28 00:00:00+00:00
[2026-02-28T21:56:58.414+0000] {processor.py:183} INFO - Processing /home/airflow/.local/lib/python3.12/site-packages/airflow/example_dags/example_setup_teardown_taskflow.py took 0.075 seconds
[2026-02-28T21:57:29.436+0000] {processor.py:161} INFO - Started process (PID=1988) to work on /home/airflow/.local/lib/python3.12/site-packages/airflow/example_dags/example_setup_teardown_taskflow.py
[2026-02-28T21:57:29.437+0000] {processor.py:830} INFO - Processing file /home/airflow/.local/lib/python3.12/site-packages/airflow/example_dags/example_setup_teardown_taskflow.py for tasks to queue
[2026-02-28T21:57:29.439+0000] {logging_mixin.py:188} INFO - [2026-02-28T21:57:29.439+0000] {dagbag.py:545} INFO - Filling up the DagBag from /home/airflow/.local/lib/python3.12/site-packages/airflow/example_dags/example_setup_teardown_taskflow.py
[2026-02-28T21:57:29.446+0000] {processor.py:840} INFO - DAG(s) 'example_setup_teardown_taskflow' retrieved from /home/airflow/.local/lib/python3.12/site-packages/airflow/example_dags/example_setup_teardown_taskflow.py
[2026-02-28T21:57:29.470+0000] {logging_mixin.py:188} INFO - [2026-02-28T21:57:29.469+0000] {dag.py:3096} INFO - Sync 1 DAGs
[2026-02-28T21:57:29.487+0000] {logging_mixin.py:188} INFO - [2026-02-28T21:57:29.487+0000] {dag.py:3954} INFO - Setting next_dagrun for example_setup_teardown_taskflow to 2026-02-27 00:00:00+00:00, run_after=2026-02-28 00:00:00+00:00
[2026-02-28T21:57:29.509+0000] {processor.py:183} INFO - Processing /home/airflow/.local/lib/python3.12/site-packages/airflow/example_dags/example_setup_teardown_taskflow.py took 0.083 seconds
[2026-02-28T21:57:59.791+0000] {processor.py:161} INFO - Started process (PID=2046) to work on /home/airflow/.local/lib/python3.12/site-packages/airflow/example_dags/example_setup_teardown_taskflow.py
[2026-02-28T21:57:59.794+0000] {processor.py:830} INFO - Processing file /home/airflow/.local/lib/python3.12/site-packages/airflow/example_dags/example_setup_teardown_taskflow.py for tasks to queue
[2026-02-28T21:57:59.798+0000] {logging_mixin.py:188} INFO - [2026-02-28T21:57:59.798+0000] {dagbag.py:545} INFO - Filling up the DagBag from /home/airflow/.local/lib/python3.12/site-packages/airflow/example_dags/example_setup_teardown_taskflow.py
[2026-02-28T21:57:59.811+0000] {processor.py:840} INFO - DAG(s) 'example_setup_teardown_taskflow' retrieved from /home/airflow/.local/lib/python3.12/site-packages/airflow/example_dags/example_setup_teardown_taskflow.py
[2026-02-28T21:57:59.836+0000] {logging_mixin.py:188} INFO - [2026-02-28T21:57:59.836+0000] {dag.py:3096} INFO - Sync 1 DAGs
[2026-02-28T21:57:59.871+0000] {logging_mixin.py:188} INFO - [2026-02-28T21:57:59.871+0000] {dag.py:3954} INFO - Setting next_dagrun for example_setup_teardown_taskflow to 2026-02-27 00:00:00+00:00, run_after=2026-02-28 00:00:00+00:00
[2026-02-28T21:57:59.894+0000] {processor.py:183} INFO - Processing /home/airflow/.local/lib/python3.12/site-packages/airflow/example_dags/example_setup_teardown_taskflow.py took 0.109 seconds
[2026-02-28T21:58:30.953+0000] {processor.py:161} INFO - Started process (PID=2104) to work on /home/airflow/.local/lib/python3.12/site-packages/airflow/example_dags/example_setup_teardown_taskflow.py
[2026-02-28T21:58:30.954+0000] {processor.py:830} INFO - Processing file /home/airflow/.local/lib/python3.12/site-packages/airflow/example_dags/example_setup_teardown_taskflow.py for tasks to queue
[2026-02-28T21:58:30.957+0000] {logging_mixin.py:188} INFO - [2026-02-28T21:58:30.957+0000] {dagbag.py:545} INFO - Filling up the DagBag from /home/airflow/.local/lib/python3.12/site-packages/airflow/example_dags/example_setup_teardown_taskflow.py
[2026-02-28T21:58:30.966+0000] {processor.py:840} INFO - DAG(s) 'example_setup_teardown_taskflow' retrieved from /home/airflow/.local/lib/python3.12/site-packages/airflow/example_dags/example_setup_teardown_taskflow.py
[2026-02-28T21:58:30.981+0000] {logging_mixin.py:188} INFO - [2026-02-28T21:58:30.980+0000] {dag.py:3096} INFO - Sync 1 DAGs
[2026-02-28T21:58:30.997+0000] {logging_mixin.py:188} INFO - [2026-02-28T21:58:30.997+0000] {dag.py:3954} INFO - Setting next_dagrun for example_setup_teardown_taskflow to 2026-02-27 00:00:00+00:00, run_after=2026-02-28 00:00:00+00:00
[2026-02-28T21:58:31.015+0000] {processor.py:183} INFO - Processing /home/airflow/.local/lib/python3.12/site-packages/airflow/example_dags/example_setup_teardown_taskflow.py took 0.068 seconds
[2026-02-28T21:59:01.227+0000] {processor.py:161} INFO - Started process (PID=2162) to work on /home/airflow/.local/lib/python3.12/site-packages/airflow/example_dags/example_setup_teardown_taskflow.py
[2026-02-28T21:59:01.228+0000] {processor.py:830} INFO - Processing file /home/airflow/.local/lib/python3.12/site-packages/airflow/example_dags/example_setup_teardown_taskflow.py for tasks to queue
[2026-02-28T21:59:01.230+0000] {logging_mixin.py:188} INFO - [2026-02-28T21:59:01.230+0000] {dagbag.py:545} INFO - Filling up the DagBag from /home/airflow/.local/lib/python3.12/site-packages/airflow/example_dags/example_setup_teardown_taskflow.py
[2026-02-28T21:59:01.237+0000] {processor.py:840} INFO - DAG(s) 'example_setup_teardown_taskflow' retrieved from /home/airflow/.local/lib/python3.12/site-packages/airflow/example_dags/example_setup_teardown_taskflow.py
[2026-02-28T21:59:01.255+0000] {logging_mixin.py:188} INFO - [2026-02-28T21:59:01.254+0000] {dag.py:3096} INFO - Sync 1 DAGs
[2026-02-28T21:59:01.273+0000] {logging_mixin.py:188} INFO - [2026-02-28T21:59:01.273+0000] {dag.py:3954} INFO - Setting next_dagrun for example_setup_teardown_taskflow to 2026-02-27 00:00:00+00:00, run_after=2026-02-28 00:00:00+00:00
[2026-02-28T21:59:01.295+0000] {processor.py:183} INFO - Processing /home/airflow/.local/lib/python3.12/site-packages/airflow/example_dags/example_setup_teardown_taskflow.py took 0.073 seconds
[2026-02-28T21:59:32.353+0000] {processor.py:161} INFO - Started process (PID=2220) to work on /home/airflow/.local/lib/python3.12/site-packages/airflow/example_dags/example_setup_teardown_taskflow.py
[2026-02-28T21:59:32.354+0000] {processor.py:830} INFO - Processing file /home/airflow/.local/lib/python3.12/site-packages/airflow/example_dags/example_setup_teardown_taskflow.py for tasks to queue
[2026-02-28T21:59:32.356+0000] {logging_mixin.py:188} INFO - [2026-02-28T21:59:32.356+0000] {dagbag.py:545} INFO - Filling up the DagBag from /home/airflow/.local/lib/python3.12/site-packages/airflow/example_dags/example_setup_teardown_taskflow.py
[2026-02-28T21:59:32.363+0000] {processor.py:840} INFO - DAG(s) 'example_setup_teardown_taskflow' retrieved from /home/airflow/.local/lib/python3.12/site-packages/airflow/example_dags/example_setup_teardown_taskflow.py
[2026-02-28T21:59:32.377+0000] {logging_mixin.py:188} INFO - [2026-02-28T21:59:32.377+0000] {dag.py:3096} INFO - Sync 1 DAGs
[2026-02-28T21:59:32.392+0000] {logging_mixin.py:188} INFO - [2026-02-28T21:59:32.392+0000] {dag.py:3954} INFO - Setting next_dagrun for example_setup_teardown_taskflow to 2026-02-27 00:00:00+00:00, run_after=2026-02-28 00:00:00+00:00
[2026-02-28T21:59:32.403+0000] {processor.py:183} INFO - Processing /home/airflow/.local/lib/python3.12/site-packages/airflow/example_dags/example_setup_teardown_taskflow.py took 0.054 seconds
[2026-02-28T22:00:03.266+0000] {processor.py:161} INFO - Started process (PID=2284) to work on /home/airflow/.local/lib/python3.12/site-packages/airflow/example_dags/example_setup_teardown_taskflow.py
[2026-02-28T22:00:03.267+0000] {processor.py:830} INFO - Processing file /home/airflow/.local/lib/python3.12/site-packages/airflow/example_dags/example_setup_teardown_taskflow.py for tasks to queue
[2026-02-28T22:00:03.268+0000] {logging_mixin.py:188} INFO - [2026-02-28T22:00:03.268+0000] {dagbag.py:545} INFO - Filling up the DagBag from /home/airflow/.local/lib/python3.12/site-packages/airflow/example_dags/example_setup_teardown_taskflow.py
[2026-02-28T22:00:03.279+0000] {processor.py:840} INFO - DAG(s) 'example_setup_teardown_taskflow' retrieved from /home/airflow/.local/lib/python3.12/site-packages/airflow/example_dags/example_setup_teardown_taskflow.py
[2026-02-28T22:00:03.304+0000] {logging_mixin.py:188} INFO - [2026-02-28T22:00:03.304+0000] {dag.py:3096} INFO - Sync 1 DAGs
[2026-02-28T22:00:03.336+0000] {logging_mixin.py:188} INFO - [2026-02-28T22:00:03.336+0000] {dag.py:3954} INFO - Setting next_dagrun for example_setup_teardown_taskflow to 2026-02-27 00:00:00+00:00, run_after=2026-02-28 00:00:00+00:00
[2026-02-28T22:00:03.351+0000] {processor.py:183} INFO - Processing /home/airflow/.local/lib/python3.12/site-packages/airflow/example_dags/example_setup_teardown_taskflow.py took 0.091 seconds
[2026-02-28T22:00:38.023+0000] {processor.py:161} INFO - Started process (PID=2342) to work on /home/airflow/.local/lib/python3.12/site-packages/airflow/example_dags/example_setup_teardown_taskflow.py
[2026-02-28T22:00:38.024+0000] {processor.py:830} INFO - Processing file /home/airflow/.local/lib/python3.12/site-packages/airflow/example_dags/example_setup_teardown_taskflow.py for tasks to queue
[2026-02-28T22:00:38.026+0000] {logging_mixin.py:188} INFO - [2026-02-28T22:00:38.026+0000] {dagbag.py:545} INFO - Filling up the DagBag from /home/airflow/.local/lib/python3.12/site-packages/airflow/example_dags/example_setup_teardown_taskflow.py
[2026-02-28T22:00:38.033+0000] {processor.py:840} INFO - DAG(s) 'example_setup_teardown_taskflow' retrieved from /home/airflow/.local/lib/python3.12/site-packages/airflow/example_dags/example_setup_teardown_taskflow.py
[2026-02-28T22:00:38.067+0000] {logging_mixin.py:188} INFO - [2026-02-28T22:00:38.066+0000] {dag.py:3096} INFO - Sync 1 DAGs
[2026-02-28T22:00:38.085+0000] {logging_mixin.py:188} INFO - [2026-02-28T22:00:38.085+0000] {dag.py:3954} INFO - Setting next_dagrun for example_setup_teardown_taskflow to 2026-02-27 00:00:00+00:00, run_after=2026-02-28 00:00:00+00:00
[2026-02-28T22:00:38.100+0000] {processor.py:183} INFO - Processing /home/airflow/.local/lib/python3.12/site-packages/airflow/example_dags/example_setup_teardown_taskflow.py took 0.083 seconds
[2026-02-28T22:01:08.849+0000] {processor.py:161} INFO - Started process (PID=2399) to work on /home/airflow/.local/lib/python3.12/site-packages/airflow/example_dags/example_setup_teardown_taskflow.py
[2026-02-28T22:01:08.850+0000] {processor.py:830} INFO - Processing file /home/airflow/.local/lib/python3.12/site-packages/airflow/example_dags/example_setup_teardown_taskflow.py for tasks to queue
[2026-02-28T22:01:08.852+0000] {logging_mixin.py:188} INFO - [2026-02-28T22:01:08.852+0000] {dagbag.py:545} INFO - Filling up the DagBag from /home/airflow/.local/lib/python3.12/site-packages/airflow/example_dags/example_setup_teardown_taskflow.py
[2026-02-28T22:01:08.864+0000] {processor.py:840} INFO - DAG(s) 'example_setup_teardown_taskflow' retrieved from /home/airflow/.local/lib/python3.12/site-packages/airflow/example_dags/example_setup_teardown_taskflow.py
[2026-02-28T22:01:08.892+0000] {logging_mixin.py:188} INFO - [2026-02-28T22:01:08.892+0000] {dag.py:3096} INFO - Sync 1 DAGs
[2026-02-28T22:01:08.918+0000] {logging_mixin.py:188} INFO - [2026-02-28T22:01:08.918+0000] {dag.py:3954} INFO - Setting next_dagrun for example_setup_teardown_taskflow to 2026-02-27 00:00:00+00:00, run_after=2026-02-28 00:00:00+00:00
[2026-02-28T22:01:08.938+0000] {processor.py:183} INFO - Processing /home/airflow/.local/lib/python3.12/site-packages/airflow/example_dags/example_setup_teardown_taskflow.py took 0.095 seconds
[2026-02-28T22:01:39.398+0000] {processor.py:161} INFO - Started process (PID=2457) to work on /home/airflow/.local/lib/python3.12/site-packages/airflow/example_dags/example_setup_teardown_taskflow.py
[2026-02-28T22:01:39.400+0000] {processor.py:830} INFO - Processing file /home/airflow/.local/lib/python3.12/site-packages/airflow/example_dags/example_setup_teardown_taskflow.py for tasks to queue
[2026-02-28T22:01:39.403+0000] {logging_mixin.py:188} INFO - [2026-02-28T22:01:39.402+0000] {dagbag.py:545} INFO - Filling up the DagBag from /home/airflow/.local/lib/python3.12/site-packages/airflow/example_dags/example_setup_teardown_taskflow.py
[2026-02-28T22:01:39.409+0000] {processor.py:840} INFO - DAG(s) 'example_setup_teardown_taskflow' retrieved from /home/airflow/.local/lib/python3.12/site-packages/airflow/example_dags/example_setup_teardown_taskflow.py
[2026-02-28T22:01:39.429+0000] {logging_mixin.py:188} INFO - [2026-02-28T22:01:39.428+0000] {dag.py:3096} INFO - Sync 1 DAGs
[2026-02-28T22:01:39.442+0000] {logging_mixin.py:188} INFO - [2026-02-28T22:01:39.442+0000] {dag.py:3954} INFO - Setting next_dagrun for example_setup_teardown_taskflow to 2026-02-27 00:00:00+00:00, run_after=2026-02-28 00:00:00+00:00
[2026-02-28T22:01:39.453+0000] {processor.py:183} INFO - Processing /home/airflow/.local/lib/python3.12/site-packages/airflow/example_dags/example_setup_teardown_taskflow.py took 0.061 seconds
[2026-02-28T22:02:10.148+0000] {processor.py:161} INFO - Started process (PID=2515) to work on /home/airflow/.local/lib/python3.12/site-packages/airflow/example_dags/example_setup_teardown_taskflow.py
[2026-02-28T22:02:10.151+0000] {processor.py:830} INFO - Processing file /home/airflow/.local/lib/python3.12/site-packages/airflow/example_dags/example_setup_teardown_taskflow.py for tasks to queue
[2026-02-28T22:02:10.153+0000] {logging_mixin.py:188} INFO - [2026-02-28T22:02:10.152+0000] {dagbag.py:545} INFO - Filling up the DagBag from /home/airflow/.local/lib/python3.12/site-packages/airflow/example_dags/example_setup_teardown_taskflow.py
[2026-02-28T22:02:10.162+0000] {processor.py:840} INFO - DAG(s) 'example_setup_teardown_taskflow' retrieved from /home/airflow/.local/lib/python3.12/site-packages/airflow/example_dags/example_setup_teardown_taskflow.py
[2026-02-28T22:02:10.178+0000] {logging_mixin.py:188} INFO - [2026-02-28T22:02:10.178+0000] {dag.py:3096} INFO - Sync 1 DAGs
[2026-02-28T22:02:10.192+0000] {logging_mixin.py:188} INFO - [2026-02-28T22:02:10.192+0000] {dag.py:3954} INFO - Setting next_dagrun for example_setup_teardown_taskflow to 2026-02-27 00:00:00+00:00, run_after=2026-02-28 00:00:00+00:00
[2026-02-28T22:02:10.203+0000] {processor.py:183} INFO - Processing /home/airflow/.local/lib/python3.12/site-packages/airflow/example_dags/example_setup_teardown_taskflow.py took 0.059 seconds
[2026-02-28T22:02:41.161+0000] {processor.py:161} INFO - Started process (PID=2573) to work on /home/airflow/.local/lib/python3.12/site-packages/airflow/example_dags/example_setup_teardown_taskflow.py
[2026-02-28T22:02:41.164+0000] {processor.py:830} INFO - Processing file /home/airflow/.local/lib/python3.12/site-packages/airflow/example_dags/example_setup_teardown_taskflow.py for tasks to queue
[2026-02-28T22:02:41.170+0000] {logging_mixin.py:188} INFO - [2026-02-28T22:02:41.170+0000] {dagbag.py:545} INFO - Filling up the DagBag from /home/airflow/.local/lib/python3.12/site-packages/airflow/example_dags/example_setup_teardown_taskflow.py
[2026-02-28T22:02:41.180+0000] {processor.py:840} INFO - DAG(s) 'example_setup_teardown_taskflow' retrieved from /home/airflow/.local/lib/python3.12/site-packages/airflow/example_dags/example_setup_teardown_taskflow.py
[2026-02-28T22:02:41.208+0000] {logging_mixin.py:188} INFO - [2026-02-28T22:02:41.208+0000] {dag.py:3096} INFO - Sync 1 DAGs
[2026-02-28T22:02:41.234+0000] {logging_mixin.py:188} INFO - [2026-02-28T22:02:41.233+0000] {dag.py:3954} INFO - Setting next_dagrun for example_setup_teardown_taskflow to 2026-02-27 00:00:00+00:00, run_after=2026-02-28 00:00:00+00:00
[2026-02-28T22:02:41.253+0000] {processor.py:183} INFO - Processing /home/airflow/.local/lib/python3.12/site-packages/airflow/example_dags/example_setup_teardown_taskflow.py took 0.096 seconds
[2026-02-28T22:03:11.766+0000] {processor.py:161} INFO - Started process (PID=2630) to work on /home/airflow/.local/lib/python3.12/site-packages/airflow/example_dags/example_setup_teardown_taskflow.py
[2026-02-28T22:03:11.769+0000] {processor.py:830} INFO - Processing file /home/airflow/.local/lib/python3.12/site-packages/airflow/example_dags/example_setup_teardown_taskflow.py for tasks to queue
[2026-02-28T22:03:11.771+0000] {logging_mixin.py:188} INFO - [2026-02-28T22:03:11.771+0000] {dagbag.py:545} INFO - Filling up the DagBag from /home/airflow/.local/lib/python3.12/site-packages/airflow/example_dags/example_setup_teardown_taskflow.py
[2026-02-28T22:03:11.780+0000] {processor.py:840} INFO - DAG(s) 'example_setup_teardown_taskflow' retrieved from /home/airflow/.local/lib/python3.12/site-packages/airflow/example_dags/example_setup_teardown_taskflow.py
[2026-02-28T22:03:11.796+0000] {logging_mixin.py:188} INFO - [2026-02-28T22:03:11.796+0000] {dag.py:3096} INFO - Sync 1 DAGs
[2026-02-28T22:03:11.810+0000] {logging_mixin.py:188} INFO - [2026-02-28T22:03:11.810+0000] {dag.py:3954} INFO - Setting next_dagrun for example_setup_teardown_taskflow to 2026-02-27 00:00:00+00:00, run_after=2026-02-28 00:00:00+00:00
[2026-02-28T22:03:11.820+0000] {processor.py:183} INFO - Processing /home/airflow/.local/lib/python3.12/site-packages/airflow/example_dags/example_setup_teardown_taskflow.py took 0.059 seconds
[2026-02-28T22:03:41.994+0000] {processor.py:161} INFO - Started process (PID=2688) to work on /home/airflow/.local/lib/python3.12/site-packages/airflow/example_dags/example_setup_teardown_taskflow.py
[2026-02-28T22:03:41.996+0000] {processor.py:830} INFO - Processing file /home/airflow/.local/lib/python3.12/site-packages/airflow/example_dags/example_setup_teardown_taskflow.py for tasks to queue
[2026-02-28T22:03:41.998+0000] {logging_mixin.py:188} INFO - [2026-02-28T22:03:41.998+0000] {dagbag.py:545} INFO - Filling up the DagBag from /home/airflow/.local/lib/python3.12/site-packages/airflow/example_dags/example_setup_teardown_taskflow.py
[2026-02-28T22:03:42.008+0000] {processor.py:840} INFO - DAG(s) 'example_setup_teardown_taskflow' retrieved from /home/airflow/.local/lib/python3.12/site-packages/airflow/example_dags/example_setup_teardown_taskflow.py
[2026-02-28T22:03:42.025+0000] {logging_mixin.py:188} INFO - [2026-02-28T22:03:42.025+0000] {dag.py:3096} INFO - Sync 1 DAGs
[2026-02-28T22:03:42.039+0000] {logging_mixin.py:188} INFO - [2026-02-28T22:03:42.039+0000] {dag.py:3954} INFO - Setting next_dagrun for example_setup_teardown_taskflow to 2026-02-27 00:00:00+00:00, run_after=2026-02-28 00:00:00+00:00
[2026-02-28T22:03:42.053+0000] {processor.py:183} INFO - Processing /home/airflow/.local/lib/python3.12/site-packages/airflow/example_dags/example_setup_teardown_taskflow.py took 0.065 seconds
[2026-02-28T22:04:13.144+0000] {processor.py:161} INFO - Started process (PID=2746) to work on /home/airflow/.local/lib/python3.12/site-packages/airflow/example_dags/example_setup_teardown_taskflow.py
[2026-02-28T22:04:13.154+0000] {processor.py:830} INFO - Processing file /home/airflow/.local/lib/python3.12/site-packages/airflow/example_dags/example_setup_teardown_taskflow.py for tasks to queue
[2026-02-28T22:04:13.164+0000] {logging_mixin.py:188} INFO - [2026-02-28T22:04:13.163+0000] {dagbag.py:545} INFO - Filling up the DagBag from /home/airflow/.local/lib/python3.12/site-packages/airflow/example_dags/example_setup_teardown_taskflow.py
[2026-02-28T22:04:13.188+0000] {processor.py:840} INFO - DAG(s) 'example_setup_teardown_taskflow' retrieved from /home/airflow/.local/lib/python3.12/site-packages/airflow/example_dags/example_setup_teardown_taskflow.py
[2026-02-28T22:04:13.233+0000] {logging_mixin.py:188} INFO - [2026-02-28T22:04:13.232+0000] {dag.py:3096} INFO - Sync 1 DAGs
[2026-02-28T22:04:13.267+0000] {logging_mixin.py:188} INFO - [2026-02-28T22:04:13.267+0000] {dag.py:3954} INFO - Setting next_dagrun for example_setup_teardown_taskflow to 2026-02-27 00:00:00+00:00, run_after=2026-02-28 00:00:00+00:00
[2026-02-28T22:04:13.282+0000] {processor.py:183} INFO - Processing /home/airflow/.local/lib/python3.12/site-packages/airflow/example_dags/example_setup_teardown_taskflow.py took 0.167 seconds
[2026-02-28T22:04:43.596+0000] {processor.py:161} INFO - Started process (PID=2804) to work on /home/airflow/.local/lib/python3.12/site-packages/airflow/example_dags/example_setup_teardown_taskflow.py
[2026-02-28T22:04:43.600+0000] {processor.py:830} INFO - Processing file /home/airflow/.local/lib/python3.12/site-packages/airflow/example_dags/example_setup_teardown_taskflow.py for tasks to queue
[2026-02-28T22:04:43.614+0000] {logging_mixin.py:188} INFO - [2026-02-28T22:04:43.612+0000] {dagbag.py:545} INFO - Filling up the DagBag from /home/airflow/.local/lib/python3.12/site-packages/airflow/example_dags/example_setup_teardown_taskflow.py
[2026-02-28T22:04:43.654+0000] {processor.py:840} INFO - DAG(s) 'example_setup_teardown_taskflow' retrieved from /home/airflow/.local/lib/python3.12/site-packages/airflow/example_dags/example_setup_teardown_taskflow.py
[2026-02-28T22:04:43.756+0000] {logging_mixin.py:188} INFO - [2026-02-28T22:04:43.755+0000] {dag.py:3096} INFO - Sync 1 DAGs
[2026-02-28T22:04:43.808+0000] {logging_mixin.py:188} INFO - [2026-02-28T22:04:43.808+0000] {dag.py:3954} INFO - Setting next_dagrun for example_setup_teardown_taskflow to 2026-02-27 00:00:00+00:00, run_after=2026-02-28 00:00:00+00:00
[2026-02-28T22:04:43.864+0000] {processor.py:183} INFO - Processing /home/airflow/.local/lib/python3.12/site-packages/airflow/example_dags/example_setup_teardown_taskflow.py took 0.298 seconds
