[2026-02-28T21:40:03.039+0000] {processor.py:161} INFO - Started process (PID=72) to work on /home/airflow/.local/lib/python3.12/site-packages/airflow/example_dags/example_bash_decorator.py
[2026-02-28T21:40:03.044+0000] {processor.py:830} INFO - Processing file /home/airflow/.local/lib/python3.12/site-packages/airflow/example_dags/example_bash_decorator.py for tasks to queue
[2026-02-28T21:40:03.056+0000] {logging_mixin.py:188} INFO - [2026-02-28T21:40:03.055+0000] {dagbag.py:545} INFO - Filling up the DagBag from /home/airflow/.local/lib/python3.12/site-packages/airflow/example_dags/example_bash_decorator.py
[2026-02-28T21:40:03.148+0000] {processor.py:840} INFO - DAG(s) 'example_bash_decorator' retrieved from /home/airflow/.local/lib/python3.12/site-packages/airflow/example_dags/example_bash_decorator.py
[2026-02-28T21:40:03.180+0000] {logging_mixin.py:188} INFO - [2026-02-28T21:40:03.180+0000] {dag.py:3096} INFO - Sync 1 DAGs
[2026-02-28T21:40:03.217+0000] {logging_mixin.py:188} INFO - [2026-02-28T21:40:03.217+0000] {dag.py:3954} INFO - Setting next_dagrun for example_bash_decorator to None, run_after=None
[2026-02-28T21:40:03.330+0000] {processor.py:183} INFO - Processing /home/airflow/.local/lib/python3.12/site-packages/airflow/example_dags/example_bash_decorator.py took 0.344 seconds
[2026-02-28T21:40:33.679+0000] {processor.py:161} INFO - Started process (PID=130) to work on /home/airflow/.local/lib/python3.12/site-packages/airflow/example_dags/example_bash_decorator.py
[2026-02-28T21:40:33.680+0000] {processor.py:830} INFO - Processing file /home/airflow/.local/lib/python3.12/site-packages/airflow/example_dags/example_bash_decorator.py for tasks to queue
[2026-02-28T21:40:33.682+0000] {logging_mixin.py:188} INFO - [2026-02-28T21:40:33.682+0000] {dagbag.py:545} INFO - Filling up the DagBag from /home/airflow/.local/lib/python3.12/site-packages/airflow/example_dags/example_bash_decorator.py
[2026-02-28T21:40:33.690+0000] {processor.py:840} INFO - DAG(s) 'example_bash_decorator' retrieved from /home/airflow/.local/lib/python3.12/site-packages/airflow/example_dags/example_bash_decorator.py
[2026-02-28T21:40:33.743+0000] {logging_mixin.py:188} INFO - [2026-02-28T21:40:33.743+0000] {dag.py:3096} INFO - Sync 1 DAGs
[2026-02-28T21:40:33.751+0000] {logging_mixin.py:188} INFO - [2026-02-28T21:40:33.751+0000] {dag.py:3954} INFO - Setting next_dagrun for example_bash_decorator to None, run_after=None
[2026-02-28T21:40:33.758+0000] {processor.py:183} INFO - Processing /home/airflow/.local/lib/python3.12/site-packages/airflow/example_dags/example_bash_decorator.py took 0.082 seconds
[2026-02-28T21:41:04.638+0000] {processor.py:161} INFO - Started process (PID=188) to work on /home/airflow/.local/lib/python3.12/site-packages/airflow/example_dags/example_bash_decorator.py
[2026-02-28T21:41:04.640+0000] {processor.py:830} INFO - Processing file /home/airflow/.local/lib/python3.12/site-packages/airflow/example_dags/example_bash_decorator.py for tasks to queue
[2026-02-28T21:41:04.641+0000] {logging_mixin.py:188} INFO - [2026-02-28T21:41:04.641+0000] {dagbag.py:545} INFO - Filling up the DagBag from /home/airflow/.local/lib/python3.12/site-packages/airflow/example_dags/example_bash_decorator.py
[2026-02-28T21:41:04.659+0000] {processor.py:840} INFO - DAG(s) 'example_bash_decorator' retrieved from /home/airflow/.local/lib/python3.12/site-packages/airflow/example_dags/example_bash_decorator.py
[2026-02-28T21:41:04.680+0000] {logging_mixin.py:188} INFO - [2026-02-28T21:41:04.680+0000] {dag.py:3096} INFO - Sync 1 DAGs
[2026-02-28T21:41:04.687+0000] {logging_mixin.py:188} INFO - [2026-02-28T21:41:04.687+0000] {dag.py:3954} INFO - Setting next_dagrun for example_bash_decorator to None, run_after=None
[2026-02-28T21:41:04.700+0000] {processor.py:183} INFO - Processing /home/airflow/.local/lib/python3.12/site-packages/airflow/example_dags/example_bash_decorator.py took 0.067 seconds
[2026-02-28T21:41:35.458+0000] {processor.py:161} INFO - Started process (PID=246) to work on /home/airflow/.local/lib/python3.12/site-packages/airflow/example_dags/example_bash_decorator.py
[2026-02-28T21:41:35.460+0000] {processor.py:830} INFO - Processing file /home/airflow/.local/lib/python3.12/site-packages/airflow/example_dags/example_bash_decorator.py for tasks to queue
[2026-02-28T21:41:35.462+0000] {logging_mixin.py:188} INFO - [2026-02-28T21:41:35.462+0000] {dagbag.py:545} INFO - Filling up the DagBag from /home/airflow/.local/lib/python3.12/site-packages/airflow/example_dags/example_bash_decorator.py
[2026-02-28T21:41:35.469+0000] {processor.py:840} INFO - DAG(s) 'example_bash_decorator' retrieved from /home/airflow/.local/lib/python3.12/site-packages/airflow/example_dags/example_bash_decorator.py
[2026-02-28T21:41:35.481+0000] {logging_mixin.py:188} INFO - [2026-02-28T21:41:35.481+0000] {dag.py:3096} INFO - Sync 1 DAGs
[2026-02-28T21:41:35.487+0000] {logging_mixin.py:188} INFO - [2026-02-28T21:41:35.487+0000] {dag.py:3954} INFO - Setting next_dagrun for example_bash_decorator to None, run_after=None
[2026-02-28T21:41:35.495+0000] {processor.py:183} INFO - Processing /home/airflow/.local/lib/python3.12/site-packages/airflow/example_dags/example_bash_decorator.py took 0.040 seconds
[2026-02-28T21:42:05.802+0000] {processor.py:161} INFO - Started process (PID=304) to work on /home/airflow/.local/lib/python3.12/site-packages/airflow/example_dags/example_bash_decorator.py
[2026-02-28T21:42:05.803+0000] {processor.py:830} INFO - Processing file /home/airflow/.local/lib/python3.12/site-packages/airflow/example_dags/example_bash_decorator.py for tasks to queue
[2026-02-28T21:42:05.805+0000] {logging_mixin.py:188} INFO - [2026-02-28T21:42:05.805+0000] {dagbag.py:545} INFO - Filling up the DagBag from /home/airflow/.local/lib/python3.12/site-packages/airflow/example_dags/example_bash_decorator.py
[2026-02-28T21:42:05.813+0000] {processor.py:840} INFO - DAG(s) 'example_bash_decorator' retrieved from /home/airflow/.local/lib/python3.12/site-packages/airflow/example_dags/example_bash_decorator.py
[2026-02-28T21:42:05.832+0000] {logging_mixin.py:188} INFO - [2026-02-28T21:42:05.832+0000] {dag.py:3096} INFO - Sync 1 DAGs
[2026-02-28T21:42:05.838+0000] {logging_mixin.py:188} INFO - [2026-02-28T21:42:05.838+0000] {dag.py:3954} INFO - Setting next_dagrun for example_bash_decorator to None, run_after=None
[2026-02-28T21:42:05.847+0000] {processor.py:183} INFO - Processing /home/airflow/.local/lib/python3.12/site-packages/airflow/example_dags/example_bash_decorator.py took 0.048 seconds
[2026-02-28T21:42:36.160+0000] {processor.py:161} INFO - Started process (PID=363) to work on /home/airflow/.local/lib/python3.12/site-packages/airflow/example_dags/example_bash_decorator.py
[2026-02-28T21:42:36.161+0000] {processor.py:830} INFO - Processing file /home/airflow/.local/lib/python3.12/site-packages/airflow/example_dags/example_bash_decorator.py for tasks to queue
[2026-02-28T21:42:36.163+0000] {logging_mixin.py:188} INFO - [2026-02-28T21:42:36.162+0000] {dagbag.py:545} INFO - Filling up the DagBag from /home/airflow/.local/lib/python3.12/site-packages/airflow/example_dags/example_bash_decorator.py
[2026-02-28T21:42:36.172+0000] {processor.py:840} INFO - DAG(s) 'example_bash_decorator' retrieved from /home/airflow/.local/lib/python3.12/site-packages/airflow/example_dags/example_bash_decorator.py
[2026-02-28T21:42:36.186+0000] {logging_mixin.py:188} INFO - [2026-02-28T21:42:36.186+0000] {dag.py:3096} INFO - Sync 1 DAGs
[2026-02-28T21:42:36.193+0000] {logging_mixin.py:188} INFO - [2026-02-28T21:42:36.193+0000] {dag.py:3954} INFO - Setting next_dagrun for example_bash_decorator to None, run_after=None
[2026-02-28T21:42:36.202+0000] {processor.py:183} INFO - Processing /home/airflow/.local/lib/python3.12/site-packages/airflow/example_dags/example_bash_decorator.py took 0.045 seconds
[2026-02-28T21:43:06.870+0000] {processor.py:161} INFO - Started process (PID=421) to work on /home/airflow/.local/lib/python3.12/site-packages/airflow/example_dags/example_bash_decorator.py
[2026-02-28T21:43:06.870+0000] {processor.py:830} INFO - Processing file /home/airflow/.local/lib/python3.12/site-packages/airflow/example_dags/example_bash_decorator.py for tasks to queue
[2026-02-28T21:43:06.872+0000] {logging_mixin.py:188} INFO - [2026-02-28T21:43:06.872+0000] {dagbag.py:545} INFO - Filling up the DagBag from /home/airflow/.local/lib/python3.12/site-packages/airflow/example_dags/example_bash_decorator.py
[2026-02-28T21:43:06.881+0000] {processor.py:840} INFO - DAG(s) 'example_bash_decorator' retrieved from /home/airflow/.local/lib/python3.12/site-packages/airflow/example_dags/example_bash_decorator.py
[2026-02-28T21:43:06.899+0000] {logging_mixin.py:188} INFO - [2026-02-28T21:43:06.899+0000] {dag.py:3096} INFO - Sync 1 DAGs
[2026-02-28T21:43:06.905+0000] {logging_mixin.py:188} INFO - [2026-02-28T21:43:06.905+0000] {dag.py:3954} INFO - Setting next_dagrun for example_bash_decorator to None, run_after=None
[2026-02-28T21:43:06.913+0000] {processor.py:183} INFO - Processing /home/airflow/.local/lib/python3.12/site-packages/airflow/example_dags/example_bash_decorator.py took 0.046 seconds
[2026-02-28T21:43:37.181+0000] {processor.py:161} INFO - Started process (PID=479) to work on /home/airflow/.local/lib/python3.12/site-packages/airflow/example_dags/example_bash_decorator.py
[2026-02-28T21:43:37.182+0000] {processor.py:830} INFO - Processing file /home/airflow/.local/lib/python3.12/site-packages/airflow/example_dags/example_bash_decorator.py for tasks to queue
[2026-02-28T21:43:37.183+0000] {logging_mixin.py:188} INFO - [2026-02-28T21:43:37.182+0000] {dagbag.py:545} INFO - Filling up the DagBag from /home/airflow/.local/lib/python3.12/site-packages/airflow/example_dags/example_bash_decorator.py
[2026-02-28T21:43:37.193+0000] {processor.py:840} INFO - DAG(s) 'example_bash_decorator' retrieved from /home/airflow/.local/lib/python3.12/site-packages/airflow/example_dags/example_bash_decorator.py
[2026-02-28T21:43:37.206+0000] {logging_mixin.py:188} INFO - [2026-02-28T21:43:37.205+0000] {dag.py:3096} INFO - Sync 1 DAGs
[2026-02-28T21:43:37.211+0000] {logging_mixin.py:188} INFO - [2026-02-28T21:43:37.211+0000] {dag.py:3954} INFO - Setting next_dagrun for example_bash_decorator to None, run_after=None
[2026-02-28T21:43:37.219+0000] {processor.py:183} INFO - Processing /home/airflow/.local/lib/python3.12/site-packages/airflow/example_dags/example_bash_decorator.py took 0.042 seconds
[2026-02-28T21:44:43.167+0000] {processor.py:161} INFO - Started process (PID=537) to work on /home/airflow/.local/lib/python3.12/site-packages/airflow/example_dags/example_bash_decorator.py
[2026-02-28T21:44:43.168+0000] {processor.py:830} INFO - Processing file /home/airflow/.local/lib/python3.12/site-packages/airflow/example_dags/example_bash_decorator.py for tasks to queue
[2026-02-28T21:44:43.172+0000] {logging_mixin.py:188} INFO - [2026-02-28T21:44:43.172+0000] {dagbag.py:545} INFO - Filling up the DagBag from /home/airflow/.local/lib/python3.12/site-packages/airflow/example_dags/example_bash_decorator.py
[2026-02-28T21:44:43.181+0000] {processor.py:840} INFO - DAG(s) 'example_bash_decorator' retrieved from /home/airflow/.local/lib/python3.12/site-packages/airflow/example_dags/example_bash_decorator.py
[2026-02-28T21:44:43.208+0000] {logging_mixin.py:188} INFO - [2026-02-28T21:44:43.207+0000] {dag.py:3096} INFO - Sync 1 DAGs
[2026-02-28T21:44:43.220+0000] {logging_mixin.py:188} INFO - [2026-02-28T21:44:43.220+0000] {dag.py:3954} INFO - Setting next_dagrun for example_bash_decorator to None, run_after=None
[2026-02-28T21:44:43.244+0000] {processor.py:183} INFO - Processing /home/airflow/.local/lib/python3.12/site-packages/airflow/example_dags/example_bash_decorator.py took 0.081 seconds
[2026-02-28T21:45:13.899+0000] {processor.py:161} INFO - Started process (PID=595) to work on /home/airflow/.local/lib/python3.12/site-packages/airflow/example_dags/example_bash_decorator.py
[2026-02-28T21:45:13.901+0000] {processor.py:830} INFO - Processing file /home/airflow/.local/lib/python3.12/site-packages/airflow/example_dags/example_bash_decorator.py for tasks to queue
[2026-02-28T21:45:13.903+0000] {logging_mixin.py:188} INFO - [2026-02-28T21:45:13.903+0000] {dagbag.py:545} INFO - Filling up the DagBag from /home/airflow/.local/lib/python3.12/site-packages/airflow/example_dags/example_bash_decorator.py
[2026-02-28T21:45:13.911+0000] {processor.py:840} INFO - DAG(s) 'example_bash_decorator' retrieved from /home/airflow/.local/lib/python3.12/site-packages/airflow/example_dags/example_bash_decorator.py
[2026-02-28T21:45:13.930+0000] {logging_mixin.py:188} INFO - [2026-02-28T21:45:13.929+0000] {dag.py:3096} INFO - Sync 1 DAGs
[2026-02-28T21:45:13.936+0000] {logging_mixin.py:188} INFO - [2026-02-28T21:45:13.936+0000] {dag.py:3954} INFO - Setting next_dagrun for example_bash_decorator to None, run_after=None
[2026-02-28T21:45:13.946+0000] {processor.py:183} INFO - Processing /home/airflow/.local/lib/python3.12/site-packages/airflow/example_dags/example_bash_decorator.py took 0.053 seconds
[2026-02-28T21:45:44.255+0000] {processor.py:161} INFO - Started process (PID=653) to work on /home/airflow/.local/lib/python3.12/site-packages/airflow/example_dags/example_bash_decorator.py
[2026-02-28T21:45:44.259+0000] {processor.py:830} INFO - Processing file /home/airflow/.local/lib/python3.12/site-packages/airflow/example_dags/example_bash_decorator.py for tasks to queue
[2026-02-28T21:45:44.261+0000] {logging_mixin.py:188} INFO - [2026-02-28T21:45:44.260+0000] {dagbag.py:545} INFO - Filling up the DagBag from /home/airflow/.local/lib/python3.12/site-packages/airflow/example_dags/example_bash_decorator.py
[2026-02-28T21:45:44.268+0000] {processor.py:840} INFO - DAG(s) 'example_bash_decorator' retrieved from /home/airflow/.local/lib/python3.12/site-packages/airflow/example_dags/example_bash_decorator.py
[2026-02-28T21:45:44.284+0000] {logging_mixin.py:188} INFO - [2026-02-28T21:45:44.284+0000] {dag.py:3096} INFO - Sync 1 DAGs
[2026-02-28T21:45:44.293+0000] {logging_mixin.py:188} INFO - [2026-02-28T21:45:44.293+0000] {dag.py:3954} INFO - Setting next_dagrun for example_bash_decorator to None, run_after=None
[2026-02-28T21:45:44.304+0000] {processor.py:183} INFO - Processing /home/airflow/.local/lib/python3.12/site-packages/airflow/example_dags/example_bash_decorator.py took 0.052 seconds
[2026-02-28T21:46:14.820+0000] {processor.py:161} INFO - Started process (PID=711) to work on /home/airflow/.local/lib/python3.12/site-packages/airflow/example_dags/example_bash_decorator.py
[2026-02-28T21:46:14.821+0000] {processor.py:830} INFO - Processing file /home/airflow/.local/lib/python3.12/site-packages/airflow/example_dags/example_bash_decorator.py for tasks to queue
[2026-02-28T21:46:14.822+0000] {logging_mixin.py:188} INFO - [2026-02-28T21:46:14.822+0000] {dagbag.py:545} INFO - Filling up the DagBag from /home/airflow/.local/lib/python3.12/site-packages/airflow/example_dags/example_bash_decorator.py
[2026-02-28T21:46:14.830+0000] {processor.py:840} INFO - DAG(s) 'example_bash_decorator' retrieved from /home/airflow/.local/lib/python3.12/site-packages/airflow/example_dags/example_bash_decorator.py
[2026-02-28T21:46:14.867+0000] {logging_mixin.py:188} INFO - [2026-02-28T21:46:14.867+0000] {dag.py:3096} INFO - Sync 1 DAGs
[2026-02-28T21:46:14.891+0000] {logging_mixin.py:188} INFO - [2026-02-28T21:46:14.891+0000] {dag.py:3954} INFO - Setting next_dagrun for example_bash_decorator to None, run_after=None
[2026-02-28T21:46:14.918+0000] {processor.py:183} INFO - Processing /home/airflow/.local/lib/python3.12/site-packages/airflow/example_dags/example_bash_decorator.py took 0.104 seconds
[2026-02-28T21:46:45.552+0000] {processor.py:161} INFO - Started process (PID=769) to work on /home/airflow/.local/lib/python3.12/site-packages/airflow/example_dags/example_bash_decorator.py
[2026-02-28T21:46:45.554+0000] {processor.py:830} INFO - Processing file /home/airflow/.local/lib/python3.12/site-packages/airflow/example_dags/example_bash_decorator.py for tasks to queue
[2026-02-28T21:46:45.556+0000] {logging_mixin.py:188} INFO - [2026-02-28T21:46:45.555+0000] {dagbag.py:545} INFO - Filling up the DagBag from /home/airflow/.local/lib/python3.12/site-packages/airflow/example_dags/example_bash_decorator.py
[2026-02-28T21:46:45.566+0000] {processor.py:840} INFO - DAG(s) 'example_bash_decorator' retrieved from /home/airflow/.local/lib/python3.12/site-packages/airflow/example_dags/example_bash_decorator.py
[2026-02-28T21:46:45.584+0000] {logging_mixin.py:188} INFO - [2026-02-28T21:46:45.584+0000] {dag.py:3096} INFO - Sync 1 DAGs
[2026-02-28T21:46:45.591+0000] {logging_mixin.py:188} INFO - [2026-02-28T21:46:45.591+0000] {dag.py:3954} INFO - Setting next_dagrun for example_bash_decorator to None, run_after=None
[2026-02-28T21:46:45.604+0000] {processor.py:183} INFO - Processing /home/airflow/.local/lib/python3.12/site-packages/airflow/example_dags/example_bash_decorator.py took 0.055 seconds
[2026-02-28T21:47:16.538+0000] {processor.py:161} INFO - Started process (PID=827) to work on /home/airflow/.local/lib/python3.12/site-packages/airflow/example_dags/example_bash_decorator.py
[2026-02-28T21:47:16.539+0000] {processor.py:830} INFO - Processing file /home/airflow/.local/lib/python3.12/site-packages/airflow/example_dags/example_bash_decorator.py for tasks to queue
[2026-02-28T21:47:16.540+0000] {logging_mixin.py:188} INFO - [2026-02-28T21:47:16.540+0000] {dagbag.py:545} INFO - Filling up the DagBag from /home/airflow/.local/lib/python3.12/site-packages/airflow/example_dags/example_bash_decorator.py
[2026-02-28T21:47:16.550+0000] {processor.py:840} INFO - DAG(s) 'example_bash_decorator' retrieved from /home/airflow/.local/lib/python3.12/site-packages/airflow/example_dags/example_bash_decorator.py
[2026-02-28T21:47:16.568+0000] {logging_mixin.py:188} INFO - [2026-02-28T21:47:16.568+0000] {dag.py:3096} INFO - Sync 1 DAGs
[2026-02-28T21:47:16.575+0000] {logging_mixin.py:188} INFO - [2026-02-28T21:47:16.575+0000] {dag.py:3954} INFO - Setting next_dagrun for example_bash_decorator to None, run_after=None
[2026-02-28T21:47:16.585+0000] {processor.py:183} INFO - Processing /home/airflow/.local/lib/python3.12/site-packages/airflow/example_dags/example_bash_decorator.py took 0.050 seconds
[2026-02-28T21:47:47.446+0000] {processor.py:161} INFO - Started process (PID=885) to work on /home/airflow/.local/lib/python3.12/site-packages/airflow/example_dags/example_bash_decorator.py
[2026-02-28T21:47:47.447+0000] {processor.py:830} INFO - Processing file /home/airflow/.local/lib/python3.12/site-packages/airflow/example_dags/example_bash_decorator.py for tasks to queue
[2026-02-28T21:47:47.448+0000] {logging_mixin.py:188} INFO - [2026-02-28T21:47:47.448+0000] {dagbag.py:545} INFO - Filling up the DagBag from /home/airflow/.local/lib/python3.12/site-packages/airflow/example_dags/example_bash_decorator.py
[2026-02-28T21:47:47.458+0000] {processor.py:840} INFO - DAG(s) 'example_bash_decorator' retrieved from /home/airflow/.local/lib/python3.12/site-packages/airflow/example_dags/example_bash_decorator.py
[2026-02-28T21:47:47.474+0000] {logging_mixin.py:188} INFO - [2026-02-28T21:47:47.474+0000] {dag.py:3096} INFO - Sync 1 DAGs
[2026-02-28T21:47:47.483+0000] {logging_mixin.py:188} INFO - [2026-02-28T21:47:47.483+0000] {dag.py:3954} INFO - Setting next_dagrun for example_bash_decorator to None, run_after=None
[2026-02-28T21:47:47.494+0000] {processor.py:183} INFO - Processing /home/airflow/.local/lib/python3.12/site-packages/airflow/example_dags/example_bash_decorator.py took 0.051 seconds
[2026-02-28T21:48:18.366+0000] {processor.py:161} INFO - Started process (PID=943) to work on /home/airflow/.local/lib/python3.12/site-packages/airflow/example_dags/example_bash_decorator.py
[2026-02-28T21:48:18.367+0000] {processor.py:830} INFO - Processing file /home/airflow/.local/lib/python3.12/site-packages/airflow/example_dags/example_bash_decorator.py for tasks to queue
[2026-02-28T21:48:18.368+0000] {logging_mixin.py:188} INFO - [2026-02-28T21:48:18.368+0000] {dagbag.py:545} INFO - Filling up the DagBag from /home/airflow/.local/lib/python3.12/site-packages/airflow/example_dags/example_bash_decorator.py
[2026-02-28T21:48:18.376+0000] {processor.py:840} INFO - DAG(s) 'example_bash_decorator' retrieved from /home/airflow/.local/lib/python3.12/site-packages/airflow/example_dags/example_bash_decorator.py
[2026-02-28T21:48:18.392+0000] {logging_mixin.py:188} INFO - [2026-02-28T21:48:18.392+0000] {dag.py:3096} INFO - Sync 1 DAGs
[2026-02-28T21:48:18.398+0000] {logging_mixin.py:188} INFO - [2026-02-28T21:48:18.398+0000] {dag.py:3954} INFO - Setting next_dagrun for example_bash_decorator to None, run_after=None
[2026-02-28T21:48:18.406+0000] {processor.py:183} INFO - Processing /home/airflow/.local/lib/python3.12/site-packages/airflow/example_dags/example_bash_decorator.py took 0.043 seconds
[2026-02-28T21:48:49.395+0000] {processor.py:161} INFO - Started process (PID=1001) to work on /home/airflow/.local/lib/python3.12/site-packages/airflow/example_dags/example_bash_decorator.py
[2026-02-28T21:48:49.396+0000] {processor.py:830} INFO - Processing file /home/airflow/.local/lib/python3.12/site-packages/airflow/example_dags/example_bash_decorator.py for tasks to queue
[2026-02-28T21:48:49.397+0000] {logging_mixin.py:188} INFO - [2026-02-28T21:48:49.397+0000] {dagbag.py:545} INFO - Filling up the DagBag from /home/airflow/.local/lib/python3.12/site-packages/airflow/example_dags/example_bash_decorator.py
[2026-02-28T21:48:49.405+0000] {processor.py:840} INFO - DAG(s) 'example_bash_decorator' retrieved from /home/airflow/.local/lib/python3.12/site-packages/airflow/example_dags/example_bash_decorator.py
[2026-02-28T21:48:49.434+0000] {logging_mixin.py:188} INFO - [2026-02-28T21:48:49.434+0000] {dag.py:3096} INFO - Sync 1 DAGs
[2026-02-28T21:48:49.445+0000] {logging_mixin.py:188} INFO - [2026-02-28T21:48:49.445+0000] {dag.py:3954} INFO - Setting next_dagrun for example_bash_decorator to None, run_after=None
[2026-02-28T21:48:49.464+0000] {processor.py:183} INFO - Processing /home/airflow/.local/lib/python3.12/site-packages/airflow/example_dags/example_bash_decorator.py took 0.072 seconds
[2026-02-28T21:49:20.117+0000] {processor.py:161} INFO - Started process (PID=1059) to work on /home/airflow/.local/lib/python3.12/site-packages/airflow/example_dags/example_bash_decorator.py
[2026-02-28T21:49:20.118+0000] {processor.py:830} INFO - Processing file /home/airflow/.local/lib/python3.12/site-packages/airflow/example_dags/example_bash_decorator.py for tasks to queue
[2026-02-28T21:49:20.119+0000] {logging_mixin.py:188} INFO - [2026-02-28T21:49:20.119+0000] {dagbag.py:545} INFO - Filling up the DagBag from /home/airflow/.local/lib/python3.12/site-packages/airflow/example_dags/example_bash_decorator.py
[2026-02-28T21:49:20.130+0000] {processor.py:840} INFO - DAG(s) 'example_bash_decorator' retrieved from /home/airflow/.local/lib/python3.12/site-packages/airflow/example_dags/example_bash_decorator.py
[2026-02-28T21:49:20.147+0000] {logging_mixin.py:188} INFO - [2026-02-28T21:49:20.147+0000] {dag.py:3096} INFO - Sync 1 DAGs
[2026-02-28T21:49:20.160+0000] {logging_mixin.py:188} INFO - [2026-02-28T21:49:20.160+0000] {dag.py:3954} INFO - Setting next_dagrun for example_bash_decorator to None, run_after=None
[2026-02-28T21:49:20.184+0000] {processor.py:183} INFO - Processing /home/airflow/.local/lib/python3.12/site-packages/airflow/example_dags/example_bash_decorator.py took 0.072 seconds
[2026-02-28T21:49:51.033+0000] {processor.py:161} INFO - Started process (PID=1117) to work on /home/airflow/.local/lib/python3.12/site-packages/airflow/example_dags/example_bash_decorator.py
[2026-02-28T21:49:51.036+0000] {processor.py:830} INFO - Processing file /home/airflow/.local/lib/python3.12/site-packages/airflow/example_dags/example_bash_decorator.py for tasks to queue
[2026-02-28T21:49:51.049+0000] {logging_mixin.py:188} INFO - [2026-02-28T21:49:51.047+0000] {dagbag.py:545} INFO - Filling up the DagBag from /home/airflow/.local/lib/python3.12/site-packages/airflow/example_dags/example_bash_decorator.py
[2026-02-28T21:49:51.121+0000] {processor.py:840} INFO - DAG(s) 'example_bash_decorator' retrieved from /home/airflow/.local/lib/python3.12/site-packages/airflow/example_dags/example_bash_decorator.py
[2026-02-28T21:49:51.199+0000] {logging_mixin.py:188} INFO - [2026-02-28T21:49:51.198+0000] {dag.py:3096} INFO - Sync 1 DAGs
[2026-02-28T21:49:51.239+0000] {logging_mixin.py:188} INFO - [2026-02-28T21:49:51.238+0000] {dag.py:3954} INFO - Setting next_dagrun for example_bash_decorator to None, run_after=None
[2026-02-28T21:49:51.263+0000] {processor.py:183} INFO - Processing /home/airflow/.local/lib/python3.12/site-packages/airflow/example_dags/example_bash_decorator.py took 0.249 seconds
[2026-02-28T21:50:21.510+0000] {processor.py:161} INFO - Started process (PID=1175) to work on /home/airflow/.local/lib/python3.12/site-packages/airflow/example_dags/example_bash_decorator.py
[2026-02-28T21:50:21.515+0000] {processor.py:830} INFO - Processing file /home/airflow/.local/lib/python3.12/site-packages/airflow/example_dags/example_bash_decorator.py for tasks to queue
[2026-02-28T21:50:21.517+0000] {logging_mixin.py:188} INFO - [2026-02-28T21:50:21.517+0000] {dagbag.py:545} INFO - Filling up the DagBag from /home/airflow/.local/lib/python3.12/site-packages/airflow/example_dags/example_bash_decorator.py
[2026-02-28T21:50:21.527+0000] {processor.py:840} INFO - DAG(s) 'example_bash_decorator' retrieved from /home/airflow/.local/lib/python3.12/site-packages/airflow/example_dags/example_bash_decorator.py
[2026-02-28T21:50:21.545+0000] {logging_mixin.py:188} INFO - [2026-02-28T21:50:21.545+0000] {dag.py:3096} INFO - Sync 1 DAGs
[2026-02-28T21:50:21.556+0000] {logging_mixin.py:188} INFO - [2026-02-28T21:50:21.556+0000] {dag.py:3954} INFO - Setting next_dagrun for example_bash_decorator to None, run_after=None
[2026-02-28T21:50:21.570+0000] {processor.py:183} INFO - Processing /home/airflow/.local/lib/python3.12/site-packages/airflow/example_dags/example_bash_decorator.py took 0.063 seconds
[2026-02-28T21:50:52.076+0000] {processor.py:161} INFO - Started process (PID=1233) to work on /home/airflow/.local/lib/python3.12/site-packages/airflow/example_dags/example_bash_decorator.py
[2026-02-28T21:50:52.077+0000] {processor.py:830} INFO - Processing file /home/airflow/.local/lib/python3.12/site-packages/airflow/example_dags/example_bash_decorator.py for tasks to queue
[2026-02-28T21:50:52.078+0000] {logging_mixin.py:188} INFO - [2026-02-28T21:50:52.078+0000] {dagbag.py:545} INFO - Filling up the DagBag from /home/airflow/.local/lib/python3.12/site-packages/airflow/example_dags/example_bash_decorator.py
[2026-02-28T21:50:52.090+0000] {processor.py:840} INFO - DAG(s) 'example_bash_decorator' retrieved from /home/airflow/.local/lib/python3.12/site-packages/airflow/example_dags/example_bash_decorator.py
[2026-02-28T21:50:52.108+0000] {logging_mixin.py:188} INFO - [2026-02-28T21:50:52.108+0000] {dag.py:3096} INFO - Sync 1 DAGs
[2026-02-28T21:50:52.119+0000] {logging_mixin.py:188} INFO - [2026-02-28T21:50:52.118+0000] {dag.py:3954} INFO - Setting next_dagrun for example_bash_decorator to None, run_after=None
[2026-02-28T21:50:52.134+0000] {processor.py:183} INFO - Processing /home/airflow/.local/lib/python3.12/site-packages/airflow/example_dags/example_bash_decorator.py took 0.062 seconds
[2026-02-28T21:51:22.323+0000] {processor.py:161} INFO - Started process (PID=1291) to work on /home/airflow/.local/lib/python3.12/site-packages/airflow/example_dags/example_bash_decorator.py
[2026-02-28T21:51:22.326+0000] {processor.py:830} INFO - Processing file /home/airflow/.local/lib/python3.12/site-packages/airflow/example_dags/example_bash_decorator.py for tasks to queue
[2026-02-28T21:51:22.327+0000] {logging_mixin.py:188} INFO - [2026-02-28T21:51:22.327+0000] {dagbag.py:545} INFO - Filling up the DagBag from /home/airflow/.local/lib/python3.12/site-packages/airflow/example_dags/example_bash_decorator.py
[2026-02-28T21:51:22.336+0000] {processor.py:840} INFO - DAG(s) 'example_bash_decorator' retrieved from /home/airflow/.local/lib/python3.12/site-packages/airflow/example_dags/example_bash_decorator.py
[2026-02-28T21:51:22.352+0000] {logging_mixin.py:188} INFO - [2026-02-28T21:51:22.352+0000] {dag.py:3096} INFO - Sync 1 DAGs
[2026-02-28T21:51:22.363+0000] {logging_mixin.py:188} INFO - [2026-02-28T21:51:22.363+0000] {dag.py:3954} INFO - Setting next_dagrun for example_bash_decorator to None, run_after=None
[2026-02-28T21:51:22.377+0000] {processor.py:183} INFO - Processing /home/airflow/.local/lib/python3.12/site-packages/airflow/example_dags/example_bash_decorator.py took 0.057 seconds
[2026-02-28T21:51:53.102+0000] {processor.py:161} INFO - Started process (PID=1349) to work on /home/airflow/.local/lib/python3.12/site-packages/airflow/example_dags/example_bash_decorator.py
[2026-02-28T21:51:53.103+0000] {processor.py:830} INFO - Processing file /home/airflow/.local/lib/python3.12/site-packages/airflow/example_dags/example_bash_decorator.py for tasks to queue
[2026-02-28T21:51:53.105+0000] {logging_mixin.py:188} INFO - [2026-02-28T21:51:53.104+0000] {dagbag.py:545} INFO - Filling up the DagBag from /home/airflow/.local/lib/python3.12/site-packages/airflow/example_dags/example_bash_decorator.py
[2026-02-28T21:51:53.114+0000] {processor.py:840} INFO - DAG(s) 'example_bash_decorator' retrieved from /home/airflow/.local/lib/python3.12/site-packages/airflow/example_dags/example_bash_decorator.py
[2026-02-28T21:51:53.134+0000] {logging_mixin.py:188} INFO - [2026-02-28T21:51:53.134+0000] {dag.py:3096} INFO - Sync 1 DAGs
[2026-02-28T21:51:53.147+0000] {logging_mixin.py:188} INFO - [2026-02-28T21:51:53.147+0000] {dag.py:3954} INFO - Setting next_dagrun for example_bash_decorator to None, run_after=None
[2026-02-28T21:51:53.160+0000] {processor.py:183} INFO - Processing /home/airflow/.local/lib/python3.12/site-packages/airflow/example_dags/example_bash_decorator.py took 0.062 seconds
[2026-02-28T21:52:23.901+0000] {processor.py:161} INFO - Started process (PID=1407) to work on /home/airflow/.local/lib/python3.12/site-packages/airflow/example_dags/example_bash_decorator.py
[2026-02-28T21:52:23.903+0000] {processor.py:830} INFO - Processing file /home/airflow/.local/lib/python3.12/site-packages/airflow/example_dags/example_bash_decorator.py for tasks to queue
[2026-02-28T21:52:23.904+0000] {logging_mixin.py:188} INFO - [2026-02-28T21:52:23.904+0000] {dagbag.py:545} INFO - Filling up the DagBag from /home/airflow/.local/lib/python3.12/site-packages/airflow/example_dags/example_bash_decorator.py
[2026-02-28T21:52:23.915+0000] {processor.py:840} INFO - DAG(s) 'example_bash_decorator' retrieved from /home/airflow/.local/lib/python3.12/site-packages/airflow/example_dags/example_bash_decorator.py
[2026-02-28T21:52:23.928+0000] {logging_mixin.py:188} INFO - [2026-02-28T21:52:23.928+0000] {dag.py:3096} INFO - Sync 1 DAGs
[2026-02-28T21:52:23.935+0000] {logging_mixin.py:188} INFO - [2026-02-28T21:52:23.935+0000] {dag.py:3954} INFO - Setting next_dagrun for example_bash_decorator to None, run_after=None
[2026-02-28T21:52:23.951+0000] {processor.py:183} INFO - Processing /home/airflow/.local/lib/python3.12/site-packages/airflow/example_dags/example_bash_decorator.py took 0.053 seconds
[2026-02-28T21:52:54.112+0000] {processor.py:161} INFO - Started process (PID=1465) to work on /home/airflow/.local/lib/python3.12/site-packages/airflow/example_dags/example_bash_decorator.py
[2026-02-28T21:52:54.113+0000] {processor.py:830} INFO - Processing file /home/airflow/.local/lib/python3.12/site-packages/airflow/example_dags/example_bash_decorator.py for tasks to queue
[2026-02-28T21:52:54.115+0000] {logging_mixin.py:188} INFO - [2026-02-28T21:52:54.115+0000] {dagbag.py:545} INFO - Filling up the DagBag from /home/airflow/.local/lib/python3.12/site-packages/airflow/example_dags/example_bash_decorator.py
[2026-02-28T21:52:54.125+0000] {processor.py:840} INFO - DAG(s) 'example_bash_decorator' retrieved from /home/airflow/.local/lib/python3.12/site-packages/airflow/example_dags/example_bash_decorator.py
[2026-02-28T21:52:54.144+0000] {logging_mixin.py:188} INFO - [2026-02-28T21:52:54.144+0000] {dag.py:3096} INFO - Sync 1 DAGs
[2026-02-28T21:52:54.152+0000] {logging_mixin.py:188} INFO - [2026-02-28T21:52:54.152+0000] {dag.py:3954} INFO - Setting next_dagrun for example_bash_decorator to None, run_after=None
[2026-02-28T21:52:54.162+0000] {processor.py:183} INFO - Processing /home/airflow/.local/lib/python3.12/site-packages/airflow/example_dags/example_bash_decorator.py took 0.055 seconds
[2026-02-28T21:53:24.952+0000] {processor.py:161} INFO - Started process (PID=1523) to work on /home/airflow/.local/lib/python3.12/site-packages/airflow/example_dags/example_bash_decorator.py
[2026-02-28T21:53:24.953+0000] {processor.py:830} INFO - Processing file /home/airflow/.local/lib/python3.12/site-packages/airflow/example_dags/example_bash_decorator.py for tasks to queue
[2026-02-28T21:53:24.954+0000] {logging_mixin.py:188} INFO - [2026-02-28T21:53:24.954+0000] {dagbag.py:545} INFO - Filling up the DagBag from /home/airflow/.local/lib/python3.12/site-packages/airflow/example_dags/example_bash_decorator.py
[2026-02-28T21:53:24.966+0000] {processor.py:840} INFO - DAG(s) 'example_bash_decorator' retrieved from /home/airflow/.local/lib/python3.12/site-packages/airflow/example_dags/example_bash_decorator.py
[2026-02-28T21:53:24.983+0000] {logging_mixin.py:188} INFO - [2026-02-28T21:53:24.983+0000] {dag.py:3096} INFO - Sync 1 DAGs
[2026-02-28T21:53:24.993+0000] {logging_mixin.py:188} INFO - [2026-02-28T21:53:24.993+0000] {dag.py:3954} INFO - Setting next_dagrun for example_bash_decorator to None, run_after=None
[2026-02-28T21:53:25.008+0000] {processor.py:183} INFO - Processing /home/airflow/.local/lib/python3.12/site-packages/airflow/example_dags/example_bash_decorator.py took 0.059 seconds
[2026-02-28T21:53:55.850+0000] {processor.py:161} INFO - Started process (PID=1581) to work on /home/airflow/.local/lib/python3.12/site-packages/airflow/example_dags/example_bash_decorator.py
[2026-02-28T21:53:55.851+0000] {processor.py:830} INFO - Processing file /home/airflow/.local/lib/python3.12/site-packages/airflow/example_dags/example_bash_decorator.py for tasks to queue
[2026-02-28T21:53:55.852+0000] {logging_mixin.py:188} INFO - [2026-02-28T21:53:55.852+0000] {dagbag.py:545} INFO - Filling up the DagBag from /home/airflow/.local/lib/python3.12/site-packages/airflow/example_dags/example_bash_decorator.py
[2026-02-28T21:53:55.863+0000] {processor.py:840} INFO - DAG(s) 'example_bash_decorator' retrieved from /home/airflow/.local/lib/python3.12/site-packages/airflow/example_dags/example_bash_decorator.py
[2026-02-28T21:53:55.878+0000] {logging_mixin.py:188} INFO - [2026-02-28T21:53:55.878+0000] {dag.py:3096} INFO - Sync 1 DAGs
[2026-02-28T21:53:55.885+0000] {logging_mixin.py:188} INFO - [2026-02-28T21:53:55.885+0000] {dag.py:3954} INFO - Setting next_dagrun for example_bash_decorator to None, run_after=None
[2026-02-28T21:53:55.899+0000] {processor.py:183} INFO - Processing /home/airflow/.local/lib/python3.12/site-packages/airflow/example_dags/example_bash_decorator.py took 0.053 seconds
[2026-02-28T21:54:26.183+0000] {processor.py:161} INFO - Started process (PID=1639) to work on /home/airflow/.local/lib/python3.12/site-packages/airflow/example_dags/example_bash_decorator.py
[2026-02-28T21:54:26.184+0000] {processor.py:830} INFO - Processing file /home/airflow/.local/lib/python3.12/site-packages/airflow/example_dags/example_bash_decorator.py for tasks to queue
[2026-02-28T21:54:26.185+0000] {logging_mixin.py:188} INFO - [2026-02-28T21:54:26.185+0000] {dagbag.py:545} INFO - Filling up the DagBag from /home/airflow/.local/lib/python3.12/site-packages/airflow/example_dags/example_bash_decorator.py
[2026-02-28T21:54:26.197+0000] {processor.py:840} INFO - DAG(s) 'example_bash_decorator' retrieved from /home/airflow/.local/lib/python3.12/site-packages/airflow/example_dags/example_bash_decorator.py
[2026-02-28T21:54:26.214+0000] {logging_mixin.py:188} INFO - [2026-02-28T21:54:26.214+0000] {dag.py:3096} INFO - Sync 1 DAGs
[2026-02-28T21:54:26.222+0000] {logging_mixin.py:188} INFO - [2026-02-28T21:54:26.222+0000] {dag.py:3954} INFO - Setting next_dagrun for example_bash_decorator to None, run_after=None
[2026-02-28T21:54:26.251+0000] {processor.py:183} INFO - Processing /home/airflow/.local/lib/python3.12/site-packages/airflow/example_dags/example_bash_decorator.py took 0.074 seconds
[2026-02-28T21:54:56.954+0000] {processor.py:161} INFO - Started process (PID=1697) to work on /home/airflow/.local/lib/python3.12/site-packages/airflow/example_dags/example_bash_decorator.py
[2026-02-28T21:54:56.959+0000] {processor.py:830} INFO - Processing file /home/airflow/.local/lib/python3.12/site-packages/airflow/example_dags/example_bash_decorator.py for tasks to queue
[2026-02-28T21:54:56.964+0000] {logging_mixin.py:188} INFO - [2026-02-28T21:54:56.963+0000] {dagbag.py:545} INFO - Filling up the DagBag from /home/airflow/.local/lib/python3.12/site-packages/airflow/example_dags/example_bash_decorator.py
[2026-02-28T21:54:56.993+0000] {processor.py:840} INFO - DAG(s) 'example_bash_decorator' retrieved from /home/airflow/.local/lib/python3.12/site-packages/airflow/example_dags/example_bash_decorator.py
[2026-02-28T21:54:57.029+0000] {logging_mixin.py:188} INFO - [2026-02-28T21:54:57.029+0000] {dag.py:3096} INFO - Sync 1 DAGs
[2026-02-28T21:54:57.046+0000] {logging_mixin.py:188} INFO - [2026-02-28T21:54:57.046+0000] {dag.py:3954} INFO - Setting next_dagrun for example_bash_decorator to None, run_after=None
[2026-02-28T21:54:57.082+0000] {processor.py:183} INFO - Processing /home/airflow/.local/lib/python3.12/site-packages/airflow/example_dags/example_bash_decorator.py took 0.146 seconds
[2026-02-28T21:55:27.227+0000] {processor.py:161} INFO - Started process (PID=1757) to work on /home/airflow/.local/lib/python3.12/site-packages/airflow/example_dags/example_bash_decorator.py
[2026-02-28T21:55:27.230+0000] {processor.py:830} INFO - Processing file /home/airflow/.local/lib/python3.12/site-packages/airflow/example_dags/example_bash_decorator.py for tasks to queue
[2026-02-28T21:55:27.231+0000] {logging_mixin.py:188} INFO - [2026-02-28T21:55:27.231+0000] {dagbag.py:545} INFO - Filling up the DagBag from /home/airflow/.local/lib/python3.12/site-packages/airflow/example_dags/example_bash_decorator.py
[2026-02-28T21:55:27.240+0000] {processor.py:840} INFO - DAG(s) 'example_bash_decorator' retrieved from /home/airflow/.local/lib/python3.12/site-packages/airflow/example_dags/example_bash_decorator.py
[2026-02-28T21:55:27.253+0000] {logging_mixin.py:188} INFO - [2026-02-28T21:55:27.253+0000] {dag.py:3096} INFO - Sync 1 DAGs
[2026-02-28T21:55:27.261+0000] {logging_mixin.py:188} INFO - [2026-02-28T21:55:27.261+0000] {dag.py:3954} INFO - Setting next_dagrun for example_bash_decorator to None, run_after=None
[2026-02-28T21:55:27.271+0000] {processor.py:183} INFO - Processing /home/airflow/.local/lib/python3.12/site-packages/airflow/example_dags/example_bash_decorator.py took 0.048 seconds
[2026-02-28T21:55:58.171+0000] {processor.py:161} INFO - Started process (PID=1815) to work on /home/airflow/.local/lib/python3.12/site-packages/airflow/example_dags/example_bash_decorator.py
[2026-02-28T21:55:58.174+0000] {processor.py:830} INFO - Processing file /home/airflow/.local/lib/python3.12/site-packages/airflow/example_dags/example_bash_decorator.py for tasks to queue
[2026-02-28T21:55:58.175+0000] {logging_mixin.py:188} INFO - [2026-02-28T21:55:58.175+0000] {dagbag.py:545} INFO - Filling up the DagBag from /home/airflow/.local/lib/python3.12/site-packages/airflow/example_dags/example_bash_decorator.py
[2026-02-28T21:55:58.187+0000] {processor.py:840} INFO - DAG(s) 'example_bash_decorator' retrieved from /home/airflow/.local/lib/python3.12/site-packages/airflow/example_dags/example_bash_decorator.py
[2026-02-28T21:55:58.213+0000] {logging_mixin.py:188} INFO - [2026-02-28T21:55:58.212+0000] {dag.py:3096} INFO - Sync 1 DAGs
[2026-02-28T21:55:58.221+0000] {logging_mixin.py:188} INFO - [2026-02-28T21:55:58.221+0000] {dag.py:3954} INFO - Setting next_dagrun for example_bash_decorator to None, run_after=None
[2026-02-28T21:55:58.236+0000] {processor.py:183} INFO - Processing /home/airflow/.local/lib/python3.12/site-packages/airflow/example_dags/example_bash_decorator.py took 0.068 seconds
[2026-02-28T21:56:28.312+0000] {processor.py:161} INFO - Started process (PID=1873) to work on /home/airflow/.local/lib/python3.12/site-packages/airflow/example_dags/example_bash_decorator.py
[2026-02-28T21:56:28.313+0000] {processor.py:830} INFO - Processing file /home/airflow/.local/lib/python3.12/site-packages/airflow/example_dags/example_bash_decorator.py for tasks to queue
[2026-02-28T21:56:28.314+0000] {logging_mixin.py:188} INFO - [2026-02-28T21:56:28.314+0000] {dagbag.py:545} INFO - Filling up the DagBag from /home/airflow/.local/lib/python3.12/site-packages/airflow/example_dags/example_bash_decorator.py
[2026-02-28T21:56:28.322+0000] {processor.py:840} INFO - DAG(s) 'example_bash_decorator' retrieved from /home/airflow/.local/lib/python3.12/site-packages/airflow/example_dags/example_bash_decorator.py
[2026-02-28T21:56:28.339+0000] {logging_mixin.py:188} INFO - [2026-02-28T21:56:28.339+0000] {dag.py:3096} INFO - Sync 1 DAGs
[2026-02-28T21:56:28.347+0000] {logging_mixin.py:188} INFO - [2026-02-28T21:56:28.346+0000] {dag.py:3954} INFO - Setting next_dagrun for example_bash_decorator to None, run_after=None
[2026-02-28T21:56:28.361+0000] {processor.py:183} INFO - Processing /home/airflow/.local/lib/python3.12/site-packages/airflow/example_dags/example_bash_decorator.py took 0.052 seconds
[2026-02-28T21:56:58.434+0000] {processor.py:161} INFO - Started process (PID=1931) to work on /home/airflow/.local/lib/python3.12/site-packages/airflow/example_dags/example_bash_decorator.py
[2026-02-28T21:56:58.435+0000] {processor.py:830} INFO - Processing file /home/airflow/.local/lib/python3.12/site-packages/airflow/example_dags/example_bash_decorator.py for tasks to queue
[2026-02-28T21:56:58.436+0000] {logging_mixin.py:188} INFO - [2026-02-28T21:56:58.436+0000] {dagbag.py:545} INFO - Filling up the DagBag from /home/airflow/.local/lib/python3.12/site-packages/airflow/example_dags/example_bash_decorator.py
[2026-02-28T21:56:58.449+0000] {processor.py:840} INFO - DAG(s) 'example_bash_decorator' retrieved from /home/airflow/.local/lib/python3.12/site-packages/airflow/example_dags/example_bash_decorator.py
[2026-02-28T21:56:58.474+0000] {logging_mixin.py:188} INFO - [2026-02-28T21:56:58.474+0000] {dag.py:3096} INFO - Sync 1 DAGs
[2026-02-28T21:56:58.482+0000] {logging_mixin.py:188} INFO - [2026-02-28T21:56:58.482+0000] {dag.py:3954} INFO - Setting next_dagrun for example_bash_decorator to None, run_after=None
[2026-02-28T21:56:58.500+0000] {processor.py:183} INFO - Processing /home/airflow/.local/lib/python3.12/site-packages/airflow/example_dags/example_bash_decorator.py took 0.071 seconds
[2026-02-28T21:57:29.471+0000] {processor.py:161} INFO - Started process (PID=1989) to work on /home/airflow/.local/lib/python3.12/site-packages/airflow/example_dags/example_bash_decorator.py
[2026-02-28T21:57:29.473+0000] {processor.py:830} INFO - Processing file /home/airflow/.local/lib/python3.12/site-packages/airflow/example_dags/example_bash_decorator.py for tasks to queue
[2026-02-28T21:57:29.474+0000] {logging_mixin.py:188} INFO - [2026-02-28T21:57:29.474+0000] {dagbag.py:545} INFO - Filling up the DagBag from /home/airflow/.local/lib/python3.12/site-packages/airflow/example_dags/example_bash_decorator.py
[2026-02-28T21:57:29.484+0000] {processor.py:840} INFO - DAG(s) 'example_bash_decorator' retrieved from /home/airflow/.local/lib/python3.12/site-packages/airflow/example_dags/example_bash_decorator.py
[2026-02-28T21:57:29.503+0000] {logging_mixin.py:188} INFO - [2026-02-28T21:57:29.503+0000] {dag.py:3096} INFO - Sync 1 DAGs
[2026-02-28T21:57:29.516+0000] {logging_mixin.py:188} INFO - [2026-02-28T21:57:29.516+0000] {dag.py:3954} INFO - Setting next_dagrun for example_bash_decorator to None, run_after=None
[2026-02-28T21:57:29.526+0000] {processor.py:183} INFO - Processing /home/airflow/.local/lib/python3.12/site-packages/airflow/example_dags/example_bash_decorator.py took 0.060 seconds
[2026-02-28T21:57:59.890+0000] {processor.py:161} INFO - Started process (PID=2047) to work on /home/airflow/.local/lib/python3.12/site-packages/airflow/example_dags/example_bash_decorator.py
[2026-02-28T21:57:59.892+0000] {processor.py:830} INFO - Processing file /home/airflow/.local/lib/python3.12/site-packages/airflow/example_dags/example_bash_decorator.py for tasks to queue
[2026-02-28T21:57:59.894+0000] {logging_mixin.py:188} INFO - [2026-02-28T21:57:59.893+0000] {dagbag.py:545} INFO - Filling up the DagBag from /home/airflow/.local/lib/python3.12/site-packages/airflow/example_dags/example_bash_decorator.py
[2026-02-28T21:57:59.906+0000] {processor.py:840} INFO - DAG(s) 'example_bash_decorator' retrieved from /home/airflow/.local/lib/python3.12/site-packages/airflow/example_dags/example_bash_decorator.py
[2026-02-28T21:57:59.921+0000] {logging_mixin.py:188} INFO - [2026-02-28T21:57:59.921+0000] {dag.py:3096} INFO - Sync 1 DAGs
[2026-02-28T21:57:59.932+0000] {logging_mixin.py:188} INFO - [2026-02-28T21:57:59.932+0000] {dag.py:3954} INFO - Setting next_dagrun for example_bash_decorator to None, run_after=None
[2026-02-28T21:57:59.943+0000] {processor.py:183} INFO - Processing /home/airflow/.local/lib/python3.12/site-packages/airflow/example_dags/example_bash_decorator.py took 0.058 seconds
[2026-02-28T21:58:30.982+0000] {processor.py:161} INFO - Started process (PID=2105) to work on /home/airflow/.local/lib/python3.12/site-packages/airflow/example_dags/example_bash_decorator.py
[2026-02-28T21:58:30.985+0000] {processor.py:830} INFO - Processing file /home/airflow/.local/lib/python3.12/site-packages/airflow/example_dags/example_bash_decorator.py for tasks to queue
[2026-02-28T21:58:30.986+0000] {logging_mixin.py:188} INFO - [2026-02-28T21:58:30.986+0000] {dagbag.py:545} INFO - Filling up the DagBag from /home/airflow/.local/lib/python3.12/site-packages/airflow/example_dags/example_bash_decorator.py
[2026-02-28T21:58:30.998+0000] {processor.py:840} INFO - DAG(s) 'example_bash_decorator' retrieved from /home/airflow/.local/lib/python3.12/site-packages/airflow/example_dags/example_bash_decorator.py
[2026-02-28T21:58:31.018+0000] {logging_mixin.py:188} INFO - [2026-02-28T21:58:31.018+0000] {dag.py:3096} INFO - Sync 1 DAGs
[2026-02-28T21:58:31.035+0000] {logging_mixin.py:188} INFO - [2026-02-28T21:58:31.035+0000] {dag.py:3954} INFO - Setting next_dagrun for example_bash_decorator to None, run_after=None
[2026-02-28T21:58:31.059+0000] {processor.py:183} INFO - Processing /home/airflow/.local/lib/python3.12/site-packages/airflow/example_dags/example_bash_decorator.py took 0.080 seconds
[2026-02-28T21:59:01.263+0000] {processor.py:161} INFO - Started process (PID=2163) to work on /home/airflow/.local/lib/python3.12/site-packages/airflow/example_dags/example_bash_decorator.py
[2026-02-28T21:59:01.264+0000] {processor.py:830} INFO - Processing file /home/airflow/.local/lib/python3.12/site-packages/airflow/example_dags/example_bash_decorator.py for tasks to queue
[2026-02-28T21:59:01.265+0000] {logging_mixin.py:188} INFO - [2026-02-28T21:59:01.265+0000] {dagbag.py:545} INFO - Filling up the DagBag from /home/airflow/.local/lib/python3.12/site-packages/airflow/example_dags/example_bash_decorator.py
[2026-02-28T21:59:01.275+0000] {processor.py:840} INFO - DAG(s) 'example_bash_decorator' retrieved from /home/airflow/.local/lib/python3.12/site-packages/airflow/example_dags/example_bash_decorator.py
[2026-02-28T21:59:01.318+0000] {logging_mixin.py:188} INFO - [2026-02-28T21:59:01.316+0000] {dag.py:3096} INFO - Sync 1 DAGs
[2026-02-28T21:59:01.344+0000] {logging_mixin.py:188} INFO - [2026-02-28T21:59:01.344+0000] {dag.py:3954} INFO - Setting next_dagrun for example_bash_decorator to None, run_after=None
[2026-02-28T21:59:01.365+0000] {processor.py:183} INFO - Processing /home/airflow/.local/lib/python3.12/site-packages/airflow/example_dags/example_bash_decorator.py took 0.109 seconds
[2026-02-28T21:59:32.374+0000] {processor.py:161} INFO - Started process (PID=2221) to work on /home/airflow/.local/lib/python3.12/site-packages/airflow/example_dags/example_bash_decorator.py
[2026-02-28T21:59:32.376+0000] {processor.py:830} INFO - Processing file /home/airflow/.local/lib/python3.12/site-packages/airflow/example_dags/example_bash_decorator.py for tasks to queue
[2026-02-28T21:59:32.378+0000] {logging_mixin.py:188} INFO - [2026-02-28T21:59:32.378+0000] {dagbag.py:545} INFO - Filling up the DagBag from /home/airflow/.local/lib/python3.12/site-packages/airflow/example_dags/example_bash_decorator.py
[2026-02-28T21:59:32.389+0000] {processor.py:840} INFO - DAG(s) 'example_bash_decorator' retrieved from /home/airflow/.local/lib/python3.12/site-packages/airflow/example_dags/example_bash_decorator.py
[2026-02-28T21:59:32.411+0000] {logging_mixin.py:188} INFO - [2026-02-28T21:59:32.410+0000] {dag.py:3096} INFO - Sync 1 DAGs
[2026-02-28T21:59:32.428+0000] {logging_mixin.py:188} INFO - [2026-02-28T21:59:32.428+0000] {dag.py:3954} INFO - Setting next_dagrun for example_bash_decorator to None, run_after=None
[2026-02-28T21:59:32.460+0000] {processor.py:183} INFO - Processing /home/airflow/.local/lib/python3.12/site-packages/airflow/example_dags/example_bash_decorator.py took 0.091 seconds
[2026-02-28T22:00:03.375+0000] {processor.py:161} INFO - Started process (PID=2285) to work on /home/airflow/.local/lib/python3.12/site-packages/airflow/example_dags/example_bash_decorator.py
[2026-02-28T22:00:03.376+0000] {processor.py:830} INFO - Processing file /home/airflow/.local/lib/python3.12/site-packages/airflow/example_dags/example_bash_decorator.py for tasks to queue
[2026-02-28T22:00:03.378+0000] {logging_mixin.py:188} INFO - [2026-02-28T22:00:03.378+0000] {dagbag.py:545} INFO - Filling up the DagBag from /home/airflow/.local/lib/python3.12/site-packages/airflow/example_dags/example_bash_decorator.py
[2026-02-28T22:00:03.388+0000] {processor.py:840} INFO - DAG(s) 'example_bash_decorator' retrieved from /home/airflow/.local/lib/python3.12/site-packages/airflow/example_dags/example_bash_decorator.py
[2026-02-28T22:00:03.409+0000] {logging_mixin.py:188} INFO - [2026-02-28T22:00:03.409+0000] {dag.py:3096} INFO - Sync 1 DAGs
[2026-02-28T22:00:03.421+0000] {logging_mixin.py:188} INFO - [2026-02-28T22:00:03.421+0000] {dag.py:3954} INFO - Setting next_dagrun for example_bash_decorator to None, run_after=None
[2026-02-28T22:00:03.433+0000] {processor.py:183} INFO - Processing /home/airflow/.local/lib/python3.12/site-packages/airflow/example_dags/example_bash_decorator.py took 0.062 seconds
[2026-02-28T22:00:38.032+0000] {processor.py:161} INFO - Started process (PID=2343) to work on /home/airflow/.local/lib/python3.12/site-packages/airflow/example_dags/example_bash_decorator.py
[2026-02-28T22:00:38.033+0000] {processor.py:830} INFO - Processing file /home/airflow/.local/lib/python3.12/site-packages/airflow/example_dags/example_bash_decorator.py for tasks to queue
[2026-02-28T22:00:38.035+0000] {logging_mixin.py:188} INFO - [2026-02-28T22:00:38.034+0000] {dagbag.py:545} INFO - Filling up the DagBag from /home/airflow/.local/lib/python3.12/site-packages/airflow/example_dags/example_bash_decorator.py
[2026-02-28T22:00:38.046+0000] {processor.py:840} INFO - DAG(s) 'example_bash_decorator' retrieved from /home/airflow/.local/lib/python3.12/site-packages/airflow/example_dags/example_bash_decorator.py
[2026-02-28T22:00:38.073+0000] {logging_mixin.py:188} INFO - [2026-02-28T22:00:38.072+0000] {dag.py:3096} INFO - Sync 1 DAGs
[2026-02-28T22:00:38.081+0000] {logging_mixin.py:188} INFO - [2026-02-28T22:00:38.081+0000] {dag.py:3954} INFO - Setting next_dagrun for example_bash_decorator to None, run_after=None
[2026-02-28T22:00:38.100+0000] {processor.py:183} INFO - Processing /home/airflow/.local/lib/python3.12/site-packages/airflow/example_dags/example_bash_decorator.py took 0.074 seconds
[2026-02-28T22:01:08.903+0000] {processor.py:161} INFO - Started process (PID=2400) to work on /home/airflow/.local/lib/python3.12/site-packages/airflow/example_dags/example_bash_decorator.py
[2026-02-28T22:01:08.904+0000] {processor.py:830} INFO - Processing file /home/airflow/.local/lib/python3.12/site-packages/airflow/example_dags/example_bash_decorator.py for tasks to queue
[2026-02-28T22:01:08.908+0000] {logging_mixin.py:188} INFO - [2026-02-28T22:01:08.907+0000] {dagbag.py:545} INFO - Filling up the DagBag from /home/airflow/.local/lib/python3.12/site-packages/airflow/example_dags/example_bash_decorator.py
[2026-02-28T22:01:08.930+0000] {processor.py:840} INFO - DAG(s) 'example_bash_decorator' retrieved from /home/airflow/.local/lib/python3.12/site-packages/airflow/example_dags/example_bash_decorator.py
[2026-02-28T22:01:08.950+0000] {logging_mixin.py:188} INFO - [2026-02-28T22:01:08.950+0000] {dag.py:3096} INFO - Sync 1 DAGs
[2026-02-28T22:01:08.959+0000] {logging_mixin.py:188} INFO - [2026-02-28T22:01:08.959+0000] {dag.py:3954} INFO - Setting next_dagrun for example_bash_decorator to None, run_after=None
[2026-02-28T22:01:08.973+0000] {processor.py:183} INFO - Processing /home/airflow/.local/lib/python3.12/site-packages/airflow/example_dags/example_bash_decorator.py took 0.076 seconds
[2026-02-28T22:01:39.446+0000] {processor.py:161} INFO - Started process (PID=2458) to work on /home/airflow/.local/lib/python3.12/site-packages/airflow/example_dags/example_bash_decorator.py
[2026-02-28T22:01:39.448+0000] {processor.py:830} INFO - Processing file /home/airflow/.local/lib/python3.12/site-packages/airflow/example_dags/example_bash_decorator.py for tasks to queue
[2026-02-28T22:01:39.449+0000] {logging_mixin.py:188} INFO - [2026-02-28T22:01:39.449+0000] {dagbag.py:545} INFO - Filling up the DagBag from /home/airflow/.local/lib/python3.12/site-packages/airflow/example_dags/example_bash_decorator.py
[2026-02-28T22:01:39.457+0000] {processor.py:840} INFO - DAG(s) 'example_bash_decorator' retrieved from /home/airflow/.local/lib/python3.12/site-packages/airflow/example_dags/example_bash_decorator.py
[2026-02-28T22:01:39.473+0000] {logging_mixin.py:188} INFO - [2026-02-28T22:01:39.472+0000] {dag.py:3096} INFO - Sync 1 DAGs
[2026-02-28T22:01:39.482+0000] {logging_mixin.py:188} INFO - [2026-02-28T22:01:39.482+0000] {dag.py:3954} INFO - Setting next_dagrun for example_bash_decorator to None, run_after=None
[2026-02-28T22:01:39.502+0000] {processor.py:183} INFO - Processing /home/airflow/.local/lib/python3.12/site-packages/airflow/example_dags/example_bash_decorator.py took 0.059 seconds
[2026-02-28T22:02:10.203+0000] {processor.py:161} INFO - Started process (PID=2516) to work on /home/airflow/.local/lib/python3.12/site-packages/airflow/example_dags/example_bash_decorator.py
[2026-02-28T22:02:10.204+0000] {processor.py:830} INFO - Processing file /home/airflow/.local/lib/python3.12/site-packages/airflow/example_dags/example_bash_decorator.py for tasks to queue
[2026-02-28T22:02:10.208+0000] {logging_mixin.py:188} INFO - [2026-02-28T22:02:10.207+0000] {dagbag.py:545} INFO - Filling up the DagBag from /home/airflow/.local/lib/python3.12/site-packages/airflow/example_dags/example_bash_decorator.py
[2026-02-28T22:02:10.217+0000] {processor.py:840} INFO - DAG(s) 'example_bash_decorator' retrieved from /home/airflow/.local/lib/python3.12/site-packages/airflow/example_dags/example_bash_decorator.py
[2026-02-28T22:02:10.240+0000] {logging_mixin.py:188} INFO - [2026-02-28T22:02:10.240+0000] {dag.py:3096} INFO - Sync 1 DAGs
[2026-02-28T22:02:10.253+0000] {logging_mixin.py:188} INFO - [2026-02-28T22:02:10.253+0000] {dag.py:3954} INFO - Setting next_dagrun for example_bash_decorator to None, run_after=None
[2026-02-28T22:02:10.283+0000] {processor.py:183} INFO - Processing /home/airflow/.local/lib/python3.12/site-packages/airflow/example_dags/example_bash_decorator.py took 0.085 seconds
[2026-02-28T22:02:41.231+0000] {processor.py:161} INFO - Started process (PID=2574) to work on /home/airflow/.local/lib/python3.12/site-packages/airflow/example_dags/example_bash_decorator.py
[2026-02-28T22:02:41.233+0000] {processor.py:830} INFO - Processing file /home/airflow/.local/lib/python3.12/site-packages/airflow/example_dags/example_bash_decorator.py for tasks to queue
[2026-02-28T22:02:41.234+0000] {logging_mixin.py:188} INFO - [2026-02-28T22:02:41.234+0000] {dagbag.py:545} INFO - Filling up the DagBag from /home/airflow/.local/lib/python3.12/site-packages/airflow/example_dags/example_bash_decorator.py
[2026-02-28T22:02:41.247+0000] {processor.py:840} INFO - DAG(s) 'example_bash_decorator' retrieved from /home/airflow/.local/lib/python3.12/site-packages/airflow/example_dags/example_bash_decorator.py
[2026-02-28T22:02:41.269+0000] {logging_mixin.py:188} INFO - [2026-02-28T22:02:41.269+0000] {dag.py:3096} INFO - Sync 1 DAGs
[2026-02-28T22:02:41.280+0000] {logging_mixin.py:188} INFO - [2026-02-28T22:02:41.280+0000] {dag.py:3954} INFO - Setting next_dagrun for example_bash_decorator to None, run_after=None
[2026-02-28T22:02:41.302+0000] {processor.py:183} INFO - Processing /home/airflow/.local/lib/python3.12/site-packages/airflow/example_dags/example_bash_decorator.py took 0.079 seconds
[2026-02-28T22:03:11.813+0000] {processor.py:161} INFO - Started process (PID=2631) to work on /home/airflow/.local/lib/python3.12/site-packages/airflow/example_dags/example_bash_decorator.py
[2026-02-28T22:03:11.815+0000] {processor.py:830} INFO - Processing file /home/airflow/.local/lib/python3.12/site-packages/airflow/example_dags/example_bash_decorator.py for tasks to queue
[2026-02-28T22:03:11.816+0000] {logging_mixin.py:188} INFO - [2026-02-28T22:03:11.816+0000] {dagbag.py:545} INFO - Filling up the DagBag from /home/airflow/.local/lib/python3.12/site-packages/airflow/example_dags/example_bash_decorator.py
[2026-02-28T22:03:11.826+0000] {processor.py:840} INFO - DAG(s) 'example_bash_decorator' retrieved from /home/airflow/.local/lib/python3.12/site-packages/airflow/example_dags/example_bash_decorator.py
[2026-02-28T22:03:11.845+0000] {logging_mixin.py:188} INFO - [2026-02-28T22:03:11.845+0000] {dag.py:3096} INFO - Sync 1 DAGs
[2026-02-28T22:03:11.855+0000] {logging_mixin.py:188} INFO - [2026-02-28T22:03:11.855+0000] {dag.py:3954} INFO - Setting next_dagrun for example_bash_decorator to None, run_after=None
[2026-02-28T22:03:11.872+0000] {processor.py:183} INFO - Processing /home/airflow/.local/lib/python3.12/site-packages/airflow/example_dags/example_bash_decorator.py took 0.068 seconds
[2026-02-28T22:03:42.045+0000] {processor.py:161} INFO - Started process (PID=2689) to work on /home/airflow/.local/lib/python3.12/site-packages/airflow/example_dags/example_bash_decorator.py
[2026-02-28T22:03:42.046+0000] {processor.py:830} INFO - Processing file /home/airflow/.local/lib/python3.12/site-packages/airflow/example_dags/example_bash_decorator.py for tasks to queue
[2026-02-28T22:03:42.048+0000] {logging_mixin.py:188} INFO - [2026-02-28T22:03:42.048+0000] {dagbag.py:545} INFO - Filling up the DagBag from /home/airflow/.local/lib/python3.12/site-packages/airflow/example_dags/example_bash_decorator.py
[2026-02-28T22:03:42.064+0000] {processor.py:840} INFO - DAG(s) 'example_bash_decorator' retrieved from /home/airflow/.local/lib/python3.12/site-packages/airflow/example_dags/example_bash_decorator.py
[2026-02-28T22:03:42.085+0000] {logging_mixin.py:188} INFO - [2026-02-28T22:03:42.084+0000] {dag.py:3096} INFO - Sync 1 DAGs
[2026-02-28T22:03:42.094+0000] {logging_mixin.py:188} INFO - [2026-02-28T22:03:42.094+0000] {dag.py:3954} INFO - Setting next_dagrun for example_bash_decorator to None, run_after=None
[2026-02-28T22:03:42.110+0000] {processor.py:183} INFO - Processing /home/airflow/.local/lib/python3.12/site-packages/airflow/example_dags/example_bash_decorator.py took 0.071 seconds
[2026-02-28T22:04:13.274+0000] {processor.py:161} INFO - Started process (PID=2747) to work on /home/airflow/.local/lib/python3.12/site-packages/airflow/example_dags/example_bash_decorator.py
[2026-02-28T22:04:13.275+0000] {processor.py:830} INFO - Processing file /home/airflow/.local/lib/python3.12/site-packages/airflow/example_dags/example_bash_decorator.py for tasks to queue
[2026-02-28T22:04:13.277+0000] {logging_mixin.py:188} INFO - [2026-02-28T22:04:13.277+0000] {dagbag.py:545} INFO - Filling up the DagBag from /home/airflow/.local/lib/python3.12/site-packages/airflow/example_dags/example_bash_decorator.py
[2026-02-28T22:04:13.290+0000] {processor.py:840} INFO - DAG(s) 'example_bash_decorator' retrieved from /home/airflow/.local/lib/python3.12/site-packages/airflow/example_dags/example_bash_decorator.py
[2026-02-28T22:04:13.325+0000] {logging_mixin.py:188} INFO - [2026-02-28T22:04:13.324+0000] {dag.py:3096} INFO - Sync 1 DAGs
[2026-02-28T22:04:13.335+0000] {logging_mixin.py:188} INFO - [2026-02-28T22:04:13.334+0000] {dag.py:3954} INFO - Setting next_dagrun for example_bash_decorator to None, run_after=None
[2026-02-28T22:04:13.357+0000] {processor.py:183} INFO - Processing /home/airflow/.local/lib/python3.12/site-packages/airflow/example_dags/example_bash_decorator.py took 0.090 seconds
[2026-02-28T22:04:43.908+0000] {processor.py:161} INFO - Started process (PID=2805) to work on /home/airflow/.local/lib/python3.12/site-packages/airflow/example_dags/example_bash_decorator.py
[2026-02-28T22:04:43.909+0000] {processor.py:830} INFO - Processing file /home/airflow/.local/lib/python3.12/site-packages/airflow/example_dags/example_bash_decorator.py for tasks to queue
[2026-02-28T22:04:43.912+0000] {logging_mixin.py:188} INFO - [2026-02-28T22:04:43.911+0000] {dagbag.py:545} INFO - Filling up the DagBag from /home/airflow/.local/lib/python3.12/site-packages/airflow/example_dags/example_bash_decorator.py
[2026-02-28T22:04:43.931+0000] {processor.py:840} INFO - DAG(s) 'example_bash_decorator' retrieved from /home/airflow/.local/lib/python3.12/site-packages/airflow/example_dags/example_bash_decorator.py
[2026-02-28T22:04:43.984+0000] {logging_mixin.py:188} INFO - [2026-02-28T22:04:43.983+0000] {dag.py:3096} INFO - Sync 1 DAGs
[2026-02-28T22:04:44.012+0000] {logging_mixin.py:188} INFO - [2026-02-28T22:04:44.012+0000] {dag.py:3954} INFO - Setting next_dagrun for example_bash_decorator to None, run_after=None
[2026-02-28T22:04:44.074+0000] {processor.py:183} INFO - Processing /home/airflow/.local/lib/python3.12/site-packages/airflow/example_dags/example_bash_decorator.py took 0.177 seconds
