[2026-02-28T21:40:01.179+0000] {processor.py:161} INFO - Started process (PID=64) to work on /home/airflow/.local/lib/python3.12/site-packages/airflow/example_dags/example_branch_operator.py
[2026-02-28T21:40:01.182+0000] {processor.py:830} INFO - Processing file /home/airflow/.local/lib/python3.12/site-packages/airflow/example_dags/example_branch_operator.py for tasks to queue
[2026-02-28T21:40:01.188+0000] {logging_mixin.py:188} INFO - [2026-02-28T21:40:01.187+0000] {dagbag.py:545} INFO - Filling up the DagBag from /home/airflow/.local/lib/python3.12/site-packages/airflow/example_dags/example_branch_operator.py
[2026-02-28T21:40:01.239+0000] {processor.py:840} INFO - DAG(s) 'example_branch_operator' retrieved from /home/airflow/.local/lib/python3.12/site-packages/airflow/example_dags/example_branch_operator.py
[2026-02-28T21:40:01.290+0000] {logging_mixin.py:188} INFO - [2026-02-28T21:40:01.289+0000] {dag.py:3096} INFO - Sync 1 DAGs
[2026-02-28T21:40:01.339+0000] {logging_mixin.py:188} INFO - [2026-02-28T21:40:01.339+0000] {dag.py:3954} INFO - Setting next_dagrun for example_branch_operator to 2026-02-27 00:00:00+00:00, run_after=2026-02-28 00:00:00+00:00
[2026-02-28T21:40:01.380+0000] {processor.py:183} INFO - Processing /home/airflow/.local/lib/python3.12/site-packages/airflow/example_dags/example_branch_operator.py took 0.216 seconds
[2026-02-28T21:40:32.212+0000] {processor.py:161} INFO - Started process (PID=122) to work on /home/airflow/.local/lib/python3.12/site-packages/airflow/example_dags/example_branch_operator.py
[2026-02-28T21:40:32.213+0000] {processor.py:830} INFO - Processing file /home/airflow/.local/lib/python3.12/site-packages/airflow/example_dags/example_branch_operator.py for tasks to queue
[2026-02-28T21:40:32.215+0000] {logging_mixin.py:188} INFO - [2026-02-28T21:40:32.214+0000] {dagbag.py:545} INFO - Filling up the DagBag from /home/airflow/.local/lib/python3.12/site-packages/airflow/example_dags/example_branch_operator.py
[2026-02-28T21:40:32.227+0000] {processor.py:840} INFO - DAG(s) 'example_branch_operator' retrieved from /home/airflow/.local/lib/python3.12/site-packages/airflow/example_dags/example_branch_operator.py
[2026-02-28T21:40:32.297+0000] {logging_mixin.py:188} INFO - [2026-02-28T21:40:32.297+0000] {dag.py:3096} INFO - Sync 1 DAGs
[2026-02-28T21:40:32.311+0000] {logging_mixin.py:188} INFO - [2026-02-28T21:40:32.310+0000] {dag.py:3954} INFO - Setting next_dagrun for example_branch_operator to 2026-02-27 00:00:00+00:00, run_after=2026-02-28 00:00:00+00:00
[2026-02-28T21:40:32.325+0000] {processor.py:183} INFO - Processing /home/airflow/.local/lib/python3.12/site-packages/airflow/example_dags/example_branch_operator.py took 0.117 seconds
[2026-02-28T21:41:03.209+0000] {processor.py:161} INFO - Started process (PID=180) to work on /home/airflow/.local/lib/python3.12/site-packages/airflow/example_dags/example_branch_operator.py
[2026-02-28T21:41:03.212+0000] {processor.py:830} INFO - Processing file /home/airflow/.local/lib/python3.12/site-packages/airflow/example_dags/example_branch_operator.py for tasks to queue
[2026-02-28T21:41:03.213+0000] {logging_mixin.py:188} INFO - [2026-02-28T21:41:03.213+0000] {dagbag.py:545} INFO - Filling up the DagBag from /home/airflow/.local/lib/python3.12/site-packages/airflow/example_dags/example_branch_operator.py
[2026-02-28T21:41:03.223+0000] {processor.py:840} INFO - DAG(s) 'example_branch_operator' retrieved from /home/airflow/.local/lib/python3.12/site-packages/airflow/example_dags/example_branch_operator.py
[2026-02-28T21:41:03.249+0000] {logging_mixin.py:188} INFO - [2026-02-28T21:41:03.249+0000] {dag.py:3096} INFO - Sync 1 DAGs
[2026-02-28T21:41:03.273+0000] {logging_mixin.py:188} INFO - [2026-02-28T21:41:03.273+0000] {dag.py:3954} INFO - Setting next_dagrun for example_branch_operator to 2026-02-27 00:00:00+00:00, run_after=2026-02-28 00:00:00+00:00
[2026-02-28T21:41:03.288+0000] {processor.py:183} INFO - Processing /home/airflow/.local/lib/python3.12/site-packages/airflow/example_dags/example_branch_operator.py took 0.084 seconds
[2026-02-28T21:41:34.129+0000] {processor.py:161} INFO - Started process (PID=238) to work on /home/airflow/.local/lib/python3.12/site-packages/airflow/example_dags/example_branch_operator.py
[2026-02-28T21:41:34.130+0000] {processor.py:830} INFO - Processing file /home/airflow/.local/lib/python3.12/site-packages/airflow/example_dags/example_branch_operator.py for tasks to queue
[2026-02-28T21:41:34.131+0000] {logging_mixin.py:188} INFO - [2026-02-28T21:41:34.130+0000] {dagbag.py:545} INFO - Filling up the DagBag from /home/airflow/.local/lib/python3.12/site-packages/airflow/example_dags/example_branch_operator.py
[2026-02-28T21:41:34.138+0000] {processor.py:840} INFO - DAG(s) 'example_branch_operator' retrieved from /home/airflow/.local/lib/python3.12/site-packages/airflow/example_dags/example_branch_operator.py
[2026-02-28T21:41:34.151+0000] {logging_mixin.py:188} INFO - [2026-02-28T21:41:34.151+0000] {dag.py:3096} INFO - Sync 1 DAGs
[2026-02-28T21:41:34.160+0000] {logging_mixin.py:188} INFO - [2026-02-28T21:41:34.160+0000] {dag.py:3954} INFO - Setting next_dagrun for example_branch_operator to 2026-02-27 00:00:00+00:00, run_after=2026-02-28 00:00:00+00:00
[2026-02-28T21:41:34.168+0000] {processor.py:183} INFO - Processing /home/airflow/.local/lib/python3.12/site-packages/airflow/example_dags/example_branch_operator.py took 0.042 seconds
[2026-02-28T21:42:04.483+0000] {processor.py:161} INFO - Started process (PID=296) to work on /home/airflow/.local/lib/python3.12/site-packages/airflow/example_dags/example_branch_operator.py
[2026-02-28T21:42:04.484+0000] {processor.py:830} INFO - Processing file /home/airflow/.local/lib/python3.12/site-packages/airflow/example_dags/example_branch_operator.py for tasks to queue
[2026-02-28T21:42:04.485+0000] {logging_mixin.py:188} INFO - [2026-02-28T21:42:04.485+0000] {dagbag.py:545} INFO - Filling up the DagBag from /home/airflow/.local/lib/python3.12/site-packages/airflow/example_dags/example_branch_operator.py
[2026-02-28T21:42:04.493+0000] {processor.py:840} INFO - DAG(s) 'example_branch_operator' retrieved from /home/airflow/.local/lib/python3.12/site-packages/airflow/example_dags/example_branch_operator.py
[2026-02-28T21:42:04.506+0000] {logging_mixin.py:188} INFO - [2026-02-28T21:42:04.506+0000] {dag.py:3096} INFO - Sync 1 DAGs
[2026-02-28T21:42:04.515+0000] {logging_mixin.py:188} INFO - [2026-02-28T21:42:04.515+0000] {dag.py:3954} INFO - Setting next_dagrun for example_branch_operator to 2026-02-27 00:00:00+00:00, run_after=2026-02-28 00:00:00+00:00
[2026-02-28T21:42:04.523+0000] {processor.py:183} INFO - Processing /home/airflow/.local/lib/python3.12/site-packages/airflow/example_dags/example_branch_operator.py took 0.042 seconds
[2026-02-28T21:42:34.855+0000] {processor.py:161} INFO - Started process (PID=355) to work on /home/airflow/.local/lib/python3.12/site-packages/airflow/example_dags/example_branch_operator.py
[2026-02-28T21:42:34.855+0000] {processor.py:830} INFO - Processing file /home/airflow/.local/lib/python3.12/site-packages/airflow/example_dags/example_branch_operator.py for tasks to queue
[2026-02-28T21:42:34.857+0000] {logging_mixin.py:188} INFO - [2026-02-28T21:42:34.856+0000] {dagbag.py:545} INFO - Filling up the DagBag from /home/airflow/.local/lib/python3.12/site-packages/airflow/example_dags/example_branch_operator.py
[2026-02-28T21:42:34.868+0000] {processor.py:840} INFO - DAG(s) 'example_branch_operator' retrieved from /home/airflow/.local/lib/python3.12/site-packages/airflow/example_dags/example_branch_operator.py
[2026-02-28T21:42:34.885+0000] {logging_mixin.py:188} INFO - [2026-02-28T21:42:34.885+0000] {dag.py:3096} INFO - Sync 1 DAGs
[2026-02-28T21:42:34.899+0000] {logging_mixin.py:188} INFO - [2026-02-28T21:42:34.899+0000] {dag.py:3954} INFO - Setting next_dagrun for example_branch_operator to 2026-02-27 00:00:00+00:00, run_after=2026-02-28 00:00:00+00:00
[2026-02-28T21:42:34.910+0000] {processor.py:183} INFO - Processing /home/airflow/.local/lib/python3.12/site-packages/airflow/example_dags/example_branch_operator.py took 0.059 seconds
[2026-02-28T21:43:05.547+0000] {processor.py:161} INFO - Started process (PID=413) to work on /home/airflow/.local/lib/python3.12/site-packages/airflow/example_dags/example_branch_operator.py
[2026-02-28T21:43:05.548+0000] {processor.py:830} INFO - Processing file /home/airflow/.local/lib/python3.12/site-packages/airflow/example_dags/example_branch_operator.py for tasks to queue
[2026-02-28T21:43:05.549+0000] {logging_mixin.py:188} INFO - [2026-02-28T21:43:05.548+0000] {dagbag.py:545} INFO - Filling up the DagBag from /home/airflow/.local/lib/python3.12/site-packages/airflow/example_dags/example_branch_operator.py
[2026-02-28T21:43:05.556+0000] {processor.py:840} INFO - DAG(s) 'example_branch_operator' retrieved from /home/airflow/.local/lib/python3.12/site-packages/airflow/example_dags/example_branch_operator.py
[2026-02-28T21:43:05.569+0000] {logging_mixin.py:188} INFO - [2026-02-28T21:43:05.569+0000] {dag.py:3096} INFO - Sync 1 DAGs
[2026-02-28T21:43:05.579+0000] {logging_mixin.py:188} INFO - [2026-02-28T21:43:05.579+0000] {dag.py:3954} INFO - Setting next_dagrun for example_branch_operator to 2026-02-27 00:00:00+00:00, run_after=2026-02-28 00:00:00+00:00
[2026-02-28T21:43:05.587+0000] {processor.py:183} INFO - Processing /home/airflow/.local/lib/python3.12/site-packages/airflow/example_dags/example_branch_operator.py took 0.043 seconds
[2026-02-28T21:43:35.844+0000] {processor.py:161} INFO - Started process (PID=471) to work on /home/airflow/.local/lib/python3.12/site-packages/airflow/example_dags/example_branch_operator.py
[2026-02-28T21:43:35.846+0000] {processor.py:830} INFO - Processing file /home/airflow/.local/lib/python3.12/site-packages/airflow/example_dags/example_branch_operator.py for tasks to queue
[2026-02-28T21:43:35.847+0000] {logging_mixin.py:188} INFO - [2026-02-28T21:43:35.847+0000] {dagbag.py:545} INFO - Filling up the DagBag from /home/airflow/.local/lib/python3.12/site-packages/airflow/example_dags/example_branch_operator.py
[2026-02-28T21:43:35.855+0000] {processor.py:840} INFO - DAG(s) 'example_branch_operator' retrieved from /home/airflow/.local/lib/python3.12/site-packages/airflow/example_dags/example_branch_operator.py
[2026-02-28T21:43:35.867+0000] {logging_mixin.py:188} INFO - [2026-02-28T21:43:35.867+0000] {dag.py:3096} INFO - Sync 1 DAGs
[2026-02-28T21:43:35.876+0000] {logging_mixin.py:188} INFO - [2026-02-28T21:43:35.876+0000] {dag.py:3954} INFO - Setting next_dagrun for example_branch_operator to 2026-02-27 00:00:00+00:00, run_after=2026-02-28 00:00:00+00:00
[2026-02-28T21:43:35.884+0000] {processor.py:183} INFO - Processing /home/airflow/.local/lib/python3.12/site-packages/airflow/example_dags/example_branch_operator.py took 0.043 seconds
[2026-02-28T21:44:28.919+0000] {processor.py:161} INFO - Started process (PID=529) to work on /home/airflow/.local/lib/python3.12/site-packages/airflow/example_dags/example_branch_operator.py
[2026-02-28T21:44:28.922+0000] {processor.py:830} INFO - Processing file /home/airflow/.local/lib/python3.12/site-packages/airflow/example_dags/example_branch_operator.py for tasks to queue
[2026-02-28T21:44:28.926+0000] {logging_mixin.py:188} INFO - [2026-02-28T21:44:28.924+0000] {dagbag.py:545} INFO - Filling up the DagBag from /home/airflow/.local/lib/python3.12/site-packages/airflow/example_dags/example_branch_operator.py
[2026-02-28T21:44:28.979+0000] {processor.py:840} INFO - DAG(s) 'example_branch_operator' retrieved from /home/airflow/.local/lib/python3.12/site-packages/airflow/example_dags/example_branch_operator.py
[2026-02-28T21:44:29.068+0000] {logging_mixin.py:188} INFO - [2026-02-28T21:44:29.067+0000] {dag.py:3096} INFO - Sync 1 DAGs
[2026-02-28T21:44:29.194+0000] {logging_mixin.py:188} INFO - [2026-02-28T21:44:29.184+0000] {dag.py:3954} INFO - Setting next_dagrun for example_branch_operator to 2026-02-27 00:00:00+00:00, run_after=2026-02-28 00:00:00+00:00
[2026-02-28T21:44:29.272+0000] {processor.py:183} INFO - Processing /home/airflow/.local/lib/python3.12/site-packages/airflow/example_dags/example_branch_operator.py took 0.358 seconds
[2026-02-28T21:44:59.338+0000] {processor.py:161} INFO - Started process (PID=587) to work on /home/airflow/.local/lib/python3.12/site-packages/airflow/example_dags/example_branch_operator.py
[2026-02-28T21:44:59.339+0000] {processor.py:830} INFO - Processing file /home/airflow/.local/lib/python3.12/site-packages/airflow/example_dags/example_branch_operator.py for tasks to queue
[2026-02-28T21:44:59.342+0000] {logging_mixin.py:188} INFO - [2026-02-28T21:44:59.341+0000] {dagbag.py:545} INFO - Filling up the DagBag from /home/airflow/.local/lib/python3.12/site-packages/airflow/example_dags/example_branch_operator.py
[2026-02-28T21:44:59.352+0000] {processor.py:840} INFO - DAG(s) 'example_branch_operator' retrieved from /home/airflow/.local/lib/python3.12/site-packages/airflow/example_dags/example_branch_operator.py
[2026-02-28T21:44:59.368+0000] {logging_mixin.py:188} INFO - [2026-02-28T21:44:59.368+0000] {dag.py:3096} INFO - Sync 1 DAGs
[2026-02-28T21:44:59.378+0000] {logging_mixin.py:188} INFO - [2026-02-28T21:44:59.378+0000] {dag.py:3954} INFO - Setting next_dagrun for example_branch_operator to 2026-02-27 00:00:00+00:00, run_after=2026-02-28 00:00:00+00:00
[2026-02-28T21:44:59.387+0000] {processor.py:183} INFO - Processing /home/airflow/.local/lib/python3.12/site-packages/airflow/example_dags/example_branch_operator.py took 0.053 seconds
[2026-02-28T21:45:29.755+0000] {processor.py:161} INFO - Started process (PID=645) to work on /home/airflow/.local/lib/python3.12/site-packages/airflow/example_dags/example_branch_operator.py
[2026-02-28T21:45:29.756+0000] {processor.py:830} INFO - Processing file /home/airflow/.local/lib/python3.12/site-packages/airflow/example_dags/example_branch_operator.py for tasks to queue
[2026-02-28T21:45:29.758+0000] {logging_mixin.py:188} INFO - [2026-02-28T21:45:29.757+0000] {dagbag.py:545} INFO - Filling up the DagBag from /home/airflow/.local/lib/python3.12/site-packages/airflow/example_dags/example_branch_operator.py
[2026-02-28T21:45:29.777+0000] {processor.py:840} INFO - DAG(s) 'example_branch_operator' retrieved from /home/airflow/.local/lib/python3.12/site-packages/airflow/example_dags/example_branch_operator.py
[2026-02-28T21:45:29.793+0000] {logging_mixin.py:188} INFO - [2026-02-28T21:45:29.793+0000] {dag.py:3096} INFO - Sync 1 DAGs
[2026-02-28T21:45:29.805+0000] {logging_mixin.py:188} INFO - [2026-02-28T21:45:29.805+0000] {dag.py:3954} INFO - Setting next_dagrun for example_branch_operator to 2026-02-27 00:00:00+00:00, run_after=2026-02-28 00:00:00+00:00
[2026-02-28T21:45:29.815+0000] {processor.py:183} INFO - Processing /home/airflow/.local/lib/python3.12/site-packages/airflow/example_dags/example_branch_operator.py took 0.064 seconds
[2026-02-28T21:46:00.036+0000] {processor.py:161} INFO - Started process (PID=703) to work on /home/airflow/.local/lib/python3.12/site-packages/airflow/example_dags/example_branch_operator.py
[2026-02-28T21:46:00.037+0000] {processor.py:830} INFO - Processing file /home/airflow/.local/lib/python3.12/site-packages/airflow/example_dags/example_branch_operator.py for tasks to queue
[2026-02-28T21:46:00.037+0000] {logging_mixin.py:188} INFO - [2026-02-28T21:46:00.037+0000] {dagbag.py:545} INFO - Filling up the DagBag from /home/airflow/.local/lib/python3.12/site-packages/airflow/example_dags/example_branch_operator.py
[2026-02-28T21:46:00.045+0000] {processor.py:840} INFO - DAG(s) 'example_branch_operator' retrieved from /home/airflow/.local/lib/python3.12/site-packages/airflow/example_dags/example_branch_operator.py
[2026-02-28T21:46:00.058+0000] {logging_mixin.py:188} INFO - [2026-02-28T21:46:00.058+0000] {dag.py:3096} INFO - Sync 1 DAGs
[2026-02-28T21:46:00.068+0000] {logging_mixin.py:188} INFO - [2026-02-28T21:46:00.068+0000] {dag.py:3954} INFO - Setting next_dagrun for example_branch_operator to 2026-02-27 00:00:00+00:00, run_after=2026-02-28 00:00:00+00:00
[2026-02-28T21:46:00.075+0000] {processor.py:183} INFO - Processing /home/airflow/.local/lib/python3.12/site-packages/airflow/example_dags/example_branch_operator.py took 0.043 seconds
[2026-02-28T21:46:31.092+0000] {processor.py:161} INFO - Started process (PID=761) to work on /home/airflow/.local/lib/python3.12/site-packages/airflow/example_dags/example_branch_operator.py
[2026-02-28T21:46:31.093+0000] {processor.py:830} INFO - Processing file /home/airflow/.local/lib/python3.12/site-packages/airflow/example_dags/example_branch_operator.py for tasks to queue
[2026-02-28T21:46:31.094+0000] {logging_mixin.py:188} INFO - [2026-02-28T21:46:31.094+0000] {dagbag.py:545} INFO - Filling up the DagBag from /home/airflow/.local/lib/python3.12/site-packages/airflow/example_dags/example_branch_operator.py
[2026-02-28T21:46:31.104+0000] {processor.py:840} INFO - DAG(s) 'example_branch_operator' retrieved from /home/airflow/.local/lib/python3.12/site-packages/airflow/example_dags/example_branch_operator.py
[2026-02-28T21:46:31.118+0000] {logging_mixin.py:188} INFO - [2026-02-28T21:46:31.118+0000] {dag.py:3096} INFO - Sync 1 DAGs
[2026-02-28T21:46:31.129+0000] {logging_mixin.py:188} INFO - [2026-02-28T21:46:31.129+0000] {dag.py:3954} INFO - Setting next_dagrun for example_branch_operator to 2026-02-27 00:00:00+00:00, run_after=2026-02-28 00:00:00+00:00
[2026-02-28T21:46:31.138+0000] {processor.py:183} INFO - Processing /home/airflow/.local/lib/python3.12/site-packages/airflow/example_dags/example_branch_operator.py took 0.050 seconds
[2026-02-28T21:47:02.041+0000] {processor.py:161} INFO - Started process (PID=819) to work on /home/airflow/.local/lib/python3.12/site-packages/airflow/example_dags/example_branch_operator.py
[2026-02-28T21:47:02.042+0000] {processor.py:830} INFO - Processing file /home/airflow/.local/lib/python3.12/site-packages/airflow/example_dags/example_branch_operator.py for tasks to queue
[2026-02-28T21:47:02.043+0000] {logging_mixin.py:188} INFO - [2026-02-28T21:47:02.043+0000] {dagbag.py:545} INFO - Filling up the DagBag from /home/airflow/.local/lib/python3.12/site-packages/airflow/example_dags/example_branch_operator.py
[2026-02-28T21:47:02.050+0000] {processor.py:840} INFO - DAG(s) 'example_branch_operator' retrieved from /home/airflow/.local/lib/python3.12/site-packages/airflow/example_dags/example_branch_operator.py
[2026-02-28T21:47:02.063+0000] {logging_mixin.py:188} INFO - [2026-02-28T21:47:02.063+0000] {dag.py:3096} INFO - Sync 1 DAGs
[2026-02-28T21:47:02.073+0000] {logging_mixin.py:188} INFO - [2026-02-28T21:47:02.072+0000] {dag.py:3954} INFO - Setting next_dagrun for example_branch_operator to 2026-02-27 00:00:00+00:00, run_after=2026-02-28 00:00:00+00:00
[2026-02-28T21:47:02.081+0000] {processor.py:183} INFO - Processing /home/airflow/.local/lib/python3.12/site-packages/airflow/example_dags/example_branch_operator.py took 0.043 seconds
[2026-02-28T21:47:32.864+0000] {processor.py:161} INFO - Started process (PID=877) to work on /home/airflow/.local/lib/python3.12/site-packages/airflow/example_dags/example_branch_operator.py
[2026-02-28T21:47:32.865+0000] {processor.py:830} INFO - Processing file /home/airflow/.local/lib/python3.12/site-packages/airflow/example_dags/example_branch_operator.py for tasks to queue
[2026-02-28T21:47:32.866+0000] {logging_mixin.py:188} INFO - [2026-02-28T21:47:32.865+0000] {dagbag.py:545} INFO - Filling up the DagBag from /home/airflow/.local/lib/python3.12/site-packages/airflow/example_dags/example_branch_operator.py
[2026-02-28T21:47:32.874+0000] {processor.py:840} INFO - DAG(s) 'example_branch_operator' retrieved from /home/airflow/.local/lib/python3.12/site-packages/airflow/example_dags/example_branch_operator.py
[2026-02-28T21:47:32.886+0000] {logging_mixin.py:188} INFO - [2026-02-28T21:47:32.886+0000] {dag.py:3096} INFO - Sync 1 DAGs
[2026-02-28T21:47:32.896+0000] {logging_mixin.py:188} INFO - [2026-02-28T21:47:32.896+0000] {dag.py:3954} INFO - Setting next_dagrun for example_branch_operator to 2026-02-27 00:00:00+00:00, run_after=2026-02-28 00:00:00+00:00
[2026-02-28T21:47:32.903+0000] {processor.py:183} INFO - Processing /home/airflow/.local/lib/python3.12/site-packages/airflow/example_dags/example_branch_operator.py took 0.043 seconds
[2026-02-28T21:48:03.391+0000] {processor.py:161} INFO - Started process (PID=935) to work on /home/airflow/.local/lib/python3.12/site-packages/airflow/example_dags/example_branch_operator.py
[2026-02-28T21:48:03.392+0000] {processor.py:830} INFO - Processing file /home/airflow/.local/lib/python3.12/site-packages/airflow/example_dags/example_branch_operator.py for tasks to queue
[2026-02-28T21:48:03.394+0000] {logging_mixin.py:188} INFO - [2026-02-28T21:48:03.394+0000] {dagbag.py:545} INFO - Filling up the DagBag from /home/airflow/.local/lib/python3.12/site-packages/airflow/example_dags/example_branch_operator.py
[2026-02-28T21:48:03.406+0000] {processor.py:840} INFO - DAG(s) 'example_branch_operator' retrieved from /home/airflow/.local/lib/python3.12/site-packages/airflow/example_dags/example_branch_operator.py
[2026-02-28T21:48:03.437+0000] {logging_mixin.py:188} INFO - [2026-02-28T21:48:03.437+0000] {dag.py:3096} INFO - Sync 1 DAGs
[2026-02-28T21:48:03.459+0000] {logging_mixin.py:188} INFO - [2026-02-28T21:48:03.458+0000] {dag.py:3954} INFO - Setting next_dagrun for example_branch_operator to 2026-02-27 00:00:00+00:00, run_after=2026-02-28 00:00:00+00:00
[2026-02-28T21:48:03.474+0000] {processor.py:183} INFO - Processing /home/airflow/.local/lib/python3.12/site-packages/airflow/example_dags/example_branch_operator.py took 0.087 seconds
[2026-02-28T21:48:33.597+0000] {processor.py:161} INFO - Started process (PID=991) to work on /home/airflow/.local/lib/python3.12/site-packages/airflow/example_dags/example_branch_operator.py
[2026-02-28T21:48:33.599+0000] {processor.py:830} INFO - Processing file /home/airflow/.local/lib/python3.12/site-packages/airflow/example_dags/example_branch_operator.py for tasks to queue
[2026-02-28T21:48:33.600+0000] {logging_mixin.py:188} INFO - [2026-02-28T21:48:33.600+0000] {dagbag.py:545} INFO - Filling up the DagBag from /home/airflow/.local/lib/python3.12/site-packages/airflow/example_dags/example_branch_operator.py
[2026-02-28T21:48:33.613+0000] {processor.py:840} INFO - DAG(s) 'example_branch_operator' retrieved from /home/airflow/.local/lib/python3.12/site-packages/airflow/example_dags/example_branch_operator.py
[2026-02-28T21:48:33.642+0000] {logging_mixin.py:188} INFO - [2026-02-28T21:48:33.642+0000] {dag.py:3096} INFO - Sync 1 DAGs
[2026-02-28T21:48:33.657+0000] {logging_mixin.py:188} INFO - [2026-02-28T21:48:33.657+0000] {dag.py:3954} INFO - Setting next_dagrun for example_branch_operator to 2026-02-27 00:00:00+00:00, run_after=2026-02-28 00:00:00+00:00
[2026-02-28T21:48:33.684+0000] {processor.py:183} INFO - Processing /home/airflow/.local/lib/python3.12/site-packages/airflow/example_dags/example_branch_operator.py took 0.096 seconds
[2026-02-28T21:49:04.021+0000] {processor.py:161} INFO - Started process (PID=1049) to work on /home/airflow/.local/lib/python3.12/site-packages/airflow/example_dags/example_branch_operator.py
[2026-02-28T21:49:04.023+0000] {processor.py:830} INFO - Processing file /home/airflow/.local/lib/python3.12/site-packages/airflow/example_dags/example_branch_operator.py for tasks to queue
[2026-02-28T21:49:04.025+0000] {logging_mixin.py:188} INFO - [2026-02-28T21:49:04.025+0000] {dagbag.py:545} INFO - Filling up the DagBag from /home/airflow/.local/lib/python3.12/site-packages/airflow/example_dags/example_branch_operator.py
[2026-02-28T21:49:04.038+0000] {processor.py:840} INFO - DAG(s) 'example_branch_operator' retrieved from /home/airflow/.local/lib/python3.12/site-packages/airflow/example_dags/example_branch_operator.py
[2026-02-28T21:49:04.057+0000] {logging_mixin.py:188} INFO - [2026-02-28T21:49:04.056+0000] {dag.py:3096} INFO - Sync 1 DAGs
[2026-02-28T21:49:04.069+0000] {logging_mixin.py:188} INFO - [2026-02-28T21:49:04.069+0000] {dag.py:3954} INFO - Setting next_dagrun for example_branch_operator to 2026-02-27 00:00:00+00:00, run_after=2026-02-28 00:00:00+00:00
[2026-02-28T21:49:04.079+0000] {processor.py:183} INFO - Processing /home/airflow/.local/lib/python3.12/site-packages/airflow/example_dags/example_branch_operator.py took 0.065 seconds
[2026-02-28T21:49:34.846+0000] {processor.py:161} INFO - Started process (PID=1107) to work on /home/airflow/.local/lib/python3.12/site-packages/airflow/example_dags/example_branch_operator.py
[2026-02-28T21:49:34.848+0000] {processor.py:830} INFO - Processing file /home/airflow/.local/lib/python3.12/site-packages/airflow/example_dags/example_branch_operator.py for tasks to queue
[2026-02-28T21:49:34.849+0000] {logging_mixin.py:188} INFO - [2026-02-28T21:49:34.849+0000] {dagbag.py:545} INFO - Filling up the DagBag from /home/airflow/.local/lib/python3.12/site-packages/airflow/example_dags/example_branch_operator.py
[2026-02-28T21:49:34.859+0000] {processor.py:840} INFO - DAG(s) 'example_branch_operator' retrieved from /home/airflow/.local/lib/python3.12/site-packages/airflow/example_dags/example_branch_operator.py
[2026-02-28T21:49:34.876+0000] {logging_mixin.py:188} INFO - [2026-02-28T21:49:34.876+0000] {dag.py:3096} INFO - Sync 1 DAGs
[2026-02-28T21:49:34.889+0000] {logging_mixin.py:188} INFO - [2026-02-28T21:49:34.889+0000] {dag.py:3954} INFO - Setting next_dagrun for example_branch_operator to 2026-02-27 00:00:00+00:00, run_after=2026-02-28 00:00:00+00:00
[2026-02-28T21:49:34.899+0000] {processor.py:183} INFO - Processing /home/airflow/.local/lib/python3.12/site-packages/airflow/example_dags/example_branch_operator.py took 0.058 seconds
[2026-02-28T21:50:05.759+0000] {processor.py:161} INFO - Started process (PID=1165) to work on /home/airflow/.local/lib/python3.12/site-packages/airflow/example_dags/example_branch_operator.py
[2026-02-28T21:50:05.762+0000] {processor.py:830} INFO - Processing file /home/airflow/.local/lib/python3.12/site-packages/airflow/example_dags/example_branch_operator.py for tasks to queue
[2026-02-28T21:50:05.766+0000] {logging_mixin.py:188} INFO - [2026-02-28T21:50:05.766+0000] {dagbag.py:545} INFO - Filling up the DagBag from /home/airflow/.local/lib/python3.12/site-packages/airflow/example_dags/example_branch_operator.py
[2026-02-28T21:50:05.784+0000] {processor.py:840} INFO - DAG(s) 'example_branch_operator' retrieved from /home/airflow/.local/lib/python3.12/site-packages/airflow/example_dags/example_branch_operator.py
[2026-02-28T21:50:05.827+0000] {logging_mixin.py:188} INFO - [2026-02-28T21:50:05.827+0000] {dag.py:3096} INFO - Sync 1 DAGs
[2026-02-28T21:50:05.850+0000] {logging_mixin.py:188} INFO - [2026-02-28T21:50:05.850+0000] {dag.py:3954} INFO - Setting next_dagrun for example_branch_operator to 2026-02-27 00:00:00+00:00, run_after=2026-02-28 00:00:00+00:00
[2026-02-28T21:50:05.863+0000] {processor.py:183} INFO - Processing /home/airflow/.local/lib/python3.12/site-packages/airflow/example_dags/example_branch_operator.py took 0.110 seconds
[2026-02-28T21:50:36.477+0000] {processor.py:161} INFO - Started process (PID=1223) to work on /home/airflow/.local/lib/python3.12/site-packages/airflow/example_dags/example_branch_operator.py
[2026-02-28T21:50:36.478+0000] {processor.py:830} INFO - Processing file /home/airflow/.local/lib/python3.12/site-packages/airflow/example_dags/example_branch_operator.py for tasks to queue
[2026-02-28T21:50:36.482+0000] {logging_mixin.py:188} INFO - [2026-02-28T21:50:36.481+0000] {dagbag.py:545} INFO - Filling up the DagBag from /home/airflow/.local/lib/python3.12/site-packages/airflow/example_dags/example_branch_operator.py
[2026-02-28T21:50:36.505+0000] {processor.py:840} INFO - DAG(s) 'example_branch_operator' retrieved from /home/airflow/.local/lib/python3.12/site-packages/airflow/example_dags/example_branch_operator.py
[2026-02-28T21:50:36.533+0000] {logging_mixin.py:188} INFO - [2026-02-28T21:50:36.533+0000] {dag.py:3096} INFO - Sync 1 DAGs
[2026-02-28T21:50:36.548+0000] {logging_mixin.py:188} INFO - [2026-02-28T21:50:36.548+0000] {dag.py:3954} INFO - Setting next_dagrun for example_branch_operator to 2026-02-27 00:00:00+00:00, run_after=2026-02-28 00:00:00+00:00
[2026-02-28T21:50:36.559+0000] {processor.py:183} INFO - Processing /home/airflow/.local/lib/python3.12/site-packages/airflow/example_dags/example_branch_operator.py took 0.089 seconds
[2026-02-28T21:51:06.767+0000] {processor.py:161} INFO - Started process (PID=1281) to work on /home/airflow/.local/lib/python3.12/site-packages/airflow/example_dags/example_branch_operator.py
[2026-02-28T21:51:06.769+0000] {processor.py:830} INFO - Processing file /home/airflow/.local/lib/python3.12/site-packages/airflow/example_dags/example_branch_operator.py for tasks to queue
[2026-02-28T21:51:06.773+0000] {logging_mixin.py:188} INFO - [2026-02-28T21:51:06.772+0000] {dagbag.py:545} INFO - Filling up the DagBag from /home/airflow/.local/lib/python3.12/site-packages/airflow/example_dags/example_branch_operator.py
[2026-02-28T21:51:06.790+0000] {processor.py:840} INFO - DAG(s) 'example_branch_operator' retrieved from /home/airflow/.local/lib/python3.12/site-packages/airflow/example_dags/example_branch_operator.py
[2026-02-28T21:51:06.809+0000] {logging_mixin.py:188} INFO - [2026-02-28T21:51:06.808+0000] {dag.py:3096} INFO - Sync 1 DAGs
[2026-02-28T21:51:06.819+0000] {logging_mixin.py:188} INFO - [2026-02-28T21:51:06.819+0000] {dag.py:3954} INFO - Setting next_dagrun for example_branch_operator to 2026-02-27 00:00:00+00:00, run_after=2026-02-28 00:00:00+00:00
[2026-02-28T21:51:06.827+0000] {processor.py:183} INFO - Processing /home/airflow/.local/lib/python3.12/site-packages/airflow/example_dags/example_branch_operator.py took 0.068 seconds
[2026-02-28T21:51:37.881+0000] {processor.py:161} INFO - Started process (PID=1339) to work on /home/airflow/.local/lib/python3.12/site-packages/airflow/example_dags/example_branch_operator.py
[2026-02-28T21:51:37.883+0000] {processor.py:830} INFO - Processing file /home/airflow/.local/lib/python3.12/site-packages/airflow/example_dags/example_branch_operator.py for tasks to queue
[2026-02-28T21:51:37.886+0000] {logging_mixin.py:188} INFO - [2026-02-28T21:51:37.886+0000] {dagbag.py:545} INFO - Filling up the DagBag from /home/airflow/.local/lib/python3.12/site-packages/airflow/example_dags/example_branch_operator.py
[2026-02-28T21:51:37.906+0000] {processor.py:840} INFO - DAG(s) 'example_branch_operator' retrieved from /home/airflow/.local/lib/python3.12/site-packages/airflow/example_dags/example_branch_operator.py
[2026-02-28T21:51:37.941+0000] {logging_mixin.py:188} INFO - [2026-02-28T21:51:37.941+0000] {dag.py:3096} INFO - Sync 1 DAGs
[2026-02-28T21:51:37.963+0000] {logging_mixin.py:188} INFO - [2026-02-28T21:51:37.962+0000] {dag.py:3954} INFO - Setting next_dagrun for example_branch_operator to 2026-02-27 00:00:00+00:00, run_after=2026-02-28 00:00:00+00:00
[2026-02-28T21:51:37.987+0000] {processor.py:183} INFO - Processing /home/airflow/.local/lib/python3.12/site-packages/airflow/example_dags/example_branch_operator.py took 0.111 seconds
[2026-02-28T21:52:08.287+0000] {processor.py:161} INFO - Started process (PID=1397) to work on /home/airflow/.local/lib/python3.12/site-packages/airflow/example_dags/example_branch_operator.py
[2026-02-28T21:52:08.288+0000] {processor.py:830} INFO - Processing file /home/airflow/.local/lib/python3.12/site-packages/airflow/example_dags/example_branch_operator.py for tasks to queue
[2026-02-28T21:52:08.290+0000] {logging_mixin.py:188} INFO - [2026-02-28T21:52:08.290+0000] {dagbag.py:545} INFO - Filling up the DagBag from /home/airflow/.local/lib/python3.12/site-packages/airflow/example_dags/example_branch_operator.py
[2026-02-28T21:52:08.304+0000] {processor.py:840} INFO - DAG(s) 'example_branch_operator' retrieved from /home/airflow/.local/lib/python3.12/site-packages/airflow/example_dags/example_branch_operator.py
[2026-02-28T21:52:08.319+0000] {logging_mixin.py:188} INFO - [2026-02-28T21:52:08.319+0000] {dag.py:3096} INFO - Sync 1 DAGs
[2026-02-28T21:52:08.337+0000] {logging_mixin.py:188} INFO - [2026-02-28T21:52:08.337+0000] {dag.py:3954} INFO - Setting next_dagrun for example_branch_operator to 2026-02-27 00:00:00+00:00, run_after=2026-02-28 00:00:00+00:00
[2026-02-28T21:52:08.348+0000] {processor.py:183} INFO - Processing /home/airflow/.local/lib/python3.12/site-packages/airflow/example_dags/example_branch_operator.py took 0.065 seconds
[2026-02-28T21:52:39.457+0000] {processor.py:161} INFO - Started process (PID=1455) to work on /home/airflow/.local/lib/python3.12/site-packages/airflow/example_dags/example_branch_operator.py
[2026-02-28T21:52:39.458+0000] {processor.py:830} INFO - Processing file /home/airflow/.local/lib/python3.12/site-packages/airflow/example_dags/example_branch_operator.py for tasks to queue
[2026-02-28T21:52:39.459+0000] {logging_mixin.py:188} INFO - [2026-02-28T21:52:39.459+0000] {dagbag.py:545} INFO - Filling up the DagBag from /home/airflow/.local/lib/python3.12/site-packages/airflow/example_dags/example_branch_operator.py
[2026-02-28T21:52:39.467+0000] {processor.py:840} INFO - DAG(s) 'example_branch_operator' retrieved from /home/airflow/.local/lib/python3.12/site-packages/airflow/example_dags/example_branch_operator.py
[2026-02-28T21:52:39.482+0000] {logging_mixin.py:188} INFO - [2026-02-28T21:52:39.482+0000] {dag.py:3096} INFO - Sync 1 DAGs
[2026-02-28T21:52:39.492+0000] {logging_mixin.py:188} INFO - [2026-02-28T21:52:39.492+0000] {dag.py:3954} INFO - Setting next_dagrun for example_branch_operator to 2026-02-27 00:00:00+00:00, run_after=2026-02-28 00:00:00+00:00
[2026-02-28T21:52:39.501+0000] {processor.py:183} INFO - Processing /home/airflow/.local/lib/python3.12/site-packages/airflow/example_dags/example_branch_operator.py took 0.047 seconds
[2026-02-28T21:53:11.154+0000] {processor.py:161} INFO - Started process (PID=1513) to work on /home/airflow/.local/lib/python3.12/site-packages/airflow/example_dags/example_branch_operator.py
[2026-02-28T21:53:11.155+0000] {processor.py:830} INFO - Processing file /home/airflow/.local/lib/python3.12/site-packages/airflow/example_dags/example_branch_operator.py for tasks to queue
[2026-02-28T21:53:11.156+0000] {logging_mixin.py:188} INFO - [2026-02-28T21:53:11.155+0000] {dagbag.py:545} INFO - Filling up the DagBag from /home/airflow/.local/lib/python3.12/site-packages/airflow/example_dags/example_branch_operator.py
[2026-02-28T21:53:11.165+0000] {processor.py:840} INFO - DAG(s) 'example_branch_operator' retrieved from /home/airflow/.local/lib/python3.12/site-packages/airflow/example_dags/example_branch_operator.py
[2026-02-28T21:53:11.266+0000] {logging_mixin.py:188} INFO - [2026-02-28T21:53:11.266+0000] {dag.py:3096} INFO - Sync 1 DAGs
[2026-02-28T21:53:11.274+0000] {logging_mixin.py:188} INFO - [2026-02-28T21:53:11.274+0000] {dag.py:3954} INFO - Setting next_dagrun for example_branch_operator to 2026-02-27 00:00:00+00:00, run_after=2026-02-28 00:00:00+00:00
[2026-02-28T21:53:11.281+0000] {processor.py:183} INFO - Processing /home/airflow/.local/lib/python3.12/site-packages/airflow/example_dags/example_branch_operator.py took 0.130 seconds
[2026-02-28T21:53:42.368+0000] {processor.py:161} INFO - Started process (PID=1571) to work on /home/airflow/.local/lib/python3.12/site-packages/airflow/example_dags/example_branch_operator.py
[2026-02-28T21:53:42.369+0000] {processor.py:830} INFO - Processing file /home/airflow/.local/lib/python3.12/site-packages/airflow/example_dags/example_branch_operator.py for tasks to queue
[2026-02-28T21:53:42.370+0000] {logging_mixin.py:188} INFO - [2026-02-28T21:53:42.370+0000] {dagbag.py:545} INFO - Filling up the DagBag from /home/airflow/.local/lib/python3.12/site-packages/airflow/example_dags/example_branch_operator.py
[2026-02-28T21:53:42.381+0000] {processor.py:840} INFO - DAG(s) 'example_branch_operator' retrieved from /home/airflow/.local/lib/python3.12/site-packages/airflow/example_dags/example_branch_operator.py
[2026-02-28T21:53:42.515+0000] {logging_mixin.py:188} INFO - [2026-02-28T21:53:42.515+0000] {dag.py:3096} INFO - Sync 1 DAGs
[2026-02-28T21:53:42.524+0000] {logging_mixin.py:188} INFO - [2026-02-28T21:53:42.524+0000] {dag.py:3954} INFO - Setting next_dagrun for example_branch_operator to 2026-02-27 00:00:00+00:00, run_after=2026-02-28 00:00:00+00:00
[2026-02-28T21:53:42.536+0000] {processor.py:183} INFO - Processing /home/airflow/.local/lib/python3.12/site-packages/airflow/example_dags/example_branch_operator.py took 0.172 seconds
[2026-02-28T21:54:13.318+0000] {processor.py:161} INFO - Started process (PID=1629) to work on /home/airflow/.local/lib/python3.12/site-packages/airflow/example_dags/example_branch_operator.py
[2026-02-28T21:54:13.319+0000] {processor.py:830} INFO - Processing file /home/airflow/.local/lib/python3.12/site-packages/airflow/example_dags/example_branch_operator.py for tasks to queue
[2026-02-28T21:54:13.320+0000] {logging_mixin.py:188} INFO - [2026-02-28T21:54:13.320+0000] {dagbag.py:545} INFO - Filling up the DagBag from /home/airflow/.local/lib/python3.12/site-packages/airflow/example_dags/example_branch_operator.py
[2026-02-28T21:54:13.330+0000] {processor.py:840} INFO - DAG(s) 'example_branch_operator' retrieved from /home/airflow/.local/lib/python3.12/site-packages/airflow/example_dags/example_branch_operator.py
[2026-02-28T21:54:13.351+0000] {logging_mixin.py:188} INFO - [2026-02-28T21:54:13.350+0000] {dag.py:3096} INFO - Sync 1 DAGs
[2026-02-28T21:54:13.365+0000] {logging_mixin.py:188} INFO - [2026-02-28T21:54:13.365+0000] {dag.py:3954} INFO - Setting next_dagrun for example_branch_operator to 2026-02-27 00:00:00+00:00, run_after=2026-02-28 00:00:00+00:00
[2026-02-28T21:54:13.373+0000] {processor.py:183} INFO - Processing /home/airflow/.local/lib/python3.12/site-packages/airflow/example_dags/example_branch_operator.py took 0.060 seconds
[2026-02-28T21:54:43.767+0000] {processor.py:161} INFO - Started process (PID=1687) to work on /home/airflow/.local/lib/python3.12/site-packages/airflow/example_dags/example_branch_operator.py
[2026-02-28T21:54:43.769+0000] {processor.py:830} INFO - Processing file /home/airflow/.local/lib/python3.12/site-packages/airflow/example_dags/example_branch_operator.py for tasks to queue
[2026-02-28T21:54:43.776+0000] {logging_mixin.py:188} INFO - [2026-02-28T21:54:43.775+0000] {dagbag.py:545} INFO - Filling up the DagBag from /home/airflow/.local/lib/python3.12/site-packages/airflow/example_dags/example_branch_operator.py
[2026-02-28T21:54:43.816+0000] {processor.py:840} INFO - DAG(s) 'example_branch_operator' retrieved from /home/airflow/.local/lib/python3.12/site-packages/airflow/example_dags/example_branch_operator.py
[2026-02-28T21:54:43.855+0000] {logging_mixin.py:188} INFO - [2026-02-28T21:54:43.855+0000] {dag.py:3096} INFO - Sync 1 DAGs
[2026-02-28T21:54:43.881+0000] {logging_mixin.py:188} INFO - [2026-02-28T21:54:43.881+0000] {dag.py:3954} INFO - Setting next_dagrun for example_branch_operator to 2026-02-27 00:00:00+00:00, run_after=2026-02-28 00:00:00+00:00
[2026-02-28T21:54:43.898+0000] {processor.py:183} INFO - Processing /home/airflow/.local/lib/python3.12/site-packages/airflow/example_dags/example_branch_operator.py took 0.149 seconds
[2026-02-28T21:55:14.414+0000] {processor.py:161} INFO - Started process (PID=1748) to work on /home/airflow/.local/lib/python3.12/site-packages/airflow/example_dags/example_branch_operator.py
[2026-02-28T21:55:14.416+0000] {processor.py:830} INFO - Processing file /home/airflow/.local/lib/python3.12/site-packages/airflow/example_dags/example_branch_operator.py for tasks to queue
[2026-02-28T21:55:14.418+0000] {logging_mixin.py:188} INFO - [2026-02-28T21:55:14.418+0000] {dagbag.py:545} INFO - Filling up the DagBag from /home/airflow/.local/lib/python3.12/site-packages/airflow/example_dags/example_branch_operator.py
[2026-02-28T21:55:14.438+0000] {processor.py:840} INFO - DAG(s) 'example_branch_operator' retrieved from /home/airflow/.local/lib/python3.12/site-packages/airflow/example_dags/example_branch_operator.py
[2026-02-28T21:55:14.461+0000] {logging_mixin.py:188} INFO - [2026-02-28T21:55:14.460+0000] {dag.py:3096} INFO - Sync 1 DAGs
[2026-02-28T21:55:14.474+0000] {logging_mixin.py:188} INFO - [2026-02-28T21:55:14.474+0000] {dag.py:3954} INFO - Setting next_dagrun for example_branch_operator to 2026-02-27 00:00:00+00:00, run_after=2026-02-28 00:00:00+00:00
[2026-02-28T21:55:14.486+0000] {processor.py:183} INFO - Processing /home/airflow/.local/lib/python3.12/site-packages/airflow/example_dags/example_branch_operator.py took 0.075 seconds
[2026-02-28T21:55:45.505+0000] {processor.py:161} INFO - Started process (PID=1806) to work on /home/airflow/.local/lib/python3.12/site-packages/airflow/example_dags/example_branch_operator.py
[2026-02-28T21:55:45.507+0000] {processor.py:830} INFO - Processing file /home/airflow/.local/lib/python3.12/site-packages/airflow/example_dags/example_branch_operator.py for tasks to queue
[2026-02-28T21:55:45.509+0000] {logging_mixin.py:188} INFO - [2026-02-28T21:55:45.509+0000] {dagbag.py:545} INFO - Filling up the DagBag from /home/airflow/.local/lib/python3.12/site-packages/airflow/example_dags/example_branch_operator.py
[2026-02-28T21:55:45.527+0000] {processor.py:840} INFO - DAG(s) 'example_branch_operator' retrieved from /home/airflow/.local/lib/python3.12/site-packages/airflow/example_dags/example_branch_operator.py
[2026-02-28T21:55:45.565+0000] {logging_mixin.py:188} INFO - [2026-02-28T21:55:45.565+0000] {dag.py:3096} INFO - Sync 1 DAGs
[2026-02-28T21:55:45.595+0000] {logging_mixin.py:188} INFO - [2026-02-28T21:55:45.595+0000] {dag.py:3954} INFO - Setting next_dagrun for example_branch_operator to 2026-02-27 00:00:00+00:00, run_after=2026-02-28 00:00:00+00:00
[2026-02-28T21:55:45.612+0000] {processor.py:183} INFO - Processing /home/airflow/.local/lib/python3.12/site-packages/airflow/example_dags/example_branch_operator.py took 0.114 seconds
[2026-02-28T21:56:15.648+0000] {processor.py:161} INFO - Started process (PID=1864) to work on /home/airflow/.local/lib/python3.12/site-packages/airflow/example_dags/example_branch_operator.py
[2026-02-28T21:56:15.649+0000] {processor.py:830} INFO - Processing file /home/airflow/.local/lib/python3.12/site-packages/airflow/example_dags/example_branch_operator.py for tasks to queue
[2026-02-28T21:56:15.650+0000] {logging_mixin.py:188} INFO - [2026-02-28T21:56:15.650+0000] {dagbag.py:545} INFO - Filling up the DagBag from /home/airflow/.local/lib/python3.12/site-packages/airflow/example_dags/example_branch_operator.py
[2026-02-28T21:56:15.658+0000] {processor.py:840} INFO - DAG(s) 'example_branch_operator' retrieved from /home/airflow/.local/lib/python3.12/site-packages/airflow/example_dags/example_branch_operator.py
[2026-02-28T21:56:15.672+0000] {logging_mixin.py:188} INFO - [2026-02-28T21:56:15.671+0000] {dag.py:3096} INFO - Sync 1 DAGs
[2026-02-28T21:56:15.682+0000] {logging_mixin.py:188} INFO - [2026-02-28T21:56:15.682+0000] {dag.py:3954} INFO - Setting next_dagrun for example_branch_operator to 2026-02-27 00:00:00+00:00, run_after=2026-02-28 00:00:00+00:00
[2026-02-28T21:56:15.689+0000] {processor.py:183} INFO - Processing /home/airflow/.local/lib/python3.12/site-packages/airflow/example_dags/example_branch_operator.py took 0.046 seconds
[2026-02-28T21:56:45.724+0000] {processor.py:161} INFO - Started process (PID=1922) to work on /home/airflow/.local/lib/python3.12/site-packages/airflow/example_dags/example_branch_operator.py
[2026-02-28T21:56:45.727+0000] {processor.py:830} INFO - Processing file /home/airflow/.local/lib/python3.12/site-packages/airflow/example_dags/example_branch_operator.py for tasks to queue
[2026-02-28T21:56:45.729+0000] {logging_mixin.py:188} INFO - [2026-02-28T21:56:45.728+0000] {dagbag.py:545} INFO - Filling up the DagBag from /home/airflow/.local/lib/python3.12/site-packages/airflow/example_dags/example_branch_operator.py
[2026-02-28T21:56:45.739+0000] {processor.py:840} INFO - DAG(s) 'example_branch_operator' retrieved from /home/airflow/.local/lib/python3.12/site-packages/airflow/example_dags/example_branch_operator.py
[2026-02-28T21:56:45.758+0000] {logging_mixin.py:188} INFO - [2026-02-28T21:56:45.758+0000] {dag.py:3096} INFO - Sync 1 DAGs
[2026-02-28T21:56:45.773+0000] {logging_mixin.py:188} INFO - [2026-02-28T21:56:45.772+0000] {dag.py:3954} INFO - Setting next_dagrun for example_branch_operator to 2026-02-27 00:00:00+00:00, run_after=2026-02-28 00:00:00+00:00
[2026-02-28T21:56:45.782+0000] {processor.py:183} INFO - Processing /home/airflow/.local/lib/python3.12/site-packages/airflow/example_dags/example_branch_operator.py took 0.061 seconds
[2026-02-28T21:57:16.720+0000] {processor.py:161} INFO - Started process (PID=1980) to work on /home/airflow/.local/lib/python3.12/site-packages/airflow/example_dags/example_branch_operator.py
[2026-02-28T21:57:16.720+0000] {processor.py:830} INFO - Processing file /home/airflow/.local/lib/python3.12/site-packages/airflow/example_dags/example_branch_operator.py for tasks to queue
[2026-02-28T21:57:16.722+0000] {logging_mixin.py:188} INFO - [2026-02-28T21:57:16.722+0000] {dagbag.py:545} INFO - Filling up the DagBag from /home/airflow/.local/lib/python3.12/site-packages/airflow/example_dags/example_branch_operator.py
[2026-02-28T21:57:16.731+0000] {processor.py:840} INFO - DAG(s) 'example_branch_operator' retrieved from /home/airflow/.local/lib/python3.12/site-packages/airflow/example_dags/example_branch_operator.py
[2026-02-28T21:57:16.746+0000] {logging_mixin.py:188} INFO - [2026-02-28T21:57:16.745+0000] {dag.py:3096} INFO - Sync 1 DAGs
[2026-02-28T21:57:16.758+0000] {logging_mixin.py:188} INFO - [2026-02-28T21:57:16.757+0000] {dag.py:3954} INFO - Setting next_dagrun for example_branch_operator to 2026-02-27 00:00:00+00:00, run_after=2026-02-28 00:00:00+00:00
[2026-02-28T21:57:16.766+0000] {processor.py:183} INFO - Processing /home/airflow/.local/lib/python3.12/site-packages/airflow/example_dags/example_branch_operator.py took 0.050 seconds
[2026-02-28T21:57:47.977+0000] {processor.py:161} INFO - Started process (PID=2038) to work on /home/airflow/.local/lib/python3.12/site-packages/airflow/example_dags/example_branch_operator.py
[2026-02-28T21:57:47.979+0000] {processor.py:830} INFO - Processing file /home/airflow/.local/lib/python3.12/site-packages/airflow/example_dags/example_branch_operator.py for tasks to queue
[2026-02-28T21:57:47.982+0000] {logging_mixin.py:188} INFO - [2026-02-28T21:57:47.981+0000] {dagbag.py:545} INFO - Filling up the DagBag from /home/airflow/.local/lib/python3.12/site-packages/airflow/example_dags/example_branch_operator.py
[2026-02-28T21:57:47.994+0000] {processor.py:840} INFO - DAG(s) 'example_branch_operator' retrieved from /home/airflow/.local/lib/python3.12/site-packages/airflow/example_dags/example_branch_operator.py
[2026-02-28T21:57:48.020+0000] {logging_mixin.py:188} INFO - [2026-02-28T21:57:48.019+0000] {dag.py:3096} INFO - Sync 1 DAGs
[2026-02-28T21:57:48.041+0000] {logging_mixin.py:188} INFO - [2026-02-28T21:57:48.041+0000] {dag.py:3954} INFO - Setting next_dagrun for example_branch_operator to 2026-02-27 00:00:00+00:00, run_after=2026-02-28 00:00:00+00:00
[2026-02-28T21:57:48.057+0000] {processor.py:183} INFO - Processing /home/airflow/.local/lib/python3.12/site-packages/airflow/example_dags/example_branch_operator.py took 0.095 seconds
[2026-02-28T21:58:19.073+0000] {processor.py:161} INFO - Started process (PID=2096) to work on /home/airflow/.local/lib/python3.12/site-packages/airflow/example_dags/example_branch_operator.py
[2026-02-28T21:58:19.074+0000] {processor.py:830} INFO - Processing file /home/airflow/.local/lib/python3.12/site-packages/airflow/example_dags/example_branch_operator.py for tasks to queue
[2026-02-28T21:58:19.076+0000] {logging_mixin.py:188} INFO - [2026-02-28T21:58:19.076+0000] {dagbag.py:545} INFO - Filling up the DagBag from /home/airflow/.local/lib/python3.12/site-packages/airflow/example_dags/example_branch_operator.py
[2026-02-28T21:58:19.096+0000] {processor.py:840} INFO - DAG(s) 'example_branch_operator' retrieved from /home/airflow/.local/lib/python3.12/site-packages/airflow/example_dags/example_branch_operator.py
[2026-02-28T21:58:19.129+0000] {logging_mixin.py:188} INFO - [2026-02-28T21:58:19.128+0000] {dag.py:3096} INFO - Sync 1 DAGs
[2026-02-28T21:58:19.154+0000] {logging_mixin.py:188} INFO - [2026-02-28T21:58:19.154+0000] {dag.py:3954} INFO - Setting next_dagrun for example_branch_operator to 2026-02-27 00:00:00+00:00, run_after=2026-02-28 00:00:00+00:00
[2026-02-28T21:58:19.165+0000] {processor.py:183} INFO - Processing /home/airflow/.local/lib/python3.12/site-packages/airflow/example_dags/example_branch_operator.py took 0.100 seconds
[2026-02-28T21:58:49.593+0000] {processor.py:161} INFO - Started process (PID=2154) to work on /home/airflow/.local/lib/python3.12/site-packages/airflow/example_dags/example_branch_operator.py
[2026-02-28T21:58:49.595+0000] {processor.py:830} INFO - Processing file /home/airflow/.local/lib/python3.12/site-packages/airflow/example_dags/example_branch_operator.py for tasks to queue
[2026-02-28T21:58:49.598+0000] {logging_mixin.py:188} INFO - [2026-02-28T21:58:49.598+0000] {dagbag.py:545} INFO - Filling up the DagBag from /home/airflow/.local/lib/python3.12/site-packages/airflow/example_dags/example_branch_operator.py
[2026-02-28T21:58:49.611+0000] {processor.py:840} INFO - DAG(s) 'example_branch_operator' retrieved from /home/airflow/.local/lib/python3.12/site-packages/airflow/example_dags/example_branch_operator.py
[2026-02-28T21:58:49.630+0000] {logging_mixin.py:188} INFO - [2026-02-28T21:58:49.630+0000] {dag.py:3096} INFO - Sync 1 DAGs
[2026-02-28T21:58:49.647+0000] {logging_mixin.py:188} INFO - [2026-02-28T21:58:49.647+0000] {dag.py:3954} INFO - Setting next_dagrun for example_branch_operator to 2026-02-27 00:00:00+00:00, run_after=2026-02-28 00:00:00+00:00
[2026-02-28T21:58:49.660+0000] {processor.py:183} INFO - Processing /home/airflow/.local/lib/python3.12/site-packages/airflow/example_dags/example_branch_operator.py took 0.070 seconds
[2026-02-28T21:59:20.417+0000] {processor.py:161} INFO - Started process (PID=2212) to work on /home/airflow/.local/lib/python3.12/site-packages/airflow/example_dags/example_branch_operator.py
[2026-02-28T21:59:20.419+0000] {processor.py:830} INFO - Processing file /home/airflow/.local/lib/python3.12/site-packages/airflow/example_dags/example_branch_operator.py for tasks to queue
[2026-02-28T21:59:20.420+0000] {logging_mixin.py:188} INFO - [2026-02-28T21:59:20.420+0000] {dagbag.py:545} INFO - Filling up the DagBag from /home/airflow/.local/lib/python3.12/site-packages/airflow/example_dags/example_branch_operator.py
[2026-02-28T21:59:20.435+0000] {processor.py:840} INFO - DAG(s) 'example_branch_operator' retrieved from /home/airflow/.local/lib/python3.12/site-packages/airflow/example_dags/example_branch_operator.py
[2026-02-28T21:59:20.459+0000] {logging_mixin.py:188} INFO - [2026-02-28T21:59:20.459+0000] {dag.py:3096} INFO - Sync 1 DAGs
[2026-02-28T21:59:20.479+0000] {logging_mixin.py:188} INFO - [2026-02-28T21:59:20.478+0000] {dag.py:3954} INFO - Setting next_dagrun for example_branch_operator to 2026-02-27 00:00:00+00:00, run_after=2026-02-28 00:00:00+00:00
[2026-02-28T21:59:20.491+0000] {processor.py:183} INFO - Processing /home/airflow/.local/lib/python3.12/site-packages/airflow/example_dags/example_branch_operator.py took 0.078 seconds
[2026-02-28T21:59:51.237+0000] {processor.py:161} INFO - Started process (PID=2269) to work on /home/airflow/.local/lib/python3.12/site-packages/airflow/example_dags/example_branch_operator.py
[2026-02-28T21:59:51.238+0000] {processor.py:830} INFO - Processing file /home/airflow/.local/lib/python3.12/site-packages/airflow/example_dags/example_branch_operator.py for tasks to queue
[2026-02-28T21:59:51.240+0000] {logging_mixin.py:188} INFO - [2026-02-28T21:59:51.240+0000] {dagbag.py:545} INFO - Filling up the DagBag from /home/airflow/.local/lib/python3.12/site-packages/airflow/example_dags/example_branch_operator.py
[2026-02-28T21:59:51.249+0000] {processor.py:840} INFO - DAG(s) 'example_branch_operator' retrieved from /home/airflow/.local/lib/python3.12/site-packages/airflow/example_dags/example_branch_operator.py
[2026-02-28T21:59:51.360+0000] {logging_mixin.py:188} INFO - [2026-02-28T21:59:51.360+0000] {dag.py:3096} INFO - Sync 1 DAGs
[2026-02-28T21:59:51.369+0000] {logging_mixin.py:188} INFO - [2026-02-28T21:59:51.369+0000] {dag.py:3954} INFO - Setting next_dagrun for example_branch_operator to 2026-02-27 00:00:00+00:00, run_after=2026-02-28 00:00:00+00:00
[2026-02-28T21:59:51.376+0000] {processor.py:183} INFO - Processing /home/airflow/.local/lib/python3.12/site-packages/airflow/example_dags/example_branch_operator.py took 0.142 seconds
[2026-02-28T22:00:21.702+0000] {processor.py:161} INFO - Started process (PID=2327) to work on /home/airflow/.local/lib/python3.12/site-packages/airflow/example_dags/example_branch_operator.py
[2026-02-28T22:00:21.703+0000] {processor.py:830} INFO - Processing file /home/airflow/.local/lib/python3.12/site-packages/airflow/example_dags/example_branch_operator.py for tasks to queue
[2026-02-28T22:00:21.704+0000] {logging_mixin.py:188} INFO - [2026-02-28T22:00:21.704+0000] {dagbag.py:545} INFO - Filling up the DagBag from /home/airflow/.local/lib/python3.12/site-packages/airflow/example_dags/example_branch_operator.py
[2026-02-28T22:00:21.815+0000] {processor.py:840} INFO - DAG(s) 'example_branch_operator' retrieved from /home/airflow/.local/lib/python3.12/site-packages/airflow/example_dags/example_branch_operator.py
[2026-02-28T22:00:21.828+0000] {logging_mixin.py:188} INFO - [2026-02-28T22:00:21.828+0000] {dag.py:3096} INFO - Sync 1 DAGs
[2026-02-28T22:00:21.836+0000] {logging_mixin.py:188} INFO - [2026-02-28T22:00:21.836+0000] {dag.py:3954} INFO - Setting next_dagrun for example_branch_operator to 2026-02-27 00:00:00+00:00, run_after=2026-02-28 00:00:00+00:00
[2026-02-28T22:00:21.844+0000] {processor.py:183} INFO - Processing /home/airflow/.local/lib/python3.12/site-packages/airflow/example_dags/example_branch_operator.py took 0.146 seconds
[2026-02-28T22:00:52.063+0000] {processor.py:161} INFO - Started process (PID=2386) to work on /home/airflow/.local/lib/python3.12/site-packages/airflow/example_dags/example_branch_operator.py
[2026-02-28T22:00:52.067+0000] {processor.py:830} INFO - Processing file /home/airflow/.local/lib/python3.12/site-packages/airflow/example_dags/example_branch_operator.py for tasks to queue
[2026-02-28T22:00:52.068+0000] {logging_mixin.py:188} INFO - [2026-02-28T22:00:52.068+0000] {dagbag.py:545} INFO - Filling up the DagBag from /home/airflow/.local/lib/python3.12/site-packages/airflow/example_dags/example_branch_operator.py
[2026-02-28T22:00:52.086+0000] {processor.py:840} INFO - DAG(s) 'example_branch_operator' retrieved from /home/airflow/.local/lib/python3.12/site-packages/airflow/example_dags/example_branch_operator.py
[2026-02-28T22:00:52.116+0000] {logging_mixin.py:188} INFO - [2026-02-28T22:00:52.115+0000] {dag.py:3096} INFO - Sync 1 DAGs
[2026-02-28T22:00:52.139+0000] {logging_mixin.py:188} INFO - [2026-02-28T22:00:52.139+0000] {dag.py:3954} INFO - Setting next_dagrun for example_branch_operator to 2026-02-27 00:00:00+00:00, run_after=2026-02-28 00:00:00+00:00
[2026-02-28T22:00:52.150+0000] {processor.py:183} INFO - Processing /home/airflow/.local/lib/python3.12/site-packages/airflow/example_dags/example_branch_operator.py took 0.091 seconds
[2026-02-28T22:01:22.646+0000] {processor.py:161} INFO - Started process (PID=2443) to work on /home/airflow/.local/lib/python3.12/site-packages/airflow/example_dags/example_branch_operator.py
[2026-02-28T22:01:22.647+0000] {processor.py:830} INFO - Processing file /home/airflow/.local/lib/python3.12/site-packages/airflow/example_dags/example_branch_operator.py for tasks to queue
[2026-02-28T22:01:22.648+0000] {logging_mixin.py:188} INFO - [2026-02-28T22:01:22.648+0000] {dagbag.py:545} INFO - Filling up the DagBag from /home/airflow/.local/lib/python3.12/site-packages/airflow/example_dags/example_branch_operator.py
[2026-02-28T22:01:22.661+0000] {processor.py:840} INFO - DAG(s) 'example_branch_operator' retrieved from /home/airflow/.local/lib/python3.12/site-packages/airflow/example_dags/example_branch_operator.py
[2026-02-28T22:01:22.684+0000] {logging_mixin.py:188} INFO - [2026-02-28T22:01:22.684+0000] {dag.py:3096} INFO - Sync 1 DAGs
[2026-02-28T22:01:22.703+0000] {logging_mixin.py:188} INFO - [2026-02-28T22:01:22.702+0000] {dag.py:3954} INFO - Setting next_dagrun for example_branch_operator to 2026-02-27 00:00:00+00:00, run_after=2026-02-28 00:00:00+00:00
[2026-02-28T22:01:22.711+0000] {processor.py:183} INFO - Processing /home/airflow/.local/lib/python3.12/site-packages/airflow/example_dags/example_branch_operator.py took 0.070 seconds
[2026-02-28T22:01:53.524+0000] {processor.py:161} INFO - Started process (PID=2501) to work on /home/airflow/.local/lib/python3.12/site-packages/airflow/example_dags/example_branch_operator.py
[2026-02-28T22:01:53.525+0000] {processor.py:830} INFO - Processing file /home/airflow/.local/lib/python3.12/site-packages/airflow/example_dags/example_branch_operator.py for tasks to queue
[2026-02-28T22:01:53.526+0000] {logging_mixin.py:188} INFO - [2026-02-28T22:01:53.526+0000] {dagbag.py:545} INFO - Filling up the DagBag from /home/airflow/.local/lib/python3.12/site-packages/airflow/example_dags/example_branch_operator.py
[2026-02-28T22:01:53.534+0000] {processor.py:840} INFO - DAG(s) 'example_branch_operator' retrieved from /home/airflow/.local/lib/python3.12/site-packages/airflow/example_dags/example_branch_operator.py
[2026-02-28T22:01:53.546+0000] {logging_mixin.py:188} INFO - [2026-02-28T22:01:53.546+0000] {dag.py:3096} INFO - Sync 1 DAGs
[2026-02-28T22:01:53.556+0000] {logging_mixin.py:188} INFO - [2026-02-28T22:01:53.556+0000] {dag.py:3954} INFO - Setting next_dagrun for example_branch_operator to 2026-02-27 00:00:00+00:00, run_after=2026-02-28 00:00:00+00:00
[2026-02-28T22:01:53.564+0000] {processor.py:183} INFO - Processing /home/airflow/.local/lib/python3.12/site-packages/airflow/example_dags/example_branch_operator.py took 0.044 seconds
[2026-02-28T22:02:24.461+0000] {processor.py:161} INFO - Started process (PID=2559) to work on /home/airflow/.local/lib/python3.12/site-packages/airflow/example_dags/example_branch_operator.py
[2026-02-28T22:02:24.463+0000] {processor.py:830} INFO - Processing file /home/airflow/.local/lib/python3.12/site-packages/airflow/example_dags/example_branch_operator.py for tasks to queue
[2026-02-28T22:02:24.465+0000] {logging_mixin.py:188} INFO - [2026-02-28T22:02:24.464+0000] {dagbag.py:545} INFO - Filling up the DagBag from /home/airflow/.local/lib/python3.12/site-packages/airflow/example_dags/example_branch_operator.py
[2026-02-28T22:02:24.474+0000] {processor.py:840} INFO - DAG(s) 'example_branch_operator' retrieved from /home/airflow/.local/lib/python3.12/site-packages/airflow/example_dags/example_branch_operator.py
[2026-02-28T22:02:24.487+0000] {logging_mixin.py:188} INFO - [2026-02-28T22:02:24.486+0000] {dag.py:3096} INFO - Sync 1 DAGs
[2026-02-28T22:02:24.496+0000] {logging_mixin.py:188} INFO - [2026-02-28T22:02:24.496+0000] {dag.py:3954} INFO - Setting next_dagrun for example_branch_operator to 2026-02-27 00:00:00+00:00, run_after=2026-02-28 00:00:00+00:00
[2026-02-28T22:02:24.504+0000] {processor.py:183} INFO - Processing /home/airflow/.local/lib/python3.12/site-packages/airflow/example_dags/example_branch_operator.py took 0.047 seconds
[2026-02-28T22:02:55.115+0000] {processor.py:161} INFO - Started process (PID=2617) to work on /home/airflow/.local/lib/python3.12/site-packages/airflow/example_dags/example_branch_operator.py
[2026-02-28T22:02:55.116+0000] {processor.py:830} INFO - Processing file /home/airflow/.local/lib/python3.12/site-packages/airflow/example_dags/example_branch_operator.py for tasks to queue
[2026-02-28T22:02:55.117+0000] {logging_mixin.py:188} INFO - [2026-02-28T22:02:55.117+0000] {dagbag.py:545} INFO - Filling up the DagBag from /home/airflow/.local/lib/python3.12/site-packages/airflow/example_dags/example_branch_operator.py
[2026-02-28T22:02:55.127+0000] {processor.py:840} INFO - DAG(s) 'example_branch_operator' retrieved from /home/airflow/.local/lib/python3.12/site-packages/airflow/example_dags/example_branch_operator.py
[2026-02-28T22:02:55.142+0000] {logging_mixin.py:188} INFO - [2026-02-28T22:02:55.141+0000] {dag.py:3096} INFO - Sync 1 DAGs
[2026-02-28T22:02:55.153+0000] {logging_mixin.py:188} INFO - [2026-02-28T22:02:55.153+0000] {dag.py:3954} INFO - Setting next_dagrun for example_branch_operator to 2026-02-27 00:00:00+00:00, run_after=2026-02-28 00:00:00+00:00
[2026-02-28T22:02:55.162+0000] {processor.py:183} INFO - Processing /home/airflow/.local/lib/python3.12/site-packages/airflow/example_dags/example_branch_operator.py took 0.052 seconds
[2026-02-28T22:03:25.194+0000] {processor.py:161} INFO - Started process (PID=2674) to work on /home/airflow/.local/lib/python3.12/site-packages/airflow/example_dags/example_branch_operator.py
[2026-02-28T22:03:25.194+0000] {processor.py:830} INFO - Processing file /home/airflow/.local/lib/python3.12/site-packages/airflow/example_dags/example_branch_operator.py for tasks to queue
[2026-02-28T22:03:25.196+0000] {logging_mixin.py:188} INFO - [2026-02-28T22:03:25.195+0000] {dagbag.py:545} INFO - Filling up the DagBag from /home/airflow/.local/lib/python3.12/site-packages/airflow/example_dags/example_branch_operator.py
[2026-02-28T22:03:25.203+0000] {processor.py:840} INFO - DAG(s) 'example_branch_operator' retrieved from /home/airflow/.local/lib/python3.12/site-packages/airflow/example_dags/example_branch_operator.py
[2026-02-28T22:03:25.217+0000] {logging_mixin.py:188} INFO - [2026-02-28T22:03:25.216+0000] {dag.py:3096} INFO - Sync 1 DAGs
[2026-02-28T22:03:25.229+0000] {logging_mixin.py:188} INFO - [2026-02-28T22:03:25.229+0000] {dag.py:3954} INFO - Setting next_dagrun for example_branch_operator to 2026-02-27 00:00:00+00:00, run_after=2026-02-28 00:00:00+00:00
[2026-02-28T22:03:25.237+0000] {processor.py:183} INFO - Processing /home/airflow/.local/lib/python3.12/site-packages/airflow/example_dags/example_branch_operator.py took 0.047 seconds
[2026-02-28T22:03:56.142+0000] {processor.py:161} INFO - Started process (PID=2732) to work on /home/airflow/.local/lib/python3.12/site-packages/airflow/example_dags/example_branch_operator.py
[2026-02-28T22:03:56.143+0000] {processor.py:830} INFO - Processing file /home/airflow/.local/lib/python3.12/site-packages/airflow/example_dags/example_branch_operator.py for tasks to queue
[2026-02-28T22:03:56.145+0000] {logging_mixin.py:188} INFO - [2026-02-28T22:03:56.144+0000] {dagbag.py:545} INFO - Filling up the DagBag from /home/airflow/.local/lib/python3.12/site-packages/airflow/example_dags/example_branch_operator.py
[2026-02-28T22:03:56.152+0000] {processor.py:840} INFO - DAG(s) 'example_branch_operator' retrieved from /home/airflow/.local/lib/python3.12/site-packages/airflow/example_dags/example_branch_operator.py
[2026-02-28T22:03:56.165+0000] {logging_mixin.py:188} INFO - [2026-02-28T22:03:56.165+0000] {dag.py:3096} INFO - Sync 1 DAGs
[2026-02-28T22:03:56.175+0000] {logging_mixin.py:188} INFO - [2026-02-28T22:03:56.175+0000] {dag.py:3954} INFO - Setting next_dagrun for example_branch_operator to 2026-02-27 00:00:00+00:00, run_after=2026-02-28 00:00:00+00:00
[2026-02-28T22:03:56.184+0000] {processor.py:183} INFO - Processing /home/airflow/.local/lib/python3.12/site-packages/airflow/example_dags/example_branch_operator.py took 0.046 seconds
[2026-02-28T22:04:26.281+0000] {processor.py:161} INFO - Started process (PID=2790) to work on /home/airflow/.local/lib/python3.12/site-packages/airflow/example_dags/example_branch_operator.py
[2026-02-28T22:04:26.282+0000] {processor.py:830} INFO - Processing file /home/airflow/.local/lib/python3.12/site-packages/airflow/example_dags/example_branch_operator.py for tasks to queue
[2026-02-28T22:04:26.285+0000] {logging_mixin.py:188} INFO - [2026-02-28T22:04:26.285+0000] {dagbag.py:545} INFO - Filling up the DagBag from /home/airflow/.local/lib/python3.12/site-packages/airflow/example_dags/example_branch_operator.py
[2026-02-28T22:04:26.295+0000] {processor.py:840} INFO - DAG(s) 'example_branch_operator' retrieved from /home/airflow/.local/lib/python3.12/site-packages/airflow/example_dags/example_branch_operator.py
[2026-02-28T22:04:26.318+0000] {logging_mixin.py:188} INFO - [2026-02-28T22:04:26.317+0000] {dag.py:3096} INFO - Sync 1 DAGs
[2026-02-28T22:04:26.330+0000] {logging_mixin.py:188} INFO - [2026-02-28T22:04:26.329+0000] {dag.py:3954} INFO - Setting next_dagrun for example_branch_operator to 2026-02-27 00:00:00+00:00, run_after=2026-02-28 00:00:00+00:00
[2026-02-28T22:04:26.344+0000] {processor.py:183} INFO - Processing /home/airflow/.local/lib/python3.12/site-packages/airflow/example_dags/example_branch_operator.py took 0.066 seconds
