[2026-02-28T21:40:03.446+0000] {processor.py:161} INFO - Started process (PID=74) to work on /home/airflow/.local/lib/python3.12/site-packages/airflow/example_dags/example_latest_only.py
[2026-02-28T21:40:03.451+0000] {processor.py:830} INFO - Processing file /home/airflow/.local/lib/python3.12/site-packages/airflow/example_dags/example_latest_only.py for tasks to queue
[2026-02-28T21:40:03.469+0000] {logging_mixin.py:188} INFO - [2026-02-28T21:40:03.461+0000] {dagbag.py:545} INFO - Filling up the DagBag from /home/airflow/.local/lib/python3.12/site-packages/airflow/example_dags/example_latest_only.py
[2026-02-28T21:40:03.488+0000] {processor.py:840} INFO - DAG(s) 'latest_only' retrieved from /home/airflow/.local/lib/python3.12/site-packages/airflow/example_dags/example_latest_only.py
[2026-02-28T21:40:03.541+0000] {logging_mixin.py:188} INFO - [2026-02-28T21:40:03.541+0000] {dag.py:3096} INFO - Sync 1 DAGs
[2026-02-28T21:40:03.673+0000] {logging_mixin.py:188} INFO - [2026-02-28T21:40:03.670+0000] {dag.py:3954} INFO - Setting next_dagrun for latest_only to 2026-02-28 16:00:00+00:00, run_after=2026-02-28 20:00:00+00:00
[2026-02-28T21:40:03.775+0000] {processor.py:183} INFO - Processing /home/airflow/.local/lib/python3.12/site-packages/airflow/example_dags/example_latest_only.py took 0.367 seconds
[2026-02-28T21:40:34.787+0000] {processor.py:161} INFO - Started process (PID=132) to work on /home/airflow/.local/lib/python3.12/site-packages/airflow/example_dags/example_latest_only.py
[2026-02-28T21:40:34.788+0000] {processor.py:830} INFO - Processing file /home/airflow/.local/lib/python3.12/site-packages/airflow/example_dags/example_latest_only.py for tasks to queue
[2026-02-28T21:40:34.792+0000] {logging_mixin.py:188} INFO - [2026-02-28T21:40:34.791+0000] {dagbag.py:545} INFO - Filling up the DagBag from /home/airflow/.local/lib/python3.12/site-packages/airflow/example_dags/example_latest_only.py
[2026-02-28T21:40:34.800+0000] {processor.py:840} INFO - DAG(s) 'latest_only' retrieved from /home/airflow/.local/lib/python3.12/site-packages/airflow/example_dags/example_latest_only.py
[2026-02-28T21:40:34.871+0000] {logging_mixin.py:188} INFO - [2026-02-28T21:40:34.871+0000] {dag.py:3096} INFO - Sync 1 DAGs
[2026-02-28T21:40:34.887+0000] {logging_mixin.py:188} INFO - [2026-02-28T21:40:34.886+0000] {dag.py:3954} INFO - Setting next_dagrun for latest_only to 2026-02-28 16:00:00+00:00, run_after=2026-02-28 20:00:00+00:00
[2026-02-28T21:40:34.901+0000] {processor.py:183} INFO - Processing /home/airflow/.local/lib/python3.12/site-packages/airflow/example_dags/example_latest_only.py took 0.118 seconds
[2026-02-28T21:41:05.734+0000] {processor.py:161} INFO - Started process (PID=190) to work on /home/airflow/.local/lib/python3.12/site-packages/airflow/example_dags/example_latest_only.py
[2026-02-28T21:41:05.737+0000] {processor.py:830} INFO - Processing file /home/airflow/.local/lib/python3.12/site-packages/airflow/example_dags/example_latest_only.py for tasks to queue
[2026-02-28T21:41:05.754+0000] {logging_mixin.py:188} INFO - [2026-02-28T21:41:05.752+0000] {dagbag.py:545} INFO - Filling up the DagBag from /home/airflow/.local/lib/python3.12/site-packages/airflow/example_dags/example_latest_only.py
[2026-02-28T21:41:05.782+0000] {processor.py:840} INFO - DAG(s) 'latest_only' retrieved from /home/airflow/.local/lib/python3.12/site-packages/airflow/example_dags/example_latest_only.py
[2026-02-28T21:41:05.886+0000] {logging_mixin.py:188} INFO - [2026-02-28T21:41:05.879+0000] {dag.py:3096} INFO - Sync 1 DAGs
[2026-02-28T21:41:05.949+0000] {logging_mixin.py:188} INFO - [2026-02-28T21:41:05.949+0000] {dag.py:3954} INFO - Setting next_dagrun for latest_only to 2026-02-28 16:00:00+00:00, run_after=2026-02-28 20:00:00+00:00
[2026-02-28T21:41:06.077+0000] {processor.py:183} INFO - Processing /home/airflow/.local/lib/python3.12/site-packages/airflow/example_dags/example_latest_only.py took 0.352 seconds
[2026-02-28T21:41:36.499+0000] {processor.py:161} INFO - Started process (PID=248) to work on /home/airflow/.local/lib/python3.12/site-packages/airflow/example_dags/example_latest_only.py
[2026-02-28T21:41:36.500+0000] {processor.py:830} INFO - Processing file /home/airflow/.local/lib/python3.12/site-packages/airflow/example_dags/example_latest_only.py for tasks to queue
[2026-02-28T21:41:36.501+0000] {logging_mixin.py:188} INFO - [2026-02-28T21:41:36.500+0000] {dagbag.py:545} INFO - Filling up the DagBag from /home/airflow/.local/lib/python3.12/site-packages/airflow/example_dags/example_latest_only.py
[2026-02-28T21:41:36.506+0000] {processor.py:840} INFO - DAG(s) 'latest_only' retrieved from /home/airflow/.local/lib/python3.12/site-packages/airflow/example_dags/example_latest_only.py
[2026-02-28T21:41:36.525+0000] {logging_mixin.py:188} INFO - [2026-02-28T21:41:36.525+0000] {dag.py:3096} INFO - Sync 1 DAGs
[2026-02-28T21:41:36.542+0000] {logging_mixin.py:188} INFO - [2026-02-28T21:41:36.542+0000] {dag.py:3954} INFO - Setting next_dagrun for latest_only to 2026-02-28 16:00:00+00:00, run_after=2026-02-28 20:00:00+00:00
[2026-02-28T21:41:36.560+0000] {processor.py:183} INFO - Processing /home/airflow/.local/lib/python3.12/site-packages/airflow/example_dags/example_latest_only.py took 0.065 seconds
[2026-02-28T21:42:06.885+0000] {processor.py:161} INFO - Started process (PID=306) to work on /home/airflow/.local/lib/python3.12/site-packages/airflow/example_dags/example_latest_only.py
[2026-02-28T21:42:06.887+0000] {processor.py:830} INFO - Processing file /home/airflow/.local/lib/python3.12/site-packages/airflow/example_dags/example_latest_only.py for tasks to queue
[2026-02-28T21:42:06.891+0000] {logging_mixin.py:188} INFO - [2026-02-28T21:42:06.891+0000] {dagbag.py:545} INFO - Filling up the DagBag from /home/airflow/.local/lib/python3.12/site-packages/airflow/example_dags/example_latest_only.py
[2026-02-28T21:42:06.895+0000] {processor.py:840} INFO - DAG(s) 'latest_only' retrieved from /home/airflow/.local/lib/python3.12/site-packages/airflow/example_dags/example_latest_only.py
[2026-02-28T21:42:06.915+0000] {logging_mixin.py:188} INFO - [2026-02-28T21:42:06.914+0000] {dag.py:3096} INFO - Sync 1 DAGs
[2026-02-28T21:42:06.932+0000] {logging_mixin.py:188} INFO - [2026-02-28T21:42:06.932+0000] {dag.py:3954} INFO - Setting next_dagrun for latest_only to 2026-02-28 16:00:00+00:00, run_after=2026-02-28 20:00:00+00:00
[2026-02-28T21:42:06.948+0000] {processor.py:183} INFO - Processing /home/airflow/.local/lib/python3.12/site-packages/airflow/example_dags/example_latest_only.py took 0.070 seconds
[2026-02-28T21:42:37.222+0000] {processor.py:161} INFO - Started process (PID=365) to work on /home/airflow/.local/lib/python3.12/site-packages/airflow/example_dags/example_latest_only.py
[2026-02-28T21:42:37.223+0000] {processor.py:830} INFO - Processing file /home/airflow/.local/lib/python3.12/site-packages/airflow/example_dags/example_latest_only.py for tasks to queue
[2026-02-28T21:42:37.225+0000] {logging_mixin.py:188} INFO - [2026-02-28T21:42:37.225+0000] {dagbag.py:545} INFO - Filling up the DagBag from /home/airflow/.local/lib/python3.12/site-packages/airflow/example_dags/example_latest_only.py
[2026-02-28T21:42:37.229+0000] {processor.py:840} INFO - DAG(s) 'latest_only' retrieved from /home/airflow/.local/lib/python3.12/site-packages/airflow/example_dags/example_latest_only.py
[2026-02-28T21:42:37.245+0000] {logging_mixin.py:188} INFO - [2026-02-28T21:42:37.245+0000] {dag.py:3096} INFO - Sync 1 DAGs
[2026-02-28T21:42:37.259+0000] {logging_mixin.py:188} INFO - [2026-02-28T21:42:37.259+0000] {dag.py:3954} INFO - Setting next_dagrun for latest_only to 2026-02-28 16:00:00+00:00, run_after=2026-02-28 20:00:00+00:00
[2026-02-28T21:42:37.270+0000] {processor.py:183} INFO - Processing /home/airflow/.local/lib/python3.12/site-packages/airflow/example_dags/example_latest_only.py took 0.053 seconds
[2026-02-28T21:43:07.948+0000] {processor.py:161} INFO - Started process (PID=423) to work on /home/airflow/.local/lib/python3.12/site-packages/airflow/example_dags/example_latest_only.py
[2026-02-28T21:43:07.950+0000] {processor.py:830} INFO - Processing file /home/airflow/.local/lib/python3.12/site-packages/airflow/example_dags/example_latest_only.py for tasks to queue
[2026-02-28T21:43:07.952+0000] {logging_mixin.py:188} INFO - [2026-02-28T21:43:07.951+0000] {dagbag.py:545} INFO - Filling up the DagBag from /home/airflow/.local/lib/python3.12/site-packages/airflow/example_dags/example_latest_only.py
[2026-02-28T21:43:07.960+0000] {processor.py:840} INFO - DAG(s) 'latest_only' retrieved from /home/airflow/.local/lib/python3.12/site-packages/airflow/example_dags/example_latest_only.py
[2026-02-28T21:43:07.982+0000] {logging_mixin.py:188} INFO - [2026-02-28T21:43:07.982+0000] {dag.py:3096} INFO - Sync 1 DAGs
[2026-02-28T21:43:08.002+0000] {logging_mixin.py:188} INFO - [2026-02-28T21:43:08.002+0000] {dag.py:3954} INFO - Setting next_dagrun for latest_only to 2026-02-28 16:00:00+00:00, run_after=2026-02-28 20:00:00+00:00
[2026-02-28T21:43:08.020+0000] {processor.py:183} INFO - Processing /home/airflow/.local/lib/python3.12/site-packages/airflow/example_dags/example_latest_only.py took 0.080 seconds
[2026-02-28T21:43:38.255+0000] {processor.py:161} INFO - Started process (PID=481) to work on /home/airflow/.local/lib/python3.12/site-packages/airflow/example_dags/example_latest_only.py
[2026-02-28T21:43:38.257+0000] {processor.py:830} INFO - Processing file /home/airflow/.local/lib/python3.12/site-packages/airflow/example_dags/example_latest_only.py for tasks to queue
[2026-02-28T21:43:38.260+0000] {logging_mixin.py:188} INFO - [2026-02-28T21:43:38.259+0000] {dagbag.py:545} INFO - Filling up the DagBag from /home/airflow/.local/lib/python3.12/site-packages/airflow/example_dags/example_latest_only.py
[2026-02-28T21:43:38.266+0000] {processor.py:840} INFO - DAG(s) 'latest_only' retrieved from /home/airflow/.local/lib/python3.12/site-packages/airflow/example_dags/example_latest_only.py
[2026-02-28T21:43:38.288+0000] {logging_mixin.py:188} INFO - [2026-02-28T21:43:38.286+0000] {dag.py:3096} INFO - Sync 1 DAGs
[2026-02-28T21:43:38.307+0000] {logging_mixin.py:188} INFO - [2026-02-28T21:43:38.307+0000] {dag.py:3954} INFO - Setting next_dagrun for latest_only to 2026-02-28 16:00:00+00:00, run_after=2026-02-28 20:00:00+00:00
[2026-02-28T21:43:38.324+0000] {processor.py:183} INFO - Processing /home/airflow/.local/lib/python3.12/site-packages/airflow/example_dags/example_latest_only.py took 0.076 seconds
[2026-02-28T21:44:43.274+0000] {processor.py:161} INFO - Started process (PID=539) to work on /home/airflow/.local/lib/python3.12/site-packages/airflow/example_dags/example_latest_only.py
[2026-02-28T21:44:43.276+0000] {processor.py:830} INFO - Processing file /home/airflow/.local/lib/python3.12/site-packages/airflow/example_dags/example_latest_only.py for tasks to queue
[2026-02-28T21:44:43.278+0000] {logging_mixin.py:188} INFO - [2026-02-28T21:44:43.278+0000] {dagbag.py:545} INFO - Filling up the DagBag from /home/airflow/.local/lib/python3.12/site-packages/airflow/example_dags/example_latest_only.py
[2026-02-28T21:44:43.284+0000] {processor.py:840} INFO - DAG(s) 'latest_only' retrieved from /home/airflow/.local/lib/python3.12/site-packages/airflow/example_dags/example_latest_only.py
[2026-02-28T21:44:43.305+0000] {logging_mixin.py:188} INFO - [2026-02-28T21:44:43.305+0000] {dag.py:3096} INFO - Sync 1 DAGs
[2026-02-28T21:44:43.327+0000] {logging_mixin.py:188} INFO - [2026-02-28T21:44:43.327+0000] {dag.py:3954} INFO - Setting next_dagrun for latest_only to 2026-02-28 16:00:00+00:00, run_after=2026-02-28 20:00:00+00:00
[2026-02-28T21:44:43.355+0000] {processor.py:183} INFO - Processing /home/airflow/.local/lib/python3.12/site-packages/airflow/example_dags/example_latest_only.py took 0.088 seconds
[2026-02-28T21:45:13.963+0000] {processor.py:161} INFO - Started process (PID=597) to work on /home/airflow/.local/lib/python3.12/site-packages/airflow/example_dags/example_latest_only.py
[2026-02-28T21:45:13.965+0000] {processor.py:830} INFO - Processing file /home/airflow/.local/lib/python3.12/site-packages/airflow/example_dags/example_latest_only.py for tasks to queue
[2026-02-28T21:45:13.966+0000] {logging_mixin.py:188} INFO - [2026-02-28T21:45:13.966+0000] {dagbag.py:545} INFO - Filling up the DagBag from /home/airflow/.local/lib/python3.12/site-packages/airflow/example_dags/example_latest_only.py
[2026-02-28T21:45:13.971+0000] {processor.py:840} INFO - DAG(s) 'latest_only' retrieved from /home/airflow/.local/lib/python3.12/site-packages/airflow/example_dags/example_latest_only.py
[2026-02-28T21:45:13.987+0000] {logging_mixin.py:188} INFO - [2026-02-28T21:45:13.987+0000] {dag.py:3096} INFO - Sync 1 DAGs
[2026-02-28T21:45:14.000+0000] {logging_mixin.py:188} INFO - [2026-02-28T21:45:13.998+0000] {dag.py:3954} INFO - Setting next_dagrun for latest_only to 2026-02-28 16:00:00+00:00, run_after=2026-02-28 20:00:00+00:00
[2026-02-28T21:45:14.012+0000] {processor.py:183} INFO - Processing /home/airflow/.local/lib/python3.12/site-packages/airflow/example_dags/example_latest_only.py took 0.053 seconds
[2026-02-28T21:45:44.320+0000] {processor.py:161} INFO - Started process (PID=655) to work on /home/airflow/.local/lib/python3.12/site-packages/airflow/example_dags/example_latest_only.py
[2026-02-28T21:45:44.321+0000] {processor.py:830} INFO - Processing file /home/airflow/.local/lib/python3.12/site-packages/airflow/example_dags/example_latest_only.py for tasks to queue
[2026-02-28T21:45:44.322+0000] {logging_mixin.py:188} INFO - [2026-02-28T21:45:44.322+0000] {dagbag.py:545} INFO - Filling up the DagBag from /home/airflow/.local/lib/python3.12/site-packages/airflow/example_dags/example_latest_only.py
[2026-02-28T21:45:44.325+0000] {processor.py:840} INFO - DAG(s) 'latest_only' retrieved from /home/airflow/.local/lib/python3.12/site-packages/airflow/example_dags/example_latest_only.py
[2026-02-28T21:45:44.338+0000] {logging_mixin.py:188} INFO - [2026-02-28T21:45:44.337+0000] {dag.py:3096} INFO - Sync 1 DAGs
[2026-02-28T21:45:44.349+0000] {logging_mixin.py:188} INFO - [2026-02-28T21:45:44.349+0000] {dag.py:3954} INFO - Setting next_dagrun for latest_only to 2026-02-28 16:00:00+00:00, run_after=2026-02-28 20:00:00+00:00
[2026-02-28T21:45:44.361+0000] {processor.py:183} INFO - Processing /home/airflow/.local/lib/python3.12/site-packages/airflow/example_dags/example_latest_only.py took 0.044 seconds
[2026-02-28T21:46:15.035+0000] {processor.py:161} INFO - Started process (PID=713) to work on /home/airflow/.local/lib/python3.12/site-packages/airflow/example_dags/example_latest_only.py
[2026-02-28T21:46:15.037+0000] {processor.py:830} INFO - Processing file /home/airflow/.local/lib/python3.12/site-packages/airflow/example_dags/example_latest_only.py for tasks to queue
[2026-02-28T21:46:15.039+0000] {logging_mixin.py:188} INFO - [2026-02-28T21:46:15.039+0000] {dagbag.py:545} INFO - Filling up the DagBag from /home/airflow/.local/lib/python3.12/site-packages/airflow/example_dags/example_latest_only.py
[2026-02-28T21:46:15.051+0000] {processor.py:840} INFO - DAG(s) 'latest_only' retrieved from /home/airflow/.local/lib/python3.12/site-packages/airflow/example_dags/example_latest_only.py
[2026-02-28T21:46:15.068+0000] {logging_mixin.py:188} INFO - [2026-02-28T21:46:15.068+0000] {dag.py:3096} INFO - Sync 1 DAGs
[2026-02-28T21:46:15.088+0000] {logging_mixin.py:188} INFO - [2026-02-28T21:46:15.087+0000] {dag.py:3954} INFO - Setting next_dagrun for latest_only to 2026-02-28 16:00:00+00:00, run_after=2026-02-28 20:00:00+00:00
[2026-02-28T21:46:15.108+0000] {processor.py:183} INFO - Processing /home/airflow/.local/lib/python3.12/site-packages/airflow/example_dags/example_latest_only.py took 0.077 seconds
[2026-02-28T21:46:45.620+0000] {processor.py:161} INFO - Started process (PID=771) to work on /home/airflow/.local/lib/python3.12/site-packages/airflow/example_dags/example_latest_only.py
[2026-02-28T21:46:45.621+0000] {processor.py:830} INFO - Processing file /home/airflow/.local/lib/python3.12/site-packages/airflow/example_dags/example_latest_only.py for tasks to queue
[2026-02-28T21:46:45.622+0000] {logging_mixin.py:188} INFO - [2026-02-28T21:46:45.622+0000] {dagbag.py:545} INFO - Filling up the DagBag from /home/airflow/.local/lib/python3.12/site-packages/airflow/example_dags/example_latest_only.py
[2026-02-28T21:46:45.627+0000] {processor.py:840} INFO - DAG(s) 'latest_only' retrieved from /home/airflow/.local/lib/python3.12/site-packages/airflow/example_dags/example_latest_only.py
[2026-02-28T21:46:45.649+0000] {logging_mixin.py:188} INFO - [2026-02-28T21:46:45.649+0000] {dag.py:3096} INFO - Sync 1 DAGs
[2026-02-28T21:46:45.669+0000] {logging_mixin.py:188} INFO - [2026-02-28T21:46:45.669+0000] {dag.py:3954} INFO - Setting next_dagrun for latest_only to 2026-02-28 16:00:00+00:00, run_after=2026-02-28 20:00:00+00:00
[2026-02-28T21:46:45.678+0000] {processor.py:183} INFO - Processing /home/airflow/.local/lib/python3.12/site-packages/airflow/example_dags/example_latest_only.py took 0.062 seconds
[2026-02-28T21:47:16.599+0000] {processor.py:161} INFO - Started process (PID=829) to work on /home/airflow/.local/lib/python3.12/site-packages/airflow/example_dags/example_latest_only.py
[2026-02-28T21:47:16.600+0000] {processor.py:830} INFO - Processing file /home/airflow/.local/lib/python3.12/site-packages/airflow/example_dags/example_latest_only.py for tasks to queue
[2026-02-28T21:47:16.602+0000] {logging_mixin.py:188} INFO - [2026-02-28T21:47:16.602+0000] {dagbag.py:545} INFO - Filling up the DagBag from /home/airflow/.local/lib/python3.12/site-packages/airflow/example_dags/example_latest_only.py
[2026-02-28T21:47:16.604+0000] {processor.py:840} INFO - DAG(s) 'latest_only' retrieved from /home/airflow/.local/lib/python3.12/site-packages/airflow/example_dags/example_latest_only.py
[2026-02-28T21:47:16.616+0000] {logging_mixin.py:188} INFO - [2026-02-28T21:47:16.615+0000] {dag.py:3096} INFO - Sync 1 DAGs
[2026-02-28T21:47:16.631+0000] {logging_mixin.py:188} INFO - [2026-02-28T21:47:16.631+0000] {dag.py:3954} INFO - Setting next_dagrun for latest_only to 2026-02-28 16:00:00+00:00, run_after=2026-02-28 20:00:00+00:00
[2026-02-28T21:47:16.650+0000] {processor.py:183} INFO - Processing /home/airflow/.local/lib/python3.12/site-packages/airflow/example_dags/example_latest_only.py took 0.054 seconds
[2026-02-28T21:47:47.509+0000] {processor.py:161} INFO - Started process (PID=887) to work on /home/airflow/.local/lib/python3.12/site-packages/airflow/example_dags/example_latest_only.py
[2026-02-28T21:47:47.510+0000] {processor.py:830} INFO - Processing file /home/airflow/.local/lib/python3.12/site-packages/airflow/example_dags/example_latest_only.py for tasks to queue
[2026-02-28T21:47:47.511+0000] {logging_mixin.py:188} INFO - [2026-02-28T21:47:47.511+0000] {dagbag.py:545} INFO - Filling up the DagBag from /home/airflow/.local/lib/python3.12/site-packages/airflow/example_dags/example_latest_only.py
[2026-02-28T21:47:47.514+0000] {processor.py:840} INFO - DAG(s) 'latest_only' retrieved from /home/airflow/.local/lib/python3.12/site-packages/airflow/example_dags/example_latest_only.py
[2026-02-28T21:47:47.525+0000] {logging_mixin.py:188} INFO - [2026-02-28T21:47:47.525+0000] {dag.py:3096} INFO - Sync 1 DAGs
[2026-02-28T21:47:47.536+0000] {logging_mixin.py:188} INFO - [2026-02-28T21:47:47.536+0000] {dag.py:3954} INFO - Setting next_dagrun for latest_only to 2026-02-28 16:00:00+00:00, run_after=2026-02-28 20:00:00+00:00
[2026-02-28T21:47:47.547+0000] {processor.py:183} INFO - Processing /home/airflow/.local/lib/python3.12/site-packages/airflow/example_dags/example_latest_only.py took 0.041 seconds
[2026-02-28T21:48:18.423+0000] {processor.py:161} INFO - Started process (PID=945) to work on /home/airflow/.local/lib/python3.12/site-packages/airflow/example_dags/example_latest_only.py
[2026-02-28T21:48:18.424+0000] {processor.py:830} INFO - Processing file /home/airflow/.local/lib/python3.12/site-packages/airflow/example_dags/example_latest_only.py for tasks to queue
[2026-02-28T21:48:18.428+0000] {logging_mixin.py:188} INFO - [2026-02-28T21:48:18.428+0000] {dagbag.py:545} INFO - Filling up the DagBag from /home/airflow/.local/lib/python3.12/site-packages/airflow/example_dags/example_latest_only.py
[2026-02-28T21:48:18.431+0000] {processor.py:840} INFO - DAG(s) 'latest_only' retrieved from /home/airflow/.local/lib/python3.12/site-packages/airflow/example_dags/example_latest_only.py
[2026-02-28T21:48:18.447+0000] {logging_mixin.py:188} INFO - [2026-02-28T21:48:18.446+0000] {dag.py:3096} INFO - Sync 1 DAGs
[2026-02-28T21:48:18.473+0000] {logging_mixin.py:188} INFO - [2026-02-28T21:48:18.473+0000] {dag.py:3954} INFO - Setting next_dagrun for latest_only to 2026-02-28 16:00:00+00:00, run_after=2026-02-28 20:00:00+00:00
[2026-02-28T21:48:18.488+0000] {processor.py:183} INFO - Processing /home/airflow/.local/lib/python3.12/site-packages/airflow/example_dags/example_latest_only.py took 0.069 seconds
[2026-02-28T21:48:49.482+0000] {processor.py:161} INFO - Started process (PID=1003) to work on /home/airflow/.local/lib/python3.12/site-packages/airflow/example_dags/example_latest_only.py
[2026-02-28T21:48:49.483+0000] {processor.py:830} INFO - Processing file /home/airflow/.local/lib/python3.12/site-packages/airflow/example_dags/example_latest_only.py for tasks to queue
[2026-02-28T21:48:49.484+0000] {logging_mixin.py:188} INFO - [2026-02-28T21:48:49.484+0000] {dagbag.py:545} INFO - Filling up the DagBag from /home/airflow/.local/lib/python3.12/site-packages/airflow/example_dags/example_latest_only.py
[2026-02-28T21:48:49.489+0000] {processor.py:840} INFO - DAG(s) 'latest_only' retrieved from /home/airflow/.local/lib/python3.12/site-packages/airflow/example_dags/example_latest_only.py
[2026-02-28T21:48:49.502+0000] {logging_mixin.py:188} INFO - [2026-02-28T21:48:49.502+0000] {dag.py:3096} INFO - Sync 1 DAGs
[2026-02-28T21:48:49.517+0000] {logging_mixin.py:188} INFO - [2026-02-28T21:48:49.517+0000] {dag.py:3954} INFO - Setting next_dagrun for latest_only to 2026-02-28 16:00:00+00:00, run_after=2026-02-28 20:00:00+00:00
[2026-02-28T21:48:49.536+0000] {processor.py:183} INFO - Processing /home/airflow/.local/lib/python3.12/site-packages/airflow/example_dags/example_latest_only.py took 0.060 seconds
[2026-02-28T21:49:20.226+0000] {processor.py:161} INFO - Started process (PID=1061) to work on /home/airflow/.local/lib/python3.12/site-packages/airflow/example_dags/example_latest_only.py
[2026-02-28T21:49:20.229+0000] {processor.py:830} INFO - Processing file /home/airflow/.local/lib/python3.12/site-packages/airflow/example_dags/example_latest_only.py for tasks to queue
[2026-02-28T21:49:20.234+0000] {logging_mixin.py:188} INFO - [2026-02-28T21:49:20.233+0000] {dagbag.py:545} INFO - Filling up the DagBag from /home/airflow/.local/lib/python3.12/site-packages/airflow/example_dags/example_latest_only.py
[2026-02-28T21:49:20.265+0000] {processor.py:840} INFO - DAG(s) 'latest_only' retrieved from /home/airflow/.local/lib/python3.12/site-packages/airflow/example_dags/example_latest_only.py
[2026-02-28T21:49:20.294+0000] {logging_mixin.py:188} INFO - [2026-02-28T21:49:20.294+0000] {dag.py:3096} INFO - Sync 1 DAGs
[2026-02-28T21:49:20.317+0000] {logging_mixin.py:188} INFO - [2026-02-28T21:49:20.317+0000] {dag.py:3954} INFO - Setting next_dagrun for latest_only to 2026-02-28 16:00:00+00:00, run_after=2026-02-28 20:00:00+00:00
[2026-02-28T21:49:20.339+0000] {processor.py:183} INFO - Processing /home/airflow/.local/lib/python3.12/site-packages/airflow/example_dags/example_latest_only.py took 0.119 seconds
[2026-02-28T21:49:51.313+0000] {processor.py:161} INFO - Started process (PID=1119) to work on /home/airflow/.local/lib/python3.12/site-packages/airflow/example_dags/example_latest_only.py
[2026-02-28T21:49:51.316+0000] {processor.py:830} INFO - Processing file /home/airflow/.local/lib/python3.12/site-packages/airflow/example_dags/example_latest_only.py for tasks to queue
[2026-02-28T21:49:51.336+0000] {logging_mixin.py:188} INFO - [2026-02-28T21:49:51.336+0000] {dagbag.py:545} INFO - Filling up the DagBag from /home/airflow/.local/lib/python3.12/site-packages/airflow/example_dags/example_latest_only.py
[2026-02-28T21:49:51.353+0000] {processor.py:840} INFO - DAG(s) 'latest_only' retrieved from /home/airflow/.local/lib/python3.12/site-packages/airflow/example_dags/example_latest_only.py
[2026-02-28T21:49:51.457+0000] {logging_mixin.py:188} INFO - [2026-02-28T21:49:51.457+0000] {dag.py:3096} INFO - Sync 1 DAGs
[2026-02-28T21:49:51.530+0000] {logging_mixin.py:188} INFO - [2026-02-28T21:49:51.530+0000] {dag.py:3954} INFO - Setting next_dagrun for latest_only to 2026-02-28 16:00:00+00:00, run_after=2026-02-28 20:00:00+00:00
[2026-02-28T21:49:51.603+0000] {processor.py:183} INFO - Processing /home/airflow/.local/lib/python3.12/site-packages/airflow/example_dags/example_latest_only.py took 0.297 seconds
[2026-02-28T21:50:21.634+0000] {processor.py:161} INFO - Started process (PID=1177) to work on /home/airflow/.local/lib/python3.12/site-packages/airflow/example_dags/example_latest_only.py
[2026-02-28T21:50:21.636+0000] {processor.py:830} INFO - Processing file /home/airflow/.local/lib/python3.12/site-packages/airflow/example_dags/example_latest_only.py for tasks to queue
[2026-02-28T21:50:21.638+0000] {logging_mixin.py:188} INFO - [2026-02-28T21:50:21.638+0000] {dagbag.py:545} INFO - Filling up the DagBag from /home/airflow/.local/lib/python3.12/site-packages/airflow/example_dags/example_latest_only.py
[2026-02-28T21:50:21.641+0000] {processor.py:840} INFO - DAG(s) 'latest_only' retrieved from /home/airflow/.local/lib/python3.12/site-packages/airflow/example_dags/example_latest_only.py
[2026-02-28T21:50:21.658+0000] {logging_mixin.py:188} INFO - [2026-02-28T21:50:21.658+0000] {dag.py:3096} INFO - Sync 1 DAGs
[2026-02-28T21:50:21.673+0000] {logging_mixin.py:188} INFO - [2026-02-28T21:50:21.673+0000] {dag.py:3954} INFO - Setting next_dagrun for latest_only to 2026-02-28 16:00:00+00:00, run_after=2026-02-28 20:00:00+00:00
[2026-02-28T21:50:21.685+0000] {processor.py:183} INFO - Processing /home/airflow/.local/lib/python3.12/site-packages/airflow/example_dags/example_latest_only.py took 0.057 seconds
[2026-02-28T21:50:52.155+0000] {processor.py:161} INFO - Started process (PID=1235) to work on /home/airflow/.local/lib/python3.12/site-packages/airflow/example_dags/example_latest_only.py
[2026-02-28T21:50:52.156+0000] {processor.py:830} INFO - Processing file /home/airflow/.local/lib/python3.12/site-packages/airflow/example_dags/example_latest_only.py for tasks to queue
[2026-02-28T21:50:52.159+0000] {logging_mixin.py:188} INFO - [2026-02-28T21:50:52.158+0000] {dagbag.py:545} INFO - Filling up the DagBag from /home/airflow/.local/lib/python3.12/site-packages/airflow/example_dags/example_latest_only.py
[2026-02-28T21:50:52.166+0000] {processor.py:840} INFO - DAG(s) 'latest_only' retrieved from /home/airflow/.local/lib/python3.12/site-packages/airflow/example_dags/example_latest_only.py
[2026-02-28T21:50:52.182+0000] {logging_mixin.py:188} INFO - [2026-02-28T21:50:52.182+0000] {dag.py:3096} INFO - Sync 1 DAGs
[2026-02-28T21:50:52.196+0000] {logging_mixin.py:188} INFO - [2026-02-28T21:50:52.196+0000] {dag.py:3954} INFO - Setting next_dagrun for latest_only to 2026-02-28 16:00:00+00:00, run_after=2026-02-28 20:00:00+00:00
[2026-02-28T21:50:52.212+0000] {processor.py:183} INFO - Processing /home/airflow/.local/lib/python3.12/site-packages/airflow/example_dags/example_latest_only.py took 0.062 seconds
[2026-02-28T21:51:22.399+0000] {processor.py:161} INFO - Started process (PID=1293) to work on /home/airflow/.local/lib/python3.12/site-packages/airflow/example_dags/example_latest_only.py
[2026-02-28T21:51:22.400+0000] {processor.py:830} INFO - Processing file /home/airflow/.local/lib/python3.12/site-packages/airflow/example_dags/example_latest_only.py for tasks to queue
[2026-02-28T21:51:22.401+0000] {logging_mixin.py:188} INFO - [2026-02-28T21:51:22.401+0000] {dagbag.py:545} INFO - Filling up the DagBag from /home/airflow/.local/lib/python3.12/site-packages/airflow/example_dags/example_latest_only.py
[2026-02-28T21:51:22.404+0000] {processor.py:840} INFO - DAG(s) 'latest_only' retrieved from /home/airflow/.local/lib/python3.12/site-packages/airflow/example_dags/example_latest_only.py
[2026-02-28T21:51:22.418+0000] {logging_mixin.py:188} INFO - [2026-02-28T21:51:22.417+0000] {dag.py:3096} INFO - Sync 1 DAGs
[2026-02-28T21:51:22.431+0000] {logging_mixin.py:188} INFO - [2026-02-28T21:51:22.430+0000] {dag.py:3954} INFO - Setting next_dagrun for latest_only to 2026-02-28 16:00:00+00:00, run_after=2026-02-28 20:00:00+00:00
[2026-02-28T21:51:22.443+0000] {processor.py:183} INFO - Processing /home/airflow/.local/lib/python3.12/site-packages/airflow/example_dags/example_latest_only.py took 0.049 seconds
[2026-02-28T21:51:53.183+0000] {processor.py:161} INFO - Started process (PID=1351) to work on /home/airflow/.local/lib/python3.12/site-packages/airflow/example_dags/example_latest_only.py
[2026-02-28T21:51:53.186+0000] {processor.py:830} INFO - Processing file /home/airflow/.local/lib/python3.12/site-packages/airflow/example_dags/example_latest_only.py for tasks to queue
[2026-02-28T21:51:53.189+0000] {logging_mixin.py:188} INFO - [2026-02-28T21:51:53.188+0000] {dagbag.py:545} INFO - Filling up the DagBag from /home/airflow/.local/lib/python3.12/site-packages/airflow/example_dags/example_latest_only.py
[2026-02-28T21:51:53.192+0000] {processor.py:840} INFO - DAG(s) 'latest_only' retrieved from /home/airflow/.local/lib/python3.12/site-packages/airflow/example_dags/example_latest_only.py
[2026-02-28T21:51:53.223+0000] {logging_mixin.py:188} INFO - [2026-02-28T21:51:53.222+0000] {dag.py:3096} INFO - Sync 1 DAGs
[2026-02-28T21:51:53.284+0000] {logging_mixin.py:188} INFO - [2026-02-28T21:51:53.283+0000] {dag.py:3954} INFO - Setting next_dagrun for latest_only to 2026-02-28 16:00:00+00:00, run_after=2026-02-28 20:00:00+00:00
[2026-02-28T21:51:53.326+0000] {processor.py:183} INFO - Processing /home/airflow/.local/lib/python3.12/site-packages/airflow/example_dags/example_latest_only.py took 0.148 seconds
[2026-02-28T21:52:23.966+0000] {processor.py:161} INFO - Started process (PID=1409) to work on /home/airflow/.local/lib/python3.12/site-packages/airflow/example_dags/example_latest_only.py
[2026-02-28T21:52:23.967+0000] {processor.py:830} INFO - Processing file /home/airflow/.local/lib/python3.12/site-packages/airflow/example_dags/example_latest_only.py for tasks to queue
[2026-02-28T21:52:23.970+0000] {logging_mixin.py:188} INFO - [2026-02-28T21:52:23.970+0000] {dagbag.py:545} INFO - Filling up the DagBag from /home/airflow/.local/lib/python3.12/site-packages/airflow/example_dags/example_latest_only.py
[2026-02-28T21:52:23.973+0000] {processor.py:840} INFO - DAG(s) 'latest_only' retrieved from /home/airflow/.local/lib/python3.12/site-packages/airflow/example_dags/example_latest_only.py
[2026-02-28T21:52:23.992+0000] {logging_mixin.py:188} INFO - [2026-02-28T21:52:23.992+0000] {dag.py:3096} INFO - Sync 1 DAGs
[2026-02-28T21:52:24.017+0000] {logging_mixin.py:188} INFO - [2026-02-28T21:52:24.017+0000] {dag.py:3954} INFO - Setting next_dagrun for latest_only to 2026-02-28 16:00:00+00:00, run_after=2026-02-28 20:00:00+00:00
[2026-02-28T21:52:24.028+0000] {processor.py:183} INFO - Processing /home/airflow/.local/lib/python3.12/site-packages/airflow/example_dags/example_latest_only.py took 0.066 seconds
[2026-02-28T21:52:54.179+0000] {processor.py:161} INFO - Started process (PID=1467) to work on /home/airflow/.local/lib/python3.12/site-packages/airflow/example_dags/example_latest_only.py
[2026-02-28T21:52:54.180+0000] {processor.py:830} INFO - Processing file /home/airflow/.local/lib/python3.12/site-packages/airflow/example_dags/example_latest_only.py for tasks to queue
[2026-02-28T21:52:54.181+0000] {logging_mixin.py:188} INFO - [2026-02-28T21:52:54.181+0000] {dagbag.py:545} INFO - Filling up the DagBag from /home/airflow/.local/lib/python3.12/site-packages/airflow/example_dags/example_latest_only.py
[2026-02-28T21:52:54.187+0000] {processor.py:840} INFO - DAG(s) 'latest_only' retrieved from /home/airflow/.local/lib/python3.12/site-packages/airflow/example_dags/example_latest_only.py
[2026-02-28T21:52:54.212+0000] {logging_mixin.py:188} INFO - [2026-02-28T21:52:54.212+0000] {dag.py:3096} INFO - Sync 1 DAGs
[2026-02-28T21:52:54.235+0000] {logging_mixin.py:188} INFO - [2026-02-28T21:52:54.235+0000] {dag.py:3954} INFO - Setting next_dagrun for latest_only to 2026-02-28 16:00:00+00:00, run_after=2026-02-28 20:00:00+00:00
[2026-02-28T21:52:54.247+0000] {processor.py:183} INFO - Processing /home/airflow/.local/lib/python3.12/site-packages/airflow/example_dags/example_latest_only.py took 0.072 seconds
[2026-02-28T21:53:25.024+0000] {processor.py:161} INFO - Started process (PID=1525) to work on /home/airflow/.local/lib/python3.12/site-packages/airflow/example_dags/example_latest_only.py
[2026-02-28T21:53:25.025+0000] {processor.py:830} INFO - Processing file /home/airflow/.local/lib/python3.12/site-packages/airflow/example_dags/example_latest_only.py for tasks to queue
[2026-02-28T21:53:25.027+0000] {logging_mixin.py:188} INFO - [2026-02-28T21:53:25.027+0000] {dagbag.py:545} INFO - Filling up the DagBag from /home/airflow/.local/lib/python3.12/site-packages/airflow/example_dags/example_latest_only.py
[2026-02-28T21:53:25.033+0000] {processor.py:840} INFO - DAG(s) 'latest_only' retrieved from /home/airflow/.local/lib/python3.12/site-packages/airflow/example_dags/example_latest_only.py
[2026-02-28T21:53:25.046+0000] {logging_mixin.py:188} INFO - [2026-02-28T21:53:25.046+0000] {dag.py:3096} INFO - Sync 1 DAGs
[2026-02-28T21:53:25.062+0000] {logging_mixin.py:188} INFO - [2026-02-28T21:53:25.062+0000] {dag.py:3954} INFO - Setting next_dagrun for latest_only to 2026-02-28 16:00:00+00:00, run_after=2026-02-28 20:00:00+00:00
[2026-02-28T21:53:25.077+0000] {processor.py:183} INFO - Processing /home/airflow/.local/lib/python3.12/site-packages/airflow/example_dags/example_latest_only.py took 0.057 seconds
[2026-02-28T21:53:55.916+0000] {processor.py:161} INFO - Started process (PID=1583) to work on /home/airflow/.local/lib/python3.12/site-packages/airflow/example_dags/example_latest_only.py
[2026-02-28T21:53:55.918+0000] {processor.py:830} INFO - Processing file /home/airflow/.local/lib/python3.12/site-packages/airflow/example_dags/example_latest_only.py for tasks to queue
[2026-02-28T21:53:55.919+0000] {logging_mixin.py:188} INFO - [2026-02-28T21:53:55.919+0000] {dagbag.py:545} INFO - Filling up the DagBag from /home/airflow/.local/lib/python3.12/site-packages/airflow/example_dags/example_latest_only.py
[2026-02-28T21:53:55.924+0000] {processor.py:840} INFO - DAG(s) 'latest_only' retrieved from /home/airflow/.local/lib/python3.12/site-packages/airflow/example_dags/example_latest_only.py
[2026-02-28T21:53:55.941+0000] {logging_mixin.py:188} INFO - [2026-02-28T21:53:55.941+0000] {dag.py:3096} INFO - Sync 1 DAGs
[2026-02-28T21:53:55.957+0000] {logging_mixin.py:188} INFO - [2026-02-28T21:53:55.957+0000] {dag.py:3954} INFO - Setting next_dagrun for latest_only to 2026-02-28 16:00:00+00:00, run_after=2026-02-28 20:00:00+00:00
[2026-02-28T21:53:55.965+0000] {processor.py:183} INFO - Processing /home/airflow/.local/lib/python3.12/site-packages/airflow/example_dags/example_latest_only.py took 0.052 seconds
[2026-02-28T21:54:26.281+0000] {processor.py:161} INFO - Started process (PID=1641) to work on /home/airflow/.local/lib/python3.12/site-packages/airflow/example_dags/example_latest_only.py
[2026-02-28T21:54:26.283+0000] {processor.py:830} INFO - Processing file /home/airflow/.local/lib/python3.12/site-packages/airflow/example_dags/example_latest_only.py for tasks to queue
[2026-02-28T21:54:26.286+0000] {logging_mixin.py:188} INFO - [2026-02-28T21:54:26.286+0000] {dagbag.py:545} INFO - Filling up the DagBag from /home/airflow/.local/lib/python3.12/site-packages/airflow/example_dags/example_latest_only.py
[2026-02-28T21:54:26.290+0000] {processor.py:840} INFO - DAG(s) 'latest_only' retrieved from /home/airflow/.local/lib/python3.12/site-packages/airflow/example_dags/example_latest_only.py
[2026-02-28T21:54:26.307+0000] {logging_mixin.py:188} INFO - [2026-02-28T21:54:26.306+0000] {dag.py:3096} INFO - Sync 1 DAGs
[2026-02-28T21:54:26.330+0000] {logging_mixin.py:188} INFO - [2026-02-28T21:54:26.330+0000] {dag.py:3954} INFO - Setting next_dagrun for latest_only to 2026-02-28 16:00:00+00:00, run_after=2026-02-28 20:00:00+00:00
[2026-02-28T21:54:26.341+0000] {processor.py:183} INFO - Processing /home/airflow/.local/lib/python3.12/site-packages/airflow/example_dags/example_latest_only.py took 0.065 seconds
[2026-02-28T21:54:57.124+0000] {processor.py:161} INFO - Started process (PID=1699) to work on /home/airflow/.local/lib/python3.12/site-packages/airflow/example_dags/example_latest_only.py
[2026-02-28T21:54:57.130+0000] {processor.py:830} INFO - Processing file /home/airflow/.local/lib/python3.12/site-packages/airflow/example_dags/example_latest_only.py for tasks to queue
[2026-02-28T21:54:57.133+0000] {logging_mixin.py:188} INFO - [2026-02-28T21:54:57.133+0000] {dagbag.py:545} INFO - Filling up the DagBag from /home/airflow/.local/lib/python3.12/site-packages/airflow/example_dags/example_latest_only.py
[2026-02-28T21:54:57.138+0000] {processor.py:840} INFO - DAG(s) 'latest_only' retrieved from /home/airflow/.local/lib/python3.12/site-packages/airflow/example_dags/example_latest_only.py
[2026-02-28T21:54:57.173+0000] {logging_mixin.py:188} INFO - [2026-02-28T21:54:57.173+0000] {dag.py:3096} INFO - Sync 1 DAGs
[2026-02-28T21:54:57.216+0000] {logging_mixin.py:188} INFO - [2026-02-28T21:54:57.216+0000] {dag.py:3954} INFO - Setting next_dagrun for latest_only to 2026-02-28 16:00:00+00:00, run_after=2026-02-28 20:00:00+00:00
[2026-02-28T21:54:57.245+0000] {processor.py:183} INFO - Processing /home/airflow/.local/lib/python3.12/site-packages/airflow/example_dags/example_latest_only.py took 0.135 seconds
[2026-02-28T21:55:27.292+0000] {processor.py:161} INFO - Started process (PID=1759) to work on /home/airflow/.local/lib/python3.12/site-packages/airflow/example_dags/example_latest_only.py
[2026-02-28T21:55:27.293+0000] {processor.py:830} INFO - Processing file /home/airflow/.local/lib/python3.12/site-packages/airflow/example_dags/example_latest_only.py for tasks to queue
[2026-02-28T21:55:27.295+0000] {logging_mixin.py:188} INFO - [2026-02-28T21:55:27.294+0000] {dagbag.py:545} INFO - Filling up the DagBag from /home/airflow/.local/lib/python3.12/site-packages/airflow/example_dags/example_latest_only.py
[2026-02-28T21:55:27.298+0000] {processor.py:840} INFO - DAG(s) 'latest_only' retrieved from /home/airflow/.local/lib/python3.12/site-packages/airflow/example_dags/example_latest_only.py
[2026-02-28T21:55:27.311+0000] {logging_mixin.py:188} INFO - [2026-02-28T21:55:27.311+0000] {dag.py:3096} INFO - Sync 1 DAGs
[2026-02-28T21:55:27.324+0000] {logging_mixin.py:188} INFO - [2026-02-28T21:55:27.324+0000] {dag.py:3954} INFO - Setting next_dagrun for latest_only to 2026-02-28 16:00:00+00:00, run_after=2026-02-28 20:00:00+00:00
[2026-02-28T21:55:27.336+0000] {processor.py:183} INFO - Processing /home/airflow/.local/lib/python3.12/site-packages/airflow/example_dags/example_latest_only.py took 0.049 seconds
[2026-02-28T21:55:58.256+0000] {processor.py:161} INFO - Started process (PID=1817) to work on /home/airflow/.local/lib/python3.12/site-packages/airflow/example_dags/example_latest_only.py
[2026-02-28T21:55:58.258+0000] {processor.py:830} INFO - Processing file /home/airflow/.local/lib/python3.12/site-packages/airflow/example_dags/example_latest_only.py for tasks to queue
[2026-02-28T21:55:58.260+0000] {logging_mixin.py:188} INFO - [2026-02-28T21:55:58.260+0000] {dagbag.py:545} INFO - Filling up the DagBag from /home/airflow/.local/lib/python3.12/site-packages/airflow/example_dags/example_latest_only.py
[2026-02-28T21:55:58.265+0000] {processor.py:840} INFO - DAG(s) 'latest_only' retrieved from /home/airflow/.local/lib/python3.12/site-packages/airflow/example_dags/example_latest_only.py
[2026-02-28T21:55:58.280+0000] {logging_mixin.py:188} INFO - [2026-02-28T21:55:58.280+0000] {dag.py:3096} INFO - Sync 1 DAGs
[2026-02-28T21:55:58.292+0000] {logging_mixin.py:188} INFO - [2026-02-28T21:55:58.292+0000] {dag.py:3954} INFO - Setting next_dagrun for latest_only to 2026-02-28 16:00:00+00:00, run_after=2026-02-28 20:00:00+00:00
[2026-02-28T21:55:58.307+0000] {processor.py:183} INFO - Processing /home/airflow/.local/lib/python3.12/site-packages/airflow/example_dags/example_latest_only.py took 0.055 seconds
[2026-02-28T21:56:28.378+0000] {processor.py:161} INFO - Started process (PID=1875) to work on /home/airflow/.local/lib/python3.12/site-packages/airflow/example_dags/example_latest_only.py
[2026-02-28T21:56:28.379+0000] {processor.py:830} INFO - Processing file /home/airflow/.local/lib/python3.12/site-packages/airflow/example_dags/example_latest_only.py for tasks to queue
[2026-02-28T21:56:28.381+0000] {logging_mixin.py:188} INFO - [2026-02-28T21:56:28.380+0000] {dagbag.py:545} INFO - Filling up the DagBag from /home/airflow/.local/lib/python3.12/site-packages/airflow/example_dags/example_latest_only.py
[2026-02-28T21:56:28.385+0000] {processor.py:840} INFO - DAG(s) 'latest_only' retrieved from /home/airflow/.local/lib/python3.12/site-packages/airflow/example_dags/example_latest_only.py
[2026-02-28T21:56:28.403+0000] {logging_mixin.py:188} INFO - [2026-02-28T21:56:28.402+0000] {dag.py:3096} INFO - Sync 1 DAGs
[2026-02-28T21:56:28.417+0000] {logging_mixin.py:188} INFO - [2026-02-28T21:56:28.416+0000] {dag.py:3954} INFO - Setting next_dagrun for latest_only to 2026-02-28 16:00:00+00:00, run_after=2026-02-28 20:00:00+00:00
[2026-02-28T21:56:28.424+0000] {processor.py:183} INFO - Processing /home/airflow/.local/lib/python3.12/site-packages/airflow/example_dags/example_latest_only.py took 0.050 seconds
[2026-02-28T21:56:58.526+0000] {processor.py:161} INFO - Started process (PID=1933) to work on /home/airflow/.local/lib/python3.12/site-packages/airflow/example_dags/example_latest_only.py
[2026-02-28T21:56:58.528+0000] {processor.py:830} INFO - Processing file /home/airflow/.local/lib/python3.12/site-packages/airflow/example_dags/example_latest_only.py for tasks to queue
[2026-02-28T21:56:58.530+0000] {logging_mixin.py:188} INFO - [2026-02-28T21:56:58.530+0000] {dagbag.py:545} INFO - Filling up the DagBag from /home/airflow/.local/lib/python3.12/site-packages/airflow/example_dags/example_latest_only.py
[2026-02-28T21:56:58.536+0000] {processor.py:840} INFO - DAG(s) 'latest_only' retrieved from /home/airflow/.local/lib/python3.12/site-packages/airflow/example_dags/example_latest_only.py
[2026-02-28T21:56:58.556+0000] {logging_mixin.py:188} INFO - [2026-02-28T21:56:58.556+0000] {dag.py:3096} INFO - Sync 1 DAGs
[2026-02-28T21:56:58.574+0000] {logging_mixin.py:188} INFO - [2026-02-28T21:56:58.574+0000] {dag.py:3954} INFO - Setting next_dagrun for latest_only to 2026-02-28 16:00:00+00:00, run_after=2026-02-28 20:00:00+00:00
[2026-02-28T21:56:58.588+0000] {processor.py:183} INFO - Processing /home/airflow/.local/lib/python3.12/site-packages/airflow/example_dags/example_latest_only.py took 0.067 seconds
[2026-02-28T21:57:29.556+0000] {processor.py:161} INFO - Started process (PID=1991) to work on /home/airflow/.local/lib/python3.12/site-packages/airflow/example_dags/example_latest_only.py
[2026-02-28T21:57:29.559+0000] {processor.py:830} INFO - Processing file /home/airflow/.local/lib/python3.12/site-packages/airflow/example_dags/example_latest_only.py for tasks to queue
[2026-02-28T21:57:29.560+0000] {logging_mixin.py:188} INFO - [2026-02-28T21:57:29.560+0000] {dagbag.py:545} INFO - Filling up the DagBag from /home/airflow/.local/lib/python3.12/site-packages/airflow/example_dags/example_latest_only.py
[2026-02-28T21:57:29.565+0000] {processor.py:840} INFO - DAG(s) 'latest_only' retrieved from /home/airflow/.local/lib/python3.12/site-packages/airflow/example_dags/example_latest_only.py
[2026-02-28T21:57:29.602+0000] {logging_mixin.py:188} INFO - [2026-02-28T21:57:29.602+0000] {dag.py:3096} INFO - Sync 1 DAGs
[2026-02-28T21:57:29.822+0000] {logging_mixin.py:188} INFO - [2026-02-28T21:57:29.822+0000] {dag.py:3954} INFO - Setting next_dagrun for latest_only to 2026-02-28 16:00:00+00:00, run_after=2026-02-28 20:00:00+00:00
[2026-02-28T21:57:29.903+0000] {processor.py:183} INFO - Processing /home/airflow/.local/lib/python3.12/site-packages/airflow/example_dags/example_latest_only.py took 0.357 seconds
[2026-02-28T21:57:59.978+0000] {processor.py:161} INFO - Started process (PID=2049) to work on /home/airflow/.local/lib/python3.12/site-packages/airflow/example_dags/example_latest_only.py
[2026-02-28T21:57:59.979+0000] {processor.py:830} INFO - Processing file /home/airflow/.local/lib/python3.12/site-packages/airflow/example_dags/example_latest_only.py for tasks to queue
[2026-02-28T21:57:59.985+0000] {logging_mixin.py:188} INFO - [2026-02-28T21:57:59.985+0000] {dagbag.py:545} INFO - Filling up the DagBag from /home/airflow/.local/lib/python3.12/site-packages/airflow/example_dags/example_latest_only.py
[2026-02-28T21:57:59.991+0000] {processor.py:840} INFO - DAG(s) 'latest_only' retrieved from /home/airflow/.local/lib/python3.12/site-packages/airflow/example_dags/example_latest_only.py
[2026-02-28T21:58:00.024+0000] {logging_mixin.py:188} INFO - [2026-02-28T21:58:00.023+0000] {dag.py:3096} INFO - Sync 1 DAGs
[2026-02-28T21:58:00.062+0000] {logging_mixin.py:188} INFO - [2026-02-28T21:58:00.062+0000] {dag.py:3954} INFO - Setting next_dagrun for latest_only to 2026-02-28 16:00:00+00:00, run_after=2026-02-28 20:00:00+00:00
[2026-02-28T21:58:00.084+0000] {processor.py:183} INFO - Processing /home/airflow/.local/lib/python3.12/site-packages/airflow/example_dags/example_latest_only.py took 0.111 seconds
[2026-02-28T21:58:31.086+0000] {processor.py:161} INFO - Started process (PID=2107) to work on /home/airflow/.local/lib/python3.12/site-packages/airflow/example_dags/example_latest_only.py
[2026-02-28T21:58:31.087+0000] {processor.py:830} INFO - Processing file /home/airflow/.local/lib/python3.12/site-packages/airflow/example_dags/example_latest_only.py for tasks to queue
[2026-02-28T21:58:31.088+0000] {logging_mixin.py:188} INFO - [2026-02-28T21:58:31.088+0000] {dagbag.py:545} INFO - Filling up the DagBag from /home/airflow/.local/lib/python3.12/site-packages/airflow/example_dags/example_latest_only.py
[2026-02-28T21:58:31.092+0000] {processor.py:840} INFO - DAG(s) 'latest_only' retrieved from /home/airflow/.local/lib/python3.12/site-packages/airflow/example_dags/example_latest_only.py
[2026-02-28T21:58:31.109+0000] {logging_mixin.py:188} INFO - [2026-02-28T21:58:31.108+0000] {dag.py:3096} INFO - Sync 1 DAGs
[2026-02-28T21:58:31.122+0000] {logging_mixin.py:188} INFO - [2026-02-28T21:58:31.121+0000] {dag.py:3954} INFO - Setting next_dagrun for latest_only to 2026-02-28 16:00:00+00:00, run_after=2026-02-28 20:00:00+00:00
[2026-02-28T21:58:31.133+0000] {processor.py:183} INFO - Processing /home/airflow/.local/lib/python3.12/site-packages/airflow/example_dags/example_latest_only.py took 0.057 seconds
[2026-02-28T21:59:01.412+0000] {processor.py:161} INFO - Started process (PID=2165) to work on /home/airflow/.local/lib/python3.12/site-packages/airflow/example_dags/example_latest_only.py
[2026-02-28T21:59:01.414+0000] {processor.py:830} INFO - Processing file /home/airflow/.local/lib/python3.12/site-packages/airflow/example_dags/example_latest_only.py for tasks to queue
[2026-02-28T21:59:01.418+0000] {logging_mixin.py:188} INFO - [2026-02-28T21:59:01.418+0000] {dagbag.py:545} INFO - Filling up the DagBag from /home/airflow/.local/lib/python3.12/site-packages/airflow/example_dags/example_latest_only.py
[2026-02-28T21:59:01.425+0000] {processor.py:840} INFO - DAG(s) 'latest_only' retrieved from /home/airflow/.local/lib/python3.12/site-packages/airflow/example_dags/example_latest_only.py
[2026-02-28T21:59:01.449+0000] {logging_mixin.py:188} INFO - [2026-02-28T21:59:01.449+0000] {dag.py:3096} INFO - Sync 1 DAGs
[2026-02-28T21:59:01.467+0000] {logging_mixin.py:188} INFO - [2026-02-28T21:59:01.466+0000] {dag.py:3954} INFO - Setting next_dagrun for latest_only to 2026-02-28 16:00:00+00:00, run_after=2026-02-28 20:00:00+00:00
[2026-02-28T21:59:01.476+0000] {processor.py:183} INFO - Processing /home/airflow/.local/lib/python3.12/site-packages/airflow/example_dags/example_latest_only.py took 0.073 seconds
[2026-02-28T21:59:32.488+0000] {processor.py:161} INFO - Started process (PID=2223) to work on /home/airflow/.local/lib/python3.12/site-packages/airflow/example_dags/example_latest_only.py
[2026-02-28T21:59:32.491+0000] {processor.py:830} INFO - Processing file /home/airflow/.local/lib/python3.12/site-packages/airflow/example_dags/example_latest_only.py for tasks to queue
[2026-02-28T21:59:32.492+0000] {logging_mixin.py:188} INFO - [2026-02-28T21:59:32.492+0000] {dagbag.py:545} INFO - Filling up the DagBag from /home/airflow/.local/lib/python3.12/site-packages/airflow/example_dags/example_latest_only.py
[2026-02-28T21:59:32.496+0000] {processor.py:840} INFO - DAG(s) 'latest_only' retrieved from /home/airflow/.local/lib/python3.12/site-packages/airflow/example_dags/example_latest_only.py
[2026-02-28T21:59:32.511+0000] {logging_mixin.py:188} INFO - [2026-02-28T21:59:32.510+0000] {dag.py:3096} INFO - Sync 1 DAGs
[2026-02-28T21:59:32.528+0000] {logging_mixin.py:188} INFO - [2026-02-28T21:59:32.528+0000] {dag.py:3954} INFO - Setting next_dagrun for latest_only to 2026-02-28 16:00:00+00:00, run_after=2026-02-28 20:00:00+00:00
[2026-02-28T21:59:32.541+0000] {processor.py:183} INFO - Processing /home/airflow/.local/lib/python3.12/site-packages/airflow/example_dags/example_latest_only.py took 0.059 seconds
[2026-02-28T22:00:03.501+0000] {processor.py:161} INFO - Started process (PID=2287) to work on /home/airflow/.local/lib/python3.12/site-packages/airflow/example_dags/example_latest_only.py
[2026-02-28T22:00:03.503+0000] {processor.py:830} INFO - Processing file /home/airflow/.local/lib/python3.12/site-packages/airflow/example_dags/example_latest_only.py for tasks to queue
[2026-02-28T22:00:03.505+0000] {logging_mixin.py:188} INFO - [2026-02-28T22:00:03.505+0000] {dagbag.py:545} INFO - Filling up the DagBag from /home/airflow/.local/lib/python3.12/site-packages/airflow/example_dags/example_latest_only.py
[2026-02-28T22:00:03.510+0000] {processor.py:840} INFO - DAG(s) 'latest_only' retrieved from /home/airflow/.local/lib/python3.12/site-packages/airflow/example_dags/example_latest_only.py
[2026-02-28T22:00:03.535+0000] {logging_mixin.py:188} INFO - [2026-02-28T22:00:03.535+0000] {dag.py:3096} INFO - Sync 1 DAGs
[2026-02-28T22:00:03.550+0000] {logging_mixin.py:188} INFO - [2026-02-28T22:00:03.550+0000] {dag.py:3954} INFO - Setting next_dagrun for latest_only to 2026-02-28 16:00:00+00:00, run_after=2026-02-28 20:00:00+00:00
[2026-02-28T22:00:03.563+0000] {processor.py:183} INFO - Processing /home/airflow/.local/lib/python3.12/site-packages/airflow/example_dags/example_latest_only.py took 0.068 seconds
[2026-02-28T22:00:38.227+0000] {processor.py:161} INFO - Started process (PID=2345) to work on /home/airflow/.local/lib/python3.12/site-packages/airflow/example_dags/example_latest_only.py
[2026-02-28T22:00:38.227+0000] {processor.py:830} INFO - Processing file /home/airflow/.local/lib/python3.12/site-packages/airflow/example_dags/example_latest_only.py for tasks to queue
[2026-02-28T22:00:38.229+0000] {logging_mixin.py:188} INFO - [2026-02-28T22:00:38.228+0000] {dagbag.py:545} INFO - Filling up the DagBag from /home/airflow/.local/lib/python3.12/site-packages/airflow/example_dags/example_latest_only.py
[2026-02-28T22:00:38.232+0000] {processor.py:840} INFO - DAG(s) 'latest_only' retrieved from /home/airflow/.local/lib/python3.12/site-packages/airflow/example_dags/example_latest_only.py
[2026-02-28T22:00:38.244+0000] {logging_mixin.py:188} INFO - [2026-02-28T22:00:38.243+0000] {dag.py:3096} INFO - Sync 1 DAGs
[2026-02-28T22:00:38.254+0000] {logging_mixin.py:188} INFO - [2026-02-28T22:00:38.254+0000] {dag.py:3954} INFO - Setting next_dagrun for latest_only to 2026-02-28 16:00:00+00:00, run_after=2026-02-28 20:00:00+00:00
[2026-02-28T22:00:38.263+0000] {processor.py:183} INFO - Processing /home/airflow/.local/lib/python3.12/site-packages/airflow/example_dags/example_latest_only.py took 0.040 seconds
[2026-02-28T22:01:09.001+0000] {processor.py:161} INFO - Started process (PID=2402) to work on /home/airflow/.local/lib/python3.12/site-packages/airflow/example_dags/example_latest_only.py
[2026-02-28T22:01:09.002+0000] {processor.py:830} INFO - Processing file /home/airflow/.local/lib/python3.12/site-packages/airflow/example_dags/example_latest_only.py for tasks to queue
[2026-02-28T22:01:09.005+0000] {logging_mixin.py:188} INFO - [2026-02-28T22:01:09.005+0000] {dagbag.py:545} INFO - Filling up the DagBag from /home/airflow/.local/lib/python3.12/site-packages/airflow/example_dags/example_latest_only.py
[2026-02-28T22:01:09.010+0000] {processor.py:840} INFO - DAG(s) 'latest_only' retrieved from /home/airflow/.local/lib/python3.12/site-packages/airflow/example_dags/example_latest_only.py
[2026-02-28T22:01:09.037+0000] {logging_mixin.py:188} INFO - [2026-02-28T22:01:09.037+0000] {dag.py:3096} INFO - Sync 1 DAGs
[2026-02-28T22:01:09.059+0000] {logging_mixin.py:188} INFO - [2026-02-28T22:01:09.059+0000] {dag.py:3954} INFO - Setting next_dagrun for latest_only to 2026-02-28 16:00:00+00:00, run_after=2026-02-28 20:00:00+00:00
[2026-02-28T22:01:09.073+0000] {processor.py:183} INFO - Processing /home/airflow/.local/lib/python3.12/site-packages/airflow/example_dags/example_latest_only.py took 0.078 seconds
[2026-02-28T22:01:39.520+0000] {processor.py:161} INFO - Started process (PID=2460) to work on /home/airflow/.local/lib/python3.12/site-packages/airflow/example_dags/example_latest_only.py
[2026-02-28T22:01:39.521+0000] {processor.py:830} INFO - Processing file /home/airflow/.local/lib/python3.12/site-packages/airflow/example_dags/example_latest_only.py for tasks to queue
[2026-02-28T22:01:39.524+0000] {logging_mixin.py:188} INFO - [2026-02-28T22:01:39.523+0000] {dagbag.py:545} INFO - Filling up the DagBag from /home/airflow/.local/lib/python3.12/site-packages/airflow/example_dags/example_latest_only.py
[2026-02-28T22:01:39.529+0000] {processor.py:840} INFO - DAG(s) 'latest_only' retrieved from /home/airflow/.local/lib/python3.12/site-packages/airflow/example_dags/example_latest_only.py
[2026-02-28T22:01:39.548+0000] {logging_mixin.py:188} INFO - [2026-02-28T22:01:39.547+0000] {dag.py:3096} INFO - Sync 1 DAGs
[2026-02-28T22:01:39.563+0000] {logging_mixin.py:188} INFO - [2026-02-28T22:01:39.563+0000] {dag.py:3954} INFO - Setting next_dagrun for latest_only to 2026-02-28 16:00:00+00:00, run_after=2026-02-28 20:00:00+00:00
[2026-02-28T22:01:39.573+0000] {processor.py:183} INFO - Processing /home/airflow/.local/lib/python3.12/site-packages/airflow/example_dags/example_latest_only.py took 0.057 seconds
[2026-02-28T22:02:10.319+0000] {processor.py:161} INFO - Started process (PID=2518) to work on /home/airflow/.local/lib/python3.12/site-packages/airflow/example_dags/example_latest_only.py
[2026-02-28T22:02:10.320+0000] {processor.py:830} INFO - Processing file /home/airflow/.local/lib/python3.12/site-packages/airflow/example_dags/example_latest_only.py for tasks to queue
[2026-02-28T22:02:10.321+0000] {logging_mixin.py:188} INFO - [2026-02-28T22:02:10.321+0000] {dagbag.py:545} INFO - Filling up the DagBag from /home/airflow/.local/lib/python3.12/site-packages/airflow/example_dags/example_latest_only.py
[2026-02-28T22:02:10.328+0000] {processor.py:840} INFO - DAG(s) 'latest_only' retrieved from /home/airflow/.local/lib/python3.12/site-packages/airflow/example_dags/example_latest_only.py
[2026-02-28T22:02:10.349+0000] {logging_mixin.py:188} INFO - [2026-02-28T22:02:10.348+0000] {dag.py:3096} INFO - Sync 1 DAGs
[2026-02-28T22:02:10.369+0000] {logging_mixin.py:188} INFO - [2026-02-28T22:02:10.369+0000] {dag.py:3954} INFO - Setting next_dagrun for latest_only to 2026-02-28 16:00:00+00:00, run_after=2026-02-28 20:00:00+00:00
[2026-02-28T22:02:10.383+0000] {processor.py:183} INFO - Processing /home/airflow/.local/lib/python3.12/site-packages/airflow/example_dags/example_latest_only.py took 0.070 seconds
[2026-02-28T22:02:41.325+0000] {processor.py:161} INFO - Started process (PID=2576) to work on /home/airflow/.local/lib/python3.12/site-packages/airflow/example_dags/example_latest_only.py
[2026-02-28T22:02:41.327+0000] {processor.py:830} INFO - Processing file /home/airflow/.local/lib/python3.12/site-packages/airflow/example_dags/example_latest_only.py for tasks to queue
[2026-02-28T22:02:41.330+0000] {logging_mixin.py:188} INFO - [2026-02-28T22:02:41.330+0000] {dagbag.py:545} INFO - Filling up the DagBag from /home/airflow/.local/lib/python3.12/site-packages/airflow/example_dags/example_latest_only.py
[2026-02-28T22:02:41.338+0000] {processor.py:840} INFO - DAG(s) 'latest_only' retrieved from /home/airflow/.local/lib/python3.12/site-packages/airflow/example_dags/example_latest_only.py
[2026-02-28T22:02:41.357+0000] {logging_mixin.py:188} INFO - [2026-02-28T22:02:41.357+0000] {dag.py:3096} INFO - Sync 1 DAGs
[2026-02-28T22:02:41.381+0000] {logging_mixin.py:188} INFO - [2026-02-28T22:02:41.381+0000] {dag.py:3954} INFO - Setting next_dagrun for latest_only to 2026-02-28 16:00:00+00:00, run_after=2026-02-28 20:00:00+00:00
[2026-02-28T22:02:41.401+0000] {processor.py:183} INFO - Processing /home/airflow/.local/lib/python3.12/site-packages/airflow/example_dags/example_latest_only.py took 0.082 seconds
[2026-02-28T22:03:11.893+0000] {processor.py:161} INFO - Started process (PID=2633) to work on /home/airflow/.local/lib/python3.12/site-packages/airflow/example_dags/example_latest_only.py
[2026-02-28T22:03:11.894+0000] {processor.py:830} INFO - Processing file /home/airflow/.local/lib/python3.12/site-packages/airflow/example_dags/example_latest_only.py for tasks to queue
[2026-02-28T22:03:11.895+0000] {logging_mixin.py:188} INFO - [2026-02-28T22:03:11.895+0000] {dagbag.py:545} INFO - Filling up the DagBag from /home/airflow/.local/lib/python3.12/site-packages/airflow/example_dags/example_latest_only.py
[2026-02-28T22:03:11.899+0000] {processor.py:840} INFO - DAG(s) 'latest_only' retrieved from /home/airflow/.local/lib/python3.12/site-packages/airflow/example_dags/example_latest_only.py
[2026-02-28T22:03:11.915+0000] {logging_mixin.py:188} INFO - [2026-02-28T22:03:11.915+0000] {dag.py:3096} INFO - Sync 1 DAGs
[2026-02-28T22:03:11.930+0000] {logging_mixin.py:188} INFO - [2026-02-28T22:03:11.929+0000] {dag.py:3954} INFO - Setting next_dagrun for latest_only to 2026-02-28 16:00:00+00:00, run_after=2026-02-28 20:00:00+00:00
[2026-02-28T22:03:11.938+0000] {processor.py:183} INFO - Processing /home/airflow/.local/lib/python3.12/site-packages/airflow/example_dags/example_latest_only.py took 0.049 seconds
[2026-02-28T22:03:42.137+0000] {processor.py:161} INFO - Started process (PID=2691) to work on /home/airflow/.local/lib/python3.12/site-packages/airflow/example_dags/example_latest_only.py
[2026-02-28T22:03:42.139+0000] {processor.py:830} INFO - Processing file /home/airflow/.local/lib/python3.12/site-packages/airflow/example_dags/example_latest_only.py for tasks to queue
[2026-02-28T22:03:42.143+0000] {logging_mixin.py:188} INFO - [2026-02-28T22:03:42.143+0000] {dagbag.py:545} INFO - Filling up the DagBag from /home/airflow/.local/lib/python3.12/site-packages/airflow/example_dags/example_latest_only.py
[2026-02-28T22:03:42.148+0000] {processor.py:840} INFO - DAG(s) 'latest_only' retrieved from /home/airflow/.local/lib/python3.12/site-packages/airflow/example_dags/example_latest_only.py
[2026-02-28T22:03:42.174+0000] {logging_mixin.py:188} INFO - [2026-02-28T22:03:42.173+0000] {dag.py:3096} INFO - Sync 1 DAGs
[2026-02-28T22:03:42.211+0000] {logging_mixin.py:188} INFO - [2026-02-28T22:03:42.211+0000] {dag.py:3954} INFO - Setting next_dagrun for latest_only to 2026-02-28 16:00:00+00:00, run_after=2026-02-28 20:00:00+00:00
[2026-02-28T22:03:42.237+0000] {processor.py:183} INFO - Processing /home/airflow/.local/lib/python3.12/site-packages/airflow/example_dags/example_latest_only.py took 0.110 seconds
[2026-02-28T22:04:13.411+0000] {processor.py:161} INFO - Started process (PID=2749) to work on /home/airflow/.local/lib/python3.12/site-packages/airflow/example_dags/example_latest_only.py
[2026-02-28T22:04:13.417+0000] {processor.py:830} INFO - Processing file /home/airflow/.local/lib/python3.12/site-packages/airflow/example_dags/example_latest_only.py for tasks to queue
[2026-02-28T22:04:13.420+0000] {logging_mixin.py:188} INFO - [2026-02-28T22:04:13.419+0000] {dagbag.py:545} INFO - Filling up the DagBag from /home/airflow/.local/lib/python3.12/site-packages/airflow/example_dags/example_latest_only.py
[2026-02-28T22:04:13.433+0000] {processor.py:840} INFO - DAG(s) 'latest_only' retrieved from /home/airflow/.local/lib/python3.12/site-packages/airflow/example_dags/example_latest_only.py
[2026-02-28T22:04:13.472+0000] {logging_mixin.py:188} INFO - [2026-02-28T22:04:13.471+0000] {dag.py:3096} INFO - Sync 1 DAGs
[2026-02-28T22:04:13.664+0000] {logging_mixin.py:188} INFO - [2026-02-28T22:04:13.663+0000] {dag.py:3954} INFO - Setting next_dagrun for latest_only to 2026-02-28 16:00:00+00:00, run_after=2026-02-28 20:00:00+00:00
[2026-02-28T22:04:13.690+0000] {processor.py:183} INFO - Processing /home/airflow/.local/lib/python3.12/site-packages/airflow/example_dags/example_latest_only.py took 0.309 seconds
[2026-02-28T22:04:44.168+0000] {processor.py:161} INFO - Started process (PID=2807) to work on /home/airflow/.local/lib/python3.12/site-packages/airflow/example_dags/example_latest_only.py
[2026-02-28T22:04:44.172+0000] {processor.py:830} INFO - Processing file /home/airflow/.local/lib/python3.12/site-packages/airflow/example_dags/example_latest_only.py for tasks to queue
[2026-02-28T22:04:44.185+0000] {logging_mixin.py:188} INFO - [2026-02-28T22:04:44.183+0000] {dagbag.py:545} INFO - Filling up the DagBag from /home/airflow/.local/lib/python3.12/site-packages/airflow/example_dags/example_latest_only.py
