[2026-02-28T21:40:00.152+0000] {processor.py:161} INFO - Started process (PID=59) to work on /home/airflow/.local/lib/python3.12/site-packages/airflow/example_dags/example_sensor_decorator.py
[2026-02-28T21:40:00.169+0000] {processor.py:830} INFO - Processing file /home/airflow/.local/lib/python3.12/site-packages/airflow/example_dags/example_sensor_decorator.py for tasks to queue
[2026-02-28T21:40:00.179+0000] {logging_mixin.py:188} INFO - [2026-02-28T21:40:00.179+0000] {dagbag.py:545} INFO - Filling up the DagBag from /home/airflow/.local/lib/python3.12/site-packages/airflow/example_dags/example_sensor_decorator.py
[2026-02-28T21:40:00.226+0000] {processor.py:840} INFO - DAG(s) 'example_sensor_decorator' retrieved from /home/airflow/.local/lib/python3.12/site-packages/airflow/example_dags/example_sensor_decorator.py
[2026-02-28T21:40:00.298+0000] {logging_mixin.py:188} INFO - [2026-02-28T21:40:00.297+0000] {dag.py:3096} INFO - Sync 1 DAGs
[2026-02-28T21:40:00.350+0000] {logging_mixin.py:188} INFO - [2026-02-28T21:40:00.350+0000] {dag.py:3954} INFO - Setting next_dagrun for example_sensor_decorator to None, run_after=None
[2026-02-28T21:40:00.469+0000] {processor.py:183} INFO - Processing /home/airflow/.local/lib/python3.12/site-packages/airflow/example_dags/example_sensor_decorator.py took 0.335 seconds
[2026-02-28T21:40:30.713+0000] {processor.py:161} INFO - Started process (PID=116) to work on /home/airflow/.local/lib/python3.12/site-packages/airflow/example_dags/example_sensor_decorator.py
[2026-02-28T21:40:30.714+0000] {processor.py:830} INFO - Processing file /home/airflow/.local/lib/python3.12/site-packages/airflow/example_dags/example_sensor_decorator.py for tasks to queue
[2026-02-28T21:40:30.716+0000] {logging_mixin.py:188} INFO - [2026-02-28T21:40:30.715+0000] {dagbag.py:545} INFO - Filling up the DagBag from /home/airflow/.local/lib/python3.12/site-packages/airflow/example_dags/example_sensor_decorator.py
[2026-02-28T21:40:30.720+0000] {processor.py:840} INFO - DAG(s) 'example_sensor_decorator' retrieved from /home/airflow/.local/lib/python3.12/site-packages/airflow/example_dags/example_sensor_decorator.py
[2026-02-28T21:40:30.790+0000] {logging_mixin.py:188} INFO - [2026-02-28T21:40:30.790+0000] {dag.py:3096} INFO - Sync 1 DAGs
[2026-02-28T21:40:30.795+0000] {logging_mixin.py:188} INFO - [2026-02-28T21:40:30.795+0000] {dag.py:3954} INFO - Setting next_dagrun for example_sensor_decorator to None, run_after=None
[2026-02-28T21:40:30.806+0000] {processor.py:183} INFO - Processing /home/airflow/.local/lib/python3.12/site-packages/airflow/example_dags/example_sensor_decorator.py took 0.098 seconds
[2026-02-28T21:41:01.044+0000] {processor.py:161} INFO - Started process (PID=175) to work on /home/airflow/.local/lib/python3.12/site-packages/airflow/example_dags/example_sensor_decorator.py
[2026-02-28T21:41:01.044+0000] {processor.py:830} INFO - Processing file /home/airflow/.local/lib/python3.12/site-packages/airflow/example_dags/example_sensor_decorator.py for tasks to queue
[2026-02-28T21:41:01.045+0000] {logging_mixin.py:188} INFO - [2026-02-28T21:41:01.045+0000] {dagbag.py:545} INFO - Filling up the DagBag from /home/airflow/.local/lib/python3.12/site-packages/airflow/example_dags/example_sensor_decorator.py
[2026-02-28T21:41:01.049+0000] {processor.py:840} INFO - DAG(s) 'example_sensor_decorator' retrieved from /home/airflow/.local/lib/python3.12/site-packages/airflow/example_dags/example_sensor_decorator.py
[2026-02-28T21:41:01.059+0000] {logging_mixin.py:188} INFO - [2026-02-28T21:41:01.059+0000] {dag.py:3096} INFO - Sync 1 DAGs
[2026-02-28T21:41:01.065+0000] {logging_mixin.py:188} INFO - [2026-02-28T21:41:01.065+0000] {dag.py:3954} INFO - Setting next_dagrun for example_sensor_decorator to None, run_after=None
[2026-02-28T21:41:01.074+0000] {processor.py:183} INFO - Processing /home/airflow/.local/lib/python3.12/site-packages/airflow/example_dags/example_sensor_decorator.py took 0.033 seconds
[2026-02-28T21:41:31.864+0000] {processor.py:161} INFO - Started process (PID=233) to work on /home/airflow/.local/lib/python3.12/site-packages/airflow/example_dags/example_sensor_decorator.py
[2026-02-28T21:41:31.865+0000] {processor.py:830} INFO - Processing file /home/airflow/.local/lib/python3.12/site-packages/airflow/example_dags/example_sensor_decorator.py for tasks to queue
[2026-02-28T21:41:31.867+0000] {logging_mixin.py:188} INFO - [2026-02-28T21:41:31.867+0000] {dagbag.py:545} INFO - Filling up the DagBag from /home/airflow/.local/lib/python3.12/site-packages/airflow/example_dags/example_sensor_decorator.py
[2026-02-28T21:41:31.871+0000] {processor.py:840} INFO - DAG(s) 'example_sensor_decorator' retrieved from /home/airflow/.local/lib/python3.12/site-packages/airflow/example_dags/example_sensor_decorator.py
[2026-02-28T21:41:31.885+0000] {logging_mixin.py:188} INFO - [2026-02-28T21:41:31.884+0000] {dag.py:3096} INFO - Sync 1 DAGs
[2026-02-28T21:41:31.893+0000] {logging_mixin.py:188} INFO - [2026-02-28T21:41:31.893+0000] {dag.py:3954} INFO - Setting next_dagrun for example_sensor_decorator to None, run_after=None
[2026-02-28T21:41:31.913+0000] {processor.py:183} INFO - Processing /home/airflow/.local/lib/python3.12/site-packages/airflow/example_dags/example_sensor_decorator.py took 0.052 seconds
[2026-02-28T21:42:02.303+0000] {processor.py:161} INFO - Started process (PID=291) to work on /home/airflow/.local/lib/python3.12/site-packages/airflow/example_dags/example_sensor_decorator.py
[2026-02-28T21:42:02.304+0000] {processor.py:830} INFO - Processing file /home/airflow/.local/lib/python3.12/site-packages/airflow/example_dags/example_sensor_decorator.py for tasks to queue
[2026-02-28T21:42:02.305+0000] {logging_mixin.py:188} INFO - [2026-02-28T21:42:02.305+0000] {dagbag.py:545} INFO - Filling up the DagBag from /home/airflow/.local/lib/python3.12/site-packages/airflow/example_dags/example_sensor_decorator.py
[2026-02-28T21:42:02.313+0000] {processor.py:840} INFO - DAG(s) 'example_sensor_decorator' retrieved from /home/airflow/.local/lib/python3.12/site-packages/airflow/example_dags/example_sensor_decorator.py
[2026-02-28T21:42:02.330+0000] {logging_mixin.py:188} INFO - [2026-02-28T21:42:02.330+0000] {dag.py:3096} INFO - Sync 1 DAGs
[2026-02-28T21:42:02.337+0000] {logging_mixin.py:188} INFO - [2026-02-28T21:42:02.337+0000] {dag.py:3954} INFO - Setting next_dagrun for example_sensor_decorator to None, run_after=None
[2026-02-28T21:42:02.350+0000] {processor.py:183} INFO - Processing /home/airflow/.local/lib/python3.12/site-packages/airflow/example_dags/example_sensor_decorator.py took 0.051 seconds
[2026-02-28T21:42:32.664+0000] {processor.py:161} INFO - Started process (PID=350) to work on /home/airflow/.local/lib/python3.12/site-packages/airflow/example_dags/example_sensor_decorator.py
[2026-02-28T21:42:32.665+0000] {processor.py:830} INFO - Processing file /home/airflow/.local/lib/python3.12/site-packages/airflow/example_dags/example_sensor_decorator.py for tasks to queue
[2026-02-28T21:42:32.666+0000] {logging_mixin.py:188} INFO - [2026-02-28T21:42:32.666+0000] {dagbag.py:545} INFO - Filling up the DagBag from /home/airflow/.local/lib/python3.12/site-packages/airflow/example_dags/example_sensor_decorator.py
[2026-02-28T21:42:32.670+0000] {processor.py:840} INFO - DAG(s) 'example_sensor_decorator' retrieved from /home/airflow/.local/lib/python3.12/site-packages/airflow/example_dags/example_sensor_decorator.py
[2026-02-28T21:42:32.684+0000] {logging_mixin.py:188} INFO - [2026-02-28T21:42:32.684+0000] {dag.py:3096} INFO - Sync 1 DAGs
[2026-02-28T21:42:32.692+0000] {logging_mixin.py:188} INFO - [2026-02-28T21:42:32.692+0000] {dag.py:3954} INFO - Setting next_dagrun for example_sensor_decorator to None, run_after=None
[2026-02-28T21:42:32.707+0000] {processor.py:183} INFO - Processing /home/airflow/.local/lib/python3.12/site-packages/airflow/example_dags/example_sensor_decorator.py took 0.046 seconds
[2026-02-28T21:43:03.356+0000] {processor.py:161} INFO - Started process (PID=408) to work on /home/airflow/.local/lib/python3.12/site-packages/airflow/example_dags/example_sensor_decorator.py
[2026-02-28T21:43:03.357+0000] {processor.py:830} INFO - Processing file /home/airflow/.local/lib/python3.12/site-packages/airflow/example_dags/example_sensor_decorator.py for tasks to queue
[2026-02-28T21:43:03.358+0000] {logging_mixin.py:188} INFO - [2026-02-28T21:43:03.358+0000] {dagbag.py:545} INFO - Filling up the DagBag from /home/airflow/.local/lib/python3.12/site-packages/airflow/example_dags/example_sensor_decorator.py
[2026-02-28T21:43:03.364+0000] {processor.py:840} INFO - DAG(s) 'example_sensor_decorator' retrieved from /home/airflow/.local/lib/python3.12/site-packages/airflow/example_dags/example_sensor_decorator.py
[2026-02-28T21:43:03.388+0000] {logging_mixin.py:188} INFO - [2026-02-28T21:43:03.387+0000] {dag.py:3096} INFO - Sync 1 DAGs
[2026-02-28T21:43:03.398+0000] {logging_mixin.py:188} INFO - [2026-02-28T21:43:03.398+0000] {dag.py:3954} INFO - Setting next_dagrun for example_sensor_decorator to None, run_after=None
[2026-02-28T21:43:03.416+0000] {processor.py:183} INFO - Processing /home/airflow/.local/lib/python3.12/site-packages/airflow/example_dags/example_sensor_decorator.py took 0.064 seconds
[2026-02-28T21:43:33.606+0000] {processor.py:161} INFO - Started process (PID=466) to work on /home/airflow/.local/lib/python3.12/site-packages/airflow/example_dags/example_sensor_decorator.py
[2026-02-28T21:43:33.607+0000] {processor.py:830} INFO - Processing file /home/airflow/.local/lib/python3.12/site-packages/airflow/example_dags/example_sensor_decorator.py for tasks to queue
[2026-02-28T21:43:33.608+0000] {logging_mixin.py:188} INFO - [2026-02-28T21:43:33.608+0000] {dagbag.py:545} INFO - Filling up the DagBag from /home/airflow/.local/lib/python3.12/site-packages/airflow/example_dags/example_sensor_decorator.py
[2026-02-28T21:43:33.611+0000] {processor.py:840} INFO - DAG(s) 'example_sensor_decorator' retrieved from /home/airflow/.local/lib/python3.12/site-packages/airflow/example_dags/example_sensor_decorator.py
[2026-02-28T21:43:33.620+0000] {logging_mixin.py:188} INFO - [2026-02-28T21:43:33.620+0000] {dag.py:3096} INFO - Sync 1 DAGs
[2026-02-28T21:43:33.627+0000] {logging_mixin.py:188} INFO - [2026-02-28T21:43:33.627+0000] {dag.py:3954} INFO - Setting next_dagrun for example_sensor_decorator to None, run_after=None
[2026-02-28T21:43:33.635+0000] {processor.py:183} INFO - Processing /home/airflow/.local/lib/python3.12/site-packages/airflow/example_dags/example_sensor_decorator.py took 0.031 seconds
[2026-02-28T21:44:28.507+0000] {processor.py:161} INFO - Started process (PID=524) to work on /home/airflow/.local/lib/python3.12/site-packages/airflow/example_dags/example_sensor_decorator.py
[2026-02-28T21:44:28.508+0000] {processor.py:830} INFO - Processing file /home/airflow/.local/lib/python3.12/site-packages/airflow/example_dags/example_sensor_decorator.py for tasks to queue
[2026-02-28T21:44:28.510+0000] {logging_mixin.py:188} INFO - [2026-02-28T21:44:28.509+0000] {dagbag.py:545} INFO - Filling up the DagBag from /home/airflow/.local/lib/python3.12/site-packages/airflow/example_dags/example_sensor_decorator.py
[2026-02-28T21:44:28.520+0000] {processor.py:840} INFO - DAG(s) 'example_sensor_decorator' retrieved from /home/airflow/.local/lib/python3.12/site-packages/airflow/example_dags/example_sensor_decorator.py
[2026-02-28T21:44:28.552+0000] {logging_mixin.py:188} INFO - [2026-02-28T21:44:28.552+0000] {dag.py:3096} INFO - Sync 1 DAGs
[2026-02-28T21:44:28.566+0000] {logging_mixin.py:188} INFO - [2026-02-28T21:44:28.566+0000] {dag.py:3954} INFO - Setting next_dagrun for example_sensor_decorator to None, run_after=None
[2026-02-28T21:44:28.596+0000] {processor.py:183} INFO - Processing /home/airflow/.local/lib/python3.12/site-packages/airflow/example_dags/example_sensor_decorator.py took 0.094 seconds
[2026-02-28T21:44:59.200+0000] {processor.py:161} INFO - Started process (PID=582) to work on /home/airflow/.local/lib/python3.12/site-packages/airflow/example_dags/example_sensor_decorator.py
[2026-02-28T21:44:59.201+0000] {processor.py:830} INFO - Processing file /home/airflow/.local/lib/python3.12/site-packages/airflow/example_dags/example_sensor_decorator.py for tasks to queue
[2026-02-28T21:44:59.202+0000] {logging_mixin.py:188} INFO - [2026-02-28T21:44:59.202+0000] {dagbag.py:545} INFO - Filling up the DagBag from /home/airflow/.local/lib/python3.12/site-packages/airflow/example_dags/example_sensor_decorator.py
[2026-02-28T21:44:59.206+0000] {processor.py:840} INFO - DAG(s) 'example_sensor_decorator' retrieved from /home/airflow/.local/lib/python3.12/site-packages/airflow/example_dags/example_sensor_decorator.py
[2026-02-28T21:44:59.219+0000] {logging_mixin.py:188} INFO - [2026-02-28T21:44:59.218+0000] {dag.py:3096} INFO - Sync 1 DAGs
[2026-02-28T21:44:59.227+0000] {logging_mixin.py:188} INFO - [2026-02-28T21:44:59.227+0000] {dag.py:3954} INFO - Setting next_dagrun for example_sensor_decorator to None, run_after=None
[2026-02-28T21:44:59.240+0000] {processor.py:183} INFO - Processing /home/airflow/.local/lib/python3.12/site-packages/airflow/example_dags/example_sensor_decorator.py took 0.043 seconds
[2026-02-28T21:45:29.528+0000] {processor.py:161} INFO - Started process (PID=640) to work on /home/airflow/.local/lib/python3.12/site-packages/airflow/example_dags/example_sensor_decorator.py
[2026-02-28T21:45:29.530+0000] {processor.py:830} INFO - Processing file /home/airflow/.local/lib/python3.12/site-packages/airflow/example_dags/example_sensor_decorator.py for tasks to queue
[2026-02-28T21:45:29.531+0000] {logging_mixin.py:188} INFO - [2026-02-28T21:45:29.531+0000] {dagbag.py:545} INFO - Filling up the DagBag from /home/airflow/.local/lib/python3.12/site-packages/airflow/example_dags/example_sensor_decorator.py
[2026-02-28T21:45:29.536+0000] {processor.py:840} INFO - DAG(s) 'example_sensor_decorator' retrieved from /home/airflow/.local/lib/python3.12/site-packages/airflow/example_dags/example_sensor_decorator.py
[2026-02-28T21:45:29.554+0000] {logging_mixin.py:188} INFO - [2026-02-28T21:45:29.554+0000] {dag.py:3096} INFO - Sync 1 DAGs
[2026-02-28T21:45:29.563+0000] {logging_mixin.py:188} INFO - [2026-02-28T21:45:29.563+0000] {dag.py:3954} INFO - Setting next_dagrun for example_sensor_decorator to None, run_after=None
[2026-02-28T21:45:29.590+0000] {processor.py:183} INFO - Processing /home/airflow/.local/lib/python3.12/site-packages/airflow/example_dags/example_sensor_decorator.py took 0.066 seconds
[2026-02-28T21:45:59.861+0000] {processor.py:161} INFO - Started process (PID=698) to work on /home/airflow/.local/lib/python3.12/site-packages/airflow/example_dags/example_sensor_decorator.py
[2026-02-28T21:45:59.863+0000] {processor.py:830} INFO - Processing file /home/airflow/.local/lib/python3.12/site-packages/airflow/example_dags/example_sensor_decorator.py for tasks to queue
[2026-02-28T21:45:59.865+0000] {logging_mixin.py:188} INFO - [2026-02-28T21:45:59.864+0000] {dagbag.py:545} INFO - Filling up the DagBag from /home/airflow/.local/lib/python3.12/site-packages/airflow/example_dags/example_sensor_decorator.py
[2026-02-28T21:45:59.868+0000] {processor.py:840} INFO - DAG(s) 'example_sensor_decorator' retrieved from /home/airflow/.local/lib/python3.12/site-packages/airflow/example_dags/example_sensor_decorator.py
[2026-02-28T21:45:59.880+0000] {logging_mixin.py:188} INFO - [2026-02-28T21:45:59.880+0000] {dag.py:3096} INFO - Sync 1 DAGs
[2026-02-28T21:45:59.887+0000] {logging_mixin.py:188} INFO - [2026-02-28T21:45:59.887+0000] {dag.py:3954} INFO - Setting next_dagrun for example_sensor_decorator to None, run_after=None
[2026-02-28T21:45:59.902+0000] {processor.py:183} INFO - Processing /home/airflow/.local/lib/python3.12/site-packages/airflow/example_dags/example_sensor_decorator.py took 0.044 seconds
[2026-02-28T21:46:30.833+0000] {processor.py:161} INFO - Started process (PID=756) to work on /home/airflow/.local/lib/python3.12/site-packages/airflow/example_dags/example_sensor_decorator.py
[2026-02-28T21:46:30.837+0000] {processor.py:830} INFO - Processing file /home/airflow/.local/lib/python3.12/site-packages/airflow/example_dags/example_sensor_decorator.py for tasks to queue
[2026-02-28T21:46:30.844+0000] {logging_mixin.py:188} INFO - [2026-02-28T21:46:30.842+0000] {dagbag.py:545} INFO - Filling up the DagBag from /home/airflow/.local/lib/python3.12/site-packages/airflow/example_dags/example_sensor_decorator.py
[2026-02-28T21:46:30.851+0000] {processor.py:840} INFO - DAG(s) 'example_sensor_decorator' retrieved from /home/airflow/.local/lib/python3.12/site-packages/airflow/example_dags/example_sensor_decorator.py
[2026-02-28T21:46:30.892+0000] {logging_mixin.py:188} INFO - [2026-02-28T21:46:30.892+0000] {dag.py:3096} INFO - Sync 1 DAGs
[2026-02-28T21:46:30.901+0000] {logging_mixin.py:188} INFO - [2026-02-28T21:46:30.900+0000] {dag.py:3954} INFO - Setting next_dagrun for example_sensor_decorator to None, run_after=None
[2026-02-28T21:46:30.925+0000] {processor.py:183} INFO - Processing /home/airflow/.local/lib/python3.12/site-packages/airflow/example_dags/example_sensor_decorator.py took 0.100 seconds
[2026-02-28T21:47:01.848+0000] {processor.py:161} INFO - Started process (PID=814) to work on /home/airflow/.local/lib/python3.12/site-packages/airflow/example_dags/example_sensor_decorator.py
[2026-02-28T21:47:01.849+0000] {processor.py:830} INFO - Processing file /home/airflow/.local/lib/python3.12/site-packages/airflow/example_dags/example_sensor_decorator.py for tasks to queue
[2026-02-28T21:47:01.851+0000] {logging_mixin.py:188} INFO - [2026-02-28T21:47:01.851+0000] {dagbag.py:545} INFO - Filling up the DagBag from /home/airflow/.local/lib/python3.12/site-packages/airflow/example_dags/example_sensor_decorator.py
[2026-02-28T21:47:01.858+0000] {processor.py:840} INFO - DAG(s) 'example_sensor_decorator' retrieved from /home/airflow/.local/lib/python3.12/site-packages/airflow/example_dags/example_sensor_decorator.py
[2026-02-28T21:47:01.871+0000] {logging_mixin.py:188} INFO - [2026-02-28T21:47:01.871+0000] {dag.py:3096} INFO - Sync 1 DAGs
[2026-02-28T21:47:01.879+0000] {logging_mixin.py:188} INFO - [2026-02-28T21:47:01.879+0000] {dag.py:3954} INFO - Setting next_dagrun for example_sensor_decorator to None, run_after=None
[2026-02-28T21:47:01.894+0000] {processor.py:183} INFO - Processing /home/airflow/.local/lib/python3.12/site-packages/airflow/example_dags/example_sensor_decorator.py took 0.051 seconds
[2026-02-28T21:47:32.691+0000] {processor.py:161} INFO - Started process (PID=872) to work on /home/airflow/.local/lib/python3.12/site-packages/airflow/example_dags/example_sensor_decorator.py
[2026-02-28T21:47:32.694+0000] {processor.py:830} INFO - Processing file /home/airflow/.local/lib/python3.12/site-packages/airflow/example_dags/example_sensor_decorator.py for tasks to queue
[2026-02-28T21:47:32.696+0000] {logging_mixin.py:188} INFO - [2026-02-28T21:47:32.696+0000] {dagbag.py:545} INFO - Filling up the DagBag from /home/airflow/.local/lib/python3.12/site-packages/airflow/example_dags/example_sensor_decorator.py
[2026-02-28T21:47:32.700+0000] {processor.py:840} INFO - DAG(s) 'example_sensor_decorator' retrieved from /home/airflow/.local/lib/python3.12/site-packages/airflow/example_dags/example_sensor_decorator.py
[2026-02-28T21:47:32.718+0000] {logging_mixin.py:188} INFO - [2026-02-28T21:47:32.718+0000] {dag.py:3096} INFO - Sync 1 DAGs
[2026-02-28T21:47:32.727+0000] {logging_mixin.py:188} INFO - [2026-02-28T21:47:32.727+0000] {dag.py:3954} INFO - Setting next_dagrun for example_sensor_decorator to None, run_after=None
[2026-02-28T21:47:32.742+0000] {processor.py:183} INFO - Processing /home/airflow/.local/lib/python3.12/site-packages/airflow/example_dags/example_sensor_decorator.py took 0.057 seconds
[2026-02-28T21:48:03.073+0000] {processor.py:161} INFO - Started process (PID=928) to work on /home/airflow/.local/lib/python3.12/site-packages/airflow/example_dags/example_sensor_decorator.py
[2026-02-28T21:48:03.074+0000] {processor.py:830} INFO - Processing file /home/airflow/.local/lib/python3.12/site-packages/airflow/example_dags/example_sensor_decorator.py for tasks to queue
[2026-02-28T21:48:03.077+0000] {logging_mixin.py:188} INFO - [2026-02-28T21:48:03.077+0000] {dagbag.py:545} INFO - Filling up the DagBag from /home/airflow/.local/lib/python3.12/site-packages/airflow/example_dags/example_sensor_decorator.py
[2026-02-28T21:48:03.081+0000] {processor.py:840} INFO - DAG(s) 'example_sensor_decorator' retrieved from /home/airflow/.local/lib/python3.12/site-packages/airflow/example_dags/example_sensor_decorator.py
[2026-02-28T21:48:03.094+0000] {logging_mixin.py:188} INFO - [2026-02-28T21:48:03.094+0000] {dag.py:3096} INFO - Sync 1 DAGs
[2026-02-28T21:48:03.102+0000] {logging_mixin.py:188} INFO - [2026-02-28T21:48:03.101+0000] {dag.py:3954} INFO - Setting next_dagrun for example_sensor_decorator to None, run_after=None
[2026-02-28T21:48:03.113+0000] {processor.py:183} INFO - Processing /home/airflow/.local/lib/python3.12/site-packages/airflow/example_dags/example_sensor_decorator.py took 0.043 seconds
[2026-02-28T21:48:33.360+0000] {processor.py:161} INFO - Started process (PID=986) to work on /home/airflow/.local/lib/python3.12/site-packages/airflow/example_dags/example_sensor_decorator.py
[2026-02-28T21:48:33.363+0000] {processor.py:830} INFO - Processing file /home/airflow/.local/lib/python3.12/site-packages/airflow/example_dags/example_sensor_decorator.py for tasks to queue
[2026-02-28T21:48:33.364+0000] {logging_mixin.py:188} INFO - [2026-02-28T21:48:33.364+0000] {dagbag.py:545} INFO - Filling up the DagBag from /home/airflow/.local/lib/python3.12/site-packages/airflow/example_dags/example_sensor_decorator.py
[2026-02-28T21:48:33.368+0000] {processor.py:840} INFO - DAG(s) 'example_sensor_decorator' retrieved from /home/airflow/.local/lib/python3.12/site-packages/airflow/example_dags/example_sensor_decorator.py
[2026-02-28T21:48:33.383+0000] {logging_mixin.py:188} INFO - [2026-02-28T21:48:33.383+0000] {dag.py:3096} INFO - Sync 1 DAGs
[2026-02-28T21:48:33.392+0000] {logging_mixin.py:188} INFO - [2026-02-28T21:48:33.392+0000] {dag.py:3954} INFO - Setting next_dagrun for example_sensor_decorator to None, run_after=None
[2026-02-28T21:48:33.416+0000] {processor.py:183} INFO - Processing /home/airflow/.local/lib/python3.12/site-packages/airflow/example_dags/example_sensor_decorator.py took 0.061 seconds
[2026-02-28T21:49:03.823+0000] {processor.py:161} INFO - Started process (PID=1044) to work on /home/airflow/.local/lib/python3.12/site-packages/airflow/example_dags/example_sensor_decorator.py
[2026-02-28T21:49:03.825+0000] {processor.py:830} INFO - Processing file /home/airflow/.local/lib/python3.12/site-packages/airflow/example_dags/example_sensor_decorator.py for tasks to queue
[2026-02-28T21:49:03.826+0000] {logging_mixin.py:188} INFO - [2026-02-28T21:49:03.826+0000] {dagbag.py:545} INFO - Filling up the DagBag from /home/airflow/.local/lib/python3.12/site-packages/airflow/example_dags/example_sensor_decorator.py
[2026-02-28T21:49:03.830+0000] {processor.py:840} INFO - DAG(s) 'example_sensor_decorator' retrieved from /home/airflow/.local/lib/python3.12/site-packages/airflow/example_dags/example_sensor_decorator.py
[2026-02-28T21:49:03.845+0000] {logging_mixin.py:188} INFO - [2026-02-28T21:49:03.845+0000] {dag.py:3096} INFO - Sync 1 DAGs
[2026-02-28T21:49:03.857+0000] {logging_mixin.py:188} INFO - [2026-02-28T21:49:03.856+0000] {dag.py:3954} INFO - Setting next_dagrun for example_sensor_decorator to None, run_after=None
[2026-02-28T21:49:03.875+0000] {processor.py:183} INFO - Processing /home/airflow/.local/lib/python3.12/site-packages/airflow/example_dags/example_sensor_decorator.py took 0.055 seconds
[2026-02-28T21:49:34.348+0000] {processor.py:161} INFO - Started process (PID=1102) to work on /home/airflow/.local/lib/python3.12/site-packages/airflow/example_dags/example_sensor_decorator.py
[2026-02-28T21:49:34.351+0000] {processor.py:830} INFO - Processing file /home/airflow/.local/lib/python3.12/site-packages/airflow/example_dags/example_sensor_decorator.py for tasks to queue
[2026-02-28T21:49:34.352+0000] {logging_mixin.py:188} INFO - [2026-02-28T21:49:34.352+0000] {dagbag.py:545} INFO - Filling up the DagBag from /home/airflow/.local/lib/python3.12/site-packages/airflow/example_dags/example_sensor_decorator.py
[2026-02-28T21:49:34.364+0000] {processor.py:840} INFO - DAG(s) 'example_sensor_decorator' retrieved from /home/airflow/.local/lib/python3.12/site-packages/airflow/example_dags/example_sensor_decorator.py
[2026-02-28T21:49:34.394+0000] {logging_mixin.py:188} INFO - [2026-02-28T21:49:34.394+0000] {dag.py:3096} INFO - Sync 1 DAGs
[2026-02-28T21:49:34.407+0000] {logging_mixin.py:188} INFO - [2026-02-28T21:49:34.407+0000] {dag.py:3954} INFO - Setting next_dagrun for example_sensor_decorator to None, run_after=None
[2026-02-28T21:49:34.424+0000] {processor.py:183} INFO - Processing /home/airflow/.local/lib/python3.12/site-packages/airflow/example_dags/example_sensor_decorator.py took 0.081 seconds
[2026-02-28T21:50:04.461+0000] {processor.py:161} INFO - Started process (PID=1159) to work on /home/airflow/.local/lib/python3.12/site-packages/airflow/example_dags/example_sensor_decorator.py
[2026-02-28T21:50:04.463+0000] {processor.py:830} INFO - Processing file /home/airflow/.local/lib/python3.12/site-packages/airflow/example_dags/example_sensor_decorator.py for tasks to queue
[2026-02-28T21:50:04.464+0000] {logging_mixin.py:188} INFO - [2026-02-28T21:50:04.464+0000] {dagbag.py:545} INFO - Filling up the DagBag from /home/airflow/.local/lib/python3.12/site-packages/airflow/example_dags/example_sensor_decorator.py
[2026-02-28T21:50:04.467+0000] {processor.py:840} INFO - DAG(s) 'example_sensor_decorator' retrieved from /home/airflow/.local/lib/python3.12/site-packages/airflow/example_dags/example_sensor_decorator.py
[2026-02-28T21:50:04.477+0000] {logging_mixin.py:188} INFO - [2026-02-28T21:50:04.476+0000] {dag.py:3096} INFO - Sync 1 DAGs
[2026-02-28T21:50:04.482+0000] {logging_mixin.py:188} INFO - [2026-02-28T21:50:04.482+0000] {dag.py:3954} INFO - Setting next_dagrun for example_sensor_decorator to None, run_after=None
[2026-02-28T21:50:04.490+0000] {processor.py:183} INFO - Processing /home/airflow/.local/lib/python3.12/site-packages/airflow/example_dags/example_sensor_decorator.py took 0.032 seconds
[2026-02-28T21:50:35.178+0000] {processor.py:161} INFO - Started process (PID=1217) to work on /home/airflow/.local/lib/python3.12/site-packages/airflow/example_dags/example_sensor_decorator.py
[2026-02-28T21:50:35.179+0000] {processor.py:830} INFO - Processing file /home/airflow/.local/lib/python3.12/site-packages/airflow/example_dags/example_sensor_decorator.py for tasks to queue
[2026-02-28T21:50:35.180+0000] {logging_mixin.py:188} INFO - [2026-02-28T21:50:35.180+0000] {dagbag.py:545} INFO - Filling up the DagBag from /home/airflow/.local/lib/python3.12/site-packages/airflow/example_dags/example_sensor_decorator.py
[2026-02-28T21:50:35.184+0000] {processor.py:840} INFO - DAG(s) 'example_sensor_decorator' retrieved from /home/airflow/.local/lib/python3.12/site-packages/airflow/example_dags/example_sensor_decorator.py
[2026-02-28T21:50:35.194+0000] {logging_mixin.py:188} INFO - [2026-02-28T21:50:35.194+0000] {dag.py:3096} INFO - Sync 1 DAGs
[2026-02-28T21:50:35.200+0000] {logging_mixin.py:188} INFO - [2026-02-28T21:50:35.200+0000] {dag.py:3954} INFO - Setting next_dagrun for example_sensor_decorator to None, run_after=None
[2026-02-28T21:50:35.208+0000] {processor.py:183} INFO - Processing /home/airflow/.local/lib/python3.12/site-packages/airflow/example_dags/example_sensor_decorator.py took 0.033 seconds
[2026-02-28T21:51:05.507+0000] {processor.py:161} INFO - Started process (PID=1276) to work on /home/airflow/.local/lib/python3.12/site-packages/airflow/example_dags/example_sensor_decorator.py
[2026-02-28T21:51:05.509+0000] {processor.py:830} INFO - Processing file /home/airflow/.local/lib/python3.12/site-packages/airflow/example_dags/example_sensor_decorator.py for tasks to queue
[2026-02-28T21:51:05.511+0000] {logging_mixin.py:188} INFO - [2026-02-28T21:51:05.511+0000] {dagbag.py:545} INFO - Filling up the DagBag from /home/airflow/.local/lib/python3.12/site-packages/airflow/example_dags/example_sensor_decorator.py
[2026-02-28T21:51:05.516+0000] {processor.py:840} INFO - DAG(s) 'example_sensor_decorator' retrieved from /home/airflow/.local/lib/python3.12/site-packages/airflow/example_dags/example_sensor_decorator.py
[2026-02-28T21:51:05.528+0000] {logging_mixin.py:188} INFO - [2026-02-28T21:51:05.528+0000] {dag.py:3096} INFO - Sync 1 DAGs
[2026-02-28T21:51:05.541+0000] {logging_mixin.py:188} INFO - [2026-02-28T21:51:05.540+0000] {dag.py:3954} INFO - Setting next_dagrun for example_sensor_decorator to None, run_after=None
[2026-02-28T21:51:05.560+0000] {processor.py:183} INFO - Processing /home/airflow/.local/lib/python3.12/site-packages/airflow/example_dags/example_sensor_decorator.py took 0.059 seconds
[2026-02-28T21:51:35.607+0000] {processor.py:161} INFO - Started process (PID=1334) to work on /home/airflow/.local/lib/python3.12/site-packages/airflow/example_dags/example_sensor_decorator.py
[2026-02-28T21:51:35.608+0000] {processor.py:830} INFO - Processing file /home/airflow/.local/lib/python3.12/site-packages/airflow/example_dags/example_sensor_decorator.py for tasks to queue
[2026-02-28T21:51:35.609+0000] {logging_mixin.py:188} INFO - [2026-02-28T21:51:35.609+0000] {dagbag.py:545} INFO - Filling up the DagBag from /home/airflow/.local/lib/python3.12/site-packages/airflow/example_dags/example_sensor_decorator.py
[2026-02-28T21:51:35.612+0000] {processor.py:840} INFO - DAG(s) 'example_sensor_decorator' retrieved from /home/airflow/.local/lib/python3.12/site-packages/airflow/example_dags/example_sensor_decorator.py
[2026-02-28T21:51:35.622+0000] {logging_mixin.py:188} INFO - [2026-02-28T21:51:35.621+0000] {dag.py:3096} INFO - Sync 1 DAGs
[2026-02-28T21:51:35.627+0000] {logging_mixin.py:188} INFO - [2026-02-28T21:51:35.627+0000] {dag.py:3954} INFO - Setting next_dagrun for example_sensor_decorator to None, run_after=None
[2026-02-28T21:51:35.635+0000] {processor.py:183} INFO - Processing /home/airflow/.local/lib/python3.12/site-packages/airflow/example_dags/example_sensor_decorator.py took 0.030 seconds
[2026-02-28T21:52:07.014+0000] {processor.py:161} INFO - Started process (PID=1392) to work on /home/airflow/.local/lib/python3.12/site-packages/airflow/example_dags/example_sensor_decorator.py
[2026-02-28T21:52:07.015+0000] {processor.py:830} INFO - Processing file /home/airflow/.local/lib/python3.12/site-packages/airflow/example_dags/example_sensor_decorator.py for tasks to queue
[2026-02-28T21:52:07.020+0000] {logging_mixin.py:188} INFO - [2026-02-28T21:52:07.019+0000] {dagbag.py:545} INFO - Filling up the DagBag from /home/airflow/.local/lib/python3.12/site-packages/airflow/example_dags/example_sensor_decorator.py
[2026-02-28T21:52:07.024+0000] {processor.py:840} INFO - DAG(s) 'example_sensor_decorator' retrieved from /home/airflow/.local/lib/python3.12/site-packages/airflow/example_dags/example_sensor_decorator.py
[2026-02-28T21:52:07.036+0000] {logging_mixin.py:188} INFO - [2026-02-28T21:52:07.036+0000] {dag.py:3096} INFO - Sync 1 DAGs
[2026-02-28T21:52:07.045+0000] {logging_mixin.py:188} INFO - [2026-02-28T21:52:07.045+0000] {dag.py:3954} INFO - Setting next_dagrun for example_sensor_decorator to None, run_after=None
[2026-02-28T21:52:07.054+0000] {processor.py:183} INFO - Processing /home/airflow/.local/lib/python3.12/site-packages/airflow/example_dags/example_sensor_decorator.py took 0.044 seconds
[2026-02-28T21:52:38.905+0000] {processor.py:161} INFO - Started process (PID=1450) to work on /home/airflow/.local/lib/python3.12/site-packages/airflow/example_dags/example_sensor_decorator.py
[2026-02-28T21:52:38.906+0000] {processor.py:830} INFO - Processing file /home/airflow/.local/lib/python3.12/site-packages/airflow/example_dags/example_sensor_decorator.py for tasks to queue
[2026-02-28T21:52:38.908+0000] {logging_mixin.py:188} INFO - [2026-02-28T21:52:38.908+0000] {dagbag.py:545} INFO - Filling up the DagBag from /home/airflow/.local/lib/python3.12/site-packages/airflow/example_dags/example_sensor_decorator.py
[2026-02-28T21:52:38.912+0000] {processor.py:840} INFO - DAG(s) 'example_sensor_decorator' retrieved from /home/airflow/.local/lib/python3.12/site-packages/airflow/example_dags/example_sensor_decorator.py
[2026-02-28T21:52:38.921+0000] {logging_mixin.py:188} INFO - [2026-02-28T21:52:38.921+0000] {dag.py:3096} INFO - Sync 1 DAGs
[2026-02-28T21:52:38.933+0000] {logging_mixin.py:188} INFO - [2026-02-28T21:52:38.932+0000] {dag.py:3954} INFO - Setting next_dagrun for example_sensor_decorator to None, run_after=None
[2026-02-28T21:52:39.091+0000] {processor.py:183} INFO - Processing /home/airflow/.local/lib/python3.12/site-packages/airflow/example_dags/example_sensor_decorator.py took 0.192 seconds
[2026-02-28T21:53:10.694+0000] {processor.py:161} INFO - Started process (PID=1508) to work on /home/airflow/.local/lib/python3.12/site-packages/airflow/example_dags/example_sensor_decorator.py
[2026-02-28T21:53:10.695+0000] {processor.py:830} INFO - Processing file /home/airflow/.local/lib/python3.12/site-packages/airflow/example_dags/example_sensor_decorator.py for tasks to queue
[2026-02-28T21:53:10.696+0000] {logging_mixin.py:188} INFO - [2026-02-28T21:53:10.696+0000] {dagbag.py:545} INFO - Filling up the DagBag from /home/airflow/.local/lib/python3.12/site-packages/airflow/example_dags/example_sensor_decorator.py
[2026-02-28T21:53:10.700+0000] {processor.py:840} INFO - DAG(s) 'example_sensor_decorator' retrieved from /home/airflow/.local/lib/python3.12/site-packages/airflow/example_dags/example_sensor_decorator.py
[2026-02-28T21:53:10.716+0000] {logging_mixin.py:188} INFO - [2026-02-28T21:53:10.716+0000] {dag.py:3096} INFO - Sync 1 DAGs
[2026-02-28T21:53:10.824+0000] {logging_mixin.py:188} INFO - [2026-02-28T21:53:10.824+0000] {dag.py:3954} INFO - Setting next_dagrun for example_sensor_decorator to None, run_after=None
[2026-02-28T21:53:10.841+0000] {processor.py:183} INFO - Processing /home/airflow/.local/lib/python3.12/site-packages/airflow/example_dags/example_sensor_decorator.py took 0.151 seconds
[2026-02-28T21:53:41.510+0000] {processor.py:161} INFO - Started process (PID=1566) to work on /home/airflow/.local/lib/python3.12/site-packages/airflow/example_dags/example_sensor_decorator.py
[2026-02-28T21:53:41.511+0000] {processor.py:830} INFO - Processing file /home/airflow/.local/lib/python3.12/site-packages/airflow/example_dags/example_sensor_decorator.py for tasks to queue
[2026-02-28T21:53:41.513+0000] {logging_mixin.py:188} INFO - [2026-02-28T21:53:41.513+0000] {dagbag.py:545} INFO - Filling up the DagBag from /home/airflow/.local/lib/python3.12/site-packages/airflow/example_dags/example_sensor_decorator.py
[2026-02-28T21:53:41.520+0000] {processor.py:840} INFO - DAG(s) 'example_sensor_decorator' retrieved from /home/airflow/.local/lib/python3.12/site-packages/airflow/example_dags/example_sensor_decorator.py
[2026-02-28T21:53:41.542+0000] {logging_mixin.py:188} INFO - [2026-02-28T21:53:41.541+0000] {dag.py:3096} INFO - Sync 1 DAGs
[2026-02-28T21:53:41.553+0000] {logging_mixin.py:188} INFO - [2026-02-28T21:53:41.553+0000] {dag.py:3954} INFO - Setting next_dagrun for example_sensor_decorator to None, run_after=None
[2026-02-28T21:53:41.696+0000] {processor.py:183} INFO - Processing /home/airflow/.local/lib/python3.12/site-packages/airflow/example_dags/example_sensor_decorator.py took 0.190 seconds
[2026-02-28T21:54:11.944+0000] {processor.py:161} INFO - Started process (PID=1624) to work on /home/airflow/.local/lib/python3.12/site-packages/airflow/example_dags/example_sensor_decorator.py
[2026-02-28T21:54:11.946+0000] {processor.py:830} INFO - Processing file /home/airflow/.local/lib/python3.12/site-packages/airflow/example_dags/example_sensor_decorator.py for tasks to queue
[2026-02-28T21:54:11.948+0000] {logging_mixin.py:188} INFO - [2026-02-28T21:54:11.948+0000] {dagbag.py:545} INFO - Filling up the DagBag from /home/airflow/.local/lib/python3.12/site-packages/airflow/example_dags/example_sensor_decorator.py
[2026-02-28T21:54:11.958+0000] {processor.py:840} INFO - DAG(s) 'example_sensor_decorator' retrieved from /home/airflow/.local/lib/python3.12/site-packages/airflow/example_dags/example_sensor_decorator.py
[2026-02-28T21:54:11.985+0000] {logging_mixin.py:188} INFO - [2026-02-28T21:54:11.985+0000] {dag.py:3096} INFO - Sync 1 DAGs
[2026-02-28T21:54:12.003+0000] {logging_mixin.py:188} INFO - [2026-02-28T21:54:12.002+0000] {dag.py:3954} INFO - Setting next_dagrun for example_sensor_decorator to None, run_after=None
[2026-02-28T21:54:12.024+0000] {processor.py:183} INFO - Processing /home/airflow/.local/lib/python3.12/site-packages/airflow/example_dags/example_sensor_decorator.py took 0.089 seconds
[2026-02-28T21:54:42.916+0000] {processor.py:161} INFO - Started process (PID=1682) to work on /home/airflow/.local/lib/python3.12/site-packages/airflow/example_dags/example_sensor_decorator.py
[2026-02-28T21:54:42.918+0000] {processor.py:830} INFO - Processing file /home/airflow/.local/lib/python3.12/site-packages/airflow/example_dags/example_sensor_decorator.py for tasks to queue
[2026-02-28T21:54:42.922+0000] {logging_mixin.py:188} INFO - [2026-02-28T21:54:42.921+0000] {dagbag.py:545} INFO - Filling up the DagBag from /home/airflow/.local/lib/python3.12/site-packages/airflow/example_dags/example_sensor_decorator.py
[2026-02-28T21:54:42.930+0000] {processor.py:840} INFO - DAG(s) 'example_sensor_decorator' retrieved from /home/airflow/.local/lib/python3.12/site-packages/airflow/example_dags/example_sensor_decorator.py
[2026-02-28T21:54:42.950+0000] {logging_mixin.py:188} INFO - [2026-02-28T21:54:42.950+0000] {dag.py:3096} INFO - Sync 1 DAGs
[2026-02-28T21:54:42.963+0000] {logging_mixin.py:188} INFO - [2026-02-28T21:54:42.963+0000] {dag.py:3954} INFO - Setting next_dagrun for example_sensor_decorator to None, run_after=None
[2026-02-28T21:54:42.983+0000] {processor.py:183} INFO - Processing /home/airflow/.local/lib/python3.12/site-packages/airflow/example_dags/example_sensor_decorator.py took 0.073 seconds
[2026-02-28T21:55:13.066+0000] {processor.py:161} INFO - Started process (PID=1743) to work on /home/airflow/.local/lib/python3.12/site-packages/airflow/example_dags/example_sensor_decorator.py
[2026-02-28T21:55:13.069+0000] {processor.py:830} INFO - Processing file /home/airflow/.local/lib/python3.12/site-packages/airflow/example_dags/example_sensor_decorator.py for tasks to queue
[2026-02-28T21:55:13.073+0000] {logging_mixin.py:188} INFO - [2026-02-28T21:55:13.073+0000] {dagbag.py:545} INFO - Filling up the DagBag from /home/airflow/.local/lib/python3.12/site-packages/airflow/example_dags/example_sensor_decorator.py
[2026-02-28T21:55:13.079+0000] {processor.py:840} INFO - DAG(s) 'example_sensor_decorator' retrieved from /home/airflow/.local/lib/python3.12/site-packages/airflow/example_dags/example_sensor_decorator.py
[2026-02-28T21:55:13.097+0000] {logging_mixin.py:188} INFO - [2026-02-28T21:55:13.097+0000] {dag.py:3096} INFO - Sync 1 DAGs
[2026-02-28T21:55:13.104+0000] {logging_mixin.py:188} INFO - [2026-02-28T21:55:13.104+0000] {dag.py:3954} INFO - Setting next_dagrun for example_sensor_decorator to None, run_after=None
[2026-02-28T21:55:13.120+0000] {processor.py:183} INFO - Processing /home/airflow/.local/lib/python3.12/site-packages/airflow/example_dags/example_sensor_decorator.py took 0.060 seconds
[2026-02-28T21:55:44.006+0000] {processor.py:161} INFO - Started process (PID=1801) to work on /home/airflow/.local/lib/python3.12/site-packages/airflow/example_dags/example_sensor_decorator.py
[2026-02-28T21:55:44.007+0000] {processor.py:830} INFO - Processing file /home/airflow/.local/lib/python3.12/site-packages/airflow/example_dags/example_sensor_decorator.py for tasks to queue
[2026-02-28T21:55:44.009+0000] {logging_mixin.py:188} INFO - [2026-02-28T21:55:44.008+0000] {dagbag.py:545} INFO - Filling up the DagBag from /home/airflow/.local/lib/python3.12/site-packages/airflow/example_dags/example_sensor_decorator.py
[2026-02-28T21:55:44.013+0000] {processor.py:840} INFO - DAG(s) 'example_sensor_decorator' retrieved from /home/airflow/.local/lib/python3.12/site-packages/airflow/example_dags/example_sensor_decorator.py
[2026-02-28T21:55:44.023+0000] {logging_mixin.py:188} INFO - [2026-02-28T21:55:44.023+0000] {dag.py:3096} INFO - Sync 1 DAGs
[2026-02-28T21:55:44.029+0000] {logging_mixin.py:188} INFO - [2026-02-28T21:55:44.029+0000] {dag.py:3954} INFO - Setting next_dagrun for example_sensor_decorator to None, run_after=None
[2026-02-28T21:55:44.038+0000] {processor.py:183} INFO - Processing /home/airflow/.local/lib/python3.12/site-packages/airflow/example_dags/example_sensor_decorator.py took 0.035 seconds
[2026-02-28T21:56:14.365+0000] {processor.py:161} INFO - Started process (PID=1859) to work on /home/airflow/.local/lib/python3.12/site-packages/airflow/example_dags/example_sensor_decorator.py
[2026-02-28T21:56:14.366+0000] {processor.py:830} INFO - Processing file /home/airflow/.local/lib/python3.12/site-packages/airflow/example_dags/example_sensor_decorator.py for tasks to queue
[2026-02-28T21:56:14.369+0000] {logging_mixin.py:188} INFO - [2026-02-28T21:56:14.369+0000] {dagbag.py:545} INFO - Filling up the DagBag from /home/airflow/.local/lib/python3.12/site-packages/airflow/example_dags/example_sensor_decorator.py
[2026-02-28T21:56:14.374+0000] {processor.py:840} INFO - DAG(s) 'example_sensor_decorator' retrieved from /home/airflow/.local/lib/python3.12/site-packages/airflow/example_dags/example_sensor_decorator.py
[2026-02-28T21:56:14.388+0000] {logging_mixin.py:188} INFO - [2026-02-28T21:56:14.387+0000] {dag.py:3096} INFO - Sync 1 DAGs
[2026-02-28T21:56:14.396+0000] {logging_mixin.py:188} INFO - [2026-02-28T21:56:14.396+0000] {dag.py:3954} INFO - Setting next_dagrun for example_sensor_decorator to None, run_after=None
[2026-02-28T21:56:14.413+0000] {processor.py:183} INFO - Processing /home/airflow/.local/lib/python3.12/site-packages/airflow/example_dags/example_sensor_decorator.py took 0.054 seconds
[2026-02-28T21:56:44.495+0000] {processor.py:161} INFO - Started process (PID=1917) to work on /home/airflow/.local/lib/python3.12/site-packages/airflow/example_dags/example_sensor_decorator.py
[2026-02-28T21:56:44.496+0000] {processor.py:830} INFO - Processing file /home/airflow/.local/lib/python3.12/site-packages/airflow/example_dags/example_sensor_decorator.py for tasks to queue
[2026-02-28T21:56:44.497+0000] {logging_mixin.py:188} INFO - [2026-02-28T21:56:44.497+0000] {dagbag.py:545} INFO - Filling up the DagBag from /home/airflow/.local/lib/python3.12/site-packages/airflow/example_dags/example_sensor_decorator.py
[2026-02-28T21:56:44.504+0000] {processor.py:840} INFO - DAG(s) 'example_sensor_decorator' retrieved from /home/airflow/.local/lib/python3.12/site-packages/airflow/example_dags/example_sensor_decorator.py
[2026-02-28T21:56:44.521+0000] {logging_mixin.py:188} INFO - [2026-02-28T21:56:44.521+0000] {dag.py:3096} INFO - Sync 1 DAGs
[2026-02-28T21:56:44.529+0000] {logging_mixin.py:188} INFO - [2026-02-28T21:56:44.529+0000] {dag.py:3954} INFO - Setting next_dagrun for example_sensor_decorator to None, run_after=None
[2026-02-28T21:56:44.543+0000] {processor.py:183} INFO - Processing /home/airflow/.local/lib/python3.12/site-packages/airflow/example_dags/example_sensor_decorator.py took 0.052 seconds
[2026-02-28T21:57:15.431+0000] {processor.py:161} INFO - Started process (PID=1975) to work on /home/airflow/.local/lib/python3.12/site-packages/airflow/example_dags/example_sensor_decorator.py
[2026-02-28T21:57:15.432+0000] {processor.py:830} INFO - Processing file /home/airflow/.local/lib/python3.12/site-packages/airflow/example_dags/example_sensor_decorator.py for tasks to queue
[2026-02-28T21:57:15.434+0000] {logging_mixin.py:188} INFO - [2026-02-28T21:57:15.433+0000] {dagbag.py:545} INFO - Filling up the DagBag from /home/airflow/.local/lib/python3.12/site-packages/airflow/example_dags/example_sensor_decorator.py
[2026-02-28T21:57:15.439+0000] {processor.py:840} INFO - DAG(s) 'example_sensor_decorator' retrieved from /home/airflow/.local/lib/python3.12/site-packages/airflow/example_dags/example_sensor_decorator.py
[2026-02-28T21:57:15.461+0000] {logging_mixin.py:188} INFO - [2026-02-28T21:57:15.461+0000] {dag.py:3096} INFO - Sync 1 DAGs
[2026-02-28T21:57:15.470+0000] {logging_mixin.py:188} INFO - [2026-02-28T21:57:15.470+0000] {dag.py:3954} INFO - Setting next_dagrun for example_sensor_decorator to None, run_after=None
[2026-02-28T21:57:15.484+0000] {processor.py:183} INFO - Processing /home/airflow/.local/lib/python3.12/site-packages/airflow/example_dags/example_sensor_decorator.py took 0.059 seconds
[2026-02-28T21:57:46.459+0000] {processor.py:161} INFO - Started process (PID=2033) to work on /home/airflow/.local/lib/python3.12/site-packages/airflow/example_dags/example_sensor_decorator.py
[2026-02-28T21:57:46.460+0000] {processor.py:830} INFO - Processing file /home/airflow/.local/lib/python3.12/site-packages/airflow/example_dags/example_sensor_decorator.py for tasks to queue
[2026-02-28T21:57:46.462+0000] {logging_mixin.py:188} INFO - [2026-02-28T21:57:46.462+0000] {dagbag.py:545} INFO - Filling up the DagBag from /home/airflow/.local/lib/python3.12/site-packages/airflow/example_dags/example_sensor_decorator.py
[2026-02-28T21:57:46.471+0000] {processor.py:840} INFO - DAG(s) 'example_sensor_decorator' retrieved from /home/airflow/.local/lib/python3.12/site-packages/airflow/example_dags/example_sensor_decorator.py
[2026-02-28T21:57:46.490+0000] {logging_mixin.py:188} INFO - [2026-02-28T21:57:46.490+0000] {dag.py:3096} INFO - Sync 1 DAGs
[2026-02-28T21:57:46.507+0000] {logging_mixin.py:188} INFO - [2026-02-28T21:57:46.507+0000] {dag.py:3954} INFO - Setting next_dagrun for example_sensor_decorator to None, run_after=None
[2026-02-28T21:57:46.536+0000] {processor.py:183} INFO - Processing /home/airflow/.local/lib/python3.12/site-packages/airflow/example_dags/example_sensor_decorator.py took 0.082 seconds
[2026-02-28T21:58:17.794+0000] {processor.py:161} INFO - Started process (PID=2091) to work on /home/airflow/.local/lib/python3.12/site-packages/airflow/example_dags/example_sensor_decorator.py
[2026-02-28T21:58:17.795+0000] {processor.py:830} INFO - Processing file /home/airflow/.local/lib/python3.12/site-packages/airflow/example_dags/example_sensor_decorator.py for tasks to queue
[2026-02-28T21:58:17.796+0000] {logging_mixin.py:188} INFO - [2026-02-28T21:58:17.796+0000] {dagbag.py:545} INFO - Filling up the DagBag from /home/airflow/.local/lib/python3.12/site-packages/airflow/example_dags/example_sensor_decorator.py
[2026-02-28T21:58:17.802+0000] {processor.py:840} INFO - DAG(s) 'example_sensor_decorator' retrieved from /home/airflow/.local/lib/python3.12/site-packages/airflow/example_dags/example_sensor_decorator.py
[2026-02-28T21:58:17.819+0000] {logging_mixin.py:188} INFO - [2026-02-28T21:58:17.818+0000] {dag.py:3096} INFO - Sync 1 DAGs
[2026-02-28T21:58:17.827+0000] {logging_mixin.py:188} INFO - [2026-02-28T21:58:17.826+0000] {dag.py:3954} INFO - Setting next_dagrun for example_sensor_decorator to None, run_after=None
[2026-02-28T21:58:17.836+0000] {processor.py:183} INFO - Processing /home/airflow/.local/lib/python3.12/site-packages/airflow/example_dags/example_sensor_decorator.py took 0.050 seconds
[2026-02-28T21:58:48.132+0000] {processor.py:161} INFO - Started process (PID=2149) to work on /home/airflow/.local/lib/python3.12/site-packages/airflow/example_dags/example_sensor_decorator.py
[2026-02-28T21:58:48.133+0000] {processor.py:830} INFO - Processing file /home/airflow/.local/lib/python3.12/site-packages/airflow/example_dags/example_sensor_decorator.py for tasks to queue
[2026-02-28T21:58:48.134+0000] {logging_mixin.py:188} INFO - [2026-02-28T21:58:48.134+0000] {dagbag.py:545} INFO - Filling up the DagBag from /home/airflow/.local/lib/python3.12/site-packages/airflow/example_dags/example_sensor_decorator.py
[2026-02-28T21:58:48.138+0000] {processor.py:840} INFO - DAG(s) 'example_sensor_decorator' retrieved from /home/airflow/.local/lib/python3.12/site-packages/airflow/example_dags/example_sensor_decorator.py
[2026-02-28T21:58:48.162+0000] {logging_mixin.py:188} INFO - [2026-02-28T21:58:48.161+0000] {dag.py:3096} INFO - Sync 1 DAGs
[2026-02-28T21:58:48.168+0000] {logging_mixin.py:188} INFO - [2026-02-28T21:58:48.168+0000] {dag.py:3954} INFO - Setting next_dagrun for example_sensor_decorator to None, run_after=None
[2026-02-28T21:58:48.285+0000] {processor.py:183} INFO - Processing /home/airflow/.local/lib/python3.12/site-packages/airflow/example_dags/example_sensor_decorator.py took 0.158 seconds
[2026-02-28T21:59:18.804+0000] {processor.py:161} INFO - Started process (PID=2207) to work on /home/airflow/.local/lib/python3.12/site-packages/airflow/example_dags/example_sensor_decorator.py
[2026-02-28T21:59:18.805+0000] {processor.py:830} INFO - Processing file /home/airflow/.local/lib/python3.12/site-packages/airflow/example_dags/example_sensor_decorator.py for tasks to queue
[2026-02-28T21:59:18.808+0000] {logging_mixin.py:188} INFO - [2026-02-28T21:59:18.808+0000] {dagbag.py:545} INFO - Filling up the DagBag from /home/airflow/.local/lib/python3.12/site-packages/airflow/example_dags/example_sensor_decorator.py
[2026-02-28T21:59:18.812+0000] {processor.py:840} INFO - DAG(s) 'example_sensor_decorator' retrieved from /home/airflow/.local/lib/python3.12/site-packages/airflow/example_dags/example_sensor_decorator.py
[2026-02-28T21:59:18.825+0000] {logging_mixin.py:188} INFO - [2026-02-28T21:59:18.824+0000] {dag.py:3096} INFO - Sync 1 DAGs
[2026-02-28T21:59:18.924+0000] {logging_mixin.py:188} INFO - [2026-02-28T21:59:18.924+0000] {dag.py:3954} INFO - Setting next_dagrun for example_sensor_decorator to None, run_after=None
[2026-02-28T21:59:18.932+0000] {processor.py:183} INFO - Processing /home/airflow/.local/lib/python3.12/site-packages/airflow/example_dags/example_sensor_decorator.py took 0.132 seconds
[2026-02-28T21:59:49.521+0000] {processor.py:161} INFO - Started process (PID=2265) to work on /home/airflow/.local/lib/python3.12/site-packages/airflow/example_dags/example_sensor_decorator.py
[2026-02-28T21:59:49.522+0000] {processor.py:830} INFO - Processing file /home/airflow/.local/lib/python3.12/site-packages/airflow/example_dags/example_sensor_decorator.py for tasks to queue
[2026-02-28T21:59:49.523+0000] {logging_mixin.py:188} INFO - [2026-02-28T21:59:49.523+0000] {dagbag.py:545} INFO - Filling up the DagBag from /home/airflow/.local/lib/python3.12/site-packages/airflow/example_dags/example_sensor_decorator.py
[2026-02-28T21:59:49.527+0000] {processor.py:840} INFO - DAG(s) 'example_sensor_decorator' retrieved from /home/airflow/.local/lib/python3.12/site-packages/airflow/example_dags/example_sensor_decorator.py
[2026-02-28T21:59:49.538+0000] {logging_mixin.py:188} INFO - [2026-02-28T21:59:49.538+0000] {dag.py:3096} INFO - Sync 1 DAGs
[2026-02-28T21:59:49.641+0000] {logging_mixin.py:188} INFO - [2026-02-28T21:59:49.641+0000] {dag.py:3954} INFO - Setting next_dagrun for example_sensor_decorator to None, run_after=None
[2026-02-28T21:59:49.650+0000] {processor.py:183} INFO - Processing /home/airflow/.local/lib/python3.12/site-packages/airflow/example_dags/example_sensor_decorator.py took 0.133 seconds
[2026-02-28T22:00:20.198+0000] {processor.py:161} INFO - Started process (PID=2323) to work on /home/airflow/.local/lib/python3.12/site-packages/airflow/example_dags/example_sensor_decorator.py
[2026-02-28T22:00:20.199+0000] {processor.py:830} INFO - Processing file /home/airflow/.local/lib/python3.12/site-packages/airflow/example_dags/example_sensor_decorator.py for tasks to queue
[2026-02-28T22:00:20.201+0000] {logging_mixin.py:188} INFO - [2026-02-28T22:00:20.200+0000] {dagbag.py:545} INFO - Filling up the DagBag from /home/airflow/.local/lib/python3.12/site-packages/airflow/example_dags/example_sensor_decorator.py
[2026-02-28T22:00:20.206+0000] {processor.py:840} INFO - DAG(s) 'example_sensor_decorator' retrieved from /home/airflow/.local/lib/python3.12/site-packages/airflow/example_dags/example_sensor_decorator.py
[2026-02-28T22:00:20.230+0000] {logging_mixin.py:188} INFO - [2026-02-28T22:00:20.230+0000] {dag.py:3096} INFO - Sync 1 DAGs
[2026-02-28T22:00:20.357+0000] {logging_mixin.py:188} INFO - [2026-02-28T22:00:20.357+0000] {dag.py:3954} INFO - Setting next_dagrun for example_sensor_decorator to None, run_after=None
[2026-02-28T22:00:20.366+0000] {processor.py:183} INFO - Processing /home/airflow/.local/lib/python3.12/site-packages/airflow/example_dags/example_sensor_decorator.py took 0.172 seconds
[2026-02-28T22:00:50.744+0000] {processor.py:161} INFO - Started process (PID=2381) to work on /home/airflow/.local/lib/python3.12/site-packages/airflow/example_dags/example_sensor_decorator.py
[2026-02-28T22:00:50.744+0000] {processor.py:830} INFO - Processing file /home/airflow/.local/lib/python3.12/site-packages/airflow/example_dags/example_sensor_decorator.py for tasks to queue
[2026-02-28T22:00:50.746+0000] {logging_mixin.py:188} INFO - [2026-02-28T22:00:50.746+0000] {dagbag.py:545} INFO - Filling up the DagBag from /home/airflow/.local/lib/python3.12/site-packages/airflow/example_dags/example_sensor_decorator.py
[2026-02-28T22:00:50.752+0000] {processor.py:840} INFO - DAG(s) 'example_sensor_decorator' retrieved from /home/airflow/.local/lib/python3.12/site-packages/airflow/example_dags/example_sensor_decorator.py
[2026-02-28T22:00:50.781+0000] {logging_mixin.py:188} INFO - [2026-02-28T22:00:50.781+0000] {dag.py:3096} INFO - Sync 1 DAGs
[2026-02-28T22:00:50.789+0000] {logging_mixin.py:188} INFO - [2026-02-28T22:00:50.789+0000] {dag.py:3954} INFO - Setting next_dagrun for example_sensor_decorator to None, run_after=None
[2026-02-28T22:00:50.809+0000] {processor.py:183} INFO - Processing /home/airflow/.local/lib/python3.12/site-packages/airflow/example_dags/example_sensor_decorator.py took 0.069 seconds
[2026-02-28T22:01:21.349+0000] {processor.py:161} INFO - Started process (PID=2438) to work on /home/airflow/.local/lib/python3.12/site-packages/airflow/example_dags/example_sensor_decorator.py
[2026-02-28T22:01:21.350+0000] {processor.py:830} INFO - Processing file /home/airflow/.local/lib/python3.12/site-packages/airflow/example_dags/example_sensor_decorator.py for tasks to queue
[2026-02-28T22:01:21.352+0000] {logging_mixin.py:188} INFO - [2026-02-28T22:01:21.352+0000] {dagbag.py:545} INFO - Filling up the DagBag from /home/airflow/.local/lib/python3.12/site-packages/airflow/example_dags/example_sensor_decorator.py
[2026-02-28T22:01:21.363+0000] {processor.py:840} INFO - DAG(s) 'example_sensor_decorator' retrieved from /home/airflow/.local/lib/python3.12/site-packages/airflow/example_dags/example_sensor_decorator.py
[2026-02-28T22:01:21.388+0000] {logging_mixin.py:188} INFO - [2026-02-28T22:01:21.388+0000] {dag.py:3096} INFO - Sync 1 DAGs
[2026-02-28T22:01:21.414+0000] {logging_mixin.py:188} INFO - [2026-02-28T22:01:21.414+0000] {dag.py:3954} INFO - Setting next_dagrun for example_sensor_decorator to None, run_after=None
[2026-02-28T22:01:21.456+0000] {processor.py:183} INFO - Processing /home/airflow/.local/lib/python3.12/site-packages/airflow/example_dags/example_sensor_decorator.py took 0.110 seconds
[2026-02-28T22:01:52.346+0000] {processor.py:161} INFO - Started process (PID=2496) to work on /home/airflow/.local/lib/python3.12/site-packages/airflow/example_dags/example_sensor_decorator.py
[2026-02-28T22:01:52.348+0000] {processor.py:830} INFO - Processing file /home/airflow/.local/lib/python3.12/site-packages/airflow/example_dags/example_sensor_decorator.py for tasks to queue
[2026-02-28T22:01:52.351+0000] {logging_mixin.py:188} INFO - [2026-02-28T22:01:52.351+0000] {dagbag.py:545} INFO - Filling up the DagBag from /home/airflow/.local/lib/python3.12/site-packages/airflow/example_dags/example_sensor_decorator.py
[2026-02-28T22:01:52.355+0000] {processor.py:840} INFO - DAG(s) 'example_sensor_decorator' retrieved from /home/airflow/.local/lib/python3.12/site-packages/airflow/example_dags/example_sensor_decorator.py
[2026-02-28T22:01:52.383+0000] {logging_mixin.py:188} INFO - [2026-02-28T22:01:52.383+0000] {dag.py:3096} INFO - Sync 1 DAGs
[2026-02-28T22:01:52.390+0000] {logging_mixin.py:188} INFO - [2026-02-28T22:01:52.390+0000] {dag.py:3954} INFO - Setting next_dagrun for example_sensor_decorator to None, run_after=None
[2026-02-28T22:01:52.403+0000] {processor.py:183} INFO - Processing /home/airflow/.local/lib/python3.12/site-packages/airflow/example_dags/example_sensor_decorator.py took 0.062 seconds
[2026-02-28T22:02:23.281+0000] {processor.py:161} INFO - Started process (PID=2554) to work on /home/airflow/.local/lib/python3.12/site-packages/airflow/example_dags/example_sensor_decorator.py
[2026-02-28T22:02:23.283+0000] {processor.py:830} INFO - Processing file /home/airflow/.local/lib/python3.12/site-packages/airflow/example_dags/example_sensor_decorator.py for tasks to queue
[2026-02-28T22:02:23.285+0000] {logging_mixin.py:188} INFO - [2026-02-28T22:02:23.284+0000] {dagbag.py:545} INFO - Filling up the DagBag from /home/airflow/.local/lib/python3.12/site-packages/airflow/example_dags/example_sensor_decorator.py
[2026-02-28T22:02:23.289+0000] {processor.py:840} INFO - DAG(s) 'example_sensor_decorator' retrieved from /home/airflow/.local/lib/python3.12/site-packages/airflow/example_dags/example_sensor_decorator.py
[2026-02-28T22:02:23.310+0000] {logging_mixin.py:188} INFO - [2026-02-28T22:02:23.310+0000] {dag.py:3096} INFO - Sync 1 DAGs
[2026-02-28T22:02:23.319+0000] {logging_mixin.py:188} INFO - [2026-02-28T22:02:23.319+0000] {dag.py:3954} INFO - Setting next_dagrun for example_sensor_decorator to None, run_after=None
[2026-02-28T22:02:23.333+0000] {processor.py:183} INFO - Processing /home/airflow/.local/lib/python3.12/site-packages/airflow/example_dags/example_sensor_decorator.py took 0.055 seconds
[2026-02-28T22:02:53.620+0000] {processor.py:161} INFO - Started process (PID=2612) to work on /home/airflow/.local/lib/python3.12/site-packages/airflow/example_dags/example_sensor_decorator.py
[2026-02-28T22:02:53.623+0000] {processor.py:830} INFO - Processing file /home/airflow/.local/lib/python3.12/site-packages/airflow/example_dags/example_sensor_decorator.py for tasks to queue
[2026-02-28T22:02:53.626+0000] {logging_mixin.py:188} INFO - [2026-02-28T22:02:53.626+0000] {dagbag.py:545} INFO - Filling up the DagBag from /home/airflow/.local/lib/python3.12/site-packages/airflow/example_dags/example_sensor_decorator.py
[2026-02-28T22:02:53.631+0000] {processor.py:840} INFO - DAG(s) 'example_sensor_decorator' retrieved from /home/airflow/.local/lib/python3.12/site-packages/airflow/example_dags/example_sensor_decorator.py
[2026-02-28T22:02:53.649+0000] {logging_mixin.py:188} INFO - [2026-02-28T22:02:53.648+0000] {dag.py:3096} INFO - Sync 1 DAGs
[2026-02-28T22:02:53.658+0000] {logging_mixin.py:188} INFO - [2026-02-28T22:02:53.658+0000] {dag.py:3954} INFO - Setting next_dagrun for example_sensor_decorator to None, run_after=None
[2026-02-28T22:02:53.674+0000] {processor.py:183} INFO - Processing /home/airflow/.local/lib/python3.12/site-packages/airflow/example_dags/example_sensor_decorator.py took 0.061 seconds
[2026-02-28T22:03:23.936+0000] {processor.py:161} INFO - Started process (PID=2669) to work on /home/airflow/.local/lib/python3.12/site-packages/airflow/example_dags/example_sensor_decorator.py
[2026-02-28T22:03:23.938+0000] {processor.py:830} INFO - Processing file /home/airflow/.local/lib/python3.12/site-packages/airflow/example_dags/example_sensor_decorator.py for tasks to queue
[2026-02-28T22:03:23.941+0000] {logging_mixin.py:188} INFO - [2026-02-28T22:03:23.941+0000] {dagbag.py:545} INFO - Filling up the DagBag from /home/airflow/.local/lib/python3.12/site-packages/airflow/example_dags/example_sensor_decorator.py
[2026-02-28T22:03:23.945+0000] {processor.py:840} INFO - DAG(s) 'example_sensor_decorator' retrieved from /home/airflow/.local/lib/python3.12/site-packages/airflow/example_dags/example_sensor_decorator.py
[2026-02-28T22:03:23.961+0000] {logging_mixin.py:188} INFO - [2026-02-28T22:03:23.961+0000] {dag.py:3096} INFO - Sync 1 DAGs
[2026-02-28T22:03:23.969+0000] {logging_mixin.py:188} INFO - [2026-02-28T22:03:23.969+0000] {dag.py:3954} INFO - Setting next_dagrun for example_sensor_decorator to None, run_after=None
[2026-02-28T22:03:23.981+0000] {processor.py:183} INFO - Processing /home/airflow/.local/lib/python3.12/site-packages/airflow/example_dags/example_sensor_decorator.py took 0.047 seconds
[2026-02-28T22:03:54.902+0000] {processor.py:161} INFO - Started process (PID=2727) to work on /home/airflow/.local/lib/python3.12/site-packages/airflow/example_dags/example_sensor_decorator.py
[2026-02-28T22:03:54.903+0000] {processor.py:830} INFO - Processing file /home/airflow/.local/lib/python3.12/site-packages/airflow/example_dags/example_sensor_decorator.py for tasks to queue
[2026-02-28T22:03:54.906+0000] {logging_mixin.py:188} INFO - [2026-02-28T22:03:54.905+0000] {dagbag.py:545} INFO - Filling up the DagBag from /home/airflow/.local/lib/python3.12/site-packages/airflow/example_dags/example_sensor_decorator.py
[2026-02-28T22:03:54.911+0000] {processor.py:840} INFO - DAG(s) 'example_sensor_decorator' retrieved from /home/airflow/.local/lib/python3.12/site-packages/airflow/example_dags/example_sensor_decorator.py
[2026-02-28T22:03:54.928+0000] {logging_mixin.py:188} INFO - [2026-02-28T22:03:54.928+0000] {dag.py:3096} INFO - Sync 1 DAGs
[2026-02-28T22:03:54.935+0000] {logging_mixin.py:188} INFO - [2026-02-28T22:03:54.935+0000] {dag.py:3954} INFO - Setting next_dagrun for example_sensor_decorator to None, run_after=None
[2026-02-28T22:03:54.947+0000] {processor.py:183} INFO - Processing /home/airflow/.local/lib/python3.12/site-packages/airflow/example_dags/example_sensor_decorator.py took 0.049 seconds
[2026-02-28T22:04:25.056+0000] {processor.py:161} INFO - Started process (PID=2785) to work on /home/airflow/.local/lib/python3.12/site-packages/airflow/example_dags/example_sensor_decorator.py
[2026-02-28T22:04:25.057+0000] {processor.py:830} INFO - Processing file /home/airflow/.local/lib/python3.12/site-packages/airflow/example_dags/example_sensor_decorator.py for tasks to queue
[2026-02-28T22:04:25.059+0000] {logging_mixin.py:188} INFO - [2026-02-28T22:04:25.058+0000] {dagbag.py:545} INFO - Filling up the DagBag from /home/airflow/.local/lib/python3.12/site-packages/airflow/example_dags/example_sensor_decorator.py
[2026-02-28T22:04:25.062+0000] {processor.py:840} INFO - DAG(s) 'example_sensor_decorator' retrieved from /home/airflow/.local/lib/python3.12/site-packages/airflow/example_dags/example_sensor_decorator.py
[2026-02-28T22:04:25.080+0000] {logging_mixin.py:188} INFO - [2026-02-28T22:04:25.080+0000] {dag.py:3096} INFO - Sync 1 DAGs
[2026-02-28T22:04:25.087+0000] {logging_mixin.py:188} INFO - [2026-02-28T22:04:25.087+0000] {dag.py:3954} INFO - Setting next_dagrun for example_sensor_decorator to None, run_after=None
[2026-02-28T22:04:25.100+0000] {processor.py:183} INFO - Processing /home/airflow/.local/lib/python3.12/site-packages/airflow/example_dags/example_sensor_decorator.py took 0.048 seconds
