[2026-02-28T21:40:01.436+0000] {processor.py:161} INFO - Started process (PID=66) to work on /home/airflow/.local/lib/python3.12/site-packages/airflow/example_dags/example_trigger_target_dag.py
[2026-02-28T21:40:01.438+0000] {processor.py:830} INFO - Processing file /home/airflow/.local/lib/python3.12/site-packages/airflow/example_dags/example_trigger_target_dag.py for tasks to queue
[2026-02-28T21:40:01.440+0000] {logging_mixin.py:188} INFO - [2026-02-28T21:40:01.440+0000] {dagbag.py:545} INFO - Filling up the DagBag from /home/airflow/.local/lib/python3.12/site-packages/airflow/example_dags/example_trigger_target_dag.py
[2026-02-28T21:40:01.459+0000] {processor.py:840} INFO - DAG(s) 'example_trigger_target_dag' retrieved from /home/airflow/.local/lib/python3.12/site-packages/airflow/example_dags/example_trigger_target_dag.py
[2026-02-28T21:40:01.516+0000] {logging_mixin.py:188} INFO - [2026-02-28T21:40:01.516+0000] {dag.py:3096} INFO - Sync 1 DAGs
[2026-02-28T21:40:01.568+0000] {logging_mixin.py:188} INFO - [2026-02-28T21:40:01.567+0000] {dag.py:3954} INFO - Setting next_dagrun for example_trigger_target_dag to None, run_after=None
[2026-02-28T21:40:01.624+0000] {processor.py:183} INFO - Processing /home/airflow/.local/lib/python3.12/site-packages/airflow/example_dags/example_trigger_target_dag.py took 0.201 seconds
[2026-02-28T21:40:32.333+0000] {processor.py:161} INFO - Started process (PID=124) to work on /home/airflow/.local/lib/python3.12/site-packages/airflow/example_dags/example_trigger_target_dag.py
[2026-02-28T21:40:32.334+0000] {processor.py:830} INFO - Processing file /home/airflow/.local/lib/python3.12/site-packages/airflow/example_dags/example_trigger_target_dag.py for tasks to queue
[2026-02-28T21:40:32.335+0000] {logging_mixin.py:188} INFO - [2026-02-28T21:40:32.335+0000] {dagbag.py:545} INFO - Filling up the DagBag from /home/airflow/.local/lib/python3.12/site-packages/airflow/example_dags/example_trigger_target_dag.py
[2026-02-28T21:40:32.339+0000] {processor.py:840} INFO - DAG(s) 'example_trigger_target_dag' retrieved from /home/airflow/.local/lib/python3.12/site-packages/airflow/example_dags/example_trigger_target_dag.py
[2026-02-28T21:40:32.400+0000] {logging_mixin.py:188} INFO - [2026-02-28T21:40:32.400+0000] {dag.py:3096} INFO - Sync 1 DAGs
[2026-02-28T21:40:32.411+0000] {logging_mixin.py:188} INFO - [2026-02-28T21:40:32.411+0000] {dag.py:3954} INFO - Setting next_dagrun for example_trigger_target_dag to None, run_after=None
[2026-02-28T21:40:32.430+0000] {processor.py:183} INFO - Processing /home/airflow/.local/lib/python3.12/site-packages/airflow/example_dags/example_trigger_target_dag.py took 0.100 seconds
[2026-02-28T21:41:03.294+0000] {processor.py:161} INFO - Started process (PID=182) to work on /home/airflow/.local/lib/python3.12/site-packages/airflow/example_dags/example_trigger_target_dag.py
[2026-02-28T21:41:03.295+0000] {processor.py:830} INFO - Processing file /home/airflow/.local/lib/python3.12/site-packages/airflow/example_dags/example_trigger_target_dag.py for tasks to queue
[2026-02-28T21:41:03.296+0000] {logging_mixin.py:188} INFO - [2026-02-28T21:41:03.296+0000] {dagbag.py:545} INFO - Filling up the DagBag from /home/airflow/.local/lib/python3.12/site-packages/airflow/example_dags/example_trigger_target_dag.py
[2026-02-28T21:41:03.300+0000] {processor.py:840} INFO - DAG(s) 'example_trigger_target_dag' retrieved from /home/airflow/.local/lib/python3.12/site-packages/airflow/example_dags/example_trigger_target_dag.py
[2026-02-28T21:41:03.315+0000] {logging_mixin.py:188} INFO - [2026-02-28T21:41:03.315+0000] {dag.py:3096} INFO - Sync 1 DAGs
[2026-02-28T21:41:03.322+0000] {logging_mixin.py:188} INFO - [2026-02-28T21:41:03.322+0000] {dag.py:3954} INFO - Setting next_dagrun for example_trigger_target_dag to None, run_after=None
[2026-02-28T21:41:03.339+0000] {processor.py:183} INFO - Processing /home/airflow/.local/lib/python3.12/site-packages/airflow/example_dags/example_trigger_target_dag.py took 0.049 seconds
[2026-02-28T21:41:34.181+0000] {processor.py:161} INFO - Started process (PID=240) to work on /home/airflow/.local/lib/python3.12/site-packages/airflow/example_dags/example_trigger_target_dag.py
[2026-02-28T21:41:34.182+0000] {processor.py:830} INFO - Processing file /home/airflow/.local/lib/python3.12/site-packages/airflow/example_dags/example_trigger_target_dag.py for tasks to queue
[2026-02-28T21:41:34.183+0000] {logging_mixin.py:188} INFO - [2026-02-28T21:41:34.183+0000] {dagbag.py:545} INFO - Filling up the DagBag from /home/airflow/.local/lib/python3.12/site-packages/airflow/example_dags/example_trigger_target_dag.py
[2026-02-28T21:41:34.186+0000] {processor.py:840} INFO - DAG(s) 'example_trigger_target_dag' retrieved from /home/airflow/.local/lib/python3.12/site-packages/airflow/example_dags/example_trigger_target_dag.py
[2026-02-28T21:41:34.197+0000] {logging_mixin.py:188} INFO - [2026-02-28T21:41:34.197+0000] {dag.py:3096} INFO - Sync 1 DAGs
[2026-02-28T21:41:34.203+0000] {logging_mixin.py:188} INFO - [2026-02-28T21:41:34.203+0000] {dag.py:3954} INFO - Setting next_dagrun for example_trigger_target_dag to None, run_after=None
[2026-02-28T21:41:34.217+0000] {processor.py:183} INFO - Processing /home/airflow/.local/lib/python3.12/site-packages/airflow/example_dags/example_trigger_target_dag.py took 0.038 seconds
[2026-02-28T21:42:04.537+0000] {processor.py:161} INFO - Started process (PID=298) to work on /home/airflow/.local/lib/python3.12/site-packages/airflow/example_dags/example_trigger_target_dag.py
[2026-02-28T21:42:04.539+0000] {processor.py:830} INFO - Processing file /home/airflow/.local/lib/python3.12/site-packages/airflow/example_dags/example_trigger_target_dag.py for tasks to queue
[2026-02-28T21:42:04.541+0000] {logging_mixin.py:188} INFO - [2026-02-28T21:42:04.541+0000] {dagbag.py:545} INFO - Filling up the DagBag from /home/airflow/.local/lib/python3.12/site-packages/airflow/example_dags/example_trigger_target_dag.py
[2026-02-28T21:42:04.545+0000] {processor.py:840} INFO - DAG(s) 'example_trigger_target_dag' retrieved from /home/airflow/.local/lib/python3.12/site-packages/airflow/example_dags/example_trigger_target_dag.py
[2026-02-28T21:42:04.561+0000] {logging_mixin.py:188} INFO - [2026-02-28T21:42:04.561+0000] {dag.py:3096} INFO - Sync 1 DAGs
[2026-02-28T21:42:04.569+0000] {logging_mixin.py:188} INFO - [2026-02-28T21:42:04.569+0000] {dag.py:3954} INFO - Setting next_dagrun for example_trigger_target_dag to None, run_after=None
[2026-02-28T21:42:04.583+0000] {processor.py:183} INFO - Processing /home/airflow/.local/lib/python3.12/site-packages/airflow/example_dags/example_trigger_target_dag.py took 0.049 seconds
[2026-02-28T21:42:34.915+0000] {processor.py:161} INFO - Started process (PID=357) to work on /home/airflow/.local/lib/python3.12/site-packages/airflow/example_dags/example_trigger_target_dag.py
[2026-02-28T21:42:34.917+0000] {processor.py:830} INFO - Processing file /home/airflow/.local/lib/python3.12/site-packages/airflow/example_dags/example_trigger_target_dag.py for tasks to queue
[2026-02-28T21:42:34.918+0000] {logging_mixin.py:188} INFO - [2026-02-28T21:42:34.918+0000] {dagbag.py:545} INFO - Filling up the DagBag from /home/airflow/.local/lib/python3.12/site-packages/airflow/example_dags/example_trigger_target_dag.py
[2026-02-28T21:42:34.921+0000] {processor.py:840} INFO - DAG(s) 'example_trigger_target_dag' retrieved from /home/airflow/.local/lib/python3.12/site-packages/airflow/example_dags/example_trigger_target_dag.py
[2026-02-28T21:42:34.935+0000] {logging_mixin.py:188} INFO - [2026-02-28T21:42:34.935+0000] {dag.py:3096} INFO - Sync 1 DAGs
[2026-02-28T21:42:34.943+0000] {logging_mixin.py:188} INFO - [2026-02-28T21:42:34.943+0000] {dag.py:3954} INFO - Setting next_dagrun for example_trigger_target_dag to None, run_after=None
[2026-02-28T21:42:34.956+0000] {processor.py:183} INFO - Processing /home/airflow/.local/lib/python3.12/site-packages/airflow/example_dags/example_trigger_target_dag.py took 0.045 seconds
[2026-02-28T21:43:05.601+0000] {processor.py:161} INFO - Started process (PID=415) to work on /home/airflow/.local/lib/python3.12/site-packages/airflow/example_dags/example_trigger_target_dag.py
[2026-02-28T21:43:05.602+0000] {processor.py:830} INFO - Processing file /home/airflow/.local/lib/python3.12/site-packages/airflow/example_dags/example_trigger_target_dag.py for tasks to queue
[2026-02-28T21:43:05.604+0000] {logging_mixin.py:188} INFO - [2026-02-28T21:43:05.604+0000] {dagbag.py:545} INFO - Filling up the DagBag from /home/airflow/.local/lib/python3.12/site-packages/airflow/example_dags/example_trigger_target_dag.py
[2026-02-28T21:43:05.608+0000] {processor.py:840} INFO - DAG(s) 'example_trigger_target_dag' retrieved from /home/airflow/.local/lib/python3.12/site-packages/airflow/example_dags/example_trigger_target_dag.py
[2026-02-28T21:43:05.623+0000] {logging_mixin.py:188} INFO - [2026-02-28T21:43:05.623+0000] {dag.py:3096} INFO - Sync 1 DAGs
[2026-02-28T21:43:05.630+0000] {logging_mixin.py:188} INFO - [2026-02-28T21:43:05.630+0000] {dag.py:3954} INFO - Setting next_dagrun for example_trigger_target_dag to None, run_after=None
[2026-02-28T21:43:05.643+0000] {processor.py:183} INFO - Processing /home/airflow/.local/lib/python3.12/site-packages/airflow/example_dags/example_trigger_target_dag.py took 0.046 seconds
[2026-02-28T21:43:35.899+0000] {processor.py:161} INFO - Started process (PID=473) to work on /home/airflow/.local/lib/python3.12/site-packages/airflow/example_dags/example_trigger_target_dag.py
[2026-02-28T21:43:35.899+0000] {processor.py:830} INFO - Processing file /home/airflow/.local/lib/python3.12/site-packages/airflow/example_dags/example_trigger_target_dag.py for tasks to queue
[2026-02-28T21:43:35.900+0000] {logging_mixin.py:188} INFO - [2026-02-28T21:43:35.900+0000] {dagbag.py:545} INFO - Filling up the DagBag from /home/airflow/.local/lib/python3.12/site-packages/airflow/example_dags/example_trigger_target_dag.py
[2026-02-28T21:43:35.904+0000] {processor.py:840} INFO - DAG(s) 'example_trigger_target_dag' retrieved from /home/airflow/.local/lib/python3.12/site-packages/airflow/example_dags/example_trigger_target_dag.py
[2026-02-28T21:43:35.920+0000] {logging_mixin.py:188} INFO - [2026-02-28T21:43:35.920+0000] {dag.py:3096} INFO - Sync 1 DAGs
[2026-02-28T21:43:35.927+0000] {logging_mixin.py:188} INFO - [2026-02-28T21:43:35.927+0000] {dag.py:3954} INFO - Setting next_dagrun for example_trigger_target_dag to None, run_after=None
[2026-02-28T21:43:35.943+0000] {processor.py:183} INFO - Processing /home/airflow/.local/lib/python3.12/site-packages/airflow/example_dags/example_trigger_target_dag.py took 0.048 seconds
[2026-02-28T21:44:29.321+0000] {processor.py:161} INFO - Started process (PID=531) to work on /home/airflow/.local/lib/python3.12/site-packages/airflow/example_dags/example_trigger_target_dag.py
[2026-02-28T21:44:29.327+0000] {processor.py:830} INFO - Processing file /home/airflow/.local/lib/python3.12/site-packages/airflow/example_dags/example_trigger_target_dag.py for tasks to queue
[2026-02-28T21:44:29.331+0000] {logging_mixin.py:188} INFO - [2026-02-28T21:44:29.329+0000] {dagbag.py:545} INFO - Filling up the DagBag from /home/airflow/.local/lib/python3.12/site-packages/airflow/example_dags/example_trigger_target_dag.py
[2026-02-28T21:44:29.366+0000] {processor.py:840} INFO - DAG(s) 'example_trigger_target_dag' retrieved from /home/airflow/.local/lib/python3.12/site-packages/airflow/example_dags/example_trigger_target_dag.py
[2026-02-28T21:44:29.645+0000] {logging_mixin.py:188} INFO - [2026-02-28T21:44:29.641+0000] {dag.py:3096} INFO - Sync 1 DAGs
[2026-02-28T21:44:29.841+0000] {logging_mixin.py:188} INFO - [2026-02-28T21:44:29.835+0000] {dag.py:3954} INFO - Setting next_dagrun for example_trigger_target_dag to None, run_after=None
[2026-02-28T21:44:42.415+0000] {processor.py:183} INFO - Processing /home/airflow/.local/lib/python3.12/site-packages/airflow/example_dags/example_trigger_target_dag.py took 13.101 seconds
[2026-02-28T21:45:12.615+0000] {processor.py:161} INFO - Started process (PID=589) to work on /home/airflow/.local/lib/python3.12/site-packages/airflow/example_dags/example_trigger_target_dag.py
[2026-02-28T21:45:12.617+0000] {processor.py:830} INFO - Processing file /home/airflow/.local/lib/python3.12/site-packages/airflow/example_dags/example_trigger_target_dag.py for tasks to queue
[2026-02-28T21:45:12.625+0000] {logging_mixin.py:188} INFO - [2026-02-28T21:45:12.624+0000] {dagbag.py:545} INFO - Filling up the DagBag from /home/airflow/.local/lib/python3.12/site-packages/airflow/example_dags/example_trigger_target_dag.py
[2026-02-28T21:45:12.636+0000] {processor.py:840} INFO - DAG(s) 'example_trigger_target_dag' retrieved from /home/airflow/.local/lib/python3.12/site-packages/airflow/example_dags/example_trigger_target_dag.py
[2026-02-28T21:45:12.675+0000] {logging_mixin.py:188} INFO - [2026-02-28T21:45:12.675+0000] {dag.py:3096} INFO - Sync 1 DAGs
[2026-02-28T21:45:12.695+0000] {logging_mixin.py:188} INFO - [2026-02-28T21:45:12.695+0000] {dag.py:3954} INFO - Setting next_dagrun for example_trigger_target_dag to None, run_after=None
[2026-02-28T21:45:12.721+0000] {processor.py:183} INFO - Processing /home/airflow/.local/lib/python3.12/site-packages/airflow/example_dags/example_trigger_target_dag.py took 0.117 seconds
[2026-02-28T21:45:42.997+0000] {processor.py:161} INFO - Started process (PID=647) to work on /home/airflow/.local/lib/python3.12/site-packages/airflow/example_dags/example_trigger_target_dag.py
[2026-02-28T21:45:43.000+0000] {processor.py:830} INFO - Processing file /home/airflow/.local/lib/python3.12/site-packages/airflow/example_dags/example_trigger_target_dag.py for tasks to queue
[2026-02-28T21:45:43.009+0000] {logging_mixin.py:188} INFO - [2026-02-28T21:45:43.008+0000] {dagbag.py:545} INFO - Filling up the DagBag from /home/airflow/.local/lib/python3.12/site-packages/airflow/example_dags/example_trigger_target_dag.py
[2026-02-28T21:45:43.023+0000] {processor.py:840} INFO - DAG(s) 'example_trigger_target_dag' retrieved from /home/airflow/.local/lib/python3.12/site-packages/airflow/example_dags/example_trigger_target_dag.py
[2026-02-28T21:45:43.057+0000] {logging_mixin.py:188} INFO - [2026-02-28T21:45:43.056+0000] {dag.py:3096} INFO - Sync 1 DAGs
[2026-02-28T21:45:43.081+0000] {logging_mixin.py:188} INFO - [2026-02-28T21:45:43.081+0000] {dag.py:3954} INFO - Setting next_dagrun for example_trigger_target_dag to None, run_after=None
[2026-02-28T21:45:43.115+0000] {processor.py:183} INFO - Processing /home/airflow/.local/lib/python3.12/site-packages/airflow/example_dags/example_trigger_target_dag.py took 0.134 seconds
[2026-02-28T21:46:13.272+0000] {processor.py:161} INFO - Started process (PID=705) to work on /home/airflow/.local/lib/python3.12/site-packages/airflow/example_dags/example_trigger_target_dag.py
[2026-02-28T21:46:13.279+0000] {processor.py:830} INFO - Processing file /home/airflow/.local/lib/python3.12/site-packages/airflow/example_dags/example_trigger_target_dag.py for tasks to queue
[2026-02-28T21:46:13.286+0000] {logging_mixin.py:188} INFO - [2026-02-28T21:46:13.285+0000] {dagbag.py:545} INFO - Filling up the DagBag from /home/airflow/.local/lib/python3.12/site-packages/airflow/example_dags/example_trigger_target_dag.py
[2026-02-28T21:46:13.316+0000] {processor.py:840} INFO - DAG(s) 'example_trigger_target_dag' retrieved from /home/airflow/.local/lib/python3.12/site-packages/airflow/example_dags/example_trigger_target_dag.py
[2026-02-28T21:46:13.393+0000] {logging_mixin.py:188} INFO - [2026-02-28T21:46:13.392+0000] {dag.py:3096} INFO - Sync 1 DAGs
[2026-02-28T21:46:13.420+0000] {logging_mixin.py:188} INFO - [2026-02-28T21:46:13.419+0000] {dag.py:3954} INFO - Setting next_dagrun for example_trigger_target_dag to None, run_after=None
[2026-02-28T21:46:13.438+0000] {processor.py:183} INFO - Processing /home/airflow/.local/lib/python3.12/site-packages/airflow/example_dags/example_trigger_target_dag.py took 0.191 seconds
[2026-02-28T21:46:44.336+0000] {processor.py:161} INFO - Started process (PID=763) to work on /home/airflow/.local/lib/python3.12/site-packages/airflow/example_dags/example_trigger_target_dag.py
[2026-02-28T21:46:44.339+0000] {processor.py:830} INFO - Processing file /home/airflow/.local/lib/python3.12/site-packages/airflow/example_dags/example_trigger_target_dag.py for tasks to queue
[2026-02-28T21:46:44.344+0000] {logging_mixin.py:188} INFO - [2026-02-28T21:46:44.344+0000] {dagbag.py:545} INFO - Filling up the DagBag from /home/airflow/.local/lib/python3.12/site-packages/airflow/example_dags/example_trigger_target_dag.py
[2026-02-28T21:46:44.362+0000] {processor.py:840} INFO - DAG(s) 'example_trigger_target_dag' retrieved from /home/airflow/.local/lib/python3.12/site-packages/airflow/example_dags/example_trigger_target_dag.py
[2026-02-28T21:46:44.398+0000] {logging_mixin.py:188} INFO - [2026-02-28T21:46:44.398+0000] {dag.py:3096} INFO - Sync 1 DAGs
[2026-02-28T21:46:44.416+0000] {logging_mixin.py:188} INFO - [2026-02-28T21:46:44.416+0000] {dag.py:3954} INFO - Setting next_dagrun for example_trigger_target_dag to None, run_after=None
[2026-02-28T21:46:44.437+0000] {processor.py:183} INFO - Processing /home/airflow/.local/lib/python3.12/site-packages/airflow/example_dags/example_trigger_target_dag.py took 0.118 seconds
[2026-02-28T21:47:15.281+0000] {processor.py:161} INFO - Started process (PID=821) to work on /home/airflow/.local/lib/python3.12/site-packages/airflow/example_dags/example_trigger_target_dag.py
[2026-02-28T21:47:15.283+0000] {processor.py:830} INFO - Processing file /home/airflow/.local/lib/python3.12/site-packages/airflow/example_dags/example_trigger_target_dag.py for tasks to queue
[2026-02-28T21:47:15.289+0000] {logging_mixin.py:188} INFO - [2026-02-28T21:47:15.288+0000] {dagbag.py:545} INFO - Filling up the DagBag from /home/airflow/.local/lib/python3.12/site-packages/airflow/example_dags/example_trigger_target_dag.py
[2026-02-28T21:47:15.305+0000] {processor.py:840} INFO - DAG(s) 'example_trigger_target_dag' retrieved from /home/airflow/.local/lib/python3.12/site-packages/airflow/example_dags/example_trigger_target_dag.py
[2026-02-28T21:47:15.338+0000] {logging_mixin.py:188} INFO - [2026-02-28T21:47:15.338+0000] {dag.py:3096} INFO - Sync 1 DAGs
[2026-02-28T21:47:15.357+0000] {logging_mixin.py:188} INFO - [2026-02-28T21:47:15.357+0000] {dag.py:3954} INFO - Setting next_dagrun for example_trigger_target_dag to None, run_after=None
[2026-02-28T21:47:15.387+0000] {processor.py:183} INFO - Processing /home/airflow/.local/lib/python3.12/site-packages/airflow/example_dags/example_trigger_target_dag.py took 0.119 seconds
[2026-02-28T21:47:46.181+0000] {processor.py:161} INFO - Started process (PID=879) to work on /home/airflow/.local/lib/python3.12/site-packages/airflow/example_dags/example_trigger_target_dag.py
[2026-02-28T21:47:46.183+0000] {processor.py:830} INFO - Processing file /home/airflow/.local/lib/python3.12/site-packages/airflow/example_dags/example_trigger_target_dag.py for tasks to queue
[2026-02-28T21:47:46.187+0000] {logging_mixin.py:188} INFO - [2026-02-28T21:47:46.187+0000] {dagbag.py:545} INFO - Filling up the DagBag from /home/airflow/.local/lib/python3.12/site-packages/airflow/example_dags/example_trigger_target_dag.py
[2026-02-28T21:47:46.200+0000] {processor.py:840} INFO - DAG(s) 'example_trigger_target_dag' retrieved from /home/airflow/.local/lib/python3.12/site-packages/airflow/example_dags/example_trigger_target_dag.py
[2026-02-28T21:47:46.226+0000] {logging_mixin.py:188} INFO - [2026-02-28T21:47:46.226+0000] {dag.py:3096} INFO - Sync 1 DAGs
[2026-02-28T21:47:46.243+0000] {logging_mixin.py:188} INFO - [2026-02-28T21:47:46.243+0000] {dag.py:3954} INFO - Setting next_dagrun for example_trigger_target_dag to None, run_after=None
[2026-02-28T21:47:46.261+0000] {processor.py:183} INFO - Processing /home/airflow/.local/lib/python3.12/site-packages/airflow/example_dags/example_trigger_target_dag.py took 0.093 seconds
[2026-02-28T21:48:16.702+0000] {processor.py:161} INFO - Started process (PID=937) to work on /home/airflow/.local/lib/python3.12/site-packages/airflow/example_dags/example_trigger_target_dag.py
[2026-02-28T21:48:16.704+0000] {processor.py:830} INFO - Processing file /home/airflow/.local/lib/python3.12/site-packages/airflow/example_dags/example_trigger_target_dag.py for tasks to queue
[2026-02-28T21:48:16.709+0000] {logging_mixin.py:188} INFO - [2026-02-28T21:48:16.708+0000] {dagbag.py:545} INFO - Filling up the DagBag from /home/airflow/.local/lib/python3.12/site-packages/airflow/example_dags/example_trigger_target_dag.py
[2026-02-28T21:48:16.722+0000] {processor.py:840} INFO - DAG(s) 'example_trigger_target_dag' retrieved from /home/airflow/.local/lib/python3.12/site-packages/airflow/example_dags/example_trigger_target_dag.py
[2026-02-28T21:48:16.754+0000] {logging_mixin.py:188} INFO - [2026-02-28T21:48:16.754+0000] {dag.py:3096} INFO - Sync 1 DAGs
[2026-02-28T21:48:16.773+0000] {logging_mixin.py:188} INFO - [2026-02-28T21:48:16.773+0000] {dag.py:3954} INFO - Setting next_dagrun for example_trigger_target_dag to None, run_after=None
[2026-02-28T21:48:16.793+0000] {processor.py:183} INFO - Processing /home/airflow/.local/lib/python3.12/site-packages/airflow/example_dags/example_trigger_target_dag.py took 0.110 seconds
[2026-02-28T21:48:46.863+0000] {processor.py:161} INFO - Started process (PID=995) to work on /home/airflow/.local/lib/python3.12/site-packages/airflow/example_dags/example_trigger_target_dag.py
[2026-02-28T21:48:46.865+0000] {processor.py:830} INFO - Processing file /home/airflow/.local/lib/python3.12/site-packages/airflow/example_dags/example_trigger_target_dag.py for tasks to queue
[2026-02-28T21:48:46.872+0000] {logging_mixin.py:188} INFO - [2026-02-28T21:48:46.871+0000] {dagbag.py:545} INFO - Filling up the DagBag from /home/airflow/.local/lib/python3.12/site-packages/airflow/example_dags/example_trigger_target_dag.py
[2026-02-28T21:48:46.889+0000] {processor.py:840} INFO - DAG(s) 'example_trigger_target_dag' retrieved from /home/airflow/.local/lib/python3.12/site-packages/airflow/example_dags/example_trigger_target_dag.py
[2026-02-28T21:48:46.950+0000] {logging_mixin.py:188} INFO - [2026-02-28T21:48:46.949+0000] {dag.py:3096} INFO - Sync 1 DAGs
[2026-02-28T21:48:46.967+0000] {logging_mixin.py:188} INFO - [2026-02-28T21:48:46.967+0000] {dag.py:3954} INFO - Setting next_dagrun for example_trigger_target_dag to None, run_after=None
[2026-02-28T21:48:46.990+0000] {processor.py:183} INFO - Processing /home/airflow/.local/lib/python3.12/site-packages/airflow/example_dags/example_trigger_target_dag.py took 0.133 seconds
[2026-02-28T21:49:17.618+0000] {processor.py:161} INFO - Started process (PID=1053) to work on /home/airflow/.local/lib/python3.12/site-packages/airflow/example_dags/example_trigger_target_dag.py
[2026-02-28T21:49:17.620+0000] {processor.py:830} INFO - Processing file /home/airflow/.local/lib/python3.12/site-packages/airflow/example_dags/example_trigger_target_dag.py for tasks to queue
[2026-02-28T21:49:17.632+0000] {logging_mixin.py:188} INFO - [2026-02-28T21:49:17.626+0000] {dagbag.py:545} INFO - Filling up the DagBag from /home/airflow/.local/lib/python3.12/site-packages/airflow/example_dags/example_trigger_target_dag.py
[2026-02-28T21:49:17.653+0000] {processor.py:840} INFO - DAG(s) 'example_trigger_target_dag' retrieved from /home/airflow/.local/lib/python3.12/site-packages/airflow/example_dags/example_trigger_target_dag.py
[2026-02-28T21:49:17.707+0000] {logging_mixin.py:188} INFO - [2026-02-28T21:49:17.707+0000] {dag.py:3096} INFO - Sync 1 DAGs
[2026-02-28T21:49:17.736+0000] {logging_mixin.py:188} INFO - [2026-02-28T21:49:17.734+0000] {dag.py:3954} INFO - Setting next_dagrun for example_trigger_target_dag to None, run_after=None
[2026-02-28T21:49:17.767+0000] {processor.py:183} INFO - Processing /home/airflow/.local/lib/python3.12/site-packages/airflow/example_dags/example_trigger_target_dag.py took 0.165 seconds
[2026-02-28T21:49:48.098+0000] {processor.py:161} INFO - Started process (PID=1111) to work on /home/airflow/.local/lib/python3.12/site-packages/airflow/example_dags/example_trigger_target_dag.py
[2026-02-28T21:49:48.103+0000] {processor.py:830} INFO - Processing file /home/airflow/.local/lib/python3.12/site-packages/airflow/example_dags/example_trigger_target_dag.py for tasks to queue
[2026-02-28T21:49:48.108+0000] {logging_mixin.py:188} INFO - [2026-02-28T21:49:48.107+0000] {dagbag.py:545} INFO - Filling up the DagBag from /home/airflow/.local/lib/python3.12/site-packages/airflow/example_dags/example_trigger_target_dag.py
[2026-02-28T21:49:48.133+0000] {processor.py:840} INFO - DAG(s) 'example_trigger_target_dag' retrieved from /home/airflow/.local/lib/python3.12/site-packages/airflow/example_dags/example_trigger_target_dag.py
[2026-02-28T21:49:48.193+0000] {logging_mixin.py:188} INFO - [2026-02-28T21:49:48.193+0000] {dag.py:3096} INFO - Sync 1 DAGs
[2026-02-28T21:49:48.212+0000] {logging_mixin.py:188} INFO - [2026-02-28T21:49:48.211+0000] {dag.py:3954} INFO - Setting next_dagrun for example_trigger_target_dag to None, run_after=None
[2026-02-28T21:49:48.244+0000] {processor.py:183} INFO - Processing /home/airflow/.local/lib/python3.12/site-packages/airflow/example_dags/example_trigger_target_dag.py took 0.157 seconds
[2026-02-28T21:50:18.951+0000] {processor.py:161} INFO - Started process (PID=1169) to work on /home/airflow/.local/lib/python3.12/site-packages/airflow/example_dags/example_trigger_target_dag.py
[2026-02-28T21:50:18.953+0000] {processor.py:830} INFO - Processing file /home/airflow/.local/lib/python3.12/site-packages/airflow/example_dags/example_trigger_target_dag.py for tasks to queue
[2026-02-28T21:50:18.959+0000] {logging_mixin.py:188} INFO - [2026-02-28T21:50:18.959+0000] {dagbag.py:545} INFO - Filling up the DagBag from /home/airflow/.local/lib/python3.12/site-packages/airflow/example_dags/example_trigger_target_dag.py
[2026-02-28T21:50:18.976+0000] {processor.py:840} INFO - DAG(s) 'example_trigger_target_dag' retrieved from /home/airflow/.local/lib/python3.12/site-packages/airflow/example_dags/example_trigger_target_dag.py
[2026-02-28T21:50:19.028+0000] {logging_mixin.py:188} INFO - [2026-02-28T21:50:19.027+0000] {dag.py:3096} INFO - Sync 1 DAGs
[2026-02-28T21:50:19.060+0000] {logging_mixin.py:188} INFO - [2026-02-28T21:50:19.060+0000] {dag.py:3954} INFO - Setting next_dagrun for example_trigger_target_dag to None, run_after=None
[2026-02-28T21:50:19.090+0000] {processor.py:183} INFO - Processing /home/airflow/.local/lib/python3.12/site-packages/airflow/example_dags/example_trigger_target_dag.py took 0.151 seconds
[2026-02-28T21:50:49.677+0000] {processor.py:161} INFO - Started process (PID=1227) to work on /home/airflow/.local/lib/python3.12/site-packages/airflow/example_dags/example_trigger_target_dag.py
[2026-02-28T21:50:49.679+0000] {processor.py:830} INFO - Processing file /home/airflow/.local/lib/python3.12/site-packages/airflow/example_dags/example_trigger_target_dag.py for tasks to queue
[2026-02-28T21:50:49.696+0000] {logging_mixin.py:188} INFO - [2026-02-28T21:50:49.695+0000] {dagbag.py:545} INFO - Filling up the DagBag from /home/airflow/.local/lib/python3.12/site-packages/airflow/example_dags/example_trigger_target_dag.py
[2026-02-28T21:50:49.714+0000] {processor.py:840} INFO - DAG(s) 'example_trigger_target_dag' retrieved from /home/airflow/.local/lib/python3.12/site-packages/airflow/example_dags/example_trigger_target_dag.py
[2026-02-28T21:50:49.763+0000] {logging_mixin.py:188} INFO - [2026-02-28T21:50:49.763+0000] {dag.py:3096} INFO - Sync 1 DAGs
[2026-02-28T21:50:49.783+0000] {logging_mixin.py:188} INFO - [2026-02-28T21:50:49.783+0000] {dag.py:3954} INFO - Setting next_dagrun for example_trigger_target_dag to None, run_after=None
[2026-02-28T21:50:49.830+0000] {processor.py:183} INFO - Processing /home/airflow/.local/lib/python3.12/site-packages/airflow/example_dags/example_trigger_target_dag.py took 0.171 seconds
[2026-02-28T21:51:20.056+0000] {processor.py:161} INFO - Started process (PID=1285) to work on /home/airflow/.local/lib/python3.12/site-packages/airflow/example_dags/example_trigger_target_dag.py
[2026-02-28T21:51:20.060+0000] {processor.py:830} INFO - Processing file /home/airflow/.local/lib/python3.12/site-packages/airflow/example_dags/example_trigger_target_dag.py for tasks to queue
[2026-02-28T21:51:20.064+0000] {logging_mixin.py:188} INFO - [2026-02-28T21:51:20.064+0000] {dagbag.py:545} INFO - Filling up the DagBag from /home/airflow/.local/lib/python3.12/site-packages/airflow/example_dags/example_trigger_target_dag.py
[2026-02-28T21:51:20.084+0000] {processor.py:840} INFO - DAG(s) 'example_trigger_target_dag' retrieved from /home/airflow/.local/lib/python3.12/site-packages/airflow/example_dags/example_trigger_target_dag.py
[2026-02-28T21:51:20.118+0000] {logging_mixin.py:188} INFO - [2026-02-28T21:51:20.118+0000] {dag.py:3096} INFO - Sync 1 DAGs
[2026-02-28T21:51:20.138+0000] {logging_mixin.py:188} INFO - [2026-02-28T21:51:20.138+0000] {dag.py:3954} INFO - Setting next_dagrun for example_trigger_target_dag to None, run_after=None
[2026-02-28T21:51:20.160+0000] {processor.py:183} INFO - Processing /home/airflow/.local/lib/python3.12/site-packages/airflow/example_dags/example_trigger_target_dag.py took 0.112 seconds
[2026-02-28T21:51:51.179+0000] {processor.py:161} INFO - Started process (PID=1343) to work on /home/airflow/.local/lib/python3.12/site-packages/airflow/example_dags/example_trigger_target_dag.py
[2026-02-28T21:51:51.184+0000] {processor.py:830} INFO - Processing file /home/airflow/.local/lib/python3.12/site-packages/airflow/example_dags/example_trigger_target_dag.py for tasks to queue
[2026-02-28T21:51:51.192+0000] {logging_mixin.py:188} INFO - [2026-02-28T21:51:51.192+0000] {dagbag.py:545} INFO - Filling up the DagBag from /home/airflow/.local/lib/python3.12/site-packages/airflow/example_dags/example_trigger_target_dag.py
[2026-02-28T21:51:51.213+0000] {processor.py:840} INFO - DAG(s) 'example_trigger_target_dag' retrieved from /home/airflow/.local/lib/python3.12/site-packages/airflow/example_dags/example_trigger_target_dag.py
[2026-02-28T21:51:51.268+0000] {logging_mixin.py:188} INFO - [2026-02-28T21:51:51.268+0000] {dag.py:3096} INFO - Sync 1 DAGs
[2026-02-28T21:51:51.292+0000] {logging_mixin.py:188} INFO - [2026-02-28T21:51:51.292+0000] {dag.py:3954} INFO - Setting next_dagrun for example_trigger_target_dag to None, run_after=None
[2026-02-28T21:51:51.317+0000] {processor.py:183} INFO - Processing /home/airflow/.local/lib/python3.12/site-packages/airflow/example_dags/example_trigger_target_dag.py took 0.153 seconds
[2026-02-28T21:52:21.438+0000] {processor.py:161} INFO - Started process (PID=1401) to work on /home/airflow/.local/lib/python3.12/site-packages/airflow/example_dags/example_trigger_target_dag.py
[2026-02-28T21:52:21.441+0000] {processor.py:830} INFO - Processing file /home/airflow/.local/lib/python3.12/site-packages/airflow/example_dags/example_trigger_target_dag.py for tasks to queue
[2026-02-28T21:52:21.447+0000] {logging_mixin.py:188} INFO - [2026-02-28T21:52:21.445+0000] {dagbag.py:545} INFO - Filling up the DagBag from /home/airflow/.local/lib/python3.12/site-packages/airflow/example_dags/example_trigger_target_dag.py
[2026-02-28T21:52:21.471+0000] {processor.py:840} INFO - DAG(s) 'example_trigger_target_dag' retrieved from /home/airflow/.local/lib/python3.12/site-packages/airflow/example_dags/example_trigger_target_dag.py
[2026-02-28T21:52:21.514+0000] {logging_mixin.py:188} INFO - [2026-02-28T21:52:21.513+0000] {dag.py:3096} INFO - Sync 1 DAGs
[2026-02-28T21:52:21.539+0000] {logging_mixin.py:188} INFO - [2026-02-28T21:52:21.539+0000] {dag.py:3954} INFO - Setting next_dagrun for example_trigger_target_dag to None, run_after=None
[2026-02-28T21:52:21.566+0000] {processor.py:183} INFO - Processing /home/airflow/.local/lib/python3.12/site-packages/airflow/example_dags/example_trigger_target_dag.py took 0.144 seconds
[2026-02-28T21:52:51.773+0000] {processor.py:161} INFO - Started process (PID=1459) to work on /home/airflow/.local/lib/python3.12/site-packages/airflow/example_dags/example_trigger_target_dag.py
[2026-02-28T21:52:51.777+0000] {processor.py:830} INFO - Processing file /home/airflow/.local/lib/python3.12/site-packages/airflow/example_dags/example_trigger_target_dag.py for tasks to queue
[2026-02-28T21:52:51.781+0000] {logging_mixin.py:188} INFO - [2026-02-28T21:52:51.780+0000] {dagbag.py:545} INFO - Filling up the DagBag from /home/airflow/.local/lib/python3.12/site-packages/airflow/example_dags/example_trigger_target_dag.py
[2026-02-28T21:52:51.800+0000] {processor.py:840} INFO - DAG(s) 'example_trigger_target_dag' retrieved from /home/airflow/.local/lib/python3.12/site-packages/airflow/example_dags/example_trigger_target_dag.py
[2026-02-28T21:52:51.853+0000] {logging_mixin.py:188} INFO - [2026-02-28T21:52:51.853+0000] {dag.py:3096} INFO - Sync 1 DAGs
[2026-02-28T21:52:51.885+0000] {logging_mixin.py:188} INFO - [2026-02-28T21:52:51.885+0000] {dag.py:3954} INFO - Setting next_dagrun for example_trigger_target_dag to None, run_after=None
[2026-02-28T21:52:52.070+0000] {processor.py:183} INFO - Processing /home/airflow/.local/lib/python3.12/site-packages/airflow/example_dags/example_trigger_target_dag.py took 0.309 seconds
[2026-02-28T21:53:22.538+0000] {processor.py:161} INFO - Started process (PID=1517) to work on /home/airflow/.local/lib/python3.12/site-packages/airflow/example_dags/example_trigger_target_dag.py
[2026-02-28T21:53:22.541+0000] {processor.py:830} INFO - Processing file /home/airflow/.local/lib/python3.12/site-packages/airflow/example_dags/example_trigger_target_dag.py for tasks to queue
[2026-02-28T21:53:22.546+0000] {logging_mixin.py:188} INFO - [2026-02-28T21:53:22.545+0000] {dagbag.py:545} INFO - Filling up the DagBag from /home/airflow/.local/lib/python3.12/site-packages/airflow/example_dags/example_trigger_target_dag.py
[2026-02-28T21:53:22.566+0000] {processor.py:840} INFO - DAG(s) 'example_trigger_target_dag' retrieved from /home/airflow/.local/lib/python3.12/site-packages/airflow/example_dags/example_trigger_target_dag.py
[2026-02-28T21:53:22.610+0000] {logging_mixin.py:188} INFO - [2026-02-28T21:53:22.609+0000] {dag.py:3096} INFO - Sync 1 DAGs
[2026-02-28T21:53:22.633+0000] {logging_mixin.py:188} INFO - [2026-02-28T21:53:22.633+0000] {dag.py:3954} INFO - Setting next_dagrun for example_trigger_target_dag to None, run_after=None
[2026-02-28T21:53:22.655+0000] {processor.py:183} INFO - Processing /home/airflow/.local/lib/python3.12/site-packages/airflow/example_dags/example_trigger_target_dag.py took 0.130 seconds
[2026-02-28T21:53:52.839+0000] {processor.py:161} INFO - Started process (PID=1575) to work on /home/airflow/.local/lib/python3.12/site-packages/airflow/example_dags/example_trigger_target_dag.py
[2026-02-28T21:53:52.848+0000] {processor.py:830} INFO - Processing file /home/airflow/.local/lib/python3.12/site-packages/airflow/example_dags/example_trigger_target_dag.py for tasks to queue
[2026-02-28T21:53:52.855+0000] {logging_mixin.py:188} INFO - [2026-02-28T21:53:52.854+0000] {dagbag.py:545} INFO - Filling up the DagBag from /home/airflow/.local/lib/python3.12/site-packages/airflow/example_dags/example_trigger_target_dag.py
[2026-02-28T21:53:52.876+0000] {processor.py:840} INFO - DAG(s) 'example_trigger_target_dag' retrieved from /home/airflow/.local/lib/python3.12/site-packages/airflow/example_dags/example_trigger_target_dag.py
[2026-02-28T21:53:53.355+0000] {logging_mixin.py:188} INFO - [2026-02-28T21:53:53.355+0000] {dag.py:3096} INFO - Sync 1 DAGs
[2026-02-28T21:53:53.457+0000] {logging_mixin.py:188} INFO - [2026-02-28T21:53:53.456+0000] {dag.py:3954} INFO - Setting next_dagrun for example_trigger_target_dag to None, run_after=None
[2026-02-28T21:53:53.492+0000] {processor.py:183} INFO - Processing /home/airflow/.local/lib/python3.12/site-packages/airflow/example_dags/example_trigger_target_dag.py took 0.669 seconds
[2026-02-28T21:54:24.405+0000] {processor.py:161} INFO - Started process (PID=1633) to work on /home/airflow/.local/lib/python3.12/site-packages/airflow/example_dags/example_trigger_target_dag.py
[2026-02-28T21:54:24.407+0000] {processor.py:830} INFO - Processing file /home/airflow/.local/lib/python3.12/site-packages/airflow/example_dags/example_trigger_target_dag.py for tasks to queue
[2026-02-28T21:54:24.410+0000] {logging_mixin.py:188} INFO - [2026-02-28T21:54:24.409+0000] {dagbag.py:545} INFO - Filling up the DagBag from /home/airflow/.local/lib/python3.12/site-packages/airflow/example_dags/example_trigger_target_dag.py
[2026-02-28T21:54:24.428+0000] {processor.py:840} INFO - DAG(s) 'example_trigger_target_dag' retrieved from /home/airflow/.local/lib/python3.12/site-packages/airflow/example_dags/example_trigger_target_dag.py
[2026-02-28T21:54:24.479+0000] {logging_mixin.py:188} INFO - [2026-02-28T21:54:24.478+0000] {dag.py:3096} INFO - Sync 1 DAGs
[2026-02-28T21:54:24.508+0000] {logging_mixin.py:188} INFO - [2026-02-28T21:54:24.508+0000] {dag.py:3954} INFO - Setting next_dagrun for example_trigger_target_dag to None, run_after=None
[2026-02-28T21:54:24.549+0000] {processor.py:183} INFO - Processing /home/airflow/.local/lib/python3.12/site-packages/airflow/example_dags/example_trigger_target_dag.py took 0.152 seconds
[2026-02-28T21:54:55.081+0000] {processor.py:161} INFO - Started process (PID=1691) to work on /home/airflow/.local/lib/python3.12/site-packages/airflow/example_dags/example_trigger_target_dag.py
[2026-02-28T21:54:55.084+0000] {processor.py:830} INFO - Processing file /home/airflow/.local/lib/python3.12/site-packages/airflow/example_dags/example_trigger_target_dag.py for tasks to queue
[2026-02-28T21:54:55.095+0000] {logging_mixin.py:188} INFO - [2026-02-28T21:54:55.093+0000] {dagbag.py:545} INFO - Filling up the DagBag from /home/airflow/.local/lib/python3.12/site-packages/airflow/example_dags/example_trigger_target_dag.py
[2026-02-28T21:54:55.131+0000] {processor.py:840} INFO - DAG(s) 'example_trigger_target_dag' retrieved from /home/airflow/.local/lib/python3.12/site-packages/airflow/example_dags/example_trigger_target_dag.py
[2026-02-28T21:54:55.212+0000] {logging_mixin.py:188} INFO - [2026-02-28T21:54:55.212+0000] {dag.py:3096} INFO - Sync 1 DAGs
[2026-02-28T21:54:55.244+0000] {logging_mixin.py:188} INFO - [2026-02-28T21:54:55.243+0000] {dag.py:3954} INFO - Setting next_dagrun for example_trigger_target_dag to None, run_after=None
[2026-02-28T21:54:55.288+0000] {processor.py:183} INFO - Processing /home/airflow/.local/lib/python3.12/site-packages/airflow/example_dags/example_trigger_target_dag.py took 0.231 seconds
[2026-02-28T21:55:25.884+0000] {processor.py:161} INFO - Started process (PID=1751) to work on /home/airflow/.local/lib/python3.12/site-packages/airflow/example_dags/example_trigger_target_dag.py
[2026-02-28T21:55:25.887+0000] {processor.py:830} INFO - Processing file /home/airflow/.local/lib/python3.12/site-packages/airflow/example_dags/example_trigger_target_dag.py for tasks to queue
[2026-02-28T21:55:25.892+0000] {logging_mixin.py:188} INFO - [2026-02-28T21:55:25.892+0000] {dagbag.py:545} INFO - Filling up the DagBag from /home/airflow/.local/lib/python3.12/site-packages/airflow/example_dags/example_trigger_target_dag.py
[2026-02-28T21:55:25.907+0000] {processor.py:840} INFO - DAG(s) 'example_trigger_target_dag' retrieved from /home/airflow/.local/lib/python3.12/site-packages/airflow/example_dags/example_trigger_target_dag.py
[2026-02-28T21:55:25.938+0000] {logging_mixin.py:188} INFO - [2026-02-28T21:55:25.937+0000] {dag.py:3096} INFO - Sync 1 DAGs
[2026-02-28T21:55:25.950+0000] {logging_mixin.py:188} INFO - [2026-02-28T21:55:25.950+0000] {dag.py:3954} INFO - Setting next_dagrun for example_trigger_target_dag to None, run_after=None
[2026-02-28T21:55:25.968+0000] {processor.py:183} INFO - Processing /home/airflow/.local/lib/python3.12/site-packages/airflow/example_dags/example_trigger_target_dag.py took 0.098 seconds
[2026-02-28T21:55:56.777+0000] {processor.py:161} INFO - Started process (PID=1809) to work on /home/airflow/.local/lib/python3.12/site-packages/airflow/example_dags/example_trigger_target_dag.py
[2026-02-28T21:55:56.779+0000] {processor.py:830} INFO - Processing file /home/airflow/.local/lib/python3.12/site-packages/airflow/example_dags/example_trigger_target_dag.py for tasks to queue
[2026-02-28T21:55:56.782+0000] {logging_mixin.py:188} INFO - [2026-02-28T21:55:56.782+0000] {dagbag.py:545} INFO - Filling up the DagBag from /home/airflow/.local/lib/python3.12/site-packages/airflow/example_dags/example_trigger_target_dag.py
[2026-02-28T21:55:56.794+0000] {processor.py:840} INFO - DAG(s) 'example_trigger_target_dag' retrieved from /home/airflow/.local/lib/python3.12/site-packages/airflow/example_dags/example_trigger_target_dag.py
[2026-02-28T21:55:56.832+0000] {logging_mixin.py:188} INFO - [2026-02-28T21:55:56.832+0000] {dag.py:3096} INFO - Sync 1 DAGs
[2026-02-28T21:55:56.854+0000] {logging_mixin.py:188} INFO - [2026-02-28T21:55:56.854+0000] {dag.py:3954} INFO - Setting next_dagrun for example_trigger_target_dag to None, run_after=None
[2026-02-28T21:55:56.881+0000] {processor.py:183} INFO - Processing /home/airflow/.local/lib/python3.12/site-packages/airflow/example_dags/example_trigger_target_dag.py took 0.111 seconds
[2026-02-28T21:56:26.950+0000] {processor.py:161} INFO - Started process (PID=1867) to work on /home/airflow/.local/lib/python3.12/site-packages/airflow/example_dags/example_trigger_target_dag.py
[2026-02-28T21:56:26.952+0000] {processor.py:830} INFO - Processing file /home/airflow/.local/lib/python3.12/site-packages/airflow/example_dags/example_trigger_target_dag.py for tasks to queue
[2026-02-28T21:56:26.957+0000] {logging_mixin.py:188} INFO - [2026-02-28T21:56:26.956+0000] {dagbag.py:545} INFO - Filling up the DagBag from /home/airflow/.local/lib/python3.12/site-packages/airflow/example_dags/example_trigger_target_dag.py
[2026-02-28T21:56:26.979+0000] {processor.py:840} INFO - DAG(s) 'example_trigger_target_dag' retrieved from /home/airflow/.local/lib/python3.12/site-packages/airflow/example_dags/example_trigger_target_dag.py
[2026-02-28T21:56:27.018+0000] {logging_mixin.py:188} INFO - [2026-02-28T21:56:27.018+0000] {dag.py:3096} INFO - Sync 1 DAGs
[2026-02-28T21:56:27.032+0000] {logging_mixin.py:188} INFO - [2026-02-28T21:56:27.032+0000] {dag.py:3954} INFO - Setting next_dagrun for example_trigger_target_dag to None, run_after=None
[2026-02-28T21:56:27.054+0000] {processor.py:183} INFO - Processing /home/airflow/.local/lib/python3.12/site-packages/airflow/example_dags/example_trigger_target_dag.py took 0.125 seconds
[2026-02-28T21:56:58.019+0000] {processor.py:161} INFO - Started process (PID=1925) to work on /home/airflow/.local/lib/python3.12/site-packages/airflow/example_dags/example_trigger_target_dag.py
[2026-02-28T21:56:58.022+0000] {processor.py:830} INFO - Processing file /home/airflow/.local/lib/python3.12/site-packages/airflow/example_dags/example_trigger_target_dag.py for tasks to queue
[2026-02-28T21:56:58.029+0000] {logging_mixin.py:188} INFO - [2026-02-28T21:56:58.029+0000] {dagbag.py:545} INFO - Filling up the DagBag from /home/airflow/.local/lib/python3.12/site-packages/airflow/example_dags/example_trigger_target_dag.py
[2026-02-28T21:56:58.053+0000] {processor.py:840} INFO - DAG(s) 'example_trigger_target_dag' retrieved from /home/airflow/.local/lib/python3.12/site-packages/airflow/example_dags/example_trigger_target_dag.py
[2026-02-28T21:56:58.092+0000] {logging_mixin.py:188} INFO - [2026-02-28T21:56:58.092+0000] {dag.py:3096} INFO - Sync 1 DAGs
[2026-02-28T21:56:58.106+0000] {logging_mixin.py:188} INFO - [2026-02-28T21:56:58.106+0000] {dag.py:3954} INFO - Setting next_dagrun for example_trigger_target_dag to None, run_after=None
[2026-02-28T21:56:58.128+0000] {processor.py:183} INFO - Processing /home/airflow/.local/lib/python3.12/site-packages/airflow/example_dags/example_trigger_target_dag.py took 0.125 seconds
[2026-02-28T21:57:28.985+0000] {processor.py:161} INFO - Started process (PID=1983) to work on /home/airflow/.local/lib/python3.12/site-packages/airflow/example_dags/example_trigger_target_dag.py
[2026-02-28T21:57:28.987+0000] {processor.py:830} INFO - Processing file /home/airflow/.local/lib/python3.12/site-packages/airflow/example_dags/example_trigger_target_dag.py for tasks to queue
[2026-02-28T21:57:28.989+0000] {logging_mixin.py:188} INFO - [2026-02-28T21:57:28.989+0000] {dagbag.py:545} INFO - Filling up the DagBag from /home/airflow/.local/lib/python3.12/site-packages/airflow/example_dags/example_trigger_target_dag.py
[2026-02-28T21:57:29.020+0000] {processor.py:840} INFO - DAG(s) 'example_trigger_target_dag' retrieved from /home/airflow/.local/lib/python3.12/site-packages/airflow/example_dags/example_trigger_target_dag.py
[2026-02-28T21:57:29.056+0000] {logging_mixin.py:188} INFO - [2026-02-28T21:57:29.056+0000] {dag.py:3096} INFO - Sync 1 DAGs
[2026-02-28T21:57:29.076+0000] {logging_mixin.py:188} INFO - [2026-02-28T21:57:29.076+0000] {dag.py:3954} INFO - Setting next_dagrun for example_trigger_target_dag to None, run_after=None
[2026-02-28T21:57:29.101+0000] {processor.py:183} INFO - Processing /home/airflow/.local/lib/python3.12/site-packages/airflow/example_dags/example_trigger_target_dag.py took 0.123 seconds
[2026-02-28T21:57:59.404+0000] {processor.py:161} INFO - Started process (PID=2041) to work on /home/airflow/.local/lib/python3.12/site-packages/airflow/example_dags/example_trigger_target_dag.py
[2026-02-28T21:57:59.409+0000] {processor.py:830} INFO - Processing file /home/airflow/.local/lib/python3.12/site-packages/airflow/example_dags/example_trigger_target_dag.py for tasks to queue
[2026-02-28T21:57:59.414+0000] {logging_mixin.py:188} INFO - [2026-02-28T21:57:59.413+0000] {dagbag.py:545} INFO - Filling up the DagBag from /home/airflow/.local/lib/python3.12/site-packages/airflow/example_dags/example_trigger_target_dag.py
[2026-02-28T21:57:59.440+0000] {processor.py:840} INFO - DAG(s) 'example_trigger_target_dag' retrieved from /home/airflow/.local/lib/python3.12/site-packages/airflow/example_dags/example_trigger_target_dag.py
[2026-02-28T21:57:59.485+0000] {logging_mixin.py:188} INFO - [2026-02-28T21:57:59.484+0000] {dag.py:3096} INFO - Sync 1 DAGs
[2026-02-28T21:57:59.506+0000] {logging_mixin.py:188} INFO - [2026-02-28T21:57:59.506+0000] {dag.py:3954} INFO - Setting next_dagrun for example_trigger_target_dag to None, run_after=None
[2026-02-28T21:57:59.527+0000] {processor.py:183} INFO - Processing /home/airflow/.local/lib/python3.12/site-packages/airflow/example_dags/example_trigger_target_dag.py took 0.138 seconds
[2026-02-28T21:58:30.547+0000] {processor.py:161} INFO - Started process (PID=2099) to work on /home/airflow/.local/lib/python3.12/site-packages/airflow/example_dags/example_trigger_target_dag.py
[2026-02-28T21:58:30.552+0000] {processor.py:830} INFO - Processing file /home/airflow/.local/lib/python3.12/site-packages/airflow/example_dags/example_trigger_target_dag.py for tasks to queue
[2026-02-28T21:58:30.556+0000] {logging_mixin.py:188} INFO - [2026-02-28T21:58:30.556+0000] {dagbag.py:545} INFO - Filling up the DagBag from /home/airflow/.local/lib/python3.12/site-packages/airflow/example_dags/example_trigger_target_dag.py
[2026-02-28T21:58:30.580+0000] {processor.py:840} INFO - DAG(s) 'example_trigger_target_dag' retrieved from /home/airflow/.local/lib/python3.12/site-packages/airflow/example_dags/example_trigger_target_dag.py
[2026-02-28T21:58:30.637+0000] {logging_mixin.py:188} INFO - [2026-02-28T21:58:30.637+0000] {dag.py:3096} INFO - Sync 1 DAGs
[2026-02-28T21:58:30.658+0000] {logging_mixin.py:188} INFO - [2026-02-28T21:58:30.658+0000] {dag.py:3954} INFO - Setting next_dagrun for example_trigger_target_dag to None, run_after=None
[2026-02-28T21:58:30.682+0000] {processor.py:183} INFO - Processing /home/airflow/.local/lib/python3.12/site-packages/airflow/example_dags/example_trigger_target_dag.py took 0.152 seconds
[2026-02-28T21:59:00.878+0000] {processor.py:161} INFO - Started process (PID=2157) to work on /home/airflow/.local/lib/python3.12/site-packages/airflow/example_dags/example_trigger_target_dag.py
[2026-02-28T21:59:00.881+0000] {processor.py:830} INFO - Processing file /home/airflow/.local/lib/python3.12/site-packages/airflow/example_dags/example_trigger_target_dag.py for tasks to queue
[2026-02-28T21:59:00.888+0000] {logging_mixin.py:188} INFO - [2026-02-28T21:59:00.888+0000] {dagbag.py:545} INFO - Filling up the DagBag from /home/airflow/.local/lib/python3.12/site-packages/airflow/example_dags/example_trigger_target_dag.py
[2026-02-28T21:59:00.896+0000] {processor.py:840} INFO - DAG(s) 'example_trigger_target_dag' retrieved from /home/airflow/.local/lib/python3.12/site-packages/airflow/example_dags/example_trigger_target_dag.py
[2026-02-28T21:59:00.918+0000] {logging_mixin.py:188} INFO - [2026-02-28T21:59:00.918+0000] {dag.py:3096} INFO - Sync 1 DAGs
[2026-02-28T21:59:00.935+0000] {logging_mixin.py:188} INFO - [2026-02-28T21:59:00.935+0000] {dag.py:3954} INFO - Setting next_dagrun for example_trigger_target_dag to None, run_after=None
[2026-02-28T21:59:00.951+0000] {processor.py:183} INFO - Processing /home/airflow/.local/lib/python3.12/site-packages/airflow/example_dags/example_trigger_target_dag.py took 0.081 seconds
[2026-02-28T21:59:31.782+0000] {processor.py:161} INFO - Started process (PID=2215) to work on /home/airflow/.local/lib/python3.12/site-packages/airflow/example_dags/example_trigger_target_dag.py
[2026-02-28T21:59:31.785+0000] {processor.py:830} INFO - Processing file /home/airflow/.local/lib/python3.12/site-packages/airflow/example_dags/example_trigger_target_dag.py for tasks to queue
[2026-02-28T21:59:31.791+0000] {logging_mixin.py:188} INFO - [2026-02-28T21:59:31.789+0000] {dagbag.py:545} INFO - Filling up the DagBag from /home/airflow/.local/lib/python3.12/site-packages/airflow/example_dags/example_trigger_target_dag.py
[2026-02-28T21:59:31.906+0000] {processor.py:840} INFO - DAG(s) 'example_trigger_target_dag' retrieved from /home/airflow/.local/lib/python3.12/site-packages/airflow/example_dags/example_trigger_target_dag.py
[2026-02-28T21:59:32.020+0000] {logging_mixin.py:188} INFO - [2026-02-28T21:59:32.020+0000] {dag.py:3096} INFO - Sync 1 DAGs
[2026-02-28T21:59:32.045+0000] {logging_mixin.py:188} INFO - [2026-02-28T21:59:32.044+0000] {dag.py:3954} INFO - Setting next_dagrun for example_trigger_target_dag to None, run_after=None
[2026-02-28T21:59:32.080+0000] {processor.py:183} INFO - Processing /home/airflow/.local/lib/python3.12/site-packages/airflow/example_dags/example_trigger_target_dag.py took 0.312 seconds
[2026-02-28T22:00:02.781+0000] {processor.py:161} INFO - Started process (PID=2273) to work on /home/airflow/.local/lib/python3.12/site-packages/airflow/example_dags/example_trigger_target_dag.py
[2026-02-28T22:00:02.783+0000] {processor.py:830} INFO - Processing file /home/airflow/.local/lib/python3.12/site-packages/airflow/example_dags/example_trigger_target_dag.py for tasks to queue
[2026-02-28T22:00:02.795+0000] {logging_mixin.py:188} INFO - [2026-02-28T22:00:02.794+0000] {dagbag.py:545} INFO - Filling up the DagBag from /home/airflow/.local/lib/python3.12/site-packages/airflow/example_dags/example_trigger_target_dag.py
[2026-02-28T22:00:02.812+0000] {processor.py:840} INFO - DAG(s) 'example_trigger_target_dag' retrieved from /home/airflow/.local/lib/python3.12/site-packages/airflow/example_dags/example_trigger_target_dag.py
[2026-02-28T22:00:02.859+0000] {logging_mixin.py:188} INFO - [2026-02-28T22:00:02.858+0000] {dag.py:3096} INFO - Sync 1 DAGs
[2026-02-28T22:00:02.881+0000] {logging_mixin.py:188} INFO - [2026-02-28T22:00:02.880+0000] {dag.py:3954} INFO - Setting next_dagrun for example_trigger_target_dag to None, run_after=None
[2026-02-28T22:00:02.915+0000] {processor.py:183} INFO - Processing /home/airflow/.local/lib/python3.12/site-packages/airflow/example_dags/example_trigger_target_dag.py took 0.150 seconds
[2026-02-28T22:00:33.341+0000] {processor.py:161} INFO - Started process (PID=2337) to work on /home/airflow/.local/lib/python3.12/site-packages/airflow/example_dags/example_trigger_target_dag.py
[2026-02-28T22:00:33.352+0000] {processor.py:830} INFO - Processing file /home/airflow/.local/lib/python3.12/site-packages/airflow/example_dags/example_trigger_target_dag.py for tasks to queue
[2026-02-28T22:00:33.360+0000] {logging_mixin.py:188} INFO - [2026-02-28T22:00:33.359+0000] {dagbag.py:545} INFO - Filling up the DagBag from /home/airflow/.local/lib/python3.12/site-packages/airflow/example_dags/example_trigger_target_dag.py
[2026-02-28T22:00:36.677+0000] {processor.py:840} INFO - DAG(s) 'example_trigger_target_dag' retrieved from /home/airflow/.local/lib/python3.12/site-packages/airflow/example_dags/example_trigger_target_dag.py
[2026-02-28T22:00:36.931+0000] {logging_mixin.py:188} INFO - [2026-02-28T22:00:36.924+0000] {dag.py:3096} INFO - Sync 1 DAGs
[2026-02-28T22:00:36.953+0000] {logging_mixin.py:188} INFO - [2026-02-28T22:00:36.953+0000] {dag.py:3954} INFO - Setting next_dagrun for example_trigger_target_dag to None, run_after=None
[2026-02-28T22:00:36.992+0000] {processor.py:183} INFO - Processing /home/airflow/.local/lib/python3.12/site-packages/airflow/example_dags/example_trigger_target_dag.py took 3.658 seconds
[2026-02-28T22:01:07.449+0000] {processor.py:161} INFO - Started process (PID=2394) to work on /home/airflow/.local/lib/python3.12/site-packages/airflow/example_dags/example_trigger_target_dag.py
[2026-02-28T22:01:07.457+0000] {processor.py:830} INFO - Processing file /home/airflow/.local/lib/python3.12/site-packages/airflow/example_dags/example_trigger_target_dag.py for tasks to queue
[2026-02-28T22:01:07.460+0000] {logging_mixin.py:188} INFO - [2026-02-28T22:01:07.460+0000] {dagbag.py:545} INFO - Filling up the DagBag from /home/airflow/.local/lib/python3.12/site-packages/airflow/example_dags/example_trigger_target_dag.py
[2026-02-28T22:01:07.474+0000] {processor.py:840} INFO - DAG(s) 'example_trigger_target_dag' retrieved from /home/airflow/.local/lib/python3.12/site-packages/airflow/example_dags/example_trigger_target_dag.py
[2026-02-28T22:01:07.515+0000] {logging_mixin.py:188} INFO - [2026-02-28T22:01:07.515+0000] {dag.py:3096} INFO - Sync 1 DAGs
[2026-02-28T22:01:07.539+0000] {logging_mixin.py:188} INFO - [2026-02-28T22:01:07.538+0000] {dag.py:3954} INFO - Setting next_dagrun for example_trigger_target_dag to None, run_after=None
[2026-02-28T22:01:07.565+0000] {processor.py:183} INFO - Processing /home/airflow/.local/lib/python3.12/site-packages/airflow/example_dags/example_trigger_target_dag.py took 0.131 seconds
[2026-02-28T22:01:38.102+0000] {processor.py:161} INFO - Started process (PID=2452) to work on /home/airflow/.local/lib/python3.12/site-packages/airflow/example_dags/example_trigger_target_dag.py
[2026-02-28T22:01:38.105+0000] {processor.py:830} INFO - Processing file /home/airflow/.local/lib/python3.12/site-packages/airflow/example_dags/example_trigger_target_dag.py for tasks to queue
[2026-02-28T22:01:38.110+0000] {logging_mixin.py:188} INFO - [2026-02-28T22:01:38.110+0000] {dagbag.py:545} INFO - Filling up the DagBag from /home/airflow/.local/lib/python3.12/site-packages/airflow/example_dags/example_trigger_target_dag.py
[2026-02-28T22:01:38.118+0000] {processor.py:840} INFO - DAG(s) 'example_trigger_target_dag' retrieved from /home/airflow/.local/lib/python3.12/site-packages/airflow/example_dags/example_trigger_target_dag.py
[2026-02-28T22:01:38.158+0000] {logging_mixin.py:188} INFO - [2026-02-28T22:01:38.158+0000] {dag.py:3096} INFO - Sync 1 DAGs
[2026-02-28T22:01:38.173+0000] {logging_mixin.py:188} INFO - [2026-02-28T22:01:38.173+0000] {dag.py:3954} INFO - Setting next_dagrun for example_trigger_target_dag to None, run_after=None
[2026-02-28T22:01:38.194+0000] {processor.py:183} INFO - Processing /home/airflow/.local/lib/python3.12/site-packages/airflow/example_dags/example_trigger_target_dag.py took 0.103 seconds
[2026-02-28T22:02:08.811+0000] {processor.py:161} INFO - Started process (PID=2510) to work on /home/airflow/.local/lib/python3.12/site-packages/airflow/example_dags/example_trigger_target_dag.py
[2026-02-28T22:02:08.815+0000] {processor.py:830} INFO - Processing file /home/airflow/.local/lib/python3.12/site-packages/airflow/example_dags/example_trigger_target_dag.py for tasks to queue
[2026-02-28T22:02:08.823+0000] {logging_mixin.py:188} INFO - [2026-02-28T22:02:08.822+0000] {dagbag.py:545} INFO - Filling up the DagBag from /home/airflow/.local/lib/python3.12/site-packages/airflow/example_dags/example_trigger_target_dag.py
[2026-02-28T22:02:08.835+0000] {processor.py:840} INFO - DAG(s) 'example_trigger_target_dag' retrieved from /home/airflow/.local/lib/python3.12/site-packages/airflow/example_dags/example_trigger_target_dag.py
[2026-02-28T22:02:08.867+0000] {logging_mixin.py:188} INFO - [2026-02-28T22:02:08.867+0000] {dag.py:3096} INFO - Sync 1 DAGs
[2026-02-28T22:02:08.893+0000] {logging_mixin.py:188} INFO - [2026-02-28T22:02:08.893+0000] {dag.py:3954} INFO - Setting next_dagrun for example_trigger_target_dag to None, run_after=None
[2026-02-28T22:02:08.914+0000] {processor.py:183} INFO - Processing /home/airflow/.local/lib/python3.12/site-packages/airflow/example_dags/example_trigger_target_dag.py took 0.111 seconds
[2026-02-28T22:02:39.780+0000] {processor.py:161} INFO - Started process (PID=2568) to work on /home/airflow/.local/lib/python3.12/site-packages/airflow/example_dags/example_trigger_target_dag.py
[2026-02-28T22:02:39.784+0000] {processor.py:830} INFO - Processing file /home/airflow/.local/lib/python3.12/site-packages/airflow/example_dags/example_trigger_target_dag.py for tasks to queue
[2026-02-28T22:02:39.788+0000] {logging_mixin.py:188} INFO - [2026-02-28T22:02:39.788+0000] {dagbag.py:545} INFO - Filling up the DagBag from /home/airflow/.local/lib/python3.12/site-packages/airflow/example_dags/example_trigger_target_dag.py
[2026-02-28T22:02:39.807+0000] {processor.py:840} INFO - DAG(s) 'example_trigger_target_dag' retrieved from /home/airflow/.local/lib/python3.12/site-packages/airflow/example_dags/example_trigger_target_dag.py
[2026-02-28T22:02:39.847+0000] {logging_mixin.py:188} INFO - [2026-02-28T22:02:39.847+0000] {dag.py:3096} INFO - Sync 1 DAGs
[2026-02-28T22:02:39.873+0000] {logging_mixin.py:188} INFO - [2026-02-28T22:02:39.873+0000] {dag.py:3954} INFO - Setting next_dagrun for example_trigger_target_dag to None, run_after=None
[2026-02-28T22:02:39.912+0000] {processor.py:183} INFO - Processing /home/airflow/.local/lib/python3.12/site-packages/airflow/example_dags/example_trigger_target_dag.py took 0.144 seconds
[2026-02-28T22:03:10.385+0000] {processor.py:161} INFO - Started process (PID=2625) to work on /home/airflow/.local/lib/python3.12/site-packages/airflow/example_dags/example_trigger_target_dag.py
[2026-02-28T22:03:10.388+0000] {processor.py:830} INFO - Processing file /home/airflow/.local/lib/python3.12/site-packages/airflow/example_dags/example_trigger_target_dag.py for tasks to queue
[2026-02-28T22:03:10.399+0000] {logging_mixin.py:188} INFO - [2026-02-28T22:03:10.399+0000] {dagbag.py:545} INFO - Filling up the DagBag from /home/airflow/.local/lib/python3.12/site-packages/airflow/example_dags/example_trigger_target_dag.py
[2026-02-28T22:03:10.410+0000] {processor.py:840} INFO - DAG(s) 'example_trigger_target_dag' retrieved from /home/airflow/.local/lib/python3.12/site-packages/airflow/example_dags/example_trigger_target_dag.py
[2026-02-28T22:03:10.452+0000] {logging_mixin.py:188} INFO - [2026-02-28T22:03:10.452+0000] {dag.py:3096} INFO - Sync 1 DAGs
[2026-02-28T22:03:10.487+0000] {logging_mixin.py:188} INFO - [2026-02-28T22:03:10.487+0000] {dag.py:3954} INFO - Setting next_dagrun for example_trigger_target_dag to None, run_after=None
[2026-02-28T22:03:10.510+0000] {processor.py:183} INFO - Processing /home/airflow/.local/lib/python3.12/site-packages/airflow/example_dags/example_trigger_target_dag.py took 0.141 seconds
[2026-02-28T22:03:41.548+0000] {processor.py:161} INFO - Started process (PID=2683) to work on /home/airflow/.local/lib/python3.12/site-packages/airflow/example_dags/example_trigger_target_dag.py
[2026-02-28T22:03:41.557+0000] {processor.py:830} INFO - Processing file /home/airflow/.local/lib/python3.12/site-packages/airflow/example_dags/example_trigger_target_dag.py for tasks to queue
[2026-02-28T22:03:41.562+0000] {logging_mixin.py:188} INFO - [2026-02-28T22:03:41.561+0000] {dagbag.py:545} INFO - Filling up the DagBag from /home/airflow/.local/lib/python3.12/site-packages/airflow/example_dags/example_trigger_target_dag.py
[2026-02-28T22:03:41.586+0000] {processor.py:840} INFO - DAG(s) 'example_trigger_target_dag' retrieved from /home/airflow/.local/lib/python3.12/site-packages/airflow/example_dags/example_trigger_target_dag.py
[2026-02-28T22:03:41.644+0000] {logging_mixin.py:188} INFO - [2026-02-28T22:03:41.644+0000] {dag.py:3096} INFO - Sync 1 DAGs
[2026-02-28T22:03:41.673+0000] {logging_mixin.py:188} INFO - [2026-02-28T22:03:41.673+0000] {dag.py:3954} INFO - Setting next_dagrun for example_trigger_target_dag to None, run_after=None
[2026-02-28T22:03:41.698+0000] {processor.py:183} INFO - Processing /home/airflow/.local/lib/python3.12/site-packages/airflow/example_dags/example_trigger_target_dag.py took 0.166 seconds
[2026-02-28T22:04:12.561+0000] {processor.py:161} INFO - Started process (PID=2741) to work on /home/airflow/.local/lib/python3.12/site-packages/airflow/example_dags/example_trigger_target_dag.py
[2026-02-28T22:04:12.566+0000] {processor.py:830} INFO - Processing file /home/airflow/.local/lib/python3.12/site-packages/airflow/example_dags/example_trigger_target_dag.py for tasks to queue
[2026-02-28T22:04:12.573+0000] {logging_mixin.py:188} INFO - [2026-02-28T22:04:12.572+0000] {dagbag.py:545} INFO - Filling up the DagBag from /home/airflow/.local/lib/python3.12/site-packages/airflow/example_dags/example_trigger_target_dag.py
[2026-02-28T22:04:12.594+0000] {processor.py:840} INFO - DAG(s) 'example_trigger_target_dag' retrieved from /home/airflow/.local/lib/python3.12/site-packages/airflow/example_dags/example_trigger_target_dag.py
[2026-02-28T22:04:12.628+0000] {logging_mixin.py:188} INFO - [2026-02-28T22:04:12.628+0000] {dag.py:3096} INFO - Sync 1 DAGs
[2026-02-28T22:04:12.650+0000] {logging_mixin.py:188} INFO - [2026-02-28T22:04:12.650+0000] {dag.py:3954} INFO - Setting next_dagrun for example_trigger_target_dag to None, run_after=None
[2026-02-28T22:04:12.673+0000] {processor.py:183} INFO - Processing /home/airflow/.local/lib/python3.12/site-packages/airflow/example_dags/example_trigger_target_dag.py took 0.137 seconds
[2026-02-28T22:04:42.778+0000] {processor.py:161} INFO - Started process (PID=2799) to work on /home/airflow/.local/lib/python3.12/site-packages/airflow/example_dags/example_trigger_target_dag.py
[2026-02-28T22:04:42.782+0000] {processor.py:830} INFO - Processing file /home/airflow/.local/lib/python3.12/site-packages/airflow/example_dags/example_trigger_target_dag.py for tasks to queue
[2026-02-28T22:04:42.792+0000] {logging_mixin.py:188} INFO - [2026-02-28T22:04:42.792+0000] {dagbag.py:545} INFO - Filling up the DagBag from /home/airflow/.local/lib/python3.12/site-packages/airflow/example_dags/example_trigger_target_dag.py
[2026-02-28T22:04:42.812+0000] {processor.py:840} INFO - DAG(s) 'example_trigger_target_dag' retrieved from /home/airflow/.local/lib/python3.12/site-packages/airflow/example_dags/example_trigger_target_dag.py
[2026-02-28T22:04:42.864+0000] {logging_mixin.py:188} INFO - [2026-02-28T22:04:42.864+0000] {dag.py:3096} INFO - Sync 1 DAGs
[2026-02-28T22:04:42.891+0000] {logging_mixin.py:188} INFO - [2026-02-28T22:04:42.890+0000] {dag.py:3954} INFO - Setting next_dagrun for example_trigger_target_dag to None, run_after=None
[2026-02-28T22:04:42.917+0000] {processor.py:183} INFO - Processing /home/airflow/.local/lib/python3.12/site-packages/airflow/example_dags/example_trigger_target_dag.py took 0.155 seconds
