[2026-02-28T21:39:58.360+0000] {processor.py:161} INFO - Started process (PID=55) to work on /home/airflow/.local/lib/python3.12/site-packages/airflow/example_dags/example_setup_teardown.py
[2026-02-28T21:39:58.366+0000] {processor.py:830} INFO - Processing file /home/airflow/.local/lib/python3.12/site-packages/airflow/example_dags/example_setup_teardown.py for tasks to queue
[2026-02-28T21:39:58.371+0000] {logging_mixin.py:188} INFO - [2026-02-28T21:39:58.370+0000] {dagbag.py:545} INFO - Filling up the DagBag from /home/airflow/.local/lib/python3.12/site-packages/airflow/example_dags/example_setup_teardown.py
[2026-02-28T21:39:58.515+0000] {processor.py:840} INFO - DAG(s) 'example_setup_teardown' retrieved from /home/airflow/.local/lib/python3.12/site-packages/airflow/example_dags/example_setup_teardown.py
[2026-02-28T21:39:58.611+0000] {logging_mixin.py:188} INFO - [2026-02-28T21:39:58.610+0000] {dag.py:3096} INFO - Sync 1 DAGs
[2026-02-28T21:39:58.693+0000] {logging_mixin.py:188} INFO - [2026-02-28T21:39:58.692+0000] {dag.py:3954} INFO - Setting next_dagrun for example_setup_teardown to 2026-02-27 00:00:00+00:00, run_after=2026-02-28 00:00:00+00:00
[2026-02-28T21:39:58.822+0000] {processor.py:183} INFO - Processing /home/airflow/.local/lib/python3.12/site-packages/airflow/example_dags/example_setup_teardown.py took 0.489 seconds
[2026-02-28T21:40:29.451+0000] {processor.py:161} INFO - Started process (PID=113) to work on /home/airflow/.local/lib/python3.12/site-packages/airflow/example_dags/example_setup_teardown.py
[2026-02-28T21:40:29.453+0000] {processor.py:830} INFO - Processing file /home/airflow/.local/lib/python3.12/site-packages/airflow/example_dags/example_setup_teardown.py for tasks to queue
[2026-02-28T21:40:29.454+0000] {logging_mixin.py:188} INFO - [2026-02-28T21:40:29.454+0000] {dagbag.py:545} INFO - Filling up the DagBag from /home/airflow/.local/lib/python3.12/site-packages/airflow/example_dags/example_setup_teardown.py
[2026-02-28T21:40:29.458+0000] {processor.py:840} INFO - DAG(s) 'example_setup_teardown' retrieved from /home/airflow/.local/lib/python3.12/site-packages/airflow/example_dags/example_setup_teardown.py
[2026-02-28T21:40:29.514+0000] {logging_mixin.py:188} INFO - [2026-02-28T21:40:29.513+0000] {dag.py:3096} INFO - Sync 1 DAGs
[2026-02-28T21:40:29.522+0000] {logging_mixin.py:188} INFO - [2026-02-28T21:40:29.522+0000] {dag.py:3954} INFO - Setting next_dagrun for example_setup_teardown to 2026-02-27 00:00:00+00:00, run_after=2026-02-28 00:00:00+00:00
[2026-02-28T21:40:29.531+0000] {processor.py:183} INFO - Processing /home/airflow/.local/lib/python3.12/site-packages/airflow/example_dags/example_setup_teardown.py took 0.084 seconds
[2026-02-28T21:40:59.832+0000] {processor.py:161} INFO - Started process (PID=171) to work on /home/airflow/.local/lib/python3.12/site-packages/airflow/example_dags/example_setup_teardown.py
[2026-02-28T21:40:59.834+0000] {processor.py:830} INFO - Processing file /home/airflow/.local/lib/python3.12/site-packages/airflow/example_dags/example_setup_teardown.py for tasks to queue
[2026-02-28T21:40:59.836+0000] {logging_mixin.py:188} INFO - [2026-02-28T21:40:59.836+0000] {dagbag.py:545} INFO - Filling up the DagBag from /home/airflow/.local/lib/python3.12/site-packages/airflow/example_dags/example_setup_teardown.py
[2026-02-28T21:40:59.845+0000] {processor.py:840} INFO - DAG(s) 'example_setup_teardown' retrieved from /home/airflow/.local/lib/python3.12/site-packages/airflow/example_dags/example_setup_teardown.py
[2026-02-28T21:40:59.869+0000] {logging_mixin.py:188} INFO - [2026-02-28T21:40:59.869+0000] {dag.py:3096} INFO - Sync 1 DAGs
[2026-02-28T21:40:59.885+0000] {logging_mixin.py:188} INFO - [2026-02-28T21:40:59.885+0000] {dag.py:3954} INFO - Setting next_dagrun for example_setup_teardown to 2026-02-27 00:00:00+00:00, run_after=2026-02-28 00:00:00+00:00
[2026-02-28T21:40:59.900+0000] {processor.py:183} INFO - Processing /home/airflow/.local/lib/python3.12/site-packages/airflow/example_dags/example_setup_teardown.py took 0.075 seconds
[2026-02-28T21:41:30.772+0000] {processor.py:161} INFO - Started process (PID=229) to work on /home/airflow/.local/lib/python3.12/site-packages/airflow/example_dags/example_setup_teardown.py
[2026-02-28T21:41:30.774+0000] {processor.py:830} INFO - Processing file /home/airflow/.local/lib/python3.12/site-packages/airflow/example_dags/example_setup_teardown.py for tasks to queue
[2026-02-28T21:41:30.777+0000] {logging_mixin.py:188} INFO - [2026-02-28T21:41:30.777+0000] {dagbag.py:545} INFO - Filling up the DagBag from /home/airflow/.local/lib/python3.12/site-packages/airflow/example_dags/example_setup_teardown.py
[2026-02-28T21:41:30.788+0000] {processor.py:840} INFO - DAG(s) 'example_setup_teardown' retrieved from /home/airflow/.local/lib/python3.12/site-packages/airflow/example_dags/example_setup_teardown.py
[2026-02-28T21:41:30.806+0000] {logging_mixin.py:188} INFO - [2026-02-28T21:41:30.806+0000] {dag.py:3096} INFO - Sync 1 DAGs
[2026-02-28T21:41:30.819+0000] {logging_mixin.py:188} INFO - [2026-02-28T21:41:30.819+0000] {dag.py:3954} INFO - Setting next_dagrun for example_setup_teardown to 2026-02-27 00:00:00+00:00, run_after=2026-02-28 00:00:00+00:00
[2026-02-28T21:41:30.828+0000] {processor.py:183} INFO - Processing /home/airflow/.local/lib/python3.12/site-packages/airflow/example_dags/example_setup_teardown.py took 0.064 seconds
[2026-02-28T21:42:01.195+0000] {processor.py:161} INFO - Started process (PID=287) to work on /home/airflow/.local/lib/python3.12/site-packages/airflow/example_dags/example_setup_teardown.py
[2026-02-28T21:42:01.197+0000] {processor.py:830} INFO - Processing file /home/airflow/.local/lib/python3.12/site-packages/airflow/example_dags/example_setup_teardown.py for tasks to queue
[2026-02-28T21:42:01.199+0000] {logging_mixin.py:188} INFO - [2026-02-28T21:42:01.199+0000] {dagbag.py:545} INFO - Filling up the DagBag from /home/airflow/.local/lib/python3.12/site-packages/airflow/example_dags/example_setup_teardown.py
[2026-02-28T21:42:01.207+0000] {processor.py:840} INFO - DAG(s) 'example_setup_teardown' retrieved from /home/airflow/.local/lib/python3.12/site-packages/airflow/example_dags/example_setup_teardown.py
[2026-02-28T21:42:01.228+0000] {logging_mixin.py:188} INFO - [2026-02-28T21:42:01.228+0000] {dag.py:3096} INFO - Sync 1 DAGs
[2026-02-28T21:42:01.246+0000] {logging_mixin.py:188} INFO - [2026-02-28T21:42:01.246+0000] {dag.py:3954} INFO - Setting next_dagrun for example_setup_teardown to 2026-02-27 00:00:00+00:00, run_after=2026-02-28 00:00:00+00:00
[2026-02-28T21:42:01.258+0000] {processor.py:183} INFO - Processing /home/airflow/.local/lib/python3.12/site-packages/airflow/example_dags/example_setup_teardown.py took 0.071 seconds
[2026-02-28T21:42:31.573+0000] {processor.py:161} INFO - Started process (PID=346) to work on /home/airflow/.local/lib/python3.12/site-packages/airflow/example_dags/example_setup_teardown.py
[2026-02-28T21:42:31.574+0000] {processor.py:830} INFO - Processing file /home/airflow/.local/lib/python3.12/site-packages/airflow/example_dags/example_setup_teardown.py for tasks to queue
[2026-02-28T21:42:31.576+0000] {logging_mixin.py:188} INFO - [2026-02-28T21:42:31.575+0000] {dagbag.py:545} INFO - Filling up the DagBag from /home/airflow/.local/lib/python3.12/site-packages/airflow/example_dags/example_setup_teardown.py
[2026-02-28T21:42:31.580+0000] {processor.py:840} INFO - DAG(s) 'example_setup_teardown' retrieved from /home/airflow/.local/lib/python3.12/site-packages/airflow/example_dags/example_setup_teardown.py
[2026-02-28T21:42:31.591+0000] {logging_mixin.py:188} INFO - [2026-02-28T21:42:31.591+0000] {dag.py:3096} INFO - Sync 1 DAGs
[2026-02-28T21:42:31.601+0000] {logging_mixin.py:188} INFO - [2026-02-28T21:42:31.601+0000] {dag.py:3954} INFO - Setting next_dagrun for example_setup_teardown to 2026-02-27 00:00:00+00:00, run_after=2026-02-28 00:00:00+00:00
[2026-02-28T21:42:31.610+0000] {processor.py:183} INFO - Processing /home/airflow/.local/lib/python3.12/site-packages/airflow/example_dags/example_setup_teardown.py took 0.040 seconds
[2026-02-28T21:43:02.235+0000] {processor.py:161} INFO - Started process (PID=404) to work on /home/airflow/.local/lib/python3.12/site-packages/airflow/example_dags/example_setup_teardown.py
[2026-02-28T21:43:02.238+0000] {processor.py:830} INFO - Processing file /home/airflow/.local/lib/python3.12/site-packages/airflow/example_dags/example_setup_teardown.py for tasks to queue
[2026-02-28T21:43:02.240+0000] {logging_mixin.py:188} INFO - [2026-02-28T21:43:02.240+0000] {dagbag.py:545} INFO - Filling up the DagBag from /home/airflow/.local/lib/python3.12/site-packages/airflow/example_dags/example_setup_teardown.py
[2026-02-28T21:43:02.249+0000] {processor.py:840} INFO - DAG(s) 'example_setup_teardown' retrieved from /home/airflow/.local/lib/python3.12/site-packages/airflow/example_dags/example_setup_teardown.py
[2026-02-28T21:43:02.269+0000] {logging_mixin.py:188} INFO - [2026-02-28T21:43:02.269+0000] {dag.py:3096} INFO - Sync 1 DAGs
[2026-02-28T21:43:02.283+0000] {logging_mixin.py:188} INFO - [2026-02-28T21:43:02.283+0000] {dag.py:3954} INFO - Setting next_dagrun for example_setup_teardown to 2026-02-27 00:00:00+00:00, run_after=2026-02-28 00:00:00+00:00
[2026-02-28T21:43:02.292+0000] {processor.py:183} INFO - Processing /home/airflow/.local/lib/python3.12/site-packages/airflow/example_dags/example_setup_teardown.py took 0.065 seconds
[2026-02-28T21:43:32.465+0000] {processor.py:161} INFO - Started process (PID=462) to work on /home/airflow/.local/lib/python3.12/site-packages/airflow/example_dags/example_setup_teardown.py
[2026-02-28T21:43:32.468+0000] {processor.py:830} INFO - Processing file /home/airflow/.local/lib/python3.12/site-packages/airflow/example_dags/example_setup_teardown.py for tasks to queue
[2026-02-28T21:43:32.470+0000] {logging_mixin.py:188} INFO - [2026-02-28T21:43:32.470+0000] {dagbag.py:545} INFO - Filling up the DagBag from /home/airflow/.local/lib/python3.12/site-packages/airflow/example_dags/example_setup_teardown.py
[2026-02-28T21:43:32.478+0000] {processor.py:840} INFO - DAG(s) 'example_setup_teardown' retrieved from /home/airflow/.local/lib/python3.12/site-packages/airflow/example_dags/example_setup_teardown.py
[2026-02-28T21:43:32.496+0000] {logging_mixin.py:188} INFO - [2026-02-28T21:43:32.496+0000] {dag.py:3096} INFO - Sync 1 DAGs
[2026-02-28T21:43:32.510+0000] {logging_mixin.py:188} INFO - [2026-02-28T21:43:32.510+0000] {dag.py:3954} INFO - Setting next_dagrun for example_setup_teardown to 2026-02-27 00:00:00+00:00, run_after=2026-02-28 00:00:00+00:00
[2026-02-28T21:43:32.519+0000] {processor.py:183} INFO - Processing /home/airflow/.local/lib/python3.12/site-packages/airflow/example_dags/example_setup_teardown.py took 0.061 seconds
[2026-02-28T21:44:28.268+0000] {processor.py:161} INFO - Started process (PID=520) to work on /home/airflow/.local/lib/python3.12/site-packages/airflow/example_dags/example_setup_teardown.py
[2026-02-28T21:44:28.270+0000] {processor.py:830} INFO - Processing file /home/airflow/.local/lib/python3.12/site-packages/airflow/example_dags/example_setup_teardown.py for tasks to queue
[2026-02-28T21:44:28.272+0000] {logging_mixin.py:188} INFO - [2026-02-28T21:44:28.272+0000] {dagbag.py:545} INFO - Filling up the DagBag from /home/airflow/.local/lib/python3.12/site-packages/airflow/example_dags/example_setup_teardown.py
[2026-02-28T21:44:28.278+0000] {processor.py:840} INFO - DAG(s) 'example_setup_teardown' retrieved from /home/airflow/.local/lib/python3.12/site-packages/airflow/example_dags/example_setup_teardown.py
[2026-02-28T21:44:28.312+0000] {logging_mixin.py:188} INFO - [2026-02-28T21:44:28.312+0000] {dag.py:3096} INFO - Sync 1 DAGs
[2026-02-28T21:44:28.333+0000] {logging_mixin.py:188} INFO - [2026-02-28T21:44:28.333+0000] {dag.py:3954} INFO - Setting next_dagrun for example_setup_teardown to 2026-02-27 00:00:00+00:00, run_after=2026-02-28 00:00:00+00:00
[2026-02-28T21:44:28.366+0000] {processor.py:183} INFO - Processing /home/airflow/.local/lib/python3.12/site-packages/airflow/example_dags/example_setup_teardown.py took 0.102 seconds
[2026-02-28T21:44:59.040+0000] {processor.py:161} INFO - Started process (PID=578) to work on /home/airflow/.local/lib/python3.12/site-packages/airflow/example_dags/example_setup_teardown.py
[2026-02-28T21:44:59.043+0000] {processor.py:830} INFO - Processing file /home/airflow/.local/lib/python3.12/site-packages/airflow/example_dags/example_setup_teardown.py for tasks to queue
[2026-02-28T21:44:59.046+0000] {logging_mixin.py:188} INFO - [2026-02-28T21:44:59.045+0000] {dagbag.py:545} INFO - Filling up the DagBag from /home/airflow/.local/lib/python3.12/site-packages/airflow/example_dags/example_setup_teardown.py
[2026-02-28T21:44:59.049+0000] {processor.py:840} INFO - DAG(s) 'example_setup_teardown' retrieved from /home/airflow/.local/lib/python3.12/site-packages/airflow/example_dags/example_setup_teardown.py
[2026-02-28T21:44:59.062+0000] {logging_mixin.py:188} INFO - [2026-02-28T21:44:59.062+0000] {dag.py:3096} INFO - Sync 1 DAGs
[2026-02-28T21:44:59.072+0000] {logging_mixin.py:188} INFO - [2026-02-28T21:44:59.072+0000] {dag.py:3954} INFO - Setting next_dagrun for example_setup_teardown to 2026-02-27 00:00:00+00:00, run_after=2026-02-28 00:00:00+00:00
[2026-02-28T21:44:59.086+0000] {processor.py:183} INFO - Processing /home/airflow/.local/lib/python3.12/site-packages/airflow/example_dags/example_setup_teardown.py took 0.050 seconds
[2026-02-28T21:45:29.351+0000] {processor.py:161} INFO - Started process (PID=636) to work on /home/airflow/.local/lib/python3.12/site-packages/airflow/example_dags/example_setup_teardown.py
[2026-02-28T21:45:29.353+0000] {processor.py:830} INFO - Processing file /home/airflow/.local/lib/python3.12/site-packages/airflow/example_dags/example_setup_teardown.py for tasks to queue
[2026-02-28T21:45:29.354+0000] {logging_mixin.py:188} INFO - [2026-02-28T21:45:29.354+0000] {dagbag.py:545} INFO - Filling up the DagBag from /home/airflow/.local/lib/python3.12/site-packages/airflow/example_dags/example_setup_teardown.py
[2026-02-28T21:45:29.358+0000] {processor.py:840} INFO - DAG(s) 'example_setup_teardown' retrieved from /home/airflow/.local/lib/python3.12/site-packages/airflow/example_dags/example_setup_teardown.py
[2026-02-28T21:45:29.372+0000] {logging_mixin.py:188} INFO - [2026-02-28T21:45:29.372+0000] {dag.py:3096} INFO - Sync 1 DAGs
[2026-02-28T21:45:29.388+0000] {logging_mixin.py:188} INFO - [2026-02-28T21:45:29.388+0000] {dag.py:3954} INFO - Setting next_dagrun for example_setup_teardown to 2026-02-27 00:00:00+00:00, run_after=2026-02-28 00:00:00+00:00
[2026-02-28T21:45:29.401+0000] {processor.py:183} INFO - Processing /home/airflow/.local/lib/python3.12/site-packages/airflow/example_dags/example_setup_teardown.py took 0.053 seconds
[2026-02-28T21:45:59.728+0000] {processor.py:161} INFO - Started process (PID=694) to work on /home/airflow/.local/lib/python3.12/site-packages/airflow/example_dags/example_setup_teardown.py
[2026-02-28T21:45:59.731+0000] {processor.py:830} INFO - Processing file /home/airflow/.local/lib/python3.12/site-packages/airflow/example_dags/example_setup_teardown.py for tasks to queue
[2026-02-28T21:45:59.732+0000] {logging_mixin.py:188} INFO - [2026-02-28T21:45:59.731+0000] {dagbag.py:545} INFO - Filling up the DagBag from /home/airflow/.local/lib/python3.12/site-packages/airflow/example_dags/example_setup_teardown.py
[2026-02-28T21:45:59.735+0000] {processor.py:840} INFO - DAG(s) 'example_setup_teardown' retrieved from /home/airflow/.local/lib/python3.12/site-packages/airflow/example_dags/example_setup_teardown.py
[2026-02-28T21:45:59.748+0000] {logging_mixin.py:188} INFO - [2026-02-28T21:45:59.748+0000] {dag.py:3096} INFO - Sync 1 DAGs
[2026-02-28T21:45:59.765+0000] {logging_mixin.py:188} INFO - [2026-02-28T21:45:59.764+0000] {dag.py:3954} INFO - Setting next_dagrun for example_setup_teardown to 2026-02-27 00:00:00+00:00, run_after=2026-02-28 00:00:00+00:00
[2026-02-28T21:45:59.777+0000] {processor.py:183} INFO - Processing /home/airflow/.local/lib/python3.12/site-packages/airflow/example_dags/example_setup_teardown.py took 0.052 seconds
[2026-02-28T21:46:30.663+0000] {processor.py:161} INFO - Started process (PID=752) to work on /home/airflow/.local/lib/python3.12/site-packages/airflow/example_dags/example_setup_teardown.py
[2026-02-28T21:46:30.664+0000] {processor.py:830} INFO - Processing file /home/airflow/.local/lib/python3.12/site-packages/airflow/example_dags/example_setup_teardown.py for tasks to queue
[2026-02-28T21:46:30.665+0000] {logging_mixin.py:188} INFO - [2026-02-28T21:46:30.665+0000] {dagbag.py:545} INFO - Filling up the DagBag from /home/airflow/.local/lib/python3.12/site-packages/airflow/example_dags/example_setup_teardown.py
[2026-02-28T21:46:30.670+0000] {processor.py:840} INFO - DAG(s) 'example_setup_teardown' retrieved from /home/airflow/.local/lib/python3.12/site-packages/airflow/example_dags/example_setup_teardown.py
[2026-02-28T21:46:30.686+0000] {logging_mixin.py:188} INFO - [2026-02-28T21:46:30.685+0000] {dag.py:3096} INFO - Sync 1 DAGs
[2026-02-28T21:46:30.702+0000] {logging_mixin.py:188} INFO - [2026-02-28T21:46:30.702+0000] {dag.py:3954} INFO - Setting next_dagrun for example_setup_teardown to 2026-02-27 00:00:00+00:00, run_after=2026-02-28 00:00:00+00:00
[2026-02-28T21:46:30.727+0000] {processor.py:183} INFO - Processing /home/airflow/.local/lib/python3.12/site-packages/airflow/example_dags/example_setup_teardown.py took 0.068 seconds
[2026-02-28T21:47:01.180+0000] {processor.py:161} INFO - Started process (PID=808) to work on /home/airflow/.local/lib/python3.12/site-packages/airflow/example_dags/example_setup_teardown.py
[2026-02-28T21:47:01.181+0000] {processor.py:830} INFO - Processing file /home/airflow/.local/lib/python3.12/site-packages/airflow/example_dags/example_setup_teardown.py for tasks to queue
[2026-02-28T21:47:01.182+0000] {logging_mixin.py:188} INFO - [2026-02-28T21:47:01.182+0000] {dagbag.py:545} INFO - Filling up the DagBag from /home/airflow/.local/lib/python3.12/site-packages/airflow/example_dags/example_setup_teardown.py
[2026-02-28T21:47:01.186+0000] {processor.py:840} INFO - DAG(s) 'example_setup_teardown' retrieved from /home/airflow/.local/lib/python3.12/site-packages/airflow/example_dags/example_setup_teardown.py
[2026-02-28T21:47:01.199+0000] {logging_mixin.py:188} INFO - [2026-02-28T21:47:01.199+0000] {dag.py:3096} INFO - Sync 1 DAGs
[2026-02-28T21:47:01.213+0000] {logging_mixin.py:188} INFO - [2026-02-28T21:47:01.212+0000] {dag.py:3954} INFO - Setting next_dagrun for example_setup_teardown to 2026-02-27 00:00:00+00:00, run_after=2026-02-28 00:00:00+00:00
[2026-02-28T21:47:01.230+0000] {processor.py:183} INFO - Processing /home/airflow/.local/lib/python3.12/site-packages/airflow/example_dags/example_setup_teardown.py took 0.054 seconds
[2026-02-28T21:47:32.040+0000] {processor.py:161} INFO - Started process (PID=866) to work on /home/airflow/.local/lib/python3.12/site-packages/airflow/example_dags/example_setup_teardown.py
[2026-02-28T21:47:32.042+0000] {processor.py:830} INFO - Processing file /home/airflow/.local/lib/python3.12/site-packages/airflow/example_dags/example_setup_teardown.py for tasks to queue
[2026-02-28T21:47:32.043+0000] {logging_mixin.py:188} INFO - [2026-02-28T21:47:32.043+0000] {dagbag.py:545} INFO - Filling up the DagBag from /home/airflow/.local/lib/python3.12/site-packages/airflow/example_dags/example_setup_teardown.py
[2026-02-28T21:47:32.046+0000] {processor.py:840} INFO - DAG(s) 'example_setup_teardown' retrieved from /home/airflow/.local/lib/python3.12/site-packages/airflow/example_dags/example_setup_teardown.py
[2026-02-28T21:47:32.060+0000] {logging_mixin.py:188} INFO - [2026-02-28T21:47:32.060+0000] {dag.py:3096} INFO - Sync 1 DAGs
[2026-02-28T21:47:32.073+0000] {logging_mixin.py:188} INFO - [2026-02-28T21:47:32.072+0000] {dag.py:3954} INFO - Setting next_dagrun for example_setup_teardown to 2026-02-27 00:00:00+00:00, run_after=2026-02-28 00:00:00+00:00
[2026-02-28T21:47:32.087+0000] {processor.py:183} INFO - Processing /home/airflow/.local/lib/python3.12/site-packages/airflow/example_dags/example_setup_teardown.py took 0.052 seconds
[2026-02-28T21:48:02.952+0000] {processor.py:161} INFO - Started process (PID=924) to work on /home/airflow/.local/lib/python3.12/site-packages/airflow/example_dags/example_setup_teardown.py
[2026-02-28T21:48:02.953+0000] {processor.py:830} INFO - Processing file /home/airflow/.local/lib/python3.12/site-packages/airflow/example_dags/example_setup_teardown.py for tasks to queue
[2026-02-28T21:48:02.954+0000] {logging_mixin.py:188} INFO - [2026-02-28T21:48:02.954+0000] {dagbag.py:545} INFO - Filling up the DagBag from /home/airflow/.local/lib/python3.12/site-packages/airflow/example_dags/example_setup_teardown.py
[2026-02-28T21:48:02.959+0000] {processor.py:840} INFO - DAG(s) 'example_setup_teardown' retrieved from /home/airflow/.local/lib/python3.12/site-packages/airflow/example_dags/example_setup_teardown.py
[2026-02-28T21:48:02.972+0000] {logging_mixin.py:188} INFO - [2026-02-28T21:48:02.972+0000] {dag.py:3096} INFO - Sync 1 DAGs
[2026-02-28T21:48:02.984+0000] {logging_mixin.py:188} INFO - [2026-02-28T21:48:02.984+0000] {dag.py:3954} INFO - Setting next_dagrun for example_setup_teardown to 2026-02-27 00:00:00+00:00, run_after=2026-02-28 00:00:00+00:00
[2026-02-28T21:48:02.994+0000] {processor.py:183} INFO - Processing /home/airflow/.local/lib/python3.12/site-packages/airflow/example_dags/example_setup_teardown.py took 0.047 seconds
[2026-02-28T21:48:33.208+0000] {processor.py:161} INFO - Started process (PID=982) to work on /home/airflow/.local/lib/python3.12/site-packages/airflow/example_dags/example_setup_teardown.py
[2026-02-28T21:48:33.209+0000] {processor.py:830} INFO - Processing file /home/airflow/.local/lib/python3.12/site-packages/airflow/example_dags/example_setup_teardown.py for tasks to queue
[2026-02-28T21:48:33.210+0000] {logging_mixin.py:188} INFO - [2026-02-28T21:48:33.210+0000] {dagbag.py:545} INFO - Filling up the DagBag from /home/airflow/.local/lib/python3.12/site-packages/airflow/example_dags/example_setup_teardown.py
[2026-02-28T21:48:33.216+0000] {processor.py:840} INFO - DAG(s) 'example_setup_teardown' retrieved from /home/airflow/.local/lib/python3.12/site-packages/airflow/example_dags/example_setup_teardown.py
[2026-02-28T21:48:33.229+0000] {logging_mixin.py:188} INFO - [2026-02-28T21:48:33.229+0000] {dag.py:3096} INFO - Sync 1 DAGs
[2026-02-28T21:48:33.251+0000] {logging_mixin.py:188} INFO - [2026-02-28T21:48:33.251+0000] {dag.py:3954} INFO - Setting next_dagrun for example_setup_teardown to 2026-02-27 00:00:00+00:00, run_after=2026-02-28 00:00:00+00:00
[2026-02-28T21:48:33.277+0000] {processor.py:183} INFO - Processing /home/airflow/.local/lib/python3.12/site-packages/airflow/example_dags/example_setup_teardown.py took 0.074 seconds
[2026-02-28T21:49:03.640+0000] {processor.py:161} INFO - Started process (PID=1040) to work on /home/airflow/.local/lib/python3.12/site-packages/airflow/example_dags/example_setup_teardown.py
[2026-02-28T21:49:03.642+0000] {processor.py:830} INFO - Processing file /home/airflow/.local/lib/python3.12/site-packages/airflow/example_dags/example_setup_teardown.py for tasks to queue
[2026-02-28T21:49:03.644+0000] {logging_mixin.py:188} INFO - [2026-02-28T21:49:03.644+0000] {dagbag.py:545} INFO - Filling up the DagBag from /home/airflow/.local/lib/python3.12/site-packages/airflow/example_dags/example_setup_teardown.py
[2026-02-28T21:49:03.650+0000] {processor.py:840} INFO - DAG(s) 'example_setup_teardown' retrieved from /home/airflow/.local/lib/python3.12/site-packages/airflow/example_dags/example_setup_teardown.py
[2026-02-28T21:49:03.666+0000] {logging_mixin.py:188} INFO - [2026-02-28T21:49:03.666+0000] {dag.py:3096} INFO - Sync 1 DAGs
[2026-02-28T21:49:03.684+0000] {logging_mixin.py:188} INFO - [2026-02-28T21:49:03.684+0000] {dag.py:3954} INFO - Setting next_dagrun for example_setup_teardown to 2026-02-27 00:00:00+00:00, run_after=2026-02-28 00:00:00+00:00
[2026-02-28T21:49:03.701+0000] {processor.py:183} INFO - Processing /home/airflow/.local/lib/python3.12/site-packages/airflow/example_dags/example_setup_teardown.py took 0.064 seconds
[2026-02-28T21:49:34.081+0000] {processor.py:161} INFO - Started process (PID=1098) to work on /home/airflow/.local/lib/python3.12/site-packages/airflow/example_dags/example_setup_teardown.py
[2026-02-28T21:49:34.082+0000] {processor.py:830} INFO - Processing file /home/airflow/.local/lib/python3.12/site-packages/airflow/example_dags/example_setup_teardown.py for tasks to queue
[2026-02-28T21:49:34.084+0000] {logging_mixin.py:188} INFO - [2026-02-28T21:49:34.084+0000] {dagbag.py:545} INFO - Filling up the DagBag from /home/airflow/.local/lib/python3.12/site-packages/airflow/example_dags/example_setup_teardown.py
[2026-02-28T21:49:34.093+0000] {processor.py:840} INFO - DAG(s) 'example_setup_teardown' retrieved from /home/airflow/.local/lib/python3.12/site-packages/airflow/example_dags/example_setup_teardown.py
[2026-02-28T21:49:34.114+0000] {logging_mixin.py:188} INFO - [2026-02-28T21:49:34.114+0000] {dag.py:3096} INFO - Sync 1 DAGs
[2026-02-28T21:49:34.132+0000] {logging_mixin.py:188} INFO - [2026-02-28T21:49:34.132+0000] {dag.py:3954} INFO - Setting next_dagrun for example_setup_teardown to 2026-02-27 00:00:00+00:00, run_after=2026-02-28 00:00:00+00:00
[2026-02-28T21:49:34.149+0000] {processor.py:183} INFO - Processing /home/airflow/.local/lib/python3.12/site-packages/airflow/example_dags/example_setup_teardown.py took 0.074 seconds
[2026-02-28T21:50:04.342+0000] {processor.py:161} INFO - Started process (PID=1156) to work on /home/airflow/.local/lib/python3.12/site-packages/airflow/example_dags/example_setup_teardown.py
[2026-02-28T21:50:04.343+0000] {processor.py:830} INFO - Processing file /home/airflow/.local/lib/python3.12/site-packages/airflow/example_dags/example_setup_teardown.py for tasks to queue
[2026-02-28T21:50:04.345+0000] {logging_mixin.py:188} INFO - [2026-02-28T21:50:04.345+0000] {dagbag.py:545} INFO - Filling up the DagBag from /home/airflow/.local/lib/python3.12/site-packages/airflow/example_dags/example_setup_teardown.py
[2026-02-28T21:50:04.352+0000] {processor.py:840} INFO - DAG(s) 'example_setup_teardown' retrieved from /home/airflow/.local/lib/python3.12/site-packages/airflow/example_dags/example_setup_teardown.py
[2026-02-28T21:50:04.369+0000] {logging_mixin.py:188} INFO - [2026-02-28T21:50:04.368+0000] {dag.py:3096} INFO - Sync 1 DAGs
[2026-02-28T21:50:04.381+0000] {logging_mixin.py:188} INFO - [2026-02-28T21:50:04.381+0000] {dag.py:3954} INFO - Setting next_dagrun for example_setup_teardown to 2026-02-27 00:00:00+00:00, run_after=2026-02-28 00:00:00+00:00
[2026-02-28T21:50:04.400+0000] {processor.py:183} INFO - Processing /home/airflow/.local/lib/python3.12/site-packages/airflow/example_dags/example_setup_teardown.py took 0.061 seconds
[2026-02-28T21:50:35.058+0000] {processor.py:161} INFO - Started process (PID=1214) to work on /home/airflow/.local/lib/python3.12/site-packages/airflow/example_dags/example_setup_teardown.py
[2026-02-28T21:50:35.060+0000] {processor.py:830} INFO - Processing file /home/airflow/.local/lib/python3.12/site-packages/airflow/example_dags/example_setup_teardown.py for tasks to queue
[2026-02-28T21:50:35.061+0000] {logging_mixin.py:188} INFO - [2026-02-28T21:50:35.061+0000] {dagbag.py:545} INFO - Filling up the DagBag from /home/airflow/.local/lib/python3.12/site-packages/airflow/example_dags/example_setup_teardown.py
[2026-02-28T21:50:35.065+0000] {processor.py:840} INFO - DAG(s) 'example_setup_teardown' retrieved from /home/airflow/.local/lib/python3.12/site-packages/airflow/example_dags/example_setup_teardown.py
[2026-02-28T21:50:35.079+0000] {logging_mixin.py:188} INFO - [2026-02-28T21:50:35.078+0000] {dag.py:3096} INFO - Sync 1 DAGs
[2026-02-28T21:50:35.094+0000] {logging_mixin.py:188} INFO - [2026-02-28T21:50:35.094+0000] {dag.py:3954} INFO - Setting next_dagrun for example_setup_teardown to 2026-02-27 00:00:00+00:00, run_after=2026-02-28 00:00:00+00:00
[2026-02-28T21:50:35.108+0000] {processor.py:183} INFO - Processing /home/airflow/.local/lib/python3.12/site-packages/airflow/example_dags/example_setup_teardown.py took 0.054 seconds
[2026-02-28T21:51:05.277+0000] {processor.py:161} INFO - Started process (PID=1272) to work on /home/airflow/.local/lib/python3.12/site-packages/airflow/example_dags/example_setup_teardown.py
[2026-02-28T21:51:05.278+0000] {processor.py:830} INFO - Processing file /home/airflow/.local/lib/python3.12/site-packages/airflow/example_dags/example_setup_teardown.py for tasks to queue
[2026-02-28T21:51:05.284+0000] {logging_mixin.py:188} INFO - [2026-02-28T21:51:05.283+0000] {dagbag.py:545} INFO - Filling up the DagBag from /home/airflow/.local/lib/python3.12/site-packages/airflow/example_dags/example_setup_teardown.py
[2026-02-28T21:51:05.289+0000] {processor.py:840} INFO - DAG(s) 'example_setup_teardown' retrieved from /home/airflow/.local/lib/python3.12/site-packages/airflow/example_dags/example_setup_teardown.py
[2026-02-28T21:51:05.311+0000] {logging_mixin.py:188} INFO - [2026-02-28T21:51:05.310+0000] {dag.py:3096} INFO - Sync 1 DAGs
[2026-02-28T21:51:05.337+0000] {logging_mixin.py:188} INFO - [2026-02-28T21:51:05.337+0000] {dag.py:3954} INFO - Setting next_dagrun for example_setup_teardown to 2026-02-27 00:00:00+00:00, run_after=2026-02-28 00:00:00+00:00
[2026-02-28T21:51:05.364+0000] {processor.py:183} INFO - Processing /home/airflow/.local/lib/python3.12/site-packages/airflow/example_dags/example_setup_teardown.py took 0.092 seconds
[2026-02-28T21:51:35.404+0000] {processor.py:161} INFO - Started process (PID=1330) to work on /home/airflow/.local/lib/python3.12/site-packages/airflow/example_dags/example_setup_teardown.py
[2026-02-28T21:51:35.405+0000] {processor.py:830} INFO - Processing file /home/airflow/.local/lib/python3.12/site-packages/airflow/example_dags/example_setup_teardown.py for tasks to queue
[2026-02-28T21:51:35.407+0000] {logging_mixin.py:188} INFO - [2026-02-28T21:51:35.406+0000] {dagbag.py:545} INFO - Filling up the DagBag from /home/airflow/.local/lib/python3.12/site-packages/airflow/example_dags/example_setup_teardown.py
[2026-02-28T21:51:35.411+0000] {processor.py:840} INFO - DAG(s) 'example_setup_teardown' retrieved from /home/airflow/.local/lib/python3.12/site-packages/airflow/example_dags/example_setup_teardown.py
[2026-02-28T21:51:35.428+0000] {logging_mixin.py:188} INFO - [2026-02-28T21:51:35.428+0000] {dag.py:3096} INFO - Sync 1 DAGs
[2026-02-28T21:51:35.439+0000] {logging_mixin.py:188} INFO - [2026-02-28T21:51:35.439+0000] {dag.py:3954} INFO - Setting next_dagrun for example_setup_teardown to 2026-02-27 00:00:00+00:00, run_after=2026-02-28 00:00:00+00:00
[2026-02-28T21:51:35.453+0000] {processor.py:183} INFO - Processing /home/airflow/.local/lib/python3.12/site-packages/airflow/example_dags/example_setup_teardown.py took 0.054 seconds
[2026-02-28T21:52:06.873+0000] {processor.py:161} INFO - Started process (PID=1388) to work on /home/airflow/.local/lib/python3.12/site-packages/airflow/example_dags/example_setup_teardown.py
[2026-02-28T21:52:06.875+0000] {processor.py:830} INFO - Processing file /home/airflow/.local/lib/python3.12/site-packages/airflow/example_dags/example_setup_teardown.py for tasks to queue
[2026-02-28T21:52:06.878+0000] {logging_mixin.py:188} INFO - [2026-02-28T21:52:06.878+0000] {dagbag.py:545} INFO - Filling up the DagBag from /home/airflow/.local/lib/python3.12/site-packages/airflow/example_dags/example_setup_teardown.py
[2026-02-28T21:52:06.884+0000] {processor.py:840} INFO - DAG(s) 'example_setup_teardown' retrieved from /home/airflow/.local/lib/python3.12/site-packages/airflow/example_dags/example_setup_teardown.py
[2026-02-28T21:52:06.897+0000] {logging_mixin.py:188} INFO - [2026-02-28T21:52:06.897+0000] {dag.py:3096} INFO - Sync 1 DAGs
[2026-02-28T21:52:06.911+0000] {logging_mixin.py:188} INFO - [2026-02-28T21:52:06.911+0000] {dag.py:3954} INFO - Setting next_dagrun for example_setup_teardown to 2026-02-27 00:00:00+00:00, run_after=2026-02-28 00:00:00+00:00
[2026-02-28T21:52:06.930+0000] {processor.py:183} INFO - Processing /home/airflow/.local/lib/python3.12/site-packages/airflow/example_dags/example_setup_teardown.py took 0.061 seconds
[2026-02-28T21:52:38.490+0000] {processor.py:161} INFO - Started process (PID=1446) to work on /home/airflow/.local/lib/python3.12/site-packages/airflow/example_dags/example_setup_teardown.py
[2026-02-28T21:52:38.492+0000] {processor.py:830} INFO - Processing file /home/airflow/.local/lib/python3.12/site-packages/airflow/example_dags/example_setup_teardown.py for tasks to queue
[2026-02-28T21:52:38.495+0000] {logging_mixin.py:188} INFO - [2026-02-28T21:52:38.495+0000] {dagbag.py:545} INFO - Filling up the DagBag from /home/airflow/.local/lib/python3.12/site-packages/airflow/example_dags/example_setup_teardown.py
[2026-02-28T21:52:38.503+0000] {processor.py:840} INFO - DAG(s) 'example_setup_teardown' retrieved from /home/airflow/.local/lib/python3.12/site-packages/airflow/example_dags/example_setup_teardown.py
[2026-02-28T21:52:38.521+0000] {logging_mixin.py:188} INFO - [2026-02-28T21:52:38.521+0000] {dag.py:3096} INFO - Sync 1 DAGs
[2026-02-28T21:52:38.723+0000] {logging_mixin.py:188} INFO - [2026-02-28T21:52:38.723+0000] {dag.py:3954} INFO - Setting next_dagrun for example_setup_teardown to 2026-02-27 00:00:00+00:00, run_after=2026-02-28 00:00:00+00:00
[2026-02-28T21:52:38.736+0000] {processor.py:183} INFO - Processing /home/airflow/.local/lib/python3.12/site-packages/airflow/example_dags/example_setup_teardown.py took 0.253 seconds
[2026-02-28T21:53:10.180+0000] {processor.py:161} INFO - Started process (PID=1504) to work on /home/airflow/.local/lib/python3.12/site-packages/airflow/example_dags/example_setup_teardown.py
[2026-02-28T21:53:10.181+0000] {processor.py:830} INFO - Processing file /home/airflow/.local/lib/python3.12/site-packages/airflow/example_dags/example_setup_teardown.py for tasks to queue
[2026-02-28T21:53:10.185+0000] {logging_mixin.py:188} INFO - [2026-02-28T21:53:10.185+0000] {dagbag.py:545} INFO - Filling up the DagBag from /home/airflow/.local/lib/python3.12/site-packages/airflow/example_dags/example_setup_teardown.py
[2026-02-28T21:53:10.199+0000] {processor.py:840} INFO - DAG(s) 'example_setup_teardown' retrieved from /home/airflow/.local/lib/python3.12/site-packages/airflow/example_dags/example_setup_teardown.py
[2026-02-28T21:53:10.231+0000] {logging_mixin.py:188} INFO - [2026-02-28T21:53:10.231+0000] {dag.py:3096} INFO - Sync 1 DAGs
[2026-02-28T21:53:10.463+0000] {logging_mixin.py:188} INFO - [2026-02-28T21:53:10.463+0000] {dag.py:3954} INFO - Setting next_dagrun for example_setup_teardown to 2026-02-27 00:00:00+00:00, run_after=2026-02-28 00:00:00+00:00
[2026-02-28T21:53:10.479+0000] {processor.py:183} INFO - Processing /home/airflow/.local/lib/python3.12/site-packages/airflow/example_dags/example_setup_teardown.py took 0.314 seconds
[2026-02-28T21:53:40.789+0000] {processor.py:161} INFO - Started process (PID=1562) to work on /home/airflow/.local/lib/python3.12/site-packages/airflow/example_dags/example_setup_teardown.py
[2026-02-28T21:53:40.790+0000] {processor.py:830} INFO - Processing file /home/airflow/.local/lib/python3.12/site-packages/airflow/example_dags/example_setup_teardown.py for tasks to queue
[2026-02-28T21:53:40.791+0000] {logging_mixin.py:188} INFO - [2026-02-28T21:53:40.791+0000] {dagbag.py:545} INFO - Filling up the DagBag from /home/airflow/.local/lib/python3.12/site-packages/airflow/example_dags/example_setup_teardown.py
[2026-02-28T21:53:40.796+0000] {processor.py:840} INFO - DAG(s) 'example_setup_teardown' retrieved from /home/airflow/.local/lib/python3.12/site-packages/airflow/example_dags/example_setup_teardown.py
[2026-02-28T21:53:40.815+0000] {logging_mixin.py:188} INFO - [2026-02-28T21:53:40.815+0000] {dag.py:3096} INFO - Sync 1 DAGs
[2026-02-28T21:53:40.980+0000] {logging_mixin.py:188} INFO - [2026-02-28T21:53:40.979+0000] {dag.py:3954} INFO - Setting next_dagrun for example_setup_teardown to 2026-02-27 00:00:00+00:00, run_after=2026-02-28 00:00:00+00:00
[2026-02-28T21:53:41.005+0000] {processor.py:183} INFO - Processing /home/airflow/.local/lib/python3.12/site-packages/airflow/example_dags/example_setup_teardown.py took 0.221 seconds
[2026-02-28T21:54:11.710+0000] {processor.py:161} INFO - Started process (PID=1620) to work on /home/airflow/.local/lib/python3.12/site-packages/airflow/example_dags/example_setup_teardown.py
[2026-02-28T21:54:11.711+0000] {processor.py:830} INFO - Processing file /home/airflow/.local/lib/python3.12/site-packages/airflow/example_dags/example_setup_teardown.py for tasks to queue
[2026-02-28T21:54:11.712+0000] {logging_mixin.py:188} INFO - [2026-02-28T21:54:11.712+0000] {dagbag.py:545} INFO - Filling up the DagBag from /home/airflow/.local/lib/python3.12/site-packages/airflow/example_dags/example_setup_teardown.py
[2026-02-28T21:54:11.726+0000] {processor.py:840} INFO - DAG(s) 'example_setup_teardown' retrieved from /home/airflow/.local/lib/python3.12/site-packages/airflow/example_dags/example_setup_teardown.py
[2026-02-28T21:54:11.745+0000] {logging_mixin.py:188} INFO - [2026-02-28T21:54:11.745+0000] {dag.py:3096} INFO - Sync 1 DAGs
[2026-02-28T21:54:11.758+0000] {logging_mixin.py:188} INFO - [2026-02-28T21:54:11.758+0000] {dag.py:3954} INFO - Setting next_dagrun for example_setup_teardown to 2026-02-27 00:00:00+00:00, run_after=2026-02-28 00:00:00+00:00
[2026-02-28T21:54:11.767+0000] {processor.py:183} INFO - Processing /home/airflow/.local/lib/python3.12/site-packages/airflow/example_dags/example_setup_teardown.py took 0.062 seconds
[2026-02-28T21:54:42.695+0000] {processor.py:161} INFO - Started process (PID=1678) to work on /home/airflow/.local/lib/python3.12/site-packages/airflow/example_dags/example_setup_teardown.py
[2026-02-28T21:54:42.697+0000] {processor.py:830} INFO - Processing file /home/airflow/.local/lib/python3.12/site-packages/airflow/example_dags/example_setup_teardown.py for tasks to queue
[2026-02-28T21:54:42.698+0000] {logging_mixin.py:188} INFO - [2026-02-28T21:54:42.698+0000] {dagbag.py:545} INFO - Filling up the DagBag from /home/airflow/.local/lib/python3.12/site-packages/airflow/example_dags/example_setup_teardown.py
[2026-02-28T21:54:42.705+0000] {processor.py:840} INFO - DAG(s) 'example_setup_teardown' retrieved from /home/airflow/.local/lib/python3.12/site-packages/airflow/example_dags/example_setup_teardown.py
[2026-02-28T21:54:42.724+0000] {logging_mixin.py:188} INFO - [2026-02-28T21:54:42.723+0000] {dag.py:3096} INFO - Sync 1 DAGs
[2026-02-28T21:54:42.740+0000] {logging_mixin.py:188} INFO - [2026-02-28T21:54:42.740+0000] {dag.py:3954} INFO - Setting next_dagrun for example_setup_teardown to 2026-02-27 00:00:00+00:00, run_after=2026-02-28 00:00:00+00:00
[2026-02-28T21:54:42.755+0000] {processor.py:183} INFO - Processing /home/airflow/.local/lib/python3.12/site-packages/airflow/example_dags/example_setup_teardown.py took 0.065 seconds
[2026-02-28T21:55:12.917+0000] {processor.py:161} INFO - Started process (PID=1739) to work on /home/airflow/.local/lib/python3.12/site-packages/airflow/example_dags/example_setup_teardown.py
[2026-02-28T21:55:12.918+0000] {processor.py:830} INFO - Processing file /home/airflow/.local/lib/python3.12/site-packages/airflow/example_dags/example_setup_teardown.py for tasks to queue
[2026-02-28T21:55:12.919+0000] {logging_mixin.py:188} INFO - [2026-02-28T21:55:12.919+0000] {dagbag.py:545} INFO - Filling up the DagBag from /home/airflow/.local/lib/python3.12/site-packages/airflow/example_dags/example_setup_teardown.py
[2026-02-28T21:55:12.924+0000] {processor.py:840} INFO - DAG(s) 'example_setup_teardown' retrieved from /home/airflow/.local/lib/python3.12/site-packages/airflow/example_dags/example_setup_teardown.py
[2026-02-28T21:55:12.942+0000] {logging_mixin.py:188} INFO - [2026-02-28T21:55:12.941+0000] {dag.py:3096} INFO - Sync 1 DAGs
[2026-02-28T21:55:12.963+0000] {logging_mixin.py:188} INFO - [2026-02-28T21:55:12.963+0000] {dag.py:3954} INFO - Setting next_dagrun for example_setup_teardown to 2026-02-27 00:00:00+00:00, run_after=2026-02-28 00:00:00+00:00
[2026-02-28T21:55:12.979+0000] {processor.py:183} INFO - Processing /home/airflow/.local/lib/python3.12/site-packages/airflow/example_dags/example_setup_teardown.py took 0.066 seconds
[2026-02-28T21:55:43.811+0000] {processor.py:161} INFO - Started process (PID=1797) to work on /home/airflow/.local/lib/python3.12/site-packages/airflow/example_dags/example_setup_teardown.py
[2026-02-28T21:55:43.812+0000] {processor.py:830} INFO - Processing file /home/airflow/.local/lib/python3.12/site-packages/airflow/example_dags/example_setup_teardown.py for tasks to queue
[2026-02-28T21:55:43.813+0000] {logging_mixin.py:188} INFO - [2026-02-28T21:55:43.813+0000] {dagbag.py:545} INFO - Filling up the DagBag from /home/airflow/.local/lib/python3.12/site-packages/airflow/example_dags/example_setup_teardown.py
[2026-02-28T21:55:43.818+0000] {processor.py:840} INFO - DAG(s) 'example_setup_teardown' retrieved from /home/airflow/.local/lib/python3.12/site-packages/airflow/example_dags/example_setup_teardown.py
[2026-02-28T21:55:43.829+0000] {logging_mixin.py:188} INFO - [2026-02-28T21:55:43.829+0000] {dag.py:3096} INFO - Sync 1 DAGs
[2026-02-28T21:55:43.838+0000] {logging_mixin.py:188} INFO - [2026-02-28T21:55:43.838+0000] {dag.py:3954} INFO - Setting next_dagrun for example_setup_teardown to 2026-02-27 00:00:00+00:00, run_after=2026-02-28 00:00:00+00:00
[2026-02-28T21:55:43.846+0000] {processor.py:183} INFO - Processing /home/airflow/.local/lib/python3.12/site-packages/airflow/example_dags/example_setup_teardown.py took 0.040 seconds
[2026-02-28T21:56:14.192+0000] {processor.py:161} INFO - Started process (PID=1855) to work on /home/airflow/.local/lib/python3.12/site-packages/airflow/example_dags/example_setup_teardown.py
[2026-02-28T21:56:14.193+0000] {processor.py:830} INFO - Processing file /home/airflow/.local/lib/python3.12/site-packages/airflow/example_dags/example_setup_teardown.py for tasks to queue
[2026-02-28T21:56:14.194+0000] {logging_mixin.py:188} INFO - [2026-02-28T21:56:14.194+0000] {dagbag.py:545} INFO - Filling up the DagBag from /home/airflow/.local/lib/python3.12/site-packages/airflow/example_dags/example_setup_teardown.py
[2026-02-28T21:56:14.198+0000] {processor.py:840} INFO - DAG(s) 'example_setup_teardown' retrieved from /home/airflow/.local/lib/python3.12/site-packages/airflow/example_dags/example_setup_teardown.py
[2026-02-28T21:56:14.208+0000] {logging_mixin.py:188} INFO - [2026-02-28T21:56:14.207+0000] {dag.py:3096} INFO - Sync 1 DAGs
[2026-02-28T21:56:14.218+0000] {logging_mixin.py:188} INFO - [2026-02-28T21:56:14.218+0000] {dag.py:3954} INFO - Setting next_dagrun for example_setup_teardown to 2026-02-27 00:00:00+00:00, run_after=2026-02-28 00:00:00+00:00
[2026-02-28T21:56:14.226+0000] {processor.py:183} INFO - Processing /home/airflow/.local/lib/python3.12/site-packages/airflow/example_dags/example_setup_teardown.py took 0.037 seconds
[2026-02-28T21:56:44.354+0000] {processor.py:161} INFO - Started process (PID=1913) to work on /home/airflow/.local/lib/python3.12/site-packages/airflow/example_dags/example_setup_teardown.py
[2026-02-28T21:56:44.356+0000] {processor.py:830} INFO - Processing file /home/airflow/.local/lib/python3.12/site-packages/airflow/example_dags/example_setup_teardown.py for tasks to queue
[2026-02-28T21:56:44.357+0000] {logging_mixin.py:188} INFO - [2026-02-28T21:56:44.357+0000] {dagbag.py:545} INFO - Filling up the DagBag from /home/airflow/.local/lib/python3.12/site-packages/airflow/example_dags/example_setup_teardown.py
[2026-02-28T21:56:44.361+0000] {processor.py:840} INFO - DAG(s) 'example_setup_teardown' retrieved from /home/airflow/.local/lib/python3.12/site-packages/airflow/example_dags/example_setup_teardown.py
[2026-02-28T21:56:44.372+0000] {logging_mixin.py:188} INFO - [2026-02-28T21:56:44.372+0000] {dag.py:3096} INFO - Sync 1 DAGs
[2026-02-28T21:56:44.381+0000] {logging_mixin.py:188} INFO - [2026-02-28T21:56:44.381+0000] {dag.py:3954} INFO - Setting next_dagrun for example_setup_teardown to 2026-02-27 00:00:00+00:00, run_after=2026-02-28 00:00:00+00:00
[2026-02-28T21:56:44.390+0000] {processor.py:183} INFO - Processing /home/airflow/.local/lib/python3.12/site-packages/airflow/example_dags/example_setup_teardown.py took 0.039 seconds
[2026-02-28T21:57:15.245+0000] {processor.py:161} INFO - Started process (PID=1971) to work on /home/airflow/.local/lib/python3.12/site-packages/airflow/example_dags/example_setup_teardown.py
[2026-02-28T21:57:15.246+0000] {processor.py:830} INFO - Processing file /home/airflow/.local/lib/python3.12/site-packages/airflow/example_dags/example_setup_teardown.py for tasks to queue
[2026-02-28T21:57:15.248+0000] {logging_mixin.py:188} INFO - [2026-02-28T21:57:15.247+0000] {dagbag.py:545} INFO - Filling up the DagBag from /home/airflow/.local/lib/python3.12/site-packages/airflow/example_dags/example_setup_teardown.py
[2026-02-28T21:57:15.253+0000] {processor.py:840} INFO - DAG(s) 'example_setup_teardown' retrieved from /home/airflow/.local/lib/python3.12/site-packages/airflow/example_dags/example_setup_teardown.py
[2026-02-28T21:57:15.266+0000] {logging_mixin.py:188} INFO - [2026-02-28T21:57:15.265+0000] {dag.py:3096} INFO - Sync 1 DAGs
[2026-02-28T21:57:15.276+0000] {logging_mixin.py:188} INFO - [2026-02-28T21:57:15.276+0000] {dag.py:3954} INFO - Setting next_dagrun for example_setup_teardown to 2026-02-27 00:00:00+00:00, run_after=2026-02-28 00:00:00+00:00
[2026-02-28T21:57:15.285+0000] {processor.py:183} INFO - Processing /home/airflow/.local/lib/python3.12/site-packages/airflow/example_dags/example_setup_teardown.py took 0.052 seconds
[2026-02-28T21:57:46.225+0000] {processor.py:161} INFO - Started process (PID=2029) to work on /home/airflow/.local/lib/python3.12/site-packages/airflow/example_dags/example_setup_teardown.py
[2026-02-28T21:57:46.227+0000] {processor.py:830} INFO - Processing file /home/airflow/.local/lib/python3.12/site-packages/airflow/example_dags/example_setup_teardown.py for tasks to queue
[2026-02-28T21:57:46.229+0000] {logging_mixin.py:188} INFO - [2026-02-28T21:57:46.228+0000] {dagbag.py:545} INFO - Filling up the DagBag from /home/airflow/.local/lib/python3.12/site-packages/airflow/example_dags/example_setup_teardown.py
[2026-02-28T21:57:46.240+0000] {processor.py:840} INFO - DAG(s) 'example_setup_teardown' retrieved from /home/airflow/.local/lib/python3.12/site-packages/airflow/example_dags/example_setup_teardown.py
[2026-02-28T21:57:46.263+0000] {logging_mixin.py:188} INFO - [2026-02-28T21:57:46.263+0000] {dag.py:3096} INFO - Sync 1 DAGs
[2026-02-28T21:57:46.298+0000] {logging_mixin.py:188} INFO - [2026-02-28T21:57:46.297+0000] {dag.py:3954} INFO - Setting next_dagrun for example_setup_teardown to 2026-02-27 00:00:00+00:00, run_after=2026-02-28 00:00:00+00:00
[2026-02-28T21:57:46.325+0000] {processor.py:183} INFO - Processing /home/airflow/.local/lib/python3.12/site-packages/airflow/example_dags/example_setup_teardown.py took 0.106 seconds
[2026-02-28T21:58:17.086+0000] {processor.py:161} INFO - Started process (PID=2087) to work on /home/airflow/.local/lib/python3.12/site-packages/airflow/example_dags/example_setup_teardown.py
[2026-02-28T21:58:17.088+0000] {processor.py:830} INFO - Processing file /home/airflow/.local/lib/python3.12/site-packages/airflow/example_dags/example_setup_teardown.py for tasks to queue
[2026-02-28T21:58:17.090+0000] {logging_mixin.py:188} INFO - [2026-02-28T21:58:17.089+0000] {dagbag.py:545} INFO - Filling up the DagBag from /home/airflow/.local/lib/python3.12/site-packages/airflow/example_dags/example_setup_teardown.py
[2026-02-28T21:58:17.094+0000] {processor.py:840} INFO - DAG(s) 'example_setup_teardown' retrieved from /home/airflow/.local/lib/python3.12/site-packages/airflow/example_dags/example_setup_teardown.py
[2026-02-28T21:58:17.122+0000] {logging_mixin.py:188} INFO - [2026-02-28T21:58:17.121+0000] {dag.py:3096} INFO - Sync 1 DAGs
[2026-02-28T21:58:17.133+0000] {logging_mixin.py:188} INFO - [2026-02-28T21:58:17.133+0000] {dag.py:3954} INFO - Setting next_dagrun for example_setup_teardown to 2026-02-27 00:00:00+00:00, run_after=2026-02-28 00:00:00+00:00
[2026-02-28T21:58:17.141+0000] {processor.py:183} INFO - Processing /home/airflow/.local/lib/python3.12/site-packages/airflow/example_dags/example_setup_teardown.py took 0.060 seconds
[2026-02-28T21:58:47.637+0000] {processor.py:161} INFO - Started process (PID=2145) to work on /home/airflow/.local/lib/python3.12/site-packages/airflow/example_dags/example_setup_teardown.py
[2026-02-28T21:58:47.638+0000] {processor.py:830} INFO - Processing file /home/airflow/.local/lib/python3.12/site-packages/airflow/example_dags/example_setup_teardown.py for tasks to queue
[2026-02-28T21:58:47.641+0000] {logging_mixin.py:188} INFO - [2026-02-28T21:58:47.641+0000] {dagbag.py:545} INFO - Filling up the DagBag from /home/airflow/.local/lib/python3.12/site-packages/airflow/example_dags/example_setup_teardown.py
[2026-02-28T21:58:47.645+0000] {processor.py:840} INFO - DAG(s) 'example_setup_teardown' retrieved from /home/airflow/.local/lib/python3.12/site-packages/airflow/example_dags/example_setup_teardown.py
[2026-02-28T21:58:47.672+0000] {logging_mixin.py:188} INFO - [2026-02-28T21:58:47.672+0000] {dag.py:3096} INFO - Sync 1 DAGs
[2026-02-28T21:58:47.823+0000] {logging_mixin.py:188} INFO - [2026-02-28T21:58:47.822+0000] {dag.py:3954} INFO - Setting next_dagrun for example_setup_teardown to 2026-02-27 00:00:00+00:00, run_after=2026-02-28 00:00:00+00:00
[2026-02-28T21:58:47.840+0000] {processor.py:183} INFO - Processing /home/airflow/.local/lib/python3.12/site-packages/airflow/example_dags/example_setup_teardown.py took 0.207 seconds
[2026-02-28T21:59:18.338+0000] {processor.py:161} INFO - Started process (PID=2203) to work on /home/airflow/.local/lib/python3.12/site-packages/airflow/example_dags/example_setup_teardown.py
[2026-02-28T21:59:18.339+0000] {processor.py:830} INFO - Processing file /home/airflow/.local/lib/python3.12/site-packages/airflow/example_dags/example_setup_teardown.py for tasks to queue
[2026-02-28T21:59:18.340+0000] {logging_mixin.py:188} INFO - [2026-02-28T21:59:18.340+0000] {dagbag.py:545} INFO - Filling up the DagBag from /home/airflow/.local/lib/python3.12/site-packages/airflow/example_dags/example_setup_teardown.py
[2026-02-28T21:59:18.345+0000] {processor.py:840} INFO - DAG(s) 'example_setup_teardown' retrieved from /home/airflow/.local/lib/python3.12/site-packages/airflow/example_dags/example_setup_teardown.py
[2026-02-28T21:59:18.356+0000] {logging_mixin.py:188} INFO - [2026-02-28T21:59:18.356+0000] {dag.py:3096} INFO - Sync 1 DAGs
[2026-02-28T21:59:18.462+0000] {logging_mixin.py:188} INFO - [2026-02-28T21:59:18.462+0000] {dag.py:3954} INFO - Setting next_dagrun for example_setup_teardown to 2026-02-27 00:00:00+00:00, run_after=2026-02-28 00:00:00+00:00
[2026-02-28T21:59:18.469+0000] {processor.py:183} INFO - Processing /home/airflow/.local/lib/python3.12/site-packages/airflow/example_dags/example_setup_teardown.py took 0.134 seconds
[2026-02-28T21:59:49.108+0000] {processor.py:161} INFO - Started process (PID=2261) to work on /home/airflow/.local/lib/python3.12/site-packages/airflow/example_dags/example_setup_teardown.py
[2026-02-28T21:59:49.109+0000] {processor.py:830} INFO - Processing file /home/airflow/.local/lib/python3.12/site-packages/airflow/example_dags/example_setup_teardown.py for tasks to queue
[2026-02-28T21:59:49.111+0000] {logging_mixin.py:188} INFO - [2026-02-28T21:59:49.111+0000] {dagbag.py:545} INFO - Filling up the DagBag from /home/airflow/.local/lib/python3.12/site-packages/airflow/example_dags/example_setup_teardown.py
[2026-02-28T21:59:49.116+0000] {processor.py:840} INFO - DAG(s) 'example_setup_teardown' retrieved from /home/airflow/.local/lib/python3.12/site-packages/airflow/example_dags/example_setup_teardown.py
[2026-02-28T21:59:49.136+0000] {logging_mixin.py:188} INFO - [2026-02-28T21:59:49.136+0000] {dag.py:3096} INFO - Sync 1 DAGs
[2026-02-28T21:59:49.284+0000] {logging_mixin.py:188} INFO - [2026-02-28T21:59:49.284+0000] {dag.py:3954} INFO - Setting next_dagrun for example_setup_teardown to 2026-02-27 00:00:00+00:00, run_after=2026-02-28 00:00:00+00:00
[2026-02-28T21:59:49.298+0000] {processor.py:183} INFO - Processing /home/airflow/.local/lib/python3.12/site-packages/airflow/example_dags/example_setup_teardown.py took 0.194 seconds
[2026-02-28T22:00:19.530+0000] {processor.py:161} INFO - Started process (PID=2319) to work on /home/airflow/.local/lib/python3.12/site-packages/airflow/example_dags/example_setup_teardown.py
[2026-02-28T22:00:19.531+0000] {processor.py:830} INFO - Processing file /home/airflow/.local/lib/python3.12/site-packages/airflow/example_dags/example_setup_teardown.py for tasks to queue
[2026-02-28T22:00:19.532+0000] {logging_mixin.py:188} INFO - [2026-02-28T22:00:19.531+0000] {dagbag.py:545} INFO - Filling up the DagBag from /home/airflow/.local/lib/python3.12/site-packages/airflow/example_dags/example_setup_teardown.py
[2026-02-28T22:00:19.536+0000] {processor.py:840} INFO - DAG(s) 'example_setup_teardown' retrieved from /home/airflow/.local/lib/python3.12/site-packages/airflow/example_dags/example_setup_teardown.py
[2026-02-28T22:00:19.549+0000] {logging_mixin.py:188} INFO - [2026-02-28T22:00:19.549+0000] {dag.py:3096} INFO - Sync 1 DAGs
[2026-02-28T22:00:19.653+0000] {logging_mixin.py:188} INFO - [2026-02-28T22:00:19.652+0000] {dag.py:3954} INFO - Setting next_dagrun for example_setup_teardown to 2026-02-27 00:00:00+00:00, run_after=2026-02-28 00:00:00+00:00
[2026-02-28T22:00:19.660+0000] {processor.py:183} INFO - Processing /home/airflow/.local/lib/python3.12/site-packages/airflow/example_dags/example_setup_teardown.py took 0.133 seconds
[2026-02-28T22:00:50.562+0000] {processor.py:161} INFO - Started process (PID=2377) to work on /home/airflow/.local/lib/python3.12/site-packages/airflow/example_dags/example_setup_teardown.py
[2026-02-28T22:00:50.563+0000] {processor.py:830} INFO - Processing file /home/airflow/.local/lib/python3.12/site-packages/airflow/example_dags/example_setup_teardown.py for tasks to queue
[2026-02-28T22:00:50.565+0000] {logging_mixin.py:188} INFO - [2026-02-28T22:00:50.565+0000] {dagbag.py:545} INFO - Filling up the DagBag from /home/airflow/.local/lib/python3.12/site-packages/airflow/example_dags/example_setup_teardown.py
[2026-02-28T22:00:50.572+0000] {processor.py:840} INFO - DAG(s) 'example_setup_teardown' retrieved from /home/airflow/.local/lib/python3.12/site-packages/airflow/example_dags/example_setup_teardown.py
[2026-02-28T22:00:50.592+0000] {logging_mixin.py:188} INFO - [2026-02-28T22:00:50.592+0000] {dag.py:3096} INFO - Sync 1 DAGs
[2026-02-28T22:00:50.603+0000] {logging_mixin.py:188} INFO - [2026-02-28T22:00:50.603+0000] {dag.py:3954} INFO - Setting next_dagrun for example_setup_teardown to 2026-02-27 00:00:00+00:00, run_after=2026-02-28 00:00:00+00:00
[2026-02-28T22:00:50.613+0000] {processor.py:183} INFO - Processing /home/airflow/.local/lib/python3.12/site-packages/airflow/example_dags/example_setup_teardown.py took 0.057 seconds
[2026-02-28T22:01:21.149+0000] {processor.py:161} INFO - Started process (PID=2434) to work on /home/airflow/.local/lib/python3.12/site-packages/airflow/example_dags/example_setup_teardown.py
[2026-02-28T22:01:21.150+0000] {processor.py:830} INFO - Processing file /home/airflow/.local/lib/python3.12/site-packages/airflow/example_dags/example_setup_teardown.py for tasks to queue
[2026-02-28T22:01:21.151+0000] {logging_mixin.py:188} INFO - [2026-02-28T22:01:21.151+0000] {dagbag.py:545} INFO - Filling up the DagBag from /home/airflow/.local/lib/python3.12/site-packages/airflow/example_dags/example_setup_teardown.py
[2026-02-28T22:01:21.157+0000] {processor.py:840} INFO - DAG(s) 'example_setup_teardown' retrieved from /home/airflow/.local/lib/python3.12/site-packages/airflow/example_dags/example_setup_teardown.py
[2026-02-28T22:01:21.182+0000] {logging_mixin.py:188} INFO - [2026-02-28T22:01:21.181+0000] {dag.py:3096} INFO - Sync 1 DAGs
[2026-02-28T22:01:21.196+0000] {logging_mixin.py:188} INFO - [2026-02-28T22:01:21.195+0000] {dag.py:3954} INFO - Setting next_dagrun for example_setup_teardown to 2026-02-27 00:00:00+00:00, run_after=2026-02-28 00:00:00+00:00
[2026-02-28T22:01:21.208+0000] {processor.py:183} INFO - Processing /home/airflow/.local/lib/python3.12/site-packages/airflow/example_dags/example_setup_teardown.py took 0.065 seconds
[2026-02-28T22:01:51.236+0000] {processor.py:161} INFO - Started process (PID=2492) to work on /home/airflow/.local/lib/python3.12/site-packages/airflow/example_dags/example_setup_teardown.py
[2026-02-28T22:01:51.236+0000] {processor.py:830} INFO - Processing file /home/airflow/.local/lib/python3.12/site-packages/airflow/example_dags/example_setup_teardown.py for tasks to queue
[2026-02-28T22:01:51.238+0000] {logging_mixin.py:188} INFO - [2026-02-28T22:01:51.237+0000] {dagbag.py:545} INFO - Filling up the DagBag from /home/airflow/.local/lib/python3.12/site-packages/airflow/example_dags/example_setup_teardown.py
[2026-02-28T22:01:51.242+0000] {processor.py:840} INFO - DAG(s) 'example_setup_teardown' retrieved from /home/airflow/.local/lib/python3.12/site-packages/airflow/example_dags/example_setup_teardown.py
[2026-02-28T22:01:51.252+0000] {logging_mixin.py:188} INFO - [2026-02-28T22:01:51.252+0000] {dag.py:3096} INFO - Sync 1 DAGs
[2026-02-28T22:01:51.262+0000] {logging_mixin.py:188} INFO - [2026-02-28T22:01:51.261+0000] {dag.py:3954} INFO - Setting next_dagrun for example_setup_teardown to 2026-02-27 00:00:00+00:00, run_after=2026-02-28 00:00:00+00:00
[2026-02-28T22:01:51.270+0000] {processor.py:183} INFO - Processing /home/airflow/.local/lib/python3.12/site-packages/airflow/example_dags/example_setup_teardown.py took 0.037 seconds
[2026-02-28T22:02:22.141+0000] {processor.py:161} INFO - Started process (PID=2550) to work on /home/airflow/.local/lib/python3.12/site-packages/airflow/example_dags/example_setup_teardown.py
[2026-02-28T22:02:22.142+0000] {processor.py:830} INFO - Processing file /home/airflow/.local/lib/python3.12/site-packages/airflow/example_dags/example_setup_teardown.py for tasks to queue
[2026-02-28T22:02:22.143+0000] {logging_mixin.py:188} INFO - [2026-02-28T22:02:22.143+0000] {dagbag.py:545} INFO - Filling up the DagBag from /home/airflow/.local/lib/python3.12/site-packages/airflow/example_dags/example_setup_teardown.py
[2026-02-28T22:02:22.148+0000] {processor.py:840} INFO - DAG(s) 'example_setup_teardown' retrieved from /home/airflow/.local/lib/python3.12/site-packages/airflow/example_dags/example_setup_teardown.py
[2026-02-28T22:02:22.160+0000] {logging_mixin.py:188} INFO - [2026-02-28T22:02:22.160+0000] {dag.py:3096} INFO - Sync 1 DAGs
[2026-02-28T22:02:22.173+0000] {logging_mixin.py:188} INFO - [2026-02-28T22:02:22.173+0000] {dag.py:3954} INFO - Setting next_dagrun for example_setup_teardown to 2026-02-27 00:00:00+00:00, run_after=2026-02-28 00:00:00+00:00
[2026-02-28T22:02:22.181+0000] {processor.py:183} INFO - Processing /home/airflow/.local/lib/python3.12/site-packages/airflow/example_dags/example_setup_teardown.py took 0.046 seconds
[2026-02-28T22:02:52.489+0000] {processor.py:161} INFO - Started process (PID=2608) to work on /home/airflow/.local/lib/python3.12/site-packages/airflow/example_dags/example_setup_teardown.py
[2026-02-28T22:02:52.490+0000] {processor.py:830} INFO - Processing file /home/airflow/.local/lib/python3.12/site-packages/airflow/example_dags/example_setup_teardown.py for tasks to queue
[2026-02-28T22:02:52.491+0000] {logging_mixin.py:188} INFO - [2026-02-28T22:02:52.491+0000] {dagbag.py:545} INFO - Filling up the DagBag from /home/airflow/.local/lib/python3.12/site-packages/airflow/example_dags/example_setup_teardown.py
[2026-02-28T22:02:52.495+0000] {processor.py:840} INFO - DAG(s) 'example_setup_teardown' retrieved from /home/airflow/.local/lib/python3.12/site-packages/airflow/example_dags/example_setup_teardown.py
[2026-02-28T22:02:52.509+0000] {logging_mixin.py:188} INFO - [2026-02-28T22:02:52.509+0000] {dag.py:3096} INFO - Sync 1 DAGs
[2026-02-28T22:02:52.519+0000] {logging_mixin.py:188} INFO - [2026-02-28T22:02:52.519+0000] {dag.py:3954} INFO - Setting next_dagrun for example_setup_teardown to 2026-02-27 00:00:00+00:00, run_after=2026-02-28 00:00:00+00:00
[2026-02-28T22:02:52.527+0000] {processor.py:183} INFO - Processing /home/airflow/.local/lib/python3.12/site-packages/airflow/example_dags/example_setup_teardown.py took 0.041 seconds
[2026-02-28T22:03:22.746+0000] {processor.py:161} INFO - Started process (PID=2665) to work on /home/airflow/.local/lib/python3.12/site-packages/airflow/example_dags/example_setup_teardown.py
[2026-02-28T22:03:22.747+0000] {processor.py:830} INFO - Processing file /home/airflow/.local/lib/python3.12/site-packages/airflow/example_dags/example_setup_teardown.py for tasks to queue
[2026-02-28T22:03:22.748+0000] {logging_mixin.py:188} INFO - [2026-02-28T22:03:22.748+0000] {dagbag.py:545} INFO - Filling up the DagBag from /home/airflow/.local/lib/python3.12/site-packages/airflow/example_dags/example_setup_teardown.py
[2026-02-28T22:03:22.753+0000] {processor.py:840} INFO - DAG(s) 'example_setup_teardown' retrieved from /home/airflow/.local/lib/python3.12/site-packages/airflow/example_dags/example_setup_teardown.py
[2026-02-28T22:03:22.768+0000] {logging_mixin.py:188} INFO - [2026-02-28T22:03:22.767+0000] {dag.py:3096} INFO - Sync 1 DAGs
[2026-02-28T22:03:22.781+0000] {logging_mixin.py:188} INFO - [2026-02-28T22:03:22.781+0000] {dag.py:3954} INFO - Setting next_dagrun for example_setup_teardown to 2026-02-27 00:00:00+00:00, run_after=2026-02-28 00:00:00+00:00
[2026-02-28T22:03:22.790+0000] {processor.py:183} INFO - Processing /home/airflow/.local/lib/python3.12/site-packages/airflow/example_dags/example_setup_teardown.py took 0.048 seconds
[2026-02-28T22:03:53.687+0000] {processor.py:161} INFO - Started process (PID=2723) to work on /home/airflow/.local/lib/python3.12/site-packages/airflow/example_dags/example_setup_teardown.py
[2026-02-28T22:03:53.688+0000] {processor.py:830} INFO - Processing file /home/airflow/.local/lib/python3.12/site-packages/airflow/example_dags/example_setup_teardown.py for tasks to queue
[2026-02-28T22:03:53.690+0000] {logging_mixin.py:188} INFO - [2026-02-28T22:03:53.690+0000] {dagbag.py:545} INFO - Filling up the DagBag from /home/airflow/.local/lib/python3.12/site-packages/airflow/example_dags/example_setup_teardown.py
[2026-02-28T22:03:53.696+0000] {processor.py:840} INFO - DAG(s) 'example_setup_teardown' retrieved from /home/airflow/.local/lib/python3.12/site-packages/airflow/example_dags/example_setup_teardown.py
[2026-02-28T22:03:53.708+0000] {logging_mixin.py:188} INFO - [2026-02-28T22:03:53.708+0000] {dag.py:3096} INFO - Sync 1 DAGs
[2026-02-28T22:03:53.721+0000] {logging_mixin.py:188} INFO - [2026-02-28T22:03:53.721+0000] {dag.py:3954} INFO - Setting next_dagrun for example_setup_teardown to 2026-02-27 00:00:00+00:00, run_after=2026-02-28 00:00:00+00:00
[2026-02-28T22:03:53.733+0000] {processor.py:183} INFO - Processing /home/airflow/.local/lib/python3.12/site-packages/airflow/example_dags/example_setup_teardown.py took 0.050 seconds
[2026-02-28T22:04:23.874+0000] {processor.py:161} INFO - Started process (PID=2781) to work on /home/airflow/.local/lib/python3.12/site-packages/airflow/example_dags/example_setup_teardown.py
[2026-02-28T22:04:23.875+0000] {processor.py:830} INFO - Processing file /home/airflow/.local/lib/python3.12/site-packages/airflow/example_dags/example_setup_teardown.py for tasks to queue
[2026-02-28T22:04:23.877+0000] {logging_mixin.py:188} INFO - [2026-02-28T22:04:23.877+0000] {dagbag.py:545} INFO - Filling up the DagBag from /home/airflow/.local/lib/python3.12/site-packages/airflow/example_dags/example_setup_teardown.py
[2026-02-28T22:04:23.884+0000] {processor.py:840} INFO - DAG(s) 'example_setup_teardown' retrieved from /home/airflow/.local/lib/python3.12/site-packages/airflow/example_dags/example_setup_teardown.py
[2026-02-28T22:04:23.900+0000] {logging_mixin.py:188} INFO - [2026-02-28T22:04:23.900+0000] {dag.py:3096} INFO - Sync 1 DAGs
[2026-02-28T22:04:23.917+0000] {logging_mixin.py:188} INFO - [2026-02-28T22:04:23.917+0000] {dag.py:3954} INFO - Setting next_dagrun for example_setup_teardown to 2026-02-27 00:00:00+00:00, run_after=2026-02-28 00:00:00+00:00
[2026-02-28T22:04:23.931+0000] {processor.py:183} INFO - Processing /home/airflow/.local/lib/python3.12/site-packages/airflow/example_dags/example_setup_teardown.py took 0.062 seconds
