[2026-02-28T21:40:05.993+0000] {processor.py:161} INFO - Started process (PID=87) to work on /home/airflow/.local/lib/python3.12/site-packages/airflow/example_dags/example_branch_datetime_operator.py
[2026-02-28T21:40:05.995+0000] {processor.py:830} INFO - Processing file /home/airflow/.local/lib/python3.12/site-packages/airflow/example_dags/example_branch_datetime_operator.py for tasks to queue
[2026-02-28T21:40:05.998+0000] {logging_mixin.py:188} INFO - [2026-02-28T21:40:05.998+0000] {dagbag.py:545} INFO - Filling up the DagBag from /home/airflow/.local/lib/python3.12/site-packages/airflow/example_dags/example_branch_datetime_operator.py
[2026-02-28T21:40:06.019+0000] {processor.py:840} INFO - DAG(s) 'example_branch_datetime_operator_3', 'example_branch_datetime_operator_2', 'example_branch_datetime_operator' retrieved from /home/airflow/.local/lib/python3.12/site-packages/airflow/example_dags/example_branch_datetime_operator.py
[2026-02-28T21:40:06.044+0000] {logging_mixin.py:188} INFO - [2026-02-28T21:40:06.043+0000] {dag.py:3096} INFO - Sync 3 DAGs
[2026-02-28T21:40:06.091+0000] {logging_mixin.py:188} INFO - [2026-02-28T21:40:06.090+0000] {dag.py:3954} INFO - Setting next_dagrun for example_branch_datetime_operator to 2026-02-27 00:00:00+00:00, run_after=2026-02-28 00:00:00+00:00
[2026-02-28T21:40:06.098+0000] {logging_mixin.py:188} INFO - [2026-02-28T21:40:06.098+0000] {dag.py:3954} INFO - Setting next_dagrun for example_branch_datetime_operator_2 to 2026-02-27 00:00:00+00:00, run_after=2026-02-28 00:00:00+00:00
[2026-02-28T21:40:06.102+0000] {logging_mixin.py:188} INFO - [2026-02-28T21:40:06.102+0000] {dag.py:3954} INFO - Setting next_dagrun for example_branch_datetime_operator_3 to 2026-02-27 00:00:00+00:00, run_after=2026-02-28 00:00:00+00:00
[2026-02-28T21:40:06.130+0000] {processor.py:183} INFO - Processing /home/airflow/.local/lib/python3.12/site-packages/airflow/example_dags/example_branch_datetime_operator.py took 0.144 seconds
[2026-02-28T21:40:36.737+0000] {processor.py:161} INFO - Started process (PID=145) to work on /home/airflow/.local/lib/python3.12/site-packages/airflow/example_dags/example_branch_datetime_operator.py
[2026-02-28T21:40:36.738+0000] {processor.py:830} INFO - Processing file /home/airflow/.local/lib/python3.12/site-packages/airflow/example_dags/example_branch_datetime_operator.py for tasks to queue
[2026-02-28T21:40:36.739+0000] {logging_mixin.py:188} INFO - [2026-02-28T21:40:36.739+0000] {dagbag.py:545} INFO - Filling up the DagBag from /home/airflow/.local/lib/python3.12/site-packages/airflow/example_dags/example_branch_datetime_operator.py
[2026-02-28T21:40:36.744+0000] {processor.py:840} INFO - DAG(s) 'example_branch_datetime_operator', 'example_branch_datetime_operator_2', 'example_branch_datetime_operator_3' retrieved from /home/airflow/.local/lib/python3.12/site-packages/airflow/example_dags/example_branch_datetime_operator.py
[2026-02-28T21:40:36.822+0000] {logging_mixin.py:188} INFO - [2026-02-28T21:40:36.822+0000] {dag.py:3096} INFO - Sync 3 DAGs
[2026-02-28T21:40:36.840+0000] {logging_mixin.py:188} INFO - [2026-02-28T21:40:36.839+0000] {dag.py:3954} INFO - Setting next_dagrun for example_branch_datetime_operator to 2026-02-27 00:00:00+00:00, run_after=2026-02-28 00:00:00+00:00
[2026-02-28T21:40:36.843+0000] {logging_mixin.py:188} INFO - [2026-02-28T21:40:36.843+0000] {dag.py:3954} INFO - Setting next_dagrun for example_branch_datetime_operator_2 to 2026-02-27 00:00:00+00:00, run_after=2026-02-28 00:00:00+00:00
[2026-02-28T21:40:36.845+0000] {logging_mixin.py:188} INFO - [2026-02-28T21:40:36.845+0000] {dag.py:3954} INFO - Setting next_dagrun for example_branch_datetime_operator_3 to 2026-02-27 00:00:00+00:00, run_after=2026-02-28 00:00:00+00:00
[2026-02-28T21:40:36.864+0000] {processor.py:183} INFO - Processing /home/airflow/.local/lib/python3.12/site-packages/airflow/example_dags/example_branch_datetime_operator.py took 0.130 seconds
[2026-02-28T21:41:07.743+0000] {processor.py:161} INFO - Started process (PID=203) to work on /home/airflow/.local/lib/python3.12/site-packages/airflow/example_dags/example_branch_datetime_operator.py
[2026-02-28T21:41:07.745+0000] {processor.py:830} INFO - Processing file /home/airflow/.local/lib/python3.12/site-packages/airflow/example_dags/example_branch_datetime_operator.py for tasks to queue
[2026-02-28T21:41:07.747+0000] {logging_mixin.py:188} INFO - [2026-02-28T21:41:07.747+0000] {dagbag.py:545} INFO - Filling up the DagBag from /home/airflow/.local/lib/python3.12/site-packages/airflow/example_dags/example_branch_datetime_operator.py
[2026-02-28T21:41:07.755+0000] {processor.py:840} INFO - DAG(s) 'example_branch_datetime_operator_3', 'example_branch_datetime_operator_2', 'example_branch_datetime_operator' retrieved from /home/airflow/.local/lib/python3.12/site-packages/airflow/example_dags/example_branch_datetime_operator.py
[2026-02-28T21:41:07.779+0000] {logging_mixin.py:188} INFO - [2026-02-28T21:41:07.779+0000] {dag.py:3096} INFO - Sync 3 DAGs
[2026-02-28T21:41:07.806+0000] {logging_mixin.py:188} INFO - [2026-02-28T21:41:07.805+0000] {dag.py:3954} INFO - Setting next_dagrun for example_branch_datetime_operator to 2026-02-27 00:00:00+00:00, run_after=2026-02-28 00:00:00+00:00
[2026-02-28T21:41:07.813+0000] {logging_mixin.py:188} INFO - [2026-02-28T21:41:07.813+0000] {dag.py:3954} INFO - Setting next_dagrun for example_branch_datetime_operator_2 to 2026-02-27 00:00:00+00:00, run_after=2026-02-28 00:00:00+00:00
[2026-02-28T21:41:07.816+0000] {logging_mixin.py:188} INFO - [2026-02-28T21:41:07.816+0000] {dag.py:3954} INFO - Setting next_dagrun for example_branch_datetime_operator_3 to 2026-02-27 00:00:00+00:00, run_after=2026-02-28 00:00:00+00:00
[2026-02-28T21:41:07.838+0000] {processor.py:183} INFO - Processing /home/airflow/.local/lib/python3.12/site-packages/airflow/example_dags/example_branch_datetime_operator.py took 0.099 seconds
[2026-02-28T21:41:38.588+0000] {processor.py:161} INFO - Started process (PID=261) to work on /home/airflow/.local/lib/python3.12/site-packages/airflow/example_dags/example_branch_datetime_operator.py
[2026-02-28T21:41:38.589+0000] {processor.py:830} INFO - Processing file /home/airflow/.local/lib/python3.12/site-packages/airflow/example_dags/example_branch_datetime_operator.py for tasks to queue
[2026-02-28T21:41:38.590+0000] {logging_mixin.py:188} INFO - [2026-02-28T21:41:38.590+0000] {dagbag.py:545} INFO - Filling up the DagBag from /home/airflow/.local/lib/python3.12/site-packages/airflow/example_dags/example_branch_datetime_operator.py
[2026-02-28T21:41:38.599+0000] {processor.py:840} INFO - DAG(s) 'example_branch_datetime_operator', 'example_branch_datetime_operator_3', 'example_branch_datetime_operator_2' retrieved from /home/airflow/.local/lib/python3.12/site-packages/airflow/example_dags/example_branch_datetime_operator.py
[2026-02-28T21:41:38.630+0000] {logging_mixin.py:188} INFO - [2026-02-28T21:41:38.630+0000] {dag.py:3096} INFO - Sync 3 DAGs
[2026-02-28T21:41:38.643+0000] {logging_mixin.py:188} INFO - [2026-02-28T21:41:38.643+0000] {dag.py:3954} INFO - Setting next_dagrun for example_branch_datetime_operator to 2026-02-27 00:00:00+00:00, run_after=2026-02-28 00:00:00+00:00
[2026-02-28T21:41:38.646+0000] {logging_mixin.py:188} INFO - [2026-02-28T21:41:38.646+0000] {dag.py:3954} INFO - Setting next_dagrun for example_branch_datetime_operator_2 to 2026-02-27 00:00:00+00:00, run_after=2026-02-28 00:00:00+00:00
[2026-02-28T21:41:38.647+0000] {logging_mixin.py:188} INFO - [2026-02-28T21:41:38.647+0000] {dag.py:3954} INFO - Setting next_dagrun for example_branch_datetime_operator_3 to 2026-02-27 00:00:00+00:00, run_after=2026-02-28 00:00:00+00:00
[2026-02-28T21:41:38.656+0000] {processor.py:183} INFO - Processing /home/airflow/.local/lib/python3.12/site-packages/airflow/example_dags/example_branch_datetime_operator.py took 0.074 seconds
[2026-02-28T21:42:09.549+0000] {processor.py:161} INFO - Started process (PID=319) to work on /home/airflow/.local/lib/python3.12/site-packages/airflow/example_dags/example_branch_datetime_operator.py
[2026-02-28T21:42:09.550+0000] {processor.py:830} INFO - Processing file /home/airflow/.local/lib/python3.12/site-packages/airflow/example_dags/example_branch_datetime_operator.py for tasks to queue
[2026-02-28T21:42:09.551+0000] {logging_mixin.py:188} INFO - [2026-02-28T21:42:09.551+0000] {dagbag.py:545} INFO - Filling up the DagBag from /home/airflow/.local/lib/python3.12/site-packages/airflow/example_dags/example_branch_datetime_operator.py
[2026-02-28T21:42:09.558+0000] {processor.py:840} INFO - DAG(s) 'example_branch_datetime_operator', 'example_branch_datetime_operator_2', 'example_branch_datetime_operator_3' retrieved from /home/airflow/.local/lib/python3.12/site-packages/airflow/example_dags/example_branch_datetime_operator.py
[2026-02-28T21:42:09.581+0000] {logging_mixin.py:188} INFO - [2026-02-28T21:42:09.580+0000] {dag.py:3096} INFO - Sync 3 DAGs
[2026-02-28T21:42:09.607+0000] {logging_mixin.py:188} INFO - [2026-02-28T21:42:09.607+0000] {dag.py:3954} INFO - Setting next_dagrun for example_branch_datetime_operator to 2026-02-27 00:00:00+00:00, run_after=2026-02-28 00:00:00+00:00
[2026-02-28T21:42:09.613+0000] {logging_mixin.py:188} INFO - [2026-02-28T21:42:09.612+0000] {dag.py:3954} INFO - Setting next_dagrun for example_branch_datetime_operator_2 to 2026-02-27 00:00:00+00:00, run_after=2026-02-28 00:00:00+00:00
[2026-02-28T21:42:09.618+0000] {logging_mixin.py:188} INFO - [2026-02-28T21:42:09.618+0000] {dag.py:3954} INFO - Setting next_dagrun for example_branch_datetime_operator_3 to 2026-02-27 00:00:00+00:00, run_after=2026-02-28 00:00:00+00:00
[2026-02-28T21:42:09.635+0000] {processor.py:183} INFO - Processing /home/airflow/.local/lib/python3.12/site-packages/airflow/example_dags/example_branch_datetime_operator.py took 0.089 seconds
[2026-02-28T21:42:39.714+0000] {processor.py:161} INFO - Started process (PID=378) to work on /home/airflow/.local/lib/python3.12/site-packages/airflow/example_dags/example_branch_datetime_operator.py
[2026-02-28T21:42:39.715+0000] {processor.py:830} INFO - Processing file /home/airflow/.local/lib/python3.12/site-packages/airflow/example_dags/example_branch_datetime_operator.py for tasks to queue
[2026-02-28T21:42:39.717+0000] {logging_mixin.py:188} INFO - [2026-02-28T21:42:39.716+0000] {dagbag.py:545} INFO - Filling up the DagBag from /home/airflow/.local/lib/python3.12/site-packages/airflow/example_dags/example_branch_datetime_operator.py
[2026-02-28T21:42:39.722+0000] {processor.py:840} INFO - DAG(s) 'example_branch_datetime_operator_2', 'example_branch_datetime_operator', 'example_branch_datetime_operator_3' retrieved from /home/airflow/.local/lib/python3.12/site-packages/airflow/example_dags/example_branch_datetime_operator.py
[2026-02-28T21:42:39.738+0000] {logging_mixin.py:188} INFO - [2026-02-28T21:42:39.738+0000] {dag.py:3096} INFO - Sync 3 DAGs
[2026-02-28T21:42:39.751+0000] {logging_mixin.py:188} INFO - [2026-02-28T21:42:39.751+0000] {dag.py:3954} INFO - Setting next_dagrun for example_branch_datetime_operator to 2026-02-27 00:00:00+00:00, run_after=2026-02-28 00:00:00+00:00
[2026-02-28T21:42:39.754+0000] {logging_mixin.py:188} INFO - [2026-02-28T21:42:39.754+0000] {dag.py:3954} INFO - Setting next_dagrun for example_branch_datetime_operator_2 to 2026-02-27 00:00:00+00:00, run_after=2026-02-28 00:00:00+00:00
[2026-02-28T21:42:39.758+0000] {logging_mixin.py:188} INFO - [2026-02-28T21:42:39.757+0000] {dag.py:3954} INFO - Setting next_dagrun for example_branch_datetime_operator_3 to 2026-02-27 00:00:00+00:00, run_after=2026-02-28 00:00:00+00:00
[2026-02-28T21:42:39.774+0000] {processor.py:183} INFO - Processing /home/airflow/.local/lib/python3.12/site-packages/airflow/example_dags/example_branch_datetime_operator.py took 0.064 seconds
[2026-02-28T21:43:10.558+0000] {processor.py:161} INFO - Started process (PID=436) to work on /home/airflow/.local/lib/python3.12/site-packages/airflow/example_dags/example_branch_datetime_operator.py
[2026-02-28T21:43:10.559+0000] {processor.py:830} INFO - Processing file /home/airflow/.local/lib/python3.12/site-packages/airflow/example_dags/example_branch_datetime_operator.py for tasks to queue
[2026-02-28T21:43:10.560+0000] {logging_mixin.py:188} INFO - [2026-02-28T21:43:10.560+0000] {dagbag.py:545} INFO - Filling up the DagBag from /home/airflow/.local/lib/python3.12/site-packages/airflow/example_dags/example_branch_datetime_operator.py
[2026-02-28T21:43:10.568+0000] {processor.py:840} INFO - DAG(s) 'example_branch_datetime_operator_2', 'example_branch_datetime_operator_3', 'example_branch_datetime_operator' retrieved from /home/airflow/.local/lib/python3.12/site-packages/airflow/example_dags/example_branch_datetime_operator.py
[2026-02-28T21:43:10.586+0000] {logging_mixin.py:188} INFO - [2026-02-28T21:43:10.586+0000] {dag.py:3096} INFO - Sync 3 DAGs
[2026-02-28T21:43:10.600+0000] {logging_mixin.py:188} INFO - [2026-02-28T21:43:10.600+0000] {dag.py:3954} INFO - Setting next_dagrun for example_branch_datetime_operator to 2026-02-27 00:00:00+00:00, run_after=2026-02-28 00:00:00+00:00
[2026-02-28T21:43:10.602+0000] {logging_mixin.py:188} INFO - [2026-02-28T21:43:10.602+0000] {dag.py:3954} INFO - Setting next_dagrun for example_branch_datetime_operator_2 to 2026-02-27 00:00:00+00:00, run_after=2026-02-28 00:00:00+00:00
[2026-02-28T21:43:10.604+0000] {logging_mixin.py:188} INFO - [2026-02-28T21:43:10.603+0000] {dag.py:3954} INFO - Setting next_dagrun for example_branch_datetime_operator_3 to 2026-02-27 00:00:00+00:00, run_after=2026-02-28 00:00:00+00:00
[2026-02-28T21:43:10.615+0000] {processor.py:183} INFO - Processing /home/airflow/.local/lib/python3.12/site-packages/airflow/example_dags/example_branch_datetime_operator.py took 0.061 seconds
[2026-02-28T21:43:40.788+0000] {processor.py:161} INFO - Started process (PID=494) to work on /home/airflow/.local/lib/python3.12/site-packages/airflow/example_dags/example_branch_datetime_operator.py
[2026-02-28T21:43:40.789+0000] {processor.py:830} INFO - Processing file /home/airflow/.local/lib/python3.12/site-packages/airflow/example_dags/example_branch_datetime_operator.py for tasks to queue
[2026-02-28T21:43:40.792+0000] {logging_mixin.py:188} INFO - [2026-02-28T21:43:40.791+0000] {dagbag.py:545} INFO - Filling up the DagBag from /home/airflow/.local/lib/python3.12/site-packages/airflow/example_dags/example_branch_datetime_operator.py
[2026-02-28T21:43:40.800+0000] {processor.py:840} INFO - DAG(s) 'example_branch_datetime_operator_3', 'example_branch_datetime_operator_2', 'example_branch_datetime_operator' retrieved from /home/airflow/.local/lib/python3.12/site-packages/airflow/example_dags/example_branch_datetime_operator.py
[2026-02-28T21:43:40.821+0000] {logging_mixin.py:188} INFO - [2026-02-28T21:43:40.821+0000] {dag.py:3096} INFO - Sync 3 DAGs
[2026-02-28T21:43:40.838+0000] {logging_mixin.py:188} INFO - [2026-02-28T21:43:40.838+0000] {dag.py:3954} INFO - Setting next_dagrun for example_branch_datetime_operator to 2026-02-27 00:00:00+00:00, run_after=2026-02-28 00:00:00+00:00
[2026-02-28T21:43:40.841+0000] {logging_mixin.py:188} INFO - [2026-02-28T21:43:40.841+0000] {dag.py:3954} INFO - Setting next_dagrun for example_branch_datetime_operator_2 to 2026-02-27 00:00:00+00:00, run_after=2026-02-28 00:00:00+00:00
[2026-02-28T21:43:40.842+0000] {logging_mixin.py:188} INFO - [2026-02-28T21:43:40.842+0000] {dag.py:3954} INFO - Setting next_dagrun for example_branch_datetime_operator_3 to 2026-02-27 00:00:00+00:00, run_after=2026-02-28 00:00:00+00:00
[2026-02-28T21:43:40.859+0000] {processor.py:183} INFO - Processing /home/airflow/.local/lib/python3.12/site-packages/airflow/example_dags/example_branch_datetime_operator.py took 0.074 seconds
[2026-02-28T21:44:44.127+0000] {processor.py:161} INFO - Started process (PID=552) to work on /home/airflow/.local/lib/python3.12/site-packages/airflow/example_dags/example_branch_datetime_operator.py
[2026-02-28T21:44:44.128+0000] {processor.py:830} INFO - Processing file /home/airflow/.local/lib/python3.12/site-packages/airflow/example_dags/example_branch_datetime_operator.py for tasks to queue
[2026-02-28T21:44:44.128+0000] {logging_mixin.py:188} INFO - [2026-02-28T21:44:44.128+0000] {dagbag.py:545} INFO - Filling up the DagBag from /home/airflow/.local/lib/python3.12/site-packages/airflow/example_dags/example_branch_datetime_operator.py
[2026-02-28T21:44:44.134+0000] {processor.py:840} INFO - DAG(s) 'example_branch_datetime_operator_2', 'example_branch_datetime_operator_3', 'example_branch_datetime_operator' retrieved from /home/airflow/.local/lib/python3.12/site-packages/airflow/example_dags/example_branch_datetime_operator.py
[2026-02-28T21:44:44.146+0000] {logging_mixin.py:188} INFO - [2026-02-28T21:44:44.146+0000] {dag.py:3096} INFO - Sync 3 DAGs
[2026-02-28T21:44:44.156+0000] {logging_mixin.py:188} INFO - [2026-02-28T21:44:44.156+0000] {dag.py:3954} INFO - Setting next_dagrun for example_branch_datetime_operator to 2026-02-27 00:00:00+00:00, run_after=2026-02-28 00:00:00+00:00
[2026-02-28T21:44:44.158+0000] {logging_mixin.py:188} INFO - [2026-02-28T21:44:44.158+0000] {dag.py:3954} INFO - Setting next_dagrun for example_branch_datetime_operator_2 to 2026-02-27 00:00:00+00:00, run_after=2026-02-28 00:00:00+00:00
[2026-02-28T21:44:44.159+0000] {logging_mixin.py:188} INFO - [2026-02-28T21:44:44.159+0000] {dag.py:3954} INFO - Setting next_dagrun for example_branch_datetime_operator_3 to 2026-02-27 00:00:00+00:00, run_after=2026-02-28 00:00:00+00:00
[2026-02-28T21:44:44.165+0000] {processor.py:183} INFO - Processing /home/airflow/.local/lib/python3.12/site-packages/airflow/example_dags/example_branch_datetime_operator.py took 0.041 seconds
[2026-02-28T21:45:14.410+0000] {processor.py:161} INFO - Started process (PID=610) to work on /home/airflow/.local/lib/python3.12/site-packages/airflow/example_dags/example_branch_datetime_operator.py
[2026-02-28T21:45:14.411+0000] {processor.py:830} INFO - Processing file /home/airflow/.local/lib/python3.12/site-packages/airflow/example_dags/example_branch_datetime_operator.py for tasks to queue
[2026-02-28T21:45:14.412+0000] {logging_mixin.py:188} INFO - [2026-02-28T21:45:14.412+0000] {dagbag.py:545} INFO - Filling up the DagBag from /home/airflow/.local/lib/python3.12/site-packages/airflow/example_dags/example_branch_datetime_operator.py
[2026-02-28T21:45:14.417+0000] {processor.py:840} INFO - DAG(s) 'example_branch_datetime_operator_3', 'example_branch_datetime_operator', 'example_branch_datetime_operator_2' retrieved from /home/airflow/.local/lib/python3.12/site-packages/airflow/example_dags/example_branch_datetime_operator.py
[2026-02-28T21:45:14.430+0000] {logging_mixin.py:188} INFO - [2026-02-28T21:45:14.430+0000] {dag.py:3096} INFO - Sync 3 DAGs
[2026-02-28T21:45:14.442+0000] {logging_mixin.py:188} INFO - [2026-02-28T21:45:14.442+0000] {dag.py:3954} INFO - Setting next_dagrun for example_branch_datetime_operator to 2026-02-27 00:00:00+00:00, run_after=2026-02-28 00:00:00+00:00
[2026-02-28T21:45:14.445+0000] {logging_mixin.py:188} INFO - [2026-02-28T21:45:14.445+0000] {dag.py:3954} INFO - Setting next_dagrun for example_branch_datetime_operator_2 to 2026-02-27 00:00:00+00:00, run_after=2026-02-28 00:00:00+00:00
[2026-02-28T21:45:14.446+0000] {logging_mixin.py:188} INFO - [2026-02-28T21:45:14.446+0000] {dag.py:3954} INFO - Setting next_dagrun for example_branch_datetime_operator_3 to 2026-02-27 00:00:00+00:00, run_after=2026-02-28 00:00:00+00:00
[2026-02-28T21:45:14.459+0000] {processor.py:183} INFO - Processing /home/airflow/.local/lib/python3.12/site-packages/airflow/example_dags/example_branch_datetime_operator.py took 0.052 seconds
[2026-02-28T21:45:44.855+0000] {processor.py:161} INFO - Started process (PID=668) to work on /home/airflow/.local/lib/python3.12/site-packages/airflow/example_dags/example_branch_datetime_operator.py
[2026-02-28T21:45:44.856+0000] {processor.py:830} INFO - Processing file /home/airflow/.local/lib/python3.12/site-packages/airflow/example_dags/example_branch_datetime_operator.py for tasks to queue
[2026-02-28T21:45:44.857+0000] {logging_mixin.py:188} INFO - [2026-02-28T21:45:44.857+0000] {dagbag.py:545} INFO - Filling up the DagBag from /home/airflow/.local/lib/python3.12/site-packages/airflow/example_dags/example_branch_datetime_operator.py
[2026-02-28T21:45:44.862+0000] {processor.py:840} INFO - DAG(s) 'example_branch_datetime_operator_3', 'example_branch_datetime_operator_2', 'example_branch_datetime_operator' retrieved from /home/airflow/.local/lib/python3.12/site-packages/airflow/example_dags/example_branch_datetime_operator.py
[2026-02-28T21:45:44.875+0000] {logging_mixin.py:188} INFO - [2026-02-28T21:45:44.875+0000] {dag.py:3096} INFO - Sync 3 DAGs
[2026-02-28T21:45:44.885+0000] {logging_mixin.py:188} INFO - [2026-02-28T21:45:44.885+0000] {dag.py:3954} INFO - Setting next_dagrun for example_branch_datetime_operator to 2026-02-27 00:00:00+00:00, run_after=2026-02-28 00:00:00+00:00
[2026-02-28T21:45:44.887+0000] {logging_mixin.py:188} INFO - [2026-02-28T21:45:44.887+0000] {dag.py:3954} INFO - Setting next_dagrun for example_branch_datetime_operator_2 to 2026-02-27 00:00:00+00:00, run_after=2026-02-28 00:00:00+00:00
[2026-02-28T21:45:44.888+0000] {logging_mixin.py:188} INFO - [2026-02-28T21:45:44.888+0000] {dag.py:3954} INFO - Setting next_dagrun for example_branch_datetime_operator_3 to 2026-02-27 00:00:00+00:00, run_after=2026-02-28 00:00:00+00:00
[2026-02-28T21:45:44.895+0000] {processor.py:183} INFO - Processing /home/airflow/.local/lib/python3.12/site-packages/airflow/example_dags/example_branch_datetime_operator.py took 0.044 seconds
[2026-02-28T21:46:15.915+0000] {processor.py:161} INFO - Started process (PID=726) to work on /home/airflow/.local/lib/python3.12/site-packages/airflow/example_dags/example_branch_datetime_operator.py
[2026-02-28T21:46:15.916+0000] {processor.py:830} INFO - Processing file /home/airflow/.local/lib/python3.12/site-packages/airflow/example_dags/example_branch_datetime_operator.py for tasks to queue
[2026-02-28T21:46:15.919+0000] {logging_mixin.py:188} INFO - [2026-02-28T21:46:15.918+0000] {dagbag.py:545} INFO - Filling up the DagBag from /home/airflow/.local/lib/python3.12/site-packages/airflow/example_dags/example_branch_datetime_operator.py
[2026-02-28T21:46:15.925+0000] {processor.py:840} INFO - DAG(s) 'example_branch_datetime_operator', 'example_branch_datetime_operator_2', 'example_branch_datetime_operator_3' retrieved from /home/airflow/.local/lib/python3.12/site-packages/airflow/example_dags/example_branch_datetime_operator.py
[2026-02-28T21:46:15.967+0000] {logging_mixin.py:188} INFO - [2026-02-28T21:46:15.967+0000] {dag.py:3096} INFO - Sync 3 DAGs
[2026-02-28T21:46:16.006+0000] {logging_mixin.py:188} INFO - [2026-02-28T21:46:16.006+0000] {dag.py:3954} INFO - Setting next_dagrun for example_branch_datetime_operator to 2026-02-27 00:00:00+00:00, run_after=2026-02-28 00:00:00+00:00
[2026-02-28T21:46:16.017+0000] {logging_mixin.py:188} INFO - [2026-02-28T21:46:16.017+0000] {dag.py:3954} INFO - Setting next_dagrun for example_branch_datetime_operator_2 to 2026-02-27 00:00:00+00:00, run_after=2026-02-28 00:00:00+00:00
[2026-02-28T21:46:16.023+0000] {logging_mixin.py:188} INFO - [2026-02-28T21:46:16.023+0000] {dag.py:3954} INFO - Setting next_dagrun for example_branch_datetime_operator_3 to 2026-02-27 00:00:00+00:00, run_after=2026-02-28 00:00:00+00:00
[2026-02-28T21:46:16.051+0000] {processor.py:183} INFO - Processing /home/airflow/.local/lib/python3.12/site-packages/airflow/example_dags/example_branch_datetime_operator.py took 0.141 seconds
[2026-02-28T21:46:46.117+0000] {processor.py:161} INFO - Started process (PID=784) to work on /home/airflow/.local/lib/python3.12/site-packages/airflow/example_dags/example_branch_datetime_operator.py
[2026-02-28T21:46:46.119+0000] {processor.py:830} INFO - Processing file /home/airflow/.local/lib/python3.12/site-packages/airflow/example_dags/example_branch_datetime_operator.py for tasks to queue
[2026-02-28T21:46:46.121+0000] {logging_mixin.py:188} INFO - [2026-02-28T21:46:46.121+0000] {dagbag.py:545} INFO - Filling up the DagBag from /home/airflow/.local/lib/python3.12/site-packages/airflow/example_dags/example_branch_datetime_operator.py
[2026-02-28T21:46:46.127+0000] {processor.py:840} INFO - DAG(s) 'example_branch_datetime_operator', 'example_branch_datetime_operator_3', 'example_branch_datetime_operator_2' retrieved from /home/airflow/.local/lib/python3.12/site-packages/airflow/example_dags/example_branch_datetime_operator.py
[2026-02-28T21:46:46.147+0000] {logging_mixin.py:188} INFO - [2026-02-28T21:46:46.146+0000] {dag.py:3096} INFO - Sync 3 DAGs
[2026-02-28T21:46:46.164+0000] {logging_mixin.py:188} INFO - [2026-02-28T21:46:46.164+0000] {dag.py:3954} INFO - Setting next_dagrun for example_branch_datetime_operator to 2026-02-27 00:00:00+00:00, run_after=2026-02-28 00:00:00+00:00
[2026-02-28T21:46:46.168+0000] {logging_mixin.py:188} INFO - [2026-02-28T21:46:46.168+0000] {dag.py:3954} INFO - Setting next_dagrun for example_branch_datetime_operator_2 to 2026-02-27 00:00:00+00:00, run_after=2026-02-28 00:00:00+00:00
[2026-02-28T21:46:46.170+0000] {logging_mixin.py:188} INFO - [2026-02-28T21:46:46.170+0000] {dag.py:3954} INFO - Setting next_dagrun for example_branch_datetime_operator_3 to 2026-02-27 00:00:00+00:00, run_after=2026-02-28 00:00:00+00:00
[2026-02-28T21:46:46.182+0000] {processor.py:183} INFO - Processing /home/airflow/.local/lib/python3.12/site-packages/airflow/example_dags/example_branch_datetime_operator.py took 0.069 seconds
[2026-02-28T21:47:17.017+0000] {processor.py:161} INFO - Started process (PID=841) to work on /home/airflow/.local/lib/python3.12/site-packages/airflow/example_dags/example_branch_datetime_operator.py
[2026-02-28T21:47:17.018+0000] {processor.py:830} INFO - Processing file /home/airflow/.local/lib/python3.12/site-packages/airflow/example_dags/example_branch_datetime_operator.py for tasks to queue
[2026-02-28T21:47:17.020+0000] {logging_mixin.py:188} INFO - [2026-02-28T21:47:17.020+0000] {dagbag.py:545} INFO - Filling up the DagBag from /home/airflow/.local/lib/python3.12/site-packages/airflow/example_dags/example_branch_datetime_operator.py
[2026-02-28T21:47:17.025+0000] {processor.py:840} INFO - DAG(s) 'example_branch_datetime_operator_3', 'example_branch_datetime_operator_2', 'example_branch_datetime_operator' retrieved from /home/airflow/.local/lib/python3.12/site-packages/airflow/example_dags/example_branch_datetime_operator.py
[2026-02-28T21:47:17.044+0000] {logging_mixin.py:188} INFO - [2026-02-28T21:47:17.044+0000] {dag.py:3096} INFO - Sync 3 DAGs
[2026-02-28T21:47:17.058+0000] {logging_mixin.py:188} INFO - [2026-02-28T21:47:17.058+0000] {dag.py:3954} INFO - Setting next_dagrun for example_branch_datetime_operator to 2026-02-27 00:00:00+00:00, run_after=2026-02-28 00:00:00+00:00
[2026-02-28T21:47:17.061+0000] {logging_mixin.py:188} INFO - [2026-02-28T21:47:17.061+0000] {dag.py:3954} INFO - Setting next_dagrun for example_branch_datetime_operator_2 to 2026-02-27 00:00:00+00:00, run_after=2026-02-28 00:00:00+00:00
[2026-02-28T21:47:17.063+0000] {logging_mixin.py:188} INFO - [2026-02-28T21:47:17.063+0000] {dag.py:3954} INFO - Setting next_dagrun for example_branch_datetime_operator_3 to 2026-02-27 00:00:00+00:00, run_after=2026-02-28 00:00:00+00:00
[2026-02-28T21:47:17.071+0000] {processor.py:183} INFO - Processing /home/airflow/.local/lib/python3.12/site-packages/airflow/example_dags/example_branch_datetime_operator.py took 0.057 seconds
[2026-02-28T21:47:47.912+0000] {processor.py:161} INFO - Started process (PID=899) to work on /home/airflow/.local/lib/python3.12/site-packages/airflow/example_dags/example_branch_datetime_operator.py
[2026-02-28T21:47:47.913+0000] {processor.py:830} INFO - Processing file /home/airflow/.local/lib/python3.12/site-packages/airflow/example_dags/example_branch_datetime_operator.py for tasks to queue
[2026-02-28T21:47:47.915+0000] {logging_mixin.py:188} INFO - [2026-02-28T21:47:47.915+0000] {dagbag.py:545} INFO - Filling up the DagBag from /home/airflow/.local/lib/python3.12/site-packages/airflow/example_dags/example_branch_datetime_operator.py
[2026-02-28T21:47:47.923+0000] {processor.py:840} INFO - DAG(s) 'example_branch_datetime_operator', 'example_branch_datetime_operator_3', 'example_branch_datetime_operator_2' retrieved from /home/airflow/.local/lib/python3.12/site-packages/airflow/example_dags/example_branch_datetime_operator.py
[2026-02-28T21:47:47.945+0000] {logging_mixin.py:188} INFO - [2026-02-28T21:47:47.945+0000] {dag.py:3096} INFO - Sync 3 DAGs
[2026-02-28T21:47:47.957+0000] {logging_mixin.py:188} INFO - [2026-02-28T21:47:47.957+0000] {dag.py:3954} INFO - Setting next_dagrun for example_branch_datetime_operator to 2026-02-27 00:00:00+00:00, run_after=2026-02-28 00:00:00+00:00
[2026-02-28T21:47:47.962+0000] {logging_mixin.py:188} INFO - [2026-02-28T21:47:47.962+0000] {dag.py:3954} INFO - Setting next_dagrun for example_branch_datetime_operator_2 to 2026-02-27 00:00:00+00:00, run_after=2026-02-28 00:00:00+00:00
[2026-02-28T21:47:47.964+0000] {logging_mixin.py:188} INFO - [2026-02-28T21:47:47.964+0000] {dag.py:3954} INFO - Setting next_dagrun for example_branch_datetime_operator_3 to 2026-02-27 00:00:00+00:00, run_after=2026-02-28 00:00:00+00:00
[2026-02-28T21:47:47.977+0000] {processor.py:183} INFO - Processing /home/airflow/.local/lib/python3.12/site-packages/airflow/example_dags/example_branch_datetime_operator.py took 0.068 seconds
[2026-02-28T21:48:19.086+0000] {processor.py:161} INFO - Started process (PID=958) to work on /home/airflow/.local/lib/python3.12/site-packages/airflow/example_dags/example_branch_datetime_operator.py
[2026-02-28T21:48:19.087+0000] {processor.py:830} INFO - Processing file /home/airflow/.local/lib/python3.12/site-packages/airflow/example_dags/example_branch_datetime_operator.py for tasks to queue
[2026-02-28T21:48:19.088+0000] {logging_mixin.py:188} INFO - [2026-02-28T21:48:19.088+0000] {dagbag.py:545} INFO - Filling up the DagBag from /home/airflow/.local/lib/python3.12/site-packages/airflow/example_dags/example_branch_datetime_operator.py
[2026-02-28T21:48:19.095+0000] {processor.py:840} INFO - DAG(s) 'example_branch_datetime_operator_2', 'example_branch_datetime_operator_3', 'example_branch_datetime_operator' retrieved from /home/airflow/.local/lib/python3.12/site-packages/airflow/example_dags/example_branch_datetime_operator.py
[2026-02-28T21:48:19.113+0000] {logging_mixin.py:188} INFO - [2026-02-28T21:48:19.113+0000] {dag.py:3096} INFO - Sync 3 DAGs
[2026-02-28T21:48:19.129+0000] {logging_mixin.py:188} INFO - [2026-02-28T21:48:19.129+0000] {dag.py:3954} INFO - Setting next_dagrun for example_branch_datetime_operator to 2026-02-27 00:00:00+00:00, run_after=2026-02-28 00:00:00+00:00
[2026-02-28T21:48:19.133+0000] {logging_mixin.py:188} INFO - [2026-02-28T21:48:19.133+0000] {dag.py:3954} INFO - Setting next_dagrun for example_branch_datetime_operator_2 to 2026-02-27 00:00:00+00:00, run_after=2026-02-28 00:00:00+00:00
[2026-02-28T21:48:19.134+0000] {logging_mixin.py:188} INFO - [2026-02-28T21:48:19.134+0000] {dag.py:3954} INFO - Setting next_dagrun for example_branch_datetime_operator_3 to 2026-02-27 00:00:00+00:00, run_after=2026-02-28 00:00:00+00:00
[2026-02-28T21:48:19.142+0000] {processor.py:183} INFO - Processing /home/airflow/.local/lib/python3.12/site-packages/airflow/example_dags/example_branch_datetime_operator.py took 0.060 seconds
[2026-02-28T21:48:50.221+0000] {processor.py:161} INFO - Started process (PID=1016) to work on /home/airflow/.local/lib/python3.12/site-packages/airflow/example_dags/example_branch_datetime_operator.py
[2026-02-28T21:48:50.223+0000] {processor.py:830} INFO - Processing file /home/airflow/.local/lib/python3.12/site-packages/airflow/example_dags/example_branch_datetime_operator.py for tasks to queue
[2026-02-28T21:48:50.224+0000] {logging_mixin.py:188} INFO - [2026-02-28T21:48:50.224+0000] {dagbag.py:545} INFO - Filling up the DagBag from /home/airflow/.local/lib/python3.12/site-packages/airflow/example_dags/example_branch_datetime_operator.py
[2026-02-28T21:48:50.238+0000] {processor.py:840} INFO - DAG(s) 'example_branch_datetime_operator_3', 'example_branch_datetime_operator', 'example_branch_datetime_operator_2' retrieved from /home/airflow/.local/lib/python3.12/site-packages/airflow/example_dags/example_branch_datetime_operator.py
[2026-02-28T21:48:50.295+0000] {logging_mixin.py:188} INFO - [2026-02-28T21:48:50.295+0000] {dag.py:3096} INFO - Sync 3 DAGs
[2026-02-28T21:48:50.344+0000] {logging_mixin.py:188} INFO - [2026-02-28T21:48:50.344+0000] {dag.py:3954} INFO - Setting next_dagrun for example_branch_datetime_operator to 2026-02-27 00:00:00+00:00, run_after=2026-02-28 00:00:00+00:00
[2026-02-28T21:48:50.356+0000] {logging_mixin.py:188} INFO - [2026-02-28T21:48:50.356+0000] {dag.py:3954} INFO - Setting next_dagrun for example_branch_datetime_operator_2 to 2026-02-27 00:00:00+00:00, run_after=2026-02-28 00:00:00+00:00
[2026-02-28T21:48:50.359+0000] {logging_mixin.py:188} INFO - [2026-02-28T21:48:50.359+0000] {dag.py:3954} INFO - Setting next_dagrun for example_branch_datetime_operator_3 to 2026-02-27 00:00:00+00:00, run_after=2026-02-28 00:00:00+00:00
[2026-02-28T21:48:50.378+0000] {processor.py:183} INFO - Processing /home/airflow/.local/lib/python3.12/site-packages/airflow/example_dags/example_branch_datetime_operator.py took 0.162 seconds
[2026-02-28T21:49:20.817+0000] {processor.py:161} INFO - Started process (PID=1073) to work on /home/airflow/.local/lib/python3.12/site-packages/airflow/example_dags/example_branch_datetime_operator.py
[2026-02-28T21:49:20.818+0000] {processor.py:830} INFO - Processing file /home/airflow/.local/lib/python3.12/site-packages/airflow/example_dags/example_branch_datetime_operator.py for tasks to queue
[2026-02-28T21:49:20.820+0000] {logging_mixin.py:188} INFO - [2026-02-28T21:49:20.820+0000] {dagbag.py:545} INFO - Filling up the DagBag from /home/airflow/.local/lib/python3.12/site-packages/airflow/example_dags/example_branch_datetime_operator.py
[2026-02-28T21:49:20.829+0000] {processor.py:840} INFO - DAG(s) 'example_branch_datetime_operator', 'example_branch_datetime_operator_3', 'example_branch_datetime_operator_2' retrieved from /home/airflow/.local/lib/python3.12/site-packages/airflow/example_dags/example_branch_datetime_operator.py
[2026-02-28T21:49:20.858+0000] {logging_mixin.py:188} INFO - [2026-02-28T21:49:20.858+0000] {dag.py:3096} INFO - Sync 3 DAGs
[2026-02-28T21:49:20.895+0000] {logging_mixin.py:188} INFO - [2026-02-28T21:49:20.894+0000] {dag.py:3954} INFO - Setting next_dagrun for example_branch_datetime_operator to 2026-02-27 00:00:00+00:00, run_after=2026-02-28 00:00:00+00:00
[2026-02-28T21:49:20.906+0000] {logging_mixin.py:188} INFO - [2026-02-28T21:49:20.906+0000] {dag.py:3954} INFO - Setting next_dagrun for example_branch_datetime_operator_2 to 2026-02-27 00:00:00+00:00, run_after=2026-02-28 00:00:00+00:00
[2026-02-28T21:49:20.913+0000] {logging_mixin.py:188} INFO - [2026-02-28T21:49:20.913+0000] {dag.py:3954} INFO - Setting next_dagrun for example_branch_datetime_operator_3 to 2026-02-27 00:00:00+00:00, run_after=2026-02-28 00:00:00+00:00
[2026-02-28T21:49:20.969+0000] {processor.py:183} INFO - Processing /home/airflow/.local/lib/python3.12/site-packages/airflow/example_dags/example_branch_datetime_operator.py took 0.156 seconds
[2026-02-28T21:49:54.395+0000] {processor.py:161} INFO - Started process (PID=1132) to work on /home/airflow/.local/lib/python3.12/site-packages/airflow/example_dags/example_branch_datetime_operator.py
[2026-02-28T21:49:54.403+0000] {processor.py:830} INFO - Processing file /home/airflow/.local/lib/python3.12/site-packages/airflow/example_dags/example_branch_datetime_operator.py for tasks to queue
[2026-02-28T21:49:54.415+0000] {logging_mixin.py:188} INFO - [2026-02-28T21:49:54.413+0000] {dagbag.py:545} INFO - Filling up the DagBag from /home/airflow/.local/lib/python3.12/site-packages/airflow/example_dags/example_branch_datetime_operator.py
[2026-02-28T21:49:54.452+0000] {processor.py:840} INFO - DAG(s) 'example_branch_datetime_operator_2', 'example_branch_datetime_operator_3', 'example_branch_datetime_operator' retrieved from /home/airflow/.local/lib/python3.12/site-packages/airflow/example_dags/example_branch_datetime_operator.py
[2026-02-28T21:49:54.534+0000] {logging_mixin.py:188} INFO - [2026-02-28T21:49:54.532+0000] {dag.py:3096} INFO - Sync 3 DAGs
[2026-02-28T21:49:54.606+0000] {logging_mixin.py:188} INFO - [2026-02-28T21:49:54.606+0000] {dag.py:3954} INFO - Setting next_dagrun for example_branch_datetime_operator to 2026-02-27 00:00:00+00:00, run_after=2026-02-28 00:00:00+00:00
[2026-02-28T21:49:54.615+0000] {logging_mixin.py:188} INFO - [2026-02-28T21:49:54.615+0000] {dag.py:3954} INFO - Setting next_dagrun for example_branch_datetime_operator_2 to 2026-02-27 00:00:00+00:00, run_after=2026-02-28 00:00:00+00:00
[2026-02-28T21:49:54.620+0000] {logging_mixin.py:188} INFO - [2026-02-28T21:49:54.620+0000] {dag.py:3954} INFO - Setting next_dagrun for example_branch_datetime_operator_3 to 2026-02-27 00:00:00+00:00, run_after=2026-02-28 00:00:00+00:00
[2026-02-28T21:49:54.688+0000] {processor.py:183} INFO - Processing /home/airflow/.local/lib/python3.12/site-packages/airflow/example_dags/example_branch_datetime_operator.py took 0.312 seconds
[2026-02-28T21:50:24.728+0000] {processor.py:161} INFO - Started process (PID=1191) to work on /home/airflow/.local/lib/python3.12/site-packages/airflow/example_dags/example_branch_datetime_operator.py
[2026-02-28T21:50:24.730+0000] {processor.py:830} INFO - Processing file /home/airflow/.local/lib/python3.12/site-packages/airflow/example_dags/example_branch_datetime_operator.py for tasks to queue
[2026-02-28T21:50:24.731+0000] {logging_mixin.py:188} INFO - [2026-02-28T21:50:24.731+0000] {dagbag.py:545} INFO - Filling up the DagBag from /home/airflow/.local/lib/python3.12/site-packages/airflow/example_dags/example_branch_datetime_operator.py
[2026-02-28T21:50:24.735+0000] {processor.py:840} INFO - DAG(s) 'example_branch_datetime_operator_3', 'example_branch_datetime_operator', 'example_branch_datetime_operator_2' retrieved from /home/airflow/.local/lib/python3.12/site-packages/airflow/example_dags/example_branch_datetime_operator.py
[2026-02-28T21:50:24.749+0000] {logging_mixin.py:188} INFO - [2026-02-28T21:50:24.749+0000] {dag.py:3096} INFO - Sync 3 DAGs
[2026-02-28T21:50:24.761+0000] {logging_mixin.py:188} INFO - [2026-02-28T21:50:24.761+0000] {dag.py:3954} INFO - Setting next_dagrun for example_branch_datetime_operator to 2026-02-27 00:00:00+00:00, run_after=2026-02-28 00:00:00+00:00
[2026-02-28T21:50:24.763+0000] {logging_mixin.py:188} INFO - [2026-02-28T21:50:24.763+0000] {dag.py:3954} INFO - Setting next_dagrun for example_branch_datetime_operator_2 to 2026-02-27 00:00:00+00:00, run_after=2026-02-28 00:00:00+00:00
[2026-02-28T21:50:24.764+0000] {logging_mixin.py:188} INFO - [2026-02-28T21:50:24.764+0000] {dag.py:3954} INFO - Setting next_dagrun for example_branch_datetime_operator_3 to 2026-02-27 00:00:00+00:00, run_after=2026-02-28 00:00:00+00:00
[2026-02-28T21:50:24.771+0000] {processor.py:183} INFO - Processing /home/airflow/.local/lib/python3.12/site-packages/airflow/example_dags/example_branch_datetime_operator.py took 0.046 seconds
[2026-02-28T21:50:54.857+0000] {processor.py:161} INFO - Started process (PID=1249) to work on /home/airflow/.local/lib/python3.12/site-packages/airflow/example_dags/example_branch_datetime_operator.py
[2026-02-28T21:50:54.859+0000] {processor.py:830} INFO - Processing file /home/airflow/.local/lib/python3.12/site-packages/airflow/example_dags/example_branch_datetime_operator.py for tasks to queue
[2026-02-28T21:50:54.861+0000] {logging_mixin.py:188} INFO - [2026-02-28T21:50:54.861+0000] {dagbag.py:545} INFO - Filling up the DagBag from /home/airflow/.local/lib/python3.12/site-packages/airflow/example_dags/example_branch_datetime_operator.py
[2026-02-28T21:50:54.871+0000] {processor.py:840} INFO - DAG(s) 'example_branch_datetime_operator_2', 'example_branch_datetime_operator', 'example_branch_datetime_operator_3' retrieved from /home/airflow/.local/lib/python3.12/site-packages/airflow/example_dags/example_branch_datetime_operator.py
[2026-02-28T21:50:54.923+0000] {logging_mixin.py:188} INFO - [2026-02-28T21:50:54.923+0000] {dag.py:3096} INFO - Sync 3 DAGs
[2026-02-28T21:50:54.955+0000] {logging_mixin.py:188} INFO - [2026-02-28T21:50:54.954+0000] {dag.py:3954} INFO - Setting next_dagrun for example_branch_datetime_operator to 2026-02-27 00:00:00+00:00, run_after=2026-02-28 00:00:00+00:00
[2026-02-28T21:50:54.959+0000] {logging_mixin.py:188} INFO - [2026-02-28T21:50:54.959+0000] {dag.py:3954} INFO - Setting next_dagrun for example_branch_datetime_operator_2 to 2026-02-27 00:00:00+00:00, run_after=2026-02-28 00:00:00+00:00
[2026-02-28T21:50:54.961+0000] {logging_mixin.py:188} INFO - [2026-02-28T21:50:54.961+0000] {dag.py:3954} INFO - Setting next_dagrun for example_branch_datetime_operator_3 to 2026-02-27 00:00:00+00:00, run_after=2026-02-28 00:00:00+00:00
[2026-02-28T21:50:54.976+0000] {processor.py:183} INFO - Processing /home/airflow/.local/lib/python3.12/site-packages/airflow/example_dags/example_branch_datetime_operator.py took 0.127 seconds
[2026-02-28T21:51:25.908+0000] {processor.py:161} INFO - Started process (PID=1307) to work on /home/airflow/.local/lib/python3.12/site-packages/airflow/example_dags/example_branch_datetime_operator.py
[2026-02-28T21:51:25.911+0000] {processor.py:830} INFO - Processing file /home/airflow/.local/lib/python3.12/site-packages/airflow/example_dags/example_branch_datetime_operator.py for tasks to queue
[2026-02-28T21:51:25.912+0000] {logging_mixin.py:188} INFO - [2026-02-28T21:51:25.912+0000] {dagbag.py:545} INFO - Filling up the DagBag from /home/airflow/.local/lib/python3.12/site-packages/airflow/example_dags/example_branch_datetime_operator.py
[2026-02-28T21:51:25.926+0000] {processor.py:840} INFO - DAG(s) 'example_branch_datetime_operator', 'example_branch_datetime_operator_2', 'example_branch_datetime_operator_3' retrieved from /home/airflow/.local/lib/python3.12/site-packages/airflow/example_dags/example_branch_datetime_operator.py
[2026-02-28T21:51:25.966+0000] {logging_mixin.py:188} INFO - [2026-02-28T21:51:25.966+0000] {dag.py:3096} INFO - Sync 3 DAGs
[2026-02-28T21:51:25.993+0000] {logging_mixin.py:188} INFO - [2026-02-28T21:51:25.993+0000] {dag.py:3954} INFO - Setting next_dagrun for example_branch_datetime_operator to 2026-02-27 00:00:00+00:00, run_after=2026-02-28 00:00:00+00:00
[2026-02-28T21:51:26.000+0000] {logging_mixin.py:188} INFO - [2026-02-28T21:51:26.000+0000] {dag.py:3954} INFO - Setting next_dagrun for example_branch_datetime_operator_2 to 2026-02-27 00:00:00+00:00, run_after=2026-02-28 00:00:00+00:00
[2026-02-28T21:51:26.002+0000] {logging_mixin.py:188} INFO - [2026-02-28T21:51:26.002+0000] {dag.py:3954} INFO - Setting next_dagrun for example_branch_datetime_operator_3 to 2026-02-27 00:00:00+00:00, run_after=2026-02-28 00:00:00+00:00
[2026-02-28T21:51:26.018+0000] {processor.py:183} INFO - Processing /home/airflow/.local/lib/python3.12/site-packages/airflow/example_dags/example_branch_datetime_operator.py took 0.117 seconds
[2026-02-28T21:51:56.949+0000] {processor.py:161} INFO - Started process (PID=1365) to work on /home/airflow/.local/lib/python3.12/site-packages/airflow/example_dags/example_branch_datetime_operator.py
[2026-02-28T21:51:56.952+0000] {processor.py:830} INFO - Processing file /home/airflow/.local/lib/python3.12/site-packages/airflow/example_dags/example_branch_datetime_operator.py for tasks to queue
[2026-02-28T21:51:56.954+0000] {logging_mixin.py:188} INFO - [2026-02-28T21:51:56.954+0000] {dagbag.py:545} INFO - Filling up the DagBag from /home/airflow/.local/lib/python3.12/site-packages/airflow/example_dags/example_branch_datetime_operator.py
[2026-02-28T21:51:56.972+0000] {processor.py:840} INFO - DAG(s) 'example_branch_datetime_operator_3', 'example_branch_datetime_operator', 'example_branch_datetime_operator_2' retrieved from /home/airflow/.local/lib/python3.12/site-packages/airflow/example_dags/example_branch_datetime_operator.py
[2026-02-28T21:51:57.029+0000] {logging_mixin.py:188} INFO - [2026-02-28T21:51:57.028+0000] {dag.py:3096} INFO - Sync 3 DAGs
[2026-02-28T21:51:57.076+0000] {logging_mixin.py:188} INFO - [2026-02-28T21:51:57.076+0000] {dag.py:3954} INFO - Setting next_dagrun for example_branch_datetime_operator to 2026-02-27 00:00:00+00:00, run_after=2026-02-28 00:00:00+00:00
[2026-02-28T21:51:57.083+0000] {logging_mixin.py:188} INFO - [2026-02-28T21:51:57.083+0000] {dag.py:3954} INFO - Setting next_dagrun for example_branch_datetime_operator_2 to 2026-02-27 00:00:00+00:00, run_after=2026-02-28 00:00:00+00:00
[2026-02-28T21:51:57.086+0000] {logging_mixin.py:188} INFO - [2026-02-28T21:51:57.086+0000] {dag.py:3954} INFO - Setting next_dagrun for example_branch_datetime_operator_3 to 2026-02-27 00:00:00+00:00, run_after=2026-02-28 00:00:00+00:00
[2026-02-28T21:51:57.118+0000] {processor.py:183} INFO - Processing /home/airflow/.local/lib/python3.12/site-packages/airflow/example_dags/example_branch_datetime_operator.py took 0.180 seconds
[2026-02-28T21:52:27.753+0000] {processor.py:161} INFO - Started process (PID=1423) to work on /home/airflow/.local/lib/python3.12/site-packages/airflow/example_dags/example_branch_datetime_operator.py
[2026-02-28T21:52:27.755+0000] {processor.py:830} INFO - Processing file /home/airflow/.local/lib/python3.12/site-packages/airflow/example_dags/example_branch_datetime_operator.py for tasks to queue
[2026-02-28T21:52:27.758+0000] {logging_mixin.py:188} INFO - [2026-02-28T21:52:27.758+0000] {dagbag.py:545} INFO - Filling up the DagBag from /home/airflow/.local/lib/python3.12/site-packages/airflow/example_dags/example_branch_datetime_operator.py
[2026-02-28T21:52:27.773+0000] {processor.py:840} INFO - DAG(s) 'example_branch_datetime_operator', 'example_branch_datetime_operator_3', 'example_branch_datetime_operator_2' retrieved from /home/airflow/.local/lib/python3.12/site-packages/airflow/example_dags/example_branch_datetime_operator.py
[2026-02-28T21:52:27.813+0000] {logging_mixin.py:188} INFO - [2026-02-28T21:52:27.813+0000] {dag.py:3096} INFO - Sync 3 DAGs
[2026-02-28T21:52:27.851+0000] {logging_mixin.py:188} INFO - [2026-02-28T21:52:27.851+0000] {dag.py:3954} INFO - Setting next_dagrun for example_branch_datetime_operator to 2026-02-27 00:00:00+00:00, run_after=2026-02-28 00:00:00+00:00
[2026-02-28T21:52:27.858+0000] {logging_mixin.py:188} INFO - [2026-02-28T21:52:27.858+0000] {dag.py:3954} INFO - Setting next_dagrun for example_branch_datetime_operator_2 to 2026-02-27 00:00:00+00:00, run_after=2026-02-28 00:00:00+00:00
[2026-02-28T21:52:27.864+0000] {logging_mixin.py:188} INFO - [2026-02-28T21:52:27.864+0000] {dag.py:3954} INFO - Setting next_dagrun for example_branch_datetime_operator_3 to 2026-02-27 00:00:00+00:00, run_after=2026-02-28 00:00:00+00:00
[2026-02-28T21:52:27.888+0000] {processor.py:183} INFO - Processing /home/airflow/.local/lib/python3.12/site-packages/airflow/example_dags/example_branch_datetime_operator.py took 0.144 seconds
[2026-02-28T21:52:58.817+0000] {processor.py:161} INFO - Started process (PID=1481) to work on /home/airflow/.local/lib/python3.12/site-packages/airflow/example_dags/example_branch_datetime_operator.py
[2026-02-28T21:52:58.820+0000] {processor.py:830} INFO - Processing file /home/airflow/.local/lib/python3.12/site-packages/airflow/example_dags/example_branch_datetime_operator.py for tasks to queue
[2026-02-28T21:52:58.823+0000] {logging_mixin.py:188} INFO - [2026-02-28T21:52:58.823+0000] {dagbag.py:545} INFO - Filling up the DagBag from /home/airflow/.local/lib/python3.12/site-packages/airflow/example_dags/example_branch_datetime_operator.py
[2026-02-28T21:52:58.847+0000] {processor.py:840} INFO - DAG(s) 'example_branch_datetime_operator', 'example_branch_datetime_operator_2', 'example_branch_datetime_operator_3' retrieved from /home/airflow/.local/lib/python3.12/site-packages/airflow/example_dags/example_branch_datetime_operator.py
[2026-02-28T21:52:58.899+0000] {logging_mixin.py:188} INFO - [2026-02-28T21:52:58.899+0000] {dag.py:3096} INFO - Sync 3 DAGs
[2026-02-28T21:52:58.930+0000] {logging_mixin.py:188} INFO - [2026-02-28T21:52:58.929+0000] {dag.py:3954} INFO - Setting next_dagrun for example_branch_datetime_operator to 2026-02-27 00:00:00+00:00, run_after=2026-02-28 00:00:00+00:00
[2026-02-28T21:52:58.935+0000] {logging_mixin.py:188} INFO - [2026-02-28T21:52:58.935+0000] {dag.py:3954} INFO - Setting next_dagrun for example_branch_datetime_operator_2 to 2026-02-27 00:00:00+00:00, run_after=2026-02-28 00:00:00+00:00
[2026-02-28T21:52:58.936+0000] {logging_mixin.py:188} INFO - [2026-02-28T21:52:58.936+0000] {dag.py:3954} INFO - Setting next_dagrun for example_branch_datetime_operator_3 to 2026-02-27 00:00:00+00:00, run_after=2026-02-28 00:00:00+00:00
[2026-02-28T21:52:58.952+0000] {processor.py:183} INFO - Processing /home/airflow/.local/lib/python3.12/site-packages/airflow/example_dags/example_branch_datetime_operator.py took 0.143 seconds
[2026-02-28T21:53:29.671+0000] {processor.py:161} INFO - Started process (PID=1539) to work on /home/airflow/.local/lib/python3.12/site-packages/airflow/example_dags/example_branch_datetime_operator.py
[2026-02-28T21:53:29.676+0000] {processor.py:830} INFO - Processing file /home/airflow/.local/lib/python3.12/site-packages/airflow/example_dags/example_branch_datetime_operator.py for tasks to queue
[2026-02-28T21:53:29.681+0000] {logging_mixin.py:188} INFO - [2026-02-28T21:53:29.680+0000] {dagbag.py:545} INFO - Filling up the DagBag from /home/airflow/.local/lib/python3.12/site-packages/airflow/example_dags/example_branch_datetime_operator.py
[2026-02-28T21:53:29.697+0000] {processor.py:840} INFO - DAG(s) 'example_branch_datetime_operator_3', 'example_branch_datetime_operator', 'example_branch_datetime_operator_2' retrieved from /home/airflow/.local/lib/python3.12/site-packages/airflow/example_dags/example_branch_datetime_operator.py
[2026-02-28T21:53:29.760+0000] {logging_mixin.py:188} INFO - [2026-02-28T21:53:29.759+0000] {dag.py:3096} INFO - Sync 3 DAGs
[2026-02-28T21:53:29.786+0000] {logging_mixin.py:188} INFO - [2026-02-28T21:53:29.785+0000] {dag.py:3954} INFO - Setting next_dagrun for example_branch_datetime_operator to 2026-02-27 00:00:00+00:00, run_after=2026-02-28 00:00:00+00:00
[2026-02-28T21:53:29.789+0000] {logging_mixin.py:188} INFO - [2026-02-28T21:53:29.789+0000] {dag.py:3954} INFO - Setting next_dagrun for example_branch_datetime_operator_2 to 2026-02-27 00:00:00+00:00, run_after=2026-02-28 00:00:00+00:00
[2026-02-28T21:53:29.791+0000] {logging_mixin.py:188} INFO - [2026-02-28T21:53:29.791+0000] {dag.py:3954} INFO - Setting next_dagrun for example_branch_datetime_operator_3 to 2026-02-27 00:00:00+00:00, run_after=2026-02-28 00:00:00+00:00
[2026-02-28T21:53:29.813+0000] {processor.py:183} INFO - Processing /home/airflow/.local/lib/python3.12/site-packages/airflow/example_dags/example_branch_datetime_operator.py took 0.153 seconds
[2026-02-28T21:54:00.592+0000] {processor.py:161} INFO - Started process (PID=1603) to work on /home/airflow/.local/lib/python3.12/site-packages/airflow/example_dags/example_branch_datetime_operator.py
[2026-02-28T21:54:00.595+0000] {processor.py:830} INFO - Processing file /home/airflow/.local/lib/python3.12/site-packages/airflow/example_dags/example_branch_datetime_operator.py for tasks to queue
[2026-02-28T21:54:00.599+0000] {logging_mixin.py:188} INFO - [2026-02-28T21:54:00.599+0000] {dagbag.py:545} INFO - Filling up the DagBag from /home/airflow/.local/lib/python3.12/site-packages/airflow/example_dags/example_branch_datetime_operator.py
[2026-02-28T21:54:00.613+0000] {processor.py:840} INFO - DAG(s) 'example_branch_datetime_operator_2', 'example_branch_datetime_operator', 'example_branch_datetime_operator_3' retrieved from /home/airflow/.local/lib/python3.12/site-packages/airflow/example_dags/example_branch_datetime_operator.py
[2026-02-28T21:54:00.678+0000] {logging_mixin.py:188} INFO - [2026-02-28T21:54:00.677+0000] {dag.py:3096} INFO - Sync 3 DAGs
[2026-02-28T21:54:00.714+0000] {logging_mixin.py:188} INFO - [2026-02-28T21:54:00.714+0000] {dag.py:3954} INFO - Setting next_dagrun for example_branch_datetime_operator to 2026-02-27 00:00:00+00:00, run_after=2026-02-28 00:00:00+00:00
[2026-02-28T21:54:00.719+0000] {logging_mixin.py:188} INFO - [2026-02-28T21:54:00.719+0000] {dag.py:3954} INFO - Setting next_dagrun for example_branch_datetime_operator_2 to 2026-02-27 00:00:00+00:00, run_after=2026-02-28 00:00:00+00:00
[2026-02-28T21:54:00.721+0000] {logging_mixin.py:188} INFO - [2026-02-28T21:54:00.721+0000] {dag.py:3954} INFO - Setting next_dagrun for example_branch_datetime_operator_3 to 2026-02-27 00:00:00+00:00, run_after=2026-02-28 00:00:00+00:00
[2026-02-28T21:54:00.743+0000] {processor.py:183} INFO - Processing /home/airflow/.local/lib/python3.12/site-packages/airflow/example_dags/example_branch_datetime_operator.py took 0.160 seconds
[2026-02-28T21:54:31.163+0000] {processor.py:161} INFO - Started process (PID=1661) to work on /home/airflow/.local/lib/python3.12/site-packages/airflow/example_dags/example_branch_datetime_operator.py
[2026-02-28T21:54:31.166+0000] {processor.py:830} INFO - Processing file /home/airflow/.local/lib/python3.12/site-packages/airflow/example_dags/example_branch_datetime_operator.py for tasks to queue
[2026-02-28T21:54:31.171+0000] {logging_mixin.py:188} INFO - [2026-02-28T21:54:31.171+0000] {dagbag.py:545} INFO - Filling up the DagBag from /home/airflow/.local/lib/python3.12/site-packages/airflow/example_dags/example_branch_datetime_operator.py
[2026-02-28T21:54:31.188+0000] {processor.py:840} INFO - DAG(s) 'example_branch_datetime_operator_2', 'example_branch_datetime_operator', 'example_branch_datetime_operator_3' retrieved from /home/airflow/.local/lib/python3.12/site-packages/airflow/example_dags/example_branch_datetime_operator.py
[2026-02-28T21:54:31.230+0000] {logging_mixin.py:188} INFO - [2026-02-28T21:54:31.229+0000] {dag.py:3096} INFO - Sync 3 DAGs
[2026-02-28T21:54:31.271+0000] {logging_mixin.py:188} INFO - [2026-02-28T21:54:31.271+0000] {dag.py:3954} INFO - Setting next_dagrun for example_branch_datetime_operator to 2026-02-27 00:00:00+00:00, run_after=2026-02-28 00:00:00+00:00
[2026-02-28T21:54:31.281+0000] {logging_mixin.py:188} INFO - [2026-02-28T21:54:31.281+0000] {dag.py:3954} INFO - Setting next_dagrun for example_branch_datetime_operator_2 to 2026-02-27 00:00:00+00:00, run_after=2026-02-28 00:00:00+00:00
[2026-02-28T21:54:31.284+0000] {logging_mixin.py:188} INFO - [2026-02-28T21:54:31.284+0000] {dag.py:3954} INFO - Setting next_dagrun for example_branch_datetime_operator_3 to 2026-02-27 00:00:00+00:00, run_after=2026-02-28 00:00:00+00:00
[2026-02-28T21:54:31.324+0000] {processor.py:183} INFO - Processing /home/airflow/.local/lib/python3.12/site-packages/airflow/example_dags/example_branch_datetime_operator.py took 0.168 seconds
[2026-02-28T21:55:02.300+0000] {processor.py:161} INFO - Started process (PID=1722) to work on /home/airflow/.local/lib/python3.12/site-packages/airflow/example_dags/example_branch_datetime_operator.py
[2026-02-28T21:55:02.302+0000] {processor.py:830} INFO - Processing file /home/airflow/.local/lib/python3.12/site-packages/airflow/example_dags/example_branch_datetime_operator.py for tasks to queue
[2026-02-28T21:55:02.304+0000] {logging_mixin.py:188} INFO - [2026-02-28T21:55:02.304+0000] {dagbag.py:545} INFO - Filling up the DagBag from /home/airflow/.local/lib/python3.12/site-packages/airflow/example_dags/example_branch_datetime_operator.py
[2026-02-28T21:55:02.328+0000] {processor.py:840} INFO - DAG(s) 'example_branch_datetime_operator_2', 'example_branch_datetime_operator_3', 'example_branch_datetime_operator' retrieved from /home/airflow/.local/lib/python3.12/site-packages/airflow/example_dags/example_branch_datetime_operator.py
[2026-02-28T21:55:02.387+0000] {logging_mixin.py:188} INFO - [2026-02-28T21:55:02.386+0000] {dag.py:3096} INFO - Sync 3 DAGs
[2026-02-28T21:55:02.431+0000] {logging_mixin.py:188} INFO - [2026-02-28T21:55:02.430+0000] {dag.py:3954} INFO - Setting next_dagrun for example_branch_datetime_operator to 2026-02-27 00:00:00+00:00, run_after=2026-02-28 00:00:00+00:00
[2026-02-28T21:55:02.437+0000] {logging_mixin.py:188} INFO - [2026-02-28T21:55:02.436+0000] {dag.py:3954} INFO - Setting next_dagrun for example_branch_datetime_operator_2 to 2026-02-27 00:00:00+00:00, run_after=2026-02-28 00:00:00+00:00
[2026-02-28T21:55:02.438+0000] {logging_mixin.py:188} INFO - [2026-02-28T21:55:02.438+0000] {dag.py:3954} INFO - Setting next_dagrun for example_branch_datetime_operator_3 to 2026-02-27 00:00:00+00:00, run_after=2026-02-28 00:00:00+00:00
[2026-02-28T21:55:02.469+0000] {processor.py:183} INFO - Processing /home/airflow/.local/lib/python3.12/site-packages/airflow/example_dags/example_branch_datetime_operator.py took 0.176 seconds
[2026-02-28T21:55:34.264+0000] {processor.py:161} INFO - Started process (PID=1780) to work on /home/airflow/.local/lib/python3.12/site-packages/airflow/example_dags/example_branch_datetime_operator.py
[2026-02-28T21:55:34.267+0000] {processor.py:830} INFO - Processing file /home/airflow/.local/lib/python3.12/site-packages/airflow/example_dags/example_branch_datetime_operator.py for tasks to queue
[2026-02-28T21:55:34.271+0000] {logging_mixin.py:188} INFO - [2026-02-28T21:55:34.270+0000] {dagbag.py:545} INFO - Filling up the DagBag from /home/airflow/.local/lib/python3.12/site-packages/airflow/example_dags/example_branch_datetime_operator.py
[2026-02-28T21:55:34.290+0000] {processor.py:840} INFO - DAG(s) 'example_branch_datetime_operator', 'example_branch_datetime_operator_3', 'example_branch_datetime_operator_2' retrieved from /home/airflow/.local/lib/python3.12/site-packages/airflow/example_dags/example_branch_datetime_operator.py
[2026-02-28T21:55:34.344+0000] {logging_mixin.py:188} INFO - [2026-02-28T21:55:34.343+0000] {dag.py:3096} INFO - Sync 3 DAGs
[2026-02-28T21:55:34.377+0000] {logging_mixin.py:188} INFO - [2026-02-28T21:55:34.376+0000] {dag.py:3954} INFO - Setting next_dagrun for example_branch_datetime_operator to 2026-02-27 00:00:00+00:00, run_after=2026-02-28 00:00:00+00:00
[2026-02-28T21:55:34.385+0000] {logging_mixin.py:188} INFO - [2026-02-28T21:55:34.385+0000] {dag.py:3954} INFO - Setting next_dagrun for example_branch_datetime_operator_2 to 2026-02-27 00:00:00+00:00, run_after=2026-02-28 00:00:00+00:00
[2026-02-28T21:55:34.392+0000] {logging_mixin.py:188} INFO - [2026-02-28T21:55:34.392+0000] {dag.py:3954} INFO - Setting next_dagrun for example_branch_datetime_operator_3 to 2026-02-27 00:00:00+00:00, run_after=2026-02-28 00:00:00+00:00
[2026-02-28T21:55:34.417+0000] {processor.py:183} INFO - Processing /home/airflow/.local/lib/python3.12/site-packages/airflow/example_dags/example_branch_datetime_operator.py took 0.161 seconds
[2026-02-28T21:56:05.815+0000] {processor.py:161} INFO - Started process (PID=1836) to work on /home/airflow/.local/lib/python3.12/site-packages/airflow/example_dags/example_branch_datetime_operator.py
[2026-02-28T21:56:05.818+0000] {processor.py:830} INFO - Processing file /home/airflow/.local/lib/python3.12/site-packages/airflow/example_dags/example_branch_datetime_operator.py for tasks to queue
[2026-02-28T21:56:05.820+0000] {logging_mixin.py:188} INFO - [2026-02-28T21:56:05.820+0000] {dagbag.py:545} INFO - Filling up the DagBag from /home/airflow/.local/lib/python3.12/site-packages/airflow/example_dags/example_branch_datetime_operator.py
[2026-02-28T21:56:05.848+0000] {processor.py:840} INFO - DAG(s) 'example_branch_datetime_operator_2', 'example_branch_datetime_operator_3', 'example_branch_datetime_operator' retrieved from /home/airflow/.local/lib/python3.12/site-packages/airflow/example_dags/example_branch_datetime_operator.py
[2026-02-28T21:56:05.938+0000] {logging_mixin.py:188} INFO - [2026-02-28T21:56:05.936+0000] {dag.py:3096} INFO - Sync 3 DAGs
[2026-02-28T21:56:05.977+0000] {logging_mixin.py:188} INFO - [2026-02-28T21:56:05.977+0000] {dag.py:3954} INFO - Setting next_dagrun for example_branch_datetime_operator to 2026-02-27 00:00:00+00:00, run_after=2026-02-28 00:00:00+00:00
[2026-02-28T21:56:05.990+0000] {logging_mixin.py:188} INFO - [2026-02-28T21:56:05.990+0000] {dag.py:3954} INFO - Setting next_dagrun for example_branch_datetime_operator_2 to 2026-02-27 00:00:00+00:00, run_after=2026-02-28 00:00:00+00:00
[2026-02-28T21:56:05.999+0000] {logging_mixin.py:188} INFO - [2026-02-28T21:56:05.998+0000] {dag.py:3954} INFO - Setting next_dagrun for example_branch_datetime_operator_3 to 2026-02-27 00:00:00+00:00, run_after=2026-02-28 00:00:00+00:00
[2026-02-28T21:56:06.046+0000] {processor.py:183} INFO - Processing /home/airflow/.local/lib/python3.12/site-packages/airflow/example_dags/example_branch_datetime_operator.py took 0.239 seconds
[2026-02-28T21:56:37.038+0000] {processor.py:161} INFO - Started process (PID=1894) to work on /home/airflow/.local/lib/python3.12/site-packages/airflow/example_dags/example_branch_datetime_operator.py
[2026-02-28T21:56:37.041+0000] {processor.py:830} INFO - Processing file /home/airflow/.local/lib/python3.12/site-packages/airflow/example_dags/example_branch_datetime_operator.py for tasks to queue
[2026-02-28T21:56:37.043+0000] {logging_mixin.py:188} INFO - [2026-02-28T21:56:37.043+0000] {dagbag.py:545} INFO - Filling up the DagBag from /home/airflow/.local/lib/python3.12/site-packages/airflow/example_dags/example_branch_datetime_operator.py
[2026-02-28T21:56:37.055+0000] {processor.py:840} INFO - DAG(s) 'example_branch_datetime_operator', 'example_branch_datetime_operator_3', 'example_branch_datetime_operator_2' retrieved from /home/airflow/.local/lib/python3.12/site-packages/airflow/example_dags/example_branch_datetime_operator.py
[2026-02-28T21:56:37.082+0000] {logging_mixin.py:188} INFO - [2026-02-28T21:56:37.081+0000] {dag.py:3096} INFO - Sync 3 DAGs
[2026-02-28T21:56:37.096+0000] {logging_mixin.py:188} INFO - [2026-02-28T21:56:37.095+0000] {dag.py:3954} INFO - Setting next_dagrun for example_branch_datetime_operator to 2026-02-27 00:00:00+00:00, run_after=2026-02-28 00:00:00+00:00
[2026-02-28T21:56:37.098+0000] {logging_mixin.py:188} INFO - [2026-02-28T21:56:37.098+0000] {dag.py:3954} INFO - Setting next_dagrun for example_branch_datetime_operator_2 to 2026-02-27 00:00:00+00:00, run_after=2026-02-28 00:00:00+00:00
[2026-02-28T21:56:37.101+0000] {logging_mixin.py:188} INFO - [2026-02-28T21:56:37.101+0000] {dag.py:3954} INFO - Setting next_dagrun for example_branch_datetime_operator_3 to 2026-02-27 00:00:00+00:00, run_after=2026-02-28 00:00:00+00:00
[2026-02-28T21:56:37.115+0000] {processor.py:183} INFO - Processing /home/airflow/.local/lib/python3.12/site-packages/airflow/example_dags/example_branch_datetime_operator.py took 0.086 seconds
[2026-02-28T21:57:07.303+0000] {processor.py:161} INFO - Started process (PID=1952) to work on /home/airflow/.local/lib/python3.12/site-packages/airflow/example_dags/example_branch_datetime_operator.py
[2026-02-28T21:57:07.308+0000] {processor.py:830} INFO - Processing file /home/airflow/.local/lib/python3.12/site-packages/airflow/example_dags/example_branch_datetime_operator.py for tasks to queue
[2026-02-28T21:57:07.313+0000] {logging_mixin.py:188} INFO - [2026-02-28T21:57:07.313+0000] {dagbag.py:545} INFO - Filling up the DagBag from /home/airflow/.local/lib/python3.12/site-packages/airflow/example_dags/example_branch_datetime_operator.py
[2026-02-28T21:57:07.331+0000] {processor.py:840} INFO - DAG(s) 'example_branch_datetime_operator_2', 'example_branch_datetime_operator', 'example_branch_datetime_operator_3' retrieved from /home/airflow/.local/lib/python3.12/site-packages/airflow/example_dags/example_branch_datetime_operator.py
[2026-02-28T21:57:07.367+0000] {logging_mixin.py:188} INFO - [2026-02-28T21:57:07.367+0000] {dag.py:3096} INFO - Sync 3 DAGs
[2026-02-28T21:57:07.383+0000] {logging_mixin.py:188} INFO - [2026-02-28T21:57:07.383+0000] {dag.py:3954} INFO - Setting next_dagrun for example_branch_datetime_operator to 2026-02-27 00:00:00+00:00, run_after=2026-02-28 00:00:00+00:00
[2026-02-28T21:57:07.387+0000] {logging_mixin.py:188} INFO - [2026-02-28T21:57:07.386+0000] {dag.py:3954} INFO - Setting next_dagrun for example_branch_datetime_operator_2 to 2026-02-27 00:00:00+00:00, run_after=2026-02-28 00:00:00+00:00
[2026-02-28T21:57:07.388+0000] {logging_mixin.py:188} INFO - [2026-02-28T21:57:07.388+0000] {dag.py:3954} INFO - Setting next_dagrun for example_branch_datetime_operator_3 to 2026-02-27 00:00:00+00:00, run_after=2026-02-28 00:00:00+00:00
[2026-02-28T21:57:07.400+0000] {processor.py:183} INFO - Processing /home/airflow/.local/lib/python3.12/site-packages/airflow/example_dags/example_branch_datetime_operator.py took 0.110 seconds
[2026-02-28T21:57:37.759+0000] {processor.py:161} INFO - Started process (PID=2010) to work on /home/airflow/.local/lib/python3.12/site-packages/airflow/example_dags/example_branch_datetime_operator.py
[2026-02-28T21:57:37.761+0000] {processor.py:830} INFO - Processing file /home/airflow/.local/lib/python3.12/site-packages/airflow/example_dags/example_branch_datetime_operator.py for tasks to queue
[2026-02-28T21:57:37.767+0000] {logging_mixin.py:188} INFO - [2026-02-28T21:57:37.766+0000] {dagbag.py:545} INFO - Filling up the DagBag from /home/airflow/.local/lib/python3.12/site-packages/airflow/example_dags/example_branch_datetime_operator.py
[2026-02-28T21:57:37.789+0000] {processor.py:840} INFO - DAG(s) 'example_branch_datetime_operator_2', 'example_branch_datetime_operator', 'example_branch_datetime_operator_3' retrieved from /home/airflow/.local/lib/python3.12/site-packages/airflow/example_dags/example_branch_datetime_operator.py
[2026-02-28T21:57:37.843+0000] {logging_mixin.py:188} INFO - [2026-02-28T21:57:37.842+0000] {dag.py:3096} INFO - Sync 3 DAGs
[2026-02-28T21:57:37.868+0000] {logging_mixin.py:188} INFO - [2026-02-28T21:57:37.868+0000] {dag.py:3954} INFO - Setting next_dagrun for example_branch_datetime_operator to 2026-02-27 00:00:00+00:00, run_after=2026-02-28 00:00:00+00:00
[2026-02-28T21:57:37.873+0000] {logging_mixin.py:188} INFO - [2026-02-28T21:57:37.873+0000] {dag.py:3954} INFO - Setting next_dagrun for example_branch_datetime_operator_2 to 2026-02-27 00:00:00+00:00, run_after=2026-02-28 00:00:00+00:00
[2026-02-28T21:57:37.875+0000] {logging_mixin.py:188} INFO - [2026-02-28T21:57:37.875+0000] {dag.py:3954} INFO - Setting next_dagrun for example_branch_datetime_operator_3 to 2026-02-27 00:00:00+00:00, run_after=2026-02-28 00:00:00+00:00
[2026-02-28T21:57:37.893+0000] {processor.py:183} INFO - Processing /home/airflow/.local/lib/python3.12/site-packages/airflow/example_dags/example_branch_datetime_operator.py took 0.157 seconds
[2026-02-28T21:58:07.951+0000] {processor.py:161} INFO - Started process (PID=2068) to work on /home/airflow/.local/lib/python3.12/site-packages/airflow/example_dags/example_branch_datetime_operator.py
[2026-02-28T21:58:07.952+0000] {processor.py:830} INFO - Processing file /home/airflow/.local/lib/python3.12/site-packages/airflow/example_dags/example_branch_datetime_operator.py for tasks to queue
[2026-02-28T21:58:07.954+0000] {logging_mixin.py:188} INFO - [2026-02-28T21:58:07.954+0000] {dagbag.py:545} INFO - Filling up the DagBag from /home/airflow/.local/lib/python3.12/site-packages/airflow/example_dags/example_branch_datetime_operator.py
[2026-02-28T21:58:07.967+0000] {processor.py:840} INFO - DAG(s) 'example_branch_datetime_operator', 'example_branch_datetime_operator_2', 'example_branch_datetime_operator_3' retrieved from /home/airflow/.local/lib/python3.12/site-packages/airflow/example_dags/example_branch_datetime_operator.py
[2026-02-28T21:58:07.993+0000] {logging_mixin.py:188} INFO - [2026-02-28T21:58:07.993+0000] {dag.py:3096} INFO - Sync 3 DAGs
[2026-02-28T21:58:08.010+0000] {logging_mixin.py:188} INFO - [2026-02-28T21:58:08.010+0000] {dag.py:3954} INFO - Setting next_dagrun for example_branch_datetime_operator to 2026-02-27 00:00:00+00:00, run_after=2026-02-28 00:00:00+00:00
[2026-02-28T21:58:08.013+0000] {logging_mixin.py:188} INFO - [2026-02-28T21:58:08.013+0000] {dag.py:3954} INFO - Setting next_dagrun for example_branch_datetime_operator_2 to 2026-02-27 00:00:00+00:00, run_after=2026-02-28 00:00:00+00:00
[2026-02-28T21:58:08.015+0000] {logging_mixin.py:188} INFO - [2026-02-28T21:58:08.015+0000] {dag.py:3954} INFO - Setting next_dagrun for example_branch_datetime_operator_3 to 2026-02-27 00:00:00+00:00, run_after=2026-02-28 00:00:00+00:00
[2026-02-28T21:58:08.025+0000] {processor.py:183} INFO - Processing /home/airflow/.local/lib/python3.12/site-packages/airflow/example_dags/example_branch_datetime_operator.py took 0.083 seconds
[2026-02-28T21:58:38.902+0000] {processor.py:161} INFO - Started process (PID=2126) to work on /home/airflow/.local/lib/python3.12/site-packages/airflow/example_dags/example_branch_datetime_operator.py
[2026-02-28T21:58:38.905+0000] {processor.py:830} INFO - Processing file /home/airflow/.local/lib/python3.12/site-packages/airflow/example_dags/example_branch_datetime_operator.py for tasks to queue
[2026-02-28T21:58:38.910+0000] {logging_mixin.py:188} INFO - [2026-02-28T21:58:38.910+0000] {dagbag.py:545} INFO - Filling up the DagBag from /home/airflow/.local/lib/python3.12/site-packages/airflow/example_dags/example_branch_datetime_operator.py
[2026-02-28T21:58:38.924+0000] {processor.py:840} INFO - DAG(s) 'example_branch_datetime_operator_2', 'example_branch_datetime_operator_3', 'example_branch_datetime_operator' retrieved from /home/airflow/.local/lib/python3.12/site-packages/airflow/example_dags/example_branch_datetime_operator.py
[2026-02-28T21:58:38.951+0000] {logging_mixin.py:188} INFO - [2026-02-28T21:58:38.950+0000] {dag.py:3096} INFO - Sync 3 DAGs
[2026-02-28T21:58:38.970+0000] {logging_mixin.py:188} INFO - [2026-02-28T21:58:38.970+0000] {dag.py:3954} INFO - Setting next_dagrun for example_branch_datetime_operator to 2026-02-27 00:00:00+00:00, run_after=2026-02-28 00:00:00+00:00
[2026-02-28T21:58:38.974+0000] {logging_mixin.py:188} INFO - [2026-02-28T21:58:38.974+0000] {dag.py:3954} INFO - Setting next_dagrun for example_branch_datetime_operator_2 to 2026-02-27 00:00:00+00:00, run_after=2026-02-28 00:00:00+00:00
[2026-02-28T21:58:38.975+0000] {logging_mixin.py:188} INFO - [2026-02-28T21:58:38.975+0000] {dag.py:3954} INFO - Setting next_dagrun for example_branch_datetime_operator_3 to 2026-02-27 00:00:00+00:00, run_after=2026-02-28 00:00:00+00:00
[2026-02-28T21:58:38.990+0000] {processor.py:183} INFO - Processing /home/airflow/.local/lib/python3.12/site-packages/airflow/example_dags/example_branch_datetime_operator.py took 0.105 seconds
[2026-02-28T21:59:09.259+0000] {processor.py:161} INFO - Started process (PID=2184) to work on /home/airflow/.local/lib/python3.12/site-packages/airflow/example_dags/example_branch_datetime_operator.py
[2026-02-28T21:59:09.261+0000] {processor.py:830} INFO - Processing file /home/airflow/.local/lib/python3.12/site-packages/airflow/example_dags/example_branch_datetime_operator.py for tasks to queue
[2026-02-28T21:59:09.268+0000] {logging_mixin.py:188} INFO - [2026-02-28T21:59:09.267+0000] {dagbag.py:545} INFO - Filling up the DagBag from /home/airflow/.local/lib/python3.12/site-packages/airflow/example_dags/example_branch_datetime_operator.py
[2026-02-28T21:59:09.283+0000] {processor.py:840} INFO - DAG(s) 'example_branch_datetime_operator_2', 'example_branch_datetime_operator_3', 'example_branch_datetime_operator' retrieved from /home/airflow/.local/lib/python3.12/site-packages/airflow/example_dags/example_branch_datetime_operator.py
[2026-02-28T21:59:09.309+0000] {logging_mixin.py:188} INFO - [2026-02-28T21:59:09.309+0000] {dag.py:3096} INFO - Sync 3 DAGs
[2026-02-28T21:59:09.331+0000] {logging_mixin.py:188} INFO - [2026-02-28T21:59:09.330+0000] {dag.py:3954} INFO - Setting next_dagrun for example_branch_datetime_operator to 2026-02-27 00:00:00+00:00, run_after=2026-02-28 00:00:00+00:00
[2026-02-28T21:59:09.333+0000] {logging_mixin.py:188} INFO - [2026-02-28T21:59:09.333+0000] {dag.py:3954} INFO - Setting next_dagrun for example_branch_datetime_operator_2 to 2026-02-27 00:00:00+00:00, run_after=2026-02-28 00:00:00+00:00
[2026-02-28T21:59:09.336+0000] {logging_mixin.py:188} INFO - [2026-02-28T21:59:09.336+0000] {dag.py:3954} INFO - Setting next_dagrun for example_branch_datetime_operator_3 to 2026-02-27 00:00:00+00:00, run_after=2026-02-28 00:00:00+00:00
[2026-02-28T21:59:09.347+0000] {processor.py:183} INFO - Processing /home/airflow/.local/lib/python3.12/site-packages/airflow/example_dags/example_branch_datetime_operator.py took 0.098 seconds
[2026-02-28T21:59:39.617+0000] {processor.py:161} INFO - Started process (PID=2242) to work on /home/airflow/.local/lib/python3.12/site-packages/airflow/example_dags/example_branch_datetime_operator.py
[2026-02-28T21:59:39.618+0000] {processor.py:830} INFO - Processing file /home/airflow/.local/lib/python3.12/site-packages/airflow/example_dags/example_branch_datetime_operator.py for tasks to queue
[2026-02-28T21:59:39.620+0000] {logging_mixin.py:188} INFO - [2026-02-28T21:59:39.619+0000] {dagbag.py:545} INFO - Filling up the DagBag from /home/airflow/.local/lib/python3.12/site-packages/airflow/example_dags/example_branch_datetime_operator.py
[2026-02-28T21:59:39.631+0000] {processor.py:840} INFO - DAG(s) 'example_branch_datetime_operator_2', 'example_branch_datetime_operator_3', 'example_branch_datetime_operator' retrieved from /home/airflow/.local/lib/python3.12/site-packages/airflow/example_dags/example_branch_datetime_operator.py
[2026-02-28T21:59:39.659+0000] {logging_mixin.py:188} INFO - [2026-02-28T21:59:39.659+0000] {dag.py:3096} INFO - Sync 3 DAGs
[2026-02-28T21:59:39.676+0000] {logging_mixin.py:188} INFO - [2026-02-28T21:59:39.675+0000] {dag.py:3954} INFO - Setting next_dagrun for example_branch_datetime_operator to 2026-02-27 00:00:00+00:00, run_after=2026-02-28 00:00:00+00:00
[2026-02-28T21:59:39.681+0000] {logging_mixin.py:188} INFO - [2026-02-28T21:59:39.681+0000] {dag.py:3954} INFO - Setting next_dagrun for example_branch_datetime_operator_2 to 2026-02-27 00:00:00+00:00, run_after=2026-02-28 00:00:00+00:00
[2026-02-28T21:59:39.682+0000] {logging_mixin.py:188} INFO - [2026-02-28T21:59:39.682+0000] {dag.py:3954} INFO - Setting next_dagrun for example_branch_datetime_operator_3 to 2026-02-27 00:00:00+00:00, run_after=2026-02-28 00:00:00+00:00
[2026-02-28T21:59:39.995+0000] {processor.py:183} INFO - Processing /home/airflow/.local/lib/python3.12/site-packages/airflow/example_dags/example_branch_datetime_operator.py took 0.386 seconds
[2026-02-28T22:00:10.277+0000] {processor.py:161} INFO - Started process (PID=2300) to work on /home/airflow/.local/lib/python3.12/site-packages/airflow/example_dags/example_branch_datetime_operator.py
[2026-02-28T22:00:10.279+0000] {processor.py:830} INFO - Processing file /home/airflow/.local/lib/python3.12/site-packages/airflow/example_dags/example_branch_datetime_operator.py for tasks to queue
[2026-02-28T22:00:10.280+0000] {logging_mixin.py:188} INFO - [2026-02-28T22:00:10.280+0000] {dagbag.py:545} INFO - Filling up the DagBag from /home/airflow/.local/lib/python3.12/site-packages/airflow/example_dags/example_branch_datetime_operator.py
[2026-02-28T22:00:10.285+0000] {processor.py:840} INFO - DAG(s) 'example_branch_datetime_operator', 'example_branch_datetime_operator_3', 'example_branch_datetime_operator_2' retrieved from /home/airflow/.local/lib/python3.12/site-packages/airflow/example_dags/example_branch_datetime_operator.py
[2026-02-28T22:00:10.306+0000] {logging_mixin.py:188} INFO - [2026-02-28T22:00:10.306+0000] {dag.py:3096} INFO - Sync 3 DAGs
[2026-02-28T22:00:10.320+0000] {logging_mixin.py:188} INFO - [2026-02-28T22:00:10.320+0000] {dag.py:3954} INFO - Setting next_dagrun for example_branch_datetime_operator to 2026-02-27 00:00:00+00:00, run_after=2026-02-28 00:00:00+00:00
[2026-02-28T22:00:10.324+0000] {logging_mixin.py:188} INFO - [2026-02-28T22:00:10.324+0000] {dag.py:3954} INFO - Setting next_dagrun for example_branch_datetime_operator_2 to 2026-02-27 00:00:00+00:00, run_after=2026-02-28 00:00:00+00:00
[2026-02-28T22:00:10.325+0000] {logging_mixin.py:188} INFO - [2026-02-28T22:00:10.325+0000] {dag.py:3954} INFO - Setting next_dagrun for example_branch_datetime_operator_3 to 2026-02-27 00:00:00+00:00, run_after=2026-02-28 00:00:00+00:00
[2026-02-28T22:00:10.668+0000] {processor.py:183} INFO - Processing /home/airflow/.local/lib/python3.12/site-packages/airflow/example_dags/example_branch_datetime_operator.py took 0.395 seconds
[2026-02-28T22:00:40.981+0000] {processor.py:161} INFO - Started process (PID=2358) to work on /home/airflow/.local/lib/python3.12/site-packages/airflow/example_dags/example_branch_datetime_operator.py
[2026-02-28T22:00:40.983+0000] {processor.py:830} INFO - Processing file /home/airflow/.local/lib/python3.12/site-packages/airflow/example_dags/example_branch_datetime_operator.py for tasks to queue
[2026-02-28T22:00:40.987+0000] {logging_mixin.py:188} INFO - [2026-02-28T22:00:40.986+0000] {dagbag.py:545} INFO - Filling up the DagBag from /home/airflow/.local/lib/python3.12/site-packages/airflow/example_dags/example_branch_datetime_operator.py
[2026-02-28T22:00:40.994+0000] {processor.py:840} INFO - DAG(s) 'example_branch_datetime_operator_2', 'example_branch_datetime_operator_3', 'example_branch_datetime_operator' retrieved from /home/airflow/.local/lib/python3.12/site-packages/airflow/example_dags/example_branch_datetime_operator.py
[2026-02-28T22:00:41.012+0000] {logging_mixin.py:188} INFO - [2026-02-28T22:00:41.011+0000] {dag.py:3096} INFO - Sync 3 DAGs
[2026-02-28T22:00:41.026+0000] {logging_mixin.py:188} INFO - [2026-02-28T22:00:41.025+0000] {dag.py:3954} INFO - Setting next_dagrun for example_branch_datetime_operator to 2026-02-27 00:00:00+00:00, run_after=2026-02-28 00:00:00+00:00
[2026-02-28T22:00:41.028+0000] {logging_mixin.py:188} INFO - [2026-02-28T22:00:41.028+0000] {dag.py:3954} INFO - Setting next_dagrun for example_branch_datetime_operator_2 to 2026-02-27 00:00:00+00:00, run_after=2026-02-28 00:00:00+00:00
[2026-02-28T22:00:41.029+0000] {logging_mixin.py:188} INFO - [2026-02-28T22:00:41.029+0000] {dag.py:3954} INFO - Setting next_dagrun for example_branch_datetime_operator_3 to 2026-02-27 00:00:00+00:00, run_after=2026-02-28 00:00:00+00:00
[2026-02-28T22:00:41.037+0000] {processor.py:183} INFO - Processing /home/airflow/.local/lib/python3.12/site-packages/airflow/example_dags/example_branch_datetime_operator.py took 0.060 seconds
[2026-02-28T22:01:11.775+0000] {processor.py:161} INFO - Started process (PID=2415) to work on /home/airflow/.local/lib/python3.12/site-packages/airflow/example_dags/example_branch_datetime_operator.py
[2026-02-28T22:01:11.777+0000] {processor.py:830} INFO - Processing file /home/airflow/.local/lib/python3.12/site-packages/airflow/example_dags/example_branch_datetime_operator.py for tasks to queue
[2026-02-28T22:01:11.779+0000] {logging_mixin.py:188} INFO - [2026-02-28T22:01:11.778+0000] {dagbag.py:545} INFO - Filling up the DagBag from /home/airflow/.local/lib/python3.12/site-packages/airflow/example_dags/example_branch_datetime_operator.py
[2026-02-28T22:01:11.784+0000] {processor.py:840} INFO - DAG(s) 'example_branch_datetime_operator', 'example_branch_datetime_operator_2', 'example_branch_datetime_operator_3' retrieved from /home/airflow/.local/lib/python3.12/site-packages/airflow/example_dags/example_branch_datetime_operator.py
[2026-02-28T22:01:11.797+0000] {logging_mixin.py:188} INFO - [2026-02-28T22:01:11.797+0000] {dag.py:3096} INFO - Sync 3 DAGs
[2026-02-28T22:01:11.808+0000] {logging_mixin.py:188} INFO - [2026-02-28T22:01:11.808+0000] {dag.py:3954} INFO - Setting next_dagrun for example_branch_datetime_operator to 2026-02-27 00:00:00+00:00, run_after=2026-02-28 00:00:00+00:00
[2026-02-28T22:01:11.810+0000] {logging_mixin.py:188} INFO - [2026-02-28T22:01:11.810+0000] {dag.py:3954} INFO - Setting next_dagrun for example_branch_datetime_operator_2 to 2026-02-27 00:00:00+00:00, run_after=2026-02-28 00:00:00+00:00
[2026-02-28T22:01:11.811+0000] {logging_mixin.py:188} INFO - [2026-02-28T22:01:11.811+0000] {dag.py:3954} INFO - Setting next_dagrun for example_branch_datetime_operator_3 to 2026-02-27 00:00:00+00:00, run_after=2026-02-28 00:00:00+00:00
[2026-02-28T22:01:11.818+0000] {processor.py:183} INFO - Processing /home/airflow/.local/lib/python3.12/site-packages/airflow/example_dags/example_branch_datetime_operator.py took 0.046 seconds
[2026-02-28T22:01:42.157+0000] {processor.py:161} INFO - Started process (PID=2473) to work on /home/airflow/.local/lib/python3.12/site-packages/airflow/example_dags/example_branch_datetime_operator.py
[2026-02-28T22:01:42.159+0000] {processor.py:830} INFO - Processing file /home/airflow/.local/lib/python3.12/site-packages/airflow/example_dags/example_branch_datetime_operator.py for tasks to queue
[2026-02-28T22:01:42.160+0000] {logging_mixin.py:188} INFO - [2026-02-28T22:01:42.160+0000] {dagbag.py:545} INFO - Filling up the DagBag from /home/airflow/.local/lib/python3.12/site-packages/airflow/example_dags/example_branch_datetime_operator.py
[2026-02-28T22:01:42.166+0000] {processor.py:840} INFO - DAG(s) 'example_branch_datetime_operator_3', 'example_branch_datetime_operator_2', 'example_branch_datetime_operator' retrieved from /home/airflow/.local/lib/python3.12/site-packages/airflow/example_dags/example_branch_datetime_operator.py
[2026-02-28T22:01:42.196+0000] {logging_mixin.py:188} INFO - [2026-02-28T22:01:42.196+0000] {dag.py:3096} INFO - Sync 3 DAGs
[2026-02-28T22:01:42.215+0000] {logging_mixin.py:188} INFO - [2026-02-28T22:01:42.214+0000] {dag.py:3954} INFO - Setting next_dagrun for example_branch_datetime_operator to 2026-02-27 00:00:00+00:00, run_after=2026-02-28 00:00:00+00:00
[2026-02-28T22:01:42.218+0000] {logging_mixin.py:188} INFO - [2026-02-28T22:01:42.218+0000] {dag.py:3954} INFO - Setting next_dagrun for example_branch_datetime_operator_2 to 2026-02-27 00:00:00+00:00, run_after=2026-02-28 00:00:00+00:00
[2026-02-28T22:01:42.219+0000] {logging_mixin.py:188} INFO - [2026-02-28T22:01:42.219+0000] {dag.py:3954} INFO - Setting next_dagrun for example_branch_datetime_operator_3 to 2026-02-27 00:00:00+00:00, run_after=2026-02-28 00:00:00+00:00
[2026-02-28T22:01:42.232+0000] {processor.py:183} INFO - Processing /home/airflow/.local/lib/python3.12/site-packages/airflow/example_dags/example_branch_datetime_operator.py took 0.079 seconds
[2026-02-28T22:02:13.098+0000] {processor.py:161} INFO - Started process (PID=2531) to work on /home/airflow/.local/lib/python3.12/site-packages/airflow/example_dags/example_branch_datetime_operator.py
[2026-02-28T22:02:13.099+0000] {processor.py:830} INFO - Processing file /home/airflow/.local/lib/python3.12/site-packages/airflow/example_dags/example_branch_datetime_operator.py for tasks to queue
[2026-02-28T22:02:13.101+0000] {logging_mixin.py:188} INFO - [2026-02-28T22:02:13.101+0000] {dagbag.py:545} INFO - Filling up the DagBag from /home/airflow/.local/lib/python3.12/site-packages/airflow/example_dags/example_branch_datetime_operator.py
[2026-02-28T22:02:13.112+0000] {processor.py:840} INFO - DAG(s) 'example_branch_datetime_operator_3', 'example_branch_datetime_operator', 'example_branch_datetime_operator_2' retrieved from /home/airflow/.local/lib/python3.12/site-packages/airflow/example_dags/example_branch_datetime_operator.py
[2026-02-28T22:02:13.144+0000] {logging_mixin.py:188} INFO - [2026-02-28T22:02:13.143+0000] {dag.py:3096} INFO - Sync 3 DAGs
[2026-02-28T22:02:13.161+0000] {logging_mixin.py:188} INFO - [2026-02-28T22:02:13.161+0000] {dag.py:3954} INFO - Setting next_dagrun for example_branch_datetime_operator to 2026-02-27 00:00:00+00:00, run_after=2026-02-28 00:00:00+00:00
[2026-02-28T22:02:13.166+0000] {logging_mixin.py:188} INFO - [2026-02-28T22:02:13.166+0000] {dag.py:3954} INFO - Setting next_dagrun for example_branch_datetime_operator_2 to 2026-02-27 00:00:00+00:00, run_after=2026-02-28 00:00:00+00:00
[2026-02-28T22:02:13.168+0000] {logging_mixin.py:188} INFO - [2026-02-28T22:02:13.168+0000] {dag.py:3954} INFO - Setting next_dagrun for example_branch_datetime_operator_3 to 2026-02-27 00:00:00+00:00, run_after=2026-02-28 00:00:00+00:00
[2026-02-28T22:02:13.189+0000] {processor.py:183} INFO - Processing /home/airflow/.local/lib/python3.12/site-packages/airflow/example_dags/example_branch_datetime_operator.py took 0.098 seconds
[2026-02-28T22:02:44.453+0000] {processor.py:161} INFO - Started process (PID=2589) to work on /home/airflow/.local/lib/python3.12/site-packages/airflow/example_dags/example_branch_datetime_operator.py
[2026-02-28T22:02:44.454+0000] {processor.py:830} INFO - Processing file /home/airflow/.local/lib/python3.12/site-packages/airflow/example_dags/example_branch_datetime_operator.py for tasks to queue
[2026-02-28T22:02:44.456+0000] {logging_mixin.py:188} INFO - [2026-02-28T22:02:44.456+0000] {dagbag.py:545} INFO - Filling up the DagBag from /home/airflow/.local/lib/python3.12/site-packages/airflow/example_dags/example_branch_datetime_operator.py
[2026-02-28T22:02:44.462+0000] {processor.py:840} INFO - DAG(s) 'example_branch_datetime_operator_2', 'example_branch_datetime_operator', 'example_branch_datetime_operator_3' retrieved from /home/airflow/.local/lib/python3.12/site-packages/airflow/example_dags/example_branch_datetime_operator.py
[2026-02-28T22:02:44.485+0000] {logging_mixin.py:188} INFO - [2026-02-28T22:02:44.484+0000] {dag.py:3096} INFO - Sync 3 DAGs
[2026-02-28T22:02:44.504+0000] {logging_mixin.py:188} INFO - [2026-02-28T22:02:44.504+0000] {dag.py:3954} INFO - Setting next_dagrun for example_branch_datetime_operator to 2026-02-27 00:00:00+00:00, run_after=2026-02-28 00:00:00+00:00
[2026-02-28T22:02:44.508+0000] {logging_mixin.py:188} INFO - [2026-02-28T22:02:44.507+0000] {dag.py:3954} INFO - Setting next_dagrun for example_branch_datetime_operator_2 to 2026-02-27 00:00:00+00:00, run_after=2026-02-28 00:00:00+00:00
[2026-02-28T22:02:44.510+0000] {logging_mixin.py:188} INFO - [2026-02-28T22:02:44.510+0000] {dag.py:3954} INFO - Setting next_dagrun for example_branch_datetime_operator_3 to 2026-02-27 00:00:00+00:00, run_after=2026-02-28 00:00:00+00:00
[2026-02-28T22:02:44.523+0000] {processor.py:183} INFO - Processing /home/airflow/.local/lib/python3.12/site-packages/airflow/example_dags/example_branch_datetime_operator.py took 0.075 seconds
[2026-02-28T22:03:14.559+0000] {processor.py:161} INFO - Started process (PID=2646) to work on /home/airflow/.local/lib/python3.12/site-packages/airflow/example_dags/example_branch_datetime_operator.py
[2026-02-28T22:03:14.560+0000] {processor.py:830} INFO - Processing file /home/airflow/.local/lib/python3.12/site-packages/airflow/example_dags/example_branch_datetime_operator.py for tasks to queue
[2026-02-28T22:03:14.561+0000] {logging_mixin.py:188} INFO - [2026-02-28T22:03:14.561+0000] {dagbag.py:545} INFO - Filling up the DagBag from /home/airflow/.local/lib/python3.12/site-packages/airflow/example_dags/example_branch_datetime_operator.py
[2026-02-28T22:03:14.567+0000] {processor.py:840} INFO - DAG(s) 'example_branch_datetime_operator', 'example_branch_datetime_operator_3', 'example_branch_datetime_operator_2' retrieved from /home/airflow/.local/lib/python3.12/site-packages/airflow/example_dags/example_branch_datetime_operator.py
[2026-02-28T22:03:14.596+0000] {logging_mixin.py:188} INFO - [2026-02-28T22:03:14.595+0000] {dag.py:3096} INFO - Sync 3 DAGs
[2026-02-28T22:03:14.611+0000] {logging_mixin.py:188} INFO - [2026-02-28T22:03:14.611+0000] {dag.py:3954} INFO - Setting next_dagrun for example_branch_datetime_operator to 2026-02-27 00:00:00+00:00, run_after=2026-02-28 00:00:00+00:00
[2026-02-28T22:03:14.615+0000] {logging_mixin.py:188} INFO - [2026-02-28T22:03:14.615+0000] {dag.py:3954} INFO - Setting next_dagrun for example_branch_datetime_operator_2 to 2026-02-27 00:00:00+00:00, run_after=2026-02-28 00:00:00+00:00
[2026-02-28T22:03:14.617+0000] {logging_mixin.py:188} INFO - [2026-02-28T22:03:14.617+0000] {dag.py:3954} INFO - Setting next_dagrun for example_branch_datetime_operator_3 to 2026-02-27 00:00:00+00:00, run_after=2026-02-28 00:00:00+00:00
[2026-02-28T22:03:14.630+0000] {processor.py:183} INFO - Processing /home/airflow/.local/lib/python3.12/site-packages/airflow/example_dags/example_branch_datetime_operator.py took 0.074 seconds
[2026-02-28T22:03:45.739+0000] {processor.py:161} INFO - Started process (PID=2704) to work on /home/airflow/.local/lib/python3.12/site-packages/airflow/example_dags/example_branch_datetime_operator.py
[2026-02-28T22:03:45.740+0000] {processor.py:830} INFO - Processing file /home/airflow/.local/lib/python3.12/site-packages/airflow/example_dags/example_branch_datetime_operator.py for tasks to queue
[2026-02-28T22:03:45.744+0000] {logging_mixin.py:188} INFO - [2026-02-28T22:03:45.744+0000] {dagbag.py:545} INFO - Filling up the DagBag from /home/airflow/.local/lib/python3.12/site-packages/airflow/example_dags/example_branch_datetime_operator.py
[2026-02-28T22:03:45.750+0000] {processor.py:840} INFO - DAG(s) 'example_branch_datetime_operator_3', 'example_branch_datetime_operator', 'example_branch_datetime_operator_2' retrieved from /home/airflow/.local/lib/python3.12/site-packages/airflow/example_dags/example_branch_datetime_operator.py
[2026-02-28T22:03:45.795+0000] {logging_mixin.py:188} INFO - [2026-02-28T22:03:45.795+0000] {dag.py:3096} INFO - Sync 3 DAGs
[2026-02-28T22:03:45.812+0000] {logging_mixin.py:188} INFO - [2026-02-28T22:03:45.812+0000] {dag.py:3954} INFO - Setting next_dagrun for example_branch_datetime_operator to 2026-02-27 00:00:00+00:00, run_after=2026-02-28 00:00:00+00:00
[2026-02-28T22:03:45.820+0000] {logging_mixin.py:188} INFO - [2026-02-28T22:03:45.819+0000] {dag.py:3954} INFO - Setting next_dagrun for example_branch_datetime_operator_2 to 2026-02-27 00:00:00+00:00, run_after=2026-02-28 00:00:00+00:00
[2026-02-28T22:03:45.822+0000] {logging_mixin.py:188} INFO - [2026-02-28T22:03:45.822+0000] {dag.py:3954} INFO - Setting next_dagrun for example_branch_datetime_operator_3 to 2026-02-27 00:00:00+00:00, run_after=2026-02-28 00:00:00+00:00
[2026-02-28T22:03:45.839+0000] {processor.py:183} INFO - Processing /home/airflow/.local/lib/python3.12/site-packages/airflow/example_dags/example_branch_datetime_operator.py took 0.106 seconds
[2026-02-28T22:04:16.524+0000] {processor.py:161} INFO - Started process (PID=2762) to work on /home/airflow/.local/lib/python3.12/site-packages/airflow/example_dags/example_branch_datetime_operator.py
[2026-02-28T22:04:16.527+0000] {processor.py:830} INFO - Processing file /home/airflow/.local/lib/python3.12/site-packages/airflow/example_dags/example_branch_datetime_operator.py for tasks to queue
[2026-02-28T22:04:16.530+0000] {logging_mixin.py:188} INFO - [2026-02-28T22:04:16.529+0000] {dagbag.py:545} INFO - Filling up the DagBag from /home/airflow/.local/lib/python3.12/site-packages/airflow/example_dags/example_branch_datetime_operator.py
[2026-02-28T22:04:16.538+0000] {processor.py:840} INFO - DAG(s) 'example_branch_datetime_operator_3', 'example_branch_datetime_operator_2', 'example_branch_datetime_operator' retrieved from /home/airflow/.local/lib/python3.12/site-packages/airflow/example_dags/example_branch_datetime_operator.py
[2026-02-28T22:04:16.559+0000] {logging_mixin.py:188} INFO - [2026-02-28T22:04:16.558+0000] {dag.py:3096} INFO - Sync 3 DAGs
[2026-02-28T22:04:16.576+0000] {logging_mixin.py:188} INFO - [2026-02-28T22:04:16.576+0000] {dag.py:3954} INFO - Setting next_dagrun for example_branch_datetime_operator to 2026-02-27 00:00:00+00:00, run_after=2026-02-28 00:00:00+00:00
[2026-02-28T22:04:16.580+0000] {logging_mixin.py:188} INFO - [2026-02-28T22:04:16.579+0000] {dag.py:3954} INFO - Setting next_dagrun for example_branch_datetime_operator_2 to 2026-02-27 00:00:00+00:00, run_after=2026-02-28 00:00:00+00:00
[2026-02-28T22:04:16.581+0000] {logging_mixin.py:188} INFO - [2026-02-28T22:04:16.581+0000] {dag.py:3954} INFO - Setting next_dagrun for example_branch_datetime_operator_3 to 2026-02-27 00:00:00+00:00, run_after=2026-02-28 00:00:00+00:00
[2026-02-28T22:04:16.594+0000] {processor.py:183} INFO - Processing /home/airflow/.local/lib/python3.12/site-packages/airflow/example_dags/example_branch_datetime_operator.py took 0.076 seconds
