[2026-02-28T21:40:04.852+0000] {processor.py:161} INFO - Started process (PID=79) to work on /home/airflow/.local/lib/python3.12/site-packages/airflow/example_dags/example_display_name.py
[2026-02-28T21:40:04.856+0000] {processor.py:830} INFO - Processing file /home/airflow/.local/lib/python3.12/site-packages/airflow/example_dags/example_display_name.py for tasks to queue
[2026-02-28T21:40:04.863+0000] {logging_mixin.py:188} INFO - [2026-02-28T21:40:04.860+0000] {dagbag.py:545} INFO - Filling up the DagBag from /home/airflow/.local/lib/python3.12/site-packages/airflow/example_dags/example_display_name.py
[2026-02-28T21:40:04.882+0000] {processor.py:840} INFO - DAG(s) 'example_display_name' retrieved from /home/airflow/.local/lib/python3.12/site-packages/airflow/example_dags/example_display_name.py
[2026-02-28T21:40:04.938+0000] {logging_mixin.py:188} INFO - [2026-02-28T21:40:04.937+0000] {dag.py:3096} INFO - Sync 1 DAGs
[2026-02-28T21:40:04.971+0000] {logging_mixin.py:188} INFO - [2026-02-28T21:40:04.970+0000] {dag.py:3954} INFO - Setting next_dagrun for example_display_name to None, run_after=None
[2026-02-28T21:40:05.069+0000] {processor.py:183} INFO - Processing /home/airflow/.local/lib/python3.12/site-packages/airflow/example_dags/example_display_name.py took 0.230 seconds
[2026-02-28T21:40:35.107+0000] {processor.py:161} INFO - Started process (PID=136) to work on /home/airflow/.local/lib/python3.12/site-packages/airflow/example_dags/example_display_name.py
[2026-02-28T21:40:35.108+0000] {processor.py:830} INFO - Processing file /home/airflow/.local/lib/python3.12/site-packages/airflow/example_dags/example_display_name.py for tasks to queue
[2026-02-28T21:40:35.110+0000] {logging_mixin.py:188} INFO - [2026-02-28T21:40:35.110+0000] {dagbag.py:545} INFO - Filling up the DagBag from /home/airflow/.local/lib/python3.12/site-packages/airflow/example_dags/example_display_name.py
[2026-02-28T21:40:35.116+0000] {processor.py:840} INFO - DAG(s) 'example_display_name' retrieved from /home/airflow/.local/lib/python3.12/site-packages/airflow/example_dags/example_display_name.py
[2026-02-28T21:40:35.171+0000] {logging_mixin.py:188} INFO - [2026-02-28T21:40:35.170+0000] {dag.py:3096} INFO - Sync 1 DAGs
[2026-02-28T21:40:35.176+0000] {logging_mixin.py:188} INFO - [2026-02-28T21:40:35.176+0000] {dag.py:3954} INFO - Setting next_dagrun for example_display_name to None, run_after=None
[2026-02-28T21:40:35.187+0000] {processor.py:183} INFO - Processing /home/airflow/.local/lib/python3.12/site-packages/airflow/example_dags/example_display_name.py took 0.085 seconds
[2026-02-28T21:41:06.288+0000] {processor.py:161} INFO - Started process (PID=195) to work on /home/airflow/.local/lib/python3.12/site-packages/airflow/example_dags/example_display_name.py
[2026-02-28T21:41:06.289+0000] {processor.py:830} INFO - Processing file /home/airflow/.local/lib/python3.12/site-packages/airflow/example_dags/example_display_name.py for tasks to queue
[2026-02-28T21:41:06.291+0000] {logging_mixin.py:188} INFO - [2026-02-28T21:41:06.291+0000] {dagbag.py:545} INFO - Filling up the DagBag from /home/airflow/.local/lib/python3.12/site-packages/airflow/example_dags/example_display_name.py
[2026-02-28T21:41:06.295+0000] {processor.py:840} INFO - DAG(s) 'example_display_name' retrieved from /home/airflow/.local/lib/python3.12/site-packages/airflow/example_dags/example_display_name.py
[2026-02-28T21:41:06.312+0000] {logging_mixin.py:188} INFO - [2026-02-28T21:41:06.312+0000] {dag.py:3096} INFO - Sync 1 DAGs
[2026-02-28T21:41:06.321+0000] {logging_mixin.py:188} INFO - [2026-02-28T21:41:06.321+0000] {dag.py:3954} INFO - Setting next_dagrun for example_display_name to None, run_after=None
[2026-02-28T21:41:06.336+0000] {processor.py:183} INFO - Processing /home/airflow/.local/lib/python3.12/site-packages/airflow/example_dags/example_display_name.py took 0.054 seconds
[2026-02-28T21:41:36.746+0000] {processor.py:161} INFO - Started process (PID=253) to work on /home/airflow/.local/lib/python3.12/site-packages/airflow/example_dags/example_display_name.py
[2026-02-28T21:41:36.747+0000] {processor.py:830} INFO - Processing file /home/airflow/.local/lib/python3.12/site-packages/airflow/example_dags/example_display_name.py for tasks to queue
[2026-02-28T21:41:36.749+0000] {logging_mixin.py:188} INFO - [2026-02-28T21:41:36.749+0000] {dagbag.py:545} INFO - Filling up the DagBag from /home/airflow/.local/lib/python3.12/site-packages/airflow/example_dags/example_display_name.py
[2026-02-28T21:41:36.753+0000] {processor.py:840} INFO - DAG(s) 'example_display_name' retrieved from /home/airflow/.local/lib/python3.12/site-packages/airflow/example_dags/example_display_name.py
[2026-02-28T21:41:36.766+0000] {logging_mixin.py:188} INFO - [2026-02-28T21:41:36.765+0000] {dag.py:3096} INFO - Sync 1 DAGs
[2026-02-28T21:41:36.776+0000] {logging_mixin.py:188} INFO - [2026-02-28T21:41:36.776+0000] {dag.py:3954} INFO - Setting next_dagrun for example_display_name to None, run_after=None
[2026-02-28T21:41:36.796+0000] {processor.py:183} INFO - Processing /home/airflow/.local/lib/python3.12/site-packages/airflow/example_dags/example_display_name.py took 0.053 seconds
[2026-02-28T21:42:07.088+0000] {processor.py:161} INFO - Started process (PID=311) to work on /home/airflow/.local/lib/python3.12/site-packages/airflow/example_dags/example_display_name.py
[2026-02-28T21:42:07.088+0000] {processor.py:830} INFO - Processing file /home/airflow/.local/lib/python3.12/site-packages/airflow/example_dags/example_display_name.py for tasks to queue
[2026-02-28T21:42:07.090+0000] {logging_mixin.py:188} INFO - [2026-02-28T21:42:07.089+0000] {dagbag.py:545} INFO - Filling up the DagBag from /home/airflow/.local/lib/python3.12/site-packages/airflow/example_dags/example_display_name.py
[2026-02-28T21:42:07.093+0000] {processor.py:840} INFO - DAG(s) 'example_display_name' retrieved from /home/airflow/.local/lib/python3.12/site-packages/airflow/example_dags/example_display_name.py
[2026-02-28T21:42:07.106+0000] {logging_mixin.py:188} INFO - [2026-02-28T21:42:07.106+0000] {dag.py:3096} INFO - Sync 1 DAGs
[2026-02-28T21:42:07.112+0000] {logging_mixin.py:188} INFO - [2026-02-28T21:42:07.112+0000] {dag.py:3954} INFO - Setting next_dagrun for example_display_name to None, run_after=None
[2026-02-28T21:42:07.130+0000] {processor.py:183} INFO - Processing /home/airflow/.local/lib/python3.12/site-packages/airflow/example_dags/example_display_name.py took 0.046 seconds
[2026-02-28T21:42:37.396+0000] {processor.py:161} INFO - Started process (PID=370) to work on /home/airflow/.local/lib/python3.12/site-packages/airflow/example_dags/example_display_name.py
[2026-02-28T21:42:37.398+0000] {processor.py:830} INFO - Processing file /home/airflow/.local/lib/python3.12/site-packages/airflow/example_dags/example_display_name.py for tasks to queue
[2026-02-28T21:42:37.400+0000] {logging_mixin.py:188} INFO - [2026-02-28T21:42:37.400+0000] {dagbag.py:545} INFO - Filling up the DagBag from /home/airflow/.local/lib/python3.12/site-packages/airflow/example_dags/example_display_name.py
[2026-02-28T21:42:37.405+0000] {processor.py:840} INFO - DAG(s) 'example_display_name' retrieved from /home/airflow/.local/lib/python3.12/site-packages/airflow/example_dags/example_display_name.py
[2026-02-28T21:42:37.418+0000] {logging_mixin.py:188} INFO - [2026-02-28T21:42:37.418+0000] {dag.py:3096} INFO - Sync 1 DAGs
[2026-02-28T21:42:37.426+0000] {logging_mixin.py:188} INFO - [2026-02-28T21:42:37.426+0000] {dag.py:3954} INFO - Setting next_dagrun for example_display_name to None, run_after=None
[2026-02-28T21:42:37.435+0000] {processor.py:183} INFO - Processing /home/airflow/.local/lib/python3.12/site-packages/airflow/example_dags/example_display_name.py took 0.042 seconds
[2026-02-28T21:43:08.167+0000] {processor.py:161} INFO - Started process (PID=428) to work on /home/airflow/.local/lib/python3.12/site-packages/airflow/example_dags/example_display_name.py
[2026-02-28T21:43:08.167+0000] {processor.py:830} INFO - Processing file /home/airflow/.local/lib/python3.12/site-packages/airflow/example_dags/example_display_name.py for tasks to queue
[2026-02-28T21:43:08.168+0000] {logging_mixin.py:188} INFO - [2026-02-28T21:43:08.168+0000] {dagbag.py:545} INFO - Filling up the DagBag from /home/airflow/.local/lib/python3.12/site-packages/airflow/example_dags/example_display_name.py
[2026-02-28T21:43:08.172+0000] {processor.py:840} INFO - DAG(s) 'example_display_name' retrieved from /home/airflow/.local/lib/python3.12/site-packages/airflow/example_dags/example_display_name.py
[2026-02-28T21:43:08.185+0000] {logging_mixin.py:188} INFO - [2026-02-28T21:43:08.185+0000] {dag.py:3096} INFO - Sync 1 DAGs
[2026-02-28T21:43:08.193+0000] {logging_mixin.py:188} INFO - [2026-02-28T21:43:08.192+0000] {dag.py:3954} INFO - Setting next_dagrun for example_display_name to None, run_after=None
[2026-02-28T21:43:08.213+0000] {processor.py:183} INFO - Processing /home/airflow/.local/lib/python3.12/site-packages/airflow/example_dags/example_display_name.py took 0.049 seconds
[2026-02-28T21:43:38.461+0000] {processor.py:161} INFO - Started process (PID=486) to work on /home/airflow/.local/lib/python3.12/site-packages/airflow/example_dags/example_display_name.py
[2026-02-28T21:43:38.464+0000] {processor.py:830} INFO - Processing file /home/airflow/.local/lib/python3.12/site-packages/airflow/example_dags/example_display_name.py for tasks to queue
[2026-02-28T21:43:38.465+0000] {logging_mixin.py:188} INFO - [2026-02-28T21:43:38.465+0000] {dagbag.py:545} INFO - Filling up the DagBag from /home/airflow/.local/lib/python3.12/site-packages/airflow/example_dags/example_display_name.py
[2026-02-28T21:43:38.468+0000] {processor.py:840} INFO - DAG(s) 'example_display_name' retrieved from /home/airflow/.local/lib/python3.12/site-packages/airflow/example_dags/example_display_name.py
[2026-02-28T21:43:38.479+0000] {logging_mixin.py:188} INFO - [2026-02-28T21:43:38.478+0000] {dag.py:3096} INFO - Sync 1 DAGs
[2026-02-28T21:43:38.485+0000] {logging_mixin.py:188} INFO - [2026-02-28T21:43:38.485+0000] {dag.py:3954} INFO - Setting next_dagrun for example_display_name to None, run_after=None
[2026-02-28T21:43:38.500+0000] {processor.py:183} INFO - Processing /home/airflow/.local/lib/python3.12/site-packages/airflow/example_dags/example_display_name.py took 0.042 seconds
[2026-02-28T21:44:43.590+0000] {processor.py:161} INFO - Started process (PID=544) to work on /home/airflow/.local/lib/python3.12/site-packages/airflow/example_dags/example_display_name.py
[2026-02-28T21:44:43.591+0000] {processor.py:830} INFO - Processing file /home/airflow/.local/lib/python3.12/site-packages/airflow/example_dags/example_display_name.py for tasks to queue
[2026-02-28T21:44:43.593+0000] {logging_mixin.py:188} INFO - [2026-02-28T21:44:43.593+0000] {dagbag.py:545} INFO - Filling up the DagBag from /home/airflow/.local/lib/python3.12/site-packages/airflow/example_dags/example_display_name.py
[2026-02-28T21:44:43.598+0000] {processor.py:840} INFO - DAG(s) 'example_display_name' retrieved from /home/airflow/.local/lib/python3.12/site-packages/airflow/example_dags/example_display_name.py
[2026-02-28T21:44:43.617+0000] {logging_mixin.py:188} INFO - [2026-02-28T21:44:43.617+0000] {dag.py:3096} INFO - Sync 1 DAGs
[2026-02-28T21:44:43.627+0000] {logging_mixin.py:188} INFO - [2026-02-28T21:44:43.627+0000] {dag.py:3954} INFO - Setting next_dagrun for example_display_name to None, run_after=None
[2026-02-28T21:44:43.668+0000] {processor.py:183} INFO - Processing /home/airflow/.local/lib/python3.12/site-packages/airflow/example_dags/example_display_name.py took 0.085 seconds
[2026-02-28T21:45:14.135+0000] {processor.py:161} INFO - Started process (PID=602) to work on /home/airflow/.local/lib/python3.12/site-packages/airflow/example_dags/example_display_name.py
[2026-02-28T21:45:14.136+0000] {processor.py:830} INFO - Processing file /home/airflow/.local/lib/python3.12/site-packages/airflow/example_dags/example_display_name.py for tasks to queue
[2026-02-28T21:45:14.137+0000] {logging_mixin.py:188} INFO - [2026-02-28T21:45:14.137+0000] {dagbag.py:545} INFO - Filling up the DagBag from /home/airflow/.local/lib/python3.12/site-packages/airflow/example_dags/example_display_name.py
[2026-02-28T21:45:14.142+0000] {processor.py:840} INFO - DAG(s) 'example_display_name' retrieved from /home/airflow/.local/lib/python3.12/site-packages/airflow/example_dags/example_display_name.py
[2026-02-28T21:45:14.157+0000] {logging_mixin.py:188} INFO - [2026-02-28T21:45:14.157+0000] {dag.py:3096} INFO - Sync 1 DAGs
[2026-02-28T21:45:14.164+0000] {logging_mixin.py:188} INFO - [2026-02-28T21:45:14.164+0000] {dag.py:3954} INFO - Setting next_dagrun for example_display_name to None, run_after=None
[2026-02-28T21:45:14.176+0000] {processor.py:183} INFO - Processing /home/airflow/.local/lib/python3.12/site-packages/airflow/example_dags/example_display_name.py took 0.044 seconds
[2026-02-28T21:45:44.530+0000] {processor.py:161} INFO - Started process (PID=660) to work on /home/airflow/.local/lib/python3.12/site-packages/airflow/example_dags/example_display_name.py
[2026-02-28T21:45:44.531+0000] {processor.py:830} INFO - Processing file /home/airflow/.local/lib/python3.12/site-packages/airflow/example_dags/example_display_name.py for tasks to queue
[2026-02-28T21:45:44.532+0000] {logging_mixin.py:188} INFO - [2026-02-28T21:45:44.532+0000] {dagbag.py:545} INFO - Filling up the DagBag from /home/airflow/.local/lib/python3.12/site-packages/airflow/example_dags/example_display_name.py
[2026-02-28T21:45:44.536+0000] {processor.py:840} INFO - DAG(s) 'example_display_name' retrieved from /home/airflow/.local/lib/python3.12/site-packages/airflow/example_dags/example_display_name.py
[2026-02-28T21:45:44.553+0000] {logging_mixin.py:188} INFO - [2026-02-28T21:45:44.553+0000] {dag.py:3096} INFO - Sync 1 DAGs
[2026-02-28T21:45:44.560+0000] {logging_mixin.py:188} INFO - [2026-02-28T21:45:44.560+0000] {dag.py:3954} INFO - Setting next_dagrun for example_display_name to None, run_after=None
[2026-02-28T21:45:44.573+0000] {processor.py:183} INFO - Processing /home/airflow/.local/lib/python3.12/site-packages/airflow/example_dags/example_display_name.py took 0.046 seconds
[2026-02-28T21:46:15.309+0000] {processor.py:161} INFO - Started process (PID=718) to work on /home/airflow/.local/lib/python3.12/site-packages/airflow/example_dags/example_display_name.py
[2026-02-28T21:46:15.310+0000] {processor.py:830} INFO - Processing file /home/airflow/.local/lib/python3.12/site-packages/airflow/example_dags/example_display_name.py for tasks to queue
[2026-02-28T21:46:15.311+0000] {logging_mixin.py:188} INFO - [2026-02-28T21:46:15.311+0000] {dagbag.py:545} INFO - Filling up the DagBag from /home/airflow/.local/lib/python3.12/site-packages/airflow/example_dags/example_display_name.py
[2026-02-28T21:46:15.319+0000] {processor.py:840} INFO - DAG(s) 'example_display_name' retrieved from /home/airflow/.local/lib/python3.12/site-packages/airflow/example_dags/example_display_name.py
[2026-02-28T21:46:15.336+0000] {logging_mixin.py:188} INFO - [2026-02-28T21:46:15.336+0000] {dag.py:3096} INFO - Sync 1 DAGs
[2026-02-28T21:46:15.352+0000] {logging_mixin.py:188} INFO - [2026-02-28T21:46:15.351+0000] {dag.py:3954} INFO - Setting next_dagrun for example_display_name to None, run_after=None
[2026-02-28T21:46:15.376+0000] {processor.py:183} INFO - Processing /home/airflow/.local/lib/python3.12/site-packages/airflow/example_dags/example_display_name.py took 0.073 seconds
[2026-02-28T21:46:45.808+0000] {processor.py:161} INFO - Started process (PID=776) to work on /home/airflow/.local/lib/python3.12/site-packages/airflow/example_dags/example_display_name.py
[2026-02-28T21:46:45.809+0000] {processor.py:830} INFO - Processing file /home/airflow/.local/lib/python3.12/site-packages/airflow/example_dags/example_display_name.py for tasks to queue
[2026-02-28T21:46:45.810+0000] {logging_mixin.py:188} INFO - [2026-02-28T21:46:45.810+0000] {dagbag.py:545} INFO - Filling up the DagBag from /home/airflow/.local/lib/python3.12/site-packages/airflow/example_dags/example_display_name.py
[2026-02-28T21:46:45.813+0000] {processor.py:840} INFO - DAG(s) 'example_display_name' retrieved from /home/airflow/.local/lib/python3.12/site-packages/airflow/example_dags/example_display_name.py
[2026-02-28T21:46:45.826+0000] {logging_mixin.py:188} INFO - [2026-02-28T21:46:45.826+0000] {dag.py:3096} INFO - Sync 1 DAGs
[2026-02-28T21:46:45.834+0000] {logging_mixin.py:188} INFO - [2026-02-28T21:46:45.834+0000] {dag.py:3954} INFO - Setting next_dagrun for example_display_name to None, run_after=None
[2026-02-28T21:46:45.851+0000] {processor.py:183} INFO - Processing /home/airflow/.local/lib/python3.12/site-packages/airflow/example_dags/example_display_name.py took 0.046 seconds
[2026-02-28T21:47:16.825+0000] {processor.py:161} INFO - Started process (PID=834) to work on /home/airflow/.local/lib/python3.12/site-packages/airflow/example_dags/example_display_name.py
[2026-02-28T21:47:16.827+0000] {processor.py:830} INFO - Processing file /home/airflow/.local/lib/python3.12/site-packages/airflow/example_dags/example_display_name.py for tasks to queue
[2026-02-28T21:47:16.828+0000] {logging_mixin.py:188} INFO - [2026-02-28T21:47:16.828+0000] {dagbag.py:545} INFO - Filling up the DagBag from /home/airflow/.local/lib/python3.12/site-packages/airflow/example_dags/example_display_name.py
[2026-02-28T21:47:16.834+0000] {processor.py:840} INFO - DAG(s) 'example_display_name' retrieved from /home/airflow/.local/lib/python3.12/site-packages/airflow/example_dags/example_display_name.py
[2026-02-28T21:47:16.849+0000] {logging_mixin.py:188} INFO - [2026-02-28T21:47:16.848+0000] {dag.py:3096} INFO - Sync 1 DAGs
[2026-02-28T21:47:16.859+0000] {logging_mixin.py:188} INFO - [2026-02-28T21:47:16.858+0000] {dag.py:3954} INFO - Setting next_dagrun for example_display_name to None, run_after=None
[2026-02-28T21:47:16.870+0000] {processor.py:183} INFO - Processing /home/airflow/.local/lib/python3.12/site-packages/airflow/example_dags/example_display_name.py took 0.048 seconds
[2026-02-28T21:47:47.678+0000] {processor.py:161} INFO - Started process (PID=892) to work on /home/airflow/.local/lib/python3.12/site-packages/airflow/example_dags/example_display_name.py
[2026-02-28T21:47:47.680+0000] {processor.py:830} INFO - Processing file /home/airflow/.local/lib/python3.12/site-packages/airflow/example_dags/example_display_name.py for tasks to queue
[2026-02-28T21:47:47.682+0000] {logging_mixin.py:188} INFO - [2026-02-28T21:47:47.682+0000] {dagbag.py:545} INFO - Filling up the DagBag from /home/airflow/.local/lib/python3.12/site-packages/airflow/example_dags/example_display_name.py
[2026-02-28T21:47:47.686+0000] {processor.py:840} INFO - DAG(s) 'example_display_name' retrieved from /home/airflow/.local/lib/python3.12/site-packages/airflow/example_dags/example_display_name.py
[2026-02-28T21:47:47.701+0000] {logging_mixin.py:188} INFO - [2026-02-28T21:47:47.701+0000] {dag.py:3096} INFO - Sync 1 DAGs
[2026-02-28T21:47:47.709+0000] {logging_mixin.py:188} INFO - [2026-02-28T21:47:47.709+0000] {dag.py:3954} INFO - Setting next_dagrun for example_display_name to None, run_after=None
[2026-02-28T21:47:47.723+0000] {processor.py:183} INFO - Processing /home/airflow/.local/lib/python3.12/site-packages/airflow/example_dags/example_display_name.py took 0.049 seconds
[2026-02-28T21:48:18.629+0000] {processor.py:161} INFO - Started process (PID=950) to work on /home/airflow/.local/lib/python3.12/site-packages/airflow/example_dags/example_display_name.py
[2026-02-28T21:48:18.630+0000] {processor.py:830} INFO - Processing file /home/airflow/.local/lib/python3.12/site-packages/airflow/example_dags/example_display_name.py for tasks to queue
[2026-02-28T21:48:18.632+0000] {logging_mixin.py:188} INFO - [2026-02-28T21:48:18.631+0000] {dagbag.py:545} INFO - Filling up the DagBag from /home/airflow/.local/lib/python3.12/site-packages/airflow/example_dags/example_display_name.py
[2026-02-28T21:48:18.637+0000] {processor.py:840} INFO - DAG(s) 'example_display_name' retrieved from /home/airflow/.local/lib/python3.12/site-packages/airflow/example_dags/example_display_name.py
[2026-02-28T21:48:18.654+0000] {logging_mixin.py:188} INFO - [2026-02-28T21:48:18.654+0000] {dag.py:3096} INFO - Sync 1 DAGs
[2026-02-28T21:48:18.662+0000] {logging_mixin.py:188} INFO - [2026-02-28T21:48:18.662+0000] {dag.py:3954} INFO - Setting next_dagrun for example_display_name to None, run_after=None
[2026-02-28T21:48:18.673+0000] {processor.py:183} INFO - Processing /home/airflow/.local/lib/python3.12/site-packages/airflow/example_dags/example_display_name.py took 0.047 seconds
[2026-02-28T21:48:49.740+0000] {processor.py:161} INFO - Started process (PID=1008) to work on /home/airflow/.local/lib/python3.12/site-packages/airflow/example_dags/example_display_name.py
[2026-02-28T21:48:49.742+0000] {processor.py:830} INFO - Processing file /home/airflow/.local/lib/python3.12/site-packages/airflow/example_dags/example_display_name.py for tasks to queue
[2026-02-28T21:48:49.745+0000] {logging_mixin.py:188} INFO - [2026-02-28T21:48:49.745+0000] {dagbag.py:545} INFO - Filling up the DagBag from /home/airflow/.local/lib/python3.12/site-packages/airflow/example_dags/example_display_name.py
[2026-02-28T21:48:49.750+0000] {processor.py:840} INFO - DAG(s) 'example_display_name' retrieved from /home/airflow/.local/lib/python3.12/site-packages/airflow/example_dags/example_display_name.py
[2026-02-28T21:48:49.787+0000] {logging_mixin.py:188} INFO - [2026-02-28T21:48:49.786+0000] {dag.py:3096} INFO - Sync 1 DAGs
[2026-02-28T21:48:49.797+0000] {logging_mixin.py:188} INFO - [2026-02-28T21:48:49.797+0000] {dag.py:3954} INFO - Setting next_dagrun for example_display_name to None, run_after=None
[2026-02-28T21:48:49.812+0000] {processor.py:183} INFO - Processing /home/airflow/.local/lib/python3.12/site-packages/airflow/example_dags/example_display_name.py took 0.076 seconds
[2026-02-28T21:49:20.522+0000] {processor.py:161} INFO - Started process (PID=1066) to work on /home/airflow/.local/lib/python3.12/site-packages/airflow/example_dags/example_display_name.py
[2026-02-28T21:49:20.526+0000] {processor.py:830} INFO - Processing file /home/airflow/.local/lib/python3.12/site-packages/airflow/example_dags/example_display_name.py for tasks to queue
[2026-02-28T21:49:20.531+0000] {logging_mixin.py:188} INFO - [2026-02-28T21:49:20.531+0000] {dagbag.py:545} INFO - Filling up the DagBag from /home/airflow/.local/lib/python3.12/site-packages/airflow/example_dags/example_display_name.py
[2026-02-28T21:49:20.538+0000] {processor.py:840} INFO - DAG(s) 'example_display_name' retrieved from /home/airflow/.local/lib/python3.12/site-packages/airflow/example_dags/example_display_name.py
[2026-02-28T21:49:20.553+0000] {logging_mixin.py:188} INFO - [2026-02-28T21:49:20.553+0000] {dag.py:3096} INFO - Sync 1 DAGs
[2026-02-28T21:49:20.563+0000] {logging_mixin.py:188} INFO - [2026-02-28T21:49:20.563+0000] {dag.py:3954} INFO - Setting next_dagrun for example_display_name to None, run_after=None
[2026-02-28T21:49:20.582+0000] {processor.py:183} INFO - Processing /home/airflow/.local/lib/python3.12/site-packages/airflow/example_dags/example_display_name.py took 0.067 seconds
[2026-02-28T21:49:52.687+0000] {processor.py:161} INFO - Started process (PID=1124) to work on /home/airflow/.local/lib/python3.12/site-packages/airflow/example_dags/example_display_name.py
[2026-02-28T21:49:52.697+0000] {processor.py:830} INFO - Processing file /home/airflow/.local/lib/python3.12/site-packages/airflow/example_dags/example_display_name.py for tasks to queue
[2026-02-28T21:49:52.707+0000] {logging_mixin.py:188} INFO - [2026-02-28T21:49:52.704+0000] {dagbag.py:545} INFO - Filling up the DagBag from /home/airflow/.local/lib/python3.12/site-packages/airflow/example_dags/example_display_name.py
[2026-02-28T21:49:52.734+0000] {processor.py:840} INFO - DAG(s) 'example_display_name' retrieved from /home/airflow/.local/lib/python3.12/site-packages/airflow/example_dags/example_display_name.py
[2026-02-28T21:49:52.856+0000] {logging_mixin.py:188} INFO - [2026-02-28T21:49:52.855+0000] {dag.py:3096} INFO - Sync 1 DAGs
[2026-02-28T21:49:52.891+0000] {logging_mixin.py:188} INFO - [2026-02-28T21:49:52.891+0000] {dag.py:3954} INFO - Setting next_dagrun for example_display_name to None, run_after=None
[2026-02-28T21:49:52.970+0000] {processor.py:183} INFO - Processing /home/airflow/.local/lib/python3.12/site-packages/airflow/example_dags/example_display_name.py took 0.339 seconds
[2026-02-28T21:50:23.122+0000] {processor.py:161} INFO - Started process (PID=1182) to work on /home/airflow/.local/lib/python3.12/site-packages/airflow/example_dags/example_display_name.py
[2026-02-28T21:50:23.126+0000] {processor.py:830} INFO - Processing file /home/airflow/.local/lib/python3.12/site-packages/airflow/example_dags/example_display_name.py for tasks to queue
[2026-02-28T21:50:23.127+0000] {logging_mixin.py:188} INFO - [2026-02-28T21:50:23.127+0000] {dagbag.py:545} INFO - Filling up the DagBag from /home/airflow/.local/lib/python3.12/site-packages/airflow/example_dags/example_display_name.py
[2026-02-28T21:50:23.131+0000] {processor.py:840} INFO - DAG(s) 'example_display_name' retrieved from /home/airflow/.local/lib/python3.12/site-packages/airflow/example_dags/example_display_name.py
[2026-02-28T21:50:23.157+0000] {logging_mixin.py:188} INFO - [2026-02-28T21:50:23.157+0000] {dag.py:3096} INFO - Sync 1 DAGs
[2026-02-28T21:50:23.165+0000] {logging_mixin.py:188} INFO - [2026-02-28T21:50:23.164+0000] {dag.py:3954} INFO - Setting next_dagrun for example_display_name to None, run_after=None
[2026-02-28T21:50:23.179+0000] {processor.py:183} INFO - Processing /home/airflow/.local/lib/python3.12/site-packages/airflow/example_dags/example_display_name.py took 0.061 seconds
[2026-02-28T21:50:53.400+0000] {processor.py:161} INFO - Started process (PID=1240) to work on /home/airflow/.local/lib/python3.12/site-packages/airflow/example_dags/example_display_name.py
[2026-02-28T21:50:53.401+0000] {processor.py:830} INFO - Processing file /home/airflow/.local/lib/python3.12/site-packages/airflow/example_dags/example_display_name.py for tasks to queue
[2026-02-28T21:50:53.402+0000] {logging_mixin.py:188} INFO - [2026-02-28T21:50:53.402+0000] {dagbag.py:545} INFO - Filling up the DagBag from /home/airflow/.local/lib/python3.12/site-packages/airflow/example_dags/example_display_name.py
[2026-02-28T21:50:53.406+0000] {processor.py:840} INFO - DAG(s) 'example_display_name' retrieved from /home/airflow/.local/lib/python3.12/site-packages/airflow/example_dags/example_display_name.py
[2026-02-28T21:50:53.421+0000] {logging_mixin.py:188} INFO - [2026-02-28T21:50:53.421+0000] {dag.py:3096} INFO - Sync 1 DAGs
[2026-02-28T21:50:53.428+0000] {logging_mixin.py:188} INFO - [2026-02-28T21:50:53.428+0000] {dag.py:3954} INFO - Setting next_dagrun for example_display_name to None, run_after=None
[2026-02-28T21:50:53.443+0000] {processor.py:183} INFO - Processing /home/airflow/.local/lib/python3.12/site-packages/airflow/example_dags/example_display_name.py took 0.047 seconds
[2026-02-28T21:51:23.592+0000] {processor.py:161} INFO - Started process (PID=1298) to work on /home/airflow/.local/lib/python3.12/site-packages/airflow/example_dags/example_display_name.py
[2026-02-28T21:51:23.593+0000] {processor.py:830} INFO - Processing file /home/airflow/.local/lib/python3.12/site-packages/airflow/example_dags/example_display_name.py for tasks to queue
[2026-02-28T21:51:23.594+0000] {logging_mixin.py:188} INFO - [2026-02-28T21:51:23.594+0000] {dagbag.py:545} INFO - Filling up the DagBag from /home/airflow/.local/lib/python3.12/site-packages/airflow/example_dags/example_display_name.py
[2026-02-28T21:51:23.598+0000] {processor.py:840} INFO - DAG(s) 'example_display_name' retrieved from /home/airflow/.local/lib/python3.12/site-packages/airflow/example_dags/example_display_name.py
[2026-02-28T21:51:23.614+0000] {logging_mixin.py:188} INFO - [2026-02-28T21:51:23.613+0000] {dag.py:3096} INFO - Sync 1 DAGs
[2026-02-28T21:51:23.624+0000] {logging_mixin.py:188} INFO - [2026-02-28T21:51:23.624+0000] {dag.py:3954} INFO - Setting next_dagrun for example_display_name to None, run_after=None
[2026-02-28T21:51:23.639+0000] {processor.py:183} INFO - Processing /home/airflow/.local/lib/python3.12/site-packages/airflow/example_dags/example_display_name.py took 0.051 seconds
[2026-02-28T21:51:54.541+0000] {processor.py:161} INFO - Started process (PID=1356) to work on /home/airflow/.local/lib/python3.12/site-packages/airflow/example_dags/example_display_name.py
[2026-02-28T21:51:54.542+0000] {processor.py:830} INFO - Processing file /home/airflow/.local/lib/python3.12/site-packages/airflow/example_dags/example_display_name.py for tasks to queue
[2026-02-28T21:51:54.545+0000] {logging_mixin.py:188} INFO - [2026-02-28T21:51:54.545+0000] {dagbag.py:545} INFO - Filling up the DagBag from /home/airflow/.local/lib/python3.12/site-packages/airflow/example_dags/example_display_name.py
[2026-02-28T21:51:54.552+0000] {processor.py:840} INFO - DAG(s) 'example_display_name' retrieved from /home/airflow/.local/lib/python3.12/site-packages/airflow/example_dags/example_display_name.py
[2026-02-28T21:51:54.566+0000] {logging_mixin.py:188} INFO - [2026-02-28T21:51:54.566+0000] {dag.py:3096} INFO - Sync 1 DAGs
[2026-02-28T21:51:54.573+0000] {logging_mixin.py:188} INFO - [2026-02-28T21:51:54.573+0000] {dag.py:3954} INFO - Setting next_dagrun for example_display_name to None, run_after=None
[2026-02-28T21:51:54.587+0000] {processor.py:183} INFO - Processing /home/airflow/.local/lib/python3.12/site-packages/airflow/example_dags/example_display_name.py took 0.049 seconds
[2026-02-28T21:52:25.286+0000] {processor.py:161} INFO - Started process (PID=1414) to work on /home/airflow/.local/lib/python3.12/site-packages/airflow/example_dags/example_display_name.py
[2026-02-28T21:52:25.288+0000] {processor.py:830} INFO - Processing file /home/airflow/.local/lib/python3.12/site-packages/airflow/example_dags/example_display_name.py for tasks to queue
[2026-02-28T21:52:25.291+0000] {logging_mixin.py:188} INFO - [2026-02-28T21:52:25.290+0000] {dagbag.py:545} INFO - Filling up the DagBag from /home/airflow/.local/lib/python3.12/site-packages/airflow/example_dags/example_display_name.py
[2026-02-28T21:52:25.296+0000] {processor.py:840} INFO - DAG(s) 'example_display_name' retrieved from /home/airflow/.local/lib/python3.12/site-packages/airflow/example_dags/example_display_name.py
[2026-02-28T21:52:25.315+0000] {logging_mixin.py:188} INFO - [2026-02-28T21:52:25.315+0000] {dag.py:3096} INFO - Sync 1 DAGs
[2026-02-28T21:52:25.328+0000] {logging_mixin.py:188} INFO - [2026-02-28T21:52:25.327+0000] {dag.py:3954} INFO - Setting next_dagrun for example_display_name to None, run_after=None
[2026-02-28T21:52:25.343+0000] {processor.py:183} INFO - Processing /home/airflow/.local/lib/python3.12/site-packages/airflow/example_dags/example_display_name.py took 0.061 seconds
[2026-02-28T21:52:55.433+0000] {processor.py:161} INFO - Started process (PID=1472) to work on /home/airflow/.local/lib/python3.12/site-packages/airflow/example_dags/example_display_name.py
[2026-02-28T21:52:55.436+0000] {processor.py:830} INFO - Processing file /home/airflow/.local/lib/python3.12/site-packages/airflow/example_dags/example_display_name.py for tasks to queue
[2026-02-28T21:52:55.437+0000] {logging_mixin.py:188} INFO - [2026-02-28T21:52:55.437+0000] {dagbag.py:545} INFO - Filling up the DagBag from /home/airflow/.local/lib/python3.12/site-packages/airflow/example_dags/example_display_name.py
[2026-02-28T21:52:55.441+0000] {processor.py:840} INFO - DAG(s) 'example_display_name' retrieved from /home/airflow/.local/lib/python3.12/site-packages/airflow/example_dags/example_display_name.py
[2026-02-28T21:52:55.455+0000] {logging_mixin.py:188} INFO - [2026-02-28T21:52:55.455+0000] {dag.py:3096} INFO - Sync 1 DAGs
[2026-02-28T21:52:55.462+0000] {logging_mixin.py:188} INFO - [2026-02-28T21:52:55.461+0000] {dag.py:3954} INFO - Setting next_dagrun for example_display_name to None, run_after=None
[2026-02-28T21:52:55.476+0000] {processor.py:183} INFO - Processing /home/airflow/.local/lib/python3.12/site-packages/airflow/example_dags/example_display_name.py took 0.047 seconds
[2026-02-28T21:53:26.282+0000] {processor.py:161} INFO - Started process (PID=1530) to work on /home/airflow/.local/lib/python3.12/site-packages/airflow/example_dags/example_display_name.py
[2026-02-28T21:53:26.284+0000] {processor.py:830} INFO - Processing file /home/airflow/.local/lib/python3.12/site-packages/airflow/example_dags/example_display_name.py for tasks to queue
[2026-02-28T21:53:26.286+0000] {logging_mixin.py:188} INFO - [2026-02-28T21:53:26.286+0000] {dagbag.py:545} INFO - Filling up the DagBag from /home/airflow/.local/lib/python3.12/site-packages/airflow/example_dags/example_display_name.py
[2026-02-28T21:53:26.291+0000] {processor.py:840} INFO - DAG(s) 'example_display_name' retrieved from /home/airflow/.local/lib/python3.12/site-packages/airflow/example_dags/example_display_name.py
[2026-02-28T21:53:26.308+0000] {logging_mixin.py:188} INFO - [2026-02-28T21:53:26.308+0000] {dag.py:3096} INFO - Sync 1 DAGs
[2026-02-28T21:53:26.319+0000] {logging_mixin.py:188} INFO - [2026-02-28T21:53:26.319+0000] {dag.py:3954} INFO - Setting next_dagrun for example_display_name to None, run_after=None
[2026-02-28T21:53:26.337+0000] {processor.py:183} INFO - Processing /home/airflow/.local/lib/python3.12/site-packages/airflow/example_dags/example_display_name.py took 0.062 seconds
[2026-02-28T21:53:57.170+0000] {processor.py:161} INFO - Started process (PID=1588) to work on /home/airflow/.local/lib/python3.12/site-packages/airflow/example_dags/example_display_name.py
[2026-02-28T21:53:57.172+0000] {processor.py:830} INFO - Processing file /home/airflow/.local/lib/python3.12/site-packages/airflow/example_dags/example_display_name.py for tasks to queue
[2026-02-28T21:53:57.173+0000] {logging_mixin.py:188} INFO - [2026-02-28T21:53:57.173+0000] {dagbag.py:545} INFO - Filling up the DagBag from /home/airflow/.local/lib/python3.12/site-packages/airflow/example_dags/example_display_name.py
[2026-02-28T21:53:57.176+0000] {processor.py:840} INFO - DAG(s) 'example_display_name' retrieved from /home/airflow/.local/lib/python3.12/site-packages/airflow/example_dags/example_display_name.py
[2026-02-28T21:53:57.191+0000] {logging_mixin.py:188} INFO - [2026-02-28T21:53:57.191+0000] {dag.py:3096} INFO - Sync 1 DAGs
[2026-02-28T21:53:57.199+0000] {logging_mixin.py:188} INFO - [2026-02-28T21:53:57.199+0000] {dag.py:3954} INFO - Setting next_dagrun for example_display_name to None, run_after=None
[2026-02-28T21:53:57.217+0000] {processor.py:183} INFO - Processing /home/airflow/.local/lib/python3.12/site-packages/airflow/example_dags/example_display_name.py took 0.051 seconds
[2026-02-28T21:54:27.550+0000] {processor.py:161} INFO - Started process (PID=1646) to work on /home/airflow/.local/lib/python3.12/site-packages/airflow/example_dags/example_display_name.py
[2026-02-28T21:54:27.551+0000] {processor.py:830} INFO - Processing file /home/airflow/.local/lib/python3.12/site-packages/airflow/example_dags/example_display_name.py for tasks to queue
[2026-02-28T21:54:27.553+0000] {logging_mixin.py:188} INFO - [2026-02-28T21:54:27.552+0000] {dagbag.py:545} INFO - Filling up the DagBag from /home/airflow/.local/lib/python3.12/site-packages/airflow/example_dags/example_display_name.py
[2026-02-28T21:54:27.556+0000] {processor.py:840} INFO - DAG(s) 'example_display_name' retrieved from /home/airflow/.local/lib/python3.12/site-packages/airflow/example_dags/example_display_name.py
[2026-02-28T21:54:27.569+0000] {logging_mixin.py:188} INFO - [2026-02-28T21:54:27.569+0000] {dag.py:3096} INFO - Sync 1 DAGs
[2026-02-28T21:54:27.578+0000] {logging_mixin.py:188} INFO - [2026-02-28T21:54:27.578+0000] {dag.py:3954} INFO - Setting next_dagrun for example_display_name to None, run_after=None
[2026-02-28T21:54:27.600+0000] {processor.py:183} INFO - Processing /home/airflow/.local/lib/python3.12/site-packages/airflow/example_dags/example_display_name.py took 0.058 seconds
[2026-02-28T21:55:00.356+0000] {processor.py:161} INFO - Started process (PID=1707) to work on /home/airflow/.local/lib/python3.12/site-packages/airflow/example_dags/example_display_name.py
[2026-02-28T21:55:00.360+0000] {processor.py:830} INFO - Processing file /home/airflow/.local/lib/python3.12/site-packages/airflow/example_dags/example_display_name.py for tasks to queue
[2026-02-28T21:55:00.369+0000] {logging_mixin.py:188} INFO - [2026-02-28T21:55:00.368+0000] {dagbag.py:545} INFO - Filling up the DagBag from /home/airflow/.local/lib/python3.12/site-packages/airflow/example_dags/example_display_name.py
[2026-02-28T21:55:00.378+0000] {processor.py:840} INFO - DAG(s) 'example_display_name' retrieved from /home/airflow/.local/lib/python3.12/site-packages/airflow/example_dags/example_display_name.py
[2026-02-28T21:55:00.405+0000] {logging_mixin.py:188} INFO - [2026-02-28T21:55:00.404+0000] {dag.py:3096} INFO - Sync 1 DAGs
[2026-02-28T21:55:00.419+0000] {logging_mixin.py:188} INFO - [2026-02-28T21:55:00.419+0000] {dag.py:3954} INFO - Setting next_dagrun for example_display_name to None, run_after=None
[2026-02-28T21:55:00.477+0000] {processor.py:183} INFO - Processing /home/airflow/.local/lib/python3.12/site-packages/airflow/example_dags/example_display_name.py took 0.130 seconds
[2026-02-28T21:55:32.580+0000] {processor.py:161} INFO - Started process (PID=1771) to work on /home/airflow/.local/lib/python3.12/site-packages/airflow/example_dags/example_display_name.py
[2026-02-28T21:55:32.584+0000] {processor.py:830} INFO - Processing file /home/airflow/.local/lib/python3.12/site-packages/airflow/example_dags/example_display_name.py for tasks to queue
[2026-02-28T21:55:32.594+0000] {logging_mixin.py:188} INFO - [2026-02-28T21:55:32.592+0000] {dagbag.py:545} INFO - Filling up the DagBag from /home/airflow/.local/lib/python3.12/site-packages/airflow/example_dags/example_display_name.py
[2026-02-28T21:55:32.660+0000] {processor.py:840} INFO - DAG(s) 'example_display_name' retrieved from /home/airflow/.local/lib/python3.12/site-packages/airflow/example_dags/example_display_name.py
[2026-02-28T21:55:32.883+0000] {logging_mixin.py:188} INFO - [2026-02-28T21:55:32.873+0000] {dag.py:3096} INFO - Sync 1 DAGs
[2026-02-28T21:55:33.000+0000] {logging_mixin.py:188} INFO - [2026-02-28T21:55:32.984+0000] {dag.py:3954} INFO - Setting next_dagrun for example_display_name to None, run_after=None
[2026-02-28T21:55:33.345+0000] {processor.py:183} INFO - Processing /home/airflow/.local/lib/python3.12/site-packages/airflow/example_dags/example_display_name.py took 0.783 seconds
[2026-02-28T21:56:03.688+0000] {processor.py:161} INFO - Started process (PID=1829) to work on /home/airflow/.local/lib/python3.12/site-packages/airflow/example_dags/example_display_name.py
[2026-02-28T21:56:03.690+0000] {processor.py:830} INFO - Processing file /home/airflow/.local/lib/python3.12/site-packages/airflow/example_dags/example_display_name.py for tasks to queue
[2026-02-28T21:56:03.692+0000] {logging_mixin.py:188} INFO - [2026-02-28T21:56:03.691+0000] {dagbag.py:545} INFO - Filling up the DagBag from /home/airflow/.local/lib/python3.12/site-packages/airflow/example_dags/example_display_name.py
[2026-02-28T21:56:03.697+0000] {processor.py:840} INFO - DAG(s) 'example_display_name' retrieved from /home/airflow/.local/lib/python3.12/site-packages/airflow/example_dags/example_display_name.py
[2026-02-28T21:56:03.732+0000] {logging_mixin.py:188} INFO - [2026-02-28T21:56:03.731+0000] {dag.py:3096} INFO - Sync 1 DAGs
[2026-02-28T21:56:03.747+0000] {logging_mixin.py:188} INFO - [2026-02-28T21:56:03.747+0000] {dag.py:3954} INFO - Setting next_dagrun for example_display_name to None, run_after=None
[2026-02-28T21:56:03.772+0000] {processor.py:183} INFO - Processing /home/airflow/.local/lib/python3.12/site-packages/airflow/example_dags/example_display_name.py took 0.089 seconds
[2026-02-28T21:56:34.730+0000] {processor.py:161} INFO - Started process (PID=1887) to work on /home/airflow/.local/lib/python3.12/site-packages/airflow/example_dags/example_display_name.py
[2026-02-28T21:56:34.734+0000] {processor.py:830} INFO - Processing file /home/airflow/.local/lib/python3.12/site-packages/airflow/example_dags/example_display_name.py for tasks to queue
[2026-02-28T21:56:34.737+0000] {logging_mixin.py:188} INFO - [2026-02-28T21:56:34.737+0000] {dagbag.py:545} INFO - Filling up the DagBag from /home/airflow/.local/lib/python3.12/site-packages/airflow/example_dags/example_display_name.py
[2026-02-28T21:56:34.745+0000] {processor.py:840} INFO - DAG(s) 'example_display_name' retrieved from /home/airflow/.local/lib/python3.12/site-packages/airflow/example_dags/example_display_name.py
[2026-02-28T21:56:34.773+0000] {logging_mixin.py:188} INFO - [2026-02-28T21:56:34.773+0000] {dag.py:3096} INFO - Sync 1 DAGs
[2026-02-28T21:56:34.793+0000] {logging_mixin.py:188} INFO - [2026-02-28T21:56:34.793+0000] {dag.py:3954} INFO - Setting next_dagrun for example_display_name to None, run_after=None
[2026-02-28T21:56:34.812+0000] {processor.py:183} INFO - Processing /home/airflow/.local/lib/python3.12/site-packages/airflow/example_dags/example_display_name.py took 0.095 seconds
[2026-02-28T21:57:04.991+0000] {processor.py:161} INFO - Started process (PID=1945) to work on /home/airflow/.local/lib/python3.12/site-packages/airflow/example_dags/example_display_name.py
[2026-02-28T21:57:04.994+0000] {processor.py:830} INFO - Processing file /home/airflow/.local/lib/python3.12/site-packages/airflow/example_dags/example_display_name.py for tasks to queue
[2026-02-28T21:57:04.996+0000] {logging_mixin.py:188} INFO - [2026-02-28T21:57:04.996+0000] {dagbag.py:545} INFO - Filling up the DagBag from /home/airflow/.local/lib/python3.12/site-packages/airflow/example_dags/example_display_name.py
[2026-02-28T21:57:05.007+0000] {processor.py:840} INFO - DAG(s) 'example_display_name' retrieved from /home/airflow/.local/lib/python3.12/site-packages/airflow/example_dags/example_display_name.py
[2026-02-28T21:57:05.031+0000] {logging_mixin.py:188} INFO - [2026-02-28T21:57:05.031+0000] {dag.py:3096} INFO - Sync 1 DAGs
[2026-02-28T21:57:05.047+0000] {logging_mixin.py:188} INFO - [2026-02-28T21:57:05.047+0000] {dag.py:3954} INFO - Setting next_dagrun for example_display_name to None, run_after=None
[2026-02-28T21:57:05.063+0000] {processor.py:183} INFO - Processing /home/airflow/.local/lib/python3.12/site-packages/airflow/example_dags/example_display_name.py took 0.077 seconds
[2026-02-28T21:57:35.319+0000] {processor.py:161} INFO - Started process (PID=2003) to work on /home/airflow/.local/lib/python3.12/site-packages/airflow/example_dags/example_display_name.py
[2026-02-28T21:57:35.321+0000] {processor.py:830} INFO - Processing file /home/airflow/.local/lib/python3.12/site-packages/airflow/example_dags/example_display_name.py for tasks to queue
[2026-02-28T21:57:35.326+0000] {logging_mixin.py:188} INFO - [2026-02-28T21:57:35.326+0000] {dagbag.py:545} INFO - Filling up the DagBag from /home/airflow/.local/lib/python3.12/site-packages/airflow/example_dags/example_display_name.py
[2026-02-28T21:57:35.332+0000] {processor.py:840} INFO - DAG(s) 'example_display_name' retrieved from /home/airflow/.local/lib/python3.12/site-packages/airflow/example_dags/example_display_name.py
[2026-02-28T21:57:35.352+0000] {logging_mixin.py:188} INFO - [2026-02-28T21:57:35.351+0000] {dag.py:3096} INFO - Sync 1 DAGs
[2026-02-28T21:57:35.369+0000] {logging_mixin.py:188} INFO - [2026-02-28T21:57:35.369+0000] {dag.py:3954} INFO - Setting next_dagrun for example_display_name to None, run_after=None
[2026-02-28T21:57:35.386+0000] {processor.py:183} INFO - Processing /home/airflow/.local/lib/python3.12/site-packages/airflow/example_dags/example_display_name.py took 0.075 seconds
[2026-02-28T21:58:05.557+0000] {processor.py:161} INFO - Started process (PID=2061) to work on /home/airflow/.local/lib/python3.12/site-packages/airflow/example_dags/example_display_name.py
[2026-02-28T21:58:05.559+0000] {processor.py:830} INFO - Processing file /home/airflow/.local/lib/python3.12/site-packages/airflow/example_dags/example_display_name.py for tasks to queue
[2026-02-28T21:58:05.560+0000] {logging_mixin.py:188} INFO - [2026-02-28T21:58:05.560+0000] {dagbag.py:545} INFO - Filling up the DagBag from /home/airflow/.local/lib/python3.12/site-packages/airflow/example_dags/example_display_name.py
[2026-02-28T21:58:05.564+0000] {processor.py:840} INFO - DAG(s) 'example_display_name' retrieved from /home/airflow/.local/lib/python3.12/site-packages/airflow/example_dags/example_display_name.py
[2026-02-28T21:58:05.586+0000] {logging_mixin.py:188} INFO - [2026-02-28T21:58:05.585+0000] {dag.py:3096} INFO - Sync 1 DAGs
[2026-02-28T21:58:05.602+0000] {logging_mixin.py:188} INFO - [2026-02-28T21:58:05.602+0000] {dag.py:3954} INFO - Setting next_dagrun for example_display_name to None, run_after=None
[2026-02-28T21:58:05.620+0000] {processor.py:183} INFO - Processing /home/airflow/.local/lib/python3.12/site-packages/airflow/example_dags/example_display_name.py took 0.067 seconds
[2026-02-28T21:58:36.586+0000] {processor.py:161} INFO - Started process (PID=2119) to work on /home/airflow/.local/lib/python3.12/site-packages/airflow/example_dags/example_display_name.py
[2026-02-28T21:58:36.587+0000] {processor.py:830} INFO - Processing file /home/airflow/.local/lib/python3.12/site-packages/airflow/example_dags/example_display_name.py for tasks to queue
[2026-02-28T21:58:36.588+0000] {logging_mixin.py:188} INFO - [2026-02-28T21:58:36.588+0000] {dagbag.py:545} INFO - Filling up the DagBag from /home/airflow/.local/lib/python3.12/site-packages/airflow/example_dags/example_display_name.py
[2026-02-28T21:58:36.592+0000] {processor.py:840} INFO - DAG(s) 'example_display_name' retrieved from /home/airflow/.local/lib/python3.12/site-packages/airflow/example_dags/example_display_name.py
[2026-02-28T21:58:36.606+0000] {logging_mixin.py:188} INFO - [2026-02-28T21:58:36.606+0000] {dag.py:3096} INFO - Sync 1 DAGs
[2026-02-28T21:58:36.621+0000] {logging_mixin.py:188} INFO - [2026-02-28T21:58:36.621+0000] {dag.py:3954} INFO - Setting next_dagrun for example_display_name to None, run_after=None
[2026-02-28T21:58:36.631+0000] {processor.py:183} INFO - Processing /home/airflow/.local/lib/python3.12/site-packages/airflow/example_dags/example_display_name.py took 0.048 seconds
[2026-02-28T21:59:06.895+0000] {processor.py:161} INFO - Started process (PID=2177) to work on /home/airflow/.local/lib/python3.12/site-packages/airflow/example_dags/example_display_name.py
[2026-02-28T21:59:06.896+0000] {processor.py:830} INFO - Processing file /home/airflow/.local/lib/python3.12/site-packages/airflow/example_dags/example_display_name.py for tasks to queue
[2026-02-28T21:59:06.900+0000] {logging_mixin.py:188} INFO - [2026-02-28T21:59:06.899+0000] {dagbag.py:545} INFO - Filling up the DagBag from /home/airflow/.local/lib/python3.12/site-packages/airflow/example_dags/example_display_name.py
[2026-02-28T21:59:06.919+0000] {processor.py:840} INFO - DAG(s) 'example_display_name' retrieved from /home/airflow/.local/lib/python3.12/site-packages/airflow/example_dags/example_display_name.py
[2026-02-28T21:59:06.942+0000] {logging_mixin.py:188} INFO - [2026-02-28T21:59:06.941+0000] {dag.py:3096} INFO - Sync 1 DAGs
[2026-02-28T21:59:06.960+0000] {logging_mixin.py:188} INFO - [2026-02-28T21:59:06.960+0000] {dag.py:3954} INFO - Setting next_dagrun for example_display_name to None, run_after=None
[2026-02-28T21:59:06.976+0000] {processor.py:183} INFO - Processing /home/airflow/.local/lib/python3.12/site-packages/airflow/example_dags/example_display_name.py took 0.086 seconds
[2026-02-28T21:59:38.021+0000] {processor.py:161} INFO - Started process (PID=2235) to work on /home/airflow/.local/lib/python3.12/site-packages/airflow/example_dags/example_display_name.py
[2026-02-28T21:59:38.021+0000] {processor.py:830} INFO - Processing file /home/airflow/.local/lib/python3.12/site-packages/airflow/example_dags/example_display_name.py for tasks to queue
[2026-02-28T21:59:38.022+0000] {logging_mixin.py:188} INFO - [2026-02-28T21:59:38.022+0000] {dagbag.py:545} INFO - Filling up the DagBag from /home/airflow/.local/lib/python3.12/site-packages/airflow/example_dags/example_display_name.py
[2026-02-28T21:59:38.026+0000] {processor.py:840} INFO - DAG(s) 'example_display_name' retrieved from /home/airflow/.local/lib/python3.12/site-packages/airflow/example_dags/example_display_name.py
[2026-02-28T21:59:38.036+0000] {logging_mixin.py:188} INFO - [2026-02-28T21:59:38.036+0000] {dag.py:3096} INFO - Sync 1 DAGs
[2026-02-28T21:59:38.041+0000] {logging_mixin.py:188} INFO - [2026-02-28T21:59:38.041+0000] {dag.py:3954} INFO - Setting next_dagrun for example_display_name to None, run_after=None
[2026-02-28T21:59:38.051+0000] {processor.py:183} INFO - Processing /home/airflow/.local/lib/python3.12/site-packages/airflow/example_dags/example_display_name.py took 0.035 seconds
[2026-02-28T22:00:09.036+0000] {processor.py:161} INFO - Started process (PID=2293) to work on /home/airflow/.local/lib/python3.12/site-packages/airflow/example_dags/example_display_name.py
[2026-02-28T22:00:09.038+0000] {processor.py:830} INFO - Processing file /home/airflow/.local/lib/python3.12/site-packages/airflow/example_dags/example_display_name.py for tasks to queue
[2026-02-28T22:00:09.039+0000] {logging_mixin.py:188} INFO - [2026-02-28T22:00:09.039+0000] {dagbag.py:545} INFO - Filling up the DagBag from /home/airflow/.local/lib/python3.12/site-packages/airflow/example_dags/example_display_name.py
[2026-02-28T22:00:09.043+0000] {processor.py:840} INFO - DAG(s) 'example_display_name' retrieved from /home/airflow/.local/lib/python3.12/site-packages/airflow/example_dags/example_display_name.py
[2026-02-28T22:00:09.055+0000] {logging_mixin.py:188} INFO - [2026-02-28T22:00:09.055+0000] {dag.py:3096} INFO - Sync 1 DAGs
[2026-02-28T22:00:09.062+0000] {logging_mixin.py:188} INFO - [2026-02-28T22:00:09.061+0000] {dag.py:3954} INFO - Setting next_dagrun for example_display_name to None, run_after=None
[2026-02-28T22:00:09.070+0000] {processor.py:183} INFO - Processing /home/airflow/.local/lib/python3.12/site-packages/airflow/example_dags/example_display_name.py took 0.045 seconds
[2026-02-28T22:00:39.547+0000] {processor.py:161} INFO - Started process (PID=2351) to work on /home/airflow/.local/lib/python3.12/site-packages/airflow/example_dags/example_display_name.py
[2026-02-28T22:00:39.548+0000] {processor.py:830} INFO - Processing file /home/airflow/.local/lib/python3.12/site-packages/airflow/example_dags/example_display_name.py for tasks to queue
[2026-02-28T22:00:39.550+0000] {logging_mixin.py:188} INFO - [2026-02-28T22:00:39.550+0000] {dagbag.py:545} INFO - Filling up the DagBag from /home/airflow/.local/lib/python3.12/site-packages/airflow/example_dags/example_display_name.py
[2026-02-28T22:00:39.556+0000] {processor.py:840} INFO - DAG(s) 'example_display_name' retrieved from /home/airflow/.local/lib/python3.12/site-packages/airflow/example_dags/example_display_name.py
[2026-02-28T22:00:39.572+0000] {logging_mixin.py:188} INFO - [2026-02-28T22:00:39.572+0000] {dag.py:3096} INFO - Sync 1 DAGs
[2026-02-28T22:00:39.581+0000] {logging_mixin.py:188} INFO - [2026-02-28T22:00:39.581+0000] {dag.py:3954} INFO - Setting next_dagrun for example_display_name to None, run_after=None
[2026-02-28T22:00:39.592+0000] {processor.py:183} INFO - Processing /home/airflow/.local/lib/python3.12/site-packages/airflow/example_dags/example_display_name.py took 0.053 seconds
[2026-02-28T22:01:10.434+0000] {processor.py:161} INFO - Started process (PID=2408) to work on /home/airflow/.local/lib/python3.12/site-packages/airflow/example_dags/example_display_name.py
[2026-02-28T22:01:10.435+0000] {processor.py:830} INFO - Processing file /home/airflow/.local/lib/python3.12/site-packages/airflow/example_dags/example_display_name.py for tasks to queue
[2026-02-28T22:01:10.436+0000] {logging_mixin.py:188} INFO - [2026-02-28T22:01:10.436+0000] {dagbag.py:545} INFO - Filling up the DagBag from /home/airflow/.local/lib/python3.12/site-packages/airflow/example_dags/example_display_name.py
[2026-02-28T22:01:10.439+0000] {processor.py:840} INFO - DAG(s) 'example_display_name' retrieved from /home/airflow/.local/lib/python3.12/site-packages/airflow/example_dags/example_display_name.py
[2026-02-28T22:01:10.449+0000] {logging_mixin.py:188} INFO - [2026-02-28T22:01:10.449+0000] {dag.py:3096} INFO - Sync 1 DAGs
[2026-02-28T22:01:10.455+0000] {logging_mixin.py:188} INFO - [2026-02-28T22:01:10.455+0000] {dag.py:3954} INFO - Setting next_dagrun for example_display_name to None, run_after=None
[2026-02-28T22:01:10.463+0000] {processor.py:183} INFO - Processing /home/airflow/.local/lib/python3.12/site-packages/airflow/example_dags/example_display_name.py took 0.033 seconds
[2026-02-28T22:01:40.889+0000] {processor.py:161} INFO - Started process (PID=2466) to work on /home/airflow/.local/lib/python3.12/site-packages/airflow/example_dags/example_display_name.py
[2026-02-28T22:01:40.890+0000] {processor.py:830} INFO - Processing file /home/airflow/.local/lib/python3.12/site-packages/airflow/example_dags/example_display_name.py for tasks to queue
[2026-02-28T22:01:40.892+0000] {logging_mixin.py:188} INFO - [2026-02-28T22:01:40.892+0000] {dagbag.py:545} INFO - Filling up the DagBag from /home/airflow/.local/lib/python3.12/site-packages/airflow/example_dags/example_display_name.py
[2026-02-28T22:01:40.898+0000] {processor.py:840} INFO - DAG(s) 'example_display_name' retrieved from /home/airflow/.local/lib/python3.12/site-packages/airflow/example_dags/example_display_name.py
[2026-02-28T22:01:40.915+0000] {logging_mixin.py:188} INFO - [2026-02-28T22:01:40.915+0000] {dag.py:3096} INFO - Sync 1 DAGs
[2026-02-28T22:01:40.927+0000] {logging_mixin.py:188} INFO - [2026-02-28T22:01:40.927+0000] {dag.py:3954} INFO - Setting next_dagrun for example_display_name to None, run_after=None
[2026-02-28T22:01:40.937+0000] {processor.py:183} INFO - Processing /home/airflow/.local/lib/python3.12/site-packages/airflow/example_dags/example_display_name.py took 0.054 seconds
[2026-02-28T22:02:11.725+0000] {processor.py:161} INFO - Started process (PID=2524) to work on /home/airflow/.local/lib/python3.12/site-packages/airflow/example_dags/example_display_name.py
[2026-02-28T22:02:11.726+0000] {processor.py:830} INFO - Processing file /home/airflow/.local/lib/python3.12/site-packages/airflow/example_dags/example_display_name.py for tasks to queue
[2026-02-28T22:02:11.727+0000] {logging_mixin.py:188} INFO - [2026-02-28T22:02:11.727+0000] {dagbag.py:545} INFO - Filling up the DagBag from /home/airflow/.local/lib/python3.12/site-packages/airflow/example_dags/example_display_name.py
[2026-02-28T22:02:11.731+0000] {processor.py:840} INFO - DAG(s) 'example_display_name' retrieved from /home/airflow/.local/lib/python3.12/site-packages/airflow/example_dags/example_display_name.py
[2026-02-28T22:02:11.745+0000] {logging_mixin.py:188} INFO - [2026-02-28T22:02:11.745+0000] {dag.py:3096} INFO - Sync 1 DAGs
[2026-02-28T22:02:11.752+0000] {logging_mixin.py:188} INFO - [2026-02-28T22:02:11.752+0000] {dag.py:3954} INFO - Setting next_dagrun for example_display_name to None, run_after=None
[2026-02-28T22:02:11.762+0000] {processor.py:183} INFO - Processing /home/airflow/.local/lib/python3.12/site-packages/airflow/example_dags/example_display_name.py took 0.042 seconds
[2026-02-28T22:02:42.708+0000] {processor.py:161} INFO - Started process (PID=2582) to work on /home/airflow/.local/lib/python3.12/site-packages/airflow/example_dags/example_display_name.py
[2026-02-28T22:02:42.709+0000] {processor.py:830} INFO - Processing file /home/airflow/.local/lib/python3.12/site-packages/airflow/example_dags/example_display_name.py for tasks to queue
[2026-02-28T22:02:42.710+0000] {logging_mixin.py:188} INFO - [2026-02-28T22:02:42.710+0000] {dagbag.py:545} INFO - Filling up the DagBag from /home/airflow/.local/lib/python3.12/site-packages/airflow/example_dags/example_display_name.py
[2026-02-28T22:02:42.713+0000] {processor.py:840} INFO - DAG(s) 'example_display_name' retrieved from /home/airflow/.local/lib/python3.12/site-packages/airflow/example_dags/example_display_name.py
[2026-02-28T22:02:42.723+0000] {logging_mixin.py:188} INFO - [2026-02-28T22:02:42.723+0000] {dag.py:3096} INFO - Sync 1 DAGs
[2026-02-28T22:02:42.729+0000] {logging_mixin.py:188} INFO - [2026-02-28T22:02:42.729+0000] {dag.py:3954} INFO - Setting next_dagrun for example_display_name to None, run_after=None
[2026-02-28T22:02:42.737+0000] {processor.py:183} INFO - Processing /home/airflow/.local/lib/python3.12/site-packages/airflow/example_dags/example_display_name.py took 0.032 seconds
[2026-02-28T22:03:13.240+0000] {processor.py:161} INFO - Started process (PID=2639) to work on /home/airflow/.local/lib/python3.12/site-packages/airflow/example_dags/example_display_name.py
[2026-02-28T22:03:13.241+0000] {processor.py:830} INFO - Processing file /home/airflow/.local/lib/python3.12/site-packages/airflow/example_dags/example_display_name.py for tasks to queue
[2026-02-28T22:03:13.242+0000] {logging_mixin.py:188} INFO - [2026-02-28T22:03:13.242+0000] {dagbag.py:545} INFO - Filling up the DagBag from /home/airflow/.local/lib/python3.12/site-packages/airflow/example_dags/example_display_name.py
[2026-02-28T22:03:13.246+0000] {processor.py:840} INFO - DAG(s) 'example_display_name' retrieved from /home/airflow/.local/lib/python3.12/site-packages/airflow/example_dags/example_display_name.py
[2026-02-28T22:03:13.258+0000] {logging_mixin.py:188} INFO - [2026-02-28T22:03:13.258+0000] {dag.py:3096} INFO - Sync 1 DAGs
[2026-02-28T22:03:13.265+0000] {logging_mixin.py:188} INFO - [2026-02-28T22:03:13.265+0000] {dag.py:3954} INFO - Setting next_dagrun for example_display_name to None, run_after=None
[2026-02-28T22:03:13.276+0000] {processor.py:183} INFO - Processing /home/airflow/.local/lib/python3.12/site-packages/airflow/example_dags/example_display_name.py took 0.040 seconds
[2026-02-28T22:03:44.136+0000] {processor.py:161} INFO - Started process (PID=2697) to work on /home/airflow/.local/lib/python3.12/site-packages/airflow/example_dags/example_display_name.py
[2026-02-28T22:03:44.137+0000] {processor.py:830} INFO - Processing file /home/airflow/.local/lib/python3.12/site-packages/airflow/example_dags/example_display_name.py for tasks to queue
[2026-02-28T22:03:44.139+0000] {logging_mixin.py:188} INFO - [2026-02-28T22:03:44.139+0000] {dagbag.py:545} INFO - Filling up the DagBag from /home/airflow/.local/lib/python3.12/site-packages/airflow/example_dags/example_display_name.py
[2026-02-28T22:03:44.144+0000] {processor.py:840} INFO - DAG(s) 'example_display_name' retrieved from /home/airflow/.local/lib/python3.12/site-packages/airflow/example_dags/example_display_name.py
[2026-02-28T22:03:44.166+0000] {logging_mixin.py:188} INFO - [2026-02-28T22:03:44.166+0000] {dag.py:3096} INFO - Sync 1 DAGs
[2026-02-28T22:03:44.174+0000] {logging_mixin.py:188} INFO - [2026-02-28T22:03:44.174+0000] {dag.py:3954} INFO - Setting next_dagrun for example_display_name to None, run_after=None
[2026-02-28T22:03:44.185+0000] {processor.py:183} INFO - Processing /home/airflow/.local/lib/python3.12/site-packages/airflow/example_dags/example_display_name.py took 0.059 seconds
[2026-02-28T22:04:15.206+0000] {processor.py:161} INFO - Started process (PID=2755) to work on /home/airflow/.local/lib/python3.12/site-packages/airflow/example_dags/example_display_name.py
[2026-02-28T22:04:15.208+0000] {processor.py:830} INFO - Processing file /home/airflow/.local/lib/python3.12/site-packages/airflow/example_dags/example_display_name.py for tasks to queue
[2026-02-28T22:04:15.210+0000] {logging_mixin.py:188} INFO - [2026-02-28T22:04:15.210+0000] {dagbag.py:545} INFO - Filling up the DagBag from /home/airflow/.local/lib/python3.12/site-packages/airflow/example_dags/example_display_name.py
[2026-02-28T22:04:15.214+0000] {processor.py:840} INFO - DAG(s) 'example_display_name' retrieved from /home/airflow/.local/lib/python3.12/site-packages/airflow/example_dags/example_display_name.py
[2026-02-28T22:04:15.227+0000] {logging_mixin.py:188} INFO - [2026-02-28T22:04:15.227+0000] {dag.py:3096} INFO - Sync 1 DAGs
[2026-02-28T22:04:15.234+0000] {logging_mixin.py:188} INFO - [2026-02-28T22:04:15.233+0000] {dag.py:3954} INFO - Setting next_dagrun for example_display_name to None, run_after=None
[2026-02-28T22:04:15.242+0000] {processor.py:183} INFO - Processing /home/airflow/.local/lib/python3.12/site-packages/airflow/example_dags/example_display_name.py took 0.041 seconds
