[2026-02-28T21:40:03.275+0000] {processor.py:161} INFO - Started process (PID=73) to work on /home/airflow/.local/lib/python3.12/site-packages/airflow/example_dags/example_kubernetes_executor.py
[2026-02-28T21:40:03.279+0000] {processor.py:830} INFO - Processing file /home/airflow/.local/lib/python3.12/site-packages/airflow/example_dags/example_kubernetes_executor.py for tasks to queue
[2026-02-28T21:40:03.282+0000] {logging_mixin.py:188} INFO - [2026-02-28T21:40:03.282+0000] {dagbag.py:545} INFO - Filling up the DagBag from /home/airflow/.local/lib/python3.12/site-packages/airflow/example_dags/example_kubernetes_executor.py
[2026-02-28T21:40:03.374+0000] {processor.py:840} INFO - DAG(s) 'example_kubernetes_executor' retrieved from /home/airflow/.local/lib/python3.12/site-packages/airflow/example_dags/example_kubernetes_executor.py
[2026-02-28T21:40:03.444+0000] {logging_mixin.py:188} INFO - [2026-02-28T21:40:03.443+0000] {dag.py:3096} INFO - Sync 1 DAGs
[2026-02-28T21:40:03.535+0000] {logging_mixin.py:188} INFO - [2026-02-28T21:40:03.534+0000] {dag.py:3954} INFO - Setting next_dagrun for example_kubernetes_executor to None, run_after=None
[2026-02-28T21:40:03.733+0000] {processor.py:183} INFO - Processing /home/airflow/.local/lib/python3.12/site-packages/airflow/example_dags/example_kubernetes_executor.py took 0.478 seconds
[2026-02-28T21:40:34.786+0000] {processor.py:161} INFO - Started process (PID=131) to work on /home/airflow/.local/lib/python3.12/site-packages/airflow/example_dags/example_kubernetes_executor.py
[2026-02-28T21:40:34.788+0000] {processor.py:830} INFO - Processing file /home/airflow/.local/lib/python3.12/site-packages/airflow/example_dags/example_kubernetes_executor.py for tasks to queue
[2026-02-28T21:40:34.791+0000] {logging_mixin.py:188} INFO - [2026-02-28T21:40:34.791+0000] {dagbag.py:545} INFO - Filling up the DagBag from /home/airflow/.local/lib/python3.12/site-packages/airflow/example_dags/example_kubernetes_executor.py
[2026-02-28T21:40:34.810+0000] {processor.py:840} INFO - DAG(s) 'example_kubernetes_executor' retrieved from /home/airflow/.local/lib/python3.12/site-packages/airflow/example_dags/example_kubernetes_executor.py
[2026-02-28T21:40:34.890+0000] {logging_mixin.py:188} INFO - [2026-02-28T21:40:34.890+0000] {dag.py:3096} INFO - Sync 1 DAGs
[2026-02-28T21:40:34.897+0000] {logging_mixin.py:188} INFO - [2026-02-28T21:40:34.897+0000] {dag.py:3954} INFO - Setting next_dagrun for example_kubernetes_executor to None, run_after=None
[2026-02-28T21:40:34.909+0000] {processor.py:183} INFO - Processing /home/airflow/.local/lib/python3.12/site-packages/airflow/example_dags/example_kubernetes_executor.py took 0.133 seconds
[2026-02-28T21:41:05.734+0000] {processor.py:161} INFO - Started process (PID=189) to work on /home/airflow/.local/lib/python3.12/site-packages/airflow/example_dags/example_kubernetes_executor.py
[2026-02-28T21:41:05.738+0000] {processor.py:830} INFO - Processing file /home/airflow/.local/lib/python3.12/site-packages/airflow/example_dags/example_kubernetes_executor.py for tasks to queue
[2026-02-28T21:41:05.753+0000] {logging_mixin.py:188} INFO - [2026-02-28T21:41:05.750+0000] {dagbag.py:545} INFO - Filling up the DagBag from /home/airflow/.local/lib/python3.12/site-packages/airflow/example_dags/example_kubernetes_executor.py
[2026-02-28T21:41:05.803+0000] {processor.py:840} INFO - DAG(s) 'example_kubernetes_executor' retrieved from /home/airflow/.local/lib/python3.12/site-packages/airflow/example_dags/example_kubernetes_executor.py
[2026-02-28T21:41:05.931+0000] {logging_mixin.py:188} INFO - [2026-02-28T21:41:05.930+0000] {dag.py:3096} INFO - Sync 1 DAGs
[2026-02-28T21:41:05.967+0000] {logging_mixin.py:188} INFO - [2026-02-28T21:41:05.963+0000] {dag.py:3954} INFO - Setting next_dagrun for example_kubernetes_executor to None, run_after=None
[2026-02-28T21:41:06.077+0000] {processor.py:183} INFO - Processing /home/airflow/.local/lib/python3.12/site-packages/airflow/example_dags/example_kubernetes_executor.py took 0.359 seconds
[2026-02-28T21:41:36.496+0000] {processor.py:161} INFO - Started process (PID=247) to work on /home/airflow/.local/lib/python3.12/site-packages/airflow/example_dags/example_kubernetes_executor.py
[2026-02-28T21:41:36.497+0000] {processor.py:830} INFO - Processing file /home/airflow/.local/lib/python3.12/site-packages/airflow/example_dags/example_kubernetes_executor.py for tasks to queue
[2026-02-28T21:41:36.498+0000] {logging_mixin.py:188} INFO - [2026-02-28T21:41:36.498+0000] {dagbag.py:545} INFO - Filling up the DagBag from /home/airflow/.local/lib/python3.12/site-packages/airflow/example_dags/example_kubernetes_executor.py
[2026-02-28T21:41:36.509+0000] {processor.py:840} INFO - DAG(s) 'example_kubernetes_executor' retrieved from /home/airflow/.local/lib/python3.12/site-packages/airflow/example_dags/example_kubernetes_executor.py
[2026-02-28T21:41:36.560+0000] {logging_mixin.py:188} INFO - [2026-02-28T21:41:36.560+0000] {dag.py:3096} INFO - Sync 1 DAGs
[2026-02-28T21:41:36.570+0000] {logging_mixin.py:188} INFO - [2026-02-28T21:41:36.570+0000] {dag.py:3954} INFO - Setting next_dagrun for example_kubernetes_executor to None, run_after=None
[2026-02-28T21:41:36.590+0000] {processor.py:183} INFO - Processing /home/airflow/.local/lib/python3.12/site-packages/airflow/example_dags/example_kubernetes_executor.py took 0.098 seconds
[2026-02-28T21:42:06.880+0000] {processor.py:161} INFO - Started process (PID=305) to work on /home/airflow/.local/lib/python3.12/site-packages/airflow/example_dags/example_kubernetes_executor.py
[2026-02-28T21:42:06.883+0000] {processor.py:830} INFO - Processing file /home/airflow/.local/lib/python3.12/site-packages/airflow/example_dags/example_kubernetes_executor.py for tasks to queue
[2026-02-28T21:42:06.885+0000] {logging_mixin.py:188} INFO - [2026-02-28T21:42:06.885+0000] {dagbag.py:545} INFO - Filling up the DagBag from /home/airflow/.local/lib/python3.12/site-packages/airflow/example_dags/example_kubernetes_executor.py
[2026-02-28T21:42:06.902+0000] {processor.py:840} INFO - DAG(s) 'example_kubernetes_executor' retrieved from /home/airflow/.local/lib/python3.12/site-packages/airflow/example_dags/example_kubernetes_executor.py
[2026-02-28T21:42:06.932+0000] {logging_mixin.py:188} INFO - [2026-02-28T21:42:06.932+0000] {dag.py:3096} INFO - Sync 1 DAGs
[2026-02-28T21:42:06.939+0000] {logging_mixin.py:188} INFO - [2026-02-28T21:42:06.939+0000] {dag.py:3954} INFO - Setting next_dagrun for example_kubernetes_executor to None, run_after=None
[2026-02-28T21:42:06.953+0000] {processor.py:183} INFO - Processing /home/airflow/.local/lib/python3.12/site-packages/airflow/example_dags/example_kubernetes_executor.py took 0.080 seconds
[2026-02-28T21:42:37.219+0000] {processor.py:161} INFO - Started process (PID=364) to work on /home/airflow/.local/lib/python3.12/site-packages/airflow/example_dags/example_kubernetes_executor.py
[2026-02-28T21:42:37.220+0000] {processor.py:830} INFO - Processing file /home/airflow/.local/lib/python3.12/site-packages/airflow/example_dags/example_kubernetes_executor.py for tasks to queue
[2026-02-28T21:42:37.223+0000] {logging_mixin.py:188} INFO - [2026-02-28T21:42:37.222+0000] {dagbag.py:545} INFO - Filling up the DagBag from /home/airflow/.local/lib/python3.12/site-packages/airflow/example_dags/example_kubernetes_executor.py
[2026-02-28T21:42:37.235+0000] {processor.py:840} INFO - DAG(s) 'example_kubernetes_executor' retrieved from /home/airflow/.local/lib/python3.12/site-packages/airflow/example_dags/example_kubernetes_executor.py
[2026-02-28T21:42:37.262+0000] {logging_mixin.py:188} INFO - [2026-02-28T21:42:37.261+0000] {dag.py:3096} INFO - Sync 1 DAGs
[2026-02-28T21:42:37.273+0000] {logging_mixin.py:188} INFO - [2026-02-28T21:42:37.273+0000] {dag.py:3954} INFO - Setting next_dagrun for example_kubernetes_executor to None, run_after=None
[2026-02-28T21:42:37.282+0000] {processor.py:183} INFO - Processing /home/airflow/.local/lib/python3.12/site-packages/airflow/example_dags/example_kubernetes_executor.py took 0.069 seconds
[2026-02-28T21:43:07.943+0000] {processor.py:161} INFO - Started process (PID=422) to work on /home/airflow/.local/lib/python3.12/site-packages/airflow/example_dags/example_kubernetes_executor.py
[2026-02-28T21:43:07.946+0000] {processor.py:830} INFO - Processing file /home/airflow/.local/lib/python3.12/site-packages/airflow/example_dags/example_kubernetes_executor.py for tasks to queue
[2026-02-28T21:43:07.950+0000] {logging_mixin.py:188} INFO - [2026-02-28T21:43:07.949+0000] {dagbag.py:545} INFO - Filling up the DagBag from /home/airflow/.local/lib/python3.12/site-packages/airflow/example_dags/example_kubernetes_executor.py
[2026-02-28T21:43:07.966+0000] {processor.py:840} INFO - DAG(s) 'example_kubernetes_executor' retrieved from /home/airflow/.local/lib/python3.12/site-packages/airflow/example_dags/example_kubernetes_executor.py
[2026-02-28T21:43:08.004+0000] {logging_mixin.py:188} INFO - [2026-02-28T21:43:08.004+0000] {dag.py:3096} INFO - Sync 1 DAGs
[2026-02-28T21:43:08.017+0000] {logging_mixin.py:188} INFO - [2026-02-28T21:43:08.016+0000] {dag.py:3954} INFO - Setting next_dagrun for example_kubernetes_executor to None, run_after=None
[2026-02-28T21:43:08.030+0000] {processor.py:183} INFO - Processing /home/airflow/.local/lib/python3.12/site-packages/airflow/example_dags/example_kubernetes_executor.py took 0.096 seconds
[2026-02-28T21:43:38.252+0000] {processor.py:161} INFO - Started process (PID=480) to work on /home/airflow/.local/lib/python3.12/site-packages/airflow/example_dags/example_kubernetes_executor.py
[2026-02-28T21:43:38.253+0000] {processor.py:830} INFO - Processing file /home/airflow/.local/lib/python3.12/site-packages/airflow/example_dags/example_kubernetes_executor.py for tasks to queue
[2026-02-28T21:43:38.257+0000] {logging_mixin.py:188} INFO - [2026-02-28T21:43:38.256+0000] {dagbag.py:545} INFO - Filling up the DagBag from /home/airflow/.local/lib/python3.12/site-packages/airflow/example_dags/example_kubernetes_executor.py
[2026-02-28T21:43:38.273+0000] {processor.py:840} INFO - DAG(s) 'example_kubernetes_executor' retrieved from /home/airflow/.local/lib/python3.12/site-packages/airflow/example_dags/example_kubernetes_executor.py
[2026-02-28T21:43:38.311+0000] {logging_mixin.py:188} INFO - [2026-02-28T21:43:38.311+0000] {dag.py:3096} INFO - Sync 1 DAGs
[2026-02-28T21:43:38.318+0000] {logging_mixin.py:188} INFO - [2026-02-28T21:43:38.318+0000] {dag.py:3954} INFO - Setting next_dagrun for example_kubernetes_executor to None, run_after=None
[2026-02-28T21:43:38.329+0000] {processor.py:183} INFO - Processing /home/airflow/.local/lib/python3.12/site-packages/airflow/example_dags/example_kubernetes_executor.py took 0.088 seconds
[2026-02-28T21:44:43.241+0000] {processor.py:161} INFO - Started process (PID=538) to work on /home/airflow/.local/lib/python3.12/site-packages/airflow/example_dags/example_kubernetes_executor.py
[2026-02-28T21:44:43.243+0000] {processor.py:830} INFO - Processing file /home/airflow/.local/lib/python3.12/site-packages/airflow/example_dags/example_kubernetes_executor.py for tasks to queue
[2026-02-28T21:44:43.248+0000] {logging_mixin.py:188} INFO - [2026-02-28T21:44:43.247+0000] {dagbag.py:545} INFO - Filling up the DagBag from /home/airflow/.local/lib/python3.12/site-packages/airflow/example_dags/example_kubernetes_executor.py
[2026-02-28T21:44:43.267+0000] {processor.py:840} INFO - DAG(s) 'example_kubernetes_executor' retrieved from /home/airflow/.local/lib/python3.12/site-packages/airflow/example_dags/example_kubernetes_executor.py
[2026-02-28T21:44:43.323+0000] {logging_mixin.py:188} INFO - [2026-02-28T21:44:43.323+0000] {dag.py:3096} INFO - Sync 1 DAGs
[2026-02-28T21:44:43.338+0000] {logging_mixin.py:188} INFO - [2026-02-28T21:44:43.338+0000] {dag.py:3954} INFO - Setting next_dagrun for example_kubernetes_executor to None, run_after=None
[2026-02-28T21:44:43.362+0000] {processor.py:183} INFO - Processing /home/airflow/.local/lib/python3.12/site-packages/airflow/example_dags/example_kubernetes_executor.py took 0.132 seconds
[2026-02-28T21:45:13.955+0000] {processor.py:161} INFO - Started process (PID=596) to work on /home/airflow/.local/lib/python3.12/site-packages/airflow/example_dags/example_kubernetes_executor.py
[2026-02-28T21:45:13.956+0000] {processor.py:830} INFO - Processing file /home/airflow/.local/lib/python3.12/site-packages/airflow/example_dags/example_kubernetes_executor.py for tasks to queue
[2026-02-28T21:45:13.957+0000] {logging_mixin.py:188} INFO - [2026-02-28T21:45:13.957+0000] {dagbag.py:545} INFO - Filling up the DagBag from /home/airflow/.local/lib/python3.12/site-packages/airflow/example_dags/example_kubernetes_executor.py
[2026-02-28T21:45:13.966+0000] {processor.py:840} INFO - DAG(s) 'example_kubernetes_executor' retrieved from /home/airflow/.local/lib/python3.12/site-packages/airflow/example_dags/example_kubernetes_executor.py
[2026-02-28T21:45:13.992+0000] {logging_mixin.py:188} INFO - [2026-02-28T21:45:13.992+0000] {dag.py:3096} INFO - Sync 1 DAGs
[2026-02-28T21:45:13.999+0000] {logging_mixin.py:188} INFO - [2026-02-28T21:45:13.999+0000] {dag.py:3954} INFO - Setting next_dagrun for example_kubernetes_executor to None, run_after=None
[2026-02-28T21:45:14.013+0000] {processor.py:183} INFO - Processing /home/airflow/.local/lib/python3.12/site-packages/airflow/example_dags/example_kubernetes_executor.py took 0.071 seconds
[2026-02-28T21:45:44.306+0000] {processor.py:161} INFO - Started process (PID=654) to work on /home/airflow/.local/lib/python3.12/site-packages/airflow/example_dags/example_kubernetes_executor.py
[2026-02-28T21:45:44.308+0000] {processor.py:830} INFO - Processing file /home/airflow/.local/lib/python3.12/site-packages/airflow/example_dags/example_kubernetes_executor.py for tasks to queue
[2026-02-28T21:45:44.309+0000] {logging_mixin.py:188} INFO - [2026-02-28T21:45:44.309+0000] {dagbag.py:545} INFO - Filling up the DagBag from /home/airflow/.local/lib/python3.12/site-packages/airflow/example_dags/example_kubernetes_executor.py
[2026-02-28T21:45:44.319+0000] {processor.py:840} INFO - DAG(s) 'example_kubernetes_executor' retrieved from /home/airflow/.local/lib/python3.12/site-packages/airflow/example_dags/example_kubernetes_executor.py
[2026-02-28T21:45:44.343+0000] {logging_mixin.py:188} INFO - [2026-02-28T21:45:44.343+0000] {dag.py:3096} INFO - Sync 1 DAGs
[2026-02-28T21:45:44.349+0000] {logging_mixin.py:188} INFO - [2026-02-28T21:45:44.349+0000] {dag.py:3954} INFO - Setting next_dagrun for example_kubernetes_executor to None, run_after=None
[2026-02-28T21:45:44.362+0000] {processor.py:183} INFO - Processing /home/airflow/.local/lib/python3.12/site-packages/airflow/example_dags/example_kubernetes_executor.py took 0.059 seconds
[2026-02-28T21:46:14.935+0000] {processor.py:161} INFO - Started process (PID=712) to work on /home/airflow/.local/lib/python3.12/site-packages/airflow/example_dags/example_kubernetes_executor.py
[2026-02-28T21:46:14.936+0000] {processor.py:830} INFO - Processing file /home/airflow/.local/lib/python3.12/site-packages/airflow/example_dags/example_kubernetes_executor.py for tasks to queue
[2026-02-28T21:46:14.938+0000] {logging_mixin.py:188} INFO - [2026-02-28T21:46:14.937+0000] {dagbag.py:545} INFO - Filling up the DagBag from /home/airflow/.local/lib/python3.12/site-packages/airflow/example_dags/example_kubernetes_executor.py
[2026-02-28T21:46:14.964+0000] {processor.py:840} INFO - DAG(s) 'example_kubernetes_executor' retrieved from /home/airflow/.local/lib/python3.12/site-packages/airflow/example_dags/example_kubernetes_executor.py
[2026-02-28T21:46:15.000+0000] {logging_mixin.py:188} INFO - [2026-02-28T21:46:15.000+0000] {dag.py:3096} INFO - Sync 1 DAGs
[2026-02-28T21:46:15.011+0000] {logging_mixin.py:188} INFO - [2026-02-28T21:46:15.011+0000] {dag.py:3954} INFO - Setting next_dagrun for example_kubernetes_executor to None, run_after=None
[2026-02-28T21:46:15.021+0000] {processor.py:183} INFO - Processing /home/airflow/.local/lib/python3.12/site-packages/airflow/example_dags/example_kubernetes_executor.py took 0.090 seconds
[2026-02-28T21:46:45.591+0000] {processor.py:161} INFO - Started process (PID=770) to work on /home/airflow/.local/lib/python3.12/site-packages/airflow/example_dags/example_kubernetes_executor.py
[2026-02-28T21:46:45.593+0000] {processor.py:830} INFO - Processing file /home/airflow/.local/lib/python3.12/site-packages/airflow/example_dags/example_kubernetes_executor.py for tasks to queue
[2026-02-28T21:46:45.594+0000] {logging_mixin.py:188} INFO - [2026-02-28T21:46:45.594+0000] {dagbag.py:545} INFO - Filling up the DagBag from /home/airflow/.local/lib/python3.12/site-packages/airflow/example_dags/example_kubernetes_executor.py
[2026-02-28T21:46:45.604+0000] {processor.py:840} INFO - DAG(s) 'example_kubernetes_executor' retrieved from /home/airflow/.local/lib/python3.12/site-packages/airflow/example_dags/example_kubernetes_executor.py
[2026-02-28T21:46:45.630+0000] {logging_mixin.py:188} INFO - [2026-02-28T21:46:45.630+0000] {dag.py:3096} INFO - Sync 1 DAGs
[2026-02-28T21:46:45.641+0000] {logging_mixin.py:188} INFO - [2026-02-28T21:46:45.640+0000] {dag.py:3954} INFO - Setting next_dagrun for example_kubernetes_executor to None, run_after=None
[2026-02-28T21:46:45.664+0000] {processor.py:183} INFO - Processing /home/airflow/.local/lib/python3.12/site-packages/airflow/example_dags/example_kubernetes_executor.py took 0.075 seconds
[2026-02-28T21:47:16.586+0000] {processor.py:161} INFO - Started process (PID=828) to work on /home/airflow/.local/lib/python3.12/site-packages/airflow/example_dags/example_kubernetes_executor.py
[2026-02-28T21:47:16.587+0000] {processor.py:830} INFO - Processing file /home/airflow/.local/lib/python3.12/site-packages/airflow/example_dags/example_kubernetes_executor.py for tasks to queue
[2026-02-28T21:47:16.589+0000] {logging_mixin.py:188} INFO - [2026-02-28T21:47:16.588+0000] {dagbag.py:545} INFO - Filling up the DagBag from /home/airflow/.local/lib/python3.12/site-packages/airflow/example_dags/example_kubernetes_executor.py
[2026-02-28T21:47:16.597+0000] {processor.py:840} INFO - DAG(s) 'example_kubernetes_executor' retrieved from /home/airflow/.local/lib/python3.12/site-packages/airflow/example_dags/example_kubernetes_executor.py
[2026-02-28T21:47:16.622+0000] {logging_mixin.py:188} INFO - [2026-02-28T21:47:16.622+0000] {dag.py:3096} INFO - Sync 1 DAGs
[2026-02-28T21:47:16.636+0000] {logging_mixin.py:188} INFO - [2026-02-28T21:47:16.636+0000] {dag.py:3954} INFO - Setting next_dagrun for example_kubernetes_executor to None, run_after=None
[2026-02-28T21:47:16.655+0000] {processor.py:183} INFO - Processing /home/airflow/.local/lib/python3.12/site-packages/airflow/example_dags/example_kubernetes_executor.py took 0.073 seconds
[2026-02-28T21:47:47.496+0000] {processor.py:161} INFO - Started process (PID=886) to work on /home/airflow/.local/lib/python3.12/site-packages/airflow/example_dags/example_kubernetes_executor.py
[2026-02-28T21:47:47.497+0000] {processor.py:830} INFO - Processing file /home/airflow/.local/lib/python3.12/site-packages/airflow/example_dags/example_kubernetes_executor.py for tasks to queue
[2026-02-28T21:47:47.499+0000] {logging_mixin.py:188} INFO - [2026-02-28T21:47:47.498+0000] {dagbag.py:545} INFO - Filling up the DagBag from /home/airflow/.local/lib/python3.12/site-packages/airflow/example_dags/example_kubernetes_executor.py
[2026-02-28T21:47:47.508+0000] {processor.py:840} INFO - DAG(s) 'example_kubernetes_executor' retrieved from /home/airflow/.local/lib/python3.12/site-packages/airflow/example_dags/example_kubernetes_executor.py
[2026-02-28T21:47:47.529+0000] {logging_mixin.py:188} INFO - [2026-02-28T21:47:47.529+0000] {dag.py:3096} INFO - Sync 1 DAGs
[2026-02-28T21:47:47.535+0000] {logging_mixin.py:188} INFO - [2026-02-28T21:47:47.535+0000] {dag.py:3954} INFO - Setting next_dagrun for example_kubernetes_executor to None, run_after=None
[2026-02-28T21:47:47.546+0000] {processor.py:183} INFO - Processing /home/airflow/.local/lib/python3.12/site-packages/airflow/example_dags/example_kubernetes_executor.py took 0.053 seconds
[2026-02-28T21:48:18.420+0000] {processor.py:161} INFO - Started process (PID=944) to work on /home/airflow/.local/lib/python3.12/site-packages/airflow/example_dags/example_kubernetes_executor.py
[2026-02-28T21:48:18.421+0000] {processor.py:830} INFO - Processing file /home/airflow/.local/lib/python3.12/site-packages/airflow/example_dags/example_kubernetes_executor.py for tasks to queue
[2026-02-28T21:48:18.422+0000] {logging_mixin.py:188} INFO - [2026-02-28T21:48:18.422+0000] {dagbag.py:545} INFO - Filling up the DagBag from /home/airflow/.local/lib/python3.12/site-packages/airflow/example_dags/example_kubernetes_executor.py
[2026-02-28T21:48:18.439+0000] {processor.py:840} INFO - DAG(s) 'example_kubernetes_executor' retrieved from /home/airflow/.local/lib/python3.12/site-packages/airflow/example_dags/example_kubernetes_executor.py
[2026-02-28T21:48:18.493+0000] {logging_mixin.py:188} INFO - [2026-02-28T21:48:18.492+0000] {dag.py:3096} INFO - Sync 1 DAGs
[2026-02-28T21:48:18.500+0000] {logging_mixin.py:188} INFO - [2026-02-28T21:48:18.500+0000] {dag.py:3954} INFO - Setting next_dagrun for example_kubernetes_executor to None, run_after=None
[2026-02-28T21:48:18.516+0000] {processor.py:183} INFO - Processing /home/airflow/.local/lib/python3.12/site-packages/airflow/example_dags/example_kubernetes_executor.py took 0.100 seconds
[2026-02-28T21:48:49.407+0000] {processor.py:161} INFO - Started process (PID=1002) to work on /home/airflow/.local/lib/python3.12/site-packages/airflow/example_dags/example_kubernetes_executor.py
[2026-02-28T21:48:49.409+0000] {processor.py:830} INFO - Processing file /home/airflow/.local/lib/python3.12/site-packages/airflow/example_dags/example_kubernetes_executor.py for tasks to queue
[2026-02-28T21:48:49.411+0000] {logging_mixin.py:188} INFO - [2026-02-28T21:48:49.411+0000] {dagbag.py:545} INFO - Filling up the DagBag from /home/airflow/.local/lib/python3.12/site-packages/airflow/example_dags/example_kubernetes_executor.py
[2026-02-28T21:48:49.433+0000] {processor.py:840} INFO - DAG(s) 'example_kubernetes_executor' retrieved from /home/airflow/.local/lib/python3.12/site-packages/airflow/example_dags/example_kubernetes_executor.py
[2026-02-28T21:48:49.465+0000] {logging_mixin.py:188} INFO - [2026-02-28T21:48:49.465+0000] {dag.py:3096} INFO - Sync 1 DAGs
[2026-02-28T21:48:49.480+0000] {logging_mixin.py:188} INFO - [2026-02-28T21:48:49.480+0000] {dag.py:3954} INFO - Setting next_dagrun for example_kubernetes_executor to None, run_after=None
[2026-02-28T21:48:49.494+0000] {processor.py:183} INFO - Processing /home/airflow/.local/lib/python3.12/site-packages/airflow/example_dags/example_kubernetes_executor.py took 0.092 seconds
[2026-02-28T21:49:20.168+0000] {processor.py:161} INFO - Started process (PID=1060) to work on /home/airflow/.local/lib/python3.12/site-packages/airflow/example_dags/example_kubernetes_executor.py
[2026-02-28T21:49:20.170+0000] {processor.py:830} INFO - Processing file /home/airflow/.local/lib/python3.12/site-packages/airflow/example_dags/example_kubernetes_executor.py for tasks to queue
[2026-02-28T21:49:20.172+0000] {logging_mixin.py:188} INFO - [2026-02-28T21:49:20.172+0000] {dagbag.py:545} INFO - Filling up the DagBag from /home/airflow/.local/lib/python3.12/site-packages/airflow/example_dags/example_kubernetes_executor.py
[2026-02-28T21:49:20.208+0000] {processor.py:840} INFO - DAG(s) 'example_kubernetes_executor' retrieved from /home/airflow/.local/lib/python3.12/site-packages/airflow/example_dags/example_kubernetes_executor.py
[2026-02-28T21:49:20.280+0000] {logging_mixin.py:188} INFO - [2026-02-28T21:49:20.280+0000] {dag.py:3096} INFO - Sync 1 DAGs
[2026-02-28T21:49:20.293+0000] {logging_mixin.py:188} INFO - [2026-02-28T21:49:20.293+0000] {dag.py:3954} INFO - Setting next_dagrun for example_kubernetes_executor to None, run_after=None
[2026-02-28T21:49:20.312+0000] {processor.py:183} INFO - Processing /home/airflow/.local/lib/python3.12/site-packages/airflow/example_dags/example_kubernetes_executor.py took 0.150 seconds
[2026-02-28T21:49:51.171+0000] {processor.py:161} INFO - Started process (PID=1118) to work on /home/airflow/.local/lib/python3.12/site-packages/airflow/example_dags/example_kubernetes_executor.py
[2026-02-28T21:49:51.172+0000] {processor.py:830} INFO - Processing file /home/airflow/.local/lib/python3.12/site-packages/airflow/example_dags/example_kubernetes_executor.py for tasks to queue
[2026-02-28T21:49:51.177+0000] {logging_mixin.py:188} INFO - [2026-02-28T21:49:51.176+0000] {dagbag.py:545} INFO - Filling up the DagBag from /home/airflow/.local/lib/python3.12/site-packages/airflow/example_dags/example_kubernetes_executor.py
[2026-02-28T21:49:51.247+0000] {processor.py:840} INFO - DAG(s) 'example_kubernetes_executor' retrieved from /home/airflow/.local/lib/python3.12/site-packages/airflow/example_dags/example_kubernetes_executor.py
[2026-02-28T21:49:51.367+0000] {logging_mixin.py:188} INFO - [2026-02-28T21:49:51.365+0000] {dag.py:3096} INFO - Sync 1 DAGs
[2026-02-28T21:49:51.404+0000] {logging_mixin.py:188} INFO - [2026-02-28T21:49:51.403+0000] {dag.py:3954} INFO - Setting next_dagrun for example_kubernetes_executor to None, run_after=None
[2026-02-28T21:49:51.490+0000] {processor.py:183} INFO - Processing /home/airflow/.local/lib/python3.12/site-packages/airflow/example_dags/example_kubernetes_executor.py took 0.327 seconds
[2026-02-28T21:50:21.589+0000] {processor.py:161} INFO - Started process (PID=1176) to work on /home/airflow/.local/lib/python3.12/site-packages/airflow/example_dags/example_kubernetes_executor.py
[2026-02-28T21:50:21.592+0000] {processor.py:830} INFO - Processing file /home/airflow/.local/lib/python3.12/site-packages/airflow/example_dags/example_kubernetes_executor.py for tasks to queue
[2026-02-28T21:50:21.593+0000] {logging_mixin.py:188} INFO - [2026-02-28T21:50:21.593+0000] {dagbag.py:545} INFO - Filling up the DagBag from /home/airflow/.local/lib/python3.12/site-packages/airflow/example_dags/example_kubernetes_executor.py
[2026-02-28T21:50:21.607+0000] {processor.py:840} INFO - DAG(s) 'example_kubernetes_executor' retrieved from /home/airflow/.local/lib/python3.12/site-packages/airflow/example_dags/example_kubernetes_executor.py
[2026-02-28T21:50:21.642+0000] {logging_mixin.py:188} INFO - [2026-02-28T21:50:21.642+0000] {dag.py:3096} INFO - Sync 1 DAGs
[2026-02-28T21:50:21.650+0000] {logging_mixin.py:188} INFO - [2026-02-28T21:50:21.649+0000] {dag.py:3954} INFO - Setting next_dagrun for example_kubernetes_executor to None, run_after=None
[2026-02-28T21:50:21.664+0000] {processor.py:183} INFO - Processing /home/airflow/.local/lib/python3.12/site-packages/airflow/example_dags/example_kubernetes_executor.py took 0.078 seconds
[2026-02-28T21:50:52.123+0000] {processor.py:161} INFO - Started process (PID=1234) to work on /home/airflow/.local/lib/python3.12/site-packages/airflow/example_dags/example_kubernetes_executor.py
[2026-02-28T21:50:52.125+0000] {processor.py:830} INFO - Processing file /home/airflow/.local/lib/python3.12/site-packages/airflow/example_dags/example_kubernetes_executor.py for tasks to queue
[2026-02-28T21:50:52.127+0000] {logging_mixin.py:188} INFO - [2026-02-28T21:50:52.126+0000] {dagbag.py:545} INFO - Filling up the DagBag from /home/airflow/.local/lib/python3.12/site-packages/airflow/example_dags/example_kubernetes_executor.py
[2026-02-28T21:50:52.145+0000] {processor.py:840} INFO - DAG(s) 'example_kubernetes_executor' retrieved from /home/airflow/.local/lib/python3.12/site-packages/airflow/example_dags/example_kubernetes_executor.py
[2026-02-28T21:50:52.180+0000] {logging_mixin.py:188} INFO - [2026-02-28T21:50:52.179+0000] {dag.py:3096} INFO - Sync 1 DAGs
[2026-02-28T21:50:52.191+0000] {logging_mixin.py:188} INFO - [2026-02-28T21:50:52.191+0000] {dag.py:3954} INFO - Setting next_dagrun for example_kubernetes_executor to None, run_after=None
[2026-02-28T21:50:52.208+0000] {processor.py:183} INFO - Processing /home/airflow/.local/lib/python3.12/site-packages/airflow/example_dags/example_kubernetes_executor.py took 0.088 seconds
[2026-02-28T21:51:22.376+0000] {processor.py:161} INFO - Started process (PID=1292) to work on /home/airflow/.local/lib/python3.12/site-packages/airflow/example_dags/example_kubernetes_executor.py
[2026-02-28T21:51:22.378+0000] {processor.py:830} INFO - Processing file /home/airflow/.local/lib/python3.12/site-packages/airflow/example_dags/example_kubernetes_executor.py for tasks to queue
[2026-02-28T21:51:22.382+0000] {logging_mixin.py:188} INFO - [2026-02-28T21:51:22.382+0000] {dagbag.py:545} INFO - Filling up the DagBag from /home/airflow/.local/lib/python3.12/site-packages/airflow/example_dags/example_kubernetes_executor.py
[2026-02-28T21:51:22.394+0000] {processor.py:840} INFO - DAG(s) 'example_kubernetes_executor' retrieved from /home/airflow/.local/lib/python3.12/site-packages/airflow/example_dags/example_kubernetes_executor.py
[2026-02-28T21:51:22.423+0000] {logging_mixin.py:188} INFO - [2026-02-28T21:51:22.422+0000] {dag.py:3096} INFO - Sync 1 DAGs
[2026-02-28T21:51:22.430+0000] {logging_mixin.py:188} INFO - [2026-02-28T21:51:22.430+0000] {dag.py:3954} INFO - Setting next_dagrun for example_kubernetes_executor to None, run_after=None
[2026-02-28T21:51:22.442+0000] {processor.py:183} INFO - Processing /home/airflow/.local/lib/python3.12/site-packages/airflow/example_dags/example_kubernetes_executor.py took 0.071 seconds
[2026-02-28T21:51:53.178+0000] {processor.py:161} INFO - Started process (PID=1350) to work on /home/airflow/.local/lib/python3.12/site-packages/airflow/example_dags/example_kubernetes_executor.py
[2026-02-28T21:51:53.179+0000] {processor.py:830} INFO - Processing file /home/airflow/.local/lib/python3.12/site-packages/airflow/example_dags/example_kubernetes_executor.py for tasks to queue
[2026-02-28T21:51:53.182+0000] {logging_mixin.py:188} INFO - [2026-02-28T21:51:53.181+0000] {dagbag.py:545} INFO - Filling up the DagBag from /home/airflow/.local/lib/python3.12/site-packages/airflow/example_dags/example_kubernetes_executor.py
[2026-02-28T21:51:53.196+0000] {processor.py:840} INFO - DAG(s) 'example_kubernetes_executor' retrieved from /home/airflow/.local/lib/python3.12/site-packages/airflow/example_dags/example_kubernetes_executor.py
[2026-02-28T21:51:53.319+0000] {logging_mixin.py:188} INFO - [2026-02-28T21:51:53.317+0000] {dag.py:3096} INFO - Sync 1 DAGs
[2026-02-28T21:51:53.338+0000] {logging_mixin.py:188} INFO - [2026-02-28T21:51:53.338+0000] {dag.py:3954} INFO - Setting next_dagrun for example_kubernetes_executor to None, run_after=None
[2026-02-28T21:51:53.374+0000] {processor.py:183} INFO - Processing /home/airflow/.local/lib/python3.12/site-packages/airflow/example_dags/example_kubernetes_executor.py took 0.200 seconds
[2026-02-28T21:52:23.929+0000] {processor.py:161} INFO - Started process (PID=1408) to work on /home/airflow/.local/lib/python3.12/site-packages/airflow/example_dags/example_kubernetes_executor.py
[2026-02-28T21:52:23.930+0000] {processor.py:830} INFO - Processing file /home/airflow/.local/lib/python3.12/site-packages/airflow/example_dags/example_kubernetes_executor.py for tasks to queue
[2026-02-28T21:52:23.931+0000] {logging_mixin.py:188} INFO - [2026-02-28T21:52:23.931+0000] {dagbag.py:545} INFO - Filling up the DagBag from /home/airflow/.local/lib/python3.12/site-packages/airflow/example_dags/example_kubernetes_executor.py
[2026-02-28T21:52:23.944+0000] {processor.py:840} INFO - DAG(s) 'example_kubernetes_executor' retrieved from /home/airflow/.local/lib/python3.12/site-packages/airflow/example_dags/example_kubernetes_executor.py
[2026-02-28T21:52:23.982+0000] {logging_mixin.py:188} INFO - [2026-02-28T21:52:23.982+0000] {dag.py:3096} INFO - Sync 1 DAGs
[2026-02-28T21:52:23.993+0000] {logging_mixin.py:188} INFO - [2026-02-28T21:52:23.993+0000] {dag.py:3954} INFO - Setting next_dagrun for example_kubernetes_executor to None, run_after=None
[2026-02-28T21:52:24.005+0000] {processor.py:183} INFO - Processing /home/airflow/.local/lib/python3.12/site-packages/airflow/example_dags/example_kubernetes_executor.py took 0.079 seconds
[2026-02-28T21:52:54.156+0000] {processor.py:161} INFO - Started process (PID=1466) to work on /home/airflow/.local/lib/python3.12/site-packages/airflow/example_dags/example_kubernetes_executor.py
[2026-02-28T21:52:54.158+0000] {processor.py:830} INFO - Processing file /home/airflow/.local/lib/python3.12/site-packages/airflow/example_dags/example_kubernetes_executor.py for tasks to queue
[2026-02-28T21:52:54.159+0000] {logging_mixin.py:188} INFO - [2026-02-28T21:52:54.159+0000] {dagbag.py:545} INFO - Filling up the DagBag from /home/airflow/.local/lib/python3.12/site-packages/airflow/example_dags/example_kubernetes_executor.py
[2026-02-28T21:52:54.170+0000] {processor.py:840} INFO - DAG(s) 'example_kubernetes_executor' retrieved from /home/airflow/.local/lib/python3.12/site-packages/airflow/example_dags/example_kubernetes_executor.py
[2026-02-28T21:52:54.203+0000] {logging_mixin.py:188} INFO - [2026-02-28T21:52:54.203+0000] {dag.py:3096} INFO - Sync 1 DAGs
[2026-02-28T21:52:54.216+0000] {logging_mixin.py:188} INFO - [2026-02-28T21:52:54.216+0000] {dag.py:3954} INFO - Setting next_dagrun for example_kubernetes_executor to None, run_after=None
[2026-02-28T21:52:54.235+0000] {processor.py:183} INFO - Processing /home/airflow/.local/lib/python3.12/site-packages/airflow/example_dags/example_kubernetes_executor.py took 0.083 seconds
[2026-02-28T21:53:24.985+0000] {processor.py:161} INFO - Started process (PID=1524) to work on /home/airflow/.local/lib/python3.12/site-packages/airflow/example_dags/example_kubernetes_executor.py
[2026-02-28T21:53:24.986+0000] {processor.py:830} INFO - Processing file /home/airflow/.local/lib/python3.12/site-packages/airflow/example_dags/example_kubernetes_executor.py for tasks to queue
[2026-02-28T21:53:24.990+0000] {logging_mixin.py:188} INFO - [2026-02-28T21:53:24.990+0000] {dagbag.py:545} INFO - Filling up the DagBag from /home/airflow/.local/lib/python3.12/site-packages/airflow/example_dags/example_kubernetes_executor.py
[2026-02-28T21:53:25.003+0000] {processor.py:840} INFO - DAG(s) 'example_kubernetes_executor' retrieved from /home/airflow/.local/lib/python3.12/site-packages/airflow/example_dags/example_kubernetes_executor.py
[2026-02-28T21:53:25.041+0000] {logging_mixin.py:188} INFO - [2026-02-28T21:53:25.041+0000] {dag.py:3096} INFO - Sync 1 DAGs
[2026-02-28T21:53:25.052+0000] {logging_mixin.py:188} INFO - [2026-02-28T21:53:25.052+0000] {dag.py:3954} INFO - Setting next_dagrun for example_kubernetes_executor to None, run_after=None
[2026-02-28T21:53:25.070+0000] {processor.py:183} INFO - Processing /home/airflow/.local/lib/python3.12/site-packages/airflow/example_dags/example_kubernetes_executor.py took 0.089 seconds
[2026-02-28T21:53:55.877+0000] {processor.py:161} INFO - Started process (PID=1582) to work on /home/airflow/.local/lib/python3.12/site-packages/airflow/example_dags/example_kubernetes_executor.py
[2026-02-28T21:53:55.878+0000] {processor.py:830} INFO - Processing file /home/airflow/.local/lib/python3.12/site-packages/airflow/example_dags/example_kubernetes_executor.py for tasks to queue
[2026-02-28T21:53:55.880+0000] {logging_mixin.py:188} INFO - [2026-02-28T21:53:55.880+0000] {dagbag.py:545} INFO - Filling up the DagBag from /home/airflow/.local/lib/python3.12/site-packages/airflow/example_dags/example_kubernetes_executor.py
[2026-02-28T21:53:55.891+0000] {processor.py:840} INFO - DAG(s) 'example_kubernetes_executor' retrieved from /home/airflow/.local/lib/python3.12/site-packages/airflow/example_dags/example_kubernetes_executor.py
[2026-02-28T21:53:55.922+0000] {logging_mixin.py:188} INFO - [2026-02-28T21:53:55.921+0000] {dag.py:3096} INFO - Sync 1 DAGs
[2026-02-28T21:53:55.930+0000] {logging_mixin.py:188} INFO - [2026-02-28T21:53:55.930+0000] {dag.py:3954} INFO - Setting next_dagrun for example_kubernetes_executor to None, run_after=None
[2026-02-28T21:53:55.948+0000] {processor.py:183} INFO - Processing /home/airflow/.local/lib/python3.12/site-packages/airflow/example_dags/example_kubernetes_executor.py took 0.074 seconds
[2026-02-28T21:54:26.222+0000] {processor.py:161} INFO - Started process (PID=1640) to work on /home/airflow/.local/lib/python3.12/site-packages/airflow/example_dags/example_kubernetes_executor.py
[2026-02-28T21:54:26.223+0000] {processor.py:830} INFO - Processing file /home/airflow/.local/lib/python3.12/site-packages/airflow/example_dags/example_kubernetes_executor.py for tasks to queue
[2026-02-28T21:54:26.224+0000] {logging_mixin.py:188} INFO - [2026-02-28T21:54:26.224+0000] {dagbag.py:545} INFO - Filling up the DagBag from /home/airflow/.local/lib/python3.12/site-packages/airflow/example_dags/example_kubernetes_executor.py
[2026-02-28T21:54:26.239+0000] {processor.py:840} INFO - DAG(s) 'example_kubernetes_executor' retrieved from /home/airflow/.local/lib/python3.12/site-packages/airflow/example_dags/example_kubernetes_executor.py
[2026-02-28T21:54:26.293+0000] {logging_mixin.py:188} INFO - [2026-02-28T21:54:26.293+0000] {dag.py:3096} INFO - Sync 1 DAGs
[2026-02-28T21:54:26.302+0000] {logging_mixin.py:188} INFO - [2026-02-28T21:54:26.302+0000] {dag.py:3954} INFO - Setting next_dagrun for example_kubernetes_executor to None, run_after=None
[2026-02-28T21:54:26.315+0000] {processor.py:183} INFO - Processing /home/airflow/.local/lib/python3.12/site-packages/airflow/example_dags/example_kubernetes_executor.py took 0.098 seconds
[2026-02-28T21:54:57.034+0000] {processor.py:161} INFO - Started process (PID=1698) to work on /home/airflow/.local/lib/python3.12/site-packages/airflow/example_dags/example_kubernetes_executor.py
[2026-02-28T21:54:57.036+0000] {processor.py:830} INFO - Processing file /home/airflow/.local/lib/python3.12/site-packages/airflow/example_dags/example_kubernetes_executor.py for tasks to queue
[2026-02-28T21:54:57.041+0000] {logging_mixin.py:188} INFO - [2026-02-28T21:54:57.039+0000] {dagbag.py:545} INFO - Filling up the DagBag from /home/airflow/.local/lib/python3.12/site-packages/airflow/example_dags/example_kubernetes_executor.py
[2026-02-28T21:54:57.062+0000] {processor.py:840} INFO - DAG(s) 'example_kubernetes_executor' retrieved from /home/airflow/.local/lib/python3.12/site-packages/airflow/example_dags/example_kubernetes_executor.py
[2026-02-28T21:54:57.133+0000] {logging_mixin.py:188} INFO - [2026-02-28T21:54:57.133+0000] {dag.py:3096} INFO - Sync 1 DAGs
[2026-02-28T21:54:57.144+0000] {logging_mixin.py:188} INFO - [2026-02-28T21:54:57.144+0000] {dag.py:3954} INFO - Setting next_dagrun for example_kubernetes_executor to None, run_after=None
[2026-02-28T21:54:57.180+0000] {processor.py:183} INFO - Processing /home/airflow/.local/lib/python3.12/site-packages/airflow/example_dags/example_kubernetes_executor.py took 0.151 seconds
[2026-02-28T21:55:27.269+0000] {processor.py:161} INFO - Started process (PID=1758) to work on /home/airflow/.local/lib/python3.12/site-packages/airflow/example_dags/example_kubernetes_executor.py
[2026-02-28T21:55:27.270+0000] {processor.py:830} INFO - Processing file /home/airflow/.local/lib/python3.12/site-packages/airflow/example_dags/example_kubernetes_executor.py for tasks to queue
[2026-02-28T21:55:27.273+0000] {logging_mixin.py:188} INFO - [2026-02-28T21:55:27.273+0000] {dagbag.py:545} INFO - Filling up the DagBag from /home/airflow/.local/lib/python3.12/site-packages/airflow/example_dags/example_kubernetes_executor.py
[2026-02-28T21:55:27.288+0000] {processor.py:840} INFO - DAG(s) 'example_kubernetes_executor' retrieved from /home/airflow/.local/lib/python3.12/site-packages/airflow/example_dags/example_kubernetes_executor.py
[2026-02-28T21:55:27.318+0000] {logging_mixin.py:188} INFO - [2026-02-28T21:55:27.318+0000] {dag.py:3096} INFO - Sync 1 DAGs
[2026-02-28T21:55:27.328+0000] {logging_mixin.py:188} INFO - [2026-02-28T21:55:27.327+0000] {dag.py:3954} INFO - Setting next_dagrun for example_kubernetes_executor to None, run_after=None
[2026-02-28T21:55:27.343+0000] {processor.py:183} INFO - Processing /home/airflow/.local/lib/python3.12/site-packages/airflow/example_dags/example_kubernetes_executor.py took 0.077 seconds
[2026-02-28T21:55:58.218+0000] {processor.py:161} INFO - Started process (PID=1816) to work on /home/airflow/.local/lib/python3.12/site-packages/airflow/example_dags/example_kubernetes_executor.py
[2026-02-28T21:55:58.220+0000] {processor.py:830} INFO - Processing file /home/airflow/.local/lib/python3.12/site-packages/airflow/example_dags/example_kubernetes_executor.py for tasks to queue
[2026-02-28T21:55:58.222+0000] {logging_mixin.py:188} INFO - [2026-02-28T21:55:58.222+0000] {dagbag.py:545} INFO - Filling up the DagBag from /home/airflow/.local/lib/python3.12/site-packages/airflow/example_dags/example_kubernetes_executor.py
[2026-02-28T21:55:58.233+0000] {processor.py:840} INFO - DAG(s) 'example_kubernetes_executor' retrieved from /home/airflow/.local/lib/python3.12/site-packages/airflow/example_dags/example_kubernetes_executor.py
[2026-02-28T21:55:58.276+0000] {logging_mixin.py:188} INFO - [2026-02-28T21:55:58.276+0000] {dag.py:3096} INFO - Sync 1 DAGs
[2026-02-28T21:55:58.285+0000] {logging_mixin.py:188} INFO - [2026-02-28T21:55:58.284+0000] {dag.py:3954} INFO - Setting next_dagrun for example_kubernetes_executor to None, run_after=None
[2026-02-28T21:55:58.300+0000] {processor.py:183} INFO - Processing /home/airflow/.local/lib/python3.12/site-packages/airflow/example_dags/example_kubernetes_executor.py took 0.089 seconds
[2026-02-28T21:56:28.327+0000] {processor.py:161} INFO - Started process (PID=1874) to work on /home/airflow/.local/lib/python3.12/site-packages/airflow/example_dags/example_kubernetes_executor.py
[2026-02-28T21:56:28.329+0000] {processor.py:830} INFO - Processing file /home/airflow/.local/lib/python3.12/site-packages/airflow/example_dags/example_kubernetes_executor.py for tasks to queue
[2026-02-28T21:56:28.331+0000] {logging_mixin.py:188} INFO - [2026-02-28T21:56:28.331+0000] {dagbag.py:545} INFO - Filling up the DagBag from /home/airflow/.local/lib/python3.12/site-packages/airflow/example_dags/example_kubernetes_executor.py
[2026-02-28T21:56:28.348+0000] {processor.py:840} INFO - DAG(s) 'example_kubernetes_executor' retrieved from /home/airflow/.local/lib/python3.12/site-packages/airflow/example_dags/example_kubernetes_executor.py
[2026-02-28T21:56:28.381+0000] {logging_mixin.py:188} INFO - [2026-02-28T21:56:28.381+0000] {dag.py:3096} INFO - Sync 1 DAGs
[2026-02-28T21:56:28.392+0000] {logging_mixin.py:188} INFO - [2026-02-28T21:56:28.392+0000] {dag.py:3954} INFO - Setting next_dagrun for example_kubernetes_executor to None, run_after=None
[2026-02-28T21:56:28.409+0000] {processor.py:183} INFO - Processing /home/airflow/.local/lib/python3.12/site-packages/airflow/example_dags/example_kubernetes_executor.py took 0.087 seconds
[2026-02-28T21:56:58.480+0000] {processor.py:161} INFO - Started process (PID=1932) to work on /home/airflow/.local/lib/python3.12/site-packages/airflow/example_dags/example_kubernetes_executor.py
[2026-02-28T21:56:58.482+0000] {processor.py:830} INFO - Processing file /home/airflow/.local/lib/python3.12/site-packages/airflow/example_dags/example_kubernetes_executor.py for tasks to queue
[2026-02-28T21:56:58.484+0000] {logging_mixin.py:188} INFO - [2026-02-28T21:56:58.484+0000] {dagbag.py:545} INFO - Filling up the DagBag from /home/airflow/.local/lib/python3.12/site-packages/airflow/example_dags/example_kubernetes_executor.py
[2026-02-28T21:56:58.497+0000] {processor.py:840} INFO - DAG(s) 'example_kubernetes_executor' retrieved from /home/airflow/.local/lib/python3.12/site-packages/airflow/example_dags/example_kubernetes_executor.py
[2026-02-28T21:56:58.538+0000] {logging_mixin.py:188} INFO - [2026-02-28T21:56:58.538+0000] {dag.py:3096} INFO - Sync 1 DAGs
[2026-02-28T21:56:58.548+0000] {logging_mixin.py:188} INFO - [2026-02-28T21:56:58.548+0000] {dag.py:3954} INFO - Setting next_dagrun for example_kubernetes_executor to None, run_after=None
[2026-02-28T21:56:58.571+0000] {processor.py:183} INFO - Processing /home/airflow/.local/lib/python3.12/site-packages/airflow/example_dags/example_kubernetes_executor.py took 0.095 seconds
[2026-02-28T21:57:29.530+0000] {processor.py:161} INFO - Started process (PID=1990) to work on /home/airflow/.local/lib/python3.12/site-packages/airflow/example_dags/example_kubernetes_executor.py
[2026-02-28T21:57:29.531+0000] {processor.py:830} INFO - Processing file /home/airflow/.local/lib/python3.12/site-packages/airflow/example_dags/example_kubernetes_executor.py for tasks to queue
[2026-02-28T21:57:29.532+0000] {logging_mixin.py:188} INFO - [2026-02-28T21:57:29.532+0000] {dagbag.py:545} INFO - Filling up the DagBag from /home/airflow/.local/lib/python3.12/site-packages/airflow/example_dags/example_kubernetes_executor.py
[2026-02-28T21:57:29.549+0000] {processor.py:840} INFO - DAG(s) 'example_kubernetes_executor' retrieved from /home/airflow/.local/lib/python3.12/site-packages/airflow/example_dags/example_kubernetes_executor.py
[2026-02-28T21:57:29.792+0000] {logging_mixin.py:188} INFO - [2026-02-28T21:57:29.790+0000] {dag.py:3096} INFO - Sync 1 DAGs
[2026-02-28T21:57:29.836+0000] {logging_mixin.py:188} INFO - [2026-02-28T21:57:29.836+0000] {dag.py:3954} INFO - Setting next_dagrun for example_kubernetes_executor to None, run_after=None
[2026-02-28T21:57:29.907+0000] {processor.py:183} INFO - Processing /home/airflow/.local/lib/python3.12/site-packages/airflow/example_dags/example_kubernetes_executor.py took 0.381 seconds
[2026-02-28T21:57:59.975+0000] {processor.py:161} INFO - Started process (PID=2048) to work on /home/airflow/.local/lib/python3.12/site-packages/airflow/example_dags/example_kubernetes_executor.py
[2026-02-28T21:57:59.976+0000] {processor.py:830} INFO - Processing file /home/airflow/.local/lib/python3.12/site-packages/airflow/example_dags/example_kubernetes_executor.py for tasks to queue
[2026-02-28T21:57:59.978+0000] {logging_mixin.py:188} INFO - [2026-02-28T21:57:59.977+0000] {dagbag.py:545} INFO - Filling up the DagBag from /home/airflow/.local/lib/python3.12/site-packages/airflow/example_dags/example_kubernetes_executor.py
[2026-02-28T21:57:59.993+0000] {processor.py:840} INFO - DAG(s) 'example_kubernetes_executor' retrieved from /home/airflow/.local/lib/python3.12/site-packages/airflow/example_dags/example_kubernetes_executor.py
[2026-02-28T21:58:00.071+0000] {logging_mixin.py:188} INFO - [2026-02-28T21:58:00.071+0000] {dag.py:3096} INFO - Sync 1 DAGs
[2026-02-28T21:58:00.083+0000] {logging_mixin.py:188} INFO - [2026-02-28T21:58:00.083+0000] {dag.py:3954} INFO - Setting next_dagrun for example_kubernetes_executor to None, run_after=None
[2026-02-28T21:58:00.098+0000] {processor.py:183} INFO - Processing /home/airflow/.local/lib/python3.12/site-packages/airflow/example_dags/example_kubernetes_executor.py took 0.129 seconds
[2026-02-28T21:58:31.053+0000] {processor.py:161} INFO - Started process (PID=2106) to work on /home/airflow/.local/lib/python3.12/site-packages/airflow/example_dags/example_kubernetes_executor.py
[2026-02-28T21:58:31.056+0000] {processor.py:830} INFO - Processing file /home/airflow/.local/lib/python3.12/site-packages/airflow/example_dags/example_kubernetes_executor.py for tasks to queue
[2026-02-28T21:58:31.059+0000] {logging_mixin.py:188} INFO - [2026-02-28T21:58:31.058+0000] {dagbag.py:545} INFO - Filling up the DagBag from /home/airflow/.local/lib/python3.12/site-packages/airflow/example_dags/example_kubernetes_executor.py
[2026-02-28T21:58:31.072+0000] {processor.py:840} INFO - DAG(s) 'example_kubernetes_executor' retrieved from /home/airflow/.local/lib/python3.12/site-packages/airflow/example_dags/example_kubernetes_executor.py
[2026-02-28T21:58:31.115+0000] {logging_mixin.py:188} INFO - [2026-02-28T21:58:31.115+0000] {dag.py:3096} INFO - Sync 1 DAGs
[2026-02-28T21:58:31.122+0000] {logging_mixin.py:188} INFO - [2026-02-28T21:58:31.122+0000] {dag.py:3954} INFO - Setting next_dagrun for example_kubernetes_executor to None, run_after=None
[2026-02-28T21:58:31.139+0000] {processor.py:183} INFO - Processing /home/airflow/.local/lib/python3.12/site-packages/airflow/example_dags/example_kubernetes_executor.py took 0.096 seconds
[2026-02-28T21:59:01.355+0000] {processor.py:161} INFO - Started process (PID=2164) to work on /home/airflow/.local/lib/python3.12/site-packages/airflow/example_dags/example_kubernetes_executor.py
[2026-02-28T21:59:01.358+0000] {processor.py:830} INFO - Processing file /home/airflow/.local/lib/python3.12/site-packages/airflow/example_dags/example_kubernetes_executor.py for tasks to queue
[2026-02-28T21:59:01.361+0000] {logging_mixin.py:188} INFO - [2026-02-28T21:59:01.359+0000] {dagbag.py:545} INFO - Filling up the DagBag from /home/airflow/.local/lib/python3.12/site-packages/airflow/example_dags/example_kubernetes_executor.py
[2026-02-28T21:59:01.381+0000] {processor.py:840} INFO - DAG(s) 'example_kubernetes_executor' retrieved from /home/airflow/.local/lib/python3.12/site-packages/airflow/example_dags/example_kubernetes_executor.py
[2026-02-28T21:59:01.439+0000] {logging_mixin.py:188} INFO - [2026-02-28T21:59:01.438+0000] {dag.py:3096} INFO - Sync 1 DAGs
[2026-02-28T21:59:01.451+0000] {logging_mixin.py:188} INFO - [2026-02-28T21:59:01.450+0000] {dag.py:3954} INFO - Setting next_dagrun for example_kubernetes_executor to None, run_after=None
[2026-02-28T21:59:01.463+0000] {processor.py:183} INFO - Processing /home/airflow/.local/lib/python3.12/site-packages/airflow/example_dags/example_kubernetes_executor.py took 0.119 seconds
[2026-02-28T21:59:32.461+0000] {processor.py:161} INFO - Started process (PID=2222) to work on /home/airflow/.local/lib/python3.12/site-packages/airflow/example_dags/example_kubernetes_executor.py
[2026-02-28T21:59:32.462+0000] {processor.py:830} INFO - Processing file /home/airflow/.local/lib/python3.12/site-packages/airflow/example_dags/example_kubernetes_executor.py for tasks to queue
[2026-02-28T21:59:32.464+0000] {logging_mixin.py:188} INFO - [2026-02-28T21:59:32.464+0000] {dagbag.py:545} INFO - Filling up the DagBag from /home/airflow/.local/lib/python3.12/site-packages/airflow/example_dags/example_kubernetes_executor.py
[2026-02-28T21:59:32.479+0000] {processor.py:840} INFO - DAG(s) 'example_kubernetes_executor' retrieved from /home/airflow/.local/lib/python3.12/site-packages/airflow/example_dags/example_kubernetes_executor.py
[2026-02-28T21:59:32.529+0000] {logging_mixin.py:188} INFO - [2026-02-28T21:59:32.529+0000] {dag.py:3096} INFO - Sync 1 DAGs
[2026-02-28T21:59:32.540+0000] {logging_mixin.py:188} INFO - [2026-02-28T21:59:32.539+0000] {dag.py:3954} INFO - Setting next_dagrun for example_kubernetes_executor to None, run_after=None
[2026-02-28T21:59:32.569+0000] {processor.py:183} INFO - Processing /home/airflow/.local/lib/python3.12/site-packages/airflow/example_dags/example_kubernetes_executor.py took 0.115 seconds
[2026-02-28T22:00:03.466+0000] {processor.py:161} INFO - Started process (PID=2286) to work on /home/airflow/.local/lib/python3.12/site-packages/airflow/example_dags/example_kubernetes_executor.py
[2026-02-28T22:00:03.468+0000] {processor.py:830} INFO - Processing file /home/airflow/.local/lib/python3.12/site-packages/airflow/example_dags/example_kubernetes_executor.py for tasks to queue
[2026-02-28T22:00:03.469+0000] {logging_mixin.py:188} INFO - [2026-02-28T22:00:03.469+0000] {dagbag.py:545} INFO - Filling up the DagBag from /home/airflow/.local/lib/python3.12/site-packages/airflow/example_dags/example_kubernetes_executor.py
[2026-02-28T22:00:03.479+0000] {processor.py:840} INFO - DAG(s) 'example_kubernetes_executor' retrieved from /home/airflow/.local/lib/python3.12/site-packages/airflow/example_dags/example_kubernetes_executor.py
[2026-02-28T22:00:03.522+0000] {logging_mixin.py:188} INFO - [2026-02-28T22:00:03.521+0000] {dag.py:3096} INFO - Sync 1 DAGs
[2026-02-28T22:00:03.532+0000] {logging_mixin.py:188} INFO - [2026-02-28T22:00:03.532+0000] {dag.py:3954} INFO - Setting next_dagrun for example_kubernetes_executor to None, run_after=None
[2026-02-28T22:00:03.550+0000] {processor.py:183} INFO - Processing /home/airflow/.local/lib/python3.12/site-packages/airflow/example_dags/example_kubernetes_executor.py took 0.089 seconds
[2026-02-28T22:00:38.119+0000] {processor.py:161} INFO - Started process (PID=2344) to work on /home/airflow/.local/lib/python3.12/site-packages/airflow/example_dags/example_kubernetes_executor.py
[2026-02-28T22:00:38.120+0000] {processor.py:830} INFO - Processing file /home/airflow/.local/lib/python3.12/site-packages/airflow/example_dags/example_kubernetes_executor.py for tasks to queue
[2026-02-28T22:00:38.121+0000] {logging_mixin.py:188} INFO - [2026-02-28T22:00:38.121+0000] {dagbag.py:545} INFO - Filling up the DagBag from /home/airflow/.local/lib/python3.12/site-packages/airflow/example_dags/example_kubernetes_executor.py
[2026-02-28T22:00:38.132+0000] {processor.py:840} INFO - DAG(s) 'example_kubernetes_executor' retrieved from /home/airflow/.local/lib/python3.12/site-packages/airflow/example_dags/example_kubernetes_executor.py
[2026-02-28T22:00:38.185+0000] {logging_mixin.py:188} INFO - [2026-02-28T22:00:38.185+0000] {dag.py:3096} INFO - Sync 1 DAGs
[2026-02-28T22:00:38.196+0000] {logging_mixin.py:188} INFO - [2026-02-28T22:00:38.195+0000] {dag.py:3954} INFO - Setting next_dagrun for example_kubernetes_executor to None, run_after=None
[2026-02-28T22:00:38.209+0000] {processor.py:183} INFO - Processing /home/airflow/.local/lib/python3.12/site-packages/airflow/example_dags/example_kubernetes_executor.py took 0.094 seconds
[2026-02-28T22:01:08.962+0000] {processor.py:161} INFO - Started process (PID=2401) to work on /home/airflow/.local/lib/python3.12/site-packages/airflow/example_dags/example_kubernetes_executor.py
[2026-02-28T22:01:08.963+0000] {processor.py:830} INFO - Processing file /home/airflow/.local/lib/python3.12/site-packages/airflow/example_dags/example_kubernetes_executor.py for tasks to queue
[2026-02-28T22:01:08.964+0000] {logging_mixin.py:188} INFO - [2026-02-28T22:01:08.964+0000] {dagbag.py:545} INFO - Filling up the DagBag from /home/airflow/.local/lib/python3.12/site-packages/airflow/example_dags/example_kubernetes_executor.py
[2026-02-28T22:01:08.982+0000] {processor.py:840} INFO - DAG(s) 'example_kubernetes_executor' retrieved from /home/airflow/.local/lib/python3.12/site-packages/airflow/example_dags/example_kubernetes_executor.py
[2026-02-28T22:01:09.023+0000] {logging_mixin.py:188} INFO - [2026-02-28T22:01:09.023+0000] {dag.py:3096} INFO - Sync 1 DAGs
[2026-02-28T22:01:09.038+0000] {logging_mixin.py:188} INFO - [2026-02-28T22:01:09.038+0000] {dag.py:3954} INFO - Setting next_dagrun for example_kubernetes_executor to None, run_after=None
[2026-02-28T22:01:09.062+0000] {processor.py:183} INFO - Processing /home/airflow/.local/lib/python3.12/site-packages/airflow/example_dags/example_kubernetes_executor.py took 0.106 seconds
[2026-02-28T22:01:39.472+0000] {processor.py:161} INFO - Started process (PID=2459) to work on /home/airflow/.local/lib/python3.12/site-packages/airflow/example_dags/example_kubernetes_executor.py
[2026-02-28T22:01:39.474+0000] {processor.py:830} INFO - Processing file /home/airflow/.local/lib/python3.12/site-packages/airflow/example_dags/example_kubernetes_executor.py for tasks to queue
[2026-02-28T22:01:39.476+0000] {logging_mixin.py:188} INFO - [2026-02-28T22:01:39.476+0000] {dagbag.py:545} INFO - Filling up the DagBag from /home/airflow/.local/lib/python3.12/site-packages/airflow/example_dags/example_kubernetes_executor.py
[2026-02-28T22:01:39.489+0000] {processor.py:840} INFO - DAG(s) 'example_kubernetes_executor' retrieved from /home/airflow/.local/lib/python3.12/site-packages/airflow/example_dags/example_kubernetes_executor.py
[2026-02-28T22:01:39.531+0000] {logging_mixin.py:188} INFO - [2026-02-28T22:01:39.531+0000] {dag.py:3096} INFO - Sync 1 DAGs
[2026-02-28T22:01:39.541+0000] {logging_mixin.py:188} INFO - [2026-02-28T22:01:39.541+0000] {dag.py:3954} INFO - Setting next_dagrun for example_kubernetes_executor to None, run_after=None
[2026-02-28T22:01:39.556+0000] {processor.py:183} INFO - Processing /home/airflow/.local/lib/python3.12/site-packages/airflow/example_dags/example_kubernetes_executor.py took 0.088 seconds
[2026-02-28T22:02:10.229+0000] {processor.py:161} INFO - Started process (PID=2517) to work on /home/airflow/.local/lib/python3.12/site-packages/airflow/example_dags/example_kubernetes_executor.py
[2026-02-28T22:02:10.231+0000] {processor.py:830} INFO - Processing file /home/airflow/.local/lib/python3.12/site-packages/airflow/example_dags/example_kubernetes_executor.py for tasks to queue
[2026-02-28T22:02:10.236+0000] {logging_mixin.py:188} INFO - [2026-02-28T22:02:10.236+0000] {dagbag.py:545} INFO - Filling up the DagBag from /home/airflow/.local/lib/python3.12/site-packages/airflow/example_dags/example_kubernetes_executor.py
[2026-02-28T22:02:10.268+0000] {processor.py:840} INFO - DAG(s) 'example_kubernetes_executor' retrieved from /home/airflow/.local/lib/python3.12/site-packages/airflow/example_dags/example_kubernetes_executor.py
[2026-02-28T22:02:10.328+0000] {logging_mixin.py:188} INFO - [2026-02-28T22:02:10.327+0000] {dag.py:3096} INFO - Sync 1 DAGs
[2026-02-28T22:02:10.345+0000] {logging_mixin.py:188} INFO - [2026-02-28T22:02:10.345+0000] {dag.py:3954} INFO - Setting next_dagrun for example_kubernetes_executor to None, run_after=None
[2026-02-28T22:02:10.369+0000] {processor.py:183} INFO - Processing /home/airflow/.local/lib/python3.12/site-packages/airflow/example_dags/example_kubernetes_executor.py took 0.146 seconds
[2026-02-28T22:02:41.275+0000] {processor.py:161} INFO - Started process (PID=2575) to work on /home/airflow/.local/lib/python3.12/site-packages/airflow/example_dags/example_kubernetes_executor.py
[2026-02-28T22:02:41.277+0000] {processor.py:830} INFO - Processing file /home/airflow/.local/lib/python3.12/site-packages/airflow/example_dags/example_kubernetes_executor.py for tasks to queue
[2026-02-28T22:02:41.280+0000] {logging_mixin.py:188} INFO - [2026-02-28T22:02:41.280+0000] {dagbag.py:545} INFO - Filling up the DagBag from /home/airflow/.local/lib/python3.12/site-packages/airflow/example_dags/example_kubernetes_executor.py
[2026-02-28T22:02:41.300+0000] {processor.py:840} INFO - DAG(s) 'example_kubernetes_executor' retrieved from /home/airflow/.local/lib/python3.12/site-packages/airflow/example_dags/example_kubernetes_executor.py
[2026-02-28T22:02:41.348+0000] {logging_mixin.py:188} INFO - [2026-02-28T22:02:41.347+0000] {dag.py:3096} INFO - Sync 1 DAGs
[2026-02-28T22:02:41.362+0000] {logging_mixin.py:188} INFO - [2026-02-28T22:02:41.362+0000] {dag.py:3954} INFO - Setting next_dagrun for example_kubernetes_executor to None, run_after=None
[2026-02-28T22:02:41.386+0000] {processor.py:183} INFO - Processing /home/airflow/.local/lib/python3.12/site-packages/airflow/example_dags/example_kubernetes_executor.py took 0.116 seconds
[2026-02-28T22:03:11.842+0000] {processor.py:161} INFO - Started process (PID=2632) to work on /home/airflow/.local/lib/python3.12/site-packages/airflow/example_dags/example_kubernetes_executor.py
[2026-02-28T22:03:11.843+0000] {processor.py:830} INFO - Processing file /home/airflow/.local/lib/python3.12/site-packages/airflow/example_dags/example_kubernetes_executor.py for tasks to queue
[2026-02-28T22:03:11.845+0000] {logging_mixin.py:188} INFO - [2026-02-28T22:03:11.845+0000] {dagbag.py:545} INFO - Filling up the DagBag from /home/airflow/.local/lib/python3.12/site-packages/airflow/example_dags/example_kubernetes_executor.py
[2026-02-28T22:03:11.854+0000] {processor.py:840} INFO - DAG(s) 'example_kubernetes_executor' retrieved from /home/airflow/.local/lib/python3.12/site-packages/airflow/example_dags/example_kubernetes_executor.py
[2026-02-28T22:03:11.893+0000] {logging_mixin.py:188} INFO - [2026-02-28T22:03:11.893+0000] {dag.py:3096} INFO - Sync 1 DAGs
[2026-02-28T22:03:11.902+0000] {logging_mixin.py:188} INFO - [2026-02-28T22:03:11.902+0000] {dag.py:3954} INFO - Setting next_dagrun for example_kubernetes_executor to None, run_after=None
[2026-02-28T22:03:11.916+0000] {processor.py:183} INFO - Processing /home/airflow/.local/lib/python3.12/site-packages/airflow/example_dags/example_kubernetes_executor.py took 0.078 seconds
[2026-02-28T22:03:42.082+0000] {processor.py:161} INFO - Started process (PID=2690) to work on /home/airflow/.local/lib/python3.12/site-packages/airflow/example_dags/example_kubernetes_executor.py
[2026-02-28T22:03:42.083+0000] {processor.py:830} INFO - Processing file /home/airflow/.local/lib/python3.12/site-packages/airflow/example_dags/example_kubernetes_executor.py for tasks to queue
[2026-02-28T22:03:42.085+0000] {logging_mixin.py:188} INFO - [2026-02-28T22:03:42.085+0000] {dagbag.py:545} INFO - Filling up the DagBag from /home/airflow/.local/lib/python3.12/site-packages/airflow/example_dags/example_kubernetes_executor.py
[2026-02-28T22:03:42.101+0000] {processor.py:840} INFO - DAG(s) 'example_kubernetes_executor' retrieved from /home/airflow/.local/lib/python3.12/site-packages/airflow/example_dags/example_kubernetes_executor.py
[2026-02-28T22:03:42.149+0000] {logging_mixin.py:188} INFO - [2026-02-28T22:03:42.149+0000] {dag.py:3096} INFO - Sync 1 DAGs
[2026-02-28T22:03:42.162+0000] {logging_mixin.py:188} INFO - [2026-02-28T22:03:42.162+0000] {dag.py:3954} INFO - Setting next_dagrun for example_kubernetes_executor to None, run_after=None
[2026-02-28T22:03:42.211+0000] {processor.py:183} INFO - Processing /home/airflow/.local/lib/python3.12/site-packages/airflow/example_dags/example_kubernetes_executor.py took 0.135 seconds
[2026-02-28T22:04:13.328+0000] {processor.py:161} INFO - Started process (PID=2748) to work on /home/airflow/.local/lib/python3.12/site-packages/airflow/example_dags/example_kubernetes_executor.py
[2026-02-28T22:04:13.330+0000] {processor.py:830} INFO - Processing file /home/airflow/.local/lib/python3.12/site-packages/airflow/example_dags/example_kubernetes_executor.py for tasks to queue
[2026-02-28T22:04:13.332+0000] {logging_mixin.py:188} INFO - [2026-02-28T22:04:13.332+0000] {dagbag.py:545} INFO - Filling up the DagBag from /home/airflow/.local/lib/python3.12/site-packages/airflow/example_dags/example_kubernetes_executor.py
[2026-02-28T22:04:13.350+0000] {processor.py:840} INFO - DAG(s) 'example_kubernetes_executor' retrieved from /home/airflow/.local/lib/python3.12/site-packages/airflow/example_dags/example_kubernetes_executor.py
[2026-02-28T22:04:13.432+0000] {logging_mixin.py:188} INFO - [2026-02-28T22:04:13.431+0000] {dag.py:3096} INFO - Sync 1 DAGs
[2026-02-28T22:04:13.446+0000] {logging_mixin.py:188} INFO - [2026-02-28T22:04:13.446+0000] {dag.py:3954} INFO - Setting next_dagrun for example_kubernetes_executor to None, run_after=None
[2026-02-28T22:04:13.530+0000] {processor.py:183} INFO - Processing /home/airflow/.local/lib/python3.12/site-packages/airflow/example_dags/example_kubernetes_executor.py took 0.210 seconds
[2026-02-28T22:04:44.130+0000] {processor.py:161} INFO - Started process (PID=2806) to work on /home/airflow/.local/lib/python3.12/site-packages/airflow/example_dags/example_kubernetes_executor.py
[2026-02-28T22:04:44.135+0000] {processor.py:830} INFO - Processing file /home/airflow/.local/lib/python3.12/site-packages/airflow/example_dags/example_kubernetes_executor.py for tasks to queue
[2026-02-28T22:04:44.146+0000] {logging_mixin.py:188} INFO - [2026-02-28T22:04:44.145+0000] {dagbag.py:545} INFO - Filling up the DagBag from /home/airflow/.local/lib/python3.12/site-packages/airflow/example_dags/example_kubernetes_executor.py
