[2026-02-28T21:40:00.541+0000] {processor.py:161} INFO - Started process (PID=60) to work on /home/airflow/.local/lib/python3.12/site-packages/airflow/example_dags/example_python_operator.py
[2026-02-28T21:40:00.545+0000] {processor.py:830} INFO - Processing file /home/airflow/.local/lib/python3.12/site-packages/airflow/example_dags/example_python_operator.py for tasks to queue
[2026-02-28T21:40:00.553+0000] {logging_mixin.py:188} INFO - [2026-02-28T21:40:00.552+0000] {dagbag.py:545} INFO - Filling up the DagBag from /home/airflow/.local/lib/python3.12/site-packages/airflow/example_dags/example_python_operator.py
[2026-02-28T21:40:00.641+0000] {processor.py:840} INFO - DAG(s) 'example_python_operator' retrieved from /home/airflow/.local/lib/python3.12/site-packages/airflow/example_dags/example_python_operator.py
[2026-02-28T21:40:00.754+0000] {logging_mixin.py:188} INFO - [2026-02-28T21:40:00.753+0000] {dag.py:3096} INFO - Sync 1 DAGs
[2026-02-28T21:40:00.817+0000] {logging_mixin.py:188} INFO - [2026-02-28T21:40:00.816+0000] {dag.py:3954} INFO - Setting next_dagrun for example_python_operator to None, run_after=None
[2026-02-28T21:40:00.951+0000] {processor.py:183} INFO - Processing /home/airflow/.local/lib/python3.12/site-packages/airflow/example_dags/example_python_operator.py took 0.425 seconds
[2026-02-28T21:40:31.838+0000] {processor.py:161} INFO - Started process (PID=118) to work on /home/airflow/.local/lib/python3.12/site-packages/airflow/example_dags/example_python_operator.py
[2026-02-28T21:40:31.839+0000] {processor.py:830} INFO - Processing file /home/airflow/.local/lib/python3.12/site-packages/airflow/example_dags/example_python_operator.py for tasks to queue
[2026-02-28T21:40:31.843+0000] {logging_mixin.py:188} INFO - [2026-02-28T21:40:31.842+0000] {dagbag.py:545} INFO - Filling up the DagBag from /home/airflow/.local/lib/python3.12/site-packages/airflow/example_dags/example_python_operator.py
[2026-02-28T21:40:31.867+0000] {processor.py:840} INFO - DAG(s) 'example_python_operator' retrieved from /home/airflow/.local/lib/python3.12/site-packages/airflow/example_dags/example_python_operator.py
[2026-02-28T21:40:31.999+0000] {logging_mixin.py:188} INFO - [2026-02-28T21:40:31.999+0000] {dag.py:3096} INFO - Sync 1 DAGs
[2026-02-28T21:40:32.007+0000] {logging_mixin.py:188} INFO - [2026-02-28T21:40:32.007+0000] {dag.py:3954} INFO - Setting next_dagrun for example_python_operator to None, run_after=None
[2026-02-28T21:40:32.032+0000] {processor.py:183} INFO - Processing /home/airflow/.local/lib/python3.12/site-packages/airflow/example_dags/example_python_operator.py took 0.200 seconds
[2026-02-28T21:41:02.078+0000] {processor.py:161} INFO - Started process (PID=176) to work on /home/airflow/.local/lib/python3.12/site-packages/airflow/example_dags/example_python_operator.py
[2026-02-28T21:41:02.080+0000] {processor.py:830} INFO - Processing file /home/airflow/.local/lib/python3.12/site-packages/airflow/example_dags/example_python_operator.py for tasks to queue
[2026-02-28T21:41:02.083+0000] {logging_mixin.py:188} INFO - [2026-02-28T21:41:02.083+0000] {dagbag.py:545} INFO - Filling up the DagBag from /home/airflow/.local/lib/python3.12/site-packages/airflow/example_dags/example_python_operator.py
[2026-02-28T21:41:02.106+0000] {processor.py:840} INFO - DAG(s) 'example_python_operator' retrieved from /home/airflow/.local/lib/python3.12/site-packages/airflow/example_dags/example_python_operator.py
[2026-02-28T21:41:02.133+0000] {logging_mixin.py:188} INFO - [2026-02-28T21:41:02.133+0000] {dag.py:3096} INFO - Sync 1 DAGs
[2026-02-28T21:41:02.143+0000] {logging_mixin.py:188} INFO - [2026-02-28T21:41:02.143+0000] {dag.py:3954} INFO - Setting next_dagrun for example_python_operator to None, run_after=None
[2026-02-28T21:41:02.168+0000] {processor.py:183} INFO - Processing /home/airflow/.local/lib/python3.12/site-packages/airflow/example_dags/example_python_operator.py took 0.099 seconds
[2026-02-28T21:41:32.957+0000] {processor.py:161} INFO - Started process (PID=234) to work on /home/airflow/.local/lib/python3.12/site-packages/airflow/example_dags/example_python_operator.py
[2026-02-28T21:41:32.959+0000] {processor.py:830} INFO - Processing file /home/airflow/.local/lib/python3.12/site-packages/airflow/example_dags/example_python_operator.py for tasks to queue
[2026-02-28T21:41:32.961+0000] {logging_mixin.py:188} INFO - [2026-02-28T21:41:32.961+0000] {dagbag.py:545} INFO - Filling up the DagBag from /home/airflow/.local/lib/python3.12/site-packages/airflow/example_dags/example_python_operator.py
[2026-02-28T21:41:32.976+0000] {processor.py:840} INFO - DAG(s) 'example_python_operator' retrieved from /home/airflow/.local/lib/python3.12/site-packages/airflow/example_dags/example_python_operator.py
[2026-02-28T21:41:32.994+0000] {logging_mixin.py:188} INFO - [2026-02-28T21:41:32.994+0000] {dag.py:3096} INFO - Sync 1 DAGs
[2026-02-28T21:41:33.001+0000] {logging_mixin.py:188} INFO - [2026-02-28T21:41:33.001+0000] {dag.py:3954} INFO - Setting next_dagrun for example_python_operator to None, run_after=None
[2026-02-28T21:41:33.016+0000] {processor.py:183} INFO - Processing /home/airflow/.local/lib/python3.12/site-packages/airflow/example_dags/example_python_operator.py took 0.067 seconds
[2026-02-28T21:42:03.334+0000] {processor.py:161} INFO - Started process (PID=292) to work on /home/airflow/.local/lib/python3.12/site-packages/airflow/example_dags/example_python_operator.py
[2026-02-28T21:42:03.336+0000] {processor.py:830} INFO - Processing file /home/airflow/.local/lib/python3.12/site-packages/airflow/example_dags/example_python_operator.py for tasks to queue
[2026-02-28T21:42:03.338+0000] {logging_mixin.py:188} INFO - [2026-02-28T21:42:03.338+0000] {dagbag.py:545} INFO - Filling up the DagBag from /home/airflow/.local/lib/python3.12/site-packages/airflow/example_dags/example_python_operator.py
[2026-02-28T21:42:03.351+0000] {processor.py:840} INFO - DAG(s) 'example_python_operator' retrieved from /home/airflow/.local/lib/python3.12/site-packages/airflow/example_dags/example_python_operator.py
[2026-02-28T21:42:03.374+0000] {logging_mixin.py:188} INFO - [2026-02-28T21:42:03.374+0000] {dag.py:3096} INFO - Sync 1 DAGs
[2026-02-28T21:42:03.391+0000] {logging_mixin.py:188} INFO - [2026-02-28T21:42:03.389+0000] {dag.py:3954} INFO - Setting next_dagrun for example_python_operator to None, run_after=None
[2026-02-28T21:42:03.405+0000] {processor.py:183} INFO - Processing /home/airflow/.local/lib/python3.12/site-packages/airflow/example_dags/example_python_operator.py took 0.078 seconds
[2026-02-28T21:42:33.748+0000] {processor.py:161} INFO - Started process (PID=351) to work on /home/airflow/.local/lib/python3.12/site-packages/airflow/example_dags/example_python_operator.py
[2026-02-28T21:42:33.750+0000] {processor.py:830} INFO - Processing file /home/airflow/.local/lib/python3.12/site-packages/airflow/example_dags/example_python_operator.py for tasks to queue
[2026-02-28T21:42:33.754+0000] {logging_mixin.py:188} INFO - [2026-02-28T21:42:33.753+0000] {dagbag.py:545} INFO - Filling up the DagBag from /home/airflow/.local/lib/python3.12/site-packages/airflow/example_dags/example_python_operator.py
[2026-02-28T21:42:33.767+0000] {processor.py:840} INFO - DAG(s) 'example_python_operator' retrieved from /home/airflow/.local/lib/python3.12/site-packages/airflow/example_dags/example_python_operator.py
[2026-02-28T21:42:33.788+0000] {logging_mixin.py:188} INFO - [2026-02-28T21:42:33.788+0000] {dag.py:3096} INFO - Sync 1 DAGs
[2026-02-28T21:42:33.800+0000] {logging_mixin.py:188} INFO - [2026-02-28T21:42:33.800+0000] {dag.py:3954} INFO - Setting next_dagrun for example_python_operator to None, run_after=None
[2026-02-28T21:42:33.814+0000] {processor.py:183} INFO - Processing /home/airflow/.local/lib/python3.12/site-packages/airflow/example_dags/example_python_operator.py took 0.076 seconds
[2026-02-28T21:43:04.390+0000] {processor.py:161} INFO - Started process (PID=409) to work on /home/airflow/.local/lib/python3.12/site-packages/airflow/example_dags/example_python_operator.py
[2026-02-28T21:43:04.393+0000] {processor.py:830} INFO - Processing file /home/airflow/.local/lib/python3.12/site-packages/airflow/example_dags/example_python_operator.py for tasks to queue
[2026-02-28T21:43:04.397+0000] {logging_mixin.py:188} INFO - [2026-02-28T21:43:04.397+0000] {dagbag.py:545} INFO - Filling up the DagBag from /home/airflow/.local/lib/python3.12/site-packages/airflow/example_dags/example_python_operator.py
[2026-02-28T21:43:04.420+0000] {processor.py:840} INFO - DAG(s) 'example_python_operator' retrieved from /home/airflow/.local/lib/python3.12/site-packages/airflow/example_dags/example_python_operator.py
[2026-02-28T21:43:04.441+0000] {logging_mixin.py:188} INFO - [2026-02-28T21:43:04.440+0000] {dag.py:3096} INFO - Sync 1 DAGs
[2026-02-28T21:43:04.449+0000] {logging_mixin.py:188} INFO - [2026-02-28T21:43:04.449+0000] {dag.py:3954} INFO - Setting next_dagrun for example_python_operator to None, run_after=None
[2026-02-28T21:43:04.462+0000] {processor.py:183} INFO - Processing /home/airflow/.local/lib/python3.12/site-packages/airflow/example_dags/example_python_operator.py took 0.082 seconds
[2026-02-28T21:43:34.645+0000] {processor.py:161} INFO - Started process (PID=467) to work on /home/airflow/.local/lib/python3.12/site-packages/airflow/example_dags/example_python_operator.py
[2026-02-28T21:43:34.648+0000] {processor.py:830} INFO - Processing file /home/airflow/.local/lib/python3.12/site-packages/airflow/example_dags/example_python_operator.py for tasks to queue
[2026-02-28T21:43:34.651+0000] {logging_mixin.py:188} INFO - [2026-02-28T21:43:34.651+0000] {dagbag.py:545} INFO - Filling up the DagBag from /home/airflow/.local/lib/python3.12/site-packages/airflow/example_dags/example_python_operator.py
[2026-02-28T21:43:34.670+0000] {processor.py:840} INFO - DAG(s) 'example_python_operator' retrieved from /home/airflow/.local/lib/python3.12/site-packages/airflow/example_dags/example_python_operator.py
[2026-02-28T21:43:34.691+0000] {logging_mixin.py:188} INFO - [2026-02-28T21:43:34.691+0000] {dag.py:3096} INFO - Sync 1 DAGs
[2026-02-28T21:43:34.703+0000] {logging_mixin.py:188} INFO - [2026-02-28T21:43:34.703+0000] {dag.py:3954} INFO - Setting next_dagrun for example_python_operator to None, run_after=None
[2026-02-28T21:43:34.720+0000] {processor.py:183} INFO - Processing /home/airflow/.local/lib/python3.12/site-packages/airflow/example_dags/example_python_operator.py took 0.085 seconds
[2026-02-28T21:44:28.619+0000] {processor.py:161} INFO - Started process (PID=525) to work on /home/airflow/.local/lib/python3.12/site-packages/airflow/example_dags/example_python_operator.py
[2026-02-28T21:44:28.621+0000] {processor.py:830} INFO - Processing file /home/airflow/.local/lib/python3.12/site-packages/airflow/example_dags/example_python_operator.py for tasks to queue
[2026-02-28T21:44:28.622+0000] {logging_mixin.py:188} INFO - [2026-02-28T21:44:28.622+0000] {dagbag.py:545} INFO - Filling up the DagBag from /home/airflow/.local/lib/python3.12/site-packages/airflow/example_dags/example_python_operator.py
[2026-02-28T21:44:28.636+0000] {processor.py:840} INFO - DAG(s) 'example_python_operator' retrieved from /home/airflow/.local/lib/python3.12/site-packages/airflow/example_dags/example_python_operator.py
[2026-02-28T21:44:28.674+0000] {logging_mixin.py:188} INFO - [2026-02-28T21:44:28.673+0000] {dag.py:3096} INFO - Sync 1 DAGs
[2026-02-28T21:44:28.689+0000] {logging_mixin.py:188} INFO - [2026-02-28T21:44:28.689+0000] {dag.py:3954} INFO - Setting next_dagrun for example_python_operator to None, run_after=None
[2026-02-28T21:44:28.724+0000] {processor.py:183} INFO - Processing /home/airflow/.local/lib/python3.12/site-packages/airflow/example_dags/example_python_operator.py took 0.111 seconds
[2026-02-28T21:44:59.210+0000] {processor.py:161} INFO - Started process (PID=583) to work on /home/airflow/.local/lib/python3.12/site-packages/airflow/example_dags/example_python_operator.py
[2026-02-28T21:44:59.211+0000] {processor.py:830} INFO - Processing file /home/airflow/.local/lib/python3.12/site-packages/airflow/example_dags/example_python_operator.py for tasks to queue
[2026-02-28T21:44:59.212+0000] {logging_mixin.py:188} INFO - [2026-02-28T21:44:59.212+0000] {dagbag.py:545} INFO - Filling up the DagBag from /home/airflow/.local/lib/python3.12/site-packages/airflow/example_dags/example_python_operator.py
[2026-02-28T21:44:59.224+0000] {processor.py:840} INFO - DAG(s) 'example_python_operator' retrieved from /home/airflow/.local/lib/python3.12/site-packages/airflow/example_dags/example_python_operator.py
[2026-02-28T21:44:59.241+0000] {logging_mixin.py:188} INFO - [2026-02-28T21:44:59.240+0000] {dag.py:3096} INFO - Sync 1 DAGs
[2026-02-28T21:44:59.249+0000] {logging_mixin.py:188} INFO - [2026-02-28T21:44:59.249+0000] {dag.py:3954} INFO - Setting next_dagrun for example_python_operator to None, run_after=None
[2026-02-28T21:44:59.259+0000] {processor.py:183} INFO - Processing /home/airflow/.local/lib/python3.12/site-packages/airflow/example_dags/example_python_operator.py took 0.053 seconds
[2026-02-28T21:45:29.560+0000] {processor.py:161} INFO - Started process (PID=641) to work on /home/airflow/.local/lib/python3.12/site-packages/airflow/example_dags/example_python_operator.py
[2026-02-28T21:45:29.561+0000] {processor.py:830} INFO - Processing file /home/airflow/.local/lib/python3.12/site-packages/airflow/example_dags/example_python_operator.py for tasks to queue
[2026-02-28T21:45:29.563+0000] {logging_mixin.py:188} INFO - [2026-02-28T21:45:29.563+0000] {dagbag.py:545} INFO - Filling up the DagBag from /home/airflow/.local/lib/python3.12/site-packages/airflow/example_dags/example_python_operator.py
[2026-02-28T21:45:29.570+0000] {processor.py:840} INFO - DAG(s) 'example_python_operator' retrieved from /home/airflow/.local/lib/python3.12/site-packages/airflow/example_dags/example_python_operator.py
[2026-02-28T21:45:29.598+0000] {logging_mixin.py:188} INFO - [2026-02-28T21:45:29.597+0000] {dag.py:3096} INFO - Sync 1 DAGs
[2026-02-28T21:45:29.611+0000] {logging_mixin.py:188} INFO - [2026-02-28T21:45:29.611+0000] {dag.py:3954} INFO - Setting next_dagrun for example_python_operator to None, run_after=None
[2026-02-28T21:45:29.635+0000] {processor.py:183} INFO - Processing /home/airflow/.local/lib/python3.12/site-packages/airflow/example_dags/example_python_operator.py took 0.079 seconds
[2026-02-28T21:45:59.868+0000] {processor.py:161} INFO - Started process (PID=699) to work on /home/airflow/.local/lib/python3.12/site-packages/airflow/example_dags/example_python_operator.py
[2026-02-28T21:45:59.869+0000] {processor.py:830} INFO - Processing file /home/airflow/.local/lib/python3.12/site-packages/airflow/example_dags/example_python_operator.py for tasks to queue
[2026-02-28T21:45:59.869+0000] {logging_mixin.py:188} INFO - [2026-02-28T21:45:59.869+0000] {dagbag.py:545} INFO - Filling up the DagBag from /home/airflow/.local/lib/python3.12/site-packages/airflow/example_dags/example_python_operator.py
[2026-02-28T21:45:59.875+0000] {processor.py:840} INFO - DAG(s) 'example_python_operator' retrieved from /home/airflow/.local/lib/python3.12/site-packages/airflow/example_dags/example_python_operator.py
[2026-02-28T21:45:59.897+0000] {logging_mixin.py:188} INFO - [2026-02-28T21:45:59.897+0000] {dag.py:3096} INFO - Sync 1 DAGs
[2026-02-28T21:45:59.906+0000] {logging_mixin.py:188} INFO - [2026-02-28T21:45:59.905+0000] {dag.py:3954} INFO - Setting next_dagrun for example_python_operator to None, run_after=None
[2026-02-28T21:45:59.916+0000] {processor.py:183} INFO - Processing /home/airflow/.local/lib/python3.12/site-packages/airflow/example_dags/example_python_operator.py took 0.051 seconds
[2026-02-28T21:46:30.906+0000] {processor.py:161} INFO - Started process (PID=757) to work on /home/airflow/.local/lib/python3.12/site-packages/airflow/example_dags/example_python_operator.py
[2026-02-28T21:46:30.907+0000] {processor.py:830} INFO - Processing file /home/airflow/.local/lib/python3.12/site-packages/airflow/example_dags/example_python_operator.py for tasks to queue
[2026-02-28T21:46:30.910+0000] {logging_mixin.py:188} INFO - [2026-02-28T21:46:30.910+0000] {dagbag.py:545} INFO - Filling up the DagBag from /home/airflow/.local/lib/python3.12/site-packages/airflow/example_dags/example_python_operator.py
[2026-02-28T21:46:30.930+0000] {processor.py:840} INFO - DAG(s) 'example_python_operator' retrieved from /home/airflow/.local/lib/python3.12/site-packages/airflow/example_dags/example_python_operator.py
[2026-02-28T21:46:30.947+0000] {logging_mixin.py:188} INFO - [2026-02-28T21:46:30.947+0000] {dag.py:3096} INFO - Sync 1 DAGs
[2026-02-28T21:46:30.957+0000] {logging_mixin.py:188} INFO - [2026-02-28T21:46:30.957+0000] {dag.py:3954} INFO - Setting next_dagrun for example_python_operator to None, run_after=None
[2026-02-28T21:46:30.967+0000] {processor.py:183} INFO - Processing /home/airflow/.local/lib/python3.12/site-packages/airflow/example_dags/example_python_operator.py took 0.066 seconds
[2026-02-28T21:47:01.911+0000] {processor.py:161} INFO - Started process (PID=815) to work on /home/airflow/.local/lib/python3.12/site-packages/airflow/example_dags/example_python_operator.py
[2026-02-28T21:47:01.911+0000] {processor.py:830} INFO - Processing file /home/airflow/.local/lib/python3.12/site-packages/airflow/example_dags/example_python_operator.py for tasks to queue
[2026-02-28T21:47:01.912+0000] {logging_mixin.py:188} INFO - [2026-02-28T21:47:01.912+0000] {dagbag.py:545} INFO - Filling up the DagBag from /home/airflow/.local/lib/python3.12/site-packages/airflow/example_dags/example_python_operator.py
[2026-02-28T21:47:01.919+0000] {processor.py:840} INFO - DAG(s) 'example_python_operator' retrieved from /home/airflow/.local/lib/python3.12/site-packages/airflow/example_dags/example_python_operator.py
[2026-02-28T21:47:01.934+0000] {logging_mixin.py:188} INFO - [2026-02-28T21:47:01.934+0000] {dag.py:3096} INFO - Sync 1 DAGs
[2026-02-28T21:47:01.944+0000] {logging_mixin.py:188} INFO - [2026-02-28T21:47:01.943+0000] {dag.py:3954} INFO - Setting next_dagrun for example_python_operator to None, run_after=None
[2026-02-28T21:47:01.959+0000] {processor.py:183} INFO - Processing /home/airflow/.local/lib/python3.12/site-packages/airflow/example_dags/example_python_operator.py took 0.052 seconds
[2026-02-28T21:47:32.757+0000] {processor.py:161} INFO - Started process (PID=873) to work on /home/airflow/.local/lib/python3.12/site-packages/airflow/example_dags/example_python_operator.py
[2026-02-28T21:47:32.758+0000] {processor.py:830} INFO - Processing file /home/airflow/.local/lib/python3.12/site-packages/airflow/example_dags/example_python_operator.py for tasks to queue
[2026-02-28T21:47:32.760+0000] {logging_mixin.py:188} INFO - [2026-02-28T21:47:32.759+0000] {dagbag.py:545} INFO - Filling up the DagBag from /home/airflow/.local/lib/python3.12/site-packages/airflow/example_dags/example_python_operator.py
[2026-02-28T21:47:32.766+0000] {processor.py:840} INFO - DAG(s) 'example_python_operator' retrieved from /home/airflow/.local/lib/python3.12/site-packages/airflow/example_dags/example_python_operator.py
[2026-02-28T21:47:32.778+0000] {logging_mixin.py:188} INFO - [2026-02-28T21:47:32.778+0000] {dag.py:3096} INFO - Sync 1 DAGs
[2026-02-28T21:47:32.785+0000] {logging_mixin.py:188} INFO - [2026-02-28T21:47:32.785+0000] {dag.py:3954} INFO - Setting next_dagrun for example_python_operator to None, run_after=None
[2026-02-28T21:47:32.795+0000] {processor.py:183} INFO - Processing /home/airflow/.local/lib/python3.12/site-packages/airflow/example_dags/example_python_operator.py took 0.041 seconds
[2026-02-28T21:48:03.129+0000] {processor.py:161} INFO - Started process (PID=930) to work on /home/airflow/.local/lib/python3.12/site-packages/airflow/example_dags/example_python_operator.py
[2026-02-28T21:48:03.130+0000] {processor.py:830} INFO - Processing file /home/airflow/.local/lib/python3.12/site-packages/airflow/example_dags/example_python_operator.py for tasks to queue
[2026-02-28T21:48:03.131+0000] {logging_mixin.py:188} INFO - [2026-02-28T21:48:03.131+0000] {dagbag.py:545} INFO - Filling up the DagBag from /home/airflow/.local/lib/python3.12/site-packages/airflow/example_dags/example_python_operator.py
[2026-02-28T21:48:03.139+0000] {processor.py:840} INFO - DAG(s) 'example_python_operator' retrieved from /home/airflow/.local/lib/python3.12/site-packages/airflow/example_dags/example_python_operator.py
[2026-02-28T21:48:03.153+0000] {logging_mixin.py:188} INFO - [2026-02-28T21:48:03.153+0000] {dag.py:3096} INFO - Sync 1 DAGs
[2026-02-28T21:48:03.160+0000] {logging_mixin.py:188} INFO - [2026-02-28T21:48:03.160+0000] {dag.py:3954} INFO - Setting next_dagrun for example_python_operator to None, run_after=None
[2026-02-28T21:48:03.171+0000] {processor.py:183} INFO - Processing /home/airflow/.local/lib/python3.12/site-packages/airflow/example_dags/example_python_operator.py took 0.046 seconds
[2026-02-28T21:48:33.384+0000] {processor.py:161} INFO - Started process (PID=987) to work on /home/airflow/.local/lib/python3.12/site-packages/airflow/example_dags/example_python_operator.py
[2026-02-28T21:48:33.385+0000] {processor.py:830} INFO - Processing file /home/airflow/.local/lib/python3.12/site-packages/airflow/example_dags/example_python_operator.py for tasks to queue
[2026-02-28T21:48:33.388+0000] {logging_mixin.py:188} INFO - [2026-02-28T21:48:33.388+0000] {dagbag.py:545} INFO - Filling up the DagBag from /home/airflow/.local/lib/python3.12/site-packages/airflow/example_dags/example_python_operator.py
[2026-02-28T21:48:33.394+0000] {processor.py:840} INFO - DAG(s) 'example_python_operator' retrieved from /home/airflow/.local/lib/python3.12/site-packages/airflow/example_dags/example_python_operator.py
[2026-02-28T21:48:33.412+0000] {logging_mixin.py:188} INFO - [2026-02-28T21:48:33.412+0000] {dag.py:3096} INFO - Sync 1 DAGs
[2026-02-28T21:48:33.423+0000] {logging_mixin.py:188} INFO - [2026-02-28T21:48:33.423+0000] {dag.py:3954} INFO - Setting next_dagrun for example_python_operator to None, run_after=None
[2026-02-28T21:48:33.460+0000] {processor.py:183} INFO - Processing /home/airflow/.local/lib/python3.12/site-packages/airflow/example_dags/example_python_operator.py took 0.079 seconds
[2026-02-28T21:49:03.876+0000] {processor.py:161} INFO - Started process (PID=1045) to work on /home/airflow/.local/lib/python3.12/site-packages/airflow/example_dags/example_python_operator.py
[2026-02-28T21:49:03.878+0000] {processor.py:830} INFO - Processing file /home/airflow/.local/lib/python3.12/site-packages/airflow/example_dags/example_python_operator.py for tasks to queue
[2026-02-28T21:49:03.879+0000] {logging_mixin.py:188} INFO - [2026-02-28T21:49:03.879+0000] {dagbag.py:545} INFO - Filling up the DagBag from /home/airflow/.local/lib/python3.12/site-packages/airflow/example_dags/example_python_operator.py
[2026-02-28T21:49:03.886+0000] {processor.py:840} INFO - DAG(s) 'example_python_operator' retrieved from /home/airflow/.local/lib/python3.12/site-packages/airflow/example_dags/example_python_operator.py
[2026-02-28T21:49:03.907+0000] {logging_mixin.py:188} INFO - [2026-02-28T21:49:03.906+0000] {dag.py:3096} INFO - Sync 1 DAGs
[2026-02-28T21:49:03.914+0000] {logging_mixin.py:188} INFO - [2026-02-28T21:49:03.914+0000] {dag.py:3954} INFO - Setting next_dagrun for example_python_operator to None, run_after=None
[2026-02-28T21:49:03.927+0000] {processor.py:183} INFO - Processing /home/airflow/.local/lib/python3.12/site-packages/airflow/example_dags/example_python_operator.py took 0.055 seconds
[2026-02-28T21:49:34.446+0000] {processor.py:161} INFO - Started process (PID=1103) to work on /home/airflow/.local/lib/python3.12/site-packages/airflow/example_dags/example_python_operator.py
[2026-02-28T21:49:34.448+0000] {processor.py:830} INFO - Processing file /home/airflow/.local/lib/python3.12/site-packages/airflow/example_dags/example_python_operator.py for tasks to queue
[2026-02-28T21:49:34.450+0000] {logging_mixin.py:188} INFO - [2026-02-28T21:49:34.450+0000] {dagbag.py:545} INFO - Filling up the DagBag from /home/airflow/.local/lib/python3.12/site-packages/airflow/example_dags/example_python_operator.py
[2026-02-28T21:49:34.505+0000] {processor.py:840} INFO - DAG(s) 'example_python_operator' retrieved from /home/airflow/.local/lib/python3.12/site-packages/airflow/example_dags/example_python_operator.py
[2026-02-28T21:49:34.670+0000] {logging_mixin.py:188} INFO - [2026-02-28T21:49:34.670+0000] {dag.py:3096} INFO - Sync 1 DAGs
[2026-02-28T21:49:34.692+0000] {logging_mixin.py:188} INFO - [2026-02-28T21:49:34.692+0000] {dag.py:3954} INFO - Setting next_dagrun for example_python_operator to None, run_after=None
[2026-02-28T21:49:34.715+0000] {processor.py:183} INFO - Processing /home/airflow/.local/lib/python3.12/site-packages/airflow/example_dags/example_python_operator.py took 0.276 seconds
[2026-02-28T21:50:05.537+0000] {processor.py:161} INFO - Started process (PID=1161) to work on /home/airflow/.local/lib/python3.12/site-packages/airflow/example_dags/example_python_operator.py
[2026-02-28T21:50:05.538+0000] {processor.py:830} INFO - Processing file /home/airflow/.local/lib/python3.12/site-packages/airflow/example_dags/example_python_operator.py for tasks to queue
[2026-02-28T21:50:05.539+0000] {logging_mixin.py:188} INFO - [2026-02-28T21:50:05.539+0000] {dagbag.py:545} INFO - Filling up the DagBag from /home/airflow/.local/lib/python3.12/site-packages/airflow/example_dags/example_python_operator.py
[2026-02-28T21:50:05.550+0000] {processor.py:840} INFO - DAG(s) 'example_python_operator' retrieved from /home/airflow/.local/lib/python3.12/site-packages/airflow/example_dags/example_python_operator.py
[2026-02-28T21:50:05.579+0000] {logging_mixin.py:188} INFO - [2026-02-28T21:50:05.579+0000] {dag.py:3096} INFO - Sync 1 DAGs
[2026-02-28T21:50:05.597+0000] {logging_mixin.py:188} INFO - [2026-02-28T21:50:05.597+0000] {dag.py:3954} INFO - Setting next_dagrun for example_python_operator to None, run_after=None
[2026-02-28T21:50:05.631+0000] {processor.py:183} INFO - Processing /home/airflow/.local/lib/python3.12/site-packages/airflow/example_dags/example_python_operator.py took 0.100 seconds
[2026-02-28T21:50:36.265+0000] {processor.py:161} INFO - Started process (PID=1219) to work on /home/airflow/.local/lib/python3.12/site-packages/airflow/example_dags/example_python_operator.py
[2026-02-28T21:50:36.267+0000] {processor.py:830} INFO - Processing file /home/airflow/.local/lib/python3.12/site-packages/airflow/example_dags/example_python_operator.py for tasks to queue
[2026-02-28T21:50:36.269+0000] {logging_mixin.py:188} INFO - [2026-02-28T21:50:36.269+0000] {dagbag.py:545} INFO - Filling up the DagBag from /home/airflow/.local/lib/python3.12/site-packages/airflow/example_dags/example_python_operator.py
[2026-02-28T21:50:36.286+0000] {processor.py:840} INFO - DAG(s) 'example_python_operator' retrieved from /home/airflow/.local/lib/python3.12/site-packages/airflow/example_dags/example_python_operator.py
[2026-02-28T21:50:36.317+0000] {logging_mixin.py:188} INFO - [2026-02-28T21:50:36.317+0000] {dag.py:3096} INFO - Sync 1 DAGs
[2026-02-28T21:50:36.331+0000] {logging_mixin.py:188} INFO - [2026-02-28T21:50:36.331+0000] {dag.py:3954} INFO - Setting next_dagrun for example_python_operator to None, run_after=None
[2026-02-28T21:50:36.348+0000] {processor.py:183} INFO - Processing /home/airflow/.local/lib/python3.12/site-packages/airflow/example_dags/example_python_operator.py took 0.087 seconds
[2026-02-28T21:51:06.583+0000] {processor.py:161} INFO - Started process (PID=1277) to work on /home/airflow/.local/lib/python3.12/site-packages/airflow/example_dags/example_python_operator.py
[2026-02-28T21:51:06.585+0000] {processor.py:830} INFO - Processing file /home/airflow/.local/lib/python3.12/site-packages/airflow/example_dags/example_python_operator.py for tasks to queue
[2026-02-28T21:51:06.593+0000] {logging_mixin.py:188} INFO - [2026-02-28T21:51:06.593+0000] {dagbag.py:545} INFO - Filling up the DagBag from /home/airflow/.local/lib/python3.12/site-packages/airflow/example_dags/example_python_operator.py
[2026-02-28T21:51:06.620+0000] {processor.py:840} INFO - DAG(s) 'example_python_operator' retrieved from /home/airflow/.local/lib/python3.12/site-packages/airflow/example_dags/example_python_operator.py
[2026-02-28T21:51:06.643+0000] {logging_mixin.py:188} INFO - [2026-02-28T21:51:06.643+0000] {dag.py:3096} INFO - Sync 1 DAGs
[2026-02-28T21:51:06.659+0000] {logging_mixin.py:188} INFO - [2026-02-28T21:51:06.659+0000] {dag.py:3954} INFO - Setting next_dagrun for example_python_operator to None, run_after=None
[2026-02-28T21:51:06.677+0000] {processor.py:183} INFO - Processing /home/airflow/.local/lib/python3.12/site-packages/airflow/example_dags/example_python_operator.py took 0.118 seconds
[2026-02-28T21:51:37.641+0000] {processor.py:161} INFO - Started process (PID=1335) to work on /home/airflow/.local/lib/python3.12/site-packages/airflow/example_dags/example_python_operator.py
[2026-02-28T21:51:37.643+0000] {processor.py:830} INFO - Processing file /home/airflow/.local/lib/python3.12/site-packages/airflow/example_dags/example_python_operator.py for tasks to queue
[2026-02-28T21:51:37.650+0000] {logging_mixin.py:188} INFO - [2026-02-28T21:51:37.649+0000] {dagbag.py:545} INFO - Filling up the DagBag from /home/airflow/.local/lib/python3.12/site-packages/airflow/example_dags/example_python_operator.py
[2026-02-28T21:51:37.683+0000] {processor.py:840} INFO - DAG(s) 'example_python_operator' retrieved from /home/airflow/.local/lib/python3.12/site-packages/airflow/example_dags/example_python_operator.py
[2026-02-28T21:51:37.727+0000] {logging_mixin.py:188} INFO - [2026-02-28T21:51:37.727+0000] {dag.py:3096} INFO - Sync 1 DAGs
[2026-02-28T21:51:37.750+0000] {logging_mixin.py:188} INFO - [2026-02-28T21:51:37.749+0000] {dag.py:3954} INFO - Setting next_dagrun for example_python_operator to None, run_after=None
[2026-02-28T21:51:37.776+0000] {processor.py:183} INFO - Processing /home/airflow/.local/lib/python3.12/site-packages/airflow/example_dags/example_python_operator.py took 0.148 seconds
[2026-02-28T21:52:08.078+0000] {processor.py:161} INFO - Started process (PID=1393) to work on /home/airflow/.local/lib/python3.12/site-packages/airflow/example_dags/example_python_operator.py
[2026-02-28T21:52:08.081+0000] {processor.py:830} INFO - Processing file /home/airflow/.local/lib/python3.12/site-packages/airflow/example_dags/example_python_operator.py for tasks to queue
[2026-02-28T21:52:08.085+0000] {logging_mixin.py:188} INFO - [2026-02-28T21:52:08.084+0000] {dagbag.py:545} INFO - Filling up the DagBag from /home/airflow/.local/lib/python3.12/site-packages/airflow/example_dags/example_python_operator.py
[2026-02-28T21:52:08.108+0000] {processor.py:840} INFO - DAG(s) 'example_python_operator' retrieved from /home/airflow/.local/lib/python3.12/site-packages/airflow/example_dags/example_python_operator.py
[2026-02-28T21:52:08.148+0000] {logging_mixin.py:188} INFO - [2026-02-28T21:52:08.148+0000] {dag.py:3096} INFO - Sync 1 DAGs
[2026-02-28T21:52:08.169+0000] {logging_mixin.py:188} INFO - [2026-02-28T21:52:08.169+0000] {dag.py:3954} INFO - Setting next_dagrun for example_python_operator to None, run_after=None
[2026-02-28T21:52:08.196+0000] {processor.py:183} INFO - Processing /home/airflow/.local/lib/python3.12/site-packages/airflow/example_dags/example_python_operator.py took 0.142 seconds
[2026-02-28T21:52:39.113+0000] {processor.py:161} INFO - Started process (PID=1451) to work on /home/airflow/.local/lib/python3.12/site-packages/airflow/example_dags/example_python_operator.py
[2026-02-28T21:52:39.115+0000] {processor.py:830} INFO - Processing file /home/airflow/.local/lib/python3.12/site-packages/airflow/example_dags/example_python_operator.py for tasks to queue
[2026-02-28T21:52:39.117+0000] {logging_mixin.py:188} INFO - [2026-02-28T21:52:39.117+0000] {dagbag.py:545} INFO - Filling up the DagBag from /home/airflow/.local/lib/python3.12/site-packages/airflow/example_dags/example_python_operator.py
[2026-02-28T21:52:39.124+0000] {processor.py:840} INFO - DAG(s) 'example_python_operator' retrieved from /home/airflow/.local/lib/python3.12/site-packages/airflow/example_dags/example_python_operator.py
[2026-02-28T21:52:39.139+0000] {logging_mixin.py:188} INFO - [2026-02-28T21:52:39.139+0000] {dag.py:3096} INFO - Sync 1 DAGs
[2026-02-28T21:52:39.250+0000] {logging_mixin.py:188} INFO - [2026-02-28T21:52:39.249+0000] {dag.py:3954} INFO - Setting next_dagrun for example_python_operator to None, run_after=None
[2026-02-28T21:52:39.261+0000] {processor.py:183} INFO - Processing /home/airflow/.local/lib/python3.12/site-packages/airflow/example_dags/example_python_operator.py took 0.151 seconds
[2026-02-28T21:53:10.705+0000] {processor.py:161} INFO - Started process (PID=1509) to work on /home/airflow/.local/lib/python3.12/site-packages/airflow/example_dags/example_python_operator.py
[2026-02-28T21:53:10.706+0000] {processor.py:830} INFO - Processing file /home/airflow/.local/lib/python3.12/site-packages/airflow/example_dags/example_python_operator.py for tasks to queue
[2026-02-28T21:53:10.709+0000] {logging_mixin.py:188} INFO - [2026-02-28T21:53:10.708+0000] {dagbag.py:545} INFO - Filling up the DagBag from /home/airflow/.local/lib/python3.12/site-packages/airflow/example_dags/example_python_operator.py
[2026-02-28T21:53:10.721+0000] {processor.py:840} INFO - DAG(s) 'example_python_operator' retrieved from /home/airflow/.local/lib/python3.12/site-packages/airflow/example_dags/example_python_operator.py
[2026-02-28T21:53:10.737+0000] {logging_mixin.py:188} INFO - [2026-02-28T21:53:10.737+0000] {dag.py:3096} INFO - Sync 1 DAGs
[2026-02-28T21:53:10.840+0000] {logging_mixin.py:188} INFO - [2026-02-28T21:53:10.839+0000] {dag.py:3954} INFO - Setting next_dagrun for example_python_operator to None, run_after=None
[2026-02-28T21:53:10.850+0000] {processor.py:183} INFO - Processing /home/airflow/.local/lib/python3.12/site-packages/airflow/example_dags/example_python_operator.py took 0.148 seconds
[2026-02-28T21:53:41.516+0000] {processor.py:161} INFO - Started process (PID=1567) to work on /home/airflow/.local/lib/python3.12/site-packages/airflow/example_dags/example_python_operator.py
[2026-02-28T21:53:41.518+0000] {processor.py:830} INFO - Processing file /home/airflow/.local/lib/python3.12/site-packages/airflow/example_dags/example_python_operator.py for tasks to queue
[2026-02-28T21:53:41.519+0000] {logging_mixin.py:188} INFO - [2026-02-28T21:53:41.519+0000] {dagbag.py:545} INFO - Filling up the DagBag from /home/airflow/.local/lib/python3.12/site-packages/airflow/example_dags/example_python_operator.py
[2026-02-28T21:53:41.528+0000] {processor.py:840} INFO - DAG(s) 'example_python_operator' retrieved from /home/airflow/.local/lib/python3.12/site-packages/airflow/example_dags/example_python_operator.py
[2026-02-28T21:53:41.551+0000] {logging_mixin.py:188} INFO - [2026-02-28T21:53:41.551+0000] {dag.py:3096} INFO - Sync 1 DAGs
[2026-02-28T21:53:41.687+0000] {logging_mixin.py:188} INFO - [2026-02-28T21:53:41.687+0000] {dag.py:3954} INFO - Setting next_dagrun for example_python_operator to None, run_after=None
[2026-02-28T21:53:41.709+0000] {processor.py:183} INFO - Processing /home/airflow/.local/lib/python3.12/site-packages/airflow/example_dags/example_python_operator.py took 0.198 seconds
[2026-02-28T21:54:12.047+0000] {processor.py:161} INFO - Started process (PID=1625) to work on /home/airflow/.local/lib/python3.12/site-packages/airflow/example_dags/example_python_operator.py
[2026-02-28T21:54:12.048+0000] {processor.py:830} INFO - Processing file /home/airflow/.local/lib/python3.12/site-packages/airflow/example_dags/example_python_operator.py for tasks to queue
[2026-02-28T21:54:12.049+0000] {logging_mixin.py:188} INFO - [2026-02-28T21:54:12.049+0000] {dagbag.py:545} INFO - Filling up the DagBag from /home/airflow/.local/lib/python3.12/site-packages/airflow/example_dags/example_python_operator.py
[2026-02-28T21:54:12.058+0000] {processor.py:840} INFO - DAG(s) 'example_python_operator' retrieved from /home/airflow/.local/lib/python3.12/site-packages/airflow/example_dags/example_python_operator.py
[2026-02-28T21:54:12.074+0000] {logging_mixin.py:188} INFO - [2026-02-28T21:54:12.074+0000] {dag.py:3096} INFO - Sync 1 DAGs
[2026-02-28T21:54:12.082+0000] {logging_mixin.py:188} INFO - [2026-02-28T21:54:12.082+0000] {dag.py:3954} INFO - Setting next_dagrun for example_python_operator to None, run_after=None
[2026-02-28T21:54:12.091+0000] {processor.py:183} INFO - Processing /home/airflow/.local/lib/python3.12/site-packages/airflow/example_dags/example_python_operator.py took 0.048 seconds
[2026-02-28T21:54:43.034+0000] {processor.py:161} INFO - Started process (PID=1683) to work on /home/airflow/.local/lib/python3.12/site-packages/airflow/example_dags/example_python_operator.py
[2026-02-28T21:54:43.037+0000] {processor.py:830} INFO - Processing file /home/airflow/.local/lib/python3.12/site-packages/airflow/example_dags/example_python_operator.py for tasks to queue
[2026-02-28T21:54:43.045+0000] {logging_mixin.py:188} INFO - [2026-02-28T21:54:43.044+0000] {dagbag.py:545} INFO - Filling up the DagBag from /home/airflow/.local/lib/python3.12/site-packages/airflow/example_dags/example_python_operator.py
[2026-02-28T21:54:43.079+0000] {processor.py:840} INFO - DAG(s) 'example_python_operator' retrieved from /home/airflow/.local/lib/python3.12/site-packages/airflow/example_dags/example_python_operator.py
[2026-02-28T21:54:43.134+0000] {logging_mixin.py:188} INFO - [2026-02-28T21:54:43.134+0000] {dag.py:3096} INFO - Sync 1 DAGs
[2026-02-28T21:54:43.161+0000] {logging_mixin.py:188} INFO - [2026-02-28T21:54:43.158+0000] {dag.py:3954} INFO - Setting next_dagrun for example_python_operator to None, run_after=None
[2026-02-28T21:54:43.184+0000] {processor.py:183} INFO - Processing /home/airflow/.local/lib/python3.12/site-packages/airflow/example_dags/example_python_operator.py took 0.164 seconds
[2026-02-28T21:55:14.207+0000] {processor.py:161} INFO - Started process (PID=1744) to work on /home/airflow/.local/lib/python3.12/site-packages/airflow/example_dags/example_python_operator.py
[2026-02-28T21:55:14.210+0000] {processor.py:830} INFO - Processing file /home/airflow/.local/lib/python3.12/site-packages/airflow/example_dags/example_python_operator.py for tasks to queue
[2026-02-28T21:55:14.216+0000] {logging_mixin.py:188} INFO - [2026-02-28T21:55:14.215+0000] {dagbag.py:545} INFO - Filling up the DagBag from /home/airflow/.local/lib/python3.12/site-packages/airflow/example_dags/example_python_operator.py
[2026-02-28T21:55:14.243+0000] {processor.py:840} INFO - DAG(s) 'example_python_operator' retrieved from /home/airflow/.local/lib/python3.12/site-packages/airflow/example_dags/example_python_operator.py
[2026-02-28T21:55:14.285+0000] {logging_mixin.py:188} INFO - [2026-02-28T21:55:14.285+0000] {dag.py:3096} INFO - Sync 1 DAGs
[2026-02-28T21:55:14.311+0000] {logging_mixin.py:188} INFO - [2026-02-28T21:55:14.310+0000] {dag.py:3954} INFO - Setting next_dagrun for example_python_operator to None, run_after=None
[2026-02-28T21:55:14.334+0000] {processor.py:183} INFO - Processing /home/airflow/.local/lib/python3.12/site-packages/airflow/example_dags/example_python_operator.py took 0.146 seconds
[2026-02-28T21:55:45.117+0000] {processor.py:161} INFO - Started process (PID=1802) to work on /home/airflow/.local/lib/python3.12/site-packages/airflow/example_dags/example_python_operator.py
[2026-02-28T21:55:45.120+0000] {processor.py:830} INFO - Processing file /home/airflow/.local/lib/python3.12/site-packages/airflow/example_dags/example_python_operator.py for tasks to queue
[2026-02-28T21:55:45.126+0000] {logging_mixin.py:188} INFO - [2026-02-28T21:55:45.125+0000] {dagbag.py:545} INFO - Filling up the DagBag from /home/airflow/.local/lib/python3.12/site-packages/airflow/example_dags/example_python_operator.py
[2026-02-28T21:55:45.161+0000] {processor.py:840} INFO - DAG(s) 'example_python_operator' retrieved from /home/airflow/.local/lib/python3.12/site-packages/airflow/example_dags/example_python_operator.py
[2026-02-28T21:55:45.203+0000] {logging_mixin.py:188} INFO - [2026-02-28T21:55:45.202+0000] {dag.py:3096} INFO - Sync 1 DAGs
[2026-02-28T21:55:45.224+0000] {logging_mixin.py:188} INFO - [2026-02-28T21:55:45.224+0000] {dag.py:3954} INFO - Setting next_dagrun for example_python_operator to None, run_after=None
[2026-02-28T21:55:45.251+0000] {processor.py:183} INFO - Processing /home/airflow/.local/lib/python3.12/site-packages/airflow/example_dags/example_python_operator.py took 0.167 seconds
[2026-02-28T21:56:15.463+0000] {processor.py:161} INFO - Started process (PID=1860) to work on /home/airflow/.local/lib/python3.12/site-packages/airflow/example_dags/example_python_operator.py
[2026-02-28T21:56:15.465+0000] {processor.py:830} INFO - Processing file /home/airflow/.local/lib/python3.12/site-packages/airflow/example_dags/example_python_operator.py for tasks to queue
[2026-02-28T21:56:15.470+0000] {logging_mixin.py:188} INFO - [2026-02-28T21:56:15.470+0000] {dagbag.py:545} INFO - Filling up the DagBag from /home/airflow/.local/lib/python3.12/site-packages/airflow/example_dags/example_python_operator.py
[2026-02-28T21:56:15.487+0000] {processor.py:840} INFO - DAG(s) 'example_python_operator' retrieved from /home/airflow/.local/lib/python3.12/site-packages/airflow/example_dags/example_python_operator.py
[2026-02-28T21:56:15.508+0000] {logging_mixin.py:188} INFO - [2026-02-28T21:56:15.508+0000] {dag.py:3096} INFO - Sync 1 DAGs
[2026-02-28T21:56:15.516+0000] {logging_mixin.py:188} INFO - [2026-02-28T21:56:15.516+0000] {dag.py:3954} INFO - Setting next_dagrun for example_python_operator to None, run_after=None
[2026-02-28T21:56:15.534+0000] {processor.py:183} INFO - Processing /home/airflow/.local/lib/python3.12/site-packages/airflow/example_dags/example_python_operator.py took 0.082 seconds
[2026-02-28T21:56:45.587+0000] {processor.py:161} INFO - Started process (PID=1918) to work on /home/airflow/.local/lib/python3.12/site-packages/airflow/example_dags/example_python_operator.py
[2026-02-28T21:56:45.591+0000] {processor.py:830} INFO - Processing file /home/airflow/.local/lib/python3.12/site-packages/airflow/example_dags/example_python_operator.py for tasks to queue
[2026-02-28T21:56:45.596+0000] {logging_mixin.py:188} INFO - [2026-02-28T21:56:45.596+0000] {dagbag.py:545} INFO - Filling up the DagBag from /home/airflow/.local/lib/python3.12/site-packages/airflow/example_dags/example_python_operator.py
[2026-02-28T21:56:45.608+0000] {processor.py:840} INFO - DAG(s) 'example_python_operator' retrieved from /home/airflow/.local/lib/python3.12/site-packages/airflow/example_dags/example_python_operator.py
[2026-02-28T21:56:45.633+0000] {logging_mixin.py:188} INFO - [2026-02-28T21:56:45.633+0000] {dag.py:3096} INFO - Sync 1 DAGs
[2026-02-28T21:56:45.641+0000] {logging_mixin.py:188} INFO - [2026-02-28T21:56:45.641+0000] {dag.py:3954} INFO - Setting next_dagrun for example_python_operator to None, run_after=None
[2026-02-28T21:56:45.657+0000] {processor.py:183} INFO - Processing /home/airflow/.local/lib/python3.12/site-packages/airflow/example_dags/example_python_operator.py took 0.079 seconds
[2026-02-28T21:57:16.543+0000] {processor.py:161} INFO - Started process (PID=1976) to work on /home/airflow/.local/lib/python3.12/site-packages/airflow/example_dags/example_python_operator.py
[2026-02-28T21:57:16.546+0000] {processor.py:830} INFO - Processing file /home/airflow/.local/lib/python3.12/site-packages/airflow/example_dags/example_python_operator.py for tasks to queue
[2026-02-28T21:57:16.549+0000] {logging_mixin.py:188} INFO - [2026-02-28T21:57:16.549+0000] {dagbag.py:545} INFO - Filling up the DagBag from /home/airflow/.local/lib/python3.12/site-packages/airflow/example_dags/example_python_operator.py
[2026-02-28T21:57:16.573+0000] {processor.py:840} INFO - DAG(s) 'example_python_operator' retrieved from /home/airflow/.local/lib/python3.12/site-packages/airflow/example_dags/example_python_operator.py
[2026-02-28T21:57:16.595+0000] {logging_mixin.py:188} INFO - [2026-02-28T21:57:16.595+0000] {dag.py:3096} INFO - Sync 1 DAGs
[2026-02-28T21:57:16.605+0000] {logging_mixin.py:188} INFO - [2026-02-28T21:57:16.605+0000] {dag.py:3954} INFO - Setting next_dagrun for example_python_operator to None, run_after=None
[2026-02-28T21:57:16.622+0000] {processor.py:183} INFO - Processing /home/airflow/.local/lib/python3.12/site-packages/airflow/example_dags/example_python_operator.py took 0.094 seconds
[2026-02-28T21:57:47.665+0000] {processor.py:161} INFO - Started process (PID=2034) to work on /home/airflow/.local/lib/python3.12/site-packages/airflow/example_dags/example_python_operator.py
[2026-02-28T21:57:47.675+0000] {processor.py:830} INFO - Processing file /home/airflow/.local/lib/python3.12/site-packages/airflow/example_dags/example_python_operator.py for tasks to queue
[2026-02-28T21:57:47.684+0000] {logging_mixin.py:188} INFO - [2026-02-28T21:57:47.681+0000] {dagbag.py:545} INFO - Filling up the DagBag from /home/airflow/.local/lib/python3.12/site-packages/airflow/example_dags/example_python_operator.py
[2026-02-28T21:57:47.725+0000] {processor.py:840} INFO - DAG(s) 'example_python_operator' retrieved from /home/airflow/.local/lib/python3.12/site-packages/airflow/example_dags/example_python_operator.py
[2026-02-28T21:57:47.792+0000] {logging_mixin.py:188} INFO - [2026-02-28T21:57:47.792+0000] {dag.py:3096} INFO - Sync 1 DAGs
[2026-02-28T21:57:47.815+0000] {logging_mixin.py:188} INFO - [2026-02-28T21:57:47.815+0000] {dag.py:3954} INFO - Setting next_dagrun for example_python_operator to None, run_after=None
[2026-02-28T21:57:47.847+0000] {processor.py:183} INFO - Processing /home/airflow/.local/lib/python3.12/site-packages/airflow/example_dags/example_python_operator.py took 0.209 seconds
[2026-02-28T21:58:18.823+0000] {processor.py:161} INFO - Started process (PID=2092) to work on /home/airflow/.local/lib/python3.12/site-packages/airflow/example_dags/example_python_operator.py
[2026-02-28T21:58:18.825+0000] {processor.py:830} INFO - Processing file /home/airflow/.local/lib/python3.12/site-packages/airflow/example_dags/example_python_operator.py for tasks to queue
[2026-02-28T21:58:18.828+0000] {logging_mixin.py:188} INFO - [2026-02-28T21:58:18.828+0000] {dagbag.py:545} INFO - Filling up the DagBag from /home/airflow/.local/lib/python3.12/site-packages/airflow/example_dags/example_python_operator.py
[2026-02-28T21:58:18.856+0000] {processor.py:840} INFO - DAG(s) 'example_python_operator' retrieved from /home/airflow/.local/lib/python3.12/site-packages/airflow/example_dags/example_python_operator.py
[2026-02-28T21:58:18.894+0000] {logging_mixin.py:188} INFO - [2026-02-28T21:58:18.893+0000] {dag.py:3096} INFO - Sync 1 DAGs
[2026-02-28T21:58:18.927+0000] {logging_mixin.py:188} INFO - [2026-02-28T21:58:18.927+0000] {dag.py:3954} INFO - Setting next_dagrun for example_python_operator to None, run_after=None
[2026-02-28T21:58:18.958+0000] {processor.py:183} INFO - Processing /home/airflow/.local/lib/python3.12/site-packages/airflow/example_dags/example_python_operator.py took 0.155 seconds
[2026-02-28T21:58:49.161+0000] {processor.py:161} INFO - Started process (PID=2150) to work on /home/airflow/.local/lib/python3.12/site-packages/airflow/example_dags/example_python_operator.py
[2026-02-28T21:58:49.163+0000] {processor.py:830} INFO - Processing file /home/airflow/.local/lib/python3.12/site-packages/airflow/example_dags/example_python_operator.py for tasks to queue
[2026-02-28T21:58:49.166+0000] {logging_mixin.py:188} INFO - [2026-02-28T21:58:49.166+0000] {dagbag.py:545} INFO - Filling up the DagBag from /home/airflow/.local/lib/python3.12/site-packages/airflow/example_dags/example_python_operator.py
[2026-02-28T21:58:49.180+0000] {processor.py:840} INFO - DAG(s) 'example_python_operator' retrieved from /home/airflow/.local/lib/python3.12/site-packages/airflow/example_dags/example_python_operator.py
[2026-02-28T21:58:49.212+0000] {logging_mixin.py:188} INFO - [2026-02-28T21:58:49.212+0000] {dag.py:3096} INFO - Sync 1 DAGs
[2026-02-28T21:58:49.358+0000] {logging_mixin.py:188} INFO - [2026-02-28T21:58:49.357+0000] {dag.py:3954} INFO - Setting next_dagrun for example_python_operator to None, run_after=None
[2026-02-28T21:58:49.375+0000] {processor.py:183} INFO - Processing /home/airflow/.local/lib/python3.12/site-packages/airflow/example_dags/example_python_operator.py took 0.225 seconds
[2026-02-28T21:59:19.855+0000] {processor.py:161} INFO - Started process (PID=2208) to work on /home/airflow/.local/lib/python3.12/site-packages/airflow/example_dags/example_python_operator.py
[2026-02-28T21:59:19.859+0000] {processor.py:830} INFO - Processing file /home/airflow/.local/lib/python3.12/site-packages/airflow/example_dags/example_python_operator.py for tasks to queue
[2026-02-28T21:59:19.865+0000] {logging_mixin.py:188} INFO - [2026-02-28T21:59:19.865+0000] {dagbag.py:545} INFO - Filling up the DagBag from /home/airflow/.local/lib/python3.12/site-packages/airflow/example_dags/example_python_operator.py
[2026-02-28T21:59:19.883+0000] {processor.py:840} INFO - DAG(s) 'example_python_operator' retrieved from /home/airflow/.local/lib/python3.12/site-packages/airflow/example_dags/example_python_operator.py
[2026-02-28T21:59:19.909+0000] {logging_mixin.py:188} INFO - [2026-02-28T21:59:19.909+0000] {dag.py:3096} INFO - Sync 1 DAGs
[2026-02-28T21:59:20.159+0000] {logging_mixin.py:188} INFO - [2026-02-28T21:59:20.158+0000] {dag.py:3954} INFO - Setting next_dagrun for example_python_operator to None, run_after=None
[2026-02-28T21:59:20.180+0000] {processor.py:183} INFO - Processing /home/airflow/.local/lib/python3.12/site-packages/airflow/example_dags/example_python_operator.py took 0.336 seconds
[2026-02-28T21:59:50.577+0000] {processor.py:161} INFO - Started process (PID=2266) to work on /home/airflow/.local/lib/python3.12/site-packages/airflow/example_dags/example_python_operator.py
[2026-02-28T21:59:50.580+0000] {processor.py:830} INFO - Processing file /home/airflow/.local/lib/python3.12/site-packages/airflow/example_dags/example_python_operator.py for tasks to queue
[2026-02-28T21:59:50.583+0000] {logging_mixin.py:188} INFO - [2026-02-28T21:59:50.582+0000] {dagbag.py:545} INFO - Filling up the DagBag from /home/airflow/.local/lib/python3.12/site-packages/airflow/example_dags/example_python_operator.py
[2026-02-28T21:59:50.603+0000] {processor.py:840} INFO - DAG(s) 'example_python_operator' retrieved from /home/airflow/.local/lib/python3.12/site-packages/airflow/example_dags/example_python_operator.py
[2026-02-28T21:59:50.624+0000] {logging_mixin.py:188} INFO - [2026-02-28T21:59:50.624+0000] {dag.py:3096} INFO - Sync 1 DAGs
[2026-02-28T21:59:50.961+0000] {logging_mixin.py:188} INFO - [2026-02-28T21:59:50.959+0000] {dag.py:3954} INFO - Setting next_dagrun for example_python_operator to None, run_after=None
[2026-02-28T21:59:50.981+0000] {processor.py:183} INFO - Processing /home/airflow/.local/lib/python3.12/site-packages/airflow/example_dags/example_python_operator.py took 0.415 seconds
[2026-02-28T22:00:21.234+0000] {processor.py:161} INFO - Started process (PID=2324) to work on /home/airflow/.local/lib/python3.12/site-packages/airflow/example_dags/example_python_operator.py
[2026-02-28T22:00:21.237+0000] {processor.py:830} INFO - Processing file /home/airflow/.local/lib/python3.12/site-packages/airflow/example_dags/example_python_operator.py for tasks to queue
[2026-02-28T22:00:21.240+0000] {logging_mixin.py:188} INFO - [2026-02-28T22:00:21.239+0000] {dagbag.py:545} INFO - Filling up the DagBag from /home/airflow/.local/lib/python3.12/site-packages/airflow/example_dags/example_python_operator.py
[2026-02-28T22:00:21.261+0000] {processor.py:840} INFO - DAG(s) 'example_python_operator' retrieved from /home/airflow/.local/lib/python3.12/site-packages/airflow/example_dags/example_python_operator.py
[2026-02-28T22:00:21.483+0000] {logging_mixin.py:188} INFO - [2026-02-28T22:00:21.482+0000] {dag.py:3096} INFO - Sync 1 DAGs
[2026-02-28T22:00:21.491+0000] {logging_mixin.py:188} INFO - [2026-02-28T22:00:21.491+0000] {dag.py:3954} INFO - Setting next_dagrun for example_python_operator to None, run_after=None
[2026-02-28T22:00:21.505+0000] {processor.py:183} INFO - Processing /home/airflow/.local/lib/python3.12/site-packages/airflow/example_dags/example_python_operator.py took 0.280 seconds
[2026-02-28T22:00:51.839+0000] {processor.py:161} INFO - Started process (PID=2382) to work on /home/airflow/.local/lib/python3.12/site-packages/airflow/example_dags/example_python_operator.py
[2026-02-28T22:00:51.842+0000] {processor.py:830} INFO - Processing file /home/airflow/.local/lib/python3.12/site-packages/airflow/example_dags/example_python_operator.py for tasks to queue
[2026-02-28T22:00:51.846+0000] {logging_mixin.py:188} INFO - [2026-02-28T22:00:51.846+0000] {dagbag.py:545} INFO - Filling up the DagBag from /home/airflow/.local/lib/python3.12/site-packages/airflow/example_dags/example_python_operator.py
[2026-02-28T22:00:51.870+0000] {processor.py:840} INFO - DAG(s) 'example_python_operator' retrieved from /home/airflow/.local/lib/python3.12/site-packages/airflow/example_dags/example_python_operator.py
[2026-02-28T22:00:51.911+0000] {logging_mixin.py:188} INFO - [2026-02-28T22:00:51.910+0000] {dag.py:3096} INFO - Sync 1 DAGs
[2026-02-28T22:00:51.932+0000] {logging_mixin.py:188} INFO - [2026-02-28T22:00:51.931+0000] {dag.py:3954} INFO - Setting next_dagrun for example_python_operator to None, run_after=None
[2026-02-28T22:00:51.957+0000] {processor.py:183} INFO - Processing /home/airflow/.local/lib/python3.12/site-packages/airflow/example_dags/example_python_operator.py took 0.123 seconds
[2026-02-28T22:01:22.413+0000] {processor.py:161} INFO - Started process (PID=2439) to work on /home/airflow/.local/lib/python3.12/site-packages/airflow/example_dags/example_python_operator.py
[2026-02-28T22:01:22.417+0000] {processor.py:830} INFO - Processing file /home/airflow/.local/lib/python3.12/site-packages/airflow/example_dags/example_python_operator.py for tasks to queue
[2026-02-28T22:01:22.429+0000] {logging_mixin.py:188} INFO - [2026-02-28T22:01:22.428+0000] {dagbag.py:545} INFO - Filling up the DagBag from /home/airflow/.local/lib/python3.12/site-packages/airflow/example_dags/example_python_operator.py
[2026-02-28T22:01:22.462+0000] {processor.py:840} INFO - DAG(s) 'example_python_operator' retrieved from /home/airflow/.local/lib/python3.12/site-packages/airflow/example_dags/example_python_operator.py
[2026-02-28T22:01:22.507+0000] {logging_mixin.py:188} INFO - [2026-02-28T22:01:22.506+0000] {dag.py:3096} INFO - Sync 1 DAGs
[2026-02-28T22:01:22.532+0000] {logging_mixin.py:188} INFO - [2026-02-28T22:01:22.531+0000] {dag.py:3954} INFO - Setting next_dagrun for example_python_operator to None, run_after=None
[2026-02-28T22:01:22.558+0000] {processor.py:183} INFO - Processing /home/airflow/.local/lib/python3.12/site-packages/airflow/example_dags/example_python_operator.py took 0.166 seconds
[2026-02-28T22:01:53.375+0000] {processor.py:161} INFO - Started process (PID=2497) to work on /home/airflow/.local/lib/python3.12/site-packages/airflow/example_dags/example_python_operator.py
[2026-02-28T22:01:53.376+0000] {processor.py:830} INFO - Processing file /home/airflow/.local/lib/python3.12/site-packages/airflow/example_dags/example_python_operator.py for tasks to queue
[2026-02-28T22:01:53.379+0000] {logging_mixin.py:188} INFO - [2026-02-28T22:01:53.378+0000] {dagbag.py:545} INFO - Filling up the DagBag from /home/airflow/.local/lib/python3.12/site-packages/airflow/example_dags/example_python_operator.py
[2026-02-28T22:01:53.394+0000] {processor.py:840} INFO - DAG(s) 'example_python_operator' retrieved from /home/airflow/.local/lib/python3.12/site-packages/airflow/example_dags/example_python_operator.py
[2026-02-28T22:01:53.417+0000] {logging_mixin.py:188} INFO - [2026-02-28T22:01:53.417+0000] {dag.py:3096} INFO - Sync 1 DAGs
[2026-02-28T22:01:53.427+0000] {logging_mixin.py:188} INFO - [2026-02-28T22:01:53.427+0000] {dag.py:3954} INFO - Setting next_dagrun for example_python_operator to None, run_after=None
[2026-02-28T22:01:53.442+0000] {processor.py:183} INFO - Processing /home/airflow/.local/lib/python3.12/site-packages/airflow/example_dags/example_python_operator.py took 0.075 seconds
[2026-02-28T22:02:24.298+0000] {processor.py:161} INFO - Started process (PID=2555) to work on /home/airflow/.local/lib/python3.12/site-packages/airflow/example_dags/example_python_operator.py
[2026-02-28T22:02:24.299+0000] {processor.py:830} INFO - Processing file /home/airflow/.local/lib/python3.12/site-packages/airflow/example_dags/example_python_operator.py for tasks to queue
[2026-02-28T22:02:24.301+0000] {logging_mixin.py:188} INFO - [2026-02-28T22:02:24.300+0000] {dagbag.py:545} INFO - Filling up the DagBag from /home/airflow/.local/lib/python3.12/site-packages/airflow/example_dags/example_python_operator.py
[2026-02-28T22:02:24.316+0000] {processor.py:840} INFO - DAG(s) 'example_python_operator' retrieved from /home/airflow/.local/lib/python3.12/site-packages/airflow/example_dags/example_python_operator.py
[2026-02-28T22:02:24.347+0000] {logging_mixin.py:188} INFO - [2026-02-28T22:02:24.347+0000] {dag.py:3096} INFO - Sync 1 DAGs
[2026-02-28T22:02:24.357+0000] {logging_mixin.py:188} INFO - [2026-02-28T22:02:24.356+0000] {dag.py:3954} INFO - Setting next_dagrun for example_python_operator to None, run_after=None
[2026-02-28T22:02:24.373+0000] {processor.py:183} INFO - Processing /home/airflow/.local/lib/python3.12/site-packages/airflow/example_dags/example_python_operator.py took 0.081 seconds
[2026-02-28T22:02:54.800+0000] {processor.py:161} INFO - Started process (PID=2613) to work on /home/airflow/.local/lib/python3.12/site-packages/airflow/example_dags/example_python_operator.py
[2026-02-28T22:02:54.805+0000] {processor.py:830} INFO - Processing file /home/airflow/.local/lib/python3.12/site-packages/airflow/example_dags/example_python_operator.py for tasks to queue
[2026-02-28T22:02:54.816+0000] {logging_mixin.py:188} INFO - [2026-02-28T22:02:54.815+0000] {dagbag.py:545} INFO - Filling up the DagBag from /home/airflow/.local/lib/python3.12/site-packages/airflow/example_dags/example_python_operator.py
[2026-02-28T22:02:54.886+0000] {processor.py:840} INFO - DAG(s) 'example_python_operator' retrieved from /home/airflow/.local/lib/python3.12/site-packages/airflow/example_dags/example_python_operator.py
[2026-02-28T22:02:54.932+0000] {logging_mixin.py:188} INFO - [2026-02-28T22:02:54.931+0000] {dag.py:3096} INFO - Sync 1 DAGs
[2026-02-28T22:02:54.952+0000] {logging_mixin.py:188} INFO - [2026-02-28T22:02:54.952+0000] {dag.py:3954} INFO - Setting next_dagrun for example_python_operator to None, run_after=None
[2026-02-28T22:02:54.984+0000] {processor.py:183} INFO - Processing /home/airflow/.local/lib/python3.12/site-packages/airflow/example_dags/example_python_operator.py took 0.242 seconds
[2026-02-28T22:03:25.045+0000] {processor.py:161} INFO - Started process (PID=2670) to work on /home/airflow/.local/lib/python3.12/site-packages/airflow/example_dags/example_python_operator.py
[2026-02-28T22:03:25.049+0000] {processor.py:830} INFO - Processing file /home/airflow/.local/lib/python3.12/site-packages/airflow/example_dags/example_python_operator.py for tasks to queue
[2026-02-28T22:03:25.052+0000] {logging_mixin.py:188} INFO - [2026-02-28T22:03:25.052+0000] {dagbag.py:545} INFO - Filling up the DagBag from /home/airflow/.local/lib/python3.12/site-packages/airflow/example_dags/example_python_operator.py
[2026-02-28T22:03:25.068+0000] {processor.py:840} INFO - DAG(s) 'example_python_operator' retrieved from /home/airflow/.local/lib/python3.12/site-packages/airflow/example_dags/example_python_operator.py
[2026-02-28T22:03:25.089+0000] {logging_mixin.py:188} INFO - [2026-02-28T22:03:25.088+0000] {dag.py:3096} INFO - Sync 1 DAGs
[2026-02-28T22:03:25.097+0000] {logging_mixin.py:188} INFO - [2026-02-28T22:03:25.097+0000] {dag.py:3954} INFO - Setting next_dagrun for example_python_operator to None, run_after=None
[2026-02-28T22:03:25.112+0000] {processor.py:183} INFO - Processing /home/airflow/.local/lib/python3.12/site-packages/airflow/example_dags/example_python_operator.py took 0.079 seconds
[2026-02-28T22:03:55.989+0000] {processor.py:161} INFO - Started process (PID=2728) to work on /home/airflow/.local/lib/python3.12/site-packages/airflow/example_dags/example_python_operator.py
[2026-02-28T22:03:55.991+0000] {processor.py:830} INFO - Processing file /home/airflow/.local/lib/python3.12/site-packages/airflow/example_dags/example_python_operator.py for tasks to queue
[2026-02-28T22:03:55.994+0000] {logging_mixin.py:188} INFO - [2026-02-28T22:03:55.993+0000] {dagbag.py:545} INFO - Filling up the DagBag from /home/airflow/.local/lib/python3.12/site-packages/airflow/example_dags/example_python_operator.py
[2026-02-28T22:03:56.010+0000] {processor.py:840} INFO - DAG(s) 'example_python_operator' retrieved from /home/airflow/.local/lib/python3.12/site-packages/airflow/example_dags/example_python_operator.py
[2026-02-28T22:03:56.033+0000] {logging_mixin.py:188} INFO - [2026-02-28T22:03:56.032+0000] {dag.py:3096} INFO - Sync 1 DAGs
[2026-02-28T22:03:56.042+0000] {logging_mixin.py:188} INFO - [2026-02-28T22:03:56.041+0000] {dag.py:3954} INFO - Setting next_dagrun for example_python_operator to None, run_after=None
[2026-02-28T22:03:56.062+0000] {processor.py:183} INFO - Processing /home/airflow/.local/lib/python3.12/site-packages/airflow/example_dags/example_python_operator.py took 0.082 seconds
[2026-02-28T22:04:26.136+0000] {processor.py:161} INFO - Started process (PID=2786) to work on /home/airflow/.local/lib/python3.12/site-packages/airflow/example_dags/example_python_operator.py
[2026-02-28T22:04:26.141+0000] {processor.py:830} INFO - Processing file /home/airflow/.local/lib/python3.12/site-packages/airflow/example_dags/example_python_operator.py for tasks to queue
[2026-02-28T22:04:26.145+0000] {logging_mixin.py:188} INFO - [2026-02-28T22:04:26.144+0000] {dagbag.py:545} INFO - Filling up the DagBag from /home/airflow/.local/lib/python3.12/site-packages/airflow/example_dags/example_python_operator.py
[2026-02-28T22:04:26.159+0000] {processor.py:840} INFO - DAG(s) 'example_python_operator' retrieved from /home/airflow/.local/lib/python3.12/site-packages/airflow/example_dags/example_python_operator.py
[2026-02-28T22:04:26.183+0000] {logging_mixin.py:188} INFO - [2026-02-28T22:04:26.182+0000] {dag.py:3096} INFO - Sync 1 DAGs
[2026-02-28T22:04:26.195+0000] {logging_mixin.py:188} INFO - [2026-02-28T22:04:26.195+0000] {dag.py:3954} INFO - Setting next_dagrun for example_python_operator to None, run_after=None
[2026-02-28T22:04:26.210+0000] {processor.py:183} INFO - Processing /home/airflow/.local/lib/python3.12/site-packages/airflow/example_dags/example_python_operator.py took 0.081 seconds
