[2026-02-28T21:40:03.825+0000] {processor.py:161} INFO - Started process (PID=75) to work on /home/airflow/.local/lib/python3.12/site-packages/airflow/example_dags/example_task_group.py
[2026-02-28T21:40:03.830+0000] {processor.py:830} INFO - Processing file /home/airflow/.local/lib/python3.12/site-packages/airflow/example_dags/example_task_group.py for tasks to queue
[2026-02-28T21:40:03.844+0000] {logging_mixin.py:188} INFO - [2026-02-28T21:40:03.840+0000] {dagbag.py:545} INFO - Filling up the DagBag from /home/airflow/.local/lib/python3.12/site-packages/airflow/example_dags/example_task_group.py
[2026-02-28T21:40:03.892+0000] {processor.py:840} INFO - DAG(s) 'example_task_group' retrieved from /home/airflow/.local/lib/python3.12/site-packages/airflow/example_dags/example_task_group.py
[2026-02-28T21:40:03.921+0000] {logging_mixin.py:188} INFO - [2026-02-28T21:40:03.921+0000] {dag.py:3096} INFO - Sync 1 DAGs
[2026-02-28T21:40:03.959+0000] {logging_mixin.py:188} INFO - [2026-02-28T21:40:03.958+0000] {dag.py:3954} INFO - Setting next_dagrun for example_task_group to 2026-02-27 00:00:00+00:00, run_after=2026-02-28 00:00:00+00:00
[2026-02-28T21:40:03.996+0000] {processor.py:183} INFO - Processing /home/airflow/.local/lib/python3.12/site-packages/airflow/example_dags/example_task_group.py took 0.186 seconds
[2026-02-28T21:40:34.914+0000] {processor.py:161} INFO - Started process (PID=133) to work on /home/airflow/.local/lib/python3.12/site-packages/airflow/example_dags/example_task_group.py
[2026-02-28T21:40:34.915+0000] {processor.py:830} INFO - Processing file /home/airflow/.local/lib/python3.12/site-packages/airflow/example_dags/example_task_group.py for tasks to queue
[2026-02-28T21:40:34.916+0000] {logging_mixin.py:188} INFO - [2026-02-28T21:40:34.916+0000] {dagbag.py:545} INFO - Filling up the DagBag from /home/airflow/.local/lib/python3.12/site-packages/airflow/example_dags/example_task_group.py
[2026-02-28T21:40:34.920+0000] {processor.py:840} INFO - DAG(s) 'example_task_group' retrieved from /home/airflow/.local/lib/python3.12/site-packages/airflow/example_dags/example_task_group.py
[2026-02-28T21:40:34.975+0000] {logging_mixin.py:188} INFO - [2026-02-28T21:40:34.974+0000] {dag.py:3096} INFO - Sync 1 DAGs
[2026-02-28T21:40:34.984+0000] {logging_mixin.py:188} INFO - [2026-02-28T21:40:34.984+0000] {dag.py:3954} INFO - Setting next_dagrun for example_task_group to 2026-02-27 00:00:00+00:00, run_after=2026-02-28 00:00:00+00:00
[2026-02-28T21:40:35.001+0000] {processor.py:183} INFO - Processing /home/airflow/.local/lib/python3.12/site-packages/airflow/example_dags/example_task_group.py took 0.091 seconds
[2026-02-28T21:41:06.101+0000] {processor.py:161} INFO - Started process (PID=191) to work on /home/airflow/.local/lib/python3.12/site-packages/airflow/example_dags/example_task_group.py
[2026-02-28T21:41:06.105+0000] {processor.py:830} INFO - Processing file /home/airflow/.local/lib/python3.12/site-packages/airflow/example_dags/example_task_group.py for tasks to queue
[2026-02-28T21:41:06.107+0000] {logging_mixin.py:188} INFO - [2026-02-28T21:41:06.106+0000] {dagbag.py:545} INFO - Filling up the DagBag from /home/airflow/.local/lib/python3.12/site-packages/airflow/example_dags/example_task_group.py
[2026-02-28T21:41:06.113+0000] {processor.py:840} INFO - DAG(s) 'example_task_group' retrieved from /home/airflow/.local/lib/python3.12/site-packages/airflow/example_dags/example_task_group.py
[2026-02-28T21:41:06.148+0000] {logging_mixin.py:188} INFO - [2026-02-28T21:41:06.148+0000] {dag.py:3096} INFO - Sync 1 DAGs
[2026-02-28T21:41:06.162+0000] {logging_mixin.py:188} INFO - [2026-02-28T21:41:06.162+0000] {dag.py:3954} INFO - Setting next_dagrun for example_task_group to 2026-02-27 00:00:00+00:00, run_after=2026-02-28 00:00:00+00:00
[2026-02-28T21:41:06.178+0000] {processor.py:183} INFO - Processing /home/airflow/.local/lib/python3.12/site-packages/airflow/example_dags/example_task_group.py took 0.083 seconds
[2026-02-28T21:41:36.576+0000] {processor.py:161} INFO - Started process (PID=249) to work on /home/airflow/.local/lib/python3.12/site-packages/airflow/example_dags/example_task_group.py
[2026-02-28T21:41:36.578+0000] {processor.py:830} INFO - Processing file /home/airflow/.local/lib/python3.12/site-packages/airflow/example_dags/example_task_group.py for tasks to queue
[2026-02-28T21:41:36.579+0000] {logging_mixin.py:188} INFO - [2026-02-28T21:41:36.579+0000] {dagbag.py:545} INFO - Filling up the DagBag from /home/airflow/.local/lib/python3.12/site-packages/airflow/example_dags/example_task_group.py
[2026-02-28T21:41:36.591+0000] {processor.py:840} INFO - DAG(s) 'example_task_group' retrieved from /home/airflow/.local/lib/python3.12/site-packages/airflow/example_dags/example_task_group.py
[2026-02-28T21:41:36.608+0000] {logging_mixin.py:188} INFO - [2026-02-28T21:41:36.608+0000] {dag.py:3096} INFO - Sync 1 DAGs
[2026-02-28T21:41:36.626+0000] {logging_mixin.py:188} INFO - [2026-02-28T21:41:36.626+0000] {dag.py:3954} INFO - Setting next_dagrun for example_task_group to 2026-02-27 00:00:00+00:00, run_after=2026-02-28 00:00:00+00:00
[2026-02-28T21:41:36.646+0000] {processor.py:183} INFO - Processing /home/airflow/.local/lib/python3.12/site-packages/airflow/example_dags/example_task_group.py took 0.074 seconds
[2026-02-28T21:42:06.961+0000] {processor.py:161} INFO - Started process (PID=307) to work on /home/airflow/.local/lib/python3.12/site-packages/airflow/example_dags/example_task_group.py
[2026-02-28T21:42:06.963+0000] {processor.py:830} INFO - Processing file /home/airflow/.local/lib/python3.12/site-packages/airflow/example_dags/example_task_group.py for tasks to queue
[2026-02-28T21:42:06.965+0000] {logging_mixin.py:188} INFO - [2026-02-28T21:42:06.965+0000] {dagbag.py:545} INFO - Filling up the DagBag from /home/airflow/.local/lib/python3.12/site-packages/airflow/example_dags/example_task_group.py
[2026-02-28T21:42:06.969+0000] {processor.py:840} INFO - DAG(s) 'example_task_group' retrieved from /home/airflow/.local/lib/python3.12/site-packages/airflow/example_dags/example_task_group.py
[2026-02-28T21:42:06.981+0000] {logging_mixin.py:188} INFO - [2026-02-28T21:42:06.981+0000] {dag.py:3096} INFO - Sync 1 DAGs
[2026-02-28T21:42:06.994+0000] {logging_mixin.py:188} INFO - [2026-02-28T21:42:06.994+0000] {dag.py:3954} INFO - Setting next_dagrun for example_task_group to 2026-02-27 00:00:00+00:00, run_after=2026-02-28 00:00:00+00:00
[2026-02-28T21:42:07.007+0000] {processor.py:183} INFO - Processing /home/airflow/.local/lib/python3.12/site-packages/airflow/example_dags/example_task_group.py took 0.048 seconds
[2026-02-28T21:42:37.284+0000] {processor.py:161} INFO - Started process (PID=366) to work on /home/airflow/.local/lib/python3.12/site-packages/airflow/example_dags/example_task_group.py
[2026-02-28T21:42:37.285+0000] {processor.py:830} INFO - Processing file /home/airflow/.local/lib/python3.12/site-packages/airflow/example_dags/example_task_group.py for tasks to queue
[2026-02-28T21:42:37.287+0000] {logging_mixin.py:188} INFO - [2026-02-28T21:42:37.286+0000] {dagbag.py:545} INFO - Filling up the DagBag from /home/airflow/.local/lib/python3.12/site-packages/airflow/example_dags/example_task_group.py
[2026-02-28T21:42:37.290+0000] {processor.py:840} INFO - DAG(s) 'example_task_group' retrieved from /home/airflow/.local/lib/python3.12/site-packages/airflow/example_dags/example_task_group.py
[2026-02-28T21:42:37.303+0000] {logging_mixin.py:188} INFO - [2026-02-28T21:42:37.303+0000] {dag.py:3096} INFO - Sync 1 DAGs
[2026-02-28T21:42:37.314+0000] {logging_mixin.py:188} INFO - [2026-02-28T21:42:37.314+0000] {dag.py:3954} INFO - Setting next_dagrun for example_task_group to 2026-02-27 00:00:00+00:00, run_after=2026-02-28 00:00:00+00:00
[2026-02-28T21:42:37.326+0000] {processor.py:183} INFO - Processing /home/airflow/.local/lib/python3.12/site-packages/airflow/example_dags/example_task_group.py took 0.045 seconds
[2026-02-28T21:43:08.037+0000] {processor.py:161} INFO - Started process (PID=424) to work on /home/airflow/.local/lib/python3.12/site-packages/airflow/example_dags/example_task_group.py
[2026-02-28T21:43:08.038+0000] {processor.py:830} INFO - Processing file /home/airflow/.local/lib/python3.12/site-packages/airflow/example_dags/example_task_group.py for tasks to queue
[2026-02-28T21:43:08.039+0000] {logging_mixin.py:188} INFO - [2026-02-28T21:43:08.039+0000] {dagbag.py:545} INFO - Filling up the DagBag from /home/airflow/.local/lib/python3.12/site-packages/airflow/example_dags/example_task_group.py
[2026-02-28T21:43:08.043+0000] {processor.py:840} INFO - DAG(s) 'example_task_group' retrieved from /home/airflow/.local/lib/python3.12/site-packages/airflow/example_dags/example_task_group.py
[2026-02-28T21:43:08.063+0000] {logging_mixin.py:188} INFO - [2026-02-28T21:43:08.063+0000] {dag.py:3096} INFO - Sync 1 DAGs
[2026-02-28T21:43:08.077+0000] {logging_mixin.py:188} INFO - [2026-02-28T21:43:08.077+0000] {dag.py:3954} INFO - Setting next_dagrun for example_task_group to 2026-02-27 00:00:00+00:00, run_after=2026-02-28 00:00:00+00:00
[2026-02-28T21:43:08.093+0000] {processor.py:183} INFO - Processing /home/airflow/.local/lib/python3.12/site-packages/airflow/example_dags/example_task_group.py took 0.060 seconds
[2026-02-28T21:43:38.337+0000] {processor.py:161} INFO - Started process (PID=482) to work on /home/airflow/.local/lib/python3.12/site-packages/airflow/example_dags/example_task_group.py
[2026-02-28T21:43:38.339+0000] {processor.py:830} INFO - Processing file /home/airflow/.local/lib/python3.12/site-packages/airflow/example_dags/example_task_group.py for tasks to queue
[2026-02-28T21:43:38.341+0000] {logging_mixin.py:188} INFO - [2026-02-28T21:43:38.340+0000] {dagbag.py:545} INFO - Filling up the DagBag from /home/airflow/.local/lib/python3.12/site-packages/airflow/example_dags/example_task_group.py
[2026-02-28T21:43:38.345+0000] {processor.py:840} INFO - DAG(s) 'example_task_group' retrieved from /home/airflow/.local/lib/python3.12/site-packages/airflow/example_dags/example_task_group.py
[2026-02-28T21:43:38.361+0000] {logging_mixin.py:188} INFO - [2026-02-28T21:43:38.361+0000] {dag.py:3096} INFO - Sync 1 DAGs
[2026-02-28T21:43:38.372+0000] {logging_mixin.py:188} INFO - [2026-02-28T21:43:38.372+0000] {dag.py:3954} INFO - Setting next_dagrun for example_task_group to 2026-02-27 00:00:00+00:00, run_after=2026-02-28 00:00:00+00:00
[2026-02-28T21:43:38.387+0000] {processor.py:183} INFO - Processing /home/airflow/.local/lib/python3.12/site-packages/airflow/example_dags/example_task_group.py took 0.053 seconds
[2026-02-28T21:44:43.375+0000] {processor.py:161} INFO - Started process (PID=540) to work on /home/airflow/.local/lib/python3.12/site-packages/airflow/example_dags/example_task_group.py
[2026-02-28T21:44:43.376+0000] {processor.py:830} INFO - Processing file /home/airflow/.local/lib/python3.12/site-packages/airflow/example_dags/example_task_group.py for tasks to queue
[2026-02-28T21:44:43.378+0000] {logging_mixin.py:188} INFO - [2026-02-28T21:44:43.377+0000] {dagbag.py:545} INFO - Filling up the DagBag from /home/airflow/.local/lib/python3.12/site-packages/airflow/example_dags/example_task_group.py
[2026-02-28T21:44:43.385+0000] {processor.py:840} INFO - DAG(s) 'example_task_group' retrieved from /home/airflow/.local/lib/python3.12/site-packages/airflow/example_dags/example_task_group.py
[2026-02-28T21:44:43.404+0000] {logging_mixin.py:188} INFO - [2026-02-28T21:44:43.403+0000] {dag.py:3096} INFO - Sync 1 DAGs
[2026-02-28T21:44:43.421+0000] {logging_mixin.py:188} INFO - [2026-02-28T21:44:43.421+0000] {dag.py:3954} INFO - Setting next_dagrun for example_task_group to 2026-02-27 00:00:00+00:00, run_after=2026-02-28 00:00:00+00:00
[2026-02-28T21:44:43.433+0000] {processor.py:183} INFO - Processing /home/airflow/.local/lib/python3.12/site-packages/airflow/example_dags/example_task_group.py took 0.062 seconds
[2026-02-28T21:45:14.026+0000] {processor.py:161} INFO - Started process (PID=598) to work on /home/airflow/.local/lib/python3.12/site-packages/airflow/example_dags/example_task_group.py
[2026-02-28T21:45:14.027+0000] {processor.py:830} INFO - Processing file /home/airflow/.local/lib/python3.12/site-packages/airflow/example_dags/example_task_group.py for tasks to queue
[2026-02-28T21:45:14.028+0000] {logging_mixin.py:188} INFO - [2026-02-28T21:45:14.028+0000] {dagbag.py:545} INFO - Filling up the DagBag from /home/airflow/.local/lib/python3.12/site-packages/airflow/example_dags/example_task_group.py
[2026-02-28T21:45:14.032+0000] {processor.py:840} INFO - DAG(s) 'example_task_group' retrieved from /home/airflow/.local/lib/python3.12/site-packages/airflow/example_dags/example_task_group.py
[2026-02-28T21:45:14.042+0000] {logging_mixin.py:188} INFO - [2026-02-28T21:45:14.042+0000] {dag.py:3096} INFO - Sync 1 DAGs
[2026-02-28T21:45:14.051+0000] {logging_mixin.py:188} INFO - [2026-02-28T21:45:14.051+0000] {dag.py:3954} INFO - Setting next_dagrun for example_task_group to 2026-02-27 00:00:00+00:00, run_after=2026-02-28 00:00:00+00:00
[2026-02-28T21:45:14.060+0000] {processor.py:183} INFO - Processing /home/airflow/.local/lib/python3.12/site-packages/airflow/example_dags/example_task_group.py took 0.036 seconds
[2026-02-28T21:45:44.374+0000] {processor.py:161} INFO - Started process (PID=656) to work on /home/airflow/.local/lib/python3.12/site-packages/airflow/example_dags/example_task_group.py
[2026-02-28T21:45:44.375+0000] {processor.py:830} INFO - Processing file /home/airflow/.local/lib/python3.12/site-packages/airflow/example_dags/example_task_group.py for tasks to queue
[2026-02-28T21:45:44.376+0000] {logging_mixin.py:188} INFO - [2026-02-28T21:45:44.376+0000] {dagbag.py:545} INFO - Filling up the DagBag from /home/airflow/.local/lib/python3.12/site-packages/airflow/example_dags/example_task_group.py
[2026-02-28T21:45:44.380+0000] {processor.py:840} INFO - DAG(s) 'example_task_group' retrieved from /home/airflow/.local/lib/python3.12/site-packages/airflow/example_dags/example_task_group.py
[2026-02-28T21:45:44.389+0000] {logging_mixin.py:188} INFO - [2026-02-28T21:45:44.389+0000] {dag.py:3096} INFO - Sync 1 DAGs
[2026-02-28T21:45:44.399+0000] {logging_mixin.py:188} INFO - [2026-02-28T21:45:44.399+0000] {dag.py:3954} INFO - Setting next_dagrun for example_task_group to 2026-02-27 00:00:00+00:00, run_after=2026-02-28 00:00:00+00:00
[2026-02-28T21:45:44.406+0000] {processor.py:183} INFO - Processing /home/airflow/.local/lib/python3.12/site-packages/airflow/example_dags/example_task_group.py took 0.035 seconds
[2026-02-28T21:46:15.053+0000] {processor.py:161} INFO - Started process (PID=714) to work on /home/airflow/.local/lib/python3.12/site-packages/airflow/example_dags/example_task_group.py
[2026-02-28T21:46:15.054+0000] {processor.py:830} INFO - Processing file /home/airflow/.local/lib/python3.12/site-packages/airflow/example_dags/example_task_group.py for tasks to queue
[2026-02-28T21:46:15.056+0000] {logging_mixin.py:188} INFO - [2026-02-28T21:46:15.056+0000] {dagbag.py:545} INFO - Filling up the DagBag from /home/airflow/.local/lib/python3.12/site-packages/airflow/example_dags/example_task_group.py
[2026-02-28T21:46:15.065+0000] {processor.py:840} INFO - DAG(s) 'example_task_group' retrieved from /home/airflow/.local/lib/python3.12/site-packages/airflow/example_dags/example_task_group.py
[2026-02-28T21:46:15.080+0000] {logging_mixin.py:188} INFO - [2026-02-28T21:46:15.080+0000] {dag.py:3096} INFO - Sync 1 DAGs
[2026-02-28T21:46:15.100+0000] {logging_mixin.py:188} INFO - [2026-02-28T21:46:15.100+0000] {dag.py:3954} INFO - Setting next_dagrun for example_task_group to 2026-02-27 00:00:00+00:00, run_after=2026-02-28 00:00:00+00:00
[2026-02-28T21:46:15.115+0000] {processor.py:183} INFO - Processing /home/airflow/.local/lib/python3.12/site-packages/airflow/example_dags/example_task_group.py took 0.075 seconds
[2026-02-28T21:46:45.678+0000] {processor.py:161} INFO - Started process (PID=772) to work on /home/airflow/.local/lib/python3.12/site-packages/airflow/example_dags/example_task_group.py
[2026-02-28T21:46:45.681+0000] {processor.py:830} INFO - Processing file /home/airflow/.local/lib/python3.12/site-packages/airflow/example_dags/example_task_group.py for tasks to queue
[2026-02-28T21:46:45.682+0000] {logging_mixin.py:188} INFO - [2026-02-28T21:46:45.682+0000] {dagbag.py:545} INFO - Filling up the DagBag from /home/airflow/.local/lib/python3.12/site-packages/airflow/example_dags/example_task_group.py
[2026-02-28T21:46:45.686+0000] {processor.py:840} INFO - DAG(s) 'example_task_group' retrieved from /home/airflow/.local/lib/python3.12/site-packages/airflow/example_dags/example_task_group.py
[2026-02-28T21:46:45.702+0000] {logging_mixin.py:188} INFO - [2026-02-28T21:46:45.702+0000] {dag.py:3096} INFO - Sync 1 DAGs
[2026-02-28T21:46:45.712+0000] {logging_mixin.py:188} INFO - [2026-02-28T21:46:45.712+0000] {dag.py:3954} INFO - Setting next_dagrun for example_task_group to 2026-02-27 00:00:00+00:00, run_after=2026-02-28 00:00:00+00:00
[2026-02-28T21:46:45.727+0000] {processor.py:183} INFO - Processing /home/airflow/.local/lib/python3.12/site-packages/airflow/example_dags/example_task_group.py took 0.051 seconds
[2026-02-28T21:47:16.667+0000] {processor.py:161} INFO - Started process (PID=830) to work on /home/airflow/.local/lib/python3.12/site-packages/airflow/example_dags/example_task_group.py
[2026-02-28T21:47:16.668+0000] {processor.py:830} INFO - Processing file /home/airflow/.local/lib/python3.12/site-packages/airflow/example_dags/example_task_group.py for tasks to queue
[2026-02-28T21:47:16.669+0000] {logging_mixin.py:188} INFO - [2026-02-28T21:47:16.669+0000] {dagbag.py:545} INFO - Filling up the DagBag from /home/airflow/.local/lib/python3.12/site-packages/airflow/example_dags/example_task_group.py
[2026-02-28T21:47:16.674+0000] {processor.py:840} INFO - DAG(s) 'example_task_group' retrieved from /home/airflow/.local/lib/python3.12/site-packages/airflow/example_dags/example_task_group.py
[2026-02-28T21:47:16.685+0000] {logging_mixin.py:188} INFO - [2026-02-28T21:47:16.685+0000] {dag.py:3096} INFO - Sync 1 DAGs
[2026-02-28T21:47:16.694+0000] {logging_mixin.py:188} INFO - [2026-02-28T21:47:16.694+0000] {dag.py:3954} INFO - Setting next_dagrun for example_task_group to 2026-02-27 00:00:00+00:00, run_after=2026-02-28 00:00:00+00:00
[2026-02-28T21:47:16.702+0000] {processor.py:183} INFO - Processing /home/airflow/.local/lib/python3.12/site-packages/airflow/example_dags/example_task_group.py took 0.039 seconds
[2026-02-28T21:47:47.558+0000] {processor.py:161} INFO - Started process (PID=888) to work on /home/airflow/.local/lib/python3.12/site-packages/airflow/example_dags/example_task_group.py
[2026-02-28T21:47:47.559+0000] {processor.py:830} INFO - Processing file /home/airflow/.local/lib/python3.12/site-packages/airflow/example_dags/example_task_group.py for tasks to queue
[2026-02-28T21:47:47.560+0000] {logging_mixin.py:188} INFO - [2026-02-28T21:47:47.560+0000] {dagbag.py:545} INFO - Filling up the DagBag from /home/airflow/.local/lib/python3.12/site-packages/airflow/example_dags/example_task_group.py
[2026-02-28T21:47:47.564+0000] {processor.py:840} INFO - DAG(s) 'example_task_group' retrieved from /home/airflow/.local/lib/python3.12/site-packages/airflow/example_dags/example_task_group.py
[2026-02-28T21:47:47.574+0000] {logging_mixin.py:188} INFO - [2026-02-28T21:47:47.574+0000] {dag.py:3096} INFO - Sync 1 DAGs
[2026-02-28T21:47:47.583+0000] {logging_mixin.py:188} INFO - [2026-02-28T21:47:47.583+0000] {dag.py:3954} INFO - Setting next_dagrun for example_task_group to 2026-02-27 00:00:00+00:00, run_after=2026-02-28 00:00:00+00:00
[2026-02-28T21:47:47.591+0000] {processor.py:183} INFO - Processing /home/airflow/.local/lib/python3.12/site-packages/airflow/example_dags/example_task_group.py took 0.036 seconds
[2026-02-28T21:48:18.505+0000] {processor.py:161} INFO - Started process (PID=946) to work on /home/airflow/.local/lib/python3.12/site-packages/airflow/example_dags/example_task_group.py
[2026-02-28T21:48:18.507+0000] {processor.py:830} INFO - Processing file /home/airflow/.local/lib/python3.12/site-packages/airflow/example_dags/example_task_group.py for tasks to queue
[2026-02-28T21:48:18.508+0000] {logging_mixin.py:188} INFO - [2026-02-28T21:48:18.508+0000] {dagbag.py:545} INFO - Filling up the DagBag from /home/airflow/.local/lib/python3.12/site-packages/airflow/example_dags/example_task_group.py
[2026-02-28T21:48:18.513+0000] {processor.py:840} INFO - DAG(s) 'example_task_group' retrieved from /home/airflow/.local/lib/python3.12/site-packages/airflow/example_dags/example_task_group.py
[2026-02-28T21:48:18.528+0000] {logging_mixin.py:188} INFO - [2026-02-28T21:48:18.528+0000] {dag.py:3096} INFO - Sync 1 DAGs
[2026-02-28T21:48:18.540+0000] {logging_mixin.py:188} INFO - [2026-02-28T21:48:18.540+0000] {dag.py:3954} INFO - Setting next_dagrun for example_task_group to 2026-02-27 00:00:00+00:00, run_after=2026-02-28 00:00:00+00:00
[2026-02-28T21:48:18.553+0000] {processor.py:183} INFO - Processing /home/airflow/.local/lib/python3.12/site-packages/airflow/example_dags/example_task_group.py took 0.051 seconds
[2026-02-28T21:48:49.512+0000] {processor.py:161} INFO - Started process (PID=1004) to work on /home/airflow/.local/lib/python3.12/site-packages/airflow/example_dags/example_task_group.py
[2026-02-28T21:48:49.513+0000] {processor.py:830} INFO - Processing file /home/airflow/.local/lib/python3.12/site-packages/airflow/example_dags/example_task_group.py for tasks to queue
[2026-02-28T21:48:49.515+0000] {logging_mixin.py:188} INFO - [2026-02-28T21:48:49.515+0000] {dagbag.py:545} INFO - Filling up the DagBag from /home/airflow/.local/lib/python3.12/site-packages/airflow/example_dags/example_task_group.py
[2026-02-28T21:48:49.520+0000] {processor.py:840} INFO - DAG(s) 'example_task_group' retrieved from /home/airflow/.local/lib/python3.12/site-packages/airflow/example_dags/example_task_group.py
[2026-02-28T21:48:49.542+0000] {logging_mixin.py:188} INFO - [2026-02-28T21:48:49.541+0000] {dag.py:3096} INFO - Sync 1 DAGs
[2026-02-28T21:48:49.574+0000] {logging_mixin.py:188} INFO - [2026-02-28T21:48:49.574+0000] {dag.py:3954} INFO - Setting next_dagrun for example_task_group to 2026-02-27 00:00:00+00:00, run_after=2026-02-28 00:00:00+00:00
[2026-02-28T21:48:49.603+0000] {processor.py:183} INFO - Processing /home/airflow/.local/lib/python3.12/site-packages/airflow/example_dags/example_task_group.py took 0.094 seconds
[2026-02-28T21:49:20.339+0000] {processor.py:161} INFO - Started process (PID=1062) to work on /home/airflow/.local/lib/python3.12/site-packages/airflow/example_dags/example_task_group.py
[2026-02-28T21:49:20.340+0000] {processor.py:830} INFO - Processing file /home/airflow/.local/lib/python3.12/site-packages/airflow/example_dags/example_task_group.py for tasks to queue
[2026-02-28T21:49:20.341+0000] {logging_mixin.py:188} INFO - [2026-02-28T21:49:20.341+0000] {dagbag.py:545} INFO - Filling up the DagBag from /home/airflow/.local/lib/python3.12/site-packages/airflow/example_dags/example_task_group.py
[2026-02-28T21:49:20.354+0000] {processor.py:840} INFO - DAG(s) 'example_task_group' retrieved from /home/airflow/.local/lib/python3.12/site-packages/airflow/example_dags/example_task_group.py
[2026-02-28T21:49:20.373+0000] {logging_mixin.py:188} INFO - [2026-02-28T21:49:20.373+0000] {dag.py:3096} INFO - Sync 1 DAGs
[2026-02-28T21:49:20.391+0000] {logging_mixin.py:188} INFO - [2026-02-28T21:49:20.391+0000] {dag.py:3954} INFO - Setting next_dagrun for example_task_group to 2026-02-27 00:00:00+00:00, run_after=2026-02-28 00:00:00+00:00
[2026-02-28T21:49:20.415+0000] {processor.py:183} INFO - Processing /home/airflow/.local/lib/python3.12/site-packages/airflow/example_dags/example_task_group.py took 0.081 seconds
[2026-02-28T21:49:51.575+0000] {processor.py:161} INFO - Started process (PID=1120) to work on /home/airflow/.local/lib/python3.12/site-packages/airflow/example_dags/example_task_group.py
[2026-02-28T21:49:51.581+0000] {processor.py:830} INFO - Processing file /home/airflow/.local/lib/python3.12/site-packages/airflow/example_dags/example_task_group.py for tasks to queue
[2026-02-28T21:49:51.583+0000] {logging_mixin.py:188} INFO - [2026-02-28T21:49:51.583+0000] {dagbag.py:545} INFO - Filling up the DagBag from /home/airflow/.local/lib/python3.12/site-packages/airflow/example_dags/example_task_group.py
[2026-02-28T21:49:51.599+0000] {processor.py:840} INFO - DAG(s) 'example_task_group' retrieved from /home/airflow/.local/lib/python3.12/site-packages/airflow/example_dags/example_task_group.py
[2026-02-28T21:49:51.685+0000] {logging_mixin.py:188} INFO - [2026-02-28T21:49:51.684+0000] {dag.py:3096} INFO - Sync 1 DAGs
[2026-02-28T21:49:51.753+0000] {logging_mixin.py:188} INFO - [2026-02-28T21:49:51.752+0000] {dag.py:3954} INFO - Setting next_dagrun for example_task_group to 2026-02-27 00:00:00+00:00, run_after=2026-02-28 00:00:00+00:00
[2026-02-28T21:49:51.828+0000] {processor.py:183} INFO - Processing /home/airflow/.local/lib/python3.12/site-packages/airflow/example_dags/example_task_group.py took 0.268 seconds
[2026-02-28T21:50:22.788+0000] {processor.py:161} INFO - Started process (PID=1178) to work on /home/airflow/.local/lib/python3.12/site-packages/airflow/example_dags/example_task_group.py
[2026-02-28T21:50:22.792+0000] {processor.py:830} INFO - Processing file /home/airflow/.local/lib/python3.12/site-packages/airflow/example_dags/example_task_group.py for tasks to queue
[2026-02-28T21:50:22.796+0000] {logging_mixin.py:188} INFO - [2026-02-28T21:50:22.796+0000] {dagbag.py:545} INFO - Filling up the DagBag from /home/airflow/.local/lib/python3.12/site-packages/airflow/example_dags/example_task_group.py
[2026-02-28T21:50:22.821+0000] {processor.py:840} INFO - DAG(s) 'example_task_group' retrieved from /home/airflow/.local/lib/python3.12/site-packages/airflow/example_dags/example_task_group.py
[2026-02-28T21:50:22.892+0000] {logging_mixin.py:188} INFO - [2026-02-28T21:50:22.892+0000] {dag.py:3096} INFO - Sync 1 DAGs
[2026-02-28T21:50:22.935+0000] {logging_mixin.py:188} INFO - [2026-02-28T21:50:22.934+0000] {dag.py:3954} INFO - Setting next_dagrun for example_task_group to 2026-02-27 00:00:00+00:00, run_after=2026-02-28 00:00:00+00:00
[2026-02-28T21:50:22.965+0000] {processor.py:183} INFO - Processing /home/airflow/.local/lib/python3.12/site-packages/airflow/example_dags/example_task_group.py took 0.198 seconds
[2026-02-28T21:50:53.192+0000] {processor.py:161} INFO - Started process (PID=1236) to work on /home/airflow/.local/lib/python3.12/site-packages/airflow/example_dags/example_task_group.py
[2026-02-28T21:50:53.196+0000] {processor.py:830} INFO - Processing file /home/airflow/.local/lib/python3.12/site-packages/airflow/example_dags/example_task_group.py for tasks to queue
[2026-02-28T21:50:53.204+0000] {logging_mixin.py:188} INFO - [2026-02-28T21:50:53.203+0000] {dagbag.py:545} INFO - Filling up the DagBag from /home/airflow/.local/lib/python3.12/site-packages/airflow/example_dags/example_task_group.py
[2026-02-28T21:50:53.222+0000] {processor.py:840} INFO - DAG(s) 'example_task_group' retrieved from /home/airflow/.local/lib/python3.12/site-packages/airflow/example_dags/example_task_group.py
[2026-02-28T21:50:53.253+0000] {logging_mixin.py:188} INFO - [2026-02-28T21:50:53.253+0000] {dag.py:3096} INFO - Sync 1 DAGs
[2026-02-28T21:50:53.277+0000] {logging_mixin.py:188} INFO - [2026-02-28T21:50:53.277+0000] {dag.py:3954} INFO - Setting next_dagrun for example_task_group to 2026-02-27 00:00:00+00:00, run_after=2026-02-28 00:00:00+00:00
[2026-02-28T21:50:53.302+0000] {processor.py:183} INFO - Processing /home/airflow/.local/lib/python3.12/site-packages/airflow/example_dags/example_task_group.py took 0.118 seconds
[2026-02-28T21:51:23.427+0000] {processor.py:161} INFO - Started process (PID=1294) to work on /home/airflow/.local/lib/python3.12/site-packages/airflow/example_dags/example_task_group.py
[2026-02-28T21:51:23.430+0000] {processor.py:830} INFO - Processing file /home/airflow/.local/lib/python3.12/site-packages/airflow/example_dags/example_task_group.py for tasks to queue
[2026-02-28T21:51:23.432+0000] {logging_mixin.py:188} INFO - [2026-02-28T21:51:23.432+0000] {dagbag.py:545} INFO - Filling up the DagBag from /home/airflow/.local/lib/python3.12/site-packages/airflow/example_dags/example_task_group.py
[2026-02-28T21:51:23.443+0000] {processor.py:840} INFO - DAG(s) 'example_task_group' retrieved from /home/airflow/.local/lib/python3.12/site-packages/airflow/example_dags/example_task_group.py
[2026-02-28T21:51:23.463+0000] {logging_mixin.py:188} INFO - [2026-02-28T21:51:23.463+0000] {dag.py:3096} INFO - Sync 1 DAGs
[2026-02-28T21:51:23.481+0000] {logging_mixin.py:188} INFO - [2026-02-28T21:51:23.481+0000] {dag.py:3954} INFO - Setting next_dagrun for example_task_group to 2026-02-27 00:00:00+00:00, run_after=2026-02-28 00:00:00+00:00
[2026-02-28T21:51:23.500+0000] {processor.py:183} INFO - Processing /home/airflow/.local/lib/python3.12/site-packages/airflow/example_dags/example_task_group.py took 0.083 seconds
[2026-02-28T21:51:54.376+0000] {processor.py:161} INFO - Started process (PID=1352) to work on /home/airflow/.local/lib/python3.12/site-packages/airflow/example_dags/example_task_group.py
[2026-02-28T21:51:54.377+0000] {processor.py:830} INFO - Processing file /home/airflow/.local/lib/python3.12/site-packages/airflow/example_dags/example_task_group.py for tasks to queue
[2026-02-28T21:51:54.380+0000] {logging_mixin.py:188} INFO - [2026-02-28T21:51:54.379+0000] {dagbag.py:545} INFO - Filling up the DagBag from /home/airflow/.local/lib/python3.12/site-packages/airflow/example_dags/example_task_group.py
[2026-02-28T21:51:54.389+0000] {processor.py:840} INFO - DAG(s) 'example_task_group' retrieved from /home/airflow/.local/lib/python3.12/site-packages/airflow/example_dags/example_task_group.py
[2026-02-28T21:51:54.416+0000] {logging_mixin.py:188} INFO - [2026-02-28T21:51:54.416+0000] {dag.py:3096} INFO - Sync 1 DAGs
[2026-02-28T21:51:54.435+0000] {logging_mixin.py:188} INFO - [2026-02-28T21:51:54.435+0000] {dag.py:3954} INFO - Setting next_dagrun for example_task_group to 2026-02-27 00:00:00+00:00, run_after=2026-02-28 00:00:00+00:00
[2026-02-28T21:51:54.452+0000] {processor.py:183} INFO - Processing /home/airflow/.local/lib/python3.12/site-packages/airflow/example_dags/example_task_group.py took 0.085 seconds
[2026-02-28T21:52:25.075+0000] {processor.py:161} INFO - Started process (PID=1410) to work on /home/airflow/.local/lib/python3.12/site-packages/airflow/example_dags/example_task_group.py
[2026-02-28T21:52:25.077+0000] {processor.py:830} INFO - Processing file /home/airflow/.local/lib/python3.12/site-packages/airflow/example_dags/example_task_group.py for tasks to queue
[2026-02-28T21:52:25.081+0000] {logging_mixin.py:188} INFO - [2026-02-28T21:52:25.081+0000] {dagbag.py:545} INFO - Filling up the DagBag from /home/airflow/.local/lib/python3.12/site-packages/airflow/example_dags/example_task_group.py
[2026-02-28T21:52:25.099+0000] {processor.py:840} INFO - DAG(s) 'example_task_group' retrieved from /home/airflow/.local/lib/python3.12/site-packages/airflow/example_dags/example_task_group.py
[2026-02-28T21:52:25.146+0000] {logging_mixin.py:188} INFO - [2026-02-28T21:52:25.146+0000] {dag.py:3096} INFO - Sync 1 DAGs
[2026-02-28T21:52:25.169+0000] {logging_mixin.py:188} INFO - [2026-02-28T21:52:25.169+0000] {dag.py:3954} INFO - Setting next_dagrun for example_task_group to 2026-02-27 00:00:00+00:00, run_after=2026-02-28 00:00:00+00:00
[2026-02-28T21:52:25.193+0000] {processor.py:183} INFO - Processing /home/airflow/.local/lib/python3.12/site-packages/airflow/example_dags/example_task_group.py took 0.129 seconds
[2026-02-28T21:52:55.276+0000] {processor.py:161} INFO - Started process (PID=1468) to work on /home/airflow/.local/lib/python3.12/site-packages/airflow/example_dags/example_task_group.py
[2026-02-28T21:52:55.277+0000] {processor.py:830} INFO - Processing file /home/airflow/.local/lib/python3.12/site-packages/airflow/example_dags/example_task_group.py for tasks to queue
[2026-02-28T21:52:55.280+0000] {logging_mixin.py:188} INFO - [2026-02-28T21:52:55.279+0000] {dagbag.py:545} INFO - Filling up the DagBag from /home/airflow/.local/lib/python3.12/site-packages/airflow/example_dags/example_task_group.py
[2026-02-28T21:52:55.287+0000] {processor.py:840} INFO - DAG(s) 'example_task_group' retrieved from /home/airflow/.local/lib/python3.12/site-packages/airflow/example_dags/example_task_group.py
[2026-02-28T21:52:55.315+0000] {logging_mixin.py:188} INFO - [2026-02-28T21:52:55.315+0000] {dag.py:3096} INFO - Sync 1 DAGs
[2026-02-28T21:52:55.331+0000] {logging_mixin.py:188} INFO - [2026-02-28T21:52:55.331+0000] {dag.py:3954} INFO - Setting next_dagrun for example_task_group to 2026-02-27 00:00:00+00:00, run_after=2026-02-28 00:00:00+00:00
[2026-02-28T21:52:55.347+0000] {processor.py:183} INFO - Processing /home/airflow/.local/lib/python3.12/site-packages/airflow/example_dags/example_task_group.py took 0.079 seconds
[2026-02-28T21:53:26.115+0000] {processor.py:161} INFO - Started process (PID=1526) to work on /home/airflow/.local/lib/python3.12/site-packages/airflow/example_dags/example_task_group.py
[2026-02-28T21:53:26.116+0000] {processor.py:830} INFO - Processing file /home/airflow/.local/lib/python3.12/site-packages/airflow/example_dags/example_task_group.py for tasks to queue
[2026-02-28T21:53:26.119+0000] {logging_mixin.py:188} INFO - [2026-02-28T21:53:26.119+0000] {dagbag.py:545} INFO - Filling up the DagBag from /home/airflow/.local/lib/python3.12/site-packages/airflow/example_dags/example_task_group.py
[2026-02-28T21:53:26.126+0000] {processor.py:840} INFO - DAG(s) 'example_task_group' retrieved from /home/airflow/.local/lib/python3.12/site-packages/airflow/example_dags/example_task_group.py
[2026-02-28T21:53:26.147+0000] {logging_mixin.py:188} INFO - [2026-02-28T21:53:26.147+0000] {dag.py:3096} INFO - Sync 1 DAGs
[2026-02-28T21:53:26.162+0000] {logging_mixin.py:188} INFO - [2026-02-28T21:53:26.161+0000] {dag.py:3954} INFO - Setting next_dagrun for example_task_group to 2026-02-27 00:00:00+00:00, run_after=2026-02-28 00:00:00+00:00
[2026-02-28T21:53:26.184+0000] {processor.py:183} INFO - Processing /home/airflow/.local/lib/python3.12/site-packages/airflow/example_dags/example_task_group.py took 0.081 seconds
[2026-02-28T21:53:57.009+0000] {processor.py:161} INFO - Started process (PID=1584) to work on /home/airflow/.local/lib/python3.12/site-packages/airflow/example_dags/example_task_group.py
[2026-02-28T21:53:57.010+0000] {processor.py:830} INFO - Processing file /home/airflow/.local/lib/python3.12/site-packages/airflow/example_dags/example_task_group.py for tasks to queue
[2026-02-28T21:53:57.013+0000] {logging_mixin.py:188} INFO - [2026-02-28T21:53:57.012+0000] {dagbag.py:545} INFO - Filling up the DagBag from /home/airflow/.local/lib/python3.12/site-packages/airflow/example_dags/example_task_group.py
[2026-02-28T21:53:57.021+0000] {processor.py:840} INFO - DAG(s) 'example_task_group' retrieved from /home/airflow/.local/lib/python3.12/site-packages/airflow/example_dags/example_task_group.py
[2026-02-28T21:53:57.044+0000] {logging_mixin.py:188} INFO - [2026-02-28T21:53:57.043+0000] {dag.py:3096} INFO - Sync 1 DAGs
[2026-02-28T21:53:57.063+0000] {logging_mixin.py:188} INFO - [2026-02-28T21:53:57.063+0000] {dag.py:3954} INFO - Setting next_dagrun for example_task_group to 2026-02-27 00:00:00+00:00, run_after=2026-02-28 00:00:00+00:00
[2026-02-28T21:53:57.080+0000] {processor.py:183} INFO - Processing /home/airflow/.local/lib/python3.12/site-packages/airflow/example_dags/example_task_group.py took 0.080 seconds
[2026-02-28T21:54:27.386+0000] {processor.py:161} INFO - Started process (PID=1642) to work on /home/airflow/.local/lib/python3.12/site-packages/airflow/example_dags/example_task_group.py
[2026-02-28T21:54:27.388+0000] {processor.py:830} INFO - Processing file /home/airflow/.local/lib/python3.12/site-packages/airflow/example_dags/example_task_group.py for tasks to queue
[2026-02-28T21:54:27.391+0000] {logging_mixin.py:188} INFO - [2026-02-28T21:54:27.390+0000] {dagbag.py:545} INFO - Filling up the DagBag from /home/airflow/.local/lib/python3.12/site-packages/airflow/example_dags/example_task_group.py
[2026-02-28T21:54:27.399+0000] {processor.py:840} INFO - DAG(s) 'example_task_group' retrieved from /home/airflow/.local/lib/python3.12/site-packages/airflow/example_dags/example_task_group.py
[2026-02-28T21:54:27.421+0000] {logging_mixin.py:188} INFO - [2026-02-28T21:54:27.421+0000] {dag.py:3096} INFO - Sync 1 DAGs
[2026-02-28T21:54:27.434+0000] {logging_mixin.py:188} INFO - [2026-02-28T21:54:27.434+0000] {dag.py:3954} INFO - Setting next_dagrun for example_task_group to 2026-02-27 00:00:00+00:00, run_after=2026-02-28 00:00:00+00:00
[2026-02-28T21:54:27.444+0000] {processor.py:183} INFO - Processing /home/airflow/.local/lib/python3.12/site-packages/airflow/example_dags/example_task_group.py took 0.073 seconds
[2026-02-28T21:54:59.716+0000] {processor.py:161} INFO - Started process (PID=1703) to work on /home/airflow/.local/lib/python3.12/site-packages/airflow/example_dags/example_task_group.py
[2026-02-28T21:54:59.720+0000] {processor.py:830} INFO - Processing file /home/airflow/.local/lib/python3.12/site-packages/airflow/example_dags/example_task_group.py for tasks to queue
[2026-02-28T21:54:59.726+0000] {logging_mixin.py:188} INFO - [2026-02-28T21:54:59.726+0000] {dagbag.py:545} INFO - Filling up the DagBag from /home/airflow/.local/lib/python3.12/site-packages/airflow/example_dags/example_task_group.py
[2026-02-28T21:54:59.748+0000] {processor.py:840} INFO - DAG(s) 'example_task_group' retrieved from /home/airflow/.local/lib/python3.12/site-packages/airflow/example_dags/example_task_group.py
[2026-02-28T21:54:59.840+0000] {logging_mixin.py:188} INFO - [2026-02-28T21:54:59.840+0000] {dag.py:3096} INFO - Sync 1 DAGs
[2026-02-28T21:54:59.916+0000] {logging_mixin.py:188} INFO - [2026-02-28T21:54:59.916+0000] {dag.py:3954} INFO - Setting next_dagrun for example_task_group to 2026-02-27 00:00:00+00:00, run_after=2026-02-28 00:00:00+00:00
[2026-02-28T21:54:59.950+0000] {processor.py:183} INFO - Processing /home/airflow/.local/lib/python3.12/site-packages/airflow/example_dags/example_task_group.py took 0.256 seconds
[2026-02-28T21:55:30.430+0000] {processor.py:161} INFO - Started process (PID=1761) to work on /home/airflow/.local/lib/python3.12/site-packages/airflow/example_dags/example_task_group.py
[2026-02-28T21:55:30.434+0000] {processor.py:830} INFO - Processing file /home/airflow/.local/lib/python3.12/site-packages/airflow/example_dags/example_task_group.py for tasks to queue
[2026-02-28T21:55:30.440+0000] {logging_mixin.py:188} INFO - [2026-02-28T21:55:30.440+0000] {dagbag.py:545} INFO - Filling up the DagBag from /home/airflow/.local/lib/python3.12/site-packages/airflow/example_dags/example_task_group.py
[2026-02-28T21:55:30.480+0000] {processor.py:840} INFO - DAG(s) 'example_task_group' retrieved from /home/airflow/.local/lib/python3.12/site-packages/airflow/example_dags/example_task_group.py
[2026-02-28T21:55:30.680+0000] {logging_mixin.py:188} INFO - [2026-02-28T21:55:30.667+0000] {dag.py:3096} INFO - Sync 1 DAGs
[2026-02-28T21:55:31.041+0000] {logging_mixin.py:188} INFO - [2026-02-28T21:55:31.040+0000] {dag.py:3954} INFO - Setting next_dagrun for example_task_group to 2026-02-27 00:00:00+00:00, run_after=2026-02-28 00:00:00+00:00
[2026-02-28T21:55:31.387+0000] {processor.py:183} INFO - Processing /home/airflow/.local/lib/python3.12/site-packages/airflow/example_dags/example_task_group.py took 0.968 seconds
[2026-02-28T21:56:02.431+0000] {processor.py:161} INFO - Started process (PID=1825) to work on /home/airflow/.local/lib/python3.12/site-packages/airflow/example_dags/example_task_group.py
[2026-02-28T21:56:02.435+0000] {processor.py:830} INFO - Processing file /home/airflow/.local/lib/python3.12/site-packages/airflow/example_dags/example_task_group.py for tasks to queue
[2026-02-28T21:56:02.447+0000] {logging_mixin.py:188} INFO - [2026-02-28T21:56:02.446+0000] {dagbag.py:545} INFO - Filling up the DagBag from /home/airflow/.local/lib/python3.12/site-packages/airflow/example_dags/example_task_group.py
[2026-02-28T21:56:02.472+0000] {processor.py:840} INFO - DAG(s) 'example_task_group' retrieved from /home/airflow/.local/lib/python3.12/site-packages/airflow/example_dags/example_task_group.py
[2026-02-28T21:56:02.520+0000] {logging_mixin.py:188} INFO - [2026-02-28T21:56:02.520+0000] {dag.py:3096} INFO - Sync 1 DAGs
[2026-02-28T21:56:02.552+0000] {logging_mixin.py:188} INFO - [2026-02-28T21:56:02.552+0000] {dag.py:3954} INFO - Setting next_dagrun for example_task_group to 2026-02-27 00:00:00+00:00, run_after=2026-02-28 00:00:00+00:00
[2026-02-28T21:56:02.577+0000] {processor.py:183} INFO - Processing /home/airflow/.local/lib/python3.12/site-packages/airflow/example_dags/example_task_group.py took 0.161 seconds
[2026-02-28T21:56:33.507+0000] {processor.py:161} INFO - Started process (PID=1883) to work on /home/airflow/.local/lib/python3.12/site-packages/airflow/example_dags/example_task_group.py
[2026-02-28T21:56:33.509+0000] {processor.py:830} INFO - Processing file /home/airflow/.local/lib/python3.12/site-packages/airflow/example_dags/example_task_group.py for tasks to queue
[2026-02-28T21:56:33.511+0000] {logging_mixin.py:188} INFO - [2026-02-28T21:56:33.511+0000] {dagbag.py:545} INFO - Filling up the DagBag from /home/airflow/.local/lib/python3.12/site-packages/airflow/example_dags/example_task_group.py
[2026-02-28T21:56:33.524+0000] {processor.py:840} INFO - DAG(s) 'example_task_group' retrieved from /home/airflow/.local/lib/python3.12/site-packages/airflow/example_dags/example_task_group.py
[2026-02-28T21:56:33.552+0000] {logging_mixin.py:188} INFO - [2026-02-28T21:56:33.551+0000] {dag.py:3096} INFO - Sync 1 DAGs
[2026-02-28T21:56:33.571+0000] {logging_mixin.py:188} INFO - [2026-02-28T21:56:33.571+0000] {dag.py:3954} INFO - Setting next_dagrun for example_task_group to 2026-02-27 00:00:00+00:00, run_after=2026-02-28 00:00:00+00:00
[2026-02-28T21:56:33.587+0000] {processor.py:183} INFO - Processing /home/airflow/.local/lib/python3.12/site-packages/airflow/example_dags/example_task_group.py took 0.089 seconds
[2026-02-28T21:57:03.727+0000] {processor.py:161} INFO - Started process (PID=1941) to work on /home/airflow/.local/lib/python3.12/site-packages/airflow/example_dags/example_task_group.py
[2026-02-28T21:57:03.730+0000] {processor.py:830} INFO - Processing file /home/airflow/.local/lib/python3.12/site-packages/airflow/example_dags/example_task_group.py for tasks to queue
[2026-02-28T21:57:03.739+0000] {logging_mixin.py:188} INFO - [2026-02-28T21:57:03.738+0000] {dagbag.py:545} INFO - Filling up the DagBag from /home/airflow/.local/lib/python3.12/site-packages/airflow/example_dags/example_task_group.py
[2026-02-28T21:57:03.761+0000] {processor.py:840} INFO - DAG(s) 'example_task_group' retrieved from /home/airflow/.local/lib/python3.12/site-packages/airflow/example_dags/example_task_group.py
[2026-02-28T21:57:03.808+0000] {logging_mixin.py:188} INFO - [2026-02-28T21:57:03.808+0000] {dag.py:3096} INFO - Sync 1 DAGs
[2026-02-28T21:57:03.838+0000] {logging_mixin.py:188} INFO - [2026-02-28T21:57:03.838+0000] {dag.py:3954} INFO - Setting next_dagrun for example_task_group to 2026-02-27 00:00:00+00:00, run_after=2026-02-28 00:00:00+00:00
[2026-02-28T21:57:03.859+0000] {processor.py:183} INFO - Processing /home/airflow/.local/lib/python3.12/site-packages/airflow/example_dags/example_task_group.py took 0.146 seconds
[2026-02-28T21:57:34.054+0000] {processor.py:161} INFO - Started process (PID=1999) to work on /home/airflow/.local/lib/python3.12/site-packages/airflow/example_dags/example_task_group.py
[2026-02-28T21:57:34.057+0000] {processor.py:830} INFO - Processing file /home/airflow/.local/lib/python3.12/site-packages/airflow/example_dags/example_task_group.py for tasks to queue
[2026-02-28T21:57:34.061+0000] {logging_mixin.py:188} INFO - [2026-02-28T21:57:34.060+0000] {dagbag.py:545} INFO - Filling up the DagBag from /home/airflow/.local/lib/python3.12/site-packages/airflow/example_dags/example_task_group.py
[2026-02-28T21:57:34.082+0000] {processor.py:840} INFO - DAG(s) 'example_task_group' retrieved from /home/airflow/.local/lib/python3.12/site-packages/airflow/example_dags/example_task_group.py
[2026-02-28T21:57:34.124+0000] {logging_mixin.py:188} INFO - [2026-02-28T21:57:34.124+0000] {dag.py:3096} INFO - Sync 1 DAGs
[2026-02-28T21:57:34.160+0000] {logging_mixin.py:188} INFO - [2026-02-28T21:57:34.160+0000] {dag.py:3954} INFO - Setting next_dagrun for example_task_group to 2026-02-27 00:00:00+00:00, run_after=2026-02-28 00:00:00+00:00
[2026-02-28T21:57:34.184+0000] {processor.py:183} INFO - Processing /home/airflow/.local/lib/python3.12/site-packages/airflow/example_dags/example_task_group.py took 0.149 seconds
[2026-02-28T21:58:05.221+0000] {processor.py:161} INFO - Started process (PID=2057) to work on /home/airflow/.local/lib/python3.12/site-packages/airflow/example_dags/example_task_group.py
[2026-02-28T21:58:05.226+0000] {processor.py:830} INFO - Processing file /home/airflow/.local/lib/python3.12/site-packages/airflow/example_dags/example_task_group.py for tasks to queue
[2026-02-28T21:58:05.235+0000] {logging_mixin.py:188} INFO - [2026-02-28T21:58:05.234+0000] {dagbag.py:545} INFO - Filling up the DagBag from /home/airflow/.local/lib/python3.12/site-packages/airflow/example_dags/example_task_group.py
[2026-02-28T21:58:05.261+0000] {processor.py:840} INFO - DAG(s) 'example_task_group' retrieved from /home/airflow/.local/lib/python3.12/site-packages/airflow/example_dags/example_task_group.py
[2026-02-28T21:58:05.327+0000] {logging_mixin.py:188} INFO - [2026-02-28T21:58:05.327+0000] {dag.py:3096} INFO - Sync 1 DAGs
[2026-02-28T21:58:05.364+0000] {logging_mixin.py:188} INFO - [2026-02-28T21:58:05.363+0000] {dag.py:3954} INFO - Setting next_dagrun for example_task_group to 2026-02-27 00:00:00+00:00, run_after=2026-02-28 00:00:00+00:00
[2026-02-28T21:58:05.390+0000] {processor.py:183} INFO - Processing /home/airflow/.local/lib/python3.12/site-packages/airflow/example_dags/example_task_group.py took 0.182 seconds
[2026-02-28T21:58:36.247+0000] {processor.py:161} INFO - Started process (PID=2115) to work on /home/airflow/.local/lib/python3.12/site-packages/airflow/example_dags/example_task_group.py
[2026-02-28T21:58:36.250+0000] {processor.py:830} INFO - Processing file /home/airflow/.local/lib/python3.12/site-packages/airflow/example_dags/example_task_group.py for tasks to queue
[2026-02-28T21:58:36.259+0000] {logging_mixin.py:188} INFO - [2026-02-28T21:58:36.259+0000] {dagbag.py:545} INFO - Filling up the DagBag from /home/airflow/.local/lib/python3.12/site-packages/airflow/example_dags/example_task_group.py
[2026-02-28T21:58:36.286+0000] {processor.py:840} INFO - DAG(s) 'example_task_group' retrieved from /home/airflow/.local/lib/python3.12/site-packages/airflow/example_dags/example_task_group.py
[2026-02-28T21:58:36.328+0000] {logging_mixin.py:188} INFO - [2026-02-28T21:58:36.328+0000] {dag.py:3096} INFO - Sync 1 DAGs
[2026-02-28T21:58:36.369+0000] {logging_mixin.py:188} INFO - [2026-02-28T21:58:36.369+0000] {dag.py:3954} INFO - Setting next_dagrun for example_task_group to 2026-02-27 00:00:00+00:00, run_after=2026-02-28 00:00:00+00:00
[2026-02-28T21:58:36.393+0000] {processor.py:183} INFO - Processing /home/airflow/.local/lib/python3.12/site-packages/airflow/example_dags/example_task_group.py took 0.160 seconds
[2026-02-28T21:59:06.607+0000] {processor.py:161} INFO - Started process (PID=2173) to work on /home/airflow/.local/lib/python3.12/site-packages/airflow/example_dags/example_task_group.py
[2026-02-28T21:59:06.610+0000] {processor.py:830} INFO - Processing file /home/airflow/.local/lib/python3.12/site-packages/airflow/example_dags/example_task_group.py for tasks to queue
[2026-02-28T21:59:06.619+0000] {logging_mixin.py:188} INFO - [2026-02-28T21:59:06.617+0000] {dagbag.py:545} INFO - Filling up the DagBag from /home/airflow/.local/lib/python3.12/site-packages/airflow/example_dags/example_task_group.py
[2026-02-28T21:59:06.641+0000] {processor.py:840} INFO - DAG(s) 'example_task_group' retrieved from /home/airflow/.local/lib/python3.12/site-packages/airflow/example_dags/example_task_group.py
[2026-02-28T21:59:06.685+0000] {logging_mixin.py:188} INFO - [2026-02-28T21:59:06.685+0000] {dag.py:3096} INFO - Sync 1 DAGs
[2026-02-28T21:59:06.715+0000] {logging_mixin.py:188} INFO - [2026-02-28T21:59:06.715+0000] {dag.py:3954} INFO - Setting next_dagrun for example_task_group to 2026-02-27 00:00:00+00:00, run_after=2026-02-28 00:00:00+00:00
[2026-02-28T21:59:06.734+0000] {processor.py:183} INFO - Processing /home/airflow/.local/lib/python3.12/site-packages/airflow/example_dags/example_task_group.py took 0.140 seconds
[2026-02-28T21:59:37.699+0000] {processor.py:161} INFO - Started process (PID=2231) to work on /home/airflow/.local/lib/python3.12/site-packages/airflow/example_dags/example_task_group.py
[2026-02-28T21:59:37.704+0000] {processor.py:830} INFO - Processing file /home/airflow/.local/lib/python3.12/site-packages/airflow/example_dags/example_task_group.py for tasks to queue
[2026-02-28T21:59:37.706+0000] {logging_mixin.py:188} INFO - [2026-02-28T21:59:37.706+0000] {dagbag.py:545} INFO - Filling up the DagBag from /home/airflow/.local/lib/python3.12/site-packages/airflow/example_dags/example_task_group.py
[2026-02-28T21:59:37.735+0000] {processor.py:840} INFO - DAG(s) 'example_task_group' retrieved from /home/airflow/.local/lib/python3.12/site-packages/airflow/example_dags/example_task_group.py
[2026-02-28T21:59:37.778+0000] {logging_mixin.py:188} INFO - [2026-02-28T21:59:37.778+0000] {dag.py:3096} INFO - Sync 1 DAGs
[2026-02-28T21:59:37.807+0000] {logging_mixin.py:188} INFO - [2026-02-28T21:59:37.807+0000] {dag.py:3954} INFO - Setting next_dagrun for example_task_group to 2026-02-27 00:00:00+00:00, run_after=2026-02-28 00:00:00+00:00
[2026-02-28T21:59:37.827+0000] {processor.py:183} INFO - Processing /home/airflow/.local/lib/python3.12/site-packages/airflow/example_dags/example_task_group.py took 0.141 seconds
[2026-02-28T22:00:08.729+0000] {processor.py:161} INFO - Started process (PID=2289) to work on /home/airflow/.local/lib/python3.12/site-packages/airflow/example_dags/example_task_group.py
[2026-02-28T22:00:08.732+0000] {processor.py:830} INFO - Processing file /home/airflow/.local/lib/python3.12/site-packages/airflow/example_dags/example_task_group.py for tasks to queue
[2026-02-28T22:00:08.738+0000] {logging_mixin.py:188} INFO - [2026-02-28T22:00:08.738+0000] {dagbag.py:545} INFO - Filling up the DagBag from /home/airflow/.local/lib/python3.12/site-packages/airflow/example_dags/example_task_group.py
[2026-02-28T22:00:08.752+0000] {processor.py:840} INFO - DAG(s) 'example_task_group' retrieved from /home/airflow/.local/lib/python3.12/site-packages/airflow/example_dags/example_task_group.py
[2026-02-28T22:00:08.800+0000] {logging_mixin.py:188} INFO - [2026-02-28T22:00:08.800+0000] {dag.py:3096} INFO - Sync 1 DAGs
[2026-02-28T22:00:08.827+0000] {logging_mixin.py:188} INFO - [2026-02-28T22:00:08.827+0000] {dag.py:3954} INFO - Setting next_dagrun for example_task_group to 2026-02-27 00:00:00+00:00, run_after=2026-02-28 00:00:00+00:00
[2026-02-28T22:00:08.853+0000] {processor.py:183} INFO - Processing /home/airflow/.local/lib/python3.12/site-packages/airflow/example_dags/example_task_group.py took 0.136 seconds
[2026-02-28T22:00:39.270+0000] {processor.py:161} INFO - Started process (PID=2347) to work on /home/airflow/.local/lib/python3.12/site-packages/airflow/example_dags/example_task_group.py
[2026-02-28T22:00:39.271+0000] {processor.py:830} INFO - Processing file /home/airflow/.local/lib/python3.12/site-packages/airflow/example_dags/example_task_group.py for tasks to queue
[2026-02-28T22:00:39.273+0000] {logging_mixin.py:188} INFO - [2026-02-28T22:00:39.272+0000] {dagbag.py:545} INFO - Filling up the DagBag from /home/airflow/.local/lib/python3.12/site-packages/airflow/example_dags/example_task_group.py
[2026-02-28T22:00:39.282+0000] {processor.py:840} INFO - DAG(s) 'example_task_group' retrieved from /home/airflow/.local/lib/python3.12/site-packages/airflow/example_dags/example_task_group.py
[2026-02-28T22:00:39.312+0000] {logging_mixin.py:188} INFO - [2026-02-28T22:00:39.312+0000] {dag.py:3096} INFO - Sync 1 DAGs
[2026-02-28T22:00:39.334+0000] {logging_mixin.py:188} INFO - [2026-02-28T22:00:39.334+0000] {dag.py:3954} INFO - Setting next_dagrun for example_task_group to 2026-02-27 00:00:00+00:00, run_after=2026-02-28 00:00:00+00:00
[2026-02-28T22:00:39.355+0000] {processor.py:183} INFO - Processing /home/airflow/.local/lib/python3.12/site-packages/airflow/example_dags/example_task_group.py took 0.093 seconds
[2026-02-28T22:01:10.138+0000] {processor.py:161} INFO - Started process (PID=2404) to work on /home/airflow/.local/lib/python3.12/site-packages/airflow/example_dags/example_task_group.py
[2026-02-28T22:01:10.139+0000] {processor.py:830} INFO - Processing file /home/airflow/.local/lib/python3.12/site-packages/airflow/example_dags/example_task_group.py for tasks to queue
[2026-02-28T22:01:10.144+0000] {logging_mixin.py:188} INFO - [2026-02-28T22:01:10.142+0000] {dagbag.py:545} INFO - Filling up the DagBag from /home/airflow/.local/lib/python3.12/site-packages/airflow/example_dags/example_task_group.py
[2026-02-28T22:01:10.160+0000] {processor.py:840} INFO - DAG(s) 'example_task_group' retrieved from /home/airflow/.local/lib/python3.12/site-packages/airflow/example_dags/example_task_group.py
[2026-02-28T22:01:10.194+0000] {logging_mixin.py:188} INFO - [2026-02-28T22:01:10.194+0000] {dag.py:3096} INFO - Sync 1 DAGs
[2026-02-28T22:01:10.224+0000] {logging_mixin.py:188} INFO - [2026-02-28T22:01:10.224+0000] {dag.py:3954} INFO - Setting next_dagrun for example_task_group to 2026-02-27 00:00:00+00:00, run_after=2026-02-28 00:00:00+00:00
[2026-02-28T22:01:10.254+0000] {processor.py:183} INFO - Processing /home/airflow/.local/lib/python3.12/site-packages/airflow/example_dags/example_task_group.py took 0.124 seconds
[2026-02-28T22:01:40.606+0000] {processor.py:161} INFO - Started process (PID=2462) to work on /home/airflow/.local/lib/python3.12/site-packages/airflow/example_dags/example_task_group.py
[2026-02-28T22:01:40.607+0000] {processor.py:830} INFO - Processing file /home/airflow/.local/lib/python3.12/site-packages/airflow/example_dags/example_task_group.py for tasks to queue
[2026-02-28T22:01:40.611+0000] {logging_mixin.py:188} INFO - [2026-02-28T22:01:40.610+0000] {dagbag.py:545} INFO - Filling up the DagBag from /home/airflow/.local/lib/python3.12/site-packages/airflow/example_dags/example_task_group.py
[2026-02-28T22:01:40.621+0000] {processor.py:840} INFO - DAG(s) 'example_task_group' retrieved from /home/airflow/.local/lib/python3.12/site-packages/airflow/example_dags/example_task_group.py
[2026-02-28T22:01:40.646+0000] {logging_mixin.py:188} INFO - [2026-02-28T22:01:40.646+0000] {dag.py:3096} INFO - Sync 1 DAGs
[2026-02-28T22:01:40.668+0000] {logging_mixin.py:188} INFO - [2026-02-28T22:01:40.668+0000] {dag.py:3954} INFO - Setting next_dagrun for example_task_group to 2026-02-27 00:00:00+00:00, run_after=2026-02-28 00:00:00+00:00
[2026-02-28T22:01:40.684+0000] {processor.py:183} INFO - Processing /home/airflow/.local/lib/python3.12/site-packages/airflow/example_dags/example_task_group.py took 0.086 seconds
[2026-02-28T22:02:11.433+0000] {processor.py:161} INFO - Started process (PID=2520) to work on /home/airflow/.local/lib/python3.12/site-packages/airflow/example_dags/example_task_group.py
[2026-02-28T22:02:11.436+0000] {processor.py:830} INFO - Processing file /home/airflow/.local/lib/python3.12/site-packages/airflow/example_dags/example_task_group.py for tasks to queue
[2026-02-28T22:02:11.440+0000] {logging_mixin.py:188} INFO - [2026-02-28T22:02:11.440+0000] {dagbag.py:545} INFO - Filling up the DagBag from /home/airflow/.local/lib/python3.12/site-packages/airflow/example_dags/example_task_group.py
[2026-02-28T22:02:11.460+0000] {processor.py:840} INFO - DAG(s) 'example_task_group' retrieved from /home/airflow/.local/lib/python3.12/site-packages/airflow/example_dags/example_task_group.py
[2026-02-28T22:02:11.492+0000] {logging_mixin.py:188} INFO - [2026-02-28T22:02:11.492+0000] {dag.py:3096} INFO - Sync 1 DAGs
[2026-02-28T22:02:11.515+0000] {logging_mixin.py:188} INFO - [2026-02-28T22:02:11.515+0000] {dag.py:3954} INFO - Setting next_dagrun for example_task_group to 2026-02-27 00:00:00+00:00, run_after=2026-02-28 00:00:00+00:00
[2026-02-28T22:02:11.534+0000] {processor.py:183} INFO - Processing /home/airflow/.local/lib/python3.12/site-packages/airflow/example_dags/example_task_group.py took 0.109 seconds
[2026-02-28T22:02:42.471+0000] {processor.py:161} INFO - Started process (PID=2578) to work on /home/airflow/.local/lib/python3.12/site-packages/airflow/example_dags/example_task_group.py
[2026-02-28T22:02:42.472+0000] {processor.py:830} INFO - Processing file /home/airflow/.local/lib/python3.12/site-packages/airflow/example_dags/example_task_group.py for tasks to queue
[2026-02-28T22:02:42.475+0000] {logging_mixin.py:188} INFO - [2026-02-28T22:02:42.475+0000] {dagbag.py:545} INFO - Filling up the DagBag from /home/airflow/.local/lib/python3.12/site-packages/airflow/example_dags/example_task_group.py
[2026-02-28T22:02:42.482+0000] {processor.py:840} INFO - DAG(s) 'example_task_group' retrieved from /home/airflow/.local/lib/python3.12/site-packages/airflow/example_dags/example_task_group.py
[2026-02-28T22:02:42.506+0000] {logging_mixin.py:188} INFO - [2026-02-28T22:02:42.506+0000] {dag.py:3096} INFO - Sync 1 DAGs
[2026-02-28T22:02:42.532+0000] {logging_mixin.py:188} INFO - [2026-02-28T22:02:42.531+0000] {dag.py:3954} INFO - Setting next_dagrun for example_task_group to 2026-02-27 00:00:00+00:00, run_after=2026-02-28 00:00:00+00:00
[2026-02-28T22:02:42.551+0000] {processor.py:183} INFO - Processing /home/airflow/.local/lib/python3.12/site-packages/airflow/example_dags/example_task_group.py took 0.086 seconds
[2026-02-28T22:03:12.959+0000] {processor.py:161} INFO - Started process (PID=2635) to work on /home/airflow/.local/lib/python3.12/site-packages/airflow/example_dags/example_task_group.py
[2026-02-28T22:03:12.963+0000] {processor.py:830} INFO - Processing file /home/airflow/.local/lib/python3.12/site-packages/airflow/example_dags/example_task_group.py for tasks to queue
[2026-02-28T22:03:12.968+0000] {logging_mixin.py:188} INFO - [2026-02-28T22:03:12.967+0000] {dagbag.py:545} INFO - Filling up the DagBag from /home/airflow/.local/lib/python3.12/site-packages/airflow/example_dags/example_task_group.py
[2026-02-28T22:03:12.982+0000] {processor.py:840} INFO - DAG(s) 'example_task_group' retrieved from /home/airflow/.local/lib/python3.12/site-packages/airflow/example_dags/example_task_group.py
[2026-02-28T22:03:13.008+0000] {logging_mixin.py:188} INFO - [2026-02-28T22:03:13.008+0000] {dag.py:3096} INFO - Sync 1 DAGs
[2026-02-28T22:03:13.034+0000] {logging_mixin.py:188} INFO - [2026-02-28T22:03:13.033+0000] {dag.py:3954} INFO - Setting next_dagrun for example_task_group to 2026-02-27 00:00:00+00:00, run_after=2026-02-28 00:00:00+00:00
[2026-02-28T22:03:13.057+0000] {processor.py:183} INFO - Processing /home/airflow/.local/lib/python3.12/site-packages/airflow/example_dags/example_task_group.py took 0.104 seconds
[2026-02-28T22:03:43.372+0000] {processor.py:161} INFO - Started process (PID=2693) to work on /home/airflow/.local/lib/python3.12/site-packages/airflow/example_dags/example_task_group.py
[2026-02-28T22:03:43.376+0000] {processor.py:830} INFO - Processing file /home/airflow/.local/lib/python3.12/site-packages/airflow/example_dags/example_task_group.py for tasks to queue
[2026-02-28T22:03:43.381+0000] {logging_mixin.py:188} INFO - [2026-02-28T22:03:43.381+0000] {dagbag.py:545} INFO - Filling up the DagBag from /home/airflow/.local/lib/python3.12/site-packages/airflow/example_dags/example_task_group.py
[2026-02-28T22:03:43.411+0000] {processor.py:840} INFO - DAG(s) 'example_task_group' retrieved from /home/airflow/.local/lib/python3.12/site-packages/airflow/example_dags/example_task_group.py
[2026-02-28T22:03:43.644+0000] {logging_mixin.py:188} INFO - [2026-02-28T22:03:43.642+0000] {dag.py:3096} INFO - Sync 1 DAGs
[2026-02-28T22:03:43.730+0000] {logging_mixin.py:188} INFO - [2026-02-28T22:03:43.729+0000] {dag.py:3954} INFO - Setting next_dagrun for example_task_group to 2026-02-27 00:00:00+00:00, run_after=2026-02-28 00:00:00+00:00
[2026-02-28T22:03:43.785+0000] {processor.py:183} INFO - Processing /home/airflow/.local/lib/python3.12/site-packages/airflow/example_dags/example_task_group.py took 0.431 seconds
[2026-02-28T22:04:14.752+0000] {processor.py:161} INFO - Started process (PID=2751) to work on /home/airflow/.local/lib/python3.12/site-packages/airflow/example_dags/example_task_group.py
[2026-02-28T22:04:14.756+0000] {processor.py:830} INFO - Processing file /home/airflow/.local/lib/python3.12/site-packages/airflow/example_dags/example_task_group.py for tasks to queue
[2026-02-28T22:04:14.760+0000] {logging_mixin.py:188} INFO - [2026-02-28T22:04:14.760+0000] {dagbag.py:545} INFO - Filling up the DagBag from /home/airflow/.local/lib/python3.12/site-packages/airflow/example_dags/example_task_group.py
[2026-02-28T22:04:14.780+0000] {processor.py:840} INFO - DAG(s) 'example_task_group' retrieved from /home/airflow/.local/lib/python3.12/site-packages/airflow/example_dags/example_task_group.py
[2026-02-28T22:04:14.831+0000] {logging_mixin.py:188} INFO - [2026-02-28T22:04:14.831+0000] {dag.py:3096} INFO - Sync 1 DAGs
[2026-02-28T22:04:14.863+0000] {logging_mixin.py:188} INFO - [2026-02-28T22:04:14.863+0000] {dag.py:3954} INFO - Setting next_dagrun for example_task_group to 2026-02-27 00:00:00+00:00, run_after=2026-02-28 00:00:00+00:00
[2026-02-28T22:04:14.889+0000] {processor.py:183} INFO - Processing /home/airflow/.local/lib/python3.12/site-packages/airflow/example_dags/example_task_group.py took 0.149 seconds
