[2026-02-28T21:40:05.249+0000] {processor.py:161} INFO - Started process (PID=82) to work on /home/airflow/.local/lib/python3.12/site-packages/airflow/example_dags/example_branch_python_dop_operator_3.py
[2026-02-28T21:40:05.250+0000] {processor.py:830} INFO - Processing file /home/airflow/.local/lib/python3.12/site-packages/airflow/example_dags/example_branch_python_dop_operator_3.py for tasks to queue
[2026-02-28T21:40:05.252+0000] {logging_mixin.py:188} INFO - [2026-02-28T21:40:05.252+0000] {dagbag.py:545} INFO - Filling up the DagBag from /home/airflow/.local/lib/python3.12/site-packages/airflow/example_dags/example_branch_python_dop_operator_3.py
[2026-02-28T21:40:05.271+0000] {processor.py:840} INFO - DAG(s) 'example_branch_dop_operator_v3' retrieved from /home/airflow/.local/lib/python3.12/site-packages/airflow/example_dags/example_branch_python_dop_operator_3.py
[2026-02-28T21:40:05.291+0000] {logging_mixin.py:188} INFO - [2026-02-28T21:40:05.291+0000] {dag.py:3096} INFO - Sync 1 DAGs
[2026-02-28T21:40:05.324+0000] {logging_mixin.py:188} INFO - [2026-02-28T21:40:05.324+0000] {dag.py:3954} INFO - Setting next_dagrun for example_branch_dop_operator_v3 to 2026-02-28 21:39:00+00:00, run_after=2026-02-28 21:40:00+00:00
[2026-02-28T21:40:05.379+0000] {processor.py:183} INFO - Processing /home/airflow/.local/lib/python3.12/site-packages/airflow/example_dags/example_branch_python_dop_operator_3.py took 0.134 seconds
[2026-02-28T21:40:36.347+0000] {processor.py:161} INFO - Started process (PID=140) to work on /home/airflow/.local/lib/python3.12/site-packages/airflow/example_dags/example_branch_python_dop_operator_3.py
[2026-02-28T21:40:36.349+0000] {processor.py:830} INFO - Processing file /home/airflow/.local/lib/python3.12/site-packages/airflow/example_dags/example_branch_python_dop_operator_3.py for tasks to queue
[2026-02-28T21:40:36.352+0000] {logging_mixin.py:188} INFO - [2026-02-28T21:40:36.351+0000] {dagbag.py:545} INFO - Filling up the DagBag from /home/airflow/.local/lib/python3.12/site-packages/airflow/example_dags/example_branch_python_dop_operator_3.py
[2026-02-28T21:40:36.364+0000] {processor.py:840} INFO - DAG(s) 'example_branch_dop_operator_v3' retrieved from /home/airflow/.local/lib/python3.12/site-packages/airflow/example_dags/example_branch_python_dop_operator_3.py
[2026-02-28T21:40:36.457+0000] {logging_mixin.py:188} INFO - [2026-02-28T21:40:36.457+0000] {dag.py:3096} INFO - Sync 1 DAGs
[2026-02-28T21:40:36.474+0000] {logging_mixin.py:188} INFO - [2026-02-28T21:40:36.474+0000] {dag.py:3954} INFO - Setting next_dagrun for example_branch_dop_operator_v3 to 2026-02-28 21:39:00+00:00, run_after=2026-02-28 21:40:00+00:00
[2026-02-28T21:40:36.493+0000] {processor.py:183} INFO - Processing /home/airflow/.local/lib/python3.12/site-packages/airflow/example_dags/example_branch_python_dop_operator_3.py took 0.152 seconds
[2026-02-28T21:41:07.401+0000] {processor.py:161} INFO - Started process (PID=198) to work on /home/airflow/.local/lib/python3.12/site-packages/airflow/example_dags/example_branch_python_dop_operator_3.py
[2026-02-28T21:41:07.404+0000] {processor.py:830} INFO - Processing file /home/airflow/.local/lib/python3.12/site-packages/airflow/example_dags/example_branch_python_dop_operator_3.py for tasks to queue
[2026-02-28T21:41:07.406+0000] {logging_mixin.py:188} INFO - [2026-02-28T21:41:07.406+0000] {dagbag.py:545} INFO - Filling up the DagBag from /home/airflow/.local/lib/python3.12/site-packages/airflow/example_dags/example_branch_python_dop_operator_3.py
[2026-02-28T21:41:07.422+0000] {processor.py:840} INFO - DAG(s) 'example_branch_dop_operator_v3' retrieved from /home/airflow/.local/lib/python3.12/site-packages/airflow/example_dags/example_branch_python_dop_operator_3.py
[2026-02-28T21:41:07.449+0000] {logging_mixin.py:188} INFO - [2026-02-28T21:41:07.449+0000] {dag.py:3096} INFO - Sync 1 DAGs
[2026-02-28T21:41:07.475+0000] {logging_mixin.py:188} INFO - [2026-02-28T21:41:07.475+0000] {dag.py:3954} INFO - Setting next_dagrun for example_branch_dop_operator_v3 to 2026-02-28 21:40:00+00:00, run_after=2026-02-28 21:41:00+00:00
[2026-02-28T21:41:07.496+0000] {processor.py:183} INFO - Processing /home/airflow/.local/lib/python3.12/site-packages/airflow/example_dags/example_branch_python_dop_operator_3.py took 0.105 seconds
[2026-02-28T21:41:37.826+0000] {processor.py:161} INFO - Started process (PID=256) to work on /home/airflow/.local/lib/python3.12/site-packages/airflow/example_dags/example_branch_python_dop_operator_3.py
[2026-02-28T21:41:37.828+0000] {processor.py:830} INFO - Processing file /home/airflow/.local/lib/python3.12/site-packages/airflow/example_dags/example_branch_python_dop_operator_3.py for tasks to queue
[2026-02-28T21:41:37.830+0000] {logging_mixin.py:188} INFO - [2026-02-28T21:41:37.829+0000] {dagbag.py:545} INFO - Filling up the DagBag from /home/airflow/.local/lib/python3.12/site-packages/airflow/example_dags/example_branch_python_dop_operator_3.py
[2026-02-28T21:41:37.841+0000] {processor.py:840} INFO - DAG(s) 'example_branch_dop_operator_v3' retrieved from /home/airflow/.local/lib/python3.12/site-packages/airflow/example_dags/example_branch_python_dop_operator_3.py
[2026-02-28T21:41:37.887+0000] {logging_mixin.py:188} INFO - [2026-02-28T21:41:37.887+0000] {dag.py:3096} INFO - Sync 1 DAGs
[2026-02-28T21:41:37.907+0000] {logging_mixin.py:188} INFO - [2026-02-28T21:41:37.907+0000] {dag.py:3954} INFO - Setting next_dagrun for example_branch_dop_operator_v3 to 2026-02-28 21:40:00+00:00, run_after=2026-02-28 21:41:00+00:00
[2026-02-28T21:41:37.926+0000] {processor.py:183} INFO - Processing /home/airflow/.local/lib/python3.12/site-packages/airflow/example_dags/example_branch_python_dop_operator_3.py took 0.104 seconds
[2026-02-28T21:42:08.164+0000] {processor.py:161} INFO - Started process (PID=313) to work on /home/airflow/.local/lib/python3.12/site-packages/airflow/example_dags/example_branch_python_dop_operator_3.py
[2026-02-28T21:42:08.166+0000] {processor.py:830} INFO - Processing file /home/airflow/.local/lib/python3.12/site-packages/airflow/example_dags/example_branch_python_dop_operator_3.py for tasks to queue
[2026-02-28T21:42:08.168+0000] {logging_mixin.py:188} INFO - [2026-02-28T21:42:08.167+0000] {dagbag.py:545} INFO - Filling up the DagBag from /home/airflow/.local/lib/python3.12/site-packages/airflow/example_dags/example_branch_python_dop_operator_3.py
[2026-02-28T21:42:08.178+0000] {processor.py:840} INFO - DAG(s) 'example_branch_dop_operator_v3' retrieved from /home/airflow/.local/lib/python3.12/site-packages/airflow/example_dags/example_branch_python_dop_operator_3.py
[2026-02-28T21:42:08.196+0000] {logging_mixin.py:188} INFO - [2026-02-28T21:42:08.196+0000] {dag.py:3096} INFO - Sync 1 DAGs
[2026-02-28T21:42:08.213+0000] {logging_mixin.py:188} INFO - [2026-02-28T21:42:08.213+0000] {dag.py:3954} INFO - Setting next_dagrun for example_branch_dop_operator_v3 to 2026-02-28 21:41:00+00:00, run_after=2026-02-28 21:42:00+00:00
[2026-02-28T21:42:08.222+0000] {processor.py:183} INFO - Processing /home/airflow/.local/lib/python3.12/site-packages/airflow/example_dags/example_branch_python_dop_operator_3.py took 0.064 seconds
[2026-02-28T21:42:38.471+0000] {processor.py:161} INFO - Started process (PID=372) to work on /home/airflow/.local/lib/python3.12/site-packages/airflow/example_dags/example_branch_python_dop_operator_3.py
[2026-02-28T21:42:38.473+0000] {processor.py:830} INFO - Processing file /home/airflow/.local/lib/python3.12/site-packages/airflow/example_dags/example_branch_python_dop_operator_3.py for tasks to queue
[2026-02-28T21:42:38.475+0000] {logging_mixin.py:188} INFO - [2026-02-28T21:42:38.475+0000] {dagbag.py:545} INFO - Filling up the DagBag from /home/airflow/.local/lib/python3.12/site-packages/airflow/example_dags/example_branch_python_dop_operator_3.py
[2026-02-28T21:42:38.485+0000] {processor.py:840} INFO - DAG(s) 'example_branch_dop_operator_v3' retrieved from /home/airflow/.local/lib/python3.12/site-packages/airflow/example_dags/example_branch_python_dop_operator_3.py
[2026-02-28T21:42:38.503+0000] {logging_mixin.py:188} INFO - [2026-02-28T21:42:38.503+0000] {dag.py:3096} INFO - Sync 1 DAGs
[2026-02-28T21:42:38.517+0000] {logging_mixin.py:188} INFO - [2026-02-28T21:42:38.517+0000] {dag.py:3954} INFO - Setting next_dagrun for example_branch_dop_operator_v3 to 2026-02-28 21:41:00+00:00, run_after=2026-02-28 21:42:00+00:00
[2026-02-28T21:42:38.526+0000] {processor.py:183} INFO - Processing /home/airflow/.local/lib/python3.12/site-packages/airflow/example_dags/example_branch_python_dop_operator_3.py took 0.064 seconds
[2026-02-28T21:43:09.252+0000] {processor.py:161} INFO - Started process (PID=430) to work on /home/airflow/.local/lib/python3.12/site-packages/airflow/example_dags/example_branch_python_dop_operator_3.py
[2026-02-28T21:43:09.255+0000] {processor.py:830} INFO - Processing file /home/airflow/.local/lib/python3.12/site-packages/airflow/example_dags/example_branch_python_dop_operator_3.py for tasks to queue
[2026-02-28T21:43:09.258+0000] {logging_mixin.py:188} INFO - [2026-02-28T21:43:09.257+0000] {dagbag.py:545} INFO - Filling up the DagBag from /home/airflow/.local/lib/python3.12/site-packages/airflow/example_dags/example_branch_python_dop_operator_3.py
[2026-02-28T21:43:09.267+0000] {processor.py:840} INFO - DAG(s) 'example_branch_dop_operator_v3' retrieved from /home/airflow/.local/lib/python3.12/site-packages/airflow/example_dags/example_branch_python_dop_operator_3.py
[2026-02-28T21:43:09.285+0000] {logging_mixin.py:188} INFO - [2026-02-28T21:43:09.285+0000] {dag.py:3096} INFO - Sync 1 DAGs
[2026-02-28T21:43:09.301+0000] {logging_mixin.py:188} INFO - [2026-02-28T21:43:09.301+0000] {dag.py:3954} INFO - Setting next_dagrun for example_branch_dop_operator_v3 to 2026-02-28 21:42:00+00:00, run_after=2026-02-28 21:43:00+00:00
[2026-02-28T21:43:09.310+0000] {processor.py:183} INFO - Processing /home/airflow/.local/lib/python3.12/site-packages/airflow/example_dags/example_branch_python_dop_operator_3.py took 0.065 seconds
[2026-02-28T21:43:39.520+0000] {processor.py:161} INFO - Started process (PID=488) to work on /home/airflow/.local/lib/python3.12/site-packages/airflow/example_dags/example_branch_python_dop_operator_3.py
[2026-02-28T21:43:39.521+0000] {processor.py:830} INFO - Processing file /home/airflow/.local/lib/python3.12/site-packages/airflow/example_dags/example_branch_python_dop_operator_3.py for tasks to queue
[2026-02-28T21:43:39.522+0000] {logging_mixin.py:188} INFO - [2026-02-28T21:43:39.522+0000] {dagbag.py:545} INFO - Filling up the DagBag from /home/airflow/.local/lib/python3.12/site-packages/airflow/example_dags/example_branch_python_dop_operator_3.py
[2026-02-28T21:43:39.528+0000] {processor.py:840} INFO - DAG(s) 'example_branch_dop_operator_v3' retrieved from /home/airflow/.local/lib/python3.12/site-packages/airflow/example_dags/example_branch_python_dop_operator_3.py
[2026-02-28T21:43:39.539+0000] {logging_mixin.py:188} INFO - [2026-02-28T21:43:39.539+0000] {dag.py:3096} INFO - Sync 1 DAGs
[2026-02-28T21:43:39.551+0000] {logging_mixin.py:188} INFO - [2026-02-28T21:43:39.551+0000] {dag.py:3954} INFO - Setting next_dagrun for example_branch_dop_operator_v3 to 2026-02-28 21:42:00+00:00, run_after=2026-02-28 21:43:00+00:00
[2026-02-28T21:43:39.560+0000] {processor.py:183} INFO - Processing /home/airflow/.local/lib/python3.12/site-packages/airflow/example_dags/example_branch_python_dop_operator_3.py took 0.044 seconds
[2026-02-28T21:44:43.773+0000] {processor.py:161} INFO - Started process (PID=547) to work on /home/airflow/.local/lib/python3.12/site-packages/airflow/example_dags/example_branch_python_dop_operator_3.py
[2026-02-28T21:44:43.774+0000] {processor.py:830} INFO - Processing file /home/airflow/.local/lib/python3.12/site-packages/airflow/example_dags/example_branch_python_dop_operator_3.py for tasks to queue
[2026-02-28T21:44:43.776+0000] {logging_mixin.py:188} INFO - [2026-02-28T21:44:43.776+0000] {dagbag.py:545} INFO - Filling up the DagBag from /home/airflow/.local/lib/python3.12/site-packages/airflow/example_dags/example_branch_python_dop_operator_3.py
[2026-02-28T21:44:43.785+0000] {processor.py:840} INFO - DAG(s) 'example_branch_dop_operator_v3' retrieved from /home/airflow/.local/lib/python3.12/site-packages/airflow/example_dags/example_branch_python_dop_operator_3.py
[2026-02-28T21:44:43.804+0000] {logging_mixin.py:188} INFO - [2026-02-28T21:44:43.804+0000] {dag.py:3096} INFO - Sync 1 DAGs
[2026-02-28T21:44:43.824+0000] {logging_mixin.py:188} INFO - [2026-02-28T21:44:43.823+0000] {dag.py:3954} INFO - Setting next_dagrun for example_branch_dop_operator_v3 to 2026-02-28 21:43:00+00:00, run_after=2026-02-28 21:44:00+00:00
[2026-02-28T21:44:43.842+0000] {processor.py:183} INFO - Processing /home/airflow/.local/lib/python3.12/site-packages/airflow/example_dags/example_branch_python_dop_operator_3.py took 0.077 seconds
[2026-02-28T21:45:14.234+0000] {processor.py:161} INFO - Started process (PID=605) to work on /home/airflow/.local/lib/python3.12/site-packages/airflow/example_dags/example_branch_python_dop_operator_3.py
[2026-02-28T21:45:14.235+0000] {processor.py:830} INFO - Processing file /home/airflow/.local/lib/python3.12/site-packages/airflow/example_dags/example_branch_python_dop_operator_3.py for tasks to queue
[2026-02-28T21:45:14.236+0000] {logging_mixin.py:188} INFO - [2026-02-28T21:45:14.236+0000] {dagbag.py:545} INFO - Filling up the DagBag from /home/airflow/.local/lib/python3.12/site-packages/airflow/example_dags/example_branch_python_dop_operator_3.py
[2026-02-28T21:45:14.244+0000] {processor.py:840} INFO - DAG(s) 'example_branch_dop_operator_v3' retrieved from /home/airflow/.local/lib/python3.12/site-packages/airflow/example_dags/example_branch_python_dop_operator_3.py
[2026-02-28T21:45:14.254+0000] {logging_mixin.py:188} INFO - [2026-02-28T21:45:14.254+0000] {dag.py:3096} INFO - Sync 1 DAGs
[2026-02-28T21:45:14.265+0000] {logging_mixin.py:188} INFO - [2026-02-28T21:45:14.265+0000] {dag.py:3954} INFO - Setting next_dagrun for example_branch_dop_operator_v3 to 2026-02-28 21:44:00+00:00, run_after=2026-02-28 21:45:00+00:00
[2026-02-28T21:45:14.274+0000] {processor.py:183} INFO - Processing /home/airflow/.local/lib/python3.12/site-packages/airflow/example_dags/example_branch_python_dop_operator_3.py took 0.043 seconds
[2026-02-28T21:45:44.588+0000] {processor.py:161} INFO - Started process (PID=662) to work on /home/airflow/.local/lib/python3.12/site-packages/airflow/example_dags/example_branch_python_dop_operator_3.py
[2026-02-28T21:45:44.589+0000] {processor.py:830} INFO - Processing file /home/airflow/.local/lib/python3.12/site-packages/airflow/example_dags/example_branch_python_dop_operator_3.py for tasks to queue
[2026-02-28T21:45:44.590+0000] {logging_mixin.py:188} INFO - [2026-02-28T21:45:44.590+0000] {dagbag.py:545} INFO - Filling up the DagBag from /home/airflow/.local/lib/python3.12/site-packages/airflow/example_dags/example_branch_python_dop_operator_3.py
[2026-02-28T21:45:44.595+0000] {processor.py:840} INFO - DAG(s) 'example_branch_dop_operator_v3' retrieved from /home/airflow/.local/lib/python3.12/site-packages/airflow/example_dags/example_branch_python_dop_operator_3.py
[2026-02-28T21:45:44.608+0000] {logging_mixin.py:188} INFO - [2026-02-28T21:45:44.607+0000] {dag.py:3096} INFO - Sync 1 DAGs
[2026-02-28T21:45:44.620+0000] {logging_mixin.py:188} INFO - [2026-02-28T21:45:44.620+0000] {dag.py:3954} INFO - Setting next_dagrun for example_branch_dop_operator_v3 to 2026-02-28 21:44:00+00:00, run_after=2026-02-28 21:45:00+00:00
[2026-02-28T21:45:44.632+0000] {processor.py:183} INFO - Processing /home/airflow/.local/lib/python3.12/site-packages/airflow/example_dags/example_branch_python_dop_operator_3.py took 0.048 seconds
[2026-02-28T21:46:15.411+0000] {processor.py:161} INFO - Started process (PID=721) to work on /home/airflow/.local/lib/python3.12/site-packages/airflow/example_dags/example_branch_python_dop_operator_3.py
[2026-02-28T21:46:15.413+0000] {processor.py:830} INFO - Processing file /home/airflow/.local/lib/python3.12/site-packages/airflow/example_dags/example_branch_python_dop_operator_3.py for tasks to queue
[2026-02-28T21:46:15.414+0000] {logging_mixin.py:188} INFO - [2026-02-28T21:46:15.414+0000] {dagbag.py:545} INFO - Filling up the DagBag from /home/airflow/.local/lib/python3.12/site-packages/airflow/example_dags/example_branch_python_dop_operator_3.py
[2026-02-28T21:46:15.426+0000] {processor.py:840} INFO - DAG(s) 'example_branch_dop_operator_v3' retrieved from /home/airflow/.local/lib/python3.12/site-packages/airflow/example_dags/example_branch_python_dop_operator_3.py
[2026-02-28T21:46:15.445+0000] {logging_mixin.py:188} INFO - [2026-02-28T21:46:15.445+0000] {dag.py:3096} INFO - Sync 1 DAGs
[2026-02-28T21:46:15.466+0000] {logging_mixin.py:188} INFO - [2026-02-28T21:46:15.466+0000] {dag.py:3954} INFO - Setting next_dagrun for example_branch_dop_operator_v3 to 2026-02-28 21:45:00+00:00, run_after=2026-02-28 21:46:00+00:00
[2026-02-28T21:46:15.485+0000] {processor.py:183} INFO - Processing /home/airflow/.local/lib/python3.12/site-packages/airflow/example_dags/example_branch_python_dop_operator_3.py took 0.079 seconds
[2026-02-28T21:46:45.864+0000] {processor.py:161} INFO - Started process (PID=778) to work on /home/airflow/.local/lib/python3.12/site-packages/airflow/example_dags/example_branch_python_dop_operator_3.py
[2026-02-28T21:46:45.865+0000] {processor.py:830} INFO - Processing file /home/airflow/.local/lib/python3.12/site-packages/airflow/example_dags/example_branch_python_dop_operator_3.py for tasks to queue
[2026-02-28T21:46:45.866+0000] {logging_mixin.py:188} INFO - [2026-02-28T21:46:45.866+0000] {dagbag.py:545} INFO - Filling up the DagBag from /home/airflow/.local/lib/python3.12/site-packages/airflow/example_dags/example_branch_python_dop_operator_3.py
[2026-02-28T21:46:45.870+0000] {processor.py:840} INFO - DAG(s) 'example_branch_dop_operator_v3' retrieved from /home/airflow/.local/lib/python3.12/site-packages/airflow/example_dags/example_branch_python_dop_operator_3.py
[2026-02-28T21:46:45.882+0000] {logging_mixin.py:188} INFO - [2026-02-28T21:46:45.882+0000] {dag.py:3096} INFO - Sync 1 DAGs
[2026-02-28T21:46:45.898+0000] {logging_mixin.py:188} INFO - [2026-02-28T21:46:45.898+0000] {dag.py:3954} INFO - Setting next_dagrun for example_branch_dop_operator_v3 to 2026-02-28 21:45:00+00:00, run_after=2026-02-28 21:46:00+00:00
[2026-02-28T21:46:45.913+0000] {processor.py:183} INFO - Processing /home/airflow/.local/lib/python3.12/site-packages/airflow/example_dags/example_branch_python_dop_operator_3.py took 0.053 seconds
[2026-02-28T21:47:16.884+0000] {processor.py:161} INFO - Started process (PID=836) to work on /home/airflow/.local/lib/python3.12/site-packages/airflow/example_dags/example_branch_python_dop_operator_3.py
[2026-02-28T21:47:16.885+0000] {processor.py:830} INFO - Processing file /home/airflow/.local/lib/python3.12/site-packages/airflow/example_dags/example_branch_python_dop_operator_3.py for tasks to queue
[2026-02-28T21:47:16.887+0000] {logging_mixin.py:188} INFO - [2026-02-28T21:47:16.886+0000] {dagbag.py:545} INFO - Filling up the DagBag from /home/airflow/.local/lib/python3.12/site-packages/airflow/example_dags/example_branch_python_dop_operator_3.py
[2026-02-28T21:47:16.891+0000] {processor.py:840} INFO - DAG(s) 'example_branch_dop_operator_v3' retrieved from /home/airflow/.local/lib/python3.12/site-packages/airflow/example_dags/example_branch_python_dop_operator_3.py
[2026-02-28T21:47:16.906+0000] {logging_mixin.py:188} INFO - [2026-02-28T21:47:16.906+0000] {dag.py:3096} INFO - Sync 1 DAGs
[2026-02-28T21:47:16.918+0000] {logging_mixin.py:188} INFO - [2026-02-28T21:47:16.918+0000] {dag.py:3954} INFO - Setting next_dagrun for example_branch_dop_operator_v3 to 2026-02-28 21:46:00+00:00, run_after=2026-02-28 21:47:00+00:00
[2026-02-28T21:47:16.932+0000] {processor.py:183} INFO - Processing /home/airflow/.local/lib/python3.12/site-packages/airflow/example_dags/example_branch_python_dop_operator_3.py took 0.051 seconds
[2026-02-28T21:47:47.779+0000] {processor.py:161} INFO - Started process (PID=894) to work on /home/airflow/.local/lib/python3.12/site-packages/airflow/example_dags/example_branch_python_dop_operator_3.py
[2026-02-28T21:47:47.780+0000] {processor.py:830} INFO - Processing file /home/airflow/.local/lib/python3.12/site-packages/airflow/example_dags/example_branch_python_dop_operator_3.py for tasks to queue
[2026-02-28T21:47:47.781+0000] {logging_mixin.py:188} INFO - [2026-02-28T21:47:47.781+0000] {dagbag.py:545} INFO - Filling up the DagBag from /home/airflow/.local/lib/python3.12/site-packages/airflow/example_dags/example_branch_python_dop_operator_3.py
[2026-02-28T21:47:47.787+0000] {processor.py:840} INFO - DAG(s) 'example_branch_dop_operator_v3' retrieved from /home/airflow/.local/lib/python3.12/site-packages/airflow/example_dags/example_branch_python_dop_operator_3.py
[2026-02-28T21:47:47.804+0000] {logging_mixin.py:188} INFO - [2026-02-28T21:47:47.804+0000] {dag.py:3096} INFO - Sync 1 DAGs
[2026-02-28T21:47:47.817+0000] {logging_mixin.py:188} INFO - [2026-02-28T21:47:47.817+0000] {dag.py:3954} INFO - Setting next_dagrun for example_branch_dop_operator_v3 to 2026-02-28 21:46:00+00:00, run_after=2026-02-28 21:47:00+00:00
[2026-02-28T21:47:47.832+0000] {processor.py:183} INFO - Processing /home/airflow/.local/lib/python3.12/site-packages/airflow/example_dags/example_branch_python_dop_operator_3.py took 0.056 seconds
[2026-02-28T21:48:18.736+0000] {processor.py:161} INFO - Started process (PID=953) to work on /home/airflow/.local/lib/python3.12/site-packages/airflow/example_dags/example_branch_python_dop_operator_3.py
[2026-02-28T21:48:18.737+0000] {processor.py:830} INFO - Processing file /home/airflow/.local/lib/python3.12/site-packages/airflow/example_dags/example_branch_python_dop_operator_3.py for tasks to queue
[2026-02-28T21:48:18.739+0000] {logging_mixin.py:188} INFO - [2026-02-28T21:48:18.739+0000] {dagbag.py:545} INFO - Filling up the DagBag from /home/airflow/.local/lib/python3.12/site-packages/airflow/example_dags/example_branch_python_dop_operator_3.py
[2026-02-28T21:48:18.745+0000] {processor.py:840} INFO - DAG(s) 'example_branch_dop_operator_v3' retrieved from /home/airflow/.local/lib/python3.12/site-packages/airflow/example_dags/example_branch_python_dop_operator_3.py
[2026-02-28T21:48:18.763+0000] {logging_mixin.py:188} INFO - [2026-02-28T21:48:18.763+0000] {dag.py:3096} INFO - Sync 1 DAGs
[2026-02-28T21:48:18.786+0000] {logging_mixin.py:188} INFO - [2026-02-28T21:48:18.786+0000] {dag.py:3954} INFO - Setting next_dagrun for example_branch_dop_operator_v3 to 2026-02-28 21:47:00+00:00, run_after=2026-02-28 21:48:00+00:00
[2026-02-28T21:48:18.800+0000] {processor.py:183} INFO - Processing /home/airflow/.local/lib/python3.12/site-packages/airflow/example_dags/example_branch_python_dop_operator_3.py took 0.068 seconds
[2026-02-28T21:48:49.829+0000] {processor.py:161} INFO - Started process (PID=1010) to work on /home/airflow/.local/lib/python3.12/site-packages/airflow/example_dags/example_branch_python_dop_operator_3.py
[2026-02-28T21:48:49.831+0000] {processor.py:830} INFO - Processing file /home/airflow/.local/lib/python3.12/site-packages/airflow/example_dags/example_branch_python_dop_operator_3.py for tasks to queue
[2026-02-28T21:48:49.833+0000] {logging_mixin.py:188} INFO - [2026-02-28T21:48:49.832+0000] {dagbag.py:545} INFO - Filling up the DagBag from /home/airflow/.local/lib/python3.12/site-packages/airflow/example_dags/example_branch_python_dop_operator_3.py
[2026-02-28T21:48:49.843+0000] {processor.py:840} INFO - DAG(s) 'example_branch_dop_operator_v3' retrieved from /home/airflow/.local/lib/python3.12/site-packages/airflow/example_dags/example_branch_python_dop_operator_3.py
[2026-02-28T21:48:49.868+0000] {logging_mixin.py:188} INFO - [2026-02-28T21:48:49.868+0000] {dag.py:3096} INFO - Sync 1 DAGs
[2026-02-28T21:48:49.885+0000] {logging_mixin.py:188} INFO - [2026-02-28T21:48:49.885+0000] {dag.py:3954} INFO - Setting next_dagrun for example_branch_dop_operator_v3 to 2026-02-28 21:47:00+00:00, run_after=2026-02-28 21:48:00+00:00
[2026-02-28T21:48:49.897+0000] {processor.py:183} INFO - Processing /home/airflow/.local/lib/python3.12/site-packages/airflow/example_dags/example_branch_python_dop_operator_3.py took 0.071 seconds
[2026-02-28T21:49:20.604+0000] {processor.py:161} INFO - Started process (PID=1068) to work on /home/airflow/.local/lib/python3.12/site-packages/airflow/example_dags/example_branch_python_dop_operator_3.py
[2026-02-28T21:49:20.605+0000] {processor.py:830} INFO - Processing file /home/airflow/.local/lib/python3.12/site-packages/airflow/example_dags/example_branch_python_dop_operator_3.py for tasks to queue
[2026-02-28T21:49:20.606+0000] {logging_mixin.py:188} INFO - [2026-02-28T21:49:20.606+0000] {dagbag.py:545} INFO - Filling up the DagBag from /home/airflow/.local/lib/python3.12/site-packages/airflow/example_dags/example_branch_python_dop_operator_3.py
[2026-02-28T21:49:20.612+0000] {processor.py:840} INFO - DAG(s) 'example_branch_dop_operator_v3' retrieved from /home/airflow/.local/lib/python3.12/site-packages/airflow/example_dags/example_branch_python_dop_operator_3.py
[2026-02-28T21:49:20.629+0000] {logging_mixin.py:188} INFO - [2026-02-28T21:49:20.628+0000] {dag.py:3096} INFO - Sync 1 DAGs
[2026-02-28T21:49:20.646+0000] {logging_mixin.py:188} INFO - [2026-02-28T21:49:20.645+0000] {dag.py:3954} INFO - Setting next_dagrun for example_branch_dop_operator_v3 to 2026-02-28 21:48:00+00:00, run_after=2026-02-28 21:49:00+00:00
[2026-02-28T21:49:20.660+0000] {processor.py:183} INFO - Processing /home/airflow/.local/lib/python3.12/site-packages/airflow/example_dags/example_branch_python_dop_operator_3.py took 0.062 seconds
[2026-02-28T21:49:53.482+0000] {processor.py:161} INFO - Started process (PID=1127) to work on /home/airflow/.local/lib/python3.12/site-packages/airflow/example_dags/example_branch_python_dop_operator_3.py
[2026-02-28T21:49:53.487+0000] {processor.py:830} INFO - Processing file /home/airflow/.local/lib/python3.12/site-packages/airflow/example_dags/example_branch_python_dop_operator_3.py for tasks to queue
[2026-02-28T21:49:53.496+0000] {logging_mixin.py:188} INFO - [2026-02-28T21:49:53.495+0000] {dagbag.py:545} INFO - Filling up the DagBag from /home/airflow/.local/lib/python3.12/site-packages/airflow/example_dags/example_branch_python_dop_operator_3.py
[2026-02-28T21:49:53.524+0000] {processor.py:840} INFO - DAG(s) 'example_branch_dop_operator_v3' retrieved from /home/airflow/.local/lib/python3.12/site-packages/airflow/example_dags/example_branch_python_dop_operator_3.py
[2026-02-28T21:49:53.654+0000] {logging_mixin.py:188} INFO - [2026-02-28T21:49:53.653+0000] {dag.py:3096} INFO - Sync 1 DAGs
[2026-02-28T21:49:53.757+0000] {logging_mixin.py:188} INFO - [2026-02-28T21:49:53.757+0000] {dag.py:3954} INFO - Setting next_dagrun for example_branch_dop_operator_v3 to 2026-02-28 21:48:00+00:00, run_after=2026-02-28 21:49:00+00:00
[2026-02-28T21:49:53.837+0000] {processor.py:183} INFO - Processing /home/airflow/.local/lib/python3.12/site-packages/airflow/example_dags/example_branch_python_dop_operator_3.py took 0.379 seconds
[2026-02-28T21:50:24.233+0000] {processor.py:161} INFO - Started process (PID=1185) to work on /home/airflow/.local/lib/python3.12/site-packages/airflow/example_dags/example_branch_python_dop_operator_3.py
[2026-02-28T21:50:24.234+0000] {processor.py:830} INFO - Processing file /home/airflow/.local/lib/python3.12/site-packages/airflow/example_dags/example_branch_python_dop_operator_3.py for tasks to queue
[2026-02-28T21:50:24.238+0000] {logging_mixin.py:188} INFO - [2026-02-28T21:50:24.238+0000] {dagbag.py:545} INFO - Filling up the DagBag from /home/airflow/.local/lib/python3.12/site-packages/airflow/example_dags/example_branch_python_dop_operator_3.py
[2026-02-28T21:50:24.250+0000] {processor.py:840} INFO - DAG(s) 'example_branch_dop_operator_v3' retrieved from /home/airflow/.local/lib/python3.12/site-packages/airflow/example_dags/example_branch_python_dop_operator_3.py
[2026-02-28T21:50:24.276+0000] {logging_mixin.py:188} INFO - [2026-02-28T21:50:24.276+0000] {dag.py:3096} INFO - Sync 1 DAGs
[2026-02-28T21:50:24.294+0000] {logging_mixin.py:188} INFO - [2026-02-28T21:50:24.293+0000] {dag.py:3954} INFO - Setting next_dagrun for example_branch_dop_operator_v3 to 2026-02-28 21:49:00+00:00, run_after=2026-02-28 21:50:00+00:00
[2026-02-28T21:50:24.311+0000] {processor.py:183} INFO - Processing /home/airflow/.local/lib/python3.12/site-packages/airflow/example_dags/example_branch_python_dop_operator_3.py took 0.085 seconds
[2026-02-28T21:50:54.481+0000] {processor.py:161} INFO - Started process (PID=1242) to work on /home/airflow/.local/lib/python3.12/site-packages/airflow/example_dags/example_branch_python_dop_operator_3.py
[2026-02-28T21:50:54.482+0000] {processor.py:830} INFO - Processing file /home/airflow/.local/lib/python3.12/site-packages/airflow/example_dags/example_branch_python_dop_operator_3.py for tasks to queue
[2026-02-28T21:50:54.484+0000] {logging_mixin.py:188} INFO - [2026-02-28T21:50:54.484+0000] {dagbag.py:545} INFO - Filling up the DagBag from /home/airflow/.local/lib/python3.12/site-packages/airflow/example_dags/example_branch_python_dop_operator_3.py
[2026-02-28T21:50:54.493+0000] {processor.py:840} INFO - DAG(s) 'example_branch_dop_operator_v3' retrieved from /home/airflow/.local/lib/python3.12/site-packages/airflow/example_dags/example_branch_python_dop_operator_3.py
[2026-02-28T21:50:54.519+0000] {logging_mixin.py:188} INFO - [2026-02-28T21:50:54.519+0000] {dag.py:3096} INFO - Sync 1 DAGs
[2026-02-28T21:50:54.543+0000] {logging_mixin.py:188} INFO - [2026-02-28T21:50:54.543+0000] {dag.py:3954} INFO - Setting next_dagrun for example_branch_dop_operator_v3 to 2026-02-28 21:49:00+00:00, run_after=2026-02-28 21:50:00+00:00
[2026-02-28T21:50:54.559+0000] {processor.py:183} INFO - Processing /home/airflow/.local/lib/python3.12/site-packages/airflow/example_dags/example_branch_python_dop_operator_3.py took 0.084 seconds
[2026-02-28T21:51:24.689+0000] {processor.py:161} INFO - Started process (PID=1300) to work on /home/airflow/.local/lib/python3.12/site-packages/airflow/example_dags/example_branch_python_dop_operator_3.py
[2026-02-28T21:51:24.691+0000] {processor.py:830} INFO - Processing file /home/airflow/.local/lib/python3.12/site-packages/airflow/example_dags/example_branch_python_dop_operator_3.py for tasks to queue
[2026-02-28T21:51:24.693+0000] {logging_mixin.py:188} INFO - [2026-02-28T21:51:24.693+0000] {dagbag.py:545} INFO - Filling up the DagBag from /home/airflow/.local/lib/python3.12/site-packages/airflow/example_dags/example_branch_python_dop_operator_3.py
[2026-02-28T21:51:24.704+0000] {processor.py:840} INFO - DAG(s) 'example_branch_dop_operator_v3' retrieved from /home/airflow/.local/lib/python3.12/site-packages/airflow/example_dags/example_branch_python_dop_operator_3.py
[2026-02-28T21:51:24.720+0000] {logging_mixin.py:188} INFO - [2026-02-28T21:51:24.719+0000] {dag.py:3096} INFO - Sync 1 DAGs
[2026-02-28T21:51:24.737+0000] {logging_mixin.py:188} INFO - [2026-02-28T21:51:24.737+0000] {dag.py:3954} INFO - Setting next_dagrun for example_branch_dop_operator_v3 to 2026-02-28 21:50:00+00:00, run_after=2026-02-28 21:51:00+00:00
[2026-02-28T21:51:24.748+0000] {processor.py:183} INFO - Processing /home/airflow/.local/lib/python3.12/site-packages/airflow/example_dags/example_branch_python_dop_operator_3.py took 0.071 seconds
[2026-02-28T21:51:55.649+0000] {processor.py:161} INFO - Started process (PID=1358) to work on /home/airflow/.local/lib/python3.12/site-packages/airflow/example_dags/example_branch_python_dop_operator_3.py
[2026-02-28T21:51:55.650+0000] {processor.py:830} INFO - Processing file /home/airflow/.local/lib/python3.12/site-packages/airflow/example_dags/example_branch_python_dop_operator_3.py for tasks to queue
[2026-02-28T21:51:55.654+0000] {logging_mixin.py:188} INFO - [2026-02-28T21:51:55.654+0000] {dagbag.py:545} INFO - Filling up the DagBag from /home/airflow/.local/lib/python3.12/site-packages/airflow/example_dags/example_branch_python_dop_operator_3.py
[2026-02-28T21:51:55.665+0000] {processor.py:840} INFO - DAG(s) 'example_branch_dop_operator_v3' retrieved from /home/airflow/.local/lib/python3.12/site-packages/airflow/example_dags/example_branch_python_dop_operator_3.py
[2026-02-28T21:51:55.688+0000] {logging_mixin.py:188} INFO - [2026-02-28T21:51:55.688+0000] {dag.py:3096} INFO - Sync 1 DAGs
[2026-02-28T21:51:55.706+0000] {logging_mixin.py:188} INFO - [2026-02-28T21:51:55.706+0000] {dag.py:3954} INFO - Setting next_dagrun for example_branch_dop_operator_v3 to 2026-02-28 21:50:00+00:00, run_after=2026-02-28 21:51:00+00:00
[2026-02-28T21:51:55.721+0000] {processor.py:183} INFO - Processing /home/airflow/.local/lib/python3.12/site-packages/airflow/example_dags/example_branch_python_dop_operator_3.py took 0.084 seconds
[2026-02-28T21:52:26.463+0000] {processor.py:161} INFO - Started process (PID=1416) to work on /home/airflow/.local/lib/python3.12/site-packages/airflow/example_dags/example_branch_python_dop_operator_3.py
[2026-02-28T21:52:26.468+0000] {processor.py:830} INFO - Processing file /home/airflow/.local/lib/python3.12/site-packages/airflow/example_dags/example_branch_python_dop_operator_3.py for tasks to queue
[2026-02-28T21:52:26.470+0000] {logging_mixin.py:188} INFO - [2026-02-28T21:52:26.470+0000] {dagbag.py:545} INFO - Filling up the DagBag from /home/airflow/.local/lib/python3.12/site-packages/airflow/example_dags/example_branch_python_dop_operator_3.py
[2026-02-28T21:52:26.484+0000] {processor.py:840} INFO - DAG(s) 'example_branch_dop_operator_v3' retrieved from /home/airflow/.local/lib/python3.12/site-packages/airflow/example_dags/example_branch_python_dop_operator_3.py
[2026-02-28T21:52:26.513+0000] {logging_mixin.py:188} INFO - [2026-02-28T21:52:26.513+0000] {dag.py:3096} INFO - Sync 1 DAGs
[2026-02-28T21:52:26.534+0000] {logging_mixin.py:188} INFO - [2026-02-28T21:52:26.534+0000] {dag.py:3954} INFO - Setting next_dagrun for example_branch_dop_operator_v3 to 2026-02-28 21:51:00+00:00, run_after=2026-02-28 21:52:00+00:00
[2026-02-28T21:52:26.555+0000] {processor.py:183} INFO - Processing /home/airflow/.local/lib/python3.12/site-packages/airflow/example_dags/example_branch_python_dop_operator_3.py took 0.110 seconds
[2026-02-28T21:52:57.526+0000] {processor.py:161} INFO - Started process (PID=1474) to work on /home/airflow/.local/lib/python3.12/site-packages/airflow/example_dags/example_branch_python_dop_operator_3.py
[2026-02-28T21:52:57.527+0000] {processor.py:830} INFO - Processing file /home/airflow/.local/lib/python3.12/site-packages/airflow/example_dags/example_branch_python_dop_operator_3.py for tasks to queue
[2026-02-28T21:52:57.528+0000] {logging_mixin.py:188} INFO - [2026-02-28T21:52:57.528+0000] {dagbag.py:545} INFO - Filling up the DagBag from /home/airflow/.local/lib/python3.12/site-packages/airflow/example_dags/example_branch_python_dop_operator_3.py
[2026-02-28T21:52:57.535+0000] {processor.py:840} INFO - DAG(s) 'example_branch_dop_operator_v3' retrieved from /home/airflow/.local/lib/python3.12/site-packages/airflow/example_dags/example_branch_python_dop_operator_3.py
[2026-02-28T21:52:57.552+0000] {logging_mixin.py:188} INFO - [2026-02-28T21:52:57.552+0000] {dag.py:3096} INFO - Sync 1 DAGs
[2026-02-28T21:52:57.571+0000] {logging_mixin.py:188} INFO - [2026-02-28T21:52:57.571+0000] {dag.py:3954} INFO - Setting next_dagrun for example_branch_dop_operator_v3 to 2026-02-28 21:51:00+00:00, run_after=2026-02-28 21:52:00+00:00
[2026-02-28T21:52:57.589+0000] {processor.py:183} INFO - Processing /home/airflow/.local/lib/python3.12/site-packages/airflow/example_dags/example_branch_python_dop_operator_3.py took 0.069 seconds
[2026-02-28T21:53:28.393+0000] {processor.py:161} INFO - Started process (PID=1532) to work on /home/airflow/.local/lib/python3.12/site-packages/airflow/example_dags/example_branch_python_dop_operator_3.py
[2026-02-28T21:53:28.395+0000] {processor.py:830} INFO - Processing file /home/airflow/.local/lib/python3.12/site-packages/airflow/example_dags/example_branch_python_dop_operator_3.py for tasks to queue
[2026-02-28T21:53:28.397+0000] {logging_mixin.py:188} INFO - [2026-02-28T21:53:28.397+0000] {dagbag.py:545} INFO - Filling up the DagBag from /home/airflow/.local/lib/python3.12/site-packages/airflow/example_dags/example_branch_python_dop_operator_3.py
[2026-02-28T21:53:28.412+0000] {processor.py:840} INFO - DAG(s) 'example_branch_dop_operator_v3' retrieved from /home/airflow/.local/lib/python3.12/site-packages/airflow/example_dags/example_branch_python_dop_operator_3.py
[2026-02-28T21:53:28.431+0000] {logging_mixin.py:188} INFO - [2026-02-28T21:53:28.431+0000] {dag.py:3096} INFO - Sync 1 DAGs
[2026-02-28T21:53:28.451+0000] {logging_mixin.py:188} INFO - [2026-02-28T21:53:28.451+0000] {dag.py:3954} INFO - Setting next_dagrun for example_branch_dop_operator_v3 to 2026-02-28 21:52:00+00:00, run_after=2026-02-28 21:53:00+00:00
[2026-02-28T21:53:28.468+0000] {processor.py:183} INFO - Processing /home/airflow/.local/lib/python3.12/site-packages/airflow/example_dags/example_branch_python_dop_operator_3.py took 0.084 seconds
[2026-02-28T21:53:59.269+0000] {processor.py:161} INFO - Started process (PID=1590) to work on /home/airflow/.local/lib/python3.12/site-packages/airflow/example_dags/example_branch_python_dop_operator_3.py
[2026-02-28T21:53:59.271+0000] {processor.py:830} INFO - Processing file /home/airflow/.local/lib/python3.12/site-packages/airflow/example_dags/example_branch_python_dop_operator_3.py for tasks to queue
[2026-02-28T21:53:59.275+0000] {logging_mixin.py:188} INFO - [2026-02-28T21:53:59.274+0000] {dagbag.py:545} INFO - Filling up the DagBag from /home/airflow/.local/lib/python3.12/site-packages/airflow/example_dags/example_branch_python_dop_operator_3.py
[2026-02-28T21:53:59.288+0000] {processor.py:840} INFO - DAG(s) 'example_branch_dop_operator_v3' retrieved from /home/airflow/.local/lib/python3.12/site-packages/airflow/example_dags/example_branch_python_dop_operator_3.py
[2026-02-28T21:53:59.308+0000] {logging_mixin.py:188} INFO - [2026-02-28T21:53:59.308+0000] {dag.py:3096} INFO - Sync 1 DAGs
[2026-02-28T21:53:59.325+0000] {logging_mixin.py:188} INFO - [2026-02-28T21:53:59.325+0000] {dag.py:3954} INFO - Setting next_dagrun for example_branch_dop_operator_v3 to 2026-02-28 21:52:00+00:00, run_after=2026-02-28 21:53:00+00:00
[2026-02-28T21:53:59.338+0000] {processor.py:183} INFO - Processing /home/airflow/.local/lib/python3.12/site-packages/airflow/example_dags/example_branch_python_dop_operator_3.py took 0.078 seconds
[2026-02-28T21:54:29.671+0000] {processor.py:161} INFO - Started process (PID=1648) to work on /home/airflow/.local/lib/python3.12/site-packages/airflow/example_dags/example_branch_python_dop_operator_3.py
[2026-02-28T21:54:29.674+0000] {processor.py:830} INFO - Processing file /home/airflow/.local/lib/python3.12/site-packages/airflow/example_dags/example_branch_python_dop_operator_3.py for tasks to queue
[2026-02-28T21:54:29.681+0000] {logging_mixin.py:188} INFO - [2026-02-28T21:54:29.681+0000] {dagbag.py:545} INFO - Filling up the DagBag from /home/airflow/.local/lib/python3.12/site-packages/airflow/example_dags/example_branch_python_dop_operator_3.py
[2026-02-28T21:54:29.720+0000] {processor.py:840} INFO - DAG(s) 'example_branch_dop_operator_v3' retrieved from /home/airflow/.local/lib/python3.12/site-packages/airflow/example_dags/example_branch_python_dop_operator_3.py
[2026-02-28T21:54:29.764+0000] {logging_mixin.py:188} INFO - [2026-02-28T21:54:29.763+0000] {dag.py:3096} INFO - Sync 1 DAGs
[2026-02-28T21:54:29.821+0000] {logging_mixin.py:188} INFO - [2026-02-28T21:54:29.819+0000] {dag.py:3954} INFO - Setting next_dagrun for example_branch_dop_operator_v3 to 2026-02-28 21:53:00+00:00, run_after=2026-02-28 21:54:00+00:00
[2026-02-28T21:54:29.867+0000] {processor.py:183} INFO - Processing /home/airflow/.local/lib/python3.12/site-packages/airflow/example_dags/example_branch_python_dop_operator_3.py took 0.213 seconds
[2026-02-28T21:55:00.572+0000] {processor.py:161} INFO - Started process (PID=1715) to work on /home/airflow/.local/lib/python3.12/site-packages/airflow/example_dags/example_branch_python_dop_operator_3.py
[2026-02-28T21:55:00.579+0000] {processor.py:830} INFO - Processing file /home/airflow/.local/lib/python3.12/site-packages/airflow/example_dags/example_branch_python_dop_operator_3.py for tasks to queue
[2026-02-28T21:55:00.600+0000] {logging_mixin.py:188} INFO - [2026-02-28T21:55:00.598+0000] {dagbag.py:545} INFO - Filling up the DagBag from /home/airflow/.local/lib/python3.12/site-packages/airflow/example_dags/example_branch_python_dop_operator_3.py
[2026-02-28T21:55:00.631+0000] {processor.py:840} INFO - DAG(s) 'example_branch_dop_operator_v3' retrieved from /home/airflow/.local/lib/python3.12/site-packages/airflow/example_dags/example_branch_python_dop_operator_3.py
[2026-02-28T21:55:00.706+0000] {logging_mixin.py:188} INFO - [2026-02-28T21:55:00.705+0000] {dag.py:3096} INFO - Sync 1 DAGs
[2026-02-28T21:55:00.763+0000] {logging_mixin.py:188} INFO - [2026-02-28T21:55:00.763+0000] {dag.py:3954} INFO - Setting next_dagrun for example_branch_dop_operator_v3 to 2026-02-28 21:54:00+00:00, run_after=2026-02-28 21:55:00+00:00
[2026-02-28T21:55:00.803+0000] {processor.py:183} INFO - Processing /home/airflow/.local/lib/python3.12/site-packages/airflow/example_dags/example_branch_python_dop_operator_3.py took 0.257 seconds
[2026-02-28T21:55:33.590+0000] {processor.py:161} INFO - Started process (PID=1773) to work on /home/airflow/.local/lib/python3.12/site-packages/airflow/example_dags/example_branch_python_dop_operator_3.py
[2026-02-28T21:55:33.592+0000] {processor.py:830} INFO - Processing file /home/airflow/.local/lib/python3.12/site-packages/airflow/example_dags/example_branch_python_dop_operator_3.py for tasks to queue
[2026-02-28T21:55:33.598+0000] {logging_mixin.py:188} INFO - [2026-02-28T21:55:33.597+0000] {dagbag.py:545} INFO - Filling up the DagBag from /home/airflow/.local/lib/python3.12/site-packages/airflow/example_dags/example_branch_python_dop_operator_3.py
[2026-02-28T21:55:33.642+0000] {processor.py:840} INFO - DAG(s) 'example_branch_dop_operator_v3' retrieved from /home/airflow/.local/lib/python3.12/site-packages/airflow/example_dags/example_branch_python_dop_operator_3.py
[2026-02-28T21:55:33.727+0000] {logging_mixin.py:188} INFO - [2026-02-28T21:55:33.726+0000] {dag.py:3096} INFO - Sync 1 DAGs
[2026-02-28T21:55:33.777+0000] {logging_mixin.py:188} INFO - [2026-02-28T21:55:33.777+0000] {dag.py:3954} INFO - Setting next_dagrun for example_branch_dop_operator_v3 to 2026-02-28 21:54:00+00:00, run_after=2026-02-28 21:55:00+00:00
[2026-02-28T21:55:33.821+0000] {processor.py:183} INFO - Processing /home/airflow/.local/lib/python3.12/site-packages/airflow/example_dags/example_branch_python_dop_operator_3.py took 0.242 seconds
[2026-02-28T21:56:04.843+0000] {processor.py:161} INFO - Started process (PID=1831) to work on /home/airflow/.local/lib/python3.12/site-packages/airflow/example_dags/example_branch_python_dop_operator_3.py
[2026-02-28T21:56:04.849+0000] {processor.py:830} INFO - Processing file /home/airflow/.local/lib/python3.12/site-packages/airflow/example_dags/example_branch_python_dop_operator_3.py for tasks to queue
[2026-02-28T21:56:04.861+0000] {logging_mixin.py:188} INFO - [2026-02-28T21:56:04.861+0000] {dagbag.py:545} INFO - Filling up the DagBag from /home/airflow/.local/lib/python3.12/site-packages/airflow/example_dags/example_branch_python_dop_operator_3.py
[2026-02-28T21:56:04.905+0000] {processor.py:840} INFO - DAG(s) 'example_branch_dop_operator_v3' retrieved from /home/airflow/.local/lib/python3.12/site-packages/airflow/example_dags/example_branch_python_dop_operator_3.py
[2026-02-28T21:56:04.980+0000] {logging_mixin.py:188} INFO - [2026-02-28T21:56:04.979+0000] {dag.py:3096} INFO - Sync 1 DAGs
[2026-02-28T21:56:05.027+0000] {logging_mixin.py:188} INFO - [2026-02-28T21:56:05.026+0000] {dag.py:3954} INFO - Setting next_dagrun for example_branch_dop_operator_v3 to 2026-02-28 21:55:00+00:00, run_after=2026-02-28 21:56:00+00:00
[2026-02-28T21:56:05.077+0000] {processor.py:183} INFO - Processing /home/airflow/.local/lib/python3.12/site-packages/airflow/example_dags/example_branch_python_dop_operator_3.py took 0.269 seconds
[2026-02-28T21:56:35.779+0000] {processor.py:161} INFO - Started process (PID=1889) to work on /home/airflow/.local/lib/python3.12/site-packages/airflow/example_dags/example_branch_python_dop_operator_3.py
[2026-02-28T21:56:35.784+0000] {processor.py:830} INFO - Processing file /home/airflow/.local/lib/python3.12/site-packages/airflow/example_dags/example_branch_python_dop_operator_3.py for tasks to queue
[2026-02-28T21:56:35.789+0000] {logging_mixin.py:188} INFO - [2026-02-28T21:56:35.789+0000] {dagbag.py:545} INFO - Filling up the DagBag from /home/airflow/.local/lib/python3.12/site-packages/airflow/example_dags/example_branch_python_dop_operator_3.py
[2026-02-28T21:56:35.800+0000] {processor.py:840} INFO - DAG(s) 'example_branch_dop_operator_v3' retrieved from /home/airflow/.local/lib/python3.12/site-packages/airflow/example_dags/example_branch_python_dop_operator_3.py
[2026-02-28T21:56:35.821+0000] {logging_mixin.py:188} INFO - [2026-02-28T21:56:35.820+0000] {dag.py:3096} INFO - Sync 1 DAGs
[2026-02-28T21:56:35.843+0000] {logging_mixin.py:188} INFO - [2026-02-28T21:56:35.843+0000] {dag.py:3954} INFO - Setting next_dagrun for example_branch_dop_operator_v3 to 2026-02-28 21:55:00+00:00, run_after=2026-02-28 21:56:00+00:00
[2026-02-28T21:56:35.860+0000] {processor.py:183} INFO - Processing /home/airflow/.local/lib/python3.12/site-packages/airflow/example_dags/example_branch_python_dop_operator_3.py took 0.088 seconds
[2026-02-28T21:57:06.058+0000] {processor.py:161} INFO - Started process (PID=1947) to work on /home/airflow/.local/lib/python3.12/site-packages/airflow/example_dags/example_branch_python_dop_operator_3.py
[2026-02-28T21:57:06.060+0000] {processor.py:830} INFO - Processing file /home/airflow/.local/lib/python3.12/site-packages/airflow/example_dags/example_branch_python_dop_operator_3.py for tasks to queue
[2026-02-28T21:57:06.063+0000] {logging_mixin.py:188} INFO - [2026-02-28T21:57:06.063+0000] {dagbag.py:545} INFO - Filling up the DagBag from /home/airflow/.local/lib/python3.12/site-packages/airflow/example_dags/example_branch_python_dop_operator_3.py
[2026-02-28T21:57:06.072+0000] {processor.py:840} INFO - DAG(s) 'example_branch_dop_operator_v3' retrieved from /home/airflow/.local/lib/python3.12/site-packages/airflow/example_dags/example_branch_python_dop_operator_3.py
[2026-02-28T21:57:06.091+0000] {logging_mixin.py:188} INFO - [2026-02-28T21:57:06.091+0000] {dag.py:3096} INFO - Sync 1 DAGs
[2026-02-28T21:57:06.106+0000] {logging_mixin.py:188} INFO - [2026-02-28T21:57:06.105+0000] {dag.py:3954} INFO - Setting next_dagrun for example_branch_dop_operator_v3 to 2026-02-28 21:56:00+00:00, run_after=2026-02-28 21:57:00+00:00
[2026-02-28T21:57:06.119+0000] {processor.py:183} INFO - Processing /home/airflow/.local/lib/python3.12/site-packages/airflow/example_dags/example_branch_python_dop_operator_3.py took 0.069 seconds
[2026-02-28T21:57:36.432+0000] {processor.py:161} INFO - Started process (PID=2005) to work on /home/airflow/.local/lib/python3.12/site-packages/airflow/example_dags/example_branch_python_dop_operator_3.py
[2026-02-28T21:57:36.436+0000] {processor.py:830} INFO - Processing file /home/airflow/.local/lib/python3.12/site-packages/airflow/example_dags/example_branch_python_dop_operator_3.py for tasks to queue
[2026-02-28T21:57:36.438+0000] {logging_mixin.py:188} INFO - [2026-02-28T21:57:36.438+0000] {dagbag.py:545} INFO - Filling up the DagBag from /home/airflow/.local/lib/python3.12/site-packages/airflow/example_dags/example_branch_python_dop_operator_3.py
[2026-02-28T21:57:36.449+0000] {processor.py:840} INFO - DAG(s) 'example_branch_dop_operator_v3' retrieved from /home/airflow/.local/lib/python3.12/site-packages/airflow/example_dags/example_branch_python_dop_operator_3.py
[2026-02-28T21:57:36.470+0000] {logging_mixin.py:188} INFO - [2026-02-28T21:57:36.469+0000] {dag.py:3096} INFO - Sync 1 DAGs
[2026-02-28T21:57:36.489+0000] {logging_mixin.py:188} INFO - [2026-02-28T21:57:36.489+0000] {dag.py:3954} INFO - Setting next_dagrun for example_branch_dop_operator_v3 to 2026-02-28 21:56:00+00:00, run_after=2026-02-28 21:57:00+00:00
[2026-02-28T21:57:36.510+0000] {processor.py:183} INFO - Processing /home/airflow/.local/lib/python3.12/site-packages/airflow/example_dags/example_branch_python_dop_operator_3.py took 0.084 seconds
[2026-02-28T21:58:06.677+0000] {processor.py:161} INFO - Started process (PID=2063) to work on /home/airflow/.local/lib/python3.12/site-packages/airflow/example_dags/example_branch_python_dop_operator_3.py
[2026-02-28T21:58:06.679+0000] {processor.py:830} INFO - Processing file /home/airflow/.local/lib/python3.12/site-packages/airflow/example_dags/example_branch_python_dop_operator_3.py for tasks to queue
[2026-02-28T21:58:06.681+0000] {logging_mixin.py:188} INFO - [2026-02-28T21:58:06.681+0000] {dagbag.py:545} INFO - Filling up the DagBag from /home/airflow/.local/lib/python3.12/site-packages/airflow/example_dags/example_branch_python_dop_operator_3.py
[2026-02-28T21:58:06.690+0000] {processor.py:840} INFO - DAG(s) 'example_branch_dop_operator_v3' retrieved from /home/airflow/.local/lib/python3.12/site-packages/airflow/example_dags/example_branch_python_dop_operator_3.py
[2026-02-28T21:58:06.713+0000] {logging_mixin.py:188} INFO - [2026-02-28T21:58:06.713+0000] {dag.py:3096} INFO - Sync 1 DAGs
[2026-02-28T21:58:06.729+0000] {logging_mixin.py:188} INFO - [2026-02-28T21:58:06.729+0000] {dag.py:3954} INFO - Setting next_dagrun for example_branch_dop_operator_v3 to 2026-02-28 21:57:00+00:00, run_after=2026-02-28 21:58:00+00:00
[2026-02-28T21:58:06.743+0000] {processor.py:183} INFO - Processing /home/airflow/.local/lib/python3.12/site-packages/airflow/example_dags/example_branch_python_dop_operator_3.py took 0.075 seconds
[2026-02-28T21:58:37.621+0000] {processor.py:161} INFO - Started process (PID=2121) to work on /home/airflow/.local/lib/python3.12/site-packages/airflow/example_dags/example_branch_python_dop_operator_3.py
[2026-02-28T21:58:37.625+0000] {processor.py:830} INFO - Processing file /home/airflow/.local/lib/python3.12/site-packages/airflow/example_dags/example_branch_python_dop_operator_3.py for tasks to queue
[2026-02-28T21:58:37.627+0000] {logging_mixin.py:188} INFO - [2026-02-28T21:58:37.626+0000] {dagbag.py:545} INFO - Filling up the DagBag from /home/airflow/.local/lib/python3.12/site-packages/airflow/example_dags/example_branch_python_dop_operator_3.py
[2026-02-28T21:58:37.635+0000] {processor.py:840} INFO - DAG(s) 'example_branch_dop_operator_v3' retrieved from /home/airflow/.local/lib/python3.12/site-packages/airflow/example_dags/example_branch_python_dop_operator_3.py
[2026-02-28T21:58:37.657+0000] {logging_mixin.py:188} INFO - [2026-02-28T21:58:37.657+0000] {dag.py:3096} INFO - Sync 1 DAGs
[2026-02-28T21:58:37.679+0000] {logging_mixin.py:188} INFO - [2026-02-28T21:58:37.679+0000] {dag.py:3954} INFO - Setting next_dagrun for example_branch_dop_operator_v3 to 2026-02-28 21:57:00+00:00, run_after=2026-02-28 21:58:00+00:00
[2026-02-28T21:58:37.692+0000] {processor.py:183} INFO - Processing /home/airflow/.local/lib/python3.12/site-packages/airflow/example_dags/example_branch_python_dop_operator_3.py took 0.077 seconds
[2026-02-28T21:59:08.021+0000] {processor.py:161} INFO - Started process (PID=2179) to work on /home/airflow/.local/lib/python3.12/site-packages/airflow/example_dags/example_branch_python_dop_operator_3.py
[2026-02-28T21:59:08.023+0000] {processor.py:830} INFO - Processing file /home/airflow/.local/lib/python3.12/site-packages/airflow/example_dags/example_branch_python_dop_operator_3.py for tasks to queue
[2026-02-28T21:59:08.028+0000] {logging_mixin.py:188} INFO - [2026-02-28T21:59:08.027+0000] {dagbag.py:545} INFO - Filling up the DagBag from /home/airflow/.local/lib/python3.12/site-packages/airflow/example_dags/example_branch_python_dop_operator_3.py
[2026-02-28T21:59:08.038+0000] {processor.py:840} INFO - DAG(s) 'example_branch_dop_operator_v3' retrieved from /home/airflow/.local/lib/python3.12/site-packages/airflow/example_dags/example_branch_python_dop_operator_3.py
[2026-02-28T21:59:08.052+0000] {logging_mixin.py:188} INFO - [2026-02-28T21:59:08.052+0000] {dag.py:3096} INFO - Sync 1 DAGs
[2026-02-28T21:59:08.069+0000] {logging_mixin.py:188} INFO - [2026-02-28T21:59:08.069+0000] {dag.py:3954} INFO - Setting next_dagrun for example_branch_dop_operator_v3 to 2026-02-28 21:58:00+00:00, run_after=2026-02-28 21:59:00+00:00
[2026-02-28T21:59:08.083+0000] {processor.py:183} INFO - Processing /home/airflow/.local/lib/python3.12/site-packages/airflow/example_dags/example_branch_python_dop_operator_3.py took 0.067 seconds
[2026-02-28T21:59:39.072+0000] {processor.py:161} INFO - Started process (PID=2237) to work on /home/airflow/.local/lib/python3.12/site-packages/airflow/example_dags/example_branch_python_dop_operator_3.py
[2026-02-28T21:59:39.076+0000] {processor.py:830} INFO - Processing file /home/airflow/.local/lib/python3.12/site-packages/airflow/example_dags/example_branch_python_dop_operator_3.py for tasks to queue
[2026-02-28T21:59:39.077+0000] {logging_mixin.py:188} INFO - [2026-02-28T21:59:39.077+0000] {dagbag.py:545} INFO - Filling up the DagBag from /home/airflow/.local/lib/python3.12/site-packages/airflow/example_dags/example_branch_python_dop_operator_3.py
[2026-02-28T21:59:39.086+0000] {processor.py:840} INFO - DAG(s) 'example_branch_dop_operator_v3' retrieved from /home/airflow/.local/lib/python3.12/site-packages/airflow/example_dags/example_branch_python_dop_operator_3.py
[2026-02-28T21:59:39.108+0000] {logging_mixin.py:188} INFO - [2026-02-28T21:59:39.108+0000] {dag.py:3096} INFO - Sync 1 DAGs
[2026-02-28T21:59:39.124+0000] {logging_mixin.py:188} INFO - [2026-02-28T21:59:39.124+0000] {dag.py:3954} INFO - Setting next_dagrun for example_branch_dop_operator_v3 to 2026-02-28 21:58:00+00:00, run_after=2026-02-28 21:59:00+00:00
[2026-02-28T21:59:39.135+0000] {processor.py:183} INFO - Processing /home/airflow/.local/lib/python3.12/site-packages/airflow/example_dags/example_branch_python_dop_operator_3.py took 0.071 seconds
[2026-02-28T22:00:10.050+0000] {processor.py:161} INFO - Started process (PID=2295) to work on /home/airflow/.local/lib/python3.12/site-packages/airflow/example_dags/example_branch_python_dop_operator_3.py
[2026-02-28T22:00:10.052+0000] {processor.py:830} INFO - Processing file /home/airflow/.local/lib/python3.12/site-packages/airflow/example_dags/example_branch_python_dop_operator_3.py for tasks to queue
[2026-02-28T22:00:10.053+0000] {logging_mixin.py:188} INFO - [2026-02-28T22:00:10.053+0000] {dagbag.py:545} INFO - Filling up the DagBag from /home/airflow/.local/lib/python3.12/site-packages/airflow/example_dags/example_branch_python_dop_operator_3.py
[2026-02-28T22:00:10.063+0000] {processor.py:840} INFO - DAG(s) 'example_branch_dop_operator_v3' retrieved from /home/airflow/.local/lib/python3.12/site-packages/airflow/example_dags/example_branch_python_dop_operator_3.py
[2026-02-28T22:00:10.088+0000] {logging_mixin.py:188} INFO - [2026-02-28T22:00:10.087+0000] {dag.py:3096} INFO - Sync 1 DAGs
[2026-02-28T22:00:10.109+0000] {logging_mixin.py:188} INFO - [2026-02-28T22:00:10.109+0000] {dag.py:3954} INFO - Setting next_dagrun for example_branch_dop_operator_v3 to 2026-02-28 21:59:00+00:00, run_after=2026-02-28 22:00:00+00:00
[2026-02-28T22:00:10.131+0000] {processor.py:183} INFO - Processing /home/airflow/.local/lib/python3.12/site-packages/airflow/example_dags/example_branch_python_dop_operator_3.py took 0.085 seconds
[2026-02-28T22:00:40.609+0000] {processor.py:161} INFO - Started process (PID=2353) to work on /home/airflow/.local/lib/python3.12/site-packages/airflow/example_dags/example_branch_python_dop_operator_3.py
[2026-02-28T22:00:40.612+0000] {processor.py:830} INFO - Processing file /home/airflow/.local/lib/python3.12/site-packages/airflow/example_dags/example_branch_python_dop_operator_3.py for tasks to queue
[2026-02-28T22:00:40.617+0000] {logging_mixin.py:188} INFO - [2026-02-28T22:00:40.617+0000] {dagbag.py:545} INFO - Filling up the DagBag from /home/airflow/.local/lib/python3.12/site-packages/airflow/example_dags/example_branch_python_dop_operator_3.py
[2026-02-28T22:00:40.637+0000] {processor.py:840} INFO - DAG(s) 'example_branch_dop_operator_v3' retrieved from /home/airflow/.local/lib/python3.12/site-packages/airflow/example_dags/example_branch_python_dop_operator_3.py
[2026-02-28T22:00:40.668+0000] {logging_mixin.py:188} INFO - [2026-02-28T22:00:40.668+0000] {dag.py:3096} INFO - Sync 1 DAGs
[2026-02-28T22:00:40.695+0000] {logging_mixin.py:188} INFO - [2026-02-28T22:00:40.695+0000] {dag.py:3954} INFO - Setting next_dagrun for example_branch_dop_operator_v3 to 2026-02-28 21:59:00+00:00, run_after=2026-02-28 22:00:00+00:00
[2026-02-28T22:00:40.720+0000] {processor.py:183} INFO - Processing /home/airflow/.local/lib/python3.12/site-packages/airflow/example_dags/example_branch_python_dop_operator_3.py took 0.129 seconds
[2026-02-28T22:01:11.481+0000] {processor.py:161} INFO - Started process (PID=2410) to work on /home/airflow/.local/lib/python3.12/site-packages/airflow/example_dags/example_branch_python_dop_operator_3.py
[2026-02-28T22:01:11.485+0000] {processor.py:830} INFO - Processing file /home/airflow/.local/lib/python3.12/site-packages/airflow/example_dags/example_branch_python_dop_operator_3.py for tasks to queue
[2026-02-28T22:01:11.488+0000] {logging_mixin.py:188} INFO - [2026-02-28T22:01:11.487+0000] {dagbag.py:545} INFO - Filling up the DagBag from /home/airflow/.local/lib/python3.12/site-packages/airflow/example_dags/example_branch_python_dop_operator_3.py
[2026-02-28T22:01:11.500+0000] {processor.py:840} INFO - DAG(s) 'example_branch_dop_operator_v3' retrieved from /home/airflow/.local/lib/python3.12/site-packages/airflow/example_dags/example_branch_python_dop_operator_3.py
[2026-02-28T22:01:11.524+0000] {logging_mixin.py:188} INFO - [2026-02-28T22:01:11.523+0000] {dag.py:3096} INFO - Sync 1 DAGs
[2026-02-28T22:01:11.554+0000] {logging_mixin.py:188} INFO - [2026-02-28T22:01:11.554+0000] {dag.py:3954} INFO - Setting next_dagrun for example_branch_dop_operator_v3 to 2026-02-28 22:00:00+00:00, run_after=2026-02-28 22:01:00+00:00
[2026-02-28T22:01:11.580+0000] {processor.py:183} INFO - Processing /home/airflow/.local/lib/python3.12/site-packages/airflow/example_dags/example_branch_python_dop_operator_3.py took 0.106 seconds
[2026-02-28T22:01:41.937+0000] {processor.py:161} INFO - Started process (PID=2468) to work on /home/airflow/.local/lib/python3.12/site-packages/airflow/example_dags/example_branch_python_dop_operator_3.py
[2026-02-28T22:01:41.939+0000] {processor.py:830} INFO - Processing file /home/airflow/.local/lib/python3.12/site-packages/airflow/example_dags/example_branch_python_dop_operator_3.py for tasks to queue
[2026-02-28T22:01:41.942+0000] {logging_mixin.py:188} INFO - [2026-02-28T22:01:41.942+0000] {dagbag.py:545} INFO - Filling up the DagBag from /home/airflow/.local/lib/python3.12/site-packages/airflow/example_dags/example_branch_python_dop_operator_3.py
[2026-02-28T22:01:41.956+0000] {processor.py:840} INFO - DAG(s) 'example_branch_dop_operator_v3' retrieved from /home/airflow/.local/lib/python3.12/site-packages/airflow/example_dags/example_branch_python_dop_operator_3.py
[2026-02-28T22:01:41.982+0000] {logging_mixin.py:188} INFO - [2026-02-28T22:01:41.982+0000] {dag.py:3096} INFO - Sync 1 DAGs
[2026-02-28T22:01:42.002+0000] {logging_mixin.py:188} INFO - [2026-02-28T22:01:42.001+0000] {dag.py:3954} INFO - Setting next_dagrun for example_branch_dop_operator_v3 to 2026-02-28 22:00:00+00:00, run_after=2026-02-28 22:01:00+00:00
[2026-02-28T22:01:42.015+0000] {processor.py:183} INFO - Processing /home/airflow/.local/lib/python3.12/site-packages/airflow/example_dags/example_branch_python_dop_operator_3.py took 0.086 seconds
[2026-02-28T22:02:12.773+0000] {processor.py:161} INFO - Started process (PID=2526) to work on /home/airflow/.local/lib/python3.12/site-packages/airflow/example_dags/example_branch_python_dop_operator_3.py
[2026-02-28T22:02:12.776+0000] {processor.py:830} INFO - Processing file /home/airflow/.local/lib/python3.12/site-packages/airflow/example_dags/example_branch_python_dop_operator_3.py for tasks to queue
[2026-02-28T22:02:12.779+0000] {logging_mixin.py:188} INFO - [2026-02-28T22:02:12.779+0000] {dagbag.py:545} INFO - Filling up the DagBag from /home/airflow/.local/lib/python3.12/site-packages/airflow/example_dags/example_branch_python_dop_operator_3.py
[2026-02-28T22:02:12.793+0000] {processor.py:840} INFO - DAG(s) 'example_branch_dop_operator_v3' retrieved from /home/airflow/.local/lib/python3.12/site-packages/airflow/example_dags/example_branch_python_dop_operator_3.py
[2026-02-28T22:02:12.818+0000] {logging_mixin.py:188} INFO - [2026-02-28T22:02:12.817+0000] {dag.py:3096} INFO - Sync 1 DAGs
[2026-02-28T22:02:12.850+0000] {logging_mixin.py:188} INFO - [2026-02-28T22:02:12.850+0000] {dag.py:3954} INFO - Setting next_dagrun for example_branch_dop_operator_v3 to 2026-02-28 22:01:00+00:00, run_after=2026-02-28 22:02:00+00:00
[2026-02-28T22:02:12.867+0000] {processor.py:183} INFO - Processing /home/airflow/.local/lib/python3.12/site-packages/airflow/example_dags/example_branch_python_dop_operator_3.py took 0.106 seconds
[2026-02-28T22:02:43.935+0000] {processor.py:161} INFO - Started process (PID=2584) to work on /home/airflow/.local/lib/python3.12/site-packages/airflow/example_dags/example_branch_python_dop_operator_3.py
[2026-02-28T22:02:43.944+0000] {processor.py:830} INFO - Processing file /home/airflow/.local/lib/python3.12/site-packages/airflow/example_dags/example_branch_python_dop_operator_3.py for tasks to queue
[2026-02-28T22:02:43.967+0000] {logging_mixin.py:188} INFO - [2026-02-28T22:02:43.964+0000] {dagbag.py:545} INFO - Filling up the DagBag from /home/airflow/.local/lib/python3.12/site-packages/airflow/example_dags/example_branch_python_dop_operator_3.py
[2026-02-28T22:02:43.999+0000] {processor.py:840} INFO - DAG(s) 'example_branch_dop_operator_v3' retrieved from /home/airflow/.local/lib/python3.12/site-packages/airflow/example_dags/example_branch_python_dop_operator_3.py
[2026-02-28T22:02:44.072+0000] {logging_mixin.py:188} INFO - [2026-02-28T22:02:44.071+0000] {dag.py:3096} INFO - Sync 1 DAGs
[2026-02-28T22:02:44.136+0000] {logging_mixin.py:188} INFO - [2026-02-28T22:02:44.135+0000] {dag.py:3954} INFO - Setting next_dagrun for example_branch_dop_operator_v3 to 2026-02-28 22:01:00+00:00, run_after=2026-02-28 22:02:00+00:00
[2026-02-28T22:02:44.162+0000] {processor.py:183} INFO - Processing /home/airflow/.local/lib/python3.12/site-packages/airflow/example_dags/example_branch_python_dop_operator_3.py took 0.264 seconds
[2026-02-28T22:03:14.268+0000] {processor.py:161} INFO - Started process (PID=2641) to work on /home/airflow/.local/lib/python3.12/site-packages/airflow/example_dags/example_branch_python_dop_operator_3.py
[2026-02-28T22:03:14.269+0000] {processor.py:830} INFO - Processing file /home/airflow/.local/lib/python3.12/site-packages/airflow/example_dags/example_branch_python_dop_operator_3.py for tasks to queue
[2026-02-28T22:03:14.272+0000] {logging_mixin.py:188} INFO - [2026-02-28T22:03:14.271+0000] {dagbag.py:545} INFO - Filling up the DagBag from /home/airflow/.local/lib/python3.12/site-packages/airflow/example_dags/example_branch_python_dop_operator_3.py
[2026-02-28T22:03:14.283+0000] {processor.py:840} INFO - DAG(s) 'example_branch_dop_operator_v3' retrieved from /home/airflow/.local/lib/python3.12/site-packages/airflow/example_dags/example_branch_python_dop_operator_3.py
[2026-02-28T22:03:14.303+0000] {logging_mixin.py:188} INFO - [2026-02-28T22:03:14.303+0000] {dag.py:3096} INFO - Sync 1 DAGs
[2026-02-28T22:03:14.320+0000] {logging_mixin.py:188} INFO - [2026-02-28T22:03:14.320+0000] {dag.py:3954} INFO - Setting next_dagrun for example_branch_dop_operator_v3 to 2026-02-28 22:02:00+00:00, run_after=2026-02-28 22:03:00+00:00
[2026-02-28T22:03:14.348+0000] {processor.py:183} INFO - Processing /home/airflow/.local/lib/python3.12/site-packages/airflow/example_dags/example_branch_python_dop_operator_3.py took 0.087 seconds
[2026-02-28T22:03:45.225+0000] {processor.py:161} INFO - Started process (PID=2699) to work on /home/airflow/.local/lib/python3.12/site-packages/airflow/example_dags/example_branch_python_dop_operator_3.py
[2026-02-28T22:03:45.229+0000] {processor.py:830} INFO - Processing file /home/airflow/.local/lib/python3.12/site-packages/airflow/example_dags/example_branch_python_dop_operator_3.py for tasks to queue
[2026-02-28T22:03:45.237+0000] {logging_mixin.py:188} INFO - [2026-02-28T22:03:45.236+0000] {dagbag.py:545} INFO - Filling up the DagBag from /home/airflow/.local/lib/python3.12/site-packages/airflow/example_dags/example_branch_python_dop_operator_3.py
[2026-02-28T22:03:45.264+0000] {processor.py:840} INFO - DAG(s) 'example_branch_dop_operator_v3' retrieved from /home/airflow/.local/lib/python3.12/site-packages/airflow/example_dags/example_branch_python_dop_operator_3.py
[2026-02-28T22:03:45.308+0000] {logging_mixin.py:188} INFO - [2026-02-28T22:03:45.308+0000] {dag.py:3096} INFO - Sync 1 DAGs
[2026-02-28T22:03:45.352+0000] {logging_mixin.py:188} INFO - [2026-02-28T22:03:45.352+0000] {dag.py:3954} INFO - Setting next_dagrun for example_branch_dop_operator_v3 to 2026-02-28 22:02:00+00:00, run_after=2026-02-28 22:03:00+00:00
[2026-02-28T22:03:45.452+0000] {processor.py:183} INFO - Processing /home/airflow/.local/lib/python3.12/site-packages/airflow/example_dags/example_branch_python_dop_operator_3.py took 0.245 seconds
[2026-02-28T22:04:16.250+0000] {processor.py:161} INFO - Started process (PID=2757) to work on /home/airflow/.local/lib/python3.12/site-packages/airflow/example_dags/example_branch_python_dop_operator_3.py
[2026-02-28T22:04:16.251+0000] {processor.py:830} INFO - Processing file /home/airflow/.local/lib/python3.12/site-packages/airflow/example_dags/example_branch_python_dop_operator_3.py for tasks to queue
[2026-02-28T22:04:16.254+0000] {logging_mixin.py:188} INFO - [2026-02-28T22:04:16.253+0000] {dagbag.py:545} INFO - Filling up the DagBag from /home/airflow/.local/lib/python3.12/site-packages/airflow/example_dags/example_branch_python_dop_operator_3.py
[2026-02-28T22:04:16.269+0000] {processor.py:840} INFO - DAG(s) 'example_branch_dop_operator_v3' retrieved from /home/airflow/.local/lib/python3.12/site-packages/airflow/example_dags/example_branch_python_dop_operator_3.py
[2026-02-28T22:04:16.290+0000] {logging_mixin.py:188} INFO - [2026-02-28T22:04:16.289+0000] {dag.py:3096} INFO - Sync 1 DAGs
[2026-02-28T22:04:16.315+0000] {logging_mixin.py:188} INFO - [2026-02-28T22:04:16.315+0000] {dag.py:3954} INFO - Setting next_dagrun for example_branch_dop_operator_v3 to 2026-02-28 22:03:00+00:00, run_after=2026-02-28 22:04:00+00:00
[2026-02-28T22:04:16.335+0000] {processor.py:183} INFO - Processing /home/airflow/.local/lib/python3.12/site-packages/airflow/example_dags/example_branch_python_dop_operator_3.py took 0.092 seconds
