[2026-02-28T21:40:02.074+0000] {processor.py:161} INFO - Started process (PID=70) to work on /home/airflow/.local/lib/python3.12/site-packages/airflow/example_dags/example_task_group_decorator.py
[2026-02-28T21:40:02.076+0000] {processor.py:830} INFO - Processing file /home/airflow/.local/lib/python3.12/site-packages/airflow/example_dags/example_task_group_decorator.py for tasks to queue
[2026-02-28T21:40:02.085+0000] {logging_mixin.py:188} INFO - [2026-02-28T21:40:02.081+0000] {dagbag.py:545} INFO - Filling up the DagBag from /home/airflow/.local/lib/python3.12/site-packages/airflow/example_dags/example_task_group_decorator.py
[2026-02-28T21:40:02.115+0000] {processor.py:840} INFO - DAG(s) 'example_task_group_decorator' retrieved from /home/airflow/.local/lib/python3.12/site-packages/airflow/example_dags/example_task_group_decorator.py
[2026-02-28T21:40:02.163+0000] {logging_mixin.py:188} INFO - [2026-02-28T21:40:02.162+0000] {dag.py:3096} INFO - Sync 1 DAGs
[2026-02-28T21:40:02.284+0000] {logging_mixin.py:188} INFO - [2026-02-28T21:40:02.282+0000] {dag.py:3954} INFO - Setting next_dagrun for example_task_group_decorator to 2026-02-27 00:00:00+00:00, run_after=2026-02-28 00:00:00+00:00
[2026-02-28T21:40:02.451+0000] {processor.py:183} INFO - Processing /home/airflow/.local/lib/python3.12/site-packages/airflow/example_dags/example_task_group_decorator.py took 0.395 seconds
[2026-02-28T21:40:32.555+0000] {processor.py:161} INFO - Started process (PID=127) to work on /home/airflow/.local/lib/python3.12/site-packages/airflow/example_dags/example_task_group_decorator.py
[2026-02-28T21:40:32.556+0000] {processor.py:830} INFO - Processing file /home/airflow/.local/lib/python3.12/site-packages/airflow/example_dags/example_task_group_decorator.py for tasks to queue
[2026-02-28T21:40:32.557+0000] {logging_mixin.py:188} INFO - [2026-02-28T21:40:32.557+0000] {dagbag.py:545} INFO - Filling up the DagBag from /home/airflow/.local/lib/python3.12/site-packages/airflow/example_dags/example_task_group_decorator.py
[2026-02-28T21:40:32.565+0000] {processor.py:840} INFO - DAG(s) 'example_task_group_decorator' retrieved from /home/airflow/.local/lib/python3.12/site-packages/airflow/example_dags/example_task_group_decorator.py
[2026-02-28T21:40:32.614+0000] {logging_mixin.py:188} INFO - [2026-02-28T21:40:32.614+0000] {dag.py:3096} INFO - Sync 1 DAGs
[2026-02-28T21:40:32.624+0000] {logging_mixin.py:188} INFO - [2026-02-28T21:40:32.624+0000] {dag.py:3954} INFO - Setting next_dagrun for example_task_group_decorator to 2026-02-27 00:00:00+00:00, run_after=2026-02-28 00:00:00+00:00
[2026-02-28T21:40:32.636+0000] {processor.py:183} INFO - Processing /home/airflow/.local/lib/python3.12/site-packages/airflow/example_dags/example_task_group_decorator.py took 0.084 seconds
[2026-02-28T21:41:03.381+0000] {processor.py:161} INFO - Started process (PID=185) to work on /home/airflow/.local/lib/python3.12/site-packages/airflow/example_dags/example_task_group_decorator.py
[2026-02-28T21:41:03.384+0000] {processor.py:830} INFO - Processing file /home/airflow/.local/lib/python3.12/site-packages/airflow/example_dags/example_task_group_decorator.py for tasks to queue
[2026-02-28T21:41:03.385+0000] {logging_mixin.py:188} INFO - [2026-02-28T21:41:03.385+0000] {dagbag.py:545} INFO - Filling up the DagBag from /home/airflow/.local/lib/python3.12/site-packages/airflow/example_dags/example_task_group_decorator.py
[2026-02-28T21:41:03.404+0000] {processor.py:840} INFO - DAG(s) 'example_task_group_decorator' retrieved from /home/airflow/.local/lib/python3.12/site-packages/airflow/example_dags/example_task_group_decorator.py
[2026-02-28T21:41:03.433+0000] {logging_mixin.py:188} INFO - [2026-02-28T21:41:03.433+0000] {dag.py:3096} INFO - Sync 1 DAGs
[2026-02-28T21:41:03.448+0000] {logging_mixin.py:188} INFO - [2026-02-28T21:41:03.448+0000] {dag.py:3954} INFO - Setting next_dagrun for example_task_group_decorator to 2026-02-27 00:00:00+00:00, run_after=2026-02-28 00:00:00+00:00
[2026-02-28T21:41:03.460+0000] {processor.py:183} INFO - Processing /home/airflow/.local/lib/python3.12/site-packages/airflow/example_dags/example_task_group_decorator.py took 0.083 seconds
[2026-02-28T21:41:34.282+0000] {processor.py:161} INFO - Started process (PID=243) to work on /home/airflow/.local/lib/python3.12/site-packages/airflow/example_dags/example_task_group_decorator.py
[2026-02-28T21:41:34.282+0000] {processor.py:830} INFO - Processing file /home/airflow/.local/lib/python3.12/site-packages/airflow/example_dags/example_task_group_decorator.py for tasks to queue
[2026-02-28T21:41:34.284+0000] {logging_mixin.py:188} INFO - [2026-02-28T21:41:34.284+0000] {dagbag.py:545} INFO - Filling up the DagBag from /home/airflow/.local/lib/python3.12/site-packages/airflow/example_dags/example_task_group_decorator.py
[2026-02-28T21:41:34.292+0000] {processor.py:840} INFO - DAG(s) 'example_task_group_decorator' retrieved from /home/airflow/.local/lib/python3.12/site-packages/airflow/example_dags/example_task_group_decorator.py
[2026-02-28T21:41:34.304+0000] {logging_mixin.py:188} INFO - [2026-02-28T21:41:34.304+0000] {dag.py:3096} INFO - Sync 1 DAGs
[2026-02-28T21:41:34.319+0000] {logging_mixin.py:188} INFO - [2026-02-28T21:41:34.319+0000] {dag.py:3954} INFO - Setting next_dagrun for example_task_group_decorator to 2026-02-27 00:00:00+00:00, run_after=2026-02-28 00:00:00+00:00
[2026-02-28T21:41:34.335+0000] {processor.py:183} INFO - Processing /home/airflow/.local/lib/python3.12/site-packages/airflow/example_dags/example_task_group_decorator.py took 0.056 seconds
[2026-02-28T21:42:04.663+0000] {processor.py:161} INFO - Started process (PID=301) to work on /home/airflow/.local/lib/python3.12/site-packages/airflow/example_dags/example_task_group_decorator.py
[2026-02-28T21:42:04.664+0000] {processor.py:830} INFO - Processing file /home/airflow/.local/lib/python3.12/site-packages/airflow/example_dags/example_task_group_decorator.py for tasks to queue
[2026-02-28T21:42:04.665+0000] {logging_mixin.py:188} INFO - [2026-02-28T21:42:04.665+0000] {dagbag.py:545} INFO - Filling up the DagBag from /home/airflow/.local/lib/python3.12/site-packages/airflow/example_dags/example_task_group_decorator.py
[2026-02-28T21:42:04.673+0000] {processor.py:840} INFO - DAG(s) 'example_task_group_decorator' retrieved from /home/airflow/.local/lib/python3.12/site-packages/airflow/example_dags/example_task_group_decorator.py
[2026-02-28T21:42:04.684+0000] {logging_mixin.py:188} INFO - [2026-02-28T21:42:04.684+0000] {dag.py:3096} INFO - Sync 1 DAGs
[2026-02-28T21:42:04.693+0000] {logging_mixin.py:188} INFO - [2026-02-28T21:42:04.693+0000] {dag.py:3954} INFO - Setting next_dagrun for example_task_group_decorator to 2026-02-27 00:00:00+00:00, run_after=2026-02-28 00:00:00+00:00
[2026-02-28T21:42:04.700+0000] {processor.py:183} INFO - Processing /home/airflow/.local/lib/python3.12/site-packages/airflow/example_dags/example_task_group_decorator.py took 0.041 seconds
[2026-02-28T21:42:35.001+0000] {processor.py:161} INFO - Started process (PID=360) to work on /home/airflow/.local/lib/python3.12/site-packages/airflow/example_dags/example_task_group_decorator.py
[2026-02-28T21:42:35.002+0000] {processor.py:830} INFO - Processing file /home/airflow/.local/lib/python3.12/site-packages/airflow/example_dags/example_task_group_decorator.py for tasks to queue
[2026-02-28T21:42:35.003+0000] {logging_mixin.py:188} INFO - [2026-02-28T21:42:35.003+0000] {dagbag.py:545} INFO - Filling up the DagBag from /home/airflow/.local/lib/python3.12/site-packages/airflow/example_dags/example_task_group_decorator.py
[2026-02-28T21:42:35.012+0000] {processor.py:840} INFO - DAG(s) 'example_task_group_decorator' retrieved from /home/airflow/.local/lib/python3.12/site-packages/airflow/example_dags/example_task_group_decorator.py
[2026-02-28T21:42:35.027+0000] {logging_mixin.py:188} INFO - [2026-02-28T21:42:35.027+0000] {dag.py:3096} INFO - Sync 1 DAGs
[2026-02-28T21:42:35.040+0000] {logging_mixin.py:188} INFO - [2026-02-28T21:42:35.040+0000] {dag.py:3954} INFO - Setting next_dagrun for example_task_group_decorator to 2026-02-27 00:00:00+00:00, run_after=2026-02-28 00:00:00+00:00
[2026-02-28T21:42:35.049+0000] {processor.py:183} INFO - Processing /home/airflow/.local/lib/python3.12/site-packages/airflow/example_dags/example_task_group_decorator.py took 0.056 seconds
[2026-02-28T21:43:05.726+0000] {processor.py:161} INFO - Started process (PID=418) to work on /home/airflow/.local/lib/python3.12/site-packages/airflow/example_dags/example_task_group_decorator.py
[2026-02-28T21:43:05.727+0000] {processor.py:830} INFO - Processing file /home/airflow/.local/lib/python3.12/site-packages/airflow/example_dags/example_task_group_decorator.py for tasks to queue
[2026-02-28T21:43:05.728+0000] {logging_mixin.py:188} INFO - [2026-02-28T21:43:05.728+0000] {dagbag.py:545} INFO - Filling up the DagBag from /home/airflow/.local/lib/python3.12/site-packages/airflow/example_dags/example_task_group_decorator.py
[2026-02-28T21:43:05.735+0000] {processor.py:840} INFO - DAG(s) 'example_task_group_decorator' retrieved from /home/airflow/.local/lib/python3.12/site-packages/airflow/example_dags/example_task_group_decorator.py
[2026-02-28T21:43:05.746+0000] {logging_mixin.py:188} INFO - [2026-02-28T21:43:05.746+0000] {dag.py:3096} INFO - Sync 1 DAGs
[2026-02-28T21:43:05.757+0000] {logging_mixin.py:188} INFO - [2026-02-28T21:43:05.757+0000] {dag.py:3954} INFO - Setting next_dagrun for example_task_group_decorator to 2026-02-27 00:00:00+00:00, run_after=2026-02-28 00:00:00+00:00
[2026-02-28T21:43:05.765+0000] {processor.py:183} INFO - Processing /home/airflow/.local/lib/python3.12/site-packages/airflow/example_dags/example_task_group_decorator.py took 0.042 seconds
[2026-02-28T21:43:36.066+0000] {processor.py:161} INFO - Started process (PID=476) to work on /home/airflow/.local/lib/python3.12/site-packages/airflow/example_dags/example_task_group_decorator.py
[2026-02-28T21:43:36.067+0000] {processor.py:830} INFO - Processing file /home/airflow/.local/lib/python3.12/site-packages/airflow/example_dags/example_task_group_decorator.py for tasks to queue
[2026-02-28T21:43:36.067+0000] {logging_mixin.py:188} INFO - [2026-02-28T21:43:36.067+0000] {dagbag.py:545} INFO - Filling up the DagBag from /home/airflow/.local/lib/python3.12/site-packages/airflow/example_dags/example_task_group_decorator.py
[2026-02-28T21:43:36.074+0000] {processor.py:840} INFO - DAG(s) 'example_task_group_decorator' retrieved from /home/airflow/.local/lib/python3.12/site-packages/airflow/example_dags/example_task_group_decorator.py
[2026-02-28T21:43:36.085+0000] {logging_mixin.py:188} INFO - [2026-02-28T21:43:36.085+0000] {dag.py:3096} INFO - Sync 1 DAGs
[2026-02-28T21:43:36.095+0000] {logging_mixin.py:188} INFO - [2026-02-28T21:43:36.095+0000] {dag.py:3954} INFO - Setting next_dagrun for example_task_group_decorator to 2026-02-27 00:00:00+00:00, run_after=2026-02-28 00:00:00+00:00
[2026-02-28T21:43:36.102+0000] {processor.py:183} INFO - Processing /home/airflow/.local/lib/python3.12/site-packages/airflow/example_dags/example_task_group_decorator.py took 0.039 seconds
[2026-02-28T21:44:43.010+0000] {processor.py:161} INFO - Started process (PID=535) to work on /home/airflow/.local/lib/python3.12/site-packages/airflow/example_dags/example_task_group_decorator.py
[2026-02-28T21:44:43.011+0000] {processor.py:830} INFO - Processing file /home/airflow/.local/lib/python3.12/site-packages/airflow/example_dags/example_task_group_decorator.py for tasks to queue
[2026-02-28T21:44:43.013+0000] {logging_mixin.py:188} INFO - [2026-02-28T21:44:43.013+0000] {dagbag.py:545} INFO - Filling up the DagBag from /home/airflow/.local/lib/python3.12/site-packages/airflow/example_dags/example_task_group_decorator.py
[2026-02-28T21:44:43.037+0000] {processor.py:840} INFO - DAG(s) 'example_task_group_decorator' retrieved from /home/airflow/.local/lib/python3.12/site-packages/airflow/example_dags/example_task_group_decorator.py
[2026-02-28T21:44:43.060+0000] {logging_mixin.py:188} INFO - [2026-02-28T21:44:43.060+0000] {dag.py:3096} INFO - Sync 1 DAGs
[2026-02-28T21:44:43.083+0000] {logging_mixin.py:188} INFO - [2026-02-28T21:44:43.083+0000] {dag.py:3954} INFO - Setting next_dagrun for example_task_group_decorator to 2026-02-27 00:00:00+00:00, run_after=2026-02-28 00:00:00+00:00
[2026-02-28T21:44:43.104+0000] {processor.py:183} INFO - Processing /home/airflow/.local/lib/python3.12/site-packages/airflow/example_dags/example_task_group_decorator.py took 0.098 seconds
[2026-02-28T21:45:13.805+0000] {processor.py:161} INFO - Started process (PID=593) to work on /home/airflow/.local/lib/python3.12/site-packages/airflow/example_dags/example_task_group_decorator.py
[2026-02-28T21:45:13.806+0000] {processor.py:830} INFO - Processing file /home/airflow/.local/lib/python3.12/site-packages/airflow/example_dags/example_task_group_decorator.py for tasks to queue
[2026-02-28T21:45:13.809+0000] {logging_mixin.py:188} INFO - [2026-02-28T21:45:13.808+0000] {dagbag.py:545} INFO - Filling up the DagBag from /home/airflow/.local/lib/python3.12/site-packages/airflow/example_dags/example_task_group_decorator.py
[2026-02-28T21:45:13.817+0000] {processor.py:840} INFO - DAG(s) 'example_task_group_decorator' retrieved from /home/airflow/.local/lib/python3.12/site-packages/airflow/example_dags/example_task_group_decorator.py
[2026-02-28T21:45:13.833+0000] {logging_mixin.py:188} INFO - [2026-02-28T21:45:13.833+0000] {dag.py:3096} INFO - Sync 1 DAGs
[2026-02-28T21:45:13.845+0000] {logging_mixin.py:188} INFO - [2026-02-28T21:45:13.845+0000] {dag.py:3954} INFO - Setting next_dagrun for example_task_group_decorator to 2026-02-27 00:00:00+00:00, run_after=2026-02-28 00:00:00+00:00
[2026-02-28T21:45:13.856+0000] {processor.py:183} INFO - Processing /home/airflow/.local/lib/python3.12/site-packages/airflow/example_dags/example_task_group_decorator.py took 0.055 seconds
[2026-02-28T21:45:44.168+0000] {processor.py:161} INFO - Started process (PID=651) to work on /home/airflow/.local/lib/python3.12/site-packages/airflow/example_dags/example_task_group_decorator.py
[2026-02-28T21:45:44.169+0000] {processor.py:830} INFO - Processing file /home/airflow/.local/lib/python3.12/site-packages/airflow/example_dags/example_task_group_decorator.py for tasks to queue
[2026-02-28T21:45:44.170+0000] {logging_mixin.py:188} INFO - [2026-02-28T21:45:44.170+0000] {dagbag.py:545} INFO - Filling up the DagBag from /home/airflow/.local/lib/python3.12/site-packages/airflow/example_dags/example_task_group_decorator.py
[2026-02-28T21:45:44.178+0000] {processor.py:840} INFO - DAG(s) 'example_task_group_decorator' retrieved from /home/airflow/.local/lib/python3.12/site-packages/airflow/example_dags/example_task_group_decorator.py
[2026-02-28T21:45:44.192+0000] {logging_mixin.py:188} INFO - [2026-02-28T21:45:44.192+0000] {dag.py:3096} INFO - Sync 1 DAGs
[2026-02-28T21:45:44.207+0000] {logging_mixin.py:188} INFO - [2026-02-28T21:45:44.207+0000] {dag.py:3954} INFO - Setting next_dagrun for example_task_group_decorator to 2026-02-27 00:00:00+00:00, run_after=2026-02-28 00:00:00+00:00
[2026-02-28T21:45:44.220+0000] {processor.py:183} INFO - Processing /home/airflow/.local/lib/python3.12/site-packages/airflow/example_dags/example_task_group_decorator.py took 0.055 seconds
[2026-02-28T21:46:14.737+0000] {processor.py:161} INFO - Started process (PID=709) to work on /home/airflow/.local/lib/python3.12/site-packages/airflow/example_dags/example_task_group_decorator.py
[2026-02-28T21:46:14.738+0000] {processor.py:830} INFO - Processing file /home/airflow/.local/lib/python3.12/site-packages/airflow/example_dags/example_task_group_decorator.py for tasks to queue
[2026-02-28T21:46:14.739+0000] {logging_mixin.py:188} INFO - [2026-02-28T21:46:14.739+0000] {dagbag.py:545} INFO - Filling up the DagBag from /home/airflow/.local/lib/python3.12/site-packages/airflow/example_dags/example_task_group_decorator.py
[2026-02-28T21:46:14.747+0000] {processor.py:840} INFO - DAG(s) 'example_task_group_decorator' retrieved from /home/airflow/.local/lib/python3.12/site-packages/airflow/example_dags/example_task_group_decorator.py
[2026-02-28T21:46:14.762+0000] {logging_mixin.py:188} INFO - [2026-02-28T21:46:14.762+0000] {dag.py:3096} INFO - Sync 1 DAGs
[2026-02-28T21:46:14.780+0000] {logging_mixin.py:188} INFO - [2026-02-28T21:46:14.780+0000] {dag.py:3954} INFO - Setting next_dagrun for example_task_group_decorator to 2026-02-27 00:00:00+00:00, run_after=2026-02-28 00:00:00+00:00
[2026-02-28T21:46:14.793+0000] {processor.py:183} INFO - Processing /home/airflow/.local/lib/python3.12/site-packages/airflow/example_dags/example_task_group_decorator.py took 0.061 seconds
[2026-02-28T21:46:45.474+0000] {processor.py:161} INFO - Started process (PID=767) to work on /home/airflow/.local/lib/python3.12/site-packages/airflow/example_dags/example_task_group_decorator.py
[2026-02-28T21:46:45.475+0000] {processor.py:830} INFO - Processing file /home/airflow/.local/lib/python3.12/site-packages/airflow/example_dags/example_task_group_decorator.py for tasks to queue
[2026-02-28T21:46:45.477+0000] {logging_mixin.py:188} INFO - [2026-02-28T21:46:45.476+0000] {dagbag.py:545} INFO - Filling up the DagBag from /home/airflow/.local/lib/python3.12/site-packages/airflow/example_dags/example_task_group_decorator.py
[2026-02-28T21:46:45.484+0000] {processor.py:840} INFO - DAG(s) 'example_task_group_decorator' retrieved from /home/airflow/.local/lib/python3.12/site-packages/airflow/example_dags/example_task_group_decorator.py
[2026-02-28T21:46:45.496+0000] {logging_mixin.py:188} INFO - [2026-02-28T21:46:45.496+0000] {dag.py:3096} INFO - Sync 1 DAGs
[2026-02-28T21:46:45.506+0000] {logging_mixin.py:188} INFO - [2026-02-28T21:46:45.506+0000] {dag.py:3954} INFO - Setting next_dagrun for example_task_group_decorator to 2026-02-27 00:00:00+00:00, run_after=2026-02-28 00:00:00+00:00
[2026-02-28T21:46:45.518+0000] {processor.py:183} INFO - Processing /home/airflow/.local/lib/python3.12/site-packages/airflow/example_dags/example_task_group_decorator.py took 0.048 seconds
[2026-02-28T21:47:16.451+0000] {processor.py:161} INFO - Started process (PID=825) to work on /home/airflow/.local/lib/python3.12/site-packages/airflow/example_dags/example_task_group_decorator.py
[2026-02-28T21:47:16.452+0000] {processor.py:830} INFO - Processing file /home/airflow/.local/lib/python3.12/site-packages/airflow/example_dags/example_task_group_decorator.py for tasks to queue
[2026-02-28T21:47:16.453+0000] {logging_mixin.py:188} INFO - [2026-02-28T21:47:16.453+0000] {dagbag.py:545} INFO - Filling up the DagBag from /home/airflow/.local/lib/python3.12/site-packages/airflow/example_dags/example_task_group_decorator.py
[2026-02-28T21:47:16.462+0000] {processor.py:840} INFO - DAG(s) 'example_task_group_decorator' retrieved from /home/airflow/.local/lib/python3.12/site-packages/airflow/example_dags/example_task_group_decorator.py
[2026-02-28T21:47:16.478+0000] {logging_mixin.py:188} INFO - [2026-02-28T21:47:16.477+0000] {dag.py:3096} INFO - Sync 1 DAGs
[2026-02-28T21:47:16.490+0000] {logging_mixin.py:188} INFO - [2026-02-28T21:47:16.490+0000] {dag.py:3954} INFO - Setting next_dagrun for example_task_group_decorator to 2026-02-27 00:00:00+00:00, run_after=2026-02-28 00:00:00+00:00
[2026-02-28T21:47:16.504+0000] {processor.py:183} INFO - Processing /home/airflow/.local/lib/python3.12/site-packages/airflow/example_dags/example_task_group_decorator.py took 0.056 seconds
[2026-02-28T21:47:47.346+0000] {processor.py:161} INFO - Started process (PID=883) to work on /home/airflow/.local/lib/python3.12/site-packages/airflow/example_dags/example_task_group_decorator.py
[2026-02-28T21:47:47.347+0000] {processor.py:830} INFO - Processing file /home/airflow/.local/lib/python3.12/site-packages/airflow/example_dags/example_task_group_decorator.py for tasks to queue
[2026-02-28T21:47:47.349+0000] {logging_mixin.py:188} INFO - [2026-02-28T21:47:47.349+0000] {dagbag.py:545} INFO - Filling up the DagBag from /home/airflow/.local/lib/python3.12/site-packages/airflow/example_dags/example_task_group_decorator.py
[2026-02-28T21:47:47.360+0000] {processor.py:840} INFO - DAG(s) 'example_task_group_decorator' retrieved from /home/airflow/.local/lib/python3.12/site-packages/airflow/example_dags/example_task_group_decorator.py
[2026-02-28T21:47:47.379+0000] {logging_mixin.py:188} INFO - [2026-02-28T21:47:47.379+0000] {dag.py:3096} INFO - Sync 1 DAGs
[2026-02-28T21:47:47.396+0000] {logging_mixin.py:188} INFO - [2026-02-28T21:47:47.395+0000] {dag.py:3954} INFO - Setting next_dagrun for example_task_group_decorator to 2026-02-27 00:00:00+00:00, run_after=2026-02-28 00:00:00+00:00
[2026-02-28T21:47:47.410+0000] {processor.py:183} INFO - Processing /home/airflow/.local/lib/python3.12/site-packages/airflow/example_dags/example_task_group_decorator.py took 0.067 seconds
[2026-02-28T21:48:18.289+0000] {processor.py:161} INFO - Started process (PID=941) to work on /home/airflow/.local/lib/python3.12/site-packages/airflow/example_dags/example_task_group_decorator.py
[2026-02-28T21:48:18.290+0000] {processor.py:830} INFO - Processing file /home/airflow/.local/lib/python3.12/site-packages/airflow/example_dags/example_task_group_decorator.py for tasks to queue
[2026-02-28T21:48:18.291+0000] {logging_mixin.py:188} INFO - [2026-02-28T21:48:18.291+0000] {dagbag.py:545} INFO - Filling up the DagBag from /home/airflow/.local/lib/python3.12/site-packages/airflow/example_dags/example_task_group_decorator.py
[2026-02-28T21:48:18.303+0000] {processor.py:840} INFO - DAG(s) 'example_task_group_decorator' retrieved from /home/airflow/.local/lib/python3.12/site-packages/airflow/example_dags/example_task_group_decorator.py
[2026-02-28T21:48:18.323+0000] {logging_mixin.py:188} INFO - [2026-02-28T21:48:18.323+0000] {dag.py:3096} INFO - Sync 1 DAGs
[2026-02-28T21:48:18.338+0000] {logging_mixin.py:188} INFO - [2026-02-28T21:48:18.338+0000] {dag.py:3954} INFO - Setting next_dagrun for example_task_group_decorator to 2026-02-27 00:00:00+00:00, run_after=2026-02-28 00:00:00+00:00
[2026-02-28T21:48:18.352+0000] {processor.py:183} INFO - Processing /home/airflow/.local/lib/python3.12/site-packages/airflow/example_dags/example_task_group_decorator.py took 0.067 seconds
[2026-02-28T21:48:49.311+0000] {processor.py:161} INFO - Started process (PID=999) to work on /home/airflow/.local/lib/python3.12/site-packages/airflow/example_dags/example_task_group_decorator.py
[2026-02-28T21:48:49.312+0000] {processor.py:830} INFO - Processing file /home/airflow/.local/lib/python3.12/site-packages/airflow/example_dags/example_task_group_decorator.py for tasks to queue
[2026-02-28T21:48:49.315+0000] {logging_mixin.py:188} INFO - [2026-02-28T21:48:49.314+0000] {dagbag.py:545} INFO - Filling up the DagBag from /home/airflow/.local/lib/python3.12/site-packages/airflow/example_dags/example_task_group_decorator.py
[2026-02-28T21:48:49.324+0000] {processor.py:840} INFO - DAG(s) 'example_task_group_decorator' retrieved from /home/airflow/.local/lib/python3.12/site-packages/airflow/example_dags/example_task_group_decorator.py
[2026-02-28T21:48:49.347+0000] {logging_mixin.py:188} INFO - [2026-02-28T21:48:49.347+0000] {dag.py:3096} INFO - Sync 1 DAGs
[2026-02-28T21:48:49.365+0000] {logging_mixin.py:188} INFO - [2026-02-28T21:48:49.365+0000] {dag.py:3954} INFO - Setting next_dagrun for example_task_group_decorator to 2026-02-27 00:00:00+00:00, run_after=2026-02-28 00:00:00+00:00
[2026-02-28T21:48:49.380+0000] {processor.py:183} INFO - Processing /home/airflow/.local/lib/python3.12/site-packages/airflow/example_dags/example_task_group_decorator.py took 0.077 seconds
[2026-02-28T21:49:19.948+0000] {processor.py:161} INFO - Started process (PID=1057) to work on /home/airflow/.local/lib/python3.12/site-packages/airflow/example_dags/example_task_group_decorator.py
[2026-02-28T21:49:19.949+0000] {processor.py:830} INFO - Processing file /home/airflow/.local/lib/python3.12/site-packages/airflow/example_dags/example_task_group_decorator.py for tasks to queue
[2026-02-28T21:49:19.951+0000] {logging_mixin.py:188} INFO - [2026-02-28T21:49:19.950+0000] {dagbag.py:545} INFO - Filling up the DagBag from /home/airflow/.local/lib/python3.12/site-packages/airflow/example_dags/example_task_group_decorator.py
[2026-02-28T21:49:19.960+0000] {processor.py:840} INFO - DAG(s) 'example_task_group_decorator' retrieved from /home/airflow/.local/lib/python3.12/site-packages/airflow/example_dags/example_task_group_decorator.py
[2026-02-28T21:49:19.978+0000] {logging_mixin.py:188} INFO - [2026-02-28T21:49:19.978+0000] {dag.py:3096} INFO - Sync 1 DAGs
[2026-02-28T21:49:19.996+0000] {logging_mixin.py:188} INFO - [2026-02-28T21:49:19.996+0000] {dag.py:3954} INFO - Setting next_dagrun for example_task_group_decorator to 2026-02-27 00:00:00+00:00, run_after=2026-02-28 00:00:00+00:00
[2026-02-28T21:49:20.016+0000] {processor.py:183} INFO - Processing /home/airflow/.local/lib/python3.12/site-packages/airflow/example_dags/example_task_group_decorator.py took 0.072 seconds
[2026-02-28T21:49:50.439+0000] {processor.py:161} INFO - Started process (PID=1114) to work on /home/airflow/.local/lib/python3.12/site-packages/airflow/example_dags/example_task_group_decorator.py
[2026-02-28T21:49:50.442+0000] {processor.py:830} INFO - Processing file /home/airflow/.local/lib/python3.12/site-packages/airflow/example_dags/example_task_group_decorator.py for tasks to queue
[2026-02-28T21:49:50.446+0000] {logging_mixin.py:188} INFO - [2026-02-28T21:49:50.445+0000] {dagbag.py:545} INFO - Filling up the DagBag from /home/airflow/.local/lib/python3.12/site-packages/airflow/example_dags/example_task_group_decorator.py
[2026-02-28T21:49:50.465+0000] {processor.py:840} INFO - DAG(s) 'example_task_group_decorator' retrieved from /home/airflow/.local/lib/python3.12/site-packages/airflow/example_dags/example_task_group_decorator.py
[2026-02-28T21:49:50.495+0000] {logging_mixin.py:188} INFO - [2026-02-28T21:49:50.495+0000] {dag.py:3096} INFO - Sync 1 DAGs
[2026-02-28T21:49:50.521+0000] {logging_mixin.py:188} INFO - [2026-02-28T21:49:50.521+0000] {dag.py:3954} INFO - Setting next_dagrun for example_task_group_decorator to 2026-02-27 00:00:00+00:00, run_after=2026-02-28 00:00:00+00:00
[2026-02-28T21:49:50.541+0000] {processor.py:183} INFO - Processing /home/airflow/.local/lib/python3.12/site-packages/airflow/example_dags/example_task_group_decorator.py took 0.109 seconds
[2026-02-28T21:50:21.366+0000] {processor.py:161} INFO - Started process (PID=1172) to work on /home/airflow/.local/lib/python3.12/site-packages/airflow/example_dags/example_task_group_decorator.py
[2026-02-28T21:50:21.367+0000] {processor.py:830} INFO - Processing file /home/airflow/.local/lib/python3.12/site-packages/airflow/example_dags/example_task_group_decorator.py for tasks to queue
[2026-02-28T21:50:21.368+0000] {logging_mixin.py:188} INFO - [2026-02-28T21:50:21.367+0000] {dagbag.py:545} INFO - Filling up the DagBag from /home/airflow/.local/lib/python3.12/site-packages/airflow/example_dags/example_task_group_decorator.py
[2026-02-28T21:50:21.377+0000] {processor.py:840} INFO - DAG(s) 'example_task_group_decorator' retrieved from /home/airflow/.local/lib/python3.12/site-packages/airflow/example_dags/example_task_group_decorator.py
[2026-02-28T21:50:21.400+0000] {logging_mixin.py:188} INFO - [2026-02-28T21:50:21.400+0000] {dag.py:3096} INFO - Sync 1 DAGs
[2026-02-28T21:50:21.417+0000] {logging_mixin.py:188} INFO - [2026-02-28T21:50:21.417+0000] {dag.py:3954} INFO - Setting next_dagrun for example_task_group_decorator to 2026-02-27 00:00:00+00:00, run_after=2026-02-28 00:00:00+00:00
[2026-02-28T21:50:21.427+0000] {processor.py:183} INFO - Processing /home/airflow/.local/lib/python3.12/site-packages/airflow/example_dags/example_task_group_decorator.py took 0.065 seconds
[2026-02-28T21:50:51.939+0000] {processor.py:161} INFO - Started process (PID=1231) to work on /home/airflow/.local/lib/python3.12/site-packages/airflow/example_dags/example_task_group_decorator.py
[2026-02-28T21:50:51.941+0000] {processor.py:830} INFO - Processing file /home/airflow/.local/lib/python3.12/site-packages/airflow/example_dags/example_task_group_decorator.py for tasks to queue
[2026-02-28T21:50:51.943+0000] {logging_mixin.py:188} INFO - [2026-02-28T21:50:51.943+0000] {dagbag.py:545} INFO - Filling up the DagBag from /home/airflow/.local/lib/python3.12/site-packages/airflow/example_dags/example_task_group_decorator.py
[2026-02-28T21:50:51.955+0000] {processor.py:840} INFO - DAG(s) 'example_task_group_decorator' retrieved from /home/airflow/.local/lib/python3.12/site-packages/airflow/example_dags/example_task_group_decorator.py
[2026-02-28T21:50:51.978+0000] {logging_mixin.py:188} INFO - [2026-02-28T21:50:51.978+0000] {dag.py:3096} INFO - Sync 1 DAGs
[2026-02-28T21:50:51.993+0000] {logging_mixin.py:188} INFO - [2026-02-28T21:50:51.992+0000] {dag.py:3954} INFO - Setting next_dagrun for example_task_group_decorator to 2026-02-27 00:00:00+00:00, run_after=2026-02-28 00:00:00+00:00
[2026-02-28T21:50:52.019+0000] {processor.py:183} INFO - Processing /home/airflow/.local/lib/python3.12/site-packages/airflow/example_dags/example_task_group_decorator.py took 0.084 seconds
[2026-02-28T21:51:22.209+0000] {processor.py:161} INFO - Started process (PID=1289) to work on /home/airflow/.local/lib/python3.12/site-packages/airflow/example_dags/example_task_group_decorator.py
[2026-02-28T21:51:22.210+0000] {processor.py:830} INFO - Processing file /home/airflow/.local/lib/python3.12/site-packages/airflow/example_dags/example_task_group_decorator.py for tasks to queue
[2026-02-28T21:51:22.213+0000] {logging_mixin.py:188} INFO - [2026-02-28T21:51:22.213+0000] {dagbag.py:545} INFO - Filling up the DagBag from /home/airflow/.local/lib/python3.12/site-packages/airflow/example_dags/example_task_group_decorator.py
[2026-02-28T21:51:22.226+0000] {processor.py:840} INFO - DAG(s) 'example_task_group_decorator' retrieved from /home/airflow/.local/lib/python3.12/site-packages/airflow/example_dags/example_task_group_decorator.py
[2026-02-28T21:51:22.244+0000] {logging_mixin.py:188} INFO - [2026-02-28T21:51:22.244+0000] {dag.py:3096} INFO - Sync 1 DAGs
[2026-02-28T21:51:22.264+0000] {logging_mixin.py:188} INFO - [2026-02-28T21:51:22.263+0000] {dag.py:3954} INFO - Setting next_dagrun for example_task_group_decorator to 2026-02-27 00:00:00+00:00, run_after=2026-02-28 00:00:00+00:00
[2026-02-28T21:51:22.282+0000] {processor.py:183} INFO - Processing /home/airflow/.local/lib/python3.12/site-packages/airflow/example_dags/example_task_group_decorator.py took 0.078 seconds
[2026-02-28T21:51:52.925+0000] {processor.py:161} INFO - Started process (PID=1347) to work on /home/airflow/.local/lib/python3.12/site-packages/airflow/example_dags/example_task_group_decorator.py
[2026-02-28T21:51:52.926+0000] {processor.py:830} INFO - Processing file /home/airflow/.local/lib/python3.12/site-packages/airflow/example_dags/example_task_group_decorator.py for tasks to queue
[2026-02-28T21:51:52.929+0000] {logging_mixin.py:188} INFO - [2026-02-28T21:51:52.929+0000] {dagbag.py:545} INFO - Filling up the DagBag from /home/airflow/.local/lib/python3.12/site-packages/airflow/example_dags/example_task_group_decorator.py
[2026-02-28T21:51:52.966+0000] {processor.py:840} INFO - DAG(s) 'example_task_group_decorator' retrieved from /home/airflow/.local/lib/python3.12/site-packages/airflow/example_dags/example_task_group_decorator.py
[2026-02-28T21:51:53.031+0000] {logging_mixin.py:188} INFO - [2026-02-28T21:51:53.030+0000] {dag.py:3096} INFO - Sync 1 DAGs
[2026-02-28T21:51:53.061+0000] {logging_mixin.py:188} INFO - [2026-02-28T21:51:53.060+0000] {dag.py:3954} INFO - Setting next_dagrun for example_task_group_decorator to 2026-02-27 00:00:00+00:00, run_after=2026-02-28 00:00:00+00:00
[2026-02-28T21:51:53.086+0000] {processor.py:183} INFO - Processing /home/airflow/.local/lib/python3.12/site-packages/airflow/example_dags/example_task_group_decorator.py took 0.177 seconds
[2026-02-28T21:52:23.761+0000] {processor.py:161} INFO - Started process (PID=1405) to work on /home/airflow/.local/lib/python3.12/site-packages/airflow/example_dags/example_task_group_decorator.py
[2026-02-28T21:52:23.768+0000] {processor.py:830} INFO - Processing file /home/airflow/.local/lib/python3.12/site-packages/airflow/example_dags/example_task_group_decorator.py for tasks to queue
[2026-02-28T21:52:23.774+0000] {logging_mixin.py:188} INFO - [2026-02-28T21:52:23.774+0000] {dagbag.py:545} INFO - Filling up the DagBag from /home/airflow/.local/lib/python3.12/site-packages/airflow/example_dags/example_task_group_decorator.py
[2026-02-28T21:52:23.793+0000] {processor.py:840} INFO - DAG(s) 'example_task_group_decorator' retrieved from /home/airflow/.local/lib/python3.12/site-packages/airflow/example_dags/example_task_group_decorator.py
[2026-02-28T21:52:23.814+0000] {logging_mixin.py:188} INFO - [2026-02-28T21:52:23.813+0000] {dag.py:3096} INFO - Sync 1 DAGs
[2026-02-28T21:52:23.832+0000] {logging_mixin.py:188} INFO - [2026-02-28T21:52:23.832+0000] {dag.py:3954} INFO - Setting next_dagrun for example_task_group_decorator to 2026-02-27 00:00:00+00:00, run_after=2026-02-28 00:00:00+00:00
[2026-02-28T21:52:23.847+0000] {processor.py:183} INFO - Processing /home/airflow/.local/lib/python3.12/site-packages/airflow/example_dags/example_task_group_decorator.py took 0.092 seconds
[2026-02-28T21:52:53.998+0000] {processor.py:161} INFO - Started process (PID=1463) to work on /home/airflow/.local/lib/python3.12/site-packages/airflow/example_dags/example_task_group_decorator.py
[2026-02-28T21:52:54.000+0000] {processor.py:830} INFO - Processing file /home/airflow/.local/lib/python3.12/site-packages/airflow/example_dags/example_task_group_decorator.py for tasks to queue
[2026-02-28T21:52:54.002+0000] {logging_mixin.py:188} INFO - [2026-02-28T21:52:54.002+0000] {dagbag.py:545} INFO - Filling up the DagBag from /home/airflow/.local/lib/python3.12/site-packages/airflow/example_dags/example_task_group_decorator.py
[2026-02-28T21:52:54.019+0000] {processor.py:840} INFO - DAG(s) 'example_task_group_decorator' retrieved from /home/airflow/.local/lib/python3.12/site-packages/airflow/example_dags/example_task_group_decorator.py
[2026-02-28T21:52:54.040+0000] {logging_mixin.py:188} INFO - [2026-02-28T21:52:54.040+0000] {dag.py:3096} INFO - Sync 1 DAGs
[2026-02-28T21:52:54.058+0000] {logging_mixin.py:188} INFO - [2026-02-28T21:52:54.057+0000] {dag.py:3954} INFO - Setting next_dagrun for example_task_group_decorator to 2026-02-27 00:00:00+00:00, run_after=2026-02-28 00:00:00+00:00
[2026-02-28T21:52:54.072+0000] {processor.py:183} INFO - Processing /home/airflow/.local/lib/python3.12/site-packages/airflow/example_dags/example_task_group_decorator.py took 0.082 seconds
[2026-02-28T21:53:24.786+0000] {processor.py:161} INFO - Started process (PID=1521) to work on /home/airflow/.local/lib/python3.12/site-packages/airflow/example_dags/example_task_group_decorator.py
[2026-02-28T21:53:24.789+0000] {processor.py:830} INFO - Processing file /home/airflow/.local/lib/python3.12/site-packages/airflow/example_dags/example_task_group_decorator.py for tasks to queue
[2026-02-28T21:53:24.791+0000] {logging_mixin.py:188} INFO - [2026-02-28T21:53:24.790+0000] {dagbag.py:545} INFO - Filling up the DagBag from /home/airflow/.local/lib/python3.12/site-packages/airflow/example_dags/example_task_group_decorator.py
[2026-02-28T21:53:24.811+0000] {processor.py:840} INFO - DAG(s) 'example_task_group_decorator' retrieved from /home/airflow/.local/lib/python3.12/site-packages/airflow/example_dags/example_task_group_decorator.py
[2026-02-28T21:53:24.839+0000] {logging_mixin.py:188} INFO - [2026-02-28T21:53:24.839+0000] {dag.py:3096} INFO - Sync 1 DAGs
[2026-02-28T21:53:24.870+0000] {logging_mixin.py:188} INFO - [2026-02-28T21:53:24.870+0000] {dag.py:3954} INFO - Setting next_dagrun for example_task_group_decorator to 2026-02-27 00:00:00+00:00, run_after=2026-02-28 00:00:00+00:00
[2026-02-28T21:53:24.889+0000] {processor.py:183} INFO - Processing /home/airflow/.local/lib/python3.12/site-packages/airflow/example_dags/example_task_group_decorator.py took 0.116 seconds
[2026-02-28T21:53:55.713+0000] {processor.py:161} INFO - Started process (PID=1579) to work on /home/airflow/.local/lib/python3.12/site-packages/airflow/example_dags/example_task_group_decorator.py
[2026-02-28T21:53:55.715+0000] {processor.py:830} INFO - Processing file /home/airflow/.local/lib/python3.12/site-packages/airflow/example_dags/example_task_group_decorator.py for tasks to queue
[2026-02-28T21:53:55.716+0000] {logging_mixin.py:188} INFO - [2026-02-28T21:53:55.716+0000] {dagbag.py:545} INFO - Filling up the DagBag from /home/airflow/.local/lib/python3.12/site-packages/airflow/example_dags/example_task_group_decorator.py
[2026-02-28T21:53:55.726+0000] {processor.py:840} INFO - DAG(s) 'example_task_group_decorator' retrieved from /home/airflow/.local/lib/python3.12/site-packages/airflow/example_dags/example_task_group_decorator.py
[2026-02-28T21:53:55.749+0000] {logging_mixin.py:188} INFO - [2026-02-28T21:53:55.748+0000] {dag.py:3096} INFO - Sync 1 DAGs
[2026-02-28T21:53:55.773+0000] {logging_mixin.py:188} INFO - [2026-02-28T21:53:55.771+0000] {dag.py:3954} INFO - Setting next_dagrun for example_task_group_decorator to 2026-02-27 00:00:00+00:00, run_after=2026-02-28 00:00:00+00:00
[2026-02-28T21:53:55.793+0000] {processor.py:183} INFO - Processing /home/airflow/.local/lib/python3.12/site-packages/airflow/example_dags/example_task_group_decorator.py took 0.084 seconds
[2026-02-28T21:54:25.952+0000] {processor.py:161} INFO - Started process (PID=1637) to work on /home/airflow/.local/lib/python3.12/site-packages/airflow/example_dags/example_task_group_decorator.py
[2026-02-28T21:54:25.956+0000] {processor.py:830} INFO - Processing file /home/airflow/.local/lib/python3.12/site-packages/airflow/example_dags/example_task_group_decorator.py for tasks to queue
[2026-02-28T21:54:25.963+0000] {logging_mixin.py:188} INFO - [2026-02-28T21:54:25.963+0000] {dagbag.py:545} INFO - Filling up the DagBag from /home/airflow/.local/lib/python3.12/site-packages/airflow/example_dags/example_task_group_decorator.py
[2026-02-28T21:54:25.989+0000] {processor.py:840} INFO - DAG(s) 'example_task_group_decorator' retrieved from /home/airflow/.local/lib/python3.12/site-packages/airflow/example_dags/example_task_group_decorator.py
[2026-02-28T21:54:26.050+0000] {logging_mixin.py:188} INFO - [2026-02-28T21:54:26.050+0000] {dag.py:3096} INFO - Sync 1 DAGs
[2026-02-28T21:54:26.089+0000] {logging_mixin.py:188} INFO - [2026-02-28T21:54:26.089+0000] {dag.py:3954} INFO - Setting next_dagrun for example_task_group_decorator to 2026-02-27 00:00:00+00:00, run_after=2026-02-28 00:00:00+00:00
[2026-02-28T21:54:26.107+0000] {processor.py:183} INFO - Processing /home/airflow/.local/lib/python3.12/site-packages/airflow/example_dags/example_task_group_decorator.py took 0.162 seconds
[2026-02-28T21:54:56.559+0000] {processor.py:161} INFO - Started process (PID=1695) to work on /home/airflow/.local/lib/python3.12/site-packages/airflow/example_dags/example_task_group_decorator.py
[2026-02-28T21:54:56.562+0000] {processor.py:830} INFO - Processing file /home/airflow/.local/lib/python3.12/site-packages/airflow/example_dags/example_task_group_decorator.py for tasks to queue
[2026-02-28T21:54:56.568+0000] {logging_mixin.py:188} INFO - [2026-02-28T21:54:56.566+0000] {dagbag.py:545} INFO - Filling up the DagBag from /home/airflow/.local/lib/python3.12/site-packages/airflow/example_dags/example_task_group_decorator.py
[2026-02-28T21:54:56.644+0000] {processor.py:840} INFO - DAG(s) 'example_task_group_decorator' retrieved from /home/airflow/.local/lib/python3.12/site-packages/airflow/example_dags/example_task_group_decorator.py
[2026-02-28T21:54:56.718+0000] {logging_mixin.py:188} INFO - [2026-02-28T21:54:56.718+0000] {dag.py:3096} INFO - Sync 1 DAGs
[2026-02-28T21:54:56.784+0000] {logging_mixin.py:188} INFO - [2026-02-28T21:54:56.783+0000] {dag.py:3954} INFO - Setting next_dagrun for example_task_group_decorator to 2026-02-27 00:00:00+00:00, run_after=2026-02-28 00:00:00+00:00
[2026-02-28T21:54:56.826+0000] {processor.py:183} INFO - Processing /home/airflow/.local/lib/python3.12/site-packages/airflow/example_dags/example_task_group_decorator.py took 0.282 seconds
[2026-02-28T21:55:27.097+0000] {processor.py:161} INFO - Started process (PID=1755) to work on /home/airflow/.local/lib/python3.12/site-packages/airflow/example_dags/example_task_group_decorator.py
[2026-02-28T21:55:27.100+0000] {processor.py:830} INFO - Processing file /home/airflow/.local/lib/python3.12/site-packages/airflow/example_dags/example_task_group_decorator.py for tasks to queue
[2026-02-28T21:55:27.102+0000] {logging_mixin.py:188} INFO - [2026-02-28T21:55:27.101+0000] {dagbag.py:545} INFO - Filling up the DagBag from /home/airflow/.local/lib/python3.12/site-packages/airflow/example_dags/example_task_group_decorator.py
[2026-02-28T21:55:27.121+0000] {processor.py:840} INFO - DAG(s) 'example_task_group_decorator' retrieved from /home/airflow/.local/lib/python3.12/site-packages/airflow/example_dags/example_task_group_decorator.py
[2026-02-28T21:55:27.148+0000] {logging_mixin.py:188} INFO - [2026-02-28T21:55:27.148+0000] {dag.py:3096} INFO - Sync 1 DAGs
[2026-02-28T21:55:27.165+0000] {logging_mixin.py:188} INFO - [2026-02-28T21:55:27.165+0000] {dag.py:3954} INFO - Setting next_dagrun for example_task_group_decorator to 2026-02-27 00:00:00+00:00, run_after=2026-02-28 00:00:00+00:00
[2026-02-28T21:55:27.179+0000] {processor.py:183} INFO - Processing /home/airflow/.local/lib/python3.12/site-packages/airflow/example_dags/example_task_group_decorator.py took 0.089 seconds
[2026-02-28T21:55:58.008+0000] {processor.py:161} INFO - Started process (PID=1813) to work on /home/airflow/.local/lib/python3.12/site-packages/airflow/example_dags/example_task_group_decorator.py
[2026-02-28T21:55:58.010+0000] {processor.py:830} INFO - Processing file /home/airflow/.local/lib/python3.12/site-packages/airflow/example_dags/example_task_group_decorator.py for tasks to queue
[2026-02-28T21:55:58.012+0000] {logging_mixin.py:188} INFO - [2026-02-28T21:55:58.012+0000] {dagbag.py:545} INFO - Filling up the DagBag from /home/airflow/.local/lib/python3.12/site-packages/airflow/example_dags/example_task_group_decorator.py
[2026-02-28T21:55:58.033+0000] {processor.py:840} INFO - DAG(s) 'example_task_group_decorator' retrieved from /home/airflow/.local/lib/python3.12/site-packages/airflow/example_dags/example_task_group_decorator.py
[2026-02-28T21:55:58.064+0000] {logging_mixin.py:188} INFO - [2026-02-28T21:55:58.063+0000] {dag.py:3096} INFO - Sync 1 DAGs
[2026-02-28T21:55:58.085+0000] {logging_mixin.py:188} INFO - [2026-02-28T21:55:58.085+0000] {dag.py:3954} INFO - Setting next_dagrun for example_task_group_decorator to 2026-02-27 00:00:00+00:00, run_after=2026-02-28 00:00:00+00:00
[2026-02-28T21:55:58.104+0000] {processor.py:183} INFO - Processing /home/airflow/.local/lib/python3.12/site-packages/airflow/example_dags/example_task_group_decorator.py took 0.101 seconds
[2026-02-28T21:56:28.157+0000] {processor.py:161} INFO - Started process (PID=1870) to work on /home/airflow/.local/lib/python3.12/site-packages/airflow/example_dags/example_task_group_decorator.py
[2026-02-28T21:56:28.158+0000] {processor.py:830} INFO - Processing file /home/airflow/.local/lib/python3.12/site-packages/airflow/example_dags/example_task_group_decorator.py for tasks to queue
[2026-02-28T21:56:28.160+0000] {logging_mixin.py:188} INFO - [2026-02-28T21:56:28.160+0000] {dagbag.py:545} INFO - Filling up the DagBag from /home/airflow/.local/lib/python3.12/site-packages/airflow/example_dags/example_task_group_decorator.py
[2026-02-28T21:56:28.182+0000] {processor.py:840} INFO - DAG(s) 'example_task_group_decorator' retrieved from /home/airflow/.local/lib/python3.12/site-packages/airflow/example_dags/example_task_group_decorator.py
[2026-02-28T21:56:28.205+0000] {logging_mixin.py:188} INFO - [2026-02-28T21:56:28.204+0000] {dag.py:3096} INFO - Sync 1 DAGs
[2026-02-28T21:56:28.219+0000] {logging_mixin.py:188} INFO - [2026-02-28T21:56:28.219+0000] {dag.py:3954} INFO - Setting next_dagrun for example_task_group_decorator to 2026-02-27 00:00:00+00:00, run_after=2026-02-28 00:00:00+00:00
[2026-02-28T21:56:28.236+0000] {processor.py:183} INFO - Processing /home/airflow/.local/lib/python3.12/site-packages/airflow/example_dags/example_task_group_decorator.py took 0.085 seconds
[2026-02-28T21:56:58.279+0000] {processor.py:161} INFO - Started process (PID=1928) to work on /home/airflow/.local/lib/python3.12/site-packages/airflow/example_dags/example_task_group_decorator.py
[2026-02-28T21:56:58.280+0000] {processor.py:830} INFO - Processing file /home/airflow/.local/lib/python3.12/site-packages/airflow/example_dags/example_task_group_decorator.py for tasks to queue
[2026-02-28T21:56:58.281+0000] {logging_mixin.py:188} INFO - [2026-02-28T21:56:58.281+0000] {dagbag.py:545} INFO - Filling up the DagBag from /home/airflow/.local/lib/python3.12/site-packages/airflow/example_dags/example_task_group_decorator.py
[2026-02-28T21:56:58.288+0000] {processor.py:840} INFO - DAG(s) 'example_task_group_decorator' retrieved from /home/airflow/.local/lib/python3.12/site-packages/airflow/example_dags/example_task_group_decorator.py
[2026-02-28T21:56:58.301+0000] {logging_mixin.py:188} INFO - [2026-02-28T21:56:58.300+0000] {dag.py:3096} INFO - Sync 1 DAGs
[2026-02-28T21:56:58.310+0000] {logging_mixin.py:188} INFO - [2026-02-28T21:56:58.310+0000] {dag.py:3954} INFO - Setting next_dagrun for example_task_group_decorator to 2026-02-27 00:00:00+00:00, run_after=2026-02-28 00:00:00+00:00
[2026-02-28T21:56:58.318+0000] {processor.py:183} INFO - Processing /home/airflow/.local/lib/python3.12/site-packages/airflow/example_dags/example_task_group_decorator.py took 0.043 seconds
[2026-02-28T21:57:29.353+0000] {processor.py:161} INFO - Started process (PID=1987) to work on /home/airflow/.local/lib/python3.12/site-packages/airflow/example_dags/example_task_group_decorator.py
[2026-02-28T21:57:29.354+0000] {processor.py:830} INFO - Processing file /home/airflow/.local/lib/python3.12/site-packages/airflow/example_dags/example_task_group_decorator.py for tasks to queue
[2026-02-28T21:57:29.356+0000] {logging_mixin.py:188} INFO - [2026-02-28T21:57:29.355+0000] {dagbag.py:545} INFO - Filling up the DagBag from /home/airflow/.local/lib/python3.12/site-packages/airflow/example_dags/example_task_group_decorator.py
[2026-02-28T21:57:29.372+0000] {processor.py:840} INFO - DAG(s) 'example_task_group_decorator' retrieved from /home/airflow/.local/lib/python3.12/site-packages/airflow/example_dags/example_task_group_decorator.py
[2026-02-28T21:57:29.394+0000] {logging_mixin.py:188} INFO - [2026-02-28T21:57:29.394+0000] {dag.py:3096} INFO - Sync 1 DAGs
[2026-02-28T21:57:29.424+0000] {logging_mixin.py:188} INFO - [2026-02-28T21:57:29.424+0000] {dag.py:3954} INFO - Setting next_dagrun for example_task_group_decorator to 2026-02-27 00:00:00+00:00, run_after=2026-02-28 00:00:00+00:00
[2026-02-28T21:57:29.440+0000] {processor.py:183} INFO - Processing /home/airflow/.local/lib/python3.12/site-packages/airflow/example_dags/example_task_group_decorator.py took 0.092 seconds
[2026-02-28T21:57:59.741+0000] {processor.py:161} INFO - Started process (PID=2045) to work on /home/airflow/.local/lib/python3.12/site-packages/airflow/example_dags/example_task_group_decorator.py
[2026-02-28T21:57:59.742+0000] {processor.py:830} INFO - Processing file /home/airflow/.local/lib/python3.12/site-packages/airflow/example_dags/example_task_group_decorator.py for tasks to queue
[2026-02-28T21:57:59.744+0000] {logging_mixin.py:188} INFO - [2026-02-28T21:57:59.743+0000] {dagbag.py:545} INFO - Filling up the DagBag from /home/airflow/.local/lib/python3.12/site-packages/airflow/example_dags/example_task_group_decorator.py
[2026-02-28T21:57:59.754+0000] {processor.py:840} INFO - DAG(s) 'example_task_group_decorator' retrieved from /home/airflow/.local/lib/python3.12/site-packages/airflow/example_dags/example_task_group_decorator.py
[2026-02-28T21:57:59.794+0000] {logging_mixin.py:188} INFO - [2026-02-28T21:57:59.793+0000] {dag.py:3096} INFO - Sync 1 DAGs
[2026-02-28T21:57:59.824+0000] {logging_mixin.py:188} INFO - [2026-02-28T21:57:59.824+0000] {dag.py:3954} INFO - Setting next_dagrun for example_task_group_decorator to 2026-02-27 00:00:00+00:00, run_after=2026-02-28 00:00:00+00:00
[2026-02-28T21:57:59.846+0000] {processor.py:183} INFO - Processing /home/airflow/.local/lib/python3.12/site-packages/airflow/example_dags/example_task_group_decorator.py took 0.111 seconds
[2026-02-28T21:58:30.855+0000] {processor.py:161} INFO - Started process (PID=2103) to work on /home/airflow/.local/lib/python3.12/site-packages/airflow/example_dags/example_task_group_decorator.py
[2026-02-28T21:58:30.860+0000] {processor.py:830} INFO - Processing file /home/airflow/.local/lib/python3.12/site-packages/airflow/example_dags/example_task_group_decorator.py for tasks to queue
[2026-02-28T21:58:30.863+0000] {logging_mixin.py:188} INFO - [2026-02-28T21:58:30.863+0000] {dagbag.py:545} INFO - Filling up the DagBag from /home/airflow/.local/lib/python3.12/site-packages/airflow/example_dags/example_task_group_decorator.py
[2026-02-28T21:58:30.874+0000] {processor.py:840} INFO - DAG(s) 'example_task_group_decorator' retrieved from /home/airflow/.local/lib/python3.12/site-packages/airflow/example_dags/example_task_group_decorator.py
[2026-02-28T21:58:30.895+0000] {logging_mixin.py:188} INFO - [2026-02-28T21:58:30.895+0000] {dag.py:3096} INFO - Sync 1 DAGs
[2026-02-28T21:58:30.914+0000] {logging_mixin.py:188} INFO - [2026-02-28T21:58:30.914+0000] {dag.py:3954} INFO - Setting next_dagrun for example_task_group_decorator to 2026-02-27 00:00:00+00:00, run_after=2026-02-28 00:00:00+00:00
[2026-02-28T21:58:30.929+0000] {processor.py:183} INFO - Processing /home/airflow/.local/lib/python3.12/site-packages/airflow/example_dags/example_task_group_decorator.py took 0.084 seconds
[2026-02-28T21:59:01.128+0000] {processor.py:161} INFO - Started process (PID=2161) to work on /home/airflow/.local/lib/python3.12/site-packages/airflow/example_dags/example_task_group_decorator.py
[2026-02-28T21:59:01.129+0000] {processor.py:830} INFO - Processing file /home/airflow/.local/lib/python3.12/site-packages/airflow/example_dags/example_task_group_decorator.py for tasks to queue
[2026-02-28T21:59:01.130+0000] {logging_mixin.py:188} INFO - [2026-02-28T21:59:01.130+0000] {dagbag.py:545} INFO - Filling up the DagBag from /home/airflow/.local/lib/python3.12/site-packages/airflow/example_dags/example_task_group_decorator.py
[2026-02-28T21:59:01.143+0000] {processor.py:840} INFO - DAG(s) 'example_task_group_decorator' retrieved from /home/airflow/.local/lib/python3.12/site-packages/airflow/example_dags/example_task_group_decorator.py
[2026-02-28T21:59:01.165+0000] {logging_mixin.py:188} INFO - [2026-02-28T21:59:01.165+0000] {dag.py:3096} INFO - Sync 1 DAGs
[2026-02-28T21:59:01.184+0000] {logging_mixin.py:188} INFO - [2026-02-28T21:59:01.184+0000] {dag.py:3954} INFO - Setting next_dagrun for example_task_group_decorator to 2026-02-27 00:00:00+00:00, run_after=2026-02-28 00:00:00+00:00
[2026-02-28T21:59:01.203+0000] {processor.py:183} INFO - Processing /home/airflow/.local/lib/python3.12/site-packages/airflow/example_dags/example_task_group_decorator.py took 0.080 seconds
[2026-02-28T21:59:32.292+0000] {processor.py:161} INFO - Started process (PID=2219) to work on /home/airflow/.local/lib/python3.12/site-packages/airflow/example_dags/example_task_group_decorator.py
[2026-02-28T21:59:32.292+0000] {processor.py:830} INFO - Processing file /home/airflow/.local/lib/python3.12/site-packages/airflow/example_dags/example_task_group_decorator.py for tasks to queue
[2026-02-28T21:59:32.294+0000] {logging_mixin.py:188} INFO - [2026-02-28T21:59:32.294+0000] {dagbag.py:545} INFO - Filling up the DagBag from /home/airflow/.local/lib/python3.12/site-packages/airflow/example_dags/example_task_group_decorator.py
[2026-02-28T21:59:32.307+0000] {processor.py:840} INFO - DAG(s) 'example_task_group_decorator' retrieved from /home/airflow/.local/lib/python3.12/site-packages/airflow/example_dags/example_task_group_decorator.py
[2026-02-28T21:59:32.325+0000] {logging_mixin.py:188} INFO - [2026-02-28T21:59:32.325+0000] {dag.py:3096} INFO - Sync 1 DAGs
[2026-02-28T21:59:32.340+0000] {logging_mixin.py:188} INFO - [2026-02-28T21:59:32.340+0000] {dag.py:3954} INFO - Setting next_dagrun for example_task_group_decorator to 2026-02-27 00:00:00+00:00, run_after=2026-02-28 00:00:00+00:00
[2026-02-28T21:59:32.353+0000] {processor.py:183} INFO - Processing /home/airflow/.local/lib/python3.12/site-packages/airflow/example_dags/example_task_group_decorator.py took 0.066 seconds
[2026-02-28T22:00:03.157+0000] {processor.py:161} INFO - Started process (PID=2283) to work on /home/airflow/.local/lib/python3.12/site-packages/airflow/example_dags/example_task_group_decorator.py
[2026-02-28T22:00:03.159+0000] {processor.py:830} INFO - Processing file /home/airflow/.local/lib/python3.12/site-packages/airflow/example_dags/example_task_group_decorator.py for tasks to queue
[2026-02-28T22:00:03.164+0000] {logging_mixin.py:188} INFO - [2026-02-28T22:00:03.164+0000] {dagbag.py:545} INFO - Filling up the DagBag from /home/airflow/.local/lib/python3.12/site-packages/airflow/example_dags/example_task_group_decorator.py
[2026-02-28T22:00:03.182+0000] {processor.py:840} INFO - DAG(s) 'example_task_group_decorator' retrieved from /home/airflow/.local/lib/python3.12/site-packages/airflow/example_dags/example_task_group_decorator.py
[2026-02-28T22:00:03.204+0000] {logging_mixin.py:188} INFO - [2026-02-28T22:00:03.204+0000] {dag.py:3096} INFO - Sync 1 DAGs
[2026-02-28T22:00:03.226+0000] {logging_mixin.py:188} INFO - [2026-02-28T22:00:03.226+0000] {dag.py:3954} INFO - Setting next_dagrun for example_task_group_decorator to 2026-02-27 00:00:00+00:00, run_after=2026-02-28 00:00:00+00:00
[2026-02-28T22:00:03.242+0000] {processor.py:183} INFO - Processing /home/airflow/.local/lib/python3.12/site-packages/airflow/example_dags/example_task_group_decorator.py took 0.089 seconds
[2026-02-28T22:00:37.704+0000] {processor.py:161} INFO - Started process (PID=2340) to work on /home/airflow/.local/lib/python3.12/site-packages/airflow/example_dags/example_task_group_decorator.py
[2026-02-28T22:00:37.707+0000] {processor.py:830} INFO - Processing file /home/airflow/.local/lib/python3.12/site-packages/airflow/example_dags/example_task_group_decorator.py for tasks to queue
[2026-02-28T22:00:37.713+0000] {logging_mixin.py:188} INFO - [2026-02-28T22:00:37.709+0000] {dagbag.py:545} INFO - Filling up the DagBag from /home/airflow/.local/lib/python3.12/site-packages/airflow/example_dags/example_task_group_decorator.py
[2026-02-28T22:00:37.729+0000] {processor.py:840} INFO - DAG(s) 'example_task_group_decorator' retrieved from /home/airflow/.local/lib/python3.12/site-packages/airflow/example_dags/example_task_group_decorator.py
[2026-02-28T22:00:37.782+0000] {logging_mixin.py:188} INFO - [2026-02-28T22:00:37.781+0000] {dag.py:3096} INFO - Sync 1 DAGs
[2026-02-28T22:00:37.817+0000] {logging_mixin.py:188} INFO - [2026-02-28T22:00:37.817+0000] {dag.py:3954} INFO - Setting next_dagrun for example_task_group_decorator to 2026-02-27 00:00:00+00:00, run_after=2026-02-28 00:00:00+00:00
[2026-02-28T22:00:37.839+0000] {processor.py:183} INFO - Processing /home/airflow/.local/lib/python3.12/site-packages/airflow/example_dags/example_task_group_decorator.py took 0.143 seconds
[2026-02-28T22:01:08.743+0000] {processor.py:161} INFO - Started process (PID=2398) to work on /home/airflow/.local/lib/python3.12/site-packages/airflow/example_dags/example_task_group_decorator.py
[2026-02-28T22:01:08.744+0000] {processor.py:830} INFO - Processing file /home/airflow/.local/lib/python3.12/site-packages/airflow/example_dags/example_task_group_decorator.py for tasks to queue
[2026-02-28T22:01:08.748+0000] {logging_mixin.py:188} INFO - [2026-02-28T22:01:08.747+0000] {dagbag.py:545} INFO - Filling up the DagBag from /home/airflow/.local/lib/python3.12/site-packages/airflow/example_dags/example_task_group_decorator.py
[2026-02-28T22:01:08.789+0000] {processor.py:840} INFO - DAG(s) 'example_task_group_decorator' retrieved from /home/airflow/.local/lib/python3.12/site-packages/airflow/example_dags/example_task_group_decorator.py
[2026-02-28T22:01:08.830+0000] {logging_mixin.py:188} INFO - [2026-02-28T22:01:08.829+0000] {dag.py:3096} INFO - Sync 1 DAGs
[2026-02-28T22:01:08.854+0000] {logging_mixin.py:188} INFO - [2026-02-28T22:01:08.854+0000] {dag.py:3954} INFO - Setting next_dagrun for example_task_group_decorator to 2026-02-27 00:00:00+00:00, run_after=2026-02-28 00:00:00+00:00
[2026-02-28T22:01:08.873+0000] {processor.py:183} INFO - Processing /home/airflow/.local/lib/python3.12/site-packages/airflow/example_dags/example_task_group_decorator.py took 0.143 seconds
[2026-02-28T22:01:39.362+0000] {processor.py:161} INFO - Started process (PID=2456) to work on /home/airflow/.local/lib/python3.12/site-packages/airflow/example_dags/example_task_group_decorator.py
[2026-02-28T22:01:39.365+0000] {processor.py:830} INFO - Processing file /home/airflow/.local/lib/python3.12/site-packages/airflow/example_dags/example_task_group_decorator.py for tasks to queue
[2026-02-28T22:01:39.366+0000] {logging_mixin.py:188} INFO - [2026-02-28T22:01:39.366+0000] {dagbag.py:545} INFO - Filling up the DagBag from /home/airflow/.local/lib/python3.12/site-packages/airflow/example_dags/example_task_group_decorator.py
[2026-02-28T22:01:39.377+0000] {processor.py:840} INFO - DAG(s) 'example_task_group_decorator' retrieved from /home/airflow/.local/lib/python3.12/site-packages/airflow/example_dags/example_task_group_decorator.py
[2026-02-28T22:01:39.392+0000] {logging_mixin.py:188} INFO - [2026-02-28T22:01:39.391+0000] {dag.py:3096} INFO - Sync 1 DAGs
[2026-02-28T22:01:39.412+0000] {logging_mixin.py:188} INFO - [2026-02-28T22:01:39.412+0000] {dag.py:3954} INFO - Setting next_dagrun for example_task_group_decorator to 2026-02-27 00:00:00+00:00, run_after=2026-02-28 00:00:00+00:00
[2026-02-28T22:01:39.429+0000] {processor.py:183} INFO - Processing /home/airflow/.local/lib/python3.12/site-packages/airflow/example_dags/example_task_group_decorator.py took 0.071 seconds
[2026-02-28T22:02:10.120+0000] {processor.py:161} INFO - Started process (PID=2514) to work on /home/airflow/.local/lib/python3.12/site-packages/airflow/example_dags/example_task_group_decorator.py
[2026-02-28T22:02:10.124+0000] {processor.py:830} INFO - Processing file /home/airflow/.local/lib/python3.12/site-packages/airflow/example_dags/example_task_group_decorator.py for tasks to queue
[2026-02-28T22:02:10.126+0000] {logging_mixin.py:188} INFO - [2026-02-28T22:02:10.126+0000] {dagbag.py:545} INFO - Filling up the DagBag from /home/airflow/.local/lib/python3.12/site-packages/airflow/example_dags/example_task_group_decorator.py
[2026-02-28T22:02:10.134+0000] {processor.py:840} INFO - DAG(s) 'example_task_group_decorator' retrieved from /home/airflow/.local/lib/python3.12/site-packages/airflow/example_dags/example_task_group_decorator.py
[2026-02-28T22:02:10.150+0000] {logging_mixin.py:188} INFO - [2026-02-28T22:02:10.150+0000] {dag.py:3096} INFO - Sync 1 DAGs
[2026-02-28T22:02:10.169+0000] {logging_mixin.py:188} INFO - [2026-02-28T22:02:10.169+0000] {dag.py:3954} INFO - Setting next_dagrun for example_task_group_decorator to 2026-02-27 00:00:00+00:00, run_after=2026-02-28 00:00:00+00:00
[2026-02-28T22:02:10.183+0000] {processor.py:183} INFO - Processing /home/airflow/.local/lib/python3.12/site-packages/airflow/example_dags/example_task_group_decorator.py took 0.067 seconds
[2026-02-28T22:02:41.115+0000] {processor.py:161} INFO - Started process (PID=2572) to work on /home/airflow/.local/lib/python3.12/site-packages/airflow/example_dags/example_task_group_decorator.py
[2026-02-28T22:02:41.117+0000] {processor.py:830} INFO - Processing file /home/airflow/.local/lib/python3.12/site-packages/airflow/example_dags/example_task_group_decorator.py for tasks to queue
[2026-02-28T22:02:41.120+0000] {logging_mixin.py:188} INFO - [2026-02-28T22:02:41.119+0000] {dagbag.py:545} INFO - Filling up the DagBag from /home/airflow/.local/lib/python3.12/site-packages/airflow/example_dags/example_task_group_decorator.py
[2026-02-28T22:02:41.131+0000] {processor.py:840} INFO - DAG(s) 'example_task_group_decorator' retrieved from /home/airflow/.local/lib/python3.12/site-packages/airflow/example_dags/example_task_group_decorator.py
[2026-02-28T22:02:41.154+0000] {logging_mixin.py:188} INFO - [2026-02-28T22:02:41.153+0000] {dag.py:3096} INFO - Sync 1 DAGs
[2026-02-28T22:02:41.172+0000] {logging_mixin.py:188} INFO - [2026-02-28T22:02:41.172+0000] {dag.py:3954} INFO - Setting next_dagrun for example_task_group_decorator to 2026-02-27 00:00:00+00:00, run_after=2026-02-28 00:00:00+00:00
[2026-02-28T22:02:41.196+0000] {processor.py:183} INFO - Processing /home/airflow/.local/lib/python3.12/site-packages/airflow/example_dags/example_task_group_decorator.py took 0.088 seconds
[2026-02-28T22:03:11.725+0000] {processor.py:161} INFO - Started process (PID=2629) to work on /home/airflow/.local/lib/python3.12/site-packages/airflow/example_dags/example_task_group_decorator.py
[2026-02-28T22:03:11.729+0000] {processor.py:830} INFO - Processing file /home/airflow/.local/lib/python3.12/site-packages/airflow/example_dags/example_task_group_decorator.py for tasks to queue
[2026-02-28T22:03:11.730+0000] {logging_mixin.py:188} INFO - [2026-02-28T22:03:11.730+0000] {dagbag.py:545} INFO - Filling up the DagBag from /home/airflow/.local/lib/python3.12/site-packages/airflow/example_dags/example_task_group_decorator.py
[2026-02-28T22:03:11.739+0000] {processor.py:840} INFO - DAG(s) 'example_task_group_decorator' retrieved from /home/airflow/.local/lib/python3.12/site-packages/airflow/example_dags/example_task_group_decorator.py
[2026-02-28T22:03:11.760+0000] {logging_mixin.py:188} INFO - [2026-02-28T22:03:11.759+0000] {dag.py:3096} INFO - Sync 1 DAGs
[2026-02-28T22:03:11.775+0000] {logging_mixin.py:188} INFO - [2026-02-28T22:03:11.775+0000] {dag.py:3954} INFO - Setting next_dagrun for example_task_group_decorator to 2026-02-27 00:00:00+00:00, run_after=2026-02-28 00:00:00+00:00
[2026-02-28T22:03:11.789+0000] {processor.py:183} INFO - Processing /home/airflow/.local/lib/python3.12/site-packages/airflow/example_dags/example_task_group_decorator.py took 0.080 seconds
[2026-02-28T22:03:41.951+0000] {processor.py:161} INFO - Started process (PID=2687) to work on /home/airflow/.local/lib/python3.12/site-packages/airflow/example_dags/example_task_group_decorator.py
[2026-02-28T22:03:41.953+0000] {processor.py:830} INFO - Processing file /home/airflow/.local/lib/python3.12/site-packages/airflow/example_dags/example_task_group_decorator.py for tasks to queue
[2026-02-28T22:03:41.955+0000] {logging_mixin.py:188} INFO - [2026-02-28T22:03:41.955+0000] {dagbag.py:545} INFO - Filling up the DagBag from /home/airflow/.local/lib/python3.12/site-packages/airflow/example_dags/example_task_group_decorator.py
[2026-02-28T22:03:41.965+0000] {processor.py:840} INFO - DAG(s) 'example_task_group_decorator' retrieved from /home/airflow/.local/lib/python3.12/site-packages/airflow/example_dags/example_task_group_decorator.py
[2026-02-28T22:03:41.987+0000] {logging_mixin.py:188} INFO - [2026-02-28T22:03:41.987+0000] {dag.py:3096} INFO - Sync 1 DAGs
[2026-02-28T22:03:42.006+0000] {logging_mixin.py:188} INFO - [2026-02-28T22:03:42.006+0000] {dag.py:3954} INFO - Setting next_dagrun for example_task_group_decorator to 2026-02-27 00:00:00+00:00, run_after=2026-02-28 00:00:00+00:00
[2026-02-28T22:03:42.021+0000] {processor.py:183} INFO - Processing /home/airflow/.local/lib/python3.12/site-packages/airflow/example_dags/example_task_group_decorator.py took 0.076 seconds
[2026-02-28T22:04:13.014+0000] {processor.py:161} INFO - Started process (PID=2745) to work on /home/airflow/.local/lib/python3.12/site-packages/airflow/example_dags/example_task_group_decorator.py
[2026-02-28T22:04:13.020+0000] {processor.py:830} INFO - Processing file /home/airflow/.local/lib/python3.12/site-packages/airflow/example_dags/example_task_group_decorator.py for tasks to queue
[2026-02-28T22:04:13.036+0000] {logging_mixin.py:188} INFO - [2026-02-28T22:04:13.034+0000] {dagbag.py:545} INFO - Filling up the DagBag from /home/airflow/.local/lib/python3.12/site-packages/airflow/example_dags/example_task_group_decorator.py
[2026-02-28T22:04:13.074+0000] {processor.py:840} INFO - DAG(s) 'example_task_group_decorator' retrieved from /home/airflow/.local/lib/python3.12/site-packages/airflow/example_dags/example_task_group_decorator.py
[2026-02-28T22:04:13.156+0000] {logging_mixin.py:188} INFO - [2026-02-28T22:04:13.154+0000] {dag.py:3096} INFO - Sync 1 DAGs
[2026-02-28T22:04:13.204+0000] {logging_mixin.py:188} INFO - [2026-02-28T22:04:13.203+0000] {dag.py:3954} INFO - Setting next_dagrun for example_task_group_decorator to 2026-02-27 00:00:00+00:00, run_after=2026-02-28 00:00:00+00:00
[2026-02-28T22:04:13.233+0000] {processor.py:183} INFO - Processing /home/airflow/.local/lib/python3.12/site-packages/airflow/example_dags/example_task_group_decorator.py took 0.240 seconds
[2026-02-28T22:04:43.596+0000] {processor.py:161} INFO - Started process (PID=2803) to work on /home/airflow/.local/lib/python3.12/site-packages/airflow/example_dags/example_task_group_decorator.py
[2026-02-28T22:04:43.600+0000] {processor.py:830} INFO - Processing file /home/airflow/.local/lib/python3.12/site-packages/airflow/example_dags/example_task_group_decorator.py for tasks to queue
[2026-02-28T22:04:43.614+0000] {logging_mixin.py:188} INFO - [2026-02-28T22:04:43.612+0000] {dagbag.py:545} INFO - Filling up the DagBag from /home/airflow/.local/lib/python3.12/site-packages/airflow/example_dags/example_task_group_decorator.py
[2026-02-28T22:04:43.663+0000] {processor.py:840} INFO - DAG(s) 'example_task_group_decorator' retrieved from /home/airflow/.local/lib/python3.12/site-packages/airflow/example_dags/example_task_group_decorator.py
[2026-02-28T22:04:43.743+0000] {logging_mixin.py:188} INFO - [2026-02-28T22:04:43.743+0000] {dag.py:3096} INFO - Sync 1 DAGs
[2026-02-28T22:04:43.813+0000] {logging_mixin.py:188} INFO - [2026-02-28T22:04:43.813+0000] {dag.py:3954} INFO - Setting next_dagrun for example_task_group_decorator to 2026-02-27 00:00:00+00:00, run_after=2026-02-28 00:00:00+00:00
[2026-02-28T22:04:43.864+0000] {processor.py:183} INFO - Processing /home/airflow/.local/lib/python3.12/site-packages/airflow/example_dags/example_task_group_decorator.py took 0.313 seconds
