[2026-02-28T21:40:01.605+0000] {processor.py:161} INFO - Started process (PID=67) to work on /home/airflow/.local/lib/python3.12/site-packages/airflow/example_dags/example_bash_operator.py
[2026-02-28T21:40:01.614+0000] {processor.py:830} INFO - Processing file /home/airflow/.local/lib/python3.12/site-packages/airflow/example_dags/example_bash_operator.py for tasks to queue
[2026-02-28T21:40:01.623+0000] {logging_mixin.py:188} INFO - [2026-02-28T21:40:01.621+0000] {dagbag.py:545} INFO - Filling up the DagBag from /home/airflow/.local/lib/python3.12/site-packages/airflow/example_dags/example_bash_operator.py
[2026-02-28T21:40:01.658+0000] {processor.py:840} INFO - DAG(s) 'example_bash_operator' retrieved from /home/airflow/.local/lib/python3.12/site-packages/airflow/example_dags/example_bash_operator.py
[2026-02-28T21:40:01.738+0000] {logging_mixin.py:188} INFO - [2026-02-28T21:40:01.738+0000] {dag.py:3096} INFO - Sync 1 DAGs
[2026-02-28T21:40:01.797+0000] {logging_mixin.py:188} INFO - [2026-02-28T21:40:01.797+0000] {dag.py:3954} INFO - Setting next_dagrun for example_bash_operator to 2026-02-27 00:00:00+00:00, run_after=2026-02-28 00:00:00+00:00
[2026-02-28T21:40:01.873+0000] {processor.py:183} INFO - Processing /home/airflow/.local/lib/python3.12/site-packages/airflow/example_dags/example_bash_operator.py took 0.282 seconds
[2026-02-28T21:40:32.341+0000] {processor.py:161} INFO - Started process (PID=125) to work on /home/airflow/.local/lib/python3.12/site-packages/airflow/example_dags/example_bash_operator.py
[2026-02-28T21:40:32.342+0000] {processor.py:830} INFO - Processing file /home/airflow/.local/lib/python3.12/site-packages/airflow/example_dags/example_bash_operator.py for tasks to queue
[2026-02-28T21:40:32.343+0000] {logging_mixin.py:188} INFO - [2026-02-28T21:40:32.343+0000] {dagbag.py:545} INFO - Filling up the DagBag from /home/airflow/.local/lib/python3.12/site-packages/airflow/example_dags/example_bash_operator.py
[2026-02-28T21:40:32.352+0000] {processor.py:840} INFO - DAG(s) 'example_bash_operator' retrieved from /home/airflow/.local/lib/python3.12/site-packages/airflow/example_dags/example_bash_operator.py
[2026-02-28T21:40:32.420+0000] {logging_mixin.py:188} INFO - [2026-02-28T21:40:32.420+0000] {dag.py:3096} INFO - Sync 1 DAGs
[2026-02-28T21:40:32.436+0000] {logging_mixin.py:188} INFO - [2026-02-28T21:40:32.436+0000] {dag.py:3954} INFO - Setting next_dagrun for example_bash_operator to 2026-02-27 00:00:00+00:00, run_after=2026-02-28 00:00:00+00:00
[2026-02-28T21:40:32.449+0000] {processor.py:183} INFO - Processing /home/airflow/.local/lib/python3.12/site-packages/airflow/example_dags/example_bash_operator.py took 0.112 seconds
[2026-02-28T21:41:03.305+0000] {processor.py:161} INFO - Started process (PID=183) to work on /home/airflow/.local/lib/python3.12/site-packages/airflow/example_dags/example_bash_operator.py
[2026-02-28T21:41:03.306+0000] {processor.py:830} INFO - Processing file /home/airflow/.local/lib/python3.12/site-packages/airflow/example_dags/example_bash_operator.py for tasks to queue
[2026-02-28T21:41:03.309+0000] {logging_mixin.py:188} INFO - [2026-02-28T21:41:03.308+0000] {dagbag.py:545} INFO - Filling up the DagBag from /home/airflow/.local/lib/python3.12/site-packages/airflow/example_dags/example_bash_operator.py
[2026-02-28T21:41:03.318+0000] {processor.py:840} INFO - DAG(s) 'example_bash_operator' retrieved from /home/airflow/.local/lib/python3.12/site-packages/airflow/example_dags/example_bash_operator.py
[2026-02-28T21:41:03.339+0000] {logging_mixin.py:188} INFO - [2026-02-28T21:41:03.338+0000] {dag.py:3096} INFO - Sync 1 DAGs
[2026-02-28T21:41:03.352+0000] {logging_mixin.py:188} INFO - [2026-02-28T21:41:03.351+0000] {dag.py:3954} INFO - Setting next_dagrun for example_bash_operator to 2026-02-27 00:00:00+00:00, run_after=2026-02-28 00:00:00+00:00
[2026-02-28T21:41:03.362+0000] {processor.py:183} INFO - Processing /home/airflow/.local/lib/python3.12/site-packages/airflow/example_dags/example_bash_operator.py took 0.061 seconds
[2026-02-28T21:41:34.228+0000] {processor.py:161} INFO - Started process (PID=241) to work on /home/airflow/.local/lib/python3.12/site-packages/airflow/example_dags/example_bash_operator.py
[2026-02-28T21:41:34.229+0000] {processor.py:830} INFO - Processing file /home/airflow/.local/lib/python3.12/site-packages/airflow/example_dags/example_bash_operator.py for tasks to queue
[2026-02-28T21:41:34.230+0000] {logging_mixin.py:188} INFO - [2026-02-28T21:41:34.230+0000] {dagbag.py:545} INFO - Filling up the DagBag from /home/airflow/.local/lib/python3.12/site-packages/airflow/example_dags/example_bash_operator.py
[2026-02-28T21:41:34.235+0000] {processor.py:840} INFO - DAG(s) 'example_bash_operator' retrieved from /home/airflow/.local/lib/python3.12/site-packages/airflow/example_dags/example_bash_operator.py
[2026-02-28T21:41:34.247+0000] {logging_mixin.py:188} INFO - [2026-02-28T21:41:34.247+0000] {dag.py:3096} INFO - Sync 1 DAGs
[2026-02-28T21:41:34.260+0000] {logging_mixin.py:188} INFO - [2026-02-28T21:41:34.260+0000] {dag.py:3954} INFO - Setting next_dagrun for example_bash_operator to 2026-02-27 00:00:00+00:00, run_after=2026-02-28 00:00:00+00:00
[2026-02-28T21:41:34.268+0000] {processor.py:183} INFO - Processing /home/airflow/.local/lib/python3.12/site-packages/airflow/example_dags/example_bash_operator.py took 0.042 seconds
[2026-02-28T21:42:04.591+0000] {processor.py:161} INFO - Started process (PID=299) to work on /home/airflow/.local/lib/python3.12/site-packages/airflow/example_dags/example_bash_operator.py
[2026-02-28T21:42:04.591+0000] {processor.py:830} INFO - Processing file /home/airflow/.local/lib/python3.12/site-packages/airflow/example_dags/example_bash_operator.py for tasks to queue
[2026-02-28T21:42:04.592+0000] {logging_mixin.py:188} INFO - [2026-02-28T21:42:04.592+0000] {dagbag.py:545} INFO - Filling up the DagBag from /home/airflow/.local/lib/python3.12/site-packages/airflow/example_dags/example_bash_operator.py
[2026-02-28T21:42:04.600+0000] {processor.py:840} INFO - DAG(s) 'example_bash_operator' retrieved from /home/airflow/.local/lib/python3.12/site-packages/airflow/example_dags/example_bash_operator.py
[2026-02-28T21:42:04.620+0000] {logging_mixin.py:188} INFO - [2026-02-28T21:42:04.620+0000] {dag.py:3096} INFO - Sync 1 DAGs
[2026-02-28T21:42:04.632+0000] {logging_mixin.py:188} INFO - [2026-02-28T21:42:04.632+0000] {dag.py:3954} INFO - Setting next_dagrun for example_bash_operator to 2026-02-27 00:00:00+00:00, run_after=2026-02-28 00:00:00+00:00
[2026-02-28T21:42:04.645+0000] {processor.py:183} INFO - Processing /home/airflow/.local/lib/python3.12/site-packages/airflow/example_dags/example_bash_operator.py took 0.058 seconds
[2026-02-28T21:42:34.926+0000] {processor.py:161} INFO - Started process (PID=358) to work on /home/airflow/.local/lib/python3.12/site-packages/airflow/example_dags/example_bash_operator.py
[2026-02-28T21:42:34.927+0000] {processor.py:830} INFO - Processing file /home/airflow/.local/lib/python3.12/site-packages/airflow/example_dags/example_bash_operator.py for tasks to queue
[2026-02-28T21:42:34.929+0000] {logging_mixin.py:188} INFO - [2026-02-28T21:42:34.929+0000] {dagbag.py:545} INFO - Filling up the DagBag from /home/airflow/.local/lib/python3.12/site-packages/airflow/example_dags/example_bash_operator.py
[2026-02-28T21:42:34.938+0000] {processor.py:840} INFO - DAG(s) 'example_bash_operator' retrieved from /home/airflow/.local/lib/python3.12/site-packages/airflow/example_dags/example_bash_operator.py
[2026-02-28T21:42:34.956+0000] {logging_mixin.py:188} INFO - [2026-02-28T21:42:34.956+0000] {dag.py:3096} INFO - Sync 1 DAGs
[2026-02-28T21:42:34.969+0000] {logging_mixin.py:188} INFO - [2026-02-28T21:42:34.968+0000] {dag.py:3954} INFO - Setting next_dagrun for example_bash_operator to 2026-02-27 00:00:00+00:00, run_after=2026-02-28 00:00:00+00:00
[2026-02-28T21:42:34.978+0000] {processor.py:183} INFO - Processing /home/airflow/.local/lib/python3.12/site-packages/airflow/example_dags/example_bash_operator.py took 0.056 seconds
[2026-02-28T21:43:05.650+0000] {processor.py:161} INFO - Started process (PID=416) to work on /home/airflow/.local/lib/python3.12/site-packages/airflow/example_dags/example_bash_operator.py
[2026-02-28T21:43:05.651+0000] {processor.py:830} INFO - Processing file /home/airflow/.local/lib/python3.12/site-packages/airflow/example_dags/example_bash_operator.py for tasks to queue
[2026-02-28T21:43:05.652+0000] {logging_mixin.py:188} INFO - [2026-02-28T21:43:05.652+0000] {dagbag.py:545} INFO - Filling up the DagBag from /home/airflow/.local/lib/python3.12/site-packages/airflow/example_dags/example_bash_operator.py
[2026-02-28T21:43:05.658+0000] {processor.py:840} INFO - DAG(s) 'example_bash_operator' retrieved from /home/airflow/.local/lib/python3.12/site-packages/airflow/example_dags/example_bash_operator.py
[2026-02-28T21:43:05.680+0000] {logging_mixin.py:188} INFO - [2026-02-28T21:43:05.680+0000] {dag.py:3096} INFO - Sync 1 DAGs
[2026-02-28T21:43:05.694+0000] {logging_mixin.py:188} INFO - [2026-02-28T21:43:05.694+0000] {dag.py:3954} INFO - Setting next_dagrun for example_bash_operator to 2026-02-27 00:00:00+00:00, run_after=2026-02-28 00:00:00+00:00
[2026-02-28T21:43:05.710+0000] {processor.py:183} INFO - Processing /home/airflow/.local/lib/python3.12/site-packages/airflow/example_dags/example_bash_operator.py took 0.063 seconds
[2026-02-28T21:43:35.953+0000] {processor.py:161} INFO - Started process (PID=474) to work on /home/airflow/.local/lib/python3.12/site-packages/airflow/example_dags/example_bash_operator.py
[2026-02-28T21:43:35.954+0000] {processor.py:830} INFO - Processing file /home/airflow/.local/lib/python3.12/site-packages/airflow/example_dags/example_bash_operator.py for tasks to queue
[2026-02-28T21:43:35.955+0000] {logging_mixin.py:188} INFO - [2026-02-28T21:43:35.954+0000] {dagbag.py:545} INFO - Filling up the DagBag from /home/airflow/.local/lib/python3.12/site-packages/airflow/example_dags/example_bash_operator.py
[2026-02-28T21:43:35.961+0000] {processor.py:840} INFO - DAG(s) 'example_bash_operator' retrieved from /home/airflow/.local/lib/python3.12/site-packages/airflow/example_dags/example_bash_operator.py
[2026-02-28T21:43:35.973+0000] {logging_mixin.py:188} INFO - [2026-02-28T21:43:35.973+0000] {dag.py:3096} INFO - Sync 1 DAGs
[2026-02-28T21:43:35.985+0000] {logging_mixin.py:188} INFO - [2026-02-28T21:43:35.984+0000] {dag.py:3954} INFO - Setting next_dagrun for example_bash_operator to 2026-02-27 00:00:00+00:00, run_after=2026-02-28 00:00:00+00:00
[2026-02-28T21:43:35.992+0000] {processor.py:183} INFO - Processing /home/airflow/.local/lib/python3.12/site-packages/airflow/example_dags/example_bash_operator.py took 0.042 seconds
[2026-02-28T21:44:42.550+0000] {processor.py:161} INFO - Started process (PID=532) to work on /home/airflow/.local/lib/python3.12/site-packages/airflow/example_dags/example_bash_operator.py
[2026-02-28T21:44:42.552+0000] {processor.py:830} INFO - Processing file /home/airflow/.local/lib/python3.12/site-packages/airflow/example_dags/example_bash_operator.py for tasks to queue
[2026-02-28T21:44:42.562+0000] {logging_mixin.py:188} INFO - [2026-02-28T21:44:42.559+0000] {dagbag.py:545} INFO - Filling up the DagBag from /home/airflow/.local/lib/python3.12/site-packages/airflow/example_dags/example_bash_operator.py
[2026-02-28T21:44:42.666+0000] {processor.py:840} INFO - DAG(s) 'example_bash_operator' retrieved from /home/airflow/.local/lib/python3.12/site-packages/airflow/example_dags/example_bash_operator.py
[2026-02-28T21:44:42.819+0000] {logging_mixin.py:188} INFO - [2026-02-28T21:44:42.818+0000] {dag.py:3096} INFO - Sync 1 DAGs
[2026-02-28T21:44:42.917+0000] {logging_mixin.py:188} INFO - [2026-02-28T21:44:42.916+0000] {dag.py:3954} INFO - Setting next_dagrun for example_bash_operator to 2026-02-27 00:00:00+00:00, run_after=2026-02-28 00:00:00+00:00
[2026-02-28T21:44:42.979+0000] {processor.py:183} INFO - Processing /home/airflow/.local/lib/python3.12/site-packages/airflow/example_dags/example_bash_operator.py took 0.468 seconds
[2026-02-28T21:45:13.664+0000] {processor.py:161} INFO - Started process (PID=590) to work on /home/airflow/.local/lib/python3.12/site-packages/airflow/example_dags/example_bash_operator.py
[2026-02-28T21:45:13.667+0000] {processor.py:830} INFO - Processing file /home/airflow/.local/lib/python3.12/site-packages/airflow/example_dags/example_bash_operator.py for tasks to queue
[2026-02-28T21:45:13.670+0000] {logging_mixin.py:188} INFO - [2026-02-28T21:45:13.669+0000] {dagbag.py:545} INFO - Filling up the DagBag from /home/airflow/.local/lib/python3.12/site-packages/airflow/example_dags/example_bash_operator.py
[2026-02-28T21:45:13.689+0000] {processor.py:840} INFO - DAG(s) 'example_bash_operator' retrieved from /home/airflow/.local/lib/python3.12/site-packages/airflow/example_dags/example_bash_operator.py
[2026-02-28T21:45:13.721+0000] {logging_mixin.py:188} INFO - [2026-02-28T21:45:13.721+0000] {dag.py:3096} INFO - Sync 1 DAGs
[2026-02-28T21:45:13.744+0000] {logging_mixin.py:188} INFO - [2026-02-28T21:45:13.744+0000] {dag.py:3954} INFO - Setting next_dagrun for example_bash_operator to 2026-02-27 00:00:00+00:00, run_after=2026-02-28 00:00:00+00:00
[2026-02-28T21:45:13.763+0000] {processor.py:183} INFO - Processing /home/airflow/.local/lib/python3.12/site-packages/airflow/example_dags/example_bash_operator.py took 0.109 seconds
[2026-02-28T21:45:44.043+0000] {processor.py:161} INFO - Started process (PID=648) to work on /home/airflow/.local/lib/python3.12/site-packages/airflow/example_dags/example_bash_operator.py
[2026-02-28T21:45:44.044+0000] {processor.py:830} INFO - Processing file /home/airflow/.local/lib/python3.12/site-packages/airflow/example_dags/example_bash_operator.py for tasks to queue
[2026-02-28T21:45:44.046+0000] {logging_mixin.py:188} INFO - [2026-02-28T21:45:44.046+0000] {dagbag.py:545} INFO - Filling up the DagBag from /home/airflow/.local/lib/python3.12/site-packages/airflow/example_dags/example_bash_operator.py
[2026-02-28T21:45:44.066+0000] {processor.py:840} INFO - DAG(s) 'example_bash_operator' retrieved from /home/airflow/.local/lib/python3.12/site-packages/airflow/example_dags/example_bash_operator.py
[2026-02-28T21:45:44.091+0000] {logging_mixin.py:188} INFO - [2026-02-28T21:45:44.091+0000] {dag.py:3096} INFO - Sync 1 DAGs
[2026-02-28T21:45:44.115+0000] {logging_mixin.py:188} INFO - [2026-02-28T21:45:44.115+0000] {dag.py:3954} INFO - Setting next_dagrun for example_bash_operator to 2026-02-27 00:00:00+00:00, run_after=2026-02-28 00:00:00+00:00
[2026-02-28T21:45:44.132+0000] {processor.py:183} INFO - Processing /home/airflow/.local/lib/python3.12/site-packages/airflow/example_dags/example_bash_operator.py took 0.098 seconds
[2026-02-28T21:46:14.358+0000] {processor.py:161} INFO - Started process (PID=706) to work on /home/airflow/.local/lib/python3.12/site-packages/airflow/example_dags/example_bash_operator.py
[2026-02-28T21:46:14.362+0000] {processor.py:830} INFO - Processing file /home/airflow/.local/lib/python3.12/site-packages/airflow/example_dags/example_bash_operator.py for tasks to queue
[2026-02-28T21:46:14.367+0000] {logging_mixin.py:188} INFO - [2026-02-28T21:46:14.367+0000] {dagbag.py:545} INFO - Filling up the DagBag from /home/airflow/.local/lib/python3.12/site-packages/airflow/example_dags/example_bash_operator.py
[2026-02-28T21:46:14.415+0000] {processor.py:840} INFO - DAG(s) 'example_bash_operator' retrieved from /home/airflow/.local/lib/python3.12/site-packages/airflow/example_dags/example_bash_operator.py
[2026-02-28T21:46:14.505+0000] {logging_mixin.py:188} INFO - [2026-02-28T21:46:14.504+0000] {dag.py:3096} INFO - Sync 1 DAGs
[2026-02-28T21:46:14.557+0000] {logging_mixin.py:188} INFO - [2026-02-28T21:46:14.557+0000] {dag.py:3954} INFO - Setting next_dagrun for example_bash_operator to 2026-02-27 00:00:00+00:00, run_after=2026-02-28 00:00:00+00:00
[2026-02-28T21:46:14.593+0000] {processor.py:183} INFO - Processing /home/airflow/.local/lib/python3.12/site-packages/airflow/example_dags/example_bash_operator.py took 0.261 seconds
[2026-02-28T21:46:45.365+0000] {processor.py:161} INFO - Started process (PID=764) to work on /home/airflow/.local/lib/python3.12/site-packages/airflow/example_dags/example_bash_operator.py
[2026-02-28T21:46:45.367+0000] {processor.py:830} INFO - Processing file /home/airflow/.local/lib/python3.12/site-packages/airflow/example_dags/example_bash_operator.py for tasks to queue
[2026-02-28T21:46:45.368+0000] {logging_mixin.py:188} INFO - [2026-02-28T21:46:45.368+0000] {dagbag.py:545} INFO - Filling up the DagBag from /home/airflow/.local/lib/python3.12/site-packages/airflow/example_dags/example_bash_operator.py
[2026-02-28T21:46:45.378+0000] {processor.py:840} INFO - DAG(s) 'example_bash_operator' retrieved from /home/airflow/.local/lib/python3.12/site-packages/airflow/example_dags/example_bash_operator.py
[2026-02-28T21:46:45.401+0000] {logging_mixin.py:188} INFO - [2026-02-28T21:46:45.401+0000] {dag.py:3096} INFO - Sync 1 DAGs
[2026-02-28T21:46:45.418+0000] {logging_mixin.py:188} INFO - [2026-02-28T21:46:45.417+0000] {dag.py:3954} INFO - Setting next_dagrun for example_bash_operator to 2026-02-27 00:00:00+00:00, run_after=2026-02-28 00:00:00+00:00
[2026-02-28T21:46:45.430+0000] {processor.py:183} INFO - Processing /home/airflow/.local/lib/python3.12/site-packages/airflow/example_dags/example_bash_operator.py took 0.070 seconds
[2026-02-28T21:47:16.341+0000] {processor.py:161} INFO - Started process (PID=822) to work on /home/airflow/.local/lib/python3.12/site-packages/airflow/example_dags/example_bash_operator.py
[2026-02-28T21:47:16.343+0000] {processor.py:830} INFO - Processing file /home/airflow/.local/lib/python3.12/site-packages/airflow/example_dags/example_bash_operator.py for tasks to queue
[2026-02-28T21:47:16.345+0000] {logging_mixin.py:188} INFO - [2026-02-28T21:47:16.345+0000] {dagbag.py:545} INFO - Filling up the DagBag from /home/airflow/.local/lib/python3.12/site-packages/airflow/example_dags/example_bash_operator.py
[2026-02-28T21:47:16.362+0000] {processor.py:840} INFO - DAG(s) 'example_bash_operator' retrieved from /home/airflow/.local/lib/python3.12/site-packages/airflow/example_dags/example_bash_operator.py
[2026-02-28T21:47:16.383+0000] {logging_mixin.py:188} INFO - [2026-02-28T21:47:16.383+0000] {dag.py:3096} INFO - Sync 1 DAGs
[2026-02-28T21:47:16.400+0000] {logging_mixin.py:188} INFO - [2026-02-28T21:47:16.400+0000] {dag.py:3954} INFO - Setting next_dagrun for example_bash_operator to 2026-02-27 00:00:00+00:00, run_after=2026-02-28 00:00:00+00:00
[2026-02-28T21:47:16.418+0000] {processor.py:183} INFO - Processing /home/airflow/.local/lib/python3.12/site-packages/airflow/example_dags/example_bash_operator.py took 0.088 seconds
[2026-02-28T21:47:47.225+0000] {processor.py:161} INFO - Started process (PID=880) to work on /home/airflow/.local/lib/python3.12/site-packages/airflow/example_dags/example_bash_operator.py
[2026-02-28T21:47:47.227+0000] {processor.py:830} INFO - Processing file /home/airflow/.local/lib/python3.12/site-packages/airflow/example_dags/example_bash_operator.py for tasks to queue
[2026-02-28T21:47:47.229+0000] {logging_mixin.py:188} INFO - [2026-02-28T21:47:47.229+0000] {dagbag.py:545} INFO - Filling up the DagBag from /home/airflow/.local/lib/python3.12/site-packages/airflow/example_dags/example_bash_operator.py
[2026-02-28T21:47:47.248+0000] {processor.py:840} INFO - DAG(s) 'example_bash_operator' retrieved from /home/airflow/.local/lib/python3.12/site-packages/airflow/example_dags/example_bash_operator.py
[2026-02-28T21:47:47.282+0000] {logging_mixin.py:188} INFO - [2026-02-28T21:47:47.282+0000] {dag.py:3096} INFO - Sync 1 DAGs
[2026-02-28T21:47:47.299+0000] {logging_mixin.py:188} INFO - [2026-02-28T21:47:47.298+0000] {dag.py:3954} INFO - Setting next_dagrun for example_bash_operator to 2026-02-27 00:00:00+00:00, run_after=2026-02-28 00:00:00+00:00
[2026-02-28T21:47:47.315+0000] {processor.py:183} INFO - Processing /home/airflow/.local/lib/python3.12/site-packages/airflow/example_dags/example_bash_operator.py took 0.098 seconds
[2026-02-28T21:48:17.982+0000] {processor.py:161} INFO - Started process (PID=938) to work on /home/airflow/.local/lib/python3.12/site-packages/airflow/example_dags/example_bash_operator.py
[2026-02-28T21:48:17.989+0000] {processor.py:830} INFO - Processing file /home/airflow/.local/lib/python3.12/site-packages/airflow/example_dags/example_bash_operator.py for tasks to queue
[2026-02-28T21:48:17.994+0000] {logging_mixin.py:188} INFO - [2026-02-28T21:48:17.994+0000] {dagbag.py:545} INFO - Filling up the DagBag from /home/airflow/.local/lib/python3.12/site-packages/airflow/example_dags/example_bash_operator.py
[2026-02-28T21:48:18.042+0000] {processor.py:840} INFO - DAG(s) 'example_bash_operator' retrieved from /home/airflow/.local/lib/python3.12/site-packages/airflow/example_dags/example_bash_operator.py
[2026-02-28T21:48:18.114+0000] {logging_mixin.py:188} INFO - [2026-02-28T21:48:18.114+0000] {dag.py:3096} INFO - Sync 1 DAGs
[2026-02-28T21:48:18.170+0000] {logging_mixin.py:188} INFO - [2026-02-28T21:48:18.170+0000] {dag.py:3954} INFO - Setting next_dagrun for example_bash_operator to 2026-02-27 00:00:00+00:00, run_after=2026-02-28 00:00:00+00:00
[2026-02-28T21:48:18.194+0000] {processor.py:183} INFO - Processing /home/airflow/.local/lib/python3.12/site-packages/airflow/example_dags/example_bash_operator.py took 0.270 seconds
[2026-02-28T21:48:48.989+0000] {processor.py:161} INFO - Started process (PID=996) to work on /home/airflow/.local/lib/python3.12/site-packages/airflow/example_dags/example_bash_operator.py
[2026-02-28T21:48:48.992+0000] {processor.py:830} INFO - Processing file /home/airflow/.local/lib/python3.12/site-packages/airflow/example_dags/example_bash_operator.py for tasks to queue
[2026-02-28T21:48:49.003+0000] {logging_mixin.py:188} INFO - [2026-02-28T21:48:49.003+0000] {dagbag.py:545} INFO - Filling up the DagBag from /home/airflow/.local/lib/python3.12/site-packages/airflow/example_dags/example_bash_operator.py
[2026-02-28T21:48:49.041+0000] {processor.py:840} INFO - DAG(s) 'example_bash_operator' retrieved from /home/airflow/.local/lib/python3.12/site-packages/airflow/example_dags/example_bash_operator.py
[2026-02-28T21:48:49.109+0000] {logging_mixin.py:188} INFO - [2026-02-28T21:48:49.109+0000] {dag.py:3096} INFO - Sync 1 DAGs
[2026-02-28T21:48:49.149+0000] {logging_mixin.py:188} INFO - [2026-02-28T21:48:49.149+0000] {dag.py:3954} INFO - Setting next_dagrun for example_bash_operator to 2026-02-27 00:00:00+00:00, run_after=2026-02-28 00:00:00+00:00
[2026-02-28T21:48:49.181+0000] {processor.py:183} INFO - Processing /home/airflow/.local/lib/python3.12/site-packages/airflow/example_dags/example_bash_operator.py took 0.217 seconds
[2026-02-28T21:49:19.828+0000] {processor.py:161} INFO - Started process (PID=1054) to work on /home/airflow/.local/lib/python3.12/site-packages/airflow/example_dags/example_bash_operator.py
[2026-02-28T21:49:19.830+0000] {processor.py:830} INFO - Processing file /home/airflow/.local/lib/python3.12/site-packages/airflow/example_dags/example_bash_operator.py for tasks to queue
[2026-02-28T21:49:19.833+0000] {logging_mixin.py:188} INFO - [2026-02-28T21:49:19.833+0000] {dagbag.py:545} INFO - Filling up the DagBag from /home/airflow/.local/lib/python3.12/site-packages/airflow/example_dags/example_bash_operator.py
[2026-02-28T21:49:19.851+0000] {processor.py:840} INFO - DAG(s) 'example_bash_operator' retrieved from /home/airflow/.local/lib/python3.12/site-packages/airflow/example_dags/example_bash_operator.py
[2026-02-28T21:49:19.881+0000] {logging_mixin.py:188} INFO - [2026-02-28T21:49:19.881+0000] {dag.py:3096} INFO - Sync 1 DAGs
[2026-02-28T21:49:19.905+0000] {logging_mixin.py:188} INFO - [2026-02-28T21:49:19.904+0000] {dag.py:3954} INFO - Setting next_dagrun for example_bash_operator to 2026-02-27 00:00:00+00:00, run_after=2026-02-28 00:00:00+00:00
[2026-02-28T21:49:19.921+0000] {processor.py:183} INFO - Processing /home/airflow/.local/lib/python3.12/site-packages/airflow/example_dags/example_bash_operator.py took 0.101 seconds
[2026-02-28T21:49:50.174+0000] {processor.py:161} INFO - Started process (PID=1112) to work on /home/airflow/.local/lib/python3.12/site-packages/airflow/example_dags/example_bash_operator.py
[2026-02-28T21:49:50.179+0000] {processor.py:830} INFO - Processing file /home/airflow/.local/lib/python3.12/site-packages/airflow/example_dags/example_bash_operator.py for tasks to queue
[2026-02-28T21:49:50.192+0000] {logging_mixin.py:188} INFO - [2026-02-28T21:49:50.191+0000] {dagbag.py:545} INFO - Filling up the DagBag from /home/airflow/.local/lib/python3.12/site-packages/airflow/example_dags/example_bash_operator.py
[2026-02-28T21:49:50.241+0000] {processor.py:840} INFO - DAG(s) 'example_bash_operator' retrieved from /home/airflow/.local/lib/python3.12/site-packages/airflow/example_dags/example_bash_operator.py
[2026-02-28T21:49:50.318+0000] {logging_mixin.py:188} INFO - [2026-02-28T21:49:50.318+0000] {dag.py:3096} INFO - Sync 1 DAGs
[2026-02-28T21:49:50.359+0000] {logging_mixin.py:188} INFO - [2026-02-28T21:49:50.359+0000] {dag.py:3954} INFO - Setting next_dagrun for example_bash_operator to 2026-02-27 00:00:00+00:00, run_after=2026-02-28 00:00:00+00:00
[2026-02-28T21:49:50.393+0000] {processor.py:183} INFO - Processing /home/airflow/.local/lib/python3.12/site-packages/airflow/example_dags/example_bash_operator.py took 0.247 seconds
[2026-02-28T21:50:21.213+0000] {processor.py:161} INFO - Started process (PID=1170) to work on /home/airflow/.local/lib/python3.12/site-packages/airflow/example_dags/example_bash_operator.py
[2026-02-28T21:50:21.215+0000] {processor.py:830} INFO - Processing file /home/airflow/.local/lib/python3.12/site-packages/airflow/example_dags/example_bash_operator.py for tasks to queue
[2026-02-28T21:50:21.219+0000] {logging_mixin.py:188} INFO - [2026-02-28T21:50:21.219+0000] {dagbag.py:545} INFO - Filling up the DagBag from /home/airflow/.local/lib/python3.12/site-packages/airflow/example_dags/example_bash_operator.py
[2026-02-28T21:50:21.244+0000] {processor.py:840} INFO - DAG(s) 'example_bash_operator' retrieved from /home/airflow/.local/lib/python3.12/site-packages/airflow/example_dags/example_bash_operator.py
[2026-02-28T21:50:21.285+0000] {logging_mixin.py:188} INFO - [2026-02-28T21:50:21.285+0000] {dag.py:3096} INFO - Sync 1 DAGs
[2026-02-28T21:50:21.325+0000] {logging_mixin.py:188} INFO - [2026-02-28T21:50:21.325+0000] {dag.py:3954} INFO - Setting next_dagrun for example_bash_operator to 2026-02-27 00:00:00+00:00, run_after=2026-02-28 00:00:00+00:00
[2026-02-28T21:50:21.350+0000] {processor.py:183} INFO - Processing /home/airflow/.local/lib/python3.12/site-packages/airflow/example_dags/example_bash_operator.py took 0.160 seconds
[2026-02-28T21:50:51.755+0000] {processor.py:161} INFO - Started process (PID=1228) to work on /home/airflow/.local/lib/python3.12/site-packages/airflow/example_dags/example_bash_operator.py
[2026-02-28T21:50:51.758+0000] {processor.py:830} INFO - Processing file /home/airflow/.local/lib/python3.12/site-packages/airflow/example_dags/example_bash_operator.py for tasks to queue
[2026-02-28T21:50:51.760+0000] {logging_mixin.py:188} INFO - [2026-02-28T21:50:51.760+0000] {dagbag.py:545} INFO - Filling up the DagBag from /home/airflow/.local/lib/python3.12/site-packages/airflow/example_dags/example_bash_operator.py
[2026-02-28T21:50:51.777+0000] {processor.py:840} INFO - DAG(s) 'example_bash_operator' retrieved from /home/airflow/.local/lib/python3.12/site-packages/airflow/example_dags/example_bash_operator.py
[2026-02-28T21:50:51.807+0000] {logging_mixin.py:188} INFO - [2026-02-28T21:50:51.807+0000] {dag.py:3096} INFO - Sync 1 DAGs
[2026-02-28T21:50:51.846+0000] {logging_mixin.py:188} INFO - [2026-02-28T21:50:51.845+0000] {dag.py:3954} INFO - Setting next_dagrun for example_bash_operator to 2026-02-27 00:00:00+00:00, run_after=2026-02-28 00:00:00+00:00
[2026-02-28T21:50:51.896+0000] {processor.py:183} INFO - Processing /home/airflow/.local/lib/python3.12/site-packages/airflow/example_dags/example_bash_operator.py took 0.152 seconds
[2026-02-28T21:51:22.092+0000] {processor.py:161} INFO - Started process (PID=1286) to work on /home/airflow/.local/lib/python3.12/site-packages/airflow/example_dags/example_bash_operator.py
[2026-02-28T21:51:22.094+0000] {processor.py:830} INFO - Processing file /home/airflow/.local/lib/python3.12/site-packages/airflow/example_dags/example_bash_operator.py for tasks to queue
[2026-02-28T21:51:22.096+0000] {logging_mixin.py:188} INFO - [2026-02-28T21:51:22.095+0000] {dagbag.py:545} INFO - Filling up the DagBag from /home/airflow/.local/lib/python3.12/site-packages/airflow/example_dags/example_bash_operator.py
[2026-02-28T21:51:22.110+0000] {processor.py:840} INFO - DAG(s) 'example_bash_operator' retrieved from /home/airflow/.local/lib/python3.12/site-packages/airflow/example_dags/example_bash_operator.py
[2026-02-28T21:51:22.140+0000] {logging_mixin.py:188} INFO - [2026-02-28T21:51:22.139+0000] {dag.py:3096} INFO - Sync 1 DAGs
[2026-02-28T21:51:22.157+0000] {logging_mixin.py:188} INFO - [2026-02-28T21:51:22.157+0000] {dag.py:3954} INFO - Setting next_dagrun for example_bash_operator to 2026-02-27 00:00:00+00:00, run_after=2026-02-28 00:00:00+00:00
[2026-02-28T21:51:22.172+0000] {processor.py:183} INFO - Processing /home/airflow/.local/lib/python3.12/site-packages/airflow/example_dags/example_bash_operator.py took 0.087 seconds
[2026-02-28T21:51:52.285+0000] {processor.py:161} INFO - Started process (PID=1344) to work on /home/airflow/.local/lib/python3.12/site-packages/airflow/example_dags/example_bash_operator.py
[2026-02-28T21:51:52.289+0000] {processor.py:830} INFO - Processing file /home/airflow/.local/lib/python3.12/site-packages/airflow/example_dags/example_bash_operator.py for tasks to queue
[2026-02-28T21:51:52.298+0000] {logging_mixin.py:188} INFO - [2026-02-28T21:51:52.297+0000] {dagbag.py:545} INFO - Filling up the DagBag from /home/airflow/.local/lib/python3.12/site-packages/airflow/example_dags/example_bash_operator.py
[2026-02-28T21:51:52.387+0000] {processor.py:840} INFO - DAG(s) 'example_bash_operator' retrieved from /home/airflow/.local/lib/python3.12/site-packages/airflow/example_dags/example_bash_operator.py
[2026-02-28T21:51:52.477+0000] {logging_mixin.py:188} INFO - [2026-02-28T21:51:52.477+0000] {dag.py:3096} INFO - Sync 1 DAGs
[2026-02-28T21:51:52.521+0000] {logging_mixin.py:188} INFO - [2026-02-28T21:51:52.521+0000] {dag.py:3954} INFO - Setting next_dagrun for example_bash_operator to 2026-02-27 00:00:00+00:00, run_after=2026-02-28 00:00:00+00:00
[2026-02-28T21:51:52.553+0000] {processor.py:183} INFO - Processing /home/airflow/.local/lib/python3.12/site-packages/airflow/example_dags/example_bash_operator.py took 0.286 seconds
[2026-02-28T21:52:22.614+0000] {processor.py:161} INFO - Started process (PID=1402) to work on /home/airflow/.local/lib/python3.12/site-packages/airflow/example_dags/example_bash_operator.py
[2026-02-28T21:52:22.618+0000] {processor.py:830} INFO - Processing file /home/airflow/.local/lib/python3.12/site-packages/airflow/example_dags/example_bash_operator.py for tasks to queue
[2026-02-28T21:52:22.624+0000] {logging_mixin.py:188} INFO - [2026-02-28T21:52:22.623+0000] {dagbag.py:545} INFO - Filling up the DagBag from /home/airflow/.local/lib/python3.12/site-packages/airflow/example_dags/example_bash_operator.py
[2026-02-28T21:52:22.644+0000] {processor.py:840} INFO - DAG(s) 'example_bash_operator' retrieved from /home/airflow/.local/lib/python3.12/site-packages/airflow/example_dags/example_bash_operator.py
[2026-02-28T21:52:22.672+0000] {logging_mixin.py:188} INFO - [2026-02-28T21:52:22.672+0000] {dag.py:3096} INFO - Sync 1 DAGs
[2026-02-28T21:52:22.693+0000] {logging_mixin.py:188} INFO - [2026-02-28T21:52:22.693+0000] {dag.py:3954} INFO - Setting next_dagrun for example_bash_operator to 2026-02-27 00:00:00+00:00, run_after=2026-02-28 00:00:00+00:00
[2026-02-28T21:52:22.709+0000] {processor.py:183} INFO - Processing /home/airflow/.local/lib/python3.12/site-packages/airflow/example_dags/example_bash_operator.py took 0.113 seconds
[2026-02-28T21:52:52.811+0000] {processor.py:161} INFO - Started process (PID=1460) to work on /home/airflow/.local/lib/python3.12/site-packages/airflow/example_dags/example_bash_operator.py
[2026-02-28T21:52:52.815+0000] {processor.py:830} INFO - Processing file /home/airflow/.local/lib/python3.12/site-packages/airflow/example_dags/example_bash_operator.py for tasks to queue
[2026-02-28T21:52:52.821+0000] {logging_mixin.py:188} INFO - [2026-02-28T21:52:52.820+0000] {dagbag.py:545} INFO - Filling up the DagBag from /home/airflow/.local/lib/python3.12/site-packages/airflow/example_dags/example_bash_operator.py
[2026-02-28T21:52:52.856+0000] {processor.py:840} INFO - DAG(s) 'example_bash_operator' retrieved from /home/airflow/.local/lib/python3.12/site-packages/airflow/example_dags/example_bash_operator.py
[2026-02-28T21:52:52.900+0000] {logging_mixin.py:188} INFO - [2026-02-28T21:52:52.900+0000] {dag.py:3096} INFO - Sync 1 DAGs
[2026-02-28T21:52:52.922+0000] {logging_mixin.py:188} INFO - [2026-02-28T21:52:52.922+0000] {dag.py:3954} INFO - Setting next_dagrun for example_bash_operator to 2026-02-27 00:00:00+00:00, run_after=2026-02-28 00:00:00+00:00
[2026-02-28T21:52:52.942+0000] {processor.py:183} INFO - Processing /home/airflow/.local/lib/python3.12/site-packages/airflow/example_dags/example_bash_operator.py took 0.151 seconds
[2026-02-28T21:53:23.590+0000] {processor.py:161} INFO - Started process (PID=1518) to work on /home/airflow/.local/lib/python3.12/site-packages/airflow/example_dags/example_bash_operator.py
[2026-02-28T21:53:23.592+0000] {processor.py:830} INFO - Processing file /home/airflow/.local/lib/python3.12/site-packages/airflow/example_dags/example_bash_operator.py for tasks to queue
[2026-02-28T21:53:23.596+0000] {logging_mixin.py:188} INFO - [2026-02-28T21:53:23.595+0000] {dagbag.py:545} INFO - Filling up the DagBag from /home/airflow/.local/lib/python3.12/site-packages/airflow/example_dags/example_bash_operator.py
[2026-02-28T21:53:23.618+0000] {processor.py:840} INFO - DAG(s) 'example_bash_operator' retrieved from /home/airflow/.local/lib/python3.12/site-packages/airflow/example_dags/example_bash_operator.py
[2026-02-28T21:53:23.656+0000] {logging_mixin.py:188} INFO - [2026-02-28T21:53:23.655+0000] {dag.py:3096} INFO - Sync 1 DAGs
[2026-02-28T21:53:23.691+0000] {logging_mixin.py:188} INFO - [2026-02-28T21:53:23.691+0000] {dag.py:3954} INFO - Setting next_dagrun for example_bash_operator to 2026-02-27 00:00:00+00:00, run_after=2026-02-28 00:00:00+00:00
[2026-02-28T21:53:23.710+0000] {processor.py:183} INFO - Processing /home/airflow/.local/lib/python3.12/site-packages/airflow/example_dags/example_bash_operator.py took 0.129 seconds
[2026-02-28T21:53:53.889+0000] {processor.py:161} INFO - Started process (PID=1576) to work on /home/airflow/.local/lib/python3.12/site-packages/airflow/example_dags/example_bash_operator.py
[2026-02-28T21:53:53.892+0000] {processor.py:830} INFO - Processing file /home/airflow/.local/lib/python3.12/site-packages/airflow/example_dags/example_bash_operator.py for tasks to queue
[2026-02-28T21:53:53.900+0000] {logging_mixin.py:188} INFO - [2026-02-28T21:53:53.899+0000] {dagbag.py:545} INFO - Filling up the DagBag from /home/airflow/.local/lib/python3.12/site-packages/airflow/example_dags/example_bash_operator.py
[2026-02-28T21:53:53.935+0000] {processor.py:840} INFO - DAG(s) 'example_bash_operator' retrieved from /home/airflow/.local/lib/python3.12/site-packages/airflow/example_dags/example_bash_operator.py
[2026-02-28T21:53:54.372+0000] {logging_mixin.py:188} INFO - [2026-02-28T21:53:54.372+0000] {dag.py:3096} INFO - Sync 1 DAGs
[2026-02-28T21:53:54.398+0000] {logging_mixin.py:188} INFO - [2026-02-28T21:53:54.398+0000] {dag.py:3954} INFO - Setting next_dagrun for example_bash_operator to 2026-02-27 00:00:00+00:00, run_after=2026-02-28 00:00:00+00:00
[2026-02-28T21:53:54.425+0000] {processor.py:183} INFO - Processing /home/airflow/.local/lib/python3.12/site-packages/airflow/example_dags/example_bash_operator.py took 0.563 seconds
[2026-02-28T21:54:24.598+0000] {processor.py:161} INFO - Started process (PID=1634) to work on /home/airflow/.local/lib/python3.12/site-packages/airflow/example_dags/example_bash_operator.py
[2026-02-28T21:54:24.600+0000] {processor.py:830} INFO - Processing file /home/airflow/.local/lib/python3.12/site-packages/airflow/example_dags/example_bash_operator.py for tasks to queue
[2026-02-28T21:54:24.606+0000] {logging_mixin.py:188} INFO - [2026-02-28T21:54:24.605+0000] {dagbag.py:545} INFO - Filling up the DagBag from /home/airflow/.local/lib/python3.12/site-packages/airflow/example_dags/example_bash_operator.py
[2026-02-28T21:54:24.635+0000] {processor.py:840} INFO - DAG(s) 'example_bash_operator' retrieved from /home/airflow/.local/lib/python3.12/site-packages/airflow/example_dags/example_bash_operator.py
[2026-02-28T21:54:24.701+0000] {logging_mixin.py:188} INFO - [2026-02-28T21:54:24.700+0000] {dag.py:3096} INFO - Sync 1 DAGs
[2026-02-28T21:54:24.734+0000] {logging_mixin.py:188} INFO - [2026-02-28T21:54:24.733+0000] {dag.py:3954} INFO - Setting next_dagrun for example_bash_operator to 2026-02-27 00:00:00+00:00, run_after=2026-02-28 00:00:00+00:00
[2026-02-28T21:54:24.750+0000] {processor.py:183} INFO - Processing /home/airflow/.local/lib/python3.12/site-packages/airflow/example_dags/example_bash_operator.py took 0.168 seconds
[2026-02-28T21:54:55.350+0000] {processor.py:161} INFO - Started process (PID=1692) to work on /home/airflow/.local/lib/python3.12/site-packages/airflow/example_dags/example_bash_operator.py
[2026-02-28T21:54:55.352+0000] {processor.py:830} INFO - Processing file /home/airflow/.local/lib/python3.12/site-packages/airflow/example_dags/example_bash_operator.py for tasks to queue
[2026-02-28T21:54:55.356+0000] {logging_mixin.py:188} INFO - [2026-02-28T21:54:55.356+0000] {dagbag.py:545} INFO - Filling up the DagBag from /home/airflow/.local/lib/python3.12/site-packages/airflow/example_dags/example_bash_operator.py
[2026-02-28T21:54:55.376+0000] {processor.py:840} INFO - DAG(s) 'example_bash_operator' retrieved from /home/airflow/.local/lib/python3.12/site-packages/airflow/example_dags/example_bash_operator.py
[2026-02-28T21:54:55.408+0000] {logging_mixin.py:188} INFO - [2026-02-28T21:54:55.408+0000] {dag.py:3096} INFO - Sync 1 DAGs
[2026-02-28T21:54:55.432+0000] {logging_mixin.py:188} INFO - [2026-02-28T21:54:55.432+0000] {dag.py:3954} INFO - Setting next_dagrun for example_bash_operator to 2026-02-27 00:00:00+00:00, run_after=2026-02-28 00:00:00+00:00
[2026-02-28T21:54:55.457+0000] {processor.py:183} INFO - Processing /home/airflow/.local/lib/python3.12/site-packages/airflow/example_dags/example_bash_operator.py took 0.126 seconds
[2026-02-28T21:55:25.988+0000] {processor.py:161} INFO - Started process (PID=1752) to work on /home/airflow/.local/lib/python3.12/site-packages/airflow/example_dags/example_bash_operator.py
[2026-02-28T21:55:25.989+0000] {processor.py:830} INFO - Processing file /home/airflow/.local/lib/python3.12/site-packages/airflow/example_dags/example_bash_operator.py for tasks to queue
[2026-02-28T21:55:25.994+0000] {logging_mixin.py:188} INFO - [2026-02-28T21:55:25.993+0000] {dagbag.py:545} INFO - Filling up the DagBag from /home/airflow/.local/lib/python3.12/site-packages/airflow/example_dags/example_bash_operator.py
[2026-02-28T21:55:26.002+0000] {processor.py:840} INFO - DAG(s) 'example_bash_operator' retrieved from /home/airflow/.local/lib/python3.12/site-packages/airflow/example_dags/example_bash_operator.py
[2026-02-28T21:55:26.022+0000] {logging_mixin.py:188} INFO - [2026-02-28T21:55:26.021+0000] {dag.py:3096} INFO - Sync 1 DAGs
[2026-02-28T21:55:26.034+0000] {logging_mixin.py:188} INFO - [2026-02-28T21:55:26.034+0000] {dag.py:3954} INFO - Setting next_dagrun for example_bash_operator to 2026-02-27 00:00:00+00:00, run_after=2026-02-28 00:00:00+00:00
[2026-02-28T21:55:26.042+0000] {processor.py:183} INFO - Processing /home/airflow/.local/lib/python3.12/site-packages/airflow/example_dags/example_bash_operator.py took 0.060 seconds
[2026-02-28T21:55:56.900+0000] {processor.py:161} INFO - Started process (PID=1810) to work on /home/airflow/.local/lib/python3.12/site-packages/airflow/example_dags/example_bash_operator.py
[2026-02-28T21:55:56.901+0000] {processor.py:830} INFO - Processing file /home/airflow/.local/lib/python3.12/site-packages/airflow/example_dags/example_bash_operator.py for tasks to queue
[2026-02-28T21:55:56.902+0000] {logging_mixin.py:188} INFO - [2026-02-28T21:55:56.902+0000] {dagbag.py:545} INFO - Filling up the DagBag from /home/airflow/.local/lib/python3.12/site-packages/airflow/example_dags/example_bash_operator.py
[2026-02-28T21:55:56.920+0000] {processor.py:840} INFO - DAG(s) 'example_bash_operator' retrieved from /home/airflow/.local/lib/python3.12/site-packages/airflow/example_dags/example_bash_operator.py
[2026-02-28T21:55:56.936+0000] {logging_mixin.py:188} INFO - [2026-02-28T21:55:56.936+0000] {dag.py:3096} INFO - Sync 1 DAGs
[2026-02-28T21:55:56.953+0000] {logging_mixin.py:188} INFO - [2026-02-28T21:55:56.953+0000] {dag.py:3954} INFO - Setting next_dagrun for example_bash_operator to 2026-02-27 00:00:00+00:00, run_after=2026-02-28 00:00:00+00:00
[2026-02-28T21:55:56.963+0000] {processor.py:183} INFO - Processing /home/airflow/.local/lib/python3.12/site-packages/airflow/example_dags/example_bash_operator.py took 0.067 seconds
[2026-02-28T21:56:27.073+0000] {processor.py:161} INFO - Started process (PID=1868) to work on /home/airflow/.local/lib/python3.12/site-packages/airflow/example_dags/example_bash_operator.py
[2026-02-28T21:56:27.075+0000] {processor.py:830} INFO - Processing file /home/airflow/.local/lib/python3.12/site-packages/airflow/example_dags/example_bash_operator.py for tasks to queue
[2026-02-28T21:56:27.077+0000] {logging_mixin.py:188} INFO - [2026-02-28T21:56:27.076+0000] {dagbag.py:545} INFO - Filling up the DagBag from /home/airflow/.local/lib/python3.12/site-packages/airflow/example_dags/example_bash_operator.py
[2026-02-28T21:56:27.084+0000] {processor.py:840} INFO - DAG(s) 'example_bash_operator' retrieved from /home/airflow/.local/lib/python3.12/site-packages/airflow/example_dags/example_bash_operator.py
[2026-02-28T21:56:27.102+0000] {logging_mixin.py:188} INFO - [2026-02-28T21:56:27.101+0000] {dag.py:3096} INFO - Sync 1 DAGs
[2026-02-28T21:56:27.113+0000] {logging_mixin.py:188} INFO - [2026-02-28T21:56:27.113+0000] {dag.py:3954} INFO - Setting next_dagrun for example_bash_operator to 2026-02-27 00:00:00+00:00, run_after=2026-02-28 00:00:00+00:00
[2026-02-28T21:56:27.121+0000] {processor.py:183} INFO - Processing /home/airflow/.local/lib/python3.12/site-packages/airflow/example_dags/example_bash_operator.py took 0.059 seconds
[2026-02-28T21:56:58.148+0000] {processor.py:161} INFO - Started process (PID=1926) to work on /home/airflow/.local/lib/python3.12/site-packages/airflow/example_dags/example_bash_operator.py
[2026-02-28T21:56:58.150+0000] {processor.py:830} INFO - Processing file /home/airflow/.local/lib/python3.12/site-packages/airflow/example_dags/example_bash_operator.py for tasks to queue
[2026-02-28T21:56:58.151+0000] {logging_mixin.py:188} INFO - [2026-02-28T21:56:58.151+0000] {dagbag.py:545} INFO - Filling up the DagBag from /home/airflow/.local/lib/python3.12/site-packages/airflow/example_dags/example_bash_operator.py
[2026-02-28T21:56:58.163+0000] {processor.py:840} INFO - DAG(s) 'example_bash_operator' retrieved from /home/airflow/.local/lib/python3.12/site-packages/airflow/example_dags/example_bash_operator.py
[2026-02-28T21:56:58.178+0000] {logging_mixin.py:188} INFO - [2026-02-28T21:56:58.178+0000] {dag.py:3096} INFO - Sync 1 DAGs
[2026-02-28T21:56:58.191+0000] {logging_mixin.py:188} INFO - [2026-02-28T21:56:58.190+0000] {dag.py:3954} INFO - Setting next_dagrun for example_bash_operator to 2026-02-27 00:00:00+00:00, run_after=2026-02-28 00:00:00+00:00
[2026-02-28T21:56:58.200+0000] {processor.py:183} INFO - Processing /home/airflow/.local/lib/python3.12/site-packages/airflow/example_dags/example_bash_operator.py took 0.056 seconds
[2026-02-28T21:57:29.121+0000] {processor.py:161} INFO - Started process (PID=1984) to work on /home/airflow/.local/lib/python3.12/site-packages/airflow/example_dags/example_bash_operator.py
[2026-02-28T21:57:29.122+0000] {processor.py:830} INFO - Processing file /home/airflow/.local/lib/python3.12/site-packages/airflow/example_dags/example_bash_operator.py for tasks to queue
[2026-02-28T21:57:29.124+0000] {logging_mixin.py:188} INFO - [2026-02-28T21:57:29.124+0000] {dagbag.py:545} INFO - Filling up the DagBag from /home/airflow/.local/lib/python3.12/site-packages/airflow/example_dags/example_bash_operator.py
[2026-02-28T21:57:29.132+0000] {processor.py:840} INFO - DAG(s) 'example_bash_operator' retrieved from /home/airflow/.local/lib/python3.12/site-packages/airflow/example_dags/example_bash_operator.py
[2026-02-28T21:57:29.146+0000] {logging_mixin.py:188} INFO - [2026-02-28T21:57:29.146+0000] {dag.py:3096} INFO - Sync 1 DAGs
[2026-02-28T21:57:29.158+0000] {logging_mixin.py:188} INFO - [2026-02-28T21:57:29.158+0000] {dag.py:3954} INFO - Setting next_dagrun for example_bash_operator to 2026-02-27 00:00:00+00:00, run_after=2026-02-28 00:00:00+00:00
[2026-02-28T21:57:29.173+0000] {processor.py:183} INFO - Processing /home/airflow/.local/lib/python3.12/site-packages/airflow/example_dags/example_bash_operator.py took 0.057 seconds
[2026-02-28T21:57:59.555+0000] {processor.py:161} INFO - Started process (PID=2042) to work on /home/airflow/.local/lib/python3.12/site-packages/airflow/example_dags/example_bash_operator.py
[2026-02-28T21:57:59.557+0000] {processor.py:830} INFO - Processing file /home/airflow/.local/lib/python3.12/site-packages/airflow/example_dags/example_bash_operator.py for tasks to queue
[2026-02-28T21:57:59.558+0000] {logging_mixin.py:188} INFO - [2026-02-28T21:57:59.558+0000] {dagbag.py:545} INFO - Filling up the DagBag from /home/airflow/.local/lib/python3.12/site-packages/airflow/example_dags/example_bash_operator.py
[2026-02-28T21:57:59.569+0000] {processor.py:840} INFO - DAG(s) 'example_bash_operator' retrieved from /home/airflow/.local/lib/python3.12/site-packages/airflow/example_dags/example_bash_operator.py
[2026-02-28T21:57:59.593+0000] {logging_mixin.py:188} INFO - [2026-02-28T21:57:59.593+0000] {dag.py:3096} INFO - Sync 1 DAGs
[2026-02-28T21:57:59.606+0000] {logging_mixin.py:188} INFO - [2026-02-28T21:57:59.606+0000] {dag.py:3954} INFO - Setting next_dagrun for example_bash_operator to 2026-02-27 00:00:00+00:00, run_after=2026-02-28 00:00:00+00:00
[2026-02-28T21:57:59.614+0000] {processor.py:183} INFO - Processing /home/airflow/.local/lib/python3.12/site-packages/airflow/example_dags/example_bash_operator.py took 0.065 seconds
[2026-02-28T21:58:30.714+0000] {processor.py:161} INFO - Started process (PID=2100) to work on /home/airflow/.local/lib/python3.12/site-packages/airflow/example_dags/example_bash_operator.py
[2026-02-28T21:58:30.716+0000] {processor.py:830} INFO - Processing file /home/airflow/.local/lib/python3.12/site-packages/airflow/example_dags/example_bash_operator.py for tasks to queue
[2026-02-28T21:58:30.718+0000] {logging_mixin.py:188} INFO - [2026-02-28T21:58:30.718+0000] {dagbag.py:545} INFO - Filling up the DagBag from /home/airflow/.local/lib/python3.12/site-packages/airflow/example_dags/example_bash_operator.py
[2026-02-28T21:58:30.731+0000] {processor.py:840} INFO - DAG(s) 'example_bash_operator' retrieved from /home/airflow/.local/lib/python3.12/site-packages/airflow/example_dags/example_bash_operator.py
[2026-02-28T21:58:30.757+0000] {logging_mixin.py:188} INFO - [2026-02-28T21:58:30.757+0000] {dag.py:3096} INFO - Sync 1 DAGs
[2026-02-28T21:58:30.777+0000] {logging_mixin.py:188} INFO - [2026-02-28T21:58:30.777+0000] {dag.py:3954} INFO - Setting next_dagrun for example_bash_operator to 2026-02-27 00:00:00+00:00, run_after=2026-02-28 00:00:00+00:00
[2026-02-28T21:58:30.795+0000] {processor.py:183} INFO - Processing /home/airflow/.local/lib/python3.12/site-packages/airflow/example_dags/example_bash_operator.py took 0.089 seconds
[2026-02-28T21:59:00.968+0000] {processor.py:161} INFO - Started process (PID=2158) to work on /home/airflow/.local/lib/python3.12/site-packages/airflow/example_dags/example_bash_operator.py
[2026-02-28T21:59:00.969+0000] {processor.py:830} INFO - Processing file /home/airflow/.local/lib/python3.12/site-packages/airflow/example_dags/example_bash_operator.py for tasks to queue
[2026-02-28T21:59:00.970+0000] {logging_mixin.py:188} INFO - [2026-02-28T21:59:00.970+0000] {dagbag.py:545} INFO - Filling up the DagBag from /home/airflow/.local/lib/python3.12/site-packages/airflow/example_dags/example_bash_operator.py
[2026-02-28T21:59:00.982+0000] {processor.py:840} INFO - DAG(s) 'example_bash_operator' retrieved from /home/airflow/.local/lib/python3.12/site-packages/airflow/example_dags/example_bash_operator.py
[2026-02-28T21:59:01.001+0000] {logging_mixin.py:188} INFO - [2026-02-28T21:59:01.001+0000] {dag.py:3096} INFO - Sync 1 DAGs
[2026-02-28T21:59:01.013+0000] {logging_mixin.py:188} INFO - [2026-02-28T21:59:01.013+0000] {dag.py:3954} INFO - Setting next_dagrun for example_bash_operator to 2026-02-27 00:00:00+00:00, run_after=2026-02-28 00:00:00+00:00
[2026-02-28T21:59:01.023+0000] {processor.py:183} INFO - Processing /home/airflow/.local/lib/python3.12/site-packages/airflow/example_dags/example_bash_operator.py took 0.059 seconds
[2026-02-28T21:59:32.113+0000] {processor.py:161} INFO - Started process (PID=2216) to work on /home/airflow/.local/lib/python3.12/site-packages/airflow/example_dags/example_bash_operator.py
[2026-02-28T21:59:32.117+0000] {processor.py:830} INFO - Processing file /home/airflow/.local/lib/python3.12/site-packages/airflow/example_dags/example_bash_operator.py for tasks to queue
[2026-02-28T21:59:32.120+0000] {logging_mixin.py:188} INFO - [2026-02-28T21:59:32.120+0000] {dagbag.py:545} INFO - Filling up the DagBag from /home/airflow/.local/lib/python3.12/site-packages/airflow/example_dags/example_bash_operator.py
[2026-02-28T21:59:32.132+0000] {processor.py:840} INFO - DAG(s) 'example_bash_operator' retrieved from /home/airflow/.local/lib/python3.12/site-packages/airflow/example_dags/example_bash_operator.py
[2026-02-28T21:59:32.154+0000] {logging_mixin.py:188} INFO - [2026-02-28T21:59:32.154+0000] {dag.py:3096} INFO - Sync 1 DAGs
[2026-02-28T21:59:32.165+0000] {logging_mixin.py:188} INFO - [2026-02-28T21:59:32.165+0000] {dag.py:3954} INFO - Setting next_dagrun for example_bash_operator to 2026-02-27 00:00:00+00:00, run_after=2026-02-28 00:00:00+00:00
[2026-02-28T21:59:32.173+0000] {processor.py:183} INFO - Processing /home/airflow/.local/lib/python3.12/site-packages/airflow/example_dags/example_bash_operator.py took 0.070 seconds
[2026-02-28T22:00:02.954+0000] {processor.py:161} INFO - Started process (PID=2280) to work on /home/airflow/.local/lib/python3.12/site-packages/airflow/example_dags/example_bash_operator.py
[2026-02-28T22:00:02.955+0000] {processor.py:830} INFO - Processing file /home/airflow/.local/lib/python3.12/site-packages/airflow/example_dags/example_bash_operator.py for tasks to queue
[2026-02-28T22:00:02.957+0000] {logging_mixin.py:188} INFO - [2026-02-28T22:00:02.956+0000] {dagbag.py:545} INFO - Filling up the DagBag from /home/airflow/.local/lib/python3.12/site-packages/airflow/example_dags/example_bash_operator.py
[2026-02-28T22:00:02.966+0000] {processor.py:840} INFO - DAG(s) 'example_bash_operator' retrieved from /home/airflow/.local/lib/python3.12/site-packages/airflow/example_dags/example_bash_operator.py
[2026-02-28T22:00:02.987+0000] {logging_mixin.py:188} INFO - [2026-02-28T22:00:02.987+0000] {dag.py:3096} INFO - Sync 1 DAGs
[2026-02-28T22:00:03.003+0000] {logging_mixin.py:188} INFO - [2026-02-28T22:00:03.003+0000] {dag.py:3954} INFO - Setting next_dagrun for example_bash_operator to 2026-02-27 00:00:00+00:00, run_after=2026-02-28 00:00:00+00:00
[2026-02-28T22:00:03.012+0000] {processor.py:183} INFO - Processing /home/airflow/.local/lib/python3.12/site-packages/airflow/example_dags/example_bash_operator.py took 0.064 seconds
[2026-02-28T22:00:37.065+0000] {processor.py:161} INFO - Started process (PID=2338) to work on /home/airflow/.local/lib/python3.12/site-packages/airflow/example_dags/example_bash_operator.py
[2026-02-28T22:00:37.067+0000] {processor.py:830} INFO - Processing file /home/airflow/.local/lib/python3.12/site-packages/airflow/example_dags/example_bash_operator.py for tasks to queue
[2026-02-28T22:00:37.070+0000] {logging_mixin.py:188} INFO - [2026-02-28T22:00:37.069+0000] {dagbag.py:545} INFO - Filling up the DagBag from /home/airflow/.local/lib/python3.12/site-packages/airflow/example_dags/example_bash_operator.py
[2026-02-28T22:00:37.434+0000] {processor.py:840} INFO - DAG(s) 'example_bash_operator' retrieved from /home/airflow/.local/lib/python3.12/site-packages/airflow/example_dags/example_bash_operator.py
[2026-02-28T22:00:37.472+0000] {logging_mixin.py:188} INFO - [2026-02-28T22:00:37.471+0000] {dag.py:3096} INFO - Sync 1 DAGs
[2026-02-28T22:00:37.493+0000] {logging_mixin.py:188} INFO - [2026-02-28T22:00:37.492+0000] {dag.py:3954} INFO - Setting next_dagrun for example_bash_operator to 2026-02-27 00:00:00+00:00, run_after=2026-02-28 00:00:00+00:00
[2026-02-28T22:00:37.508+0000] {processor.py:183} INFO - Processing /home/airflow/.local/lib/python3.12/site-packages/airflow/example_dags/example_bash_operator.py took 0.462 seconds
[2026-02-28T22:01:07.587+0000] {processor.py:161} INFO - Started process (PID=2395) to work on /home/airflow/.local/lib/python3.12/site-packages/airflow/example_dags/example_bash_operator.py
[2026-02-28T22:01:07.589+0000] {processor.py:830} INFO - Processing file /home/airflow/.local/lib/python3.12/site-packages/airflow/example_dags/example_bash_operator.py for tasks to queue
[2026-02-28T22:01:07.590+0000] {logging_mixin.py:188} INFO - [2026-02-28T22:01:07.590+0000] {dagbag.py:545} INFO - Filling up the DagBag from /home/airflow/.local/lib/python3.12/site-packages/airflow/example_dags/example_bash_operator.py
[2026-02-28T22:01:07.600+0000] {processor.py:840} INFO - DAG(s) 'example_bash_operator' retrieved from /home/airflow/.local/lib/python3.12/site-packages/airflow/example_dags/example_bash_operator.py
[2026-02-28T22:01:07.618+0000] {logging_mixin.py:188} INFO - [2026-02-28T22:01:07.618+0000] {dag.py:3096} INFO - Sync 1 DAGs
[2026-02-28T22:01:07.637+0000] {logging_mixin.py:188} INFO - [2026-02-28T22:01:07.637+0000] {dag.py:3954} INFO - Setting next_dagrun for example_bash_operator to 2026-02-27 00:00:00+00:00, run_after=2026-02-28 00:00:00+00:00
[2026-02-28T22:01:07.646+0000] {processor.py:183} INFO - Processing /home/airflow/.local/lib/python3.12/site-packages/airflow/example_dags/example_bash_operator.py took 0.065 seconds
[2026-02-28T22:01:38.211+0000] {processor.py:161} INFO - Started process (PID=2453) to work on /home/airflow/.local/lib/python3.12/site-packages/airflow/example_dags/example_bash_operator.py
[2026-02-28T22:01:38.212+0000] {processor.py:830} INFO - Processing file /home/airflow/.local/lib/python3.12/site-packages/airflow/example_dags/example_bash_operator.py for tasks to queue
[2026-02-28T22:01:38.213+0000] {logging_mixin.py:188} INFO - [2026-02-28T22:01:38.213+0000] {dagbag.py:545} INFO - Filling up the DagBag from /home/airflow/.local/lib/python3.12/site-packages/airflow/example_dags/example_bash_operator.py
[2026-02-28T22:01:38.221+0000] {processor.py:840} INFO - DAG(s) 'example_bash_operator' retrieved from /home/airflow/.local/lib/python3.12/site-packages/airflow/example_dags/example_bash_operator.py
[2026-02-28T22:01:38.234+0000] {logging_mixin.py:188} INFO - [2026-02-28T22:01:38.234+0000] {dag.py:3096} INFO - Sync 1 DAGs
[2026-02-28T22:01:38.248+0000] {logging_mixin.py:188} INFO - [2026-02-28T22:01:38.248+0000] {dag.py:3954} INFO - Setting next_dagrun for example_bash_operator to 2026-02-27 00:00:00+00:00, run_after=2026-02-28 00:00:00+00:00
[2026-02-28T22:01:38.257+0000] {processor.py:183} INFO - Processing /home/airflow/.local/lib/python3.12/site-packages/airflow/example_dags/example_bash_operator.py took 0.050 seconds
[2026-02-28T22:02:08.933+0000] {processor.py:161} INFO - Started process (PID=2511) to work on /home/airflow/.local/lib/python3.12/site-packages/airflow/example_dags/example_bash_operator.py
[2026-02-28T22:02:08.934+0000] {processor.py:830} INFO - Processing file /home/airflow/.local/lib/python3.12/site-packages/airflow/example_dags/example_bash_operator.py for tasks to queue
[2026-02-28T22:02:08.936+0000] {logging_mixin.py:188} INFO - [2026-02-28T22:02:08.936+0000] {dagbag.py:545} INFO - Filling up the DagBag from /home/airflow/.local/lib/python3.12/site-packages/airflow/example_dags/example_bash_operator.py
[2026-02-28T22:02:08.947+0000] {processor.py:840} INFO - DAG(s) 'example_bash_operator' retrieved from /home/airflow/.local/lib/python3.12/site-packages/airflow/example_dags/example_bash_operator.py
[2026-02-28T22:02:08.964+0000] {logging_mixin.py:188} INFO - [2026-02-28T22:02:08.963+0000] {dag.py:3096} INFO - Sync 1 DAGs
[2026-02-28T22:02:08.980+0000] {logging_mixin.py:188} INFO - [2026-02-28T22:02:08.980+0000] {dag.py:3954} INFO - Setting next_dagrun for example_bash_operator to 2026-02-27 00:00:00+00:00, run_after=2026-02-28 00:00:00+00:00
[2026-02-28T22:02:08.990+0000] {processor.py:183} INFO - Processing /home/airflow/.local/lib/python3.12/site-packages/airflow/example_dags/example_bash_operator.py took 0.063 seconds
[2026-02-28T22:02:39.953+0000] {processor.py:161} INFO - Started process (PID=2569) to work on /home/airflow/.local/lib/python3.12/site-packages/airflow/example_dags/example_bash_operator.py
[2026-02-28T22:02:39.956+0000] {processor.py:830} INFO - Processing file /home/airflow/.local/lib/python3.12/site-packages/airflow/example_dags/example_bash_operator.py for tasks to queue
[2026-02-28T22:02:39.958+0000] {logging_mixin.py:188} INFO - [2026-02-28T22:02:39.957+0000] {dagbag.py:545} INFO - Filling up the DagBag from /home/airflow/.local/lib/python3.12/site-packages/airflow/example_dags/example_bash_operator.py
[2026-02-28T22:02:39.966+0000] {processor.py:840} INFO - DAG(s) 'example_bash_operator' retrieved from /home/airflow/.local/lib/python3.12/site-packages/airflow/example_dags/example_bash_operator.py
[2026-02-28T22:02:39.986+0000] {logging_mixin.py:188} INFO - [2026-02-28T22:02:39.986+0000] {dag.py:3096} INFO - Sync 1 DAGs
[2026-02-28T22:02:40.001+0000] {logging_mixin.py:188} INFO - [2026-02-28T22:02:40.001+0000] {dag.py:3954} INFO - Setting next_dagrun for example_bash_operator to 2026-02-27 00:00:00+00:00, run_after=2026-02-28 00:00:00+00:00
[2026-02-28T22:02:40.025+0000] {processor.py:183} INFO - Processing /home/airflow/.local/lib/python3.12/site-packages/airflow/example_dags/example_bash_operator.py took 0.079 seconds
[2026-02-28T22:03:10.532+0000] {processor.py:161} INFO - Started process (PID=2626) to work on /home/airflow/.local/lib/python3.12/site-packages/airflow/example_dags/example_bash_operator.py
[2026-02-28T22:03:10.533+0000] {processor.py:830} INFO - Processing file /home/airflow/.local/lib/python3.12/site-packages/airflow/example_dags/example_bash_operator.py for tasks to queue
[2026-02-28T22:03:10.534+0000] {logging_mixin.py:188} INFO - [2026-02-28T22:03:10.534+0000] {dagbag.py:545} INFO - Filling up the DagBag from /home/airflow/.local/lib/python3.12/site-packages/airflow/example_dags/example_bash_operator.py
[2026-02-28T22:03:10.546+0000] {processor.py:840} INFO - DAG(s) 'example_bash_operator' retrieved from /home/airflow/.local/lib/python3.12/site-packages/airflow/example_dags/example_bash_operator.py
[2026-02-28T22:03:10.562+0000] {logging_mixin.py:188} INFO - [2026-02-28T22:03:10.562+0000] {dag.py:3096} INFO - Sync 1 DAGs
[2026-02-28T22:03:10.576+0000] {logging_mixin.py:188} INFO - [2026-02-28T22:03:10.576+0000] {dag.py:3954} INFO - Setting next_dagrun for example_bash_operator to 2026-02-27 00:00:00+00:00, run_after=2026-02-28 00:00:00+00:00
[2026-02-28T22:03:10.586+0000] {processor.py:183} INFO - Processing /home/airflow/.local/lib/python3.12/site-packages/airflow/example_dags/example_bash_operator.py took 0.059 seconds
[2026-02-28T22:03:41.732+0000] {processor.py:161} INFO - Started process (PID=2684) to work on /home/airflow/.local/lib/python3.12/site-packages/airflow/example_dags/example_bash_operator.py
[2026-02-28T22:03:41.735+0000] {processor.py:830} INFO - Processing file /home/airflow/.local/lib/python3.12/site-packages/airflow/example_dags/example_bash_operator.py for tasks to queue
[2026-02-28T22:03:41.737+0000] {logging_mixin.py:188} INFO - [2026-02-28T22:03:41.737+0000] {dagbag.py:545} INFO - Filling up the DagBag from /home/airflow/.local/lib/python3.12/site-packages/airflow/example_dags/example_bash_operator.py
[2026-02-28T22:03:41.747+0000] {processor.py:840} INFO - DAG(s) 'example_bash_operator' retrieved from /home/airflow/.local/lib/python3.12/site-packages/airflow/example_dags/example_bash_operator.py
[2026-02-28T22:03:41.763+0000] {logging_mixin.py:188} INFO - [2026-02-28T22:03:41.763+0000] {dag.py:3096} INFO - Sync 1 DAGs
[2026-02-28T22:03:41.777+0000] {logging_mixin.py:188} INFO - [2026-02-28T22:03:41.777+0000] {dag.py:3954} INFO - Setting next_dagrun for example_bash_operator to 2026-02-27 00:00:00+00:00, run_after=2026-02-28 00:00:00+00:00
[2026-02-28T22:03:41.790+0000] {processor.py:183} INFO - Processing /home/airflow/.local/lib/python3.12/site-packages/airflow/example_dags/example_bash_operator.py took 0.073 seconds
[2026-02-28T22:04:12.695+0000] {processor.py:161} INFO - Started process (PID=2742) to work on /home/airflow/.local/lib/python3.12/site-packages/airflow/example_dags/example_bash_operator.py
[2026-02-28T22:04:12.696+0000] {processor.py:830} INFO - Processing file /home/airflow/.local/lib/python3.12/site-packages/airflow/example_dags/example_bash_operator.py for tasks to queue
[2026-02-28T22:04:12.697+0000] {logging_mixin.py:188} INFO - [2026-02-28T22:04:12.697+0000] {dagbag.py:545} INFO - Filling up the DagBag from /home/airflow/.local/lib/python3.12/site-packages/airflow/example_dags/example_bash_operator.py
[2026-02-28T22:04:12.704+0000] {processor.py:840} INFO - DAG(s) 'example_bash_operator' retrieved from /home/airflow/.local/lib/python3.12/site-packages/airflow/example_dags/example_bash_operator.py
[2026-02-28T22:04:12.718+0000] {logging_mixin.py:188} INFO - [2026-02-28T22:04:12.717+0000] {dag.py:3096} INFO - Sync 1 DAGs
[2026-02-28T22:04:12.732+0000] {logging_mixin.py:188} INFO - [2026-02-28T22:04:12.732+0000] {dag.py:3954} INFO - Setting next_dagrun for example_bash_operator to 2026-02-27 00:00:00+00:00, run_after=2026-02-28 00:00:00+00:00
[2026-02-28T22:04:12.741+0000] {processor.py:183} INFO - Processing /home/airflow/.local/lib/python3.12/site-packages/airflow/example_dags/example_bash_operator.py took 0.051 seconds
[2026-02-28T22:04:42.941+0000] {processor.py:161} INFO - Started process (PID=2800) to work on /home/airflow/.local/lib/python3.12/site-packages/airflow/example_dags/example_bash_operator.py
[2026-02-28T22:04:42.944+0000] {processor.py:830} INFO - Processing file /home/airflow/.local/lib/python3.12/site-packages/airflow/example_dags/example_bash_operator.py for tasks to queue
[2026-02-28T22:04:42.945+0000] {logging_mixin.py:188} INFO - [2026-02-28T22:04:42.945+0000] {dagbag.py:545} INFO - Filling up the DagBag from /home/airflow/.local/lib/python3.12/site-packages/airflow/example_dags/example_bash_operator.py
[2026-02-28T22:04:42.956+0000] {processor.py:840} INFO - DAG(s) 'example_bash_operator' retrieved from /home/airflow/.local/lib/python3.12/site-packages/airflow/example_dags/example_bash_operator.py
[2026-02-28T22:04:42.971+0000] {logging_mixin.py:188} INFO - [2026-02-28T22:04:42.971+0000] {dag.py:3096} INFO - Sync 1 DAGs
[2026-02-28T22:04:42.984+0000] {logging_mixin.py:188} INFO - [2026-02-28T22:04:42.984+0000] {dag.py:3954} INFO - Setting next_dagrun for example_bash_operator to 2026-02-27 00:00:00+00:00, run_after=2026-02-28 00:00:00+00:00
[2026-02-28T22:04:42.994+0000] {processor.py:183} INFO - Processing /home/airflow/.local/lib/python3.12/site-packages/airflow/example_dags/example_bash_operator.py took 0.058 seconds
