[2026-02-28T21:40:05.245+0000] {processor.py:161} INFO - Started process (PID=81) to work on /home/airflow/.local/lib/python3.12/site-packages/airflow/example_dags/example_dag_decorator.py
[2026-02-28T21:40:05.246+0000] {processor.py:830} INFO - Processing file /home/airflow/.local/lib/python3.12/site-packages/airflow/example_dags/example_dag_decorator.py for tasks to queue
[2026-02-28T21:40:05.247+0000] {logging_mixin.py:188} INFO - [2026-02-28T21:40:05.247+0000] {dagbag.py:545} INFO - Filling up the DagBag from /home/airflow/.local/lib/python3.12/site-packages/airflow/example_dags/example_dag_decorator.py
[2026-02-28T21:40:05.755+0000] {processor.py:840} INFO - DAG(s) 'example_dag_decorator' retrieved from /home/airflow/.local/lib/python3.12/site-packages/airflow/example_dags/example_dag_decorator.py
[2026-02-28T21:40:05.777+0000] {logging_mixin.py:188} INFO - [2026-02-28T21:40:05.777+0000] {dag.py:3096} INFO - Sync 1 DAGs
[2026-02-28T21:40:05.793+0000] {logging_mixin.py:188} INFO - [2026-02-28T21:40:05.793+0000] {dag.py:3954} INFO - Setting next_dagrun for example_dag_decorator to None, run_after=None
[2026-02-28T21:40:05.851+0000] {processor.py:183} INFO - Processing /home/airflow/.local/lib/python3.12/site-packages/airflow/example_dags/example_dag_decorator.py took 0.605 seconds
[2026-02-28T21:40:36.342+0000] {processor.py:161} INFO - Started process (PID=139) to work on /home/airflow/.local/lib/python3.12/site-packages/airflow/example_dags/example_dag_decorator.py
[2026-02-28T21:40:36.344+0000] {processor.py:830} INFO - Processing file /home/airflow/.local/lib/python3.12/site-packages/airflow/example_dags/example_dag_decorator.py for tasks to queue
[2026-02-28T21:40:36.347+0000] {logging_mixin.py:188} INFO - [2026-02-28T21:40:36.346+0000] {dagbag.py:545} INFO - Filling up the DagBag from /home/airflow/.local/lib/python3.12/site-packages/airflow/example_dags/example_dag_decorator.py
[2026-02-28T21:40:36.468+0000] {processor.py:840} INFO - DAG(s) 'example_dag_decorator' retrieved from /home/airflow/.local/lib/python3.12/site-packages/airflow/example_dags/example_dag_decorator.py
[2026-02-28T21:40:36.548+0000] {logging_mixin.py:188} INFO - [2026-02-28T21:40:36.548+0000] {dag.py:3096} INFO - Sync 1 DAGs
[2026-02-28T21:40:36.556+0000] {logging_mixin.py:188} INFO - [2026-02-28T21:40:36.556+0000] {dag.py:3954} INFO - Setting next_dagrun for example_dag_decorator to None, run_after=None
[2026-02-28T21:40:36.568+0000] {processor.py:183} INFO - Processing /home/airflow/.local/lib/python3.12/site-packages/airflow/example_dags/example_dag_decorator.py took 0.234 seconds
[2026-02-28T21:41:07.394+0000] {processor.py:161} INFO - Started process (PID=197) to work on /home/airflow/.local/lib/python3.12/site-packages/airflow/example_dags/example_dag_decorator.py
[2026-02-28T21:41:07.398+0000] {processor.py:830} INFO - Processing file /home/airflow/.local/lib/python3.12/site-packages/airflow/example_dags/example_dag_decorator.py for tasks to queue
[2026-02-28T21:41:07.401+0000] {logging_mixin.py:188} INFO - [2026-02-28T21:41:07.401+0000] {dagbag.py:545} INFO - Filling up the DagBag from /home/airflow/.local/lib/python3.12/site-packages/airflow/example_dags/example_dag_decorator.py
[2026-02-28T21:41:07.531+0000] {processor.py:840} INFO - DAG(s) 'example_dag_decorator' retrieved from /home/airflow/.local/lib/python3.12/site-packages/airflow/example_dags/example_dag_decorator.py
[2026-02-28T21:41:07.663+0000] {logging_mixin.py:188} INFO - [2026-02-28T21:41:07.662+0000] {dag.py:3096} INFO - Sync 1 DAGs
[2026-02-28T21:41:07.669+0000] {logging_mixin.py:188} INFO - [2026-02-28T21:41:07.669+0000] {dag.py:3954} INFO - Setting next_dagrun for example_dag_decorator to None, run_after=None
[2026-02-28T21:41:07.685+0000] {processor.py:183} INFO - Processing /home/airflow/.local/lib/python3.12/site-packages/airflow/example_dags/example_dag_decorator.py took 0.300 seconds
[2026-02-28T21:41:37.823+0000] {processor.py:161} INFO - Started process (PID=255) to work on /home/airflow/.local/lib/python3.12/site-packages/airflow/example_dags/example_dag_decorator.py
[2026-02-28T21:41:37.825+0000] {processor.py:830} INFO - Processing file /home/airflow/.local/lib/python3.12/site-packages/airflow/example_dags/example_dag_decorator.py for tasks to queue
[2026-02-28T21:41:37.827+0000] {logging_mixin.py:188} INFO - [2026-02-28T21:41:37.827+0000] {dagbag.py:545} INFO - Filling up the DagBag from /home/airflow/.local/lib/python3.12/site-packages/airflow/example_dags/example_dag_decorator.py
[2026-02-28T21:41:37.950+0000] {processor.py:840} INFO - DAG(s) 'example_dag_decorator' retrieved from /home/airflow/.local/lib/python3.12/site-packages/airflow/example_dags/example_dag_decorator.py
[2026-02-28T21:41:38.004+0000] {logging_mixin.py:188} INFO - [2026-02-28T21:41:38.003+0000] {dag.py:3096} INFO - Sync 1 DAGs
[2026-02-28T21:41:38.034+0000] {logging_mixin.py:188} INFO - [2026-02-28T21:41:38.030+0000] {dag.py:3954} INFO - Setting next_dagrun for example_dag_decorator to None, run_after=None
[2026-02-28T21:41:38.317+0000] {processor.py:183} INFO - Processing /home/airflow/.local/lib/python3.12/site-packages/airflow/example_dags/example_dag_decorator.py took 0.499 seconds
[2026-02-28T21:42:09.175+0000] {processor.py:161} INFO - Started process (PID=314) to work on /home/airflow/.local/lib/python3.12/site-packages/airflow/example_dags/example_dag_decorator.py
[2026-02-28T21:42:09.177+0000] {processor.py:830} INFO - Processing file /home/airflow/.local/lib/python3.12/site-packages/airflow/example_dags/example_dag_decorator.py for tasks to queue
[2026-02-28T21:42:09.178+0000] {logging_mixin.py:188} INFO - [2026-02-28T21:42:09.178+0000] {dagbag.py:545} INFO - Filling up the DagBag from /home/airflow/.local/lib/python3.12/site-packages/airflow/example_dags/example_dag_decorator.py
[2026-02-28T21:42:09.313+0000] {processor.py:840} INFO - DAG(s) 'example_dag_decorator' retrieved from /home/airflow/.local/lib/python3.12/site-packages/airflow/example_dags/example_dag_decorator.py
[2026-02-28T21:42:09.360+0000] {logging_mixin.py:188} INFO - [2026-02-28T21:42:09.359+0000] {dag.py:3096} INFO - Sync 1 DAGs
[2026-02-28T21:42:09.380+0000] {logging_mixin.py:188} INFO - [2026-02-28T21:42:09.379+0000] {dag.py:3954} INFO - Setting next_dagrun for example_dag_decorator to None, run_after=None
[2026-02-28T21:42:09.413+0000] {processor.py:183} INFO - Processing /home/airflow/.local/lib/python3.12/site-packages/airflow/example_dags/example_dag_decorator.py took 0.241 seconds
[2026-02-28T21:42:39.505+0000] {processor.py:161} INFO - Started process (PID=373) to work on /home/airflow/.local/lib/python3.12/site-packages/airflow/example_dags/example_dag_decorator.py
[2026-02-28T21:42:39.507+0000] {processor.py:830} INFO - Processing file /home/airflow/.local/lib/python3.12/site-packages/airflow/example_dags/example_dag_decorator.py for tasks to queue
[2026-02-28T21:42:39.509+0000] {logging_mixin.py:188} INFO - [2026-02-28T21:42:39.509+0000] {dagbag.py:545} INFO - Filling up the DagBag from /home/airflow/.local/lib/python3.12/site-packages/airflow/example_dags/example_dag_decorator.py
[2026-02-28T21:42:39.632+0000] {processor.py:840} INFO - DAG(s) 'example_dag_decorator' retrieved from /home/airflow/.local/lib/python3.12/site-packages/airflow/example_dags/example_dag_decorator.py
[2026-02-28T21:42:39.645+0000] {logging_mixin.py:188} INFO - [2026-02-28T21:42:39.644+0000] {dag.py:3096} INFO - Sync 1 DAGs
[2026-02-28T21:42:39.651+0000] {logging_mixin.py:188} INFO - [2026-02-28T21:42:39.651+0000] {dag.py:3954} INFO - Setting next_dagrun for example_dag_decorator to None, run_after=None
[2026-02-28T21:42:39.666+0000] {processor.py:183} INFO - Processing /home/airflow/.local/lib/python3.12/site-packages/airflow/example_dags/example_dag_decorator.py took 0.166 seconds
[2026-02-28T21:43:10.292+0000] {processor.py:161} INFO - Started process (PID=431) to work on /home/airflow/.local/lib/python3.12/site-packages/airflow/example_dags/example_dag_decorator.py
[2026-02-28T21:43:10.293+0000] {processor.py:830} INFO - Processing file /home/airflow/.local/lib/python3.12/site-packages/airflow/example_dags/example_dag_decorator.py for tasks to queue
[2026-02-28T21:43:10.297+0000] {logging_mixin.py:188} INFO - [2026-02-28T21:43:10.297+0000] {dagbag.py:545} INFO - Filling up the DagBag from /home/airflow/.local/lib/python3.12/site-packages/airflow/example_dags/example_dag_decorator.py
[2026-02-28T21:43:10.406+0000] {processor.py:840} INFO - DAG(s) 'example_dag_decorator' retrieved from /home/airflow/.local/lib/python3.12/site-packages/airflow/example_dags/example_dag_decorator.py
[2026-02-28T21:43:10.518+0000] {logging_mixin.py:188} INFO - [2026-02-28T21:43:10.517+0000] {dag.py:3096} INFO - Sync 1 DAGs
[2026-02-28T21:43:10.527+0000] {logging_mixin.py:188} INFO - [2026-02-28T21:43:10.527+0000] {dag.py:3954} INFO - Setting next_dagrun for example_dag_decorator to None, run_after=None
[2026-02-28T21:43:10.542+0000] {processor.py:183} INFO - Processing /home/airflow/.local/lib/python3.12/site-packages/airflow/example_dags/example_dag_decorator.py took 0.263 seconds
[2026-02-28T21:43:40.707+0000] {processor.py:161} INFO - Started process (PID=492) to work on /home/airflow/.local/lib/python3.12/site-packages/airflow/example_dags/example_dag_decorator.py
[2026-02-28T21:43:40.714+0000] {processor.py:830} INFO - Processing file /home/airflow/.local/lib/python3.12/site-packages/airflow/example_dags/example_dag_decorator.py for tasks to queue
[2026-02-28T21:43:40.716+0000] {logging_mixin.py:188} INFO - [2026-02-28T21:43:40.715+0000] {dagbag.py:545} INFO - Filling up the DagBag from /home/airflow/.local/lib/python3.12/site-packages/airflow/example_dags/example_dag_decorator.py
[2026-02-28T21:43:40.835+0000] {processor.py:840} INFO - DAG(s) 'example_dag_decorator' retrieved from /home/airflow/.local/lib/python3.12/site-packages/airflow/example_dags/example_dag_decorator.py
[2026-02-28T21:43:40.964+0000] {logging_mixin.py:188} INFO - [2026-02-28T21:43:40.964+0000] {dag.py:3096} INFO - Sync 1 DAGs
[2026-02-28T21:43:40.972+0000] {logging_mixin.py:188} INFO - [2026-02-28T21:43:40.971+0000] {dag.py:3954} INFO - Setting next_dagrun for example_dag_decorator to None, run_after=None
[2026-02-28T21:43:40.986+0000] {processor.py:183} INFO - Processing /home/airflow/.local/lib/python3.12/site-packages/airflow/example_dags/example_dag_decorator.py took 0.282 seconds
[2026-02-28T21:44:43.765+0000] {processor.py:161} INFO - Started process (PID=546) to work on /home/airflow/.local/lib/python3.12/site-packages/airflow/example_dags/example_dag_decorator.py
[2026-02-28T21:44:43.766+0000] {processor.py:830} INFO - Processing file /home/airflow/.local/lib/python3.12/site-packages/airflow/example_dags/example_dag_decorator.py for tasks to queue
[2026-02-28T21:44:43.769+0000] {logging_mixin.py:188} INFO - [2026-02-28T21:44:43.768+0000] {dagbag.py:545} INFO - Filling up the DagBag from /home/airflow/.local/lib/python3.12/site-packages/airflow/example_dags/example_dag_decorator.py
[2026-02-28T21:44:43.962+0000] {processor.py:840} INFO - DAG(s) 'example_dag_decorator' retrieved from /home/airflow/.local/lib/python3.12/site-packages/airflow/example_dags/example_dag_decorator.py
[2026-02-28T21:44:44.093+0000] {logging_mixin.py:188} INFO - [2026-02-28T21:44:44.093+0000] {dag.py:3096} INFO - Sync 1 DAGs
[2026-02-28T21:44:44.098+0000] {logging_mixin.py:188} INFO - [2026-02-28T21:44:44.098+0000] {dag.py:3954} INFO - Setting next_dagrun for example_dag_decorator to None, run_after=None
[2026-02-28T21:44:44.113+0000] {processor.py:183} INFO - Processing /home/airflow/.local/lib/python3.12/site-packages/airflow/example_dags/example_dag_decorator.py took 0.358 seconds
[2026-02-28T21:45:14.232+0000] {processor.py:161} INFO - Started process (PID=604) to work on /home/airflow/.local/lib/python3.12/site-packages/airflow/example_dags/example_dag_decorator.py
[2026-02-28T21:45:14.233+0000] {processor.py:830} INFO - Processing file /home/airflow/.local/lib/python3.12/site-packages/airflow/example_dags/example_dag_decorator.py for tasks to queue
[2026-02-28T21:45:14.234+0000] {logging_mixin.py:188} INFO - [2026-02-28T21:45:14.234+0000] {dagbag.py:545} INFO - Filling up the DagBag from /home/airflow/.local/lib/python3.12/site-packages/airflow/example_dags/example_dag_decorator.py
[2026-02-28T21:45:14.292+0000] {processor.py:840} INFO - DAG(s) 'example_dag_decorator' retrieved from /home/airflow/.local/lib/python3.12/site-packages/airflow/example_dags/example_dag_decorator.py
[2026-02-28T21:45:14.307+0000] {logging_mixin.py:188} INFO - [2026-02-28T21:45:14.307+0000] {dag.py:3096} INFO - Sync 1 DAGs
[2026-02-28T21:45:14.313+0000] {logging_mixin.py:188} INFO - [2026-02-28T21:45:14.313+0000] {dag.py:3954} INFO - Setting next_dagrun for example_dag_decorator to None, run_after=None
[2026-02-28T21:45:14.325+0000] {processor.py:183} INFO - Processing /home/airflow/.local/lib/python3.12/site-packages/airflow/example_dags/example_dag_decorator.py took 0.097 seconds
[2026-02-28T21:45:44.600+0000] {processor.py:161} INFO - Started process (PID=663) to work on /home/airflow/.local/lib/python3.12/site-packages/airflow/example_dags/example_dag_decorator.py
[2026-02-28T21:45:44.602+0000] {processor.py:830} INFO - Processing file /home/airflow/.local/lib/python3.12/site-packages/airflow/example_dags/example_dag_decorator.py for tasks to queue
[2026-02-28T21:45:44.603+0000] {logging_mixin.py:188} INFO - [2026-02-28T21:45:44.603+0000] {dagbag.py:545} INFO - Filling up the DagBag from /home/airflow/.local/lib/python3.12/site-packages/airflow/example_dags/example_dag_decorator.py
[2026-02-28T21:45:44.665+0000] {processor.py:840} INFO - DAG(s) 'example_dag_decorator' retrieved from /home/airflow/.local/lib/python3.12/site-packages/airflow/example_dags/example_dag_decorator.py
[2026-02-28T21:45:44.752+0000] {logging_mixin.py:188} INFO - [2026-02-28T21:45:44.752+0000] {dag.py:3096} INFO - Sync 1 DAGs
[2026-02-28T21:45:44.759+0000] {logging_mixin.py:188} INFO - [2026-02-28T21:45:44.758+0000] {dag.py:3954} INFO - Setting next_dagrun for example_dag_decorator to None, run_after=None
[2026-02-28T21:45:44.774+0000] {processor.py:183} INFO - Processing /home/airflow/.local/lib/python3.12/site-packages/airflow/example_dags/example_dag_decorator.py took 0.177 seconds
[2026-02-28T21:46:15.405+0000] {processor.py:161} INFO - Started process (PID=720) to work on /home/airflow/.local/lib/python3.12/site-packages/airflow/example_dags/example_dag_decorator.py
[2026-02-28T21:46:15.406+0000] {processor.py:830} INFO - Processing file /home/airflow/.local/lib/python3.12/site-packages/airflow/example_dags/example_dag_decorator.py for tasks to queue
[2026-02-28T21:46:15.409+0000] {logging_mixin.py:188} INFO - [2026-02-28T21:46:15.409+0000] {dagbag.py:545} INFO - Filling up the DagBag from /home/airflow/.local/lib/python3.12/site-packages/airflow/example_dags/example_dag_decorator.py
[2026-02-28T21:46:15.496+0000] {processor.py:840} INFO - DAG(s) 'example_dag_decorator' retrieved from /home/airflow/.local/lib/python3.12/site-packages/airflow/example_dags/example_dag_decorator.py
[2026-02-28T21:46:15.866+0000] {logging_mixin.py:188} INFO - [2026-02-28T21:46:15.865+0000] {dag.py:3096} INFO - Sync 1 DAGs
[2026-02-28T21:46:15.873+0000] {logging_mixin.py:188} INFO - [2026-02-28T21:46:15.872+0000] {dag.py:3954} INFO - Setting next_dagrun for example_dag_decorator to None, run_after=None
[2026-02-28T21:46:15.888+0000] {processor.py:183} INFO - Processing /home/airflow/.local/lib/python3.12/site-packages/airflow/example_dags/example_dag_decorator.py took 0.491 seconds
[2026-02-28T21:46:45.947+0000] {processor.py:161} INFO - Started process (PID=781) to work on /home/airflow/.local/lib/python3.12/site-packages/airflow/example_dags/example_dag_decorator.py
[2026-02-28T21:46:45.948+0000] {processor.py:830} INFO - Processing file /home/airflow/.local/lib/python3.12/site-packages/airflow/example_dags/example_dag_decorator.py for tasks to queue
[2026-02-28T21:46:45.951+0000] {logging_mixin.py:188} INFO - [2026-02-28T21:46:45.949+0000] {dagbag.py:545} INFO - Filling up the DagBag from /home/airflow/.local/lib/python3.12/site-packages/airflow/example_dags/example_dag_decorator.py
[2026-02-28T21:46:46.032+0000] {processor.py:840} INFO - DAG(s) 'example_dag_decorator' retrieved from /home/airflow/.local/lib/python3.12/site-packages/airflow/example_dags/example_dag_decorator.py
[2026-02-28T21:46:46.330+0000] {logging_mixin.py:188} INFO - [2026-02-28T21:46:46.330+0000] {dag.py:3096} INFO - Sync 1 DAGs
[2026-02-28T21:46:46.335+0000] {logging_mixin.py:188} INFO - [2026-02-28T21:46:46.335+0000] {dag.py:3954} INFO - Setting next_dagrun for example_dag_decorator to None, run_after=None
[2026-02-28T21:46:46.346+0000] {processor.py:183} INFO - Processing /home/airflow/.local/lib/python3.12/site-packages/airflow/example_dags/example_dag_decorator.py took 0.402 seconds
[2026-02-28T21:47:17.089+0000] {processor.py:161} INFO - Started process (PID=843) to work on /home/airflow/.local/lib/python3.12/site-packages/airflow/example_dags/example_dag_decorator.py
[2026-02-28T21:47:17.091+0000] {processor.py:830} INFO - Processing file /home/airflow/.local/lib/python3.12/site-packages/airflow/example_dags/example_dag_decorator.py for tasks to queue
[2026-02-28T21:47:17.093+0000] {logging_mixin.py:188} INFO - [2026-02-28T21:47:17.093+0000] {dagbag.py:545} INFO - Filling up the DagBag from /home/airflow/.local/lib/python3.12/site-packages/airflow/example_dags/example_dag_decorator.py
[2026-02-28T21:47:17.156+0000] {processor.py:840} INFO - DAG(s) 'example_dag_decorator' retrieved from /home/airflow/.local/lib/python3.12/site-packages/airflow/example_dags/example_dag_decorator.py
[2026-02-28T21:47:17.416+0000] {logging_mixin.py:188} INFO - [2026-02-28T21:47:17.416+0000] {dag.py:3096} INFO - Sync 1 DAGs
[2026-02-28T21:47:17.420+0000] {logging_mixin.py:188} INFO - [2026-02-28T21:47:17.420+0000] {dag.py:3954} INFO - Setting next_dagrun for example_dag_decorator to None, run_after=None
[2026-02-28T21:47:17.432+0000] {processor.py:183} INFO - Processing /home/airflow/.local/lib/python3.12/site-packages/airflow/example_dags/example_dag_decorator.py took 0.346 seconds
[2026-02-28T21:47:48.014+0000] {processor.py:161} INFO - Started process (PID=902) to work on /home/airflow/.local/lib/python3.12/site-packages/airflow/example_dags/example_dag_decorator.py
[2026-02-28T21:47:48.015+0000] {processor.py:830} INFO - Processing file /home/airflow/.local/lib/python3.12/site-packages/airflow/example_dags/example_dag_decorator.py for tasks to queue
[2026-02-28T21:47:48.016+0000] {logging_mixin.py:188} INFO - [2026-02-28T21:47:48.016+0000] {dagbag.py:545} INFO - Filling up the DagBag from /home/airflow/.local/lib/python3.12/site-packages/airflow/example_dags/example_dag_decorator.py
[2026-02-28T21:47:48.160+0000] {processor.py:840} INFO - DAG(s) 'example_dag_decorator' retrieved from /home/airflow/.local/lib/python3.12/site-packages/airflow/example_dags/example_dag_decorator.py
[2026-02-28T21:47:48.470+0000] {logging_mixin.py:188} INFO - [2026-02-28T21:47:48.470+0000] {dag.py:3096} INFO - Sync 1 DAGs
[2026-02-28T21:47:48.477+0000] {logging_mixin.py:188} INFO - [2026-02-28T21:47:48.476+0000] {dag.py:3954} INFO - Setting next_dagrun for example_dag_decorator to None, run_after=None
[2026-02-28T21:47:48.485+0000] {processor.py:183} INFO - Processing /home/airflow/.local/lib/python3.12/site-packages/airflow/example_dags/example_dag_decorator.py took 0.474 seconds
[2026-02-28T21:48:18.694+0000] {processor.py:161} INFO - Started process (PID=952) to work on /home/airflow/.local/lib/python3.12/site-packages/airflow/example_dags/example_dag_decorator.py
[2026-02-28T21:48:18.695+0000] {processor.py:830} INFO - Processing file /home/airflow/.local/lib/python3.12/site-packages/airflow/example_dags/example_dag_decorator.py for tasks to queue
[2026-02-28T21:48:18.697+0000] {logging_mixin.py:188} INFO - [2026-02-28T21:48:18.697+0000] {dagbag.py:545} INFO - Filling up the DagBag from /home/airflow/.local/lib/python3.12/site-packages/airflow/example_dags/example_dag_decorator.py
[2026-02-28T21:48:18.795+0000] {processor.py:840} INFO - DAG(s) 'example_dag_decorator' retrieved from /home/airflow/.local/lib/python3.12/site-packages/airflow/example_dags/example_dag_decorator.py
[2026-02-28T21:48:19.110+0000] {logging_mixin.py:188} INFO - [2026-02-28T21:48:19.110+0000] {dag.py:3096} INFO - Sync 1 DAGs
[2026-02-28T21:48:19.115+0000] {logging_mixin.py:188} INFO - [2026-02-28T21:48:19.115+0000] {dag.py:3954} INFO - Setting next_dagrun for example_dag_decorator to None, run_after=None
[2026-02-28T21:48:19.125+0000] {processor.py:183} INFO - Processing /home/airflow/.local/lib/python3.12/site-packages/airflow/example_dags/example_dag_decorator.py took 0.440 seconds
[2026-02-28T21:48:49.915+0000] {processor.py:161} INFO - Started process (PID=1012) to work on /home/airflow/.local/lib/python3.12/site-packages/airflow/example_dags/example_dag_decorator.py
[2026-02-28T21:48:49.917+0000] {processor.py:830} INFO - Processing file /home/airflow/.local/lib/python3.12/site-packages/airflow/example_dags/example_dag_decorator.py for tasks to queue
[2026-02-28T21:48:49.918+0000] {logging_mixin.py:188} INFO - [2026-02-28T21:48:49.918+0000] {dagbag.py:545} INFO - Filling up the DagBag from /home/airflow/.local/lib/python3.12/site-packages/airflow/example_dags/example_dag_decorator.py
[2026-02-28T21:48:50.046+0000] {processor.py:840} INFO - DAG(s) 'example_dag_decorator' retrieved from /home/airflow/.local/lib/python3.12/site-packages/airflow/example_dags/example_dag_decorator.py
[2026-02-28T21:48:50.473+0000] {logging_mixin.py:188} INFO - [2026-02-28T21:48:50.473+0000] {dag.py:3096} INFO - Sync 1 DAGs
[2026-02-28T21:48:50.483+0000] {logging_mixin.py:188} INFO - [2026-02-28T21:48:50.483+0000] {dag.py:3954} INFO - Setting next_dagrun for example_dag_decorator to None, run_after=None
[2026-02-28T21:48:50.497+0000] {processor.py:183} INFO - Processing /home/airflow/.local/lib/python3.12/site-packages/airflow/example_dags/example_dag_decorator.py took 0.588 seconds
[2026-02-28T21:49:20.855+0000] {processor.py:161} INFO - Started process (PID=1074) to work on /home/airflow/.local/lib/python3.12/site-packages/airflow/example_dags/example_dag_decorator.py
[2026-02-28T21:49:20.857+0000] {processor.py:830} INFO - Processing file /home/airflow/.local/lib/python3.12/site-packages/airflow/example_dags/example_dag_decorator.py for tasks to queue
[2026-02-28T21:49:20.860+0000] {logging_mixin.py:188} INFO - [2026-02-28T21:49:20.860+0000] {dagbag.py:545} INFO - Filling up the DagBag from /home/airflow/.local/lib/python3.12/site-packages/airflow/example_dags/example_dag_decorator.py
[2026-02-28T21:49:21.220+0000] {processor.py:840} INFO - DAG(s) 'example_dag_decorator' retrieved from /home/airflow/.local/lib/python3.12/site-packages/airflow/example_dags/example_dag_decorator.py
[2026-02-28T21:49:22.242+0000] {logging_mixin.py:188} INFO - [2026-02-28T21:49:22.242+0000] {dag.py:3096} INFO - Sync 1 DAGs
[2026-02-28T21:49:22.252+0000] {logging_mixin.py:188} INFO - [2026-02-28T21:49:22.252+0000] {dag.py:3954} INFO - Setting next_dagrun for example_dag_decorator to None, run_after=None
[2026-02-28T21:49:22.272+0000] {processor.py:183} INFO - Processing /home/airflow/.local/lib/python3.12/site-packages/airflow/example_dags/example_dag_decorator.py took 1.422 seconds
[2026-02-28T21:49:53.053+0000] {processor.py:161} INFO - Started process (PID=1126) to work on /home/airflow/.local/lib/python3.12/site-packages/airflow/example_dags/example_dag_decorator.py
[2026-02-28T21:49:53.059+0000] {processor.py:830} INFO - Processing file /home/airflow/.local/lib/python3.12/site-packages/airflow/example_dags/example_dag_decorator.py for tasks to queue
[2026-02-28T21:49:53.070+0000] {logging_mixin.py:188} INFO - [2026-02-28T21:49:53.067+0000] {dagbag.py:545} INFO - Filling up the DagBag from /home/airflow/.local/lib/python3.12/site-packages/airflow/example_dags/example_dag_decorator.py
[2026-02-28T21:49:53.235+0000] {processor.py:840} INFO - DAG(s) 'example_dag_decorator' retrieved from /home/airflow/.local/lib/python3.12/site-packages/airflow/example_dags/example_dag_decorator.py
[2026-02-28T21:49:53.285+0000] {logging_mixin.py:188} INFO - [2026-02-28T21:49:53.284+0000] {dag.py:3096} INFO - Sync 1 DAGs
[2026-02-28T21:49:53.311+0000] {logging_mixin.py:188} INFO - [2026-02-28T21:49:53.311+0000] {dag.py:3954} INFO - Setting next_dagrun for example_dag_decorator to None, run_after=None
[2026-02-28T21:49:53.378+0000] {processor.py:183} INFO - Processing /home/airflow/.local/lib/python3.12/site-packages/airflow/example_dags/example_dag_decorator.py took 0.352 seconds
[2026-02-28T21:50:24.223+0000] {processor.py:161} INFO - Started process (PID=1184) to work on /home/airflow/.local/lib/python3.12/site-packages/airflow/example_dags/example_dag_decorator.py
[2026-02-28T21:50:24.225+0000] {processor.py:830} INFO - Processing file /home/airflow/.local/lib/python3.12/site-packages/airflow/example_dags/example_dag_decorator.py for tasks to queue
[2026-02-28T21:50:24.228+0000] {logging_mixin.py:188} INFO - [2026-02-28T21:50:24.227+0000] {dagbag.py:545} INFO - Filling up the DagBag from /home/airflow/.local/lib/python3.12/site-packages/airflow/example_dags/example_dag_decorator.py
[2026-02-28T21:50:24.620+0000] {processor.py:840} INFO - DAG(s) 'example_dag_decorator' retrieved from /home/airflow/.local/lib/python3.12/site-packages/airflow/example_dags/example_dag_decorator.py
[2026-02-28T21:50:24.635+0000] {logging_mixin.py:188} INFO - [2026-02-28T21:50:24.635+0000] {dag.py:3096} INFO - Sync 1 DAGs
[2026-02-28T21:50:24.642+0000] {logging_mixin.py:188} INFO - [2026-02-28T21:50:24.642+0000] {dag.py:3954} INFO - Setting next_dagrun for example_dag_decorator to None, run_after=None
[2026-02-28T21:50:24.659+0000] {processor.py:183} INFO - Processing /home/airflow/.local/lib/python3.12/site-packages/airflow/example_dags/example_dag_decorator.py took 0.444 seconds
[2026-02-28T21:50:54.689+0000] {processor.py:161} INFO - Started process (PID=1246) to work on /home/airflow/.local/lib/python3.12/site-packages/airflow/example_dags/example_dag_decorator.py
[2026-02-28T21:50:54.690+0000] {processor.py:830} INFO - Processing file /home/airflow/.local/lib/python3.12/site-packages/airflow/example_dags/example_dag_decorator.py for tasks to queue
[2026-02-28T21:50:54.692+0000] {logging_mixin.py:188} INFO - [2026-02-28T21:50:54.691+0000] {dagbag.py:545} INFO - Filling up the DagBag from /home/airflow/.local/lib/python3.12/site-packages/airflow/example_dags/example_dag_decorator.py
[2026-02-28T21:50:55.058+0000] {processor.py:840} INFO - DAG(s) 'example_dag_decorator' retrieved from /home/airflow/.local/lib/python3.12/site-packages/airflow/example_dags/example_dag_decorator.py
[2026-02-28T21:50:55.129+0000] {logging_mixin.py:188} INFO - [2026-02-28T21:50:55.129+0000] {dag.py:3096} INFO - Sync 1 DAGs
[2026-02-28T21:50:55.134+0000] {logging_mixin.py:188} INFO - [2026-02-28T21:50:55.134+0000] {dag.py:3954} INFO - Setting next_dagrun for example_dag_decorator to None, run_after=None
[2026-02-28T21:50:55.143+0000] {processor.py:183} INFO - Processing /home/airflow/.local/lib/python3.12/site-packages/airflow/example_dags/example_dag_decorator.py took 0.458 seconds
[2026-02-28T21:51:25.904+0000] {processor.py:161} INFO - Started process (PID=1306) to work on /home/airflow/.local/lib/python3.12/site-packages/airflow/example_dags/example_dag_decorator.py
[2026-02-28T21:51:25.905+0000] {processor.py:830} INFO - Processing file /home/airflow/.local/lib/python3.12/site-packages/airflow/example_dags/example_dag_decorator.py for tasks to queue
[2026-02-28T21:51:25.908+0000] {logging_mixin.py:188} INFO - [2026-02-28T21:51:25.908+0000] {dagbag.py:545} INFO - Filling up the DagBag from /home/airflow/.local/lib/python3.12/site-packages/airflow/example_dags/example_dag_decorator.py
[2026-02-28T21:51:26.383+0000] {processor.py:840} INFO - DAG(s) 'example_dag_decorator' retrieved from /home/airflow/.local/lib/python3.12/site-packages/airflow/example_dags/example_dag_decorator.py
[2026-02-28T21:51:26.463+0000] {logging_mixin.py:188} INFO - [2026-02-28T21:51:26.463+0000] {dag.py:3096} INFO - Sync 1 DAGs
[2026-02-28T21:51:26.468+0000] {logging_mixin.py:188} INFO - [2026-02-28T21:51:26.468+0000] {dag.py:3954} INFO - Setting next_dagrun for example_dag_decorator to None, run_after=None
[2026-02-28T21:51:26.476+0000] {processor.py:183} INFO - Processing /home/airflow/.local/lib/python3.12/site-packages/airflow/example_dags/example_dag_decorator.py took 0.583 seconds
[2026-02-28T21:51:56.942+0000] {processor.py:161} INFO - Started process (PID=1364) to work on /home/airflow/.local/lib/python3.12/site-packages/airflow/example_dags/example_dag_decorator.py
[2026-02-28T21:51:56.945+0000] {processor.py:830} INFO - Processing file /home/airflow/.local/lib/python3.12/site-packages/airflow/example_dags/example_dag_decorator.py for tasks to queue
[2026-02-28T21:51:56.949+0000] {logging_mixin.py:188} INFO - [2026-02-28T21:51:56.948+0000] {dagbag.py:545} INFO - Filling up the DagBag from /home/airflow/.local/lib/python3.12/site-packages/airflow/example_dags/example_dag_decorator.py
[2026-02-28T21:51:57.513+0000] {processor.py:840} INFO - DAG(s) 'example_dag_decorator' retrieved from /home/airflow/.local/lib/python3.12/site-packages/airflow/example_dags/example_dag_decorator.py
[2026-02-28T21:51:57.528+0000] {logging_mixin.py:188} INFO - [2026-02-28T21:51:57.527+0000] {dag.py:3096} INFO - Sync 1 DAGs
[2026-02-28T21:51:57.533+0000] {logging_mixin.py:188} INFO - [2026-02-28T21:51:57.533+0000] {dag.py:3954} INFO - Setting next_dagrun for example_dag_decorator to None, run_after=None
[2026-02-28T21:51:57.543+0000] {processor.py:183} INFO - Processing /home/airflow/.local/lib/python3.12/site-packages/airflow/example_dags/example_dag_decorator.py took 0.614 seconds
[2026-02-28T21:52:27.740+0000] {processor.py:161} INFO - Started process (PID=1422) to work on /home/airflow/.local/lib/python3.12/site-packages/airflow/example_dags/example_dag_decorator.py
[2026-02-28T21:52:27.742+0000] {processor.py:830} INFO - Processing file /home/airflow/.local/lib/python3.12/site-packages/airflow/example_dags/example_dag_decorator.py for tasks to queue
[2026-02-28T21:52:27.746+0000] {logging_mixin.py:188} INFO - [2026-02-28T21:52:27.746+0000] {dagbag.py:545} INFO - Filling up the DagBag from /home/airflow/.local/lib/python3.12/site-packages/airflow/example_dags/example_dag_decorator.py
[2026-02-28T21:52:28.127+0000] {processor.py:840} INFO - DAG(s) 'example_dag_decorator' retrieved from /home/airflow/.local/lib/python3.12/site-packages/airflow/example_dags/example_dag_decorator.py
[2026-02-28T21:52:28.238+0000] {logging_mixin.py:188} INFO - [2026-02-28T21:52:28.238+0000] {dag.py:3096} INFO - Sync 1 DAGs
[2026-02-28T21:52:28.248+0000] {logging_mixin.py:188} INFO - [2026-02-28T21:52:28.248+0000] {dag.py:3954} INFO - Setting next_dagrun for example_dag_decorator to None, run_after=None
[2026-02-28T21:52:28.263+0000] {processor.py:183} INFO - Processing /home/airflow/.local/lib/python3.12/site-packages/airflow/example_dags/example_dag_decorator.py took 0.531 seconds
[2026-02-28T21:52:58.817+0000] {processor.py:161} INFO - Started process (PID=1480) to work on /home/airflow/.local/lib/python3.12/site-packages/airflow/example_dags/example_dag_decorator.py
[2026-02-28T21:52:58.820+0000] {processor.py:830} INFO - Processing file /home/airflow/.local/lib/python3.12/site-packages/airflow/example_dags/example_dag_decorator.py for tasks to queue
[2026-02-28T21:52:58.824+0000] {logging_mixin.py:188} INFO - [2026-02-28T21:52:58.823+0000] {dagbag.py:545} INFO - Filling up the DagBag from /home/airflow/.local/lib/python3.12/site-packages/airflow/example_dags/example_dag_decorator.py
[2026-02-28T21:52:59.218+0000] {processor.py:840} INFO - DAG(s) 'example_dag_decorator' retrieved from /home/airflow/.local/lib/python3.12/site-packages/airflow/example_dags/example_dag_decorator.py
[2026-02-28T21:52:59.240+0000] {logging_mixin.py:188} INFO - [2026-02-28T21:52:59.240+0000] {dag.py:3096} INFO - Sync 1 DAGs
[2026-02-28T21:52:59.251+0000] {logging_mixin.py:188} INFO - [2026-02-28T21:52:59.251+0000] {dag.py:3954} INFO - Setting next_dagrun for example_dag_decorator to None, run_after=None
[2026-02-28T21:52:59.262+0000] {processor.py:183} INFO - Processing /home/airflow/.local/lib/python3.12/site-packages/airflow/example_dags/example_dag_decorator.py took 0.457 seconds
[2026-02-28T21:53:29.669+0000] {processor.py:161} INFO - Started process (PID=1538) to work on /home/airflow/.local/lib/python3.12/site-packages/airflow/example_dags/example_dag_decorator.py
[2026-02-28T21:53:29.676+0000] {processor.py:830} INFO - Processing file /home/airflow/.local/lib/python3.12/site-packages/airflow/example_dags/example_dag_decorator.py for tasks to queue
[2026-02-28T21:53:29.681+0000] {logging_mixin.py:188} INFO - [2026-02-28T21:53:29.680+0000] {dagbag.py:545} INFO - Filling up the DagBag from /home/airflow/.local/lib/python3.12/site-packages/airflow/example_dags/example_dag_decorator.py
[2026-02-28T21:53:30.243+0000] {processor.py:840} INFO - DAG(s) 'example_dag_decorator' retrieved from /home/airflow/.local/lib/python3.12/site-packages/airflow/example_dags/example_dag_decorator.py
[2026-02-28T21:53:30.380+0000] {logging_mixin.py:188} INFO - [2026-02-28T21:53:30.379+0000] {dag.py:3096} INFO - Sync 1 DAGs
[2026-02-28T21:53:30.390+0000] {logging_mixin.py:188} INFO - [2026-02-28T21:53:30.390+0000] {dag.py:3954} INFO - Setting next_dagrun for example_dag_decorator to None, run_after=None
[2026-02-28T21:53:30.414+0000] {processor.py:183} INFO - Processing /home/airflow/.local/lib/python3.12/site-packages/airflow/example_dags/example_dag_decorator.py took 0.770 seconds
[2026-02-28T21:54:00.582+0000] {processor.py:161} INFO - Started process (PID=1602) to work on /home/airflow/.local/lib/python3.12/site-packages/airflow/example_dags/example_dag_decorator.py
[2026-02-28T21:54:00.584+0000] {processor.py:830} INFO - Processing file /home/airflow/.local/lib/python3.12/site-packages/airflow/example_dags/example_dag_decorator.py for tasks to queue
[2026-02-28T21:54:00.587+0000] {logging_mixin.py:188} INFO - [2026-02-28T21:54:00.587+0000] {dagbag.py:545} INFO - Filling up the DagBag from /home/airflow/.local/lib/python3.12/site-packages/airflow/example_dags/example_dag_decorator.py
[2026-02-28T21:54:00.760+0000] {processor.py:840} INFO - DAG(s) 'example_dag_decorator' retrieved from /home/airflow/.local/lib/python3.12/site-packages/airflow/example_dags/example_dag_decorator.py
[2026-02-28T21:54:00.782+0000] {logging_mixin.py:188} INFO - [2026-02-28T21:54:00.782+0000] {dag.py:3096} INFO - Sync 1 DAGs
[2026-02-28T21:54:00.796+0000] {logging_mixin.py:188} INFO - [2026-02-28T21:54:00.795+0000] {dag.py:3954} INFO - Setting next_dagrun for example_dag_decorator to None, run_after=None
[2026-02-28T21:54:00.823+0000] {processor.py:183} INFO - Processing /home/airflow/.local/lib/python3.12/site-packages/airflow/example_dags/example_dag_decorator.py took 0.251 seconds
[2026-02-28T21:54:31.163+0000] {processor.py:161} INFO - Started process (PID=1660) to work on /home/airflow/.local/lib/python3.12/site-packages/airflow/example_dags/example_dag_decorator.py
[2026-02-28T21:54:31.166+0000] {processor.py:830} INFO - Processing file /home/airflow/.local/lib/python3.12/site-packages/airflow/example_dags/example_dag_decorator.py for tasks to queue
[2026-02-28T21:54:31.170+0000] {logging_mixin.py:188} INFO - [2026-02-28T21:54:31.169+0000] {dagbag.py:545} INFO - Filling up the DagBag from /home/airflow/.local/lib/python3.12/site-packages/airflow/example_dags/example_dag_decorator.py
[2026-02-28T21:54:31.351+0000] {processor.py:840} INFO - DAG(s) 'example_dag_decorator' retrieved from /home/airflow/.local/lib/python3.12/site-packages/airflow/example_dags/example_dag_decorator.py
[2026-02-28T21:54:31.380+0000] {logging_mixin.py:188} INFO - [2026-02-28T21:54:31.380+0000] {dag.py:3096} INFO - Sync 1 DAGs
[2026-02-28T21:54:31.389+0000] {logging_mixin.py:188} INFO - [2026-02-28T21:54:31.389+0000] {dag.py:3954} INFO - Setting next_dagrun for example_dag_decorator to None, run_after=None
[2026-02-28T21:54:31.425+0000] {processor.py:183} INFO - Processing /home/airflow/.local/lib/python3.12/site-packages/airflow/example_dags/example_dag_decorator.py took 0.276 seconds
[2026-02-28T21:55:02.298+0000] {processor.py:161} INFO - Started process (PID=1721) to work on /home/airflow/.local/lib/python3.12/site-packages/airflow/example_dags/example_dag_decorator.py
[2026-02-28T21:55:02.300+0000] {processor.py:830} INFO - Processing file /home/airflow/.local/lib/python3.12/site-packages/airflow/example_dags/example_dag_decorator.py for tasks to queue
[2026-02-28T21:55:02.305+0000] {logging_mixin.py:188} INFO - [2026-02-28T21:55:02.305+0000] {dagbag.py:545} INFO - Filling up the DagBag from /home/airflow/.local/lib/python3.12/site-packages/airflow/example_dags/example_dag_decorator.py
[2026-02-28T21:55:02.482+0000] {processor.py:840} INFO - DAG(s) 'example_dag_decorator' retrieved from /home/airflow/.local/lib/python3.12/site-packages/airflow/example_dags/example_dag_decorator.py
[2026-02-28T21:55:03.114+0000] {logging_mixin.py:188} INFO - [2026-02-28T21:55:03.114+0000] {dag.py:3096} INFO - Sync 1 DAGs
[2026-02-28T21:55:03.121+0000] {logging_mixin.py:188} INFO - [2026-02-28T21:55:03.121+0000] {dag.py:3954} INFO - Setting next_dagrun for example_dag_decorator to None, run_after=None
[2026-02-28T21:55:03.137+0000] {processor.py:183} INFO - Processing /home/airflow/.local/lib/python3.12/site-packages/airflow/example_dags/example_dag_decorator.py took 0.854 seconds
[2026-02-28T21:55:34.241+0000] {processor.py:161} INFO - Started process (PID=1779) to work on /home/airflow/.local/lib/python3.12/site-packages/airflow/example_dags/example_dag_decorator.py
[2026-02-28T21:55:34.242+0000] {processor.py:830} INFO - Processing file /home/airflow/.local/lib/python3.12/site-packages/airflow/example_dags/example_dag_decorator.py for tasks to queue
[2026-02-28T21:55:34.244+0000] {logging_mixin.py:188} INFO - [2026-02-28T21:55:34.244+0000] {dagbag.py:545} INFO - Filling up the DagBag from /home/airflow/.local/lib/python3.12/site-packages/airflow/example_dags/example_dag_decorator.py
[2026-02-28T21:55:34.453+0000] {processor.py:840} INFO - DAG(s) 'example_dag_decorator' retrieved from /home/airflow/.local/lib/python3.12/site-packages/airflow/example_dags/example_dag_decorator.py
[2026-02-28T21:55:36.161+0000] {logging_mixin.py:188} INFO - [2026-02-28T21:55:36.160+0000] {dag.py:3096} INFO - Sync 1 DAGs
[2026-02-28T21:55:36.167+0000] {logging_mixin.py:188} INFO - [2026-02-28T21:55:36.167+0000] {dag.py:3954} INFO - Setting next_dagrun for example_dag_decorator to None, run_after=None
[2026-02-28T21:55:36.177+0000] {processor.py:183} INFO - Processing /home/airflow/.local/lib/python3.12/site-packages/airflow/example_dags/example_dag_decorator.py took 1.943 seconds
[2026-02-28T21:56:06.298+0000] {processor.py:161} INFO - Started process (PID=1839) to work on /home/airflow/.local/lib/python3.12/site-packages/airflow/example_dags/example_dag_decorator.py
[2026-02-28T21:56:06.300+0000] {processor.py:830} INFO - Processing file /home/airflow/.local/lib/python3.12/site-packages/airflow/example_dags/example_dag_decorator.py for tasks to queue
[2026-02-28T21:56:06.305+0000] {logging_mixin.py:188} INFO - [2026-02-28T21:56:06.305+0000] {dagbag.py:545} INFO - Filling up the DagBag from /home/airflow/.local/lib/python3.12/site-packages/airflow/example_dags/example_dag_decorator.py
[2026-02-28T21:56:06.505+0000] {processor.py:840} INFO - DAG(s) 'example_dag_decorator' retrieved from /home/airflow/.local/lib/python3.12/site-packages/airflow/example_dags/example_dag_decorator.py
[2026-02-28T21:56:07.603+0000] {logging_mixin.py:188} INFO - [2026-02-28T21:56:07.601+0000] {dag.py:3096} INFO - Sync 1 DAGs
[2026-02-28T21:56:07.614+0000] {logging_mixin.py:188} INFO - [2026-02-28T21:56:07.614+0000] {dag.py:3954} INFO - Setting next_dagrun for example_dag_decorator to None, run_after=None
[2026-02-28T21:56:07.653+0000] {processor.py:183} INFO - Processing /home/airflow/.local/lib/python3.12/site-packages/airflow/example_dags/example_dag_decorator.py took 1.373 seconds
[2026-02-28T21:56:38.320+0000] {processor.py:161} INFO - Started process (PID=1902) to work on /home/airflow/.local/lib/python3.12/site-packages/airflow/example_dags/example_dag_decorator.py
[2026-02-28T21:56:38.322+0000] {processor.py:830} INFO - Processing file /home/airflow/.local/lib/python3.12/site-packages/airflow/example_dags/example_dag_decorator.py for tasks to queue
[2026-02-28T21:56:38.327+0000] {logging_mixin.py:188} INFO - [2026-02-28T21:56:38.327+0000] {dagbag.py:545} INFO - Filling up the DagBag from /home/airflow/.local/lib/python3.12/site-packages/airflow/example_dags/example_dag_decorator.py
[2026-02-28T21:56:38.421+0000] {processor.py:840} INFO - DAG(s) 'example_dag_decorator' retrieved from /home/airflow/.local/lib/python3.12/site-packages/airflow/example_dags/example_dag_decorator.py
[2026-02-28T21:56:38.804+0000] {logging_mixin.py:188} INFO - [2026-02-28T21:56:38.803+0000] {dag.py:3096} INFO - Sync 1 DAGs
[2026-02-28T21:56:38.808+0000] {logging_mixin.py:188} INFO - [2026-02-28T21:56:38.808+0000] {dag.py:3954} INFO - Setting next_dagrun for example_dag_decorator to None, run_after=None
[2026-02-28T21:56:38.817+0000] {processor.py:183} INFO - Processing /home/airflow/.local/lib/python3.12/site-packages/airflow/example_dags/example_dag_decorator.py took 0.509 seconds
[2026-02-28T21:57:09.637+0000] {processor.py:161} INFO - Started process (PID=1961) to work on /home/airflow/.local/lib/python3.12/site-packages/airflow/example_dags/example_dag_decorator.py
[2026-02-28T21:57:09.639+0000] {processor.py:830} INFO - Processing file /home/airflow/.local/lib/python3.12/site-packages/airflow/example_dags/example_dag_decorator.py for tasks to queue
[2026-02-28T21:57:09.641+0000] {logging_mixin.py:188} INFO - [2026-02-28T21:57:09.641+0000] {dagbag.py:545} INFO - Filling up the DagBag from /home/airflow/.local/lib/python3.12/site-packages/airflow/example_dags/example_dag_decorator.py
[2026-02-28T21:57:09.818+0000] {processor.py:840} INFO - DAG(s) 'example_dag_decorator' retrieved from /home/airflow/.local/lib/python3.12/site-packages/airflow/example_dags/example_dag_decorator.py
[2026-02-28T21:57:10.284+0000] {logging_mixin.py:188} INFO - [2026-02-28T21:57:10.283+0000] {dag.py:3096} INFO - Sync 1 DAGs
[2026-02-28T21:57:10.290+0000] {logging_mixin.py:188} INFO - [2026-02-28T21:57:10.290+0000] {dag.py:3954} INFO - Setting next_dagrun for example_dag_decorator to None, run_after=None
[2026-02-28T21:57:10.299+0000] {processor.py:183} INFO - Processing /home/airflow/.local/lib/python3.12/site-packages/airflow/example_dags/example_dag_decorator.py took 0.669 seconds
[2026-02-28T21:57:41.257+0000] {processor.py:161} INFO - Started process (PID=2019) to work on /home/airflow/.local/lib/python3.12/site-packages/airflow/example_dags/example_dag_decorator.py
[2026-02-28T21:57:41.260+0000] {processor.py:830} INFO - Processing file /home/airflow/.local/lib/python3.12/site-packages/airflow/example_dags/example_dag_decorator.py for tasks to queue
[2026-02-28T21:57:41.264+0000] {logging_mixin.py:188} INFO - [2026-02-28T21:57:41.263+0000] {dagbag.py:545} INFO - Filling up the DagBag from /home/airflow/.local/lib/python3.12/site-packages/airflow/example_dags/example_dag_decorator.py
[2026-02-28T21:57:41.402+0000] {processor.py:840} INFO - DAG(s) 'example_dag_decorator' retrieved from /home/airflow/.local/lib/python3.12/site-packages/airflow/example_dags/example_dag_decorator.py
[2026-02-28T21:57:41.444+0000] {logging_mixin.py:188} INFO - [2026-02-28T21:57:41.444+0000] {dag.py:3096} INFO - Sync 1 DAGs
[2026-02-28T21:57:41.464+0000] {logging_mixin.py:188} INFO - [2026-02-28T21:57:41.464+0000] {dag.py:3954} INFO - Setting next_dagrun for example_dag_decorator to None, run_after=None
[2026-02-28T21:57:41.483+0000] {processor.py:183} INFO - Processing /home/airflow/.local/lib/python3.12/site-packages/airflow/example_dags/example_dag_decorator.py took 0.240 seconds
[2026-02-28T21:58:12.392+0000] {processor.py:161} INFO - Started process (PID=2077) to work on /home/airflow/.local/lib/python3.12/site-packages/airflow/example_dags/example_dag_decorator.py
[2026-02-28T21:58:12.393+0000] {processor.py:830} INFO - Processing file /home/airflow/.local/lib/python3.12/site-packages/airflow/example_dags/example_dag_decorator.py for tasks to queue
[2026-02-28T21:58:12.395+0000] {logging_mixin.py:188} INFO - [2026-02-28T21:58:12.395+0000] {dagbag.py:545} INFO - Filling up the DagBag from /home/airflow/.local/lib/python3.12/site-packages/airflow/example_dags/example_dag_decorator.py
[2026-02-28T21:58:12.505+0000] {processor.py:840} INFO - DAG(s) 'example_dag_decorator' retrieved from /home/airflow/.local/lib/python3.12/site-packages/airflow/example_dags/example_dag_decorator.py
[2026-02-28T21:58:12.534+0000] {logging_mixin.py:188} INFO - [2026-02-28T21:58:12.533+0000] {dag.py:3096} INFO - Sync 1 DAGs
[2026-02-28T21:58:12.551+0000] {logging_mixin.py:188} INFO - [2026-02-28T21:58:12.551+0000] {dag.py:3954} INFO - Setting next_dagrun for example_dag_decorator to None, run_after=None
[2026-02-28T21:58:12.568+0000] {processor.py:183} INFO - Processing /home/airflow/.local/lib/python3.12/site-packages/airflow/example_dags/example_dag_decorator.py took 0.185 seconds
[2026-02-28T21:58:43.352+0000] {processor.py:161} INFO - Started process (PID=2135) to work on /home/airflow/.local/lib/python3.12/site-packages/airflow/example_dags/example_dag_decorator.py
[2026-02-28T21:58:43.355+0000] {processor.py:830} INFO - Processing file /home/airflow/.local/lib/python3.12/site-packages/airflow/example_dags/example_dag_decorator.py for tasks to queue
[2026-02-28T21:58:43.367+0000] {logging_mixin.py:188} INFO - [2026-02-28T21:58:43.366+0000] {dagbag.py:545} INFO - Filling up the DagBag from /home/airflow/.local/lib/python3.12/site-packages/airflow/example_dags/example_dag_decorator.py
[2026-02-28T21:58:43.840+0000] {processor.py:840} INFO - DAG(s) 'example_dag_decorator' retrieved from /home/airflow/.local/lib/python3.12/site-packages/airflow/example_dags/example_dag_decorator.py
[2026-02-28T21:58:43.861+0000] {logging_mixin.py:188} INFO - [2026-02-28T21:58:43.860+0000] {dag.py:3096} INFO - Sync 1 DAGs
[2026-02-28T21:58:43.870+0000] {logging_mixin.py:188} INFO - [2026-02-28T21:58:43.870+0000] {dag.py:3954} INFO - Setting next_dagrun for example_dag_decorator to None, run_after=None
[2026-02-28T21:58:43.887+0000] {processor.py:183} INFO - Processing /home/airflow/.local/lib/python3.12/site-packages/airflow/example_dags/example_dag_decorator.py took 0.548 seconds
[2026-02-28T21:59:14.621+0000] {processor.py:161} INFO - Started process (PID=2193) to work on /home/airflow/.local/lib/python3.12/site-packages/airflow/example_dags/example_dag_decorator.py
[2026-02-28T21:59:14.626+0000] {processor.py:830} INFO - Processing file /home/airflow/.local/lib/python3.12/site-packages/airflow/example_dags/example_dag_decorator.py for tasks to queue
[2026-02-28T21:59:14.629+0000] {logging_mixin.py:188} INFO - [2026-02-28T21:59:14.629+0000] {dagbag.py:545} INFO - Filling up the DagBag from /home/airflow/.local/lib/python3.12/site-packages/airflow/example_dags/example_dag_decorator.py
[2026-02-28T21:59:15.046+0000] {processor.py:840} INFO - DAG(s) 'example_dag_decorator' retrieved from /home/airflow/.local/lib/python3.12/site-packages/airflow/example_dags/example_dag_decorator.py
[2026-02-28T21:59:15.136+0000] {logging_mixin.py:188} INFO - [2026-02-28T21:59:15.135+0000] {dag.py:3096} INFO - Sync 1 DAGs
[2026-02-28T21:59:15.142+0000] {logging_mixin.py:188} INFO - [2026-02-28T21:59:15.142+0000] {dag.py:3954} INFO - Setting next_dagrun for example_dag_decorator to None, run_after=None
[2026-02-28T21:59:15.151+0000] {processor.py:183} INFO - Processing /home/airflow/.local/lib/python3.12/site-packages/airflow/example_dags/example_dag_decorator.py took 0.537 seconds
[2026-02-28T21:59:45.574+0000] {processor.py:161} INFO - Started process (PID=2251) to work on /home/airflow/.local/lib/python3.12/site-packages/airflow/example_dags/example_dag_decorator.py
[2026-02-28T21:59:45.577+0000] {processor.py:830} INFO - Processing file /home/airflow/.local/lib/python3.12/site-packages/airflow/example_dags/example_dag_decorator.py for tasks to queue
[2026-02-28T21:59:45.579+0000] {logging_mixin.py:188} INFO - [2026-02-28T21:59:45.579+0000] {dagbag.py:545} INFO - Filling up the DagBag from /home/airflow/.local/lib/python3.12/site-packages/airflow/example_dags/example_dag_decorator.py
[2026-02-28T21:59:45.997+0000] {processor.py:840} INFO - DAG(s) 'example_dag_decorator' retrieved from /home/airflow/.local/lib/python3.12/site-packages/airflow/example_dags/example_dag_decorator.py
[2026-02-28T21:59:46.098+0000] {logging_mixin.py:188} INFO - [2026-02-28T21:59:46.097+0000] {dag.py:3096} INFO - Sync 1 DAGs
[2026-02-28T21:59:46.104+0000] {logging_mixin.py:188} INFO - [2026-02-28T21:59:46.104+0000] {dag.py:3954} INFO - Setting next_dagrun for example_dag_decorator to None, run_after=None
[2026-02-28T21:59:46.113+0000] {processor.py:183} INFO - Processing /home/airflow/.local/lib/python3.12/site-packages/airflow/example_dags/example_dag_decorator.py took 0.552 seconds
[2026-02-28T22:00:16.399+0000] {processor.py:161} INFO - Started process (PID=2309) to work on /home/airflow/.local/lib/python3.12/site-packages/airflow/example_dags/example_dag_decorator.py
[2026-02-28T22:00:16.401+0000] {processor.py:830} INFO - Processing file /home/airflow/.local/lib/python3.12/site-packages/airflow/example_dags/example_dag_decorator.py for tasks to queue
[2026-02-28T22:00:16.405+0000] {logging_mixin.py:188} INFO - [2026-02-28T22:00:16.404+0000] {dagbag.py:545} INFO - Filling up the DagBag from /home/airflow/.local/lib/python3.12/site-packages/airflow/example_dags/example_dag_decorator.py
[2026-02-28T22:00:16.794+0000] {processor.py:840} INFO - DAG(s) 'example_dag_decorator' retrieved from /home/airflow/.local/lib/python3.12/site-packages/airflow/example_dags/example_dag_decorator.py
[2026-02-28T22:00:16.816+0000] {logging_mixin.py:188} INFO - [2026-02-28T22:00:16.816+0000] {dag.py:3096} INFO - Sync 1 DAGs
[2026-02-28T22:00:16.825+0000] {logging_mixin.py:188} INFO - [2026-02-28T22:00:16.824+0000] {dag.py:3954} INFO - Setting next_dagrun for example_dag_decorator to None, run_after=None
[2026-02-28T22:00:16.834+0000] {processor.py:183} INFO - Processing /home/airflow/.local/lib/python3.12/site-packages/airflow/example_dags/example_dag_decorator.py took 0.452 seconds
[2026-02-28T22:00:47.563+0000] {processor.py:161} INFO - Started process (PID=2367) to work on /home/airflow/.local/lib/python3.12/site-packages/airflow/example_dags/example_dag_decorator.py
[2026-02-28T22:00:47.569+0000] {processor.py:830} INFO - Processing file /home/airflow/.local/lib/python3.12/site-packages/airflow/example_dags/example_dag_decorator.py for tasks to queue
[2026-02-28T22:00:47.575+0000] {logging_mixin.py:188} INFO - [2026-02-28T22:00:47.574+0000] {dagbag.py:545} INFO - Filling up the DagBag from /home/airflow/.local/lib/python3.12/site-packages/airflow/example_dags/example_dag_decorator.py
[2026-02-28T22:00:47.715+0000] {processor.py:840} INFO - DAG(s) 'example_dag_decorator' retrieved from /home/airflow/.local/lib/python3.12/site-packages/airflow/example_dags/example_dag_decorator.py
[2026-02-28T22:00:47.873+0000] {logging_mixin.py:188} INFO - [2026-02-28T22:00:47.872+0000] {dag.py:3096} INFO - Sync 1 DAGs
[2026-02-28T22:00:47.884+0000] {logging_mixin.py:188} INFO - [2026-02-28T22:00:47.884+0000] {dag.py:3954} INFO - Setting next_dagrun for example_dag_decorator to None, run_after=None
[2026-02-28T22:00:47.901+0000] {processor.py:183} INFO - Processing /home/airflow/.local/lib/python3.12/site-packages/airflow/example_dags/example_dag_decorator.py took 0.347 seconds
[2026-02-28T22:01:18.451+0000] {processor.py:161} INFO - Started process (PID=2426) to work on /home/airflow/.local/lib/python3.12/site-packages/airflow/example_dags/example_dag_decorator.py
[2026-02-28T22:01:18.453+0000] {processor.py:830} INFO - Processing file /home/airflow/.local/lib/python3.12/site-packages/airflow/example_dags/example_dag_decorator.py for tasks to queue
[2026-02-28T22:01:18.455+0000] {logging_mixin.py:188} INFO - [2026-02-28T22:01:18.455+0000] {dagbag.py:545} INFO - Filling up the DagBag from /home/airflow/.local/lib/python3.12/site-packages/airflow/example_dags/example_dag_decorator.py
[2026-02-28T22:01:18.540+0000] {processor.py:840} INFO - DAG(s) 'example_dag_decorator' retrieved from /home/airflow/.local/lib/python3.12/site-packages/airflow/example_dags/example_dag_decorator.py
[2026-02-28T22:01:18.628+0000] {logging_mixin.py:188} INFO - [2026-02-28T22:01:18.628+0000] {dag.py:3096} INFO - Sync 1 DAGs
[2026-02-28T22:01:18.634+0000] {logging_mixin.py:188} INFO - [2026-02-28T22:01:18.634+0000] {dag.py:3954} INFO - Setting next_dagrun for example_dag_decorator to None, run_after=None
[2026-02-28T22:01:18.643+0000] {processor.py:183} INFO - Processing /home/airflow/.local/lib/python3.12/site-packages/airflow/example_dags/example_dag_decorator.py took 0.198 seconds
[2026-02-28T22:01:48.682+0000] {processor.py:161} INFO - Started process (PID=2484) to work on /home/airflow/.local/lib/python3.12/site-packages/airflow/example_dags/example_dag_decorator.py
[2026-02-28T22:01:48.683+0000] {processor.py:830} INFO - Processing file /home/airflow/.local/lib/python3.12/site-packages/airflow/example_dags/example_dag_decorator.py for tasks to queue
[2026-02-28T22:01:48.685+0000] {logging_mixin.py:188} INFO - [2026-02-28T22:01:48.685+0000] {dagbag.py:545} INFO - Filling up the DagBag from /home/airflow/.local/lib/python3.12/site-packages/airflow/example_dags/example_dag_decorator.py
[2026-02-28T22:01:48.763+0000] {processor.py:840} INFO - DAG(s) 'example_dag_decorator' retrieved from /home/airflow/.local/lib/python3.12/site-packages/airflow/example_dags/example_dag_decorator.py
[2026-02-28T22:01:48.854+0000] {logging_mixin.py:188} INFO - [2026-02-28T22:01:48.854+0000] {dag.py:3096} INFO - Sync 1 DAGs
[2026-02-28T22:01:48.859+0000] {logging_mixin.py:188} INFO - [2026-02-28T22:01:48.859+0000] {dag.py:3954} INFO - Setting next_dagrun for example_dag_decorator to None, run_after=None
[2026-02-28T22:01:48.869+0000] {processor.py:183} INFO - Processing /home/airflow/.local/lib/python3.12/site-packages/airflow/example_dags/example_dag_decorator.py took 0.191 seconds
[2026-02-28T22:02:19.846+0000] {processor.py:161} INFO - Started process (PID=2546) to work on /home/airflow/.local/lib/python3.12/site-packages/airflow/example_dags/example_dag_decorator.py
[2026-02-28T22:02:19.847+0000] {processor.py:830} INFO - Processing file /home/airflow/.local/lib/python3.12/site-packages/airflow/example_dags/example_dag_decorator.py for tasks to queue
[2026-02-28T22:02:19.848+0000] {logging_mixin.py:188} INFO - [2026-02-28T22:02:19.848+0000] {dagbag.py:545} INFO - Filling up the DagBag from /home/airflow/.local/lib/python3.12/site-packages/airflow/example_dags/example_dag_decorator.py
[2026-02-28T22:02:19.981+0000] {processor.py:840} INFO - DAG(s) 'example_dag_decorator' retrieved from /home/airflow/.local/lib/python3.12/site-packages/airflow/example_dags/example_dag_decorator.py
[2026-02-28T22:02:20.076+0000] {logging_mixin.py:188} INFO - [2026-02-28T22:02:20.076+0000] {dag.py:3096} INFO - Sync 1 DAGs
[2026-02-28T22:02:20.083+0000] {logging_mixin.py:188} INFO - [2026-02-28T22:02:20.083+0000] {dag.py:3954} INFO - Setting next_dagrun for example_dag_decorator to None, run_after=None
[2026-02-28T22:02:20.095+0000] {processor.py:183} INFO - Processing /home/airflow/.local/lib/python3.12/site-packages/airflow/example_dags/example_dag_decorator.py took 0.252 seconds
[2026-02-28T22:02:50.315+0000] {processor.py:161} INFO - Started process (PID=2604) to work on /home/airflow/.local/lib/python3.12/site-packages/airflow/example_dags/example_dag_decorator.py
[2026-02-28T22:02:50.316+0000] {processor.py:830} INFO - Processing file /home/airflow/.local/lib/python3.12/site-packages/airflow/example_dags/example_dag_decorator.py for tasks to queue
[2026-02-28T22:02:50.318+0000] {logging_mixin.py:188} INFO - [2026-02-28T22:02:50.318+0000] {dagbag.py:545} INFO - Filling up the DagBag from /home/airflow/.local/lib/python3.12/site-packages/airflow/example_dags/example_dag_decorator.py
[2026-02-28T22:02:50.394+0000] {processor.py:840} INFO - DAG(s) 'example_dag_decorator' retrieved from /home/airflow/.local/lib/python3.12/site-packages/airflow/example_dags/example_dag_decorator.py
[2026-02-28T22:02:50.475+0000] {logging_mixin.py:188} INFO - [2026-02-28T22:02:50.475+0000] {dag.py:3096} INFO - Sync 1 DAGs
[2026-02-28T22:02:50.481+0000] {logging_mixin.py:188} INFO - [2026-02-28T22:02:50.481+0000] {dag.py:3954} INFO - Setting next_dagrun for example_dag_decorator to None, run_after=None
[2026-02-28T22:02:50.494+0000] {processor.py:183} INFO - Processing /home/airflow/.local/lib/python3.12/site-packages/airflow/example_dags/example_dag_decorator.py took 0.182 seconds
[2026-02-28T22:03:21.368+0000] {processor.py:161} INFO - Started process (PID=2661) to work on /home/airflow/.local/lib/python3.12/site-packages/airflow/example_dags/example_dag_decorator.py
[2026-02-28T22:03:21.370+0000] {processor.py:830} INFO - Processing file /home/airflow/.local/lib/python3.12/site-packages/airflow/example_dags/example_dag_decorator.py for tasks to queue
[2026-02-28T22:03:21.371+0000] {logging_mixin.py:188} INFO - [2026-02-28T22:03:21.371+0000] {dagbag.py:545} INFO - Filling up the DagBag from /home/airflow/.local/lib/python3.12/site-packages/airflow/example_dags/example_dag_decorator.py
[2026-02-28T22:03:21.464+0000] {processor.py:840} INFO - DAG(s) 'example_dag_decorator' retrieved from /home/airflow/.local/lib/python3.12/site-packages/airflow/example_dags/example_dag_decorator.py
[2026-02-28T22:03:21.544+0000] {logging_mixin.py:188} INFO - [2026-02-28T22:03:21.543+0000] {dag.py:3096} INFO - Sync 1 DAGs
[2026-02-28T22:03:21.549+0000] {logging_mixin.py:188} INFO - [2026-02-28T22:03:21.548+0000] {dag.py:3954} INFO - Setting next_dagrun for example_dag_decorator to None, run_after=None
[2026-02-28T22:03:21.558+0000] {processor.py:183} INFO - Processing /home/airflow/.local/lib/python3.12/site-packages/airflow/example_dags/example_dag_decorator.py took 0.194 seconds
[2026-02-28T22:03:52.523+0000] {processor.py:161} INFO - Started process (PID=2719) to work on /home/airflow/.local/lib/python3.12/site-packages/airflow/example_dags/example_dag_decorator.py
[2026-02-28T22:03:52.525+0000] {processor.py:830} INFO - Processing file /home/airflow/.local/lib/python3.12/site-packages/airflow/example_dags/example_dag_decorator.py for tasks to queue
[2026-02-28T22:03:52.527+0000] {logging_mixin.py:188} INFO - [2026-02-28T22:03:52.527+0000] {dagbag.py:545} INFO - Filling up the DagBag from /home/airflow/.local/lib/python3.12/site-packages/airflow/example_dags/example_dag_decorator.py
[2026-02-28T22:03:52.645+0000] {processor.py:840} INFO - DAG(s) 'example_dag_decorator' retrieved from /home/airflow/.local/lib/python3.12/site-packages/airflow/example_dags/example_dag_decorator.py
[2026-02-28T22:03:52.664+0000] {logging_mixin.py:188} INFO - [2026-02-28T22:03:52.663+0000] {dag.py:3096} INFO - Sync 1 DAGs
[2026-02-28T22:03:52.671+0000] {logging_mixin.py:188} INFO - [2026-02-28T22:03:52.671+0000] {dag.py:3954} INFO - Setting next_dagrun for example_dag_decorator to None, run_after=None
[2026-02-28T22:03:52.680+0000] {processor.py:183} INFO - Processing /home/airflow/.local/lib/python3.12/site-packages/airflow/example_dags/example_dag_decorator.py took 0.165 seconds
[2026-02-28T22:04:23.445+0000] {processor.py:161} INFO - Started process (PID=2777) to work on /home/airflow/.local/lib/python3.12/site-packages/airflow/example_dags/example_dag_decorator.py
[2026-02-28T22:04:23.448+0000] {processor.py:830} INFO - Processing file /home/airflow/.local/lib/python3.12/site-packages/airflow/example_dags/example_dag_decorator.py for tasks to queue
[2026-02-28T22:04:23.452+0000] {logging_mixin.py:188} INFO - [2026-02-28T22:04:23.452+0000] {dagbag.py:545} INFO - Filling up the DagBag from /home/airflow/.local/lib/python3.12/site-packages/airflow/example_dags/example_dag_decorator.py
[2026-02-28T22:04:23.593+0000] {processor.py:840} INFO - DAG(s) 'example_dag_decorator' retrieved from /home/airflow/.local/lib/python3.12/site-packages/airflow/example_dags/example_dag_decorator.py
[2026-02-28T22:04:23.660+0000] {logging_mixin.py:188} INFO - [2026-02-28T22:04:23.659+0000] {dag.py:3096} INFO - Sync 1 DAGs
[2026-02-28T22:04:23.680+0000] {logging_mixin.py:188} INFO - [2026-02-28T22:04:23.680+0000] {dag.py:3954} INFO - Setting next_dagrun for example_dag_decorator to None, run_after=None
[2026-02-28T22:04:23.700+0000] {processor.py:183} INFO - Processing /home/airflow/.local/lib/python3.12/site-packages/airflow/example_dags/example_dag_decorator.py took 0.272 seconds
