[2026-02-28T21:40:00.668+0000] {processor.py:161} INFO - Started process (PID=61) to work on /home/airflow/.local/lib/python3.12/site-packages/airflow/example_dags/example_branch_labels.py
[2026-02-28T21:40:00.674+0000] {processor.py:830} INFO - Processing file /home/airflow/.local/lib/python3.12/site-packages/airflow/example_dags/example_branch_labels.py for tasks to queue
[2026-02-28T21:40:00.681+0000] {logging_mixin.py:188} INFO - [2026-02-28T21:40:00.680+0000] {dagbag.py:545} INFO - Filling up the DagBag from /home/airflow/.local/lib/python3.12/site-packages/airflow/example_dags/example_branch_labels.py
[2026-02-28T21:40:00.733+0000] {processor.py:840} INFO - DAG(s) 'example_branch_labels' retrieved from /home/airflow/.local/lib/python3.12/site-packages/airflow/example_dags/example_branch_labels.py
[2026-02-28T21:40:00.799+0000] {logging_mixin.py:188} INFO - [2026-02-28T21:40:00.798+0000] {dag.py:3096} INFO - Sync 1 DAGs
[2026-02-28T21:40:00.916+0000] {logging_mixin.py:188} INFO - [2026-02-28T21:40:00.915+0000] {dag.py:3954} INFO - Setting next_dagrun for example_branch_labels to 2026-02-27 00:00:00+00:00, run_after=2026-02-28 00:00:00+00:00
[2026-02-28T21:40:00.965+0000] {processor.py:183} INFO - Processing /home/airflow/.local/lib/python3.12/site-packages/airflow/example_dags/example_branch_labels.py took 0.330 seconds
[2026-02-28T21:40:31.844+0000] {processor.py:161} INFO - Started process (PID=119) to work on /home/airflow/.local/lib/python3.12/site-packages/airflow/example_dags/example_branch_labels.py
[2026-02-28T21:40:31.846+0000] {processor.py:830} INFO - Processing file /home/airflow/.local/lib/python3.12/site-packages/airflow/example_dags/example_branch_labels.py for tasks to queue
[2026-02-28T21:40:31.851+0000] {logging_mixin.py:188} INFO - [2026-02-28T21:40:31.850+0000] {dagbag.py:545} INFO - Filling up the DagBag from /home/airflow/.local/lib/python3.12/site-packages/airflow/example_dags/example_branch_labels.py
[2026-02-28T21:40:31.863+0000] {processor.py:840} INFO - DAG(s) 'example_branch_labels' retrieved from /home/airflow/.local/lib/python3.12/site-packages/airflow/example_dags/example_branch_labels.py
[2026-02-28T21:40:32.000+0000] {logging_mixin.py:188} INFO - [2026-02-28T21:40:31.999+0000] {dag.py:3096} INFO - Sync 1 DAGs
[2026-02-28T21:40:32.021+0000] {logging_mixin.py:188} INFO - [2026-02-28T21:40:32.020+0000] {dag.py:3954} INFO - Setting next_dagrun for example_branch_labels to 2026-02-27 00:00:00+00:00, run_after=2026-02-28 00:00:00+00:00
[2026-02-28T21:40:32.042+0000] {processor.py:183} INFO - Processing /home/airflow/.local/lib/python3.12/site-packages/airflow/example_dags/example_branch_labels.py took 0.203 seconds
[2026-02-28T21:41:02.086+0000] {processor.py:161} INFO - Started process (PID=177) to work on /home/airflow/.local/lib/python3.12/site-packages/airflow/example_dags/example_branch_labels.py
[2026-02-28T21:41:02.089+0000] {processor.py:830} INFO - Processing file /home/airflow/.local/lib/python3.12/site-packages/airflow/example_dags/example_branch_labels.py for tasks to queue
[2026-02-28T21:41:02.097+0000] {logging_mixin.py:188} INFO - [2026-02-28T21:41:02.096+0000] {dagbag.py:545} INFO - Filling up the DagBag from /home/airflow/.local/lib/python3.12/site-packages/airflow/example_dags/example_branch_labels.py
[2026-02-28T21:41:02.109+0000] {processor.py:840} INFO - DAG(s) 'example_branch_labels' retrieved from /home/airflow/.local/lib/python3.12/site-packages/airflow/example_dags/example_branch_labels.py
[2026-02-28T21:41:02.132+0000] {logging_mixin.py:188} INFO - [2026-02-28T21:41:02.132+0000] {dag.py:3096} INFO - Sync 1 DAGs
[2026-02-28T21:41:02.151+0000] {logging_mixin.py:188} INFO - [2026-02-28T21:41:02.150+0000] {dag.py:3954} INFO - Setting next_dagrun for example_branch_labels to 2026-02-27 00:00:00+00:00, run_after=2026-02-28 00:00:00+00:00
[2026-02-28T21:41:02.168+0000] {processor.py:183} INFO - Processing /home/airflow/.local/lib/python3.12/site-packages/airflow/example_dags/example_branch_labels.py took 0.091 seconds
[2026-02-28T21:41:32.961+0000] {processor.py:161} INFO - Started process (PID=235) to work on /home/airflow/.local/lib/python3.12/site-packages/airflow/example_dags/example_branch_labels.py
[2026-02-28T21:41:32.963+0000] {processor.py:830} INFO - Processing file /home/airflow/.local/lib/python3.12/site-packages/airflow/example_dags/example_branch_labels.py for tasks to queue
[2026-02-28T21:41:32.968+0000] {logging_mixin.py:188} INFO - [2026-02-28T21:41:32.968+0000] {dagbag.py:545} INFO - Filling up the DagBag from /home/airflow/.local/lib/python3.12/site-packages/airflow/example_dags/example_branch_labels.py
[2026-02-28T21:41:32.976+0000] {processor.py:840} INFO - DAG(s) 'example_branch_labels' retrieved from /home/airflow/.local/lib/python3.12/site-packages/airflow/example_dags/example_branch_labels.py
[2026-02-28T21:41:32.993+0000] {logging_mixin.py:188} INFO - [2026-02-28T21:41:32.993+0000] {dag.py:3096} INFO - Sync 1 DAGs
[2026-02-28T21:41:33.009+0000] {logging_mixin.py:188} INFO - [2026-02-28T21:41:33.009+0000] {dag.py:3954} INFO - Setting next_dagrun for example_branch_labels to 2026-02-27 00:00:00+00:00, run_after=2026-02-28 00:00:00+00:00
[2026-02-28T21:41:33.022+0000] {processor.py:183} INFO - Processing /home/airflow/.local/lib/python3.12/site-packages/airflow/example_dags/example_branch_labels.py took 0.067 seconds
[2026-02-28T21:42:03.338+0000] {processor.py:161} INFO - Started process (PID=293) to work on /home/airflow/.local/lib/python3.12/site-packages/airflow/example_dags/example_branch_labels.py
[2026-02-28T21:42:03.344+0000] {processor.py:830} INFO - Processing file /home/airflow/.local/lib/python3.12/site-packages/airflow/example_dags/example_branch_labels.py for tasks to queue
[2026-02-28T21:42:03.345+0000] {logging_mixin.py:188} INFO - [2026-02-28T21:42:03.345+0000] {dagbag.py:545} INFO - Filling up the DagBag from /home/airflow/.local/lib/python3.12/site-packages/airflow/example_dags/example_branch_labels.py
[2026-02-28T21:42:03.353+0000] {processor.py:840} INFO - DAG(s) 'example_branch_labels' retrieved from /home/airflow/.local/lib/python3.12/site-packages/airflow/example_dags/example_branch_labels.py
[2026-02-28T21:42:03.374+0000] {logging_mixin.py:188} INFO - [2026-02-28T21:42:03.374+0000] {dag.py:3096} INFO - Sync 1 DAGs
[2026-02-28T21:42:03.394+0000] {logging_mixin.py:188} INFO - [2026-02-28T21:42:03.393+0000] {dag.py:3954} INFO - Setting next_dagrun for example_branch_labels to 2026-02-27 00:00:00+00:00, run_after=2026-02-28 00:00:00+00:00
[2026-02-28T21:42:03.405+0000] {processor.py:183} INFO - Processing /home/airflow/.local/lib/python3.12/site-packages/airflow/example_dags/example_branch_labels.py took 0.073 seconds
[2026-02-28T21:42:33.751+0000] {processor.py:161} INFO - Started process (PID=352) to work on /home/airflow/.local/lib/python3.12/site-packages/airflow/example_dags/example_branch_labels.py
[2026-02-28T21:42:33.752+0000] {processor.py:830} INFO - Processing file /home/airflow/.local/lib/python3.12/site-packages/airflow/example_dags/example_branch_labels.py for tasks to queue
[2026-02-28T21:42:33.754+0000] {logging_mixin.py:188} INFO - [2026-02-28T21:42:33.753+0000] {dagbag.py:545} INFO - Filling up the DagBag from /home/airflow/.local/lib/python3.12/site-packages/airflow/example_dags/example_branch_labels.py
[2026-02-28T21:42:33.763+0000] {processor.py:840} INFO - DAG(s) 'example_branch_labels' retrieved from /home/airflow/.local/lib/python3.12/site-packages/airflow/example_dags/example_branch_labels.py
[2026-02-28T21:42:33.786+0000] {logging_mixin.py:188} INFO - [2026-02-28T21:42:33.786+0000] {dag.py:3096} INFO - Sync 1 DAGs
[2026-02-28T21:42:33.802+0000] {logging_mixin.py:188} INFO - [2026-02-28T21:42:33.802+0000] {dag.py:3954} INFO - Setting next_dagrun for example_branch_labels to 2026-02-27 00:00:00+00:00, run_after=2026-02-28 00:00:00+00:00
[2026-02-28T21:42:33.815+0000] {processor.py:183} INFO - Processing /home/airflow/.local/lib/python3.12/site-packages/airflow/example_dags/example_branch_labels.py took 0.071 seconds
[2026-02-28T21:43:04.391+0000] {processor.py:161} INFO - Started process (PID=410) to work on /home/airflow/.local/lib/python3.12/site-packages/airflow/example_dags/example_branch_labels.py
[2026-02-28T21:43:04.393+0000] {processor.py:830} INFO - Processing file /home/airflow/.local/lib/python3.12/site-packages/airflow/example_dags/example_branch_labels.py for tasks to queue
[2026-02-28T21:43:04.396+0000] {logging_mixin.py:188} INFO - [2026-02-28T21:43:04.396+0000] {dagbag.py:545} INFO - Filling up the DagBag from /home/airflow/.local/lib/python3.12/site-packages/airflow/example_dags/example_branch_labels.py
[2026-02-28T21:43:04.411+0000] {processor.py:840} INFO - DAG(s) 'example_branch_labels' retrieved from /home/airflow/.local/lib/python3.12/site-packages/airflow/example_dags/example_branch_labels.py
[2026-02-28T21:43:04.435+0000] {logging_mixin.py:188} INFO - [2026-02-28T21:43:04.435+0000] {dag.py:3096} INFO - Sync 1 DAGs
[2026-02-28T21:43:04.450+0000] {logging_mixin.py:188} INFO - [2026-02-28T21:43:04.450+0000] {dag.py:3954} INFO - Setting next_dagrun for example_branch_labels to 2026-02-27 00:00:00+00:00, run_after=2026-02-28 00:00:00+00:00
[2026-02-28T21:43:04.462+0000] {processor.py:183} INFO - Processing /home/airflow/.local/lib/python3.12/site-packages/airflow/example_dags/example_branch_labels.py took 0.079 seconds
[2026-02-28T21:43:34.650+0000] {processor.py:161} INFO - Started process (PID=468) to work on /home/airflow/.local/lib/python3.12/site-packages/airflow/example_dags/example_branch_labels.py
[2026-02-28T21:43:34.654+0000] {processor.py:830} INFO - Processing file /home/airflow/.local/lib/python3.12/site-packages/airflow/example_dags/example_branch_labels.py for tasks to queue
[2026-02-28T21:43:34.660+0000] {logging_mixin.py:188} INFO - [2026-02-28T21:43:34.659+0000] {dagbag.py:545} INFO - Filling up the DagBag from /home/airflow/.local/lib/python3.12/site-packages/airflow/example_dags/example_branch_labels.py
[2026-02-28T21:43:34.669+0000] {processor.py:840} INFO - DAG(s) 'example_branch_labels' retrieved from /home/airflow/.local/lib/python3.12/site-packages/airflow/example_dags/example_branch_labels.py
[2026-02-28T21:43:34.695+0000] {logging_mixin.py:188} INFO - [2026-02-28T21:43:34.695+0000] {dag.py:3096} INFO - Sync 1 DAGs
[2026-02-28T21:43:34.714+0000] {logging_mixin.py:188} INFO - [2026-02-28T21:43:34.714+0000] {dag.py:3954} INFO - Setting next_dagrun for example_branch_labels to 2026-02-27 00:00:00+00:00, run_after=2026-02-28 00:00:00+00:00
[2026-02-28T21:43:34.727+0000] {processor.py:183} INFO - Processing /home/airflow/.local/lib/python3.12/site-packages/airflow/example_dags/example_branch_labels.py took 0.085 seconds
[2026-02-28T21:44:28.635+0000] {processor.py:161} INFO - Started process (PID=526) to work on /home/airflow/.local/lib/python3.12/site-packages/airflow/example_dags/example_branch_labels.py
[2026-02-28T21:44:28.636+0000] {processor.py:830} INFO - Processing file /home/airflow/.local/lib/python3.12/site-packages/airflow/example_dags/example_branch_labels.py for tasks to queue
[2026-02-28T21:44:28.637+0000] {logging_mixin.py:188} INFO - [2026-02-28T21:44:28.637+0000] {dagbag.py:545} INFO - Filling up the DagBag from /home/airflow/.local/lib/python3.12/site-packages/airflow/example_dags/example_branch_labels.py
[2026-02-28T21:44:28.646+0000] {processor.py:840} INFO - DAG(s) 'example_branch_labels' retrieved from /home/airflow/.local/lib/python3.12/site-packages/airflow/example_dags/example_branch_labels.py
[2026-02-28T21:44:28.674+0000] {logging_mixin.py:188} INFO - [2026-02-28T21:44:28.673+0000] {dag.py:3096} INFO - Sync 1 DAGs
[2026-02-28T21:44:28.707+0000] {logging_mixin.py:188} INFO - [2026-02-28T21:44:28.707+0000] {dag.py:3954} INFO - Setting next_dagrun for example_branch_labels to 2026-02-27 00:00:00+00:00, run_after=2026-02-28 00:00:00+00:00
[2026-02-28T21:44:28.725+0000] {processor.py:183} INFO - Processing /home/airflow/.local/lib/python3.12/site-packages/airflow/example_dags/example_branch_labels.py took 0.094 seconds
[2026-02-28T21:44:59.254+0000] {processor.py:161} INFO - Started process (PID=584) to work on /home/airflow/.local/lib/python3.12/site-packages/airflow/example_dags/example_branch_labels.py
[2026-02-28T21:44:59.255+0000] {processor.py:830} INFO - Processing file /home/airflow/.local/lib/python3.12/site-packages/airflow/example_dags/example_branch_labels.py for tasks to queue
[2026-02-28T21:44:59.256+0000] {logging_mixin.py:188} INFO - [2026-02-28T21:44:59.256+0000] {dagbag.py:545} INFO - Filling up the DagBag from /home/airflow/.local/lib/python3.12/site-packages/airflow/example_dags/example_branch_labels.py
[2026-02-28T21:44:59.260+0000] {processor.py:840} INFO - DAG(s) 'example_branch_labels' retrieved from /home/airflow/.local/lib/python3.12/site-packages/airflow/example_dags/example_branch_labels.py
[2026-02-28T21:44:59.273+0000] {logging_mixin.py:188} INFO - [2026-02-28T21:44:59.273+0000] {dag.py:3096} INFO - Sync 1 DAGs
[2026-02-28T21:44:59.287+0000] {logging_mixin.py:188} INFO - [2026-02-28T21:44:59.286+0000] {dag.py:3954} INFO - Setting next_dagrun for example_branch_labels to 2026-02-27 00:00:00+00:00, run_after=2026-02-28 00:00:00+00:00
[2026-02-28T21:44:59.300+0000] {processor.py:183} INFO - Processing /home/airflow/.local/lib/python3.12/site-packages/airflow/example_dags/example_branch_labels.py took 0.050 seconds
[2026-02-28T21:45:29.617+0000] {processor.py:161} INFO - Started process (PID=642) to work on /home/airflow/.local/lib/python3.12/site-packages/airflow/example_dags/example_branch_labels.py
[2026-02-28T21:45:29.620+0000] {processor.py:830} INFO - Processing file /home/airflow/.local/lib/python3.12/site-packages/airflow/example_dags/example_branch_labels.py for tasks to queue
[2026-02-28T21:45:29.622+0000] {logging_mixin.py:188} INFO - [2026-02-28T21:45:29.621+0000] {dagbag.py:545} INFO - Filling up the DagBag from /home/airflow/.local/lib/python3.12/site-packages/airflow/example_dags/example_branch_labels.py
[2026-02-28T21:45:29.628+0000] {processor.py:840} INFO - DAG(s) 'example_branch_labels' retrieved from /home/airflow/.local/lib/python3.12/site-packages/airflow/example_dags/example_branch_labels.py
[2026-02-28T21:45:29.647+0000] {logging_mixin.py:188} INFO - [2026-02-28T21:45:29.647+0000] {dag.py:3096} INFO - Sync 1 DAGs
[2026-02-28T21:45:29.664+0000] {logging_mixin.py:188} INFO - [2026-02-28T21:45:29.664+0000] {dag.py:3954} INFO - Setting next_dagrun for example_branch_labels to 2026-02-27 00:00:00+00:00, run_after=2026-02-28 00:00:00+00:00
[2026-02-28T21:45:29.694+0000] {processor.py:183} INFO - Processing /home/airflow/.local/lib/python3.12/site-packages/airflow/example_dags/example_branch_labels.py took 0.081 seconds
[2026-02-28T21:45:59.916+0000] {processor.py:161} INFO - Started process (PID=700) to work on /home/airflow/.local/lib/python3.12/site-packages/airflow/example_dags/example_branch_labels.py
[2026-02-28T21:45:59.919+0000] {processor.py:830} INFO - Processing file /home/airflow/.local/lib/python3.12/site-packages/airflow/example_dags/example_branch_labels.py for tasks to queue
[2026-02-28T21:45:59.920+0000] {logging_mixin.py:188} INFO - [2026-02-28T21:45:59.920+0000] {dagbag.py:545} INFO - Filling up the DagBag from /home/airflow/.local/lib/python3.12/site-packages/airflow/example_dags/example_branch_labels.py
[2026-02-28T21:45:59.925+0000] {processor.py:840} INFO - DAG(s) 'example_branch_labels' retrieved from /home/airflow/.local/lib/python3.12/site-packages/airflow/example_dags/example_branch_labels.py
[2026-02-28T21:45:59.937+0000] {logging_mixin.py:188} INFO - [2026-02-28T21:45:59.937+0000] {dag.py:3096} INFO - Sync 1 DAGs
[2026-02-28T21:45:59.954+0000] {logging_mixin.py:188} INFO - [2026-02-28T21:45:59.954+0000] {dag.py:3954} INFO - Setting next_dagrun for example_branch_labels to 2026-02-27 00:00:00+00:00, run_after=2026-02-28 00:00:00+00:00
[2026-02-28T21:45:59.973+0000] {processor.py:183} INFO - Processing /home/airflow/.local/lib/python3.12/site-packages/airflow/example_dags/example_branch_labels.py took 0.060 seconds
[2026-02-28T21:46:30.945+0000] {processor.py:161} INFO - Started process (PID=758) to work on /home/airflow/.local/lib/python3.12/site-packages/airflow/example_dags/example_branch_labels.py
[2026-02-28T21:46:30.946+0000] {processor.py:830} INFO - Processing file /home/airflow/.local/lib/python3.12/site-packages/airflow/example_dags/example_branch_labels.py for tasks to queue
[2026-02-28T21:46:30.948+0000] {logging_mixin.py:188} INFO - [2026-02-28T21:46:30.947+0000] {dagbag.py:545} INFO - Filling up the DagBag from /home/airflow/.local/lib/python3.12/site-packages/airflow/example_dags/example_branch_labels.py
[2026-02-28T21:46:30.954+0000] {processor.py:840} INFO - DAG(s) 'example_branch_labels' retrieved from /home/airflow/.local/lib/python3.12/site-packages/airflow/example_dags/example_branch_labels.py
[2026-02-28T21:46:30.967+0000] {logging_mixin.py:188} INFO - [2026-02-28T21:46:30.967+0000] {dag.py:3096} INFO - Sync 1 DAGs
[2026-02-28T21:46:30.982+0000] {logging_mixin.py:188} INFO - [2026-02-28T21:46:30.981+0000] {dag.py:3954} INFO - Setting next_dagrun for example_branch_labels to 2026-02-27 00:00:00+00:00, run_after=2026-02-28 00:00:00+00:00
[2026-02-28T21:46:31.000+0000] {processor.py:183} INFO - Processing /home/airflow/.local/lib/python3.12/site-packages/airflow/example_dags/example_branch_labels.py took 0.059 seconds
[2026-02-28T21:47:01.922+0000] {processor.py:161} INFO - Started process (PID=816) to work on /home/airflow/.local/lib/python3.12/site-packages/airflow/example_dags/example_branch_labels.py
[2026-02-28T21:47:01.922+0000] {processor.py:830} INFO - Processing file /home/airflow/.local/lib/python3.12/site-packages/airflow/example_dags/example_branch_labels.py for tasks to queue
[2026-02-28T21:47:01.924+0000] {logging_mixin.py:188} INFO - [2026-02-28T21:47:01.923+0000] {dagbag.py:545} INFO - Filling up the DagBag from /home/airflow/.local/lib/python3.12/site-packages/airflow/example_dags/example_branch_labels.py
[2026-02-28T21:47:01.929+0000] {processor.py:840} INFO - DAG(s) 'example_branch_labels' retrieved from /home/airflow/.local/lib/python3.12/site-packages/airflow/example_dags/example_branch_labels.py
[2026-02-28T21:47:01.946+0000] {logging_mixin.py:188} INFO - [2026-02-28T21:47:01.946+0000] {dag.py:3096} INFO - Sync 1 DAGs
[2026-02-28T21:47:01.958+0000] {logging_mixin.py:188} INFO - [2026-02-28T21:47:01.958+0000] {dag.py:3954} INFO - Setting next_dagrun for example_branch_labels to 2026-02-27 00:00:00+00:00, run_after=2026-02-28 00:00:00+00:00
[2026-02-28T21:47:01.972+0000] {processor.py:183} INFO - Processing /home/airflow/.local/lib/python3.12/site-packages/airflow/example_dags/example_branch_labels.py took 0.054 seconds
[2026-02-28T21:47:32.769+0000] {processor.py:161} INFO - Started process (PID=874) to work on /home/airflow/.local/lib/python3.12/site-packages/airflow/example_dags/example_branch_labels.py
[2026-02-28T21:47:32.770+0000] {processor.py:830} INFO - Processing file /home/airflow/.local/lib/python3.12/site-packages/airflow/example_dags/example_branch_labels.py for tasks to queue
[2026-02-28T21:47:32.771+0000] {logging_mixin.py:188} INFO - [2026-02-28T21:47:32.771+0000] {dagbag.py:545} INFO - Filling up the DagBag from /home/airflow/.local/lib/python3.12/site-packages/airflow/example_dags/example_branch_labels.py
[2026-02-28T21:47:32.775+0000] {processor.py:840} INFO - DAG(s) 'example_branch_labels' retrieved from /home/airflow/.local/lib/python3.12/site-packages/airflow/example_dags/example_branch_labels.py
[2026-02-28T21:47:32.787+0000] {logging_mixin.py:188} INFO - [2026-02-28T21:47:32.787+0000] {dag.py:3096} INFO - Sync 1 DAGs
[2026-02-28T21:47:32.799+0000] {logging_mixin.py:188} INFO - [2026-02-28T21:47:32.799+0000] {dag.py:3954} INFO - Setting next_dagrun for example_branch_labels to 2026-02-27 00:00:00+00:00, run_after=2026-02-28 00:00:00+00:00
[2026-02-28T21:47:32.809+0000] {processor.py:183} INFO - Processing /home/airflow/.local/lib/python3.12/site-packages/airflow/example_dags/example_branch_labels.py took 0.043 seconds
[2026-02-28T21:48:03.186+0000] {processor.py:161} INFO - Started process (PID=932) to work on /home/airflow/.local/lib/python3.12/site-packages/airflow/example_dags/example_branch_labels.py
[2026-02-28T21:48:03.187+0000] {processor.py:830} INFO - Processing file /home/airflow/.local/lib/python3.12/site-packages/airflow/example_dags/example_branch_labels.py for tasks to queue
[2026-02-28T21:48:03.188+0000] {logging_mixin.py:188} INFO - [2026-02-28T21:48:03.188+0000] {dagbag.py:545} INFO - Filling up the DagBag from /home/airflow/.local/lib/python3.12/site-packages/airflow/example_dags/example_branch_labels.py
[2026-02-28T21:48:03.193+0000] {processor.py:840} INFO - DAG(s) 'example_branch_labels' retrieved from /home/airflow/.local/lib/python3.12/site-packages/airflow/example_dags/example_branch_labels.py
[2026-02-28T21:48:03.209+0000] {logging_mixin.py:188} INFO - [2026-02-28T21:48:03.209+0000] {dag.py:3096} INFO - Sync 1 DAGs
[2026-02-28T21:48:03.223+0000] {logging_mixin.py:188} INFO - [2026-02-28T21:48:03.223+0000] {dag.py:3954} INFO - Setting next_dagrun for example_branch_labels to 2026-02-27 00:00:00+00:00, run_after=2026-02-28 00:00:00+00:00
[2026-02-28T21:48:03.234+0000] {processor.py:183} INFO - Processing /home/airflow/.local/lib/python3.12/site-packages/airflow/example_dags/example_branch_labels.py took 0.052 seconds
[2026-02-28T21:48:33.445+0000] {processor.py:161} INFO - Started process (PID=988) to work on /home/airflow/.local/lib/python3.12/site-packages/airflow/example_dags/example_branch_labels.py
[2026-02-28T21:48:33.448+0000] {processor.py:830} INFO - Processing file /home/airflow/.local/lib/python3.12/site-packages/airflow/example_dags/example_branch_labels.py for tasks to queue
[2026-02-28T21:48:33.455+0000] {logging_mixin.py:188} INFO - [2026-02-28T21:48:33.454+0000] {dagbag.py:545} INFO - Filling up the DagBag from /home/airflow/.local/lib/python3.12/site-packages/airflow/example_dags/example_branch_labels.py
[2026-02-28T21:48:33.471+0000] {processor.py:840} INFO - DAG(s) 'example_branch_labels' retrieved from /home/airflow/.local/lib/python3.12/site-packages/airflow/example_dags/example_branch_labels.py
[2026-02-28T21:48:33.503+0000] {logging_mixin.py:188} INFO - [2026-02-28T21:48:33.503+0000] {dag.py:3096} INFO - Sync 1 DAGs
[2026-02-28T21:48:33.526+0000] {logging_mixin.py:188} INFO - [2026-02-28T21:48:33.526+0000] {dag.py:3954} INFO - Setting next_dagrun for example_branch_labels to 2026-02-27 00:00:00+00:00, run_after=2026-02-28 00:00:00+00:00
[2026-02-28T21:48:33.544+0000] {processor.py:183} INFO - Processing /home/airflow/.local/lib/python3.12/site-packages/airflow/example_dags/example_branch_labels.py took 0.109 seconds
[2026-02-28T21:49:03.894+0000] {processor.py:161} INFO - Started process (PID=1046) to work on /home/airflow/.local/lib/python3.12/site-packages/airflow/example_dags/example_branch_labels.py
[2026-02-28T21:49:03.895+0000] {processor.py:830} INFO - Processing file /home/airflow/.local/lib/python3.12/site-packages/airflow/example_dags/example_branch_labels.py for tasks to queue
[2026-02-28T21:49:03.897+0000] {logging_mixin.py:188} INFO - [2026-02-28T21:49:03.897+0000] {dagbag.py:545} INFO - Filling up the DagBag from /home/airflow/.local/lib/python3.12/site-packages/airflow/example_dags/example_branch_labels.py
[2026-02-28T21:49:03.902+0000] {processor.py:840} INFO - DAG(s) 'example_branch_labels' retrieved from /home/airflow/.local/lib/python3.12/site-packages/airflow/example_dags/example_branch_labels.py
[2026-02-28T21:49:03.915+0000] {logging_mixin.py:188} INFO - [2026-02-28T21:49:03.915+0000] {dag.py:3096} INFO - Sync 1 DAGs
[2026-02-28T21:49:03.932+0000] {logging_mixin.py:188} INFO - [2026-02-28T21:49:03.932+0000] {dag.py:3954} INFO - Setting next_dagrun for example_branch_labels to 2026-02-27 00:00:00+00:00, run_after=2026-02-28 00:00:00+00:00
[2026-02-28T21:49:03.949+0000] {processor.py:183} INFO - Processing /home/airflow/.local/lib/python3.12/site-packages/airflow/example_dags/example_branch_labels.py took 0.062 seconds
[2026-02-28T21:49:34.645+0000] {processor.py:161} INFO - Started process (PID=1104) to work on /home/airflow/.local/lib/python3.12/site-packages/airflow/example_dags/example_branch_labels.py
[2026-02-28T21:49:34.652+0000] {processor.py:830} INFO - Processing file /home/airflow/.local/lib/python3.12/site-packages/airflow/example_dags/example_branch_labels.py for tasks to queue
[2026-02-28T21:49:34.657+0000] {logging_mixin.py:188} INFO - [2026-02-28T21:49:34.656+0000] {dagbag.py:545} INFO - Filling up the DagBag from /home/airflow/.local/lib/python3.12/site-packages/airflow/example_dags/example_branch_labels.py
[2026-02-28T21:49:34.677+0000] {processor.py:840} INFO - DAG(s) 'example_branch_labels' retrieved from /home/airflow/.local/lib/python3.12/site-packages/airflow/example_dags/example_branch_labels.py
[2026-02-28T21:49:34.704+0000] {logging_mixin.py:188} INFO - [2026-02-28T21:49:34.704+0000] {dag.py:3096} INFO - Sync 1 DAGs
[2026-02-28T21:49:34.731+0000] {logging_mixin.py:188} INFO - [2026-02-28T21:49:34.730+0000] {dag.py:3954} INFO - Setting next_dagrun for example_branch_labels to 2026-02-27 00:00:00+00:00, run_after=2026-02-28 00:00:00+00:00
[2026-02-28T21:49:34.750+0000] {processor.py:183} INFO - Processing /home/airflow/.local/lib/python3.12/site-packages/airflow/example_dags/example_branch_labels.py took 0.138 seconds
[2026-02-28T21:50:05.540+0000] {processor.py:161} INFO - Started process (PID=1162) to work on /home/airflow/.local/lib/python3.12/site-packages/airflow/example_dags/example_branch_labels.py
[2026-02-28T21:50:05.543+0000] {processor.py:830} INFO - Processing file /home/airflow/.local/lib/python3.12/site-packages/airflow/example_dags/example_branch_labels.py for tasks to queue
[2026-02-28T21:50:05.544+0000] {logging_mixin.py:188} INFO - [2026-02-28T21:50:05.544+0000] {dagbag.py:545} INFO - Filling up the DagBag from /home/airflow/.local/lib/python3.12/site-packages/airflow/example_dags/example_branch_labels.py
[2026-02-28T21:50:05.553+0000] {processor.py:840} INFO - DAG(s) 'example_branch_labels' retrieved from /home/airflow/.local/lib/python3.12/site-packages/airflow/example_dags/example_branch_labels.py
[2026-02-28T21:50:05.576+0000] {logging_mixin.py:188} INFO - [2026-02-28T21:50:05.576+0000] {dag.py:3096} INFO - Sync 1 DAGs
[2026-02-28T21:50:05.606+0000] {logging_mixin.py:188} INFO - [2026-02-28T21:50:05.606+0000] {dag.py:3954} INFO - Setting next_dagrun for example_branch_labels to 2026-02-27 00:00:00+00:00, run_after=2026-02-28 00:00:00+00:00
[2026-02-28T21:50:05.640+0000] {processor.py:183} INFO - Processing /home/airflow/.local/lib/python3.12/site-packages/airflow/example_dags/example_branch_labels.py took 0.105 seconds
[2026-02-28T21:50:36.290+0000] {processor.py:161} INFO - Started process (PID=1220) to work on /home/airflow/.local/lib/python3.12/site-packages/airflow/example_dags/example_branch_labels.py
[2026-02-28T21:50:36.296+0000] {processor.py:830} INFO - Processing file /home/airflow/.local/lib/python3.12/site-packages/airflow/example_dags/example_branch_labels.py for tasks to queue
[2026-02-28T21:50:36.298+0000] {logging_mixin.py:188} INFO - [2026-02-28T21:50:36.297+0000] {dagbag.py:545} INFO - Filling up the DagBag from /home/airflow/.local/lib/python3.12/site-packages/airflow/example_dags/example_branch_labels.py
[2026-02-28T21:50:36.308+0000] {processor.py:840} INFO - DAG(s) 'example_branch_labels' retrieved from /home/airflow/.local/lib/python3.12/site-packages/airflow/example_dags/example_branch_labels.py
[2026-02-28T21:50:36.329+0000] {logging_mixin.py:188} INFO - [2026-02-28T21:50:36.329+0000] {dag.py:3096} INFO - Sync 1 DAGs
[2026-02-28T21:50:36.346+0000] {logging_mixin.py:188} INFO - [2026-02-28T21:50:36.346+0000] {dag.py:3954} INFO - Setting next_dagrun for example_branch_labels to 2026-02-27 00:00:00+00:00, run_after=2026-02-28 00:00:00+00:00
[2026-02-28T21:50:36.359+0000] {processor.py:183} INFO - Processing /home/airflow/.local/lib/python3.12/site-packages/airflow/example_dags/example_branch_labels.py took 0.076 seconds
[2026-02-28T21:51:06.592+0000] {processor.py:161} INFO - Started process (PID=1278) to work on /home/airflow/.local/lib/python3.12/site-packages/airflow/example_dags/example_branch_labels.py
[2026-02-28T21:51:06.594+0000] {processor.py:830} INFO - Processing file /home/airflow/.local/lib/python3.12/site-packages/airflow/example_dags/example_branch_labels.py for tasks to queue
[2026-02-28T21:51:06.598+0000] {logging_mixin.py:188} INFO - [2026-02-28T21:51:06.598+0000] {dagbag.py:545} INFO - Filling up the DagBag from /home/airflow/.local/lib/python3.12/site-packages/airflow/example_dags/example_branch_labels.py
[2026-02-28T21:51:06.612+0000] {processor.py:840} INFO - DAG(s) 'example_branch_labels' retrieved from /home/airflow/.local/lib/python3.12/site-packages/airflow/example_dags/example_branch_labels.py
[2026-02-28T21:51:06.642+0000] {logging_mixin.py:188} INFO - [2026-02-28T21:51:06.642+0000] {dag.py:3096} INFO - Sync 1 DAGs
[2026-02-28T21:51:06.669+0000] {logging_mixin.py:188} INFO - [2026-02-28T21:51:06.669+0000] {dag.py:3954} INFO - Setting next_dagrun for example_branch_labels to 2026-02-27 00:00:00+00:00, run_after=2026-02-28 00:00:00+00:00
[2026-02-28T21:51:06.682+0000] {processor.py:183} INFO - Processing /home/airflow/.local/lib/python3.12/site-packages/airflow/example_dags/example_branch_labels.py took 0.104 seconds
[2026-02-28T21:51:37.651+0000] {processor.py:161} INFO - Started process (PID=1336) to work on /home/airflow/.local/lib/python3.12/site-packages/airflow/example_dags/example_branch_labels.py
[2026-02-28T21:51:37.654+0000] {processor.py:830} INFO - Processing file /home/airflow/.local/lib/python3.12/site-packages/airflow/example_dags/example_branch_labels.py for tasks to queue
[2026-02-28T21:51:37.663+0000] {logging_mixin.py:188} INFO - [2026-02-28T21:51:37.662+0000] {dagbag.py:545} INFO - Filling up the DagBag from /home/airflow/.local/lib/python3.12/site-packages/airflow/example_dags/example_branch_labels.py
[2026-02-28T21:51:37.678+0000] {processor.py:840} INFO - DAG(s) 'example_branch_labels' retrieved from /home/airflow/.local/lib/python3.12/site-packages/airflow/example_dags/example_branch_labels.py
[2026-02-28T21:51:37.726+0000] {logging_mixin.py:188} INFO - [2026-02-28T21:51:37.723+0000] {dag.py:3096} INFO - Sync 1 DAGs
[2026-02-28T21:51:37.762+0000] {logging_mixin.py:188} INFO - [2026-02-28T21:51:37.762+0000] {dag.py:3954} INFO - Setting next_dagrun for example_branch_labels to 2026-02-27 00:00:00+00:00, run_after=2026-02-28 00:00:00+00:00
[2026-02-28T21:51:37.783+0000] {processor.py:183} INFO - Processing /home/airflow/.local/lib/python3.12/site-packages/airflow/example_dags/example_branch_labels.py took 0.145 seconds
[2026-02-28T21:52:08.087+0000] {processor.py:161} INFO - Started process (PID=1394) to work on /home/airflow/.local/lib/python3.12/site-packages/airflow/example_dags/example_branch_labels.py
[2026-02-28T21:52:08.091+0000] {processor.py:830} INFO - Processing file /home/airflow/.local/lib/python3.12/site-packages/airflow/example_dags/example_branch_labels.py for tasks to queue
[2026-02-28T21:52:08.096+0000] {logging_mixin.py:188} INFO - [2026-02-28T21:52:08.096+0000] {dagbag.py:545} INFO - Filling up the DagBag from /home/airflow/.local/lib/python3.12/site-packages/airflow/example_dags/example_branch_labels.py
[2026-02-28T21:52:08.109+0000] {processor.py:840} INFO - DAG(s) 'example_branch_labels' retrieved from /home/airflow/.local/lib/python3.12/site-packages/airflow/example_dags/example_branch_labels.py
[2026-02-28T21:52:08.147+0000] {logging_mixin.py:188} INFO - [2026-02-28T21:52:08.147+0000] {dag.py:3096} INFO - Sync 1 DAGs
[2026-02-28T21:52:08.184+0000] {logging_mixin.py:188} INFO - [2026-02-28T21:52:08.184+0000] {dag.py:3954} INFO - Setting next_dagrun for example_branch_labels to 2026-02-27 00:00:00+00:00, run_after=2026-02-28 00:00:00+00:00
[2026-02-28T21:52:08.203+0000] {processor.py:183} INFO - Processing /home/airflow/.local/lib/python3.12/site-packages/airflow/example_dags/example_branch_labels.py took 0.132 seconds
[2026-02-28T21:52:39.129+0000] {processor.py:161} INFO - Started process (PID=1452) to work on /home/airflow/.local/lib/python3.12/site-packages/airflow/example_dags/example_branch_labels.py
[2026-02-28T21:52:39.130+0000] {processor.py:830} INFO - Processing file /home/airflow/.local/lib/python3.12/site-packages/airflow/example_dags/example_branch_labels.py for tasks to queue
[2026-02-28T21:52:39.131+0000] {logging_mixin.py:188} INFO - [2026-02-28T21:52:39.131+0000] {dagbag.py:545} INFO - Filling up the DagBag from /home/airflow/.local/lib/python3.12/site-packages/airflow/example_dags/example_branch_labels.py
[2026-02-28T21:52:39.138+0000] {processor.py:840} INFO - DAG(s) 'example_branch_labels' retrieved from /home/airflow/.local/lib/python3.12/site-packages/airflow/example_dags/example_branch_labels.py
[2026-02-28T21:52:39.151+0000] {logging_mixin.py:188} INFO - [2026-02-28T21:52:39.151+0000] {dag.py:3096} INFO - Sync 1 DAGs
[2026-02-28T21:52:39.269+0000] {logging_mixin.py:188} INFO - [2026-02-28T21:52:39.269+0000] {dag.py:3954} INFO - Setting next_dagrun for example_branch_labels to 2026-02-27 00:00:00+00:00, run_after=2026-02-28 00:00:00+00:00
[2026-02-28T21:52:39.280+0000] {processor.py:183} INFO - Processing /home/airflow/.local/lib/python3.12/site-packages/airflow/example_dags/example_branch_labels.py took 0.155 seconds
[2026-02-28T21:53:10.857+0000] {processor.py:161} INFO - Started process (PID=1510) to work on /home/airflow/.local/lib/python3.12/site-packages/airflow/example_dags/example_branch_labels.py
[2026-02-28T21:53:10.858+0000] {processor.py:830} INFO - Processing file /home/airflow/.local/lib/python3.12/site-packages/airflow/example_dags/example_branch_labels.py for tasks to queue
[2026-02-28T21:53:10.860+0000] {logging_mixin.py:188} INFO - [2026-02-28T21:53:10.859+0000] {dagbag.py:545} INFO - Filling up the DagBag from /home/airflow/.local/lib/python3.12/site-packages/airflow/example_dags/example_branch_labels.py
[2026-02-28T21:53:10.864+0000] {processor.py:840} INFO - DAG(s) 'example_branch_labels' retrieved from /home/airflow/.local/lib/python3.12/site-packages/airflow/example_dags/example_branch_labels.py
[2026-02-28T21:53:10.877+0000] {logging_mixin.py:188} INFO - [2026-02-28T21:53:10.877+0000] {dag.py:3096} INFO - Sync 1 DAGs
[2026-02-28T21:53:10.986+0000] {logging_mixin.py:188} INFO - [2026-02-28T21:53:10.986+0000] {dag.py:3954} INFO - Setting next_dagrun for example_branch_labels to 2026-02-27 00:00:00+00:00, run_after=2026-02-28 00:00:00+00:00
[2026-02-28T21:53:10.997+0000] {processor.py:183} INFO - Processing /home/airflow/.local/lib/python3.12/site-packages/airflow/example_dags/example_branch_labels.py took 0.143 seconds
[2026-02-28T21:53:41.742+0000] {processor.py:161} INFO - Started process (PID=1568) to work on /home/airflow/.local/lib/python3.12/site-packages/airflow/example_dags/example_branch_labels.py
[2026-02-28T21:53:41.743+0000] {processor.py:830} INFO - Processing file /home/airflow/.local/lib/python3.12/site-packages/airflow/example_dags/example_branch_labels.py for tasks to queue
[2026-02-28T21:53:41.745+0000] {logging_mixin.py:188} INFO - [2026-02-28T21:53:41.745+0000] {dagbag.py:545} INFO - Filling up the DagBag from /home/airflow/.local/lib/python3.12/site-packages/airflow/example_dags/example_branch_labels.py
[2026-02-28T21:53:41.756+0000] {processor.py:840} INFO - DAG(s) 'example_branch_labels' retrieved from /home/airflow/.local/lib/python3.12/site-packages/airflow/example_dags/example_branch_labels.py
[2026-02-28T21:53:41.769+0000] {logging_mixin.py:188} INFO - [2026-02-28T21:53:41.769+0000] {dag.py:3096} INFO - Sync 1 DAGs
[2026-02-28T21:53:41.961+0000] {logging_mixin.py:188} INFO - [2026-02-28T21:53:41.960+0000] {dag.py:3954} INFO - Setting next_dagrun for example_branch_labels to 2026-02-27 00:00:00+00:00, run_after=2026-02-28 00:00:00+00:00
[2026-02-28T21:53:41.973+0000] {processor.py:183} INFO - Processing /home/airflow/.local/lib/python3.12/site-packages/airflow/example_dags/example_branch_labels.py took 0.239 seconds
[2026-02-28T21:54:12.112+0000] {processor.py:161} INFO - Started process (PID=1626) to work on /home/airflow/.local/lib/python3.12/site-packages/airflow/example_dags/example_branch_labels.py
[2026-02-28T21:54:12.113+0000] {processor.py:830} INFO - Processing file /home/airflow/.local/lib/python3.12/site-packages/airflow/example_dags/example_branch_labels.py for tasks to queue
[2026-02-28T21:54:12.114+0000] {logging_mixin.py:188} INFO - [2026-02-28T21:54:12.114+0000] {dagbag.py:545} INFO - Filling up the DagBag from /home/airflow/.local/lib/python3.12/site-packages/airflow/example_dags/example_branch_labels.py
[2026-02-28T21:54:12.119+0000] {processor.py:840} INFO - DAG(s) 'example_branch_labels' retrieved from /home/airflow/.local/lib/python3.12/site-packages/airflow/example_dags/example_branch_labels.py
[2026-02-28T21:54:12.131+0000] {logging_mixin.py:188} INFO - [2026-02-28T21:54:12.131+0000] {dag.py:3096} INFO - Sync 1 DAGs
[2026-02-28T21:54:12.143+0000] {logging_mixin.py:188} INFO - [2026-02-28T21:54:12.142+0000] {dag.py:3954} INFO - Setting next_dagrun for example_branch_labels to 2026-02-27 00:00:00+00:00, run_after=2026-02-28 00:00:00+00:00
[2026-02-28T21:54:12.151+0000] {processor.py:183} INFO - Processing /home/airflow/.local/lib/python3.12/site-packages/airflow/example_dags/example_branch_labels.py took 0.043 seconds
[2026-02-28T21:54:43.230+0000] {processor.py:161} INFO - Started process (PID=1684) to work on /home/airflow/.local/lib/python3.12/site-packages/airflow/example_dags/example_branch_labels.py
[2026-02-28T21:54:43.232+0000] {processor.py:830} INFO - Processing file /home/airflow/.local/lib/python3.12/site-packages/airflow/example_dags/example_branch_labels.py for tasks to queue
[2026-02-28T21:54:43.236+0000] {logging_mixin.py:188} INFO - [2026-02-28T21:54:43.235+0000] {dagbag.py:545} INFO - Filling up the DagBag from /home/airflow/.local/lib/python3.12/site-packages/airflow/example_dags/example_branch_labels.py
[2026-02-28T21:54:43.252+0000] {processor.py:840} INFO - DAG(s) 'example_branch_labels' retrieved from /home/airflow/.local/lib/python3.12/site-packages/airflow/example_dags/example_branch_labels.py
[2026-02-28T21:54:43.296+0000] {logging_mixin.py:188} INFO - [2026-02-28T21:54:43.296+0000] {dag.py:3096} INFO - Sync 1 DAGs
[2026-02-28T21:54:43.327+0000] {logging_mixin.py:188} INFO - [2026-02-28T21:54:43.327+0000] {dag.py:3954} INFO - Setting next_dagrun for example_branch_labels to 2026-02-27 00:00:00+00:00, run_after=2026-02-28 00:00:00+00:00
[2026-02-28T21:54:43.343+0000] {processor.py:183} INFO - Processing /home/airflow/.local/lib/python3.12/site-packages/airflow/example_dags/example_branch_labels.py took 0.132 seconds
[2026-02-28T21:55:14.207+0000] {processor.py:161} INFO - Started process (PID=1745) to work on /home/airflow/.local/lib/python3.12/site-packages/airflow/example_dags/example_branch_labels.py
[2026-02-28T21:55:14.212+0000] {processor.py:830} INFO - Processing file /home/airflow/.local/lib/python3.12/site-packages/airflow/example_dags/example_branch_labels.py for tasks to queue
[2026-02-28T21:55:14.215+0000] {logging_mixin.py:188} INFO - [2026-02-28T21:55:14.214+0000] {dagbag.py:545} INFO - Filling up the DagBag from /home/airflow/.local/lib/python3.12/site-packages/airflow/example_dags/example_branch_labels.py
[2026-02-28T21:55:14.231+0000] {processor.py:840} INFO - DAG(s) 'example_branch_labels' retrieved from /home/airflow/.local/lib/python3.12/site-packages/airflow/example_dags/example_branch_labels.py
[2026-02-28T21:55:14.286+0000] {logging_mixin.py:188} INFO - [2026-02-28T21:55:14.286+0000] {dag.py:3096} INFO - Sync 1 DAGs
[2026-02-28T21:55:14.319+0000] {logging_mixin.py:188} INFO - [2026-02-28T21:55:14.319+0000] {dag.py:3954} INFO - Setting next_dagrun for example_branch_labels to 2026-02-27 00:00:00+00:00, run_after=2026-02-28 00:00:00+00:00
[2026-02-28T21:55:14.339+0000] {processor.py:183} INFO - Processing /home/airflow/.local/lib/python3.12/site-packages/airflow/example_dags/example_branch_labels.py took 0.145 seconds
[2026-02-28T21:55:45.117+0000] {processor.py:161} INFO - Started process (PID=1803) to work on /home/airflow/.local/lib/python3.12/site-packages/airflow/example_dags/example_branch_labels.py
[2026-02-28T21:55:45.121+0000] {processor.py:830} INFO - Processing file /home/airflow/.local/lib/python3.12/site-packages/airflow/example_dags/example_branch_labels.py for tasks to queue
[2026-02-28T21:55:45.127+0000] {logging_mixin.py:188} INFO - [2026-02-28T21:55:45.127+0000] {dagbag.py:545} INFO - Filling up the DagBag from /home/airflow/.local/lib/python3.12/site-packages/airflow/example_dags/example_branch_labels.py
[2026-02-28T21:55:45.150+0000] {processor.py:840} INFO - DAG(s) 'example_branch_labels' retrieved from /home/airflow/.local/lib/python3.12/site-packages/airflow/example_dags/example_branch_labels.py
[2026-02-28T21:55:45.203+0000] {logging_mixin.py:188} INFO - [2026-02-28T21:55:45.202+0000] {dag.py:3096} INFO - Sync 1 DAGs
[2026-02-28T21:55:45.233+0000] {logging_mixin.py:188} INFO - [2026-02-28T21:55:45.233+0000] {dag.py:3954} INFO - Setting next_dagrun for example_branch_labels to 2026-02-27 00:00:00+00:00, run_after=2026-02-28 00:00:00+00:00
[2026-02-28T21:55:45.252+0000] {processor.py:183} INFO - Processing /home/airflow/.local/lib/python3.12/site-packages/airflow/example_dags/example_branch_labels.py took 0.144 seconds
[2026-02-28T21:56:15.467+0000] {processor.py:161} INFO - Started process (PID=1861) to work on /home/airflow/.local/lib/python3.12/site-packages/airflow/example_dags/example_branch_labels.py
[2026-02-28T21:56:15.468+0000] {processor.py:830} INFO - Processing file /home/airflow/.local/lib/python3.12/site-packages/airflow/example_dags/example_branch_labels.py for tasks to queue
[2026-02-28T21:56:15.472+0000] {logging_mixin.py:188} INFO - [2026-02-28T21:56:15.472+0000] {dagbag.py:545} INFO - Filling up the DagBag from /home/airflow/.local/lib/python3.12/site-packages/airflow/example_dags/example_branch_labels.py
[2026-02-28T21:56:15.482+0000] {processor.py:840} INFO - DAG(s) 'example_branch_labels' retrieved from /home/airflow/.local/lib/python3.12/site-packages/airflow/example_dags/example_branch_labels.py
[2026-02-28T21:56:15.504+0000] {logging_mixin.py:188} INFO - [2026-02-28T21:56:15.504+0000] {dag.py:3096} INFO - Sync 1 DAGs
[2026-02-28T21:56:15.521+0000] {logging_mixin.py:188} INFO - [2026-02-28T21:56:15.521+0000] {dag.py:3954} INFO - Setting next_dagrun for example_branch_labels to 2026-02-27 00:00:00+00:00, run_after=2026-02-28 00:00:00+00:00
[2026-02-28T21:56:15.534+0000] {processor.py:183} INFO - Processing /home/airflow/.local/lib/python3.12/site-packages/airflow/example_dags/example_branch_labels.py took 0.075 seconds
[2026-02-28T21:56:45.599+0000] {processor.py:161} INFO - Started process (PID=1919) to work on /home/airflow/.local/lib/python3.12/site-packages/airflow/example_dags/example_branch_labels.py
[2026-02-28T21:56:45.602+0000] {processor.py:830} INFO - Processing file /home/airflow/.local/lib/python3.12/site-packages/airflow/example_dags/example_branch_labels.py for tasks to queue
[2026-02-28T21:56:45.603+0000] {logging_mixin.py:188} INFO - [2026-02-28T21:56:45.603+0000] {dagbag.py:545} INFO - Filling up the DagBag from /home/airflow/.local/lib/python3.12/site-packages/airflow/example_dags/example_branch_labels.py
[2026-02-28T21:56:45.610+0000] {processor.py:840} INFO - DAG(s) 'example_branch_labels' retrieved from /home/airflow/.local/lib/python3.12/site-packages/airflow/example_dags/example_branch_labels.py
[2026-02-28T21:56:45.628+0000] {logging_mixin.py:188} INFO - [2026-02-28T21:56:45.628+0000] {dag.py:3096} INFO - Sync 1 DAGs
[2026-02-28T21:56:45.645+0000] {logging_mixin.py:188} INFO - [2026-02-28T21:56:45.645+0000] {dag.py:3954} INFO - Setting next_dagrun for example_branch_labels to 2026-02-27 00:00:00+00:00, run_after=2026-02-28 00:00:00+00:00
[2026-02-28T21:56:45.660+0000] {processor.py:183} INFO - Processing /home/airflow/.local/lib/python3.12/site-packages/airflow/example_dags/example_branch_labels.py took 0.070 seconds
[2026-02-28T21:57:16.548+0000] {processor.py:161} INFO - Started process (PID=1977) to work on /home/airflow/.local/lib/python3.12/site-packages/airflow/example_dags/example_branch_labels.py
[2026-02-28T21:57:16.551+0000] {processor.py:830} INFO - Processing file /home/airflow/.local/lib/python3.12/site-packages/airflow/example_dags/example_branch_labels.py for tasks to queue
[2026-02-28T21:57:16.555+0000] {logging_mixin.py:188} INFO - [2026-02-28T21:57:16.554+0000] {dagbag.py:545} INFO - Filling up the DagBag from /home/airflow/.local/lib/python3.12/site-packages/airflow/example_dags/example_branch_labels.py
[2026-02-28T21:57:16.570+0000] {processor.py:840} INFO - DAG(s) 'example_branch_labels' retrieved from /home/airflow/.local/lib/python3.12/site-packages/airflow/example_dags/example_branch_labels.py
[2026-02-28T21:57:16.594+0000] {logging_mixin.py:188} INFO - [2026-02-28T21:57:16.594+0000] {dag.py:3096} INFO - Sync 1 DAGs
[2026-02-28T21:57:16.614+0000] {logging_mixin.py:188} INFO - [2026-02-28T21:57:16.614+0000] {dag.py:3954} INFO - Setting next_dagrun for example_branch_labels to 2026-02-27 00:00:00+00:00, run_after=2026-02-28 00:00:00+00:00
[2026-02-28T21:57:16.633+0000] {processor.py:183} INFO - Processing /home/airflow/.local/lib/python3.12/site-packages/airflow/example_dags/example_branch_labels.py took 0.091 seconds
[2026-02-28T21:57:47.665+0000] {processor.py:161} INFO - Started process (PID=2035) to work on /home/airflow/.local/lib/python3.12/site-packages/airflow/example_dags/example_branch_labels.py
[2026-02-28T21:57:47.673+0000] {processor.py:830} INFO - Processing file /home/airflow/.local/lib/python3.12/site-packages/airflow/example_dags/example_branch_labels.py for tasks to queue
[2026-02-28T21:57:47.684+0000] {logging_mixin.py:188} INFO - [2026-02-28T21:57:47.682+0000] {dagbag.py:545} INFO - Filling up the DagBag from /home/airflow/.local/lib/python3.12/site-packages/airflow/example_dags/example_branch_labels.py
[2026-02-28T21:57:47.713+0000] {processor.py:840} INFO - DAG(s) 'example_branch_labels' retrieved from /home/airflow/.local/lib/python3.12/site-packages/airflow/example_dags/example_branch_labels.py
[2026-02-28T21:57:47.794+0000] {logging_mixin.py:188} INFO - [2026-02-28T21:57:47.793+0000] {dag.py:3096} INFO - Sync 1 DAGs
[2026-02-28T21:57:47.828+0000] {logging_mixin.py:188} INFO - [2026-02-28T21:57:47.828+0000] {dag.py:3954} INFO - Setting next_dagrun for example_branch_labels to 2026-02-27 00:00:00+00:00, run_after=2026-02-28 00:00:00+00:00
[2026-02-28T21:57:47.853+0000] {processor.py:183} INFO - Processing /home/airflow/.local/lib/python3.12/site-packages/airflow/example_dags/example_branch_labels.py took 0.213 seconds
[2026-02-28T21:58:18.828+0000] {processor.py:161} INFO - Started process (PID=2093) to work on /home/airflow/.local/lib/python3.12/site-packages/airflow/example_dags/example_branch_labels.py
[2026-02-28T21:58:18.829+0000] {processor.py:830} INFO - Processing file /home/airflow/.local/lib/python3.12/site-packages/airflow/example_dags/example_branch_labels.py for tasks to queue
[2026-02-28T21:58:18.832+0000] {logging_mixin.py:188} INFO - [2026-02-28T21:58:18.831+0000] {dagbag.py:545} INFO - Filling up the DagBag from /home/airflow/.local/lib/python3.12/site-packages/airflow/example_dags/example_branch_labels.py
[2026-02-28T21:58:18.849+0000] {processor.py:840} INFO - DAG(s) 'example_branch_labels' retrieved from /home/airflow/.local/lib/python3.12/site-packages/airflow/example_dags/example_branch_labels.py
[2026-02-28T21:58:18.895+0000] {logging_mixin.py:188} INFO - [2026-02-28T21:58:18.894+0000] {dag.py:3096} INFO - Sync 1 DAGs
[2026-02-28T21:58:18.938+0000] {logging_mixin.py:188} INFO - [2026-02-28T21:58:18.938+0000] {dag.py:3954} INFO - Setting next_dagrun for example_branch_labels to 2026-02-27 00:00:00+00:00, run_after=2026-02-28 00:00:00+00:00
[2026-02-28T21:58:18.965+0000] {processor.py:183} INFO - Processing /home/airflow/.local/lib/python3.12/site-packages/airflow/example_dags/example_branch_labels.py took 0.145 seconds
[2026-02-28T21:58:49.171+0000] {processor.py:161} INFO - Started process (PID=2151) to work on /home/airflow/.local/lib/python3.12/site-packages/airflow/example_dags/example_branch_labels.py
[2026-02-28T21:58:49.175+0000] {processor.py:830} INFO - Processing file /home/airflow/.local/lib/python3.12/site-packages/airflow/example_dags/example_branch_labels.py for tasks to queue
[2026-02-28T21:58:49.177+0000] {logging_mixin.py:188} INFO - [2026-02-28T21:58:49.176+0000] {dagbag.py:545} INFO - Filling up the DagBag from /home/airflow/.local/lib/python3.12/site-packages/airflow/example_dags/example_branch_labels.py
[2026-02-28T21:58:49.190+0000] {processor.py:840} INFO - DAG(s) 'example_branch_labels' retrieved from /home/airflow/.local/lib/python3.12/site-packages/airflow/example_dags/example_branch_labels.py
[2026-02-28T21:58:49.213+0000] {logging_mixin.py:188} INFO - [2026-02-28T21:58:49.213+0000] {dag.py:3096} INFO - Sync 1 DAGs
[2026-02-28T21:58:49.361+0000] {logging_mixin.py:188} INFO - [2026-02-28T21:58:49.360+0000] {dag.py:3954} INFO - Setting next_dagrun for example_branch_labels to 2026-02-27 00:00:00+00:00, run_after=2026-02-28 00:00:00+00:00
[2026-02-28T21:58:49.375+0000] {processor.py:183} INFO - Processing /home/airflow/.local/lib/python3.12/site-packages/airflow/example_dags/example_branch_labels.py took 0.213 seconds
[2026-02-28T21:59:19.864+0000] {processor.py:161} INFO - Started process (PID=2209) to work on /home/airflow/.local/lib/python3.12/site-packages/airflow/example_dags/example_branch_labels.py
[2026-02-28T21:59:19.866+0000] {processor.py:830} INFO - Processing file /home/airflow/.local/lib/python3.12/site-packages/airflow/example_dags/example_branch_labels.py for tasks to queue
[2026-02-28T21:59:19.870+0000] {logging_mixin.py:188} INFO - [2026-02-28T21:59:19.869+0000] {dagbag.py:545} INFO - Filling up the DagBag from /home/airflow/.local/lib/python3.12/site-packages/airflow/example_dags/example_branch_labels.py
[2026-02-28T21:59:19.882+0000] {processor.py:840} INFO - DAG(s) 'example_branch_labels' retrieved from /home/airflow/.local/lib/python3.12/site-packages/airflow/example_dags/example_branch_labels.py
[2026-02-28T21:59:19.910+0000] {logging_mixin.py:188} INFO - [2026-02-28T21:59:19.909+0000] {dag.py:3096} INFO - Sync 1 DAGs
[2026-02-28T21:59:20.164+0000] {logging_mixin.py:188} INFO - [2026-02-28T21:59:20.163+0000] {dag.py:3954} INFO - Setting next_dagrun for example_branch_labels to 2026-02-27 00:00:00+00:00, run_after=2026-02-28 00:00:00+00:00
[2026-02-28T21:59:20.180+0000] {processor.py:183} INFO - Processing /home/airflow/.local/lib/python3.12/site-packages/airflow/example_dags/example_branch_labels.py took 0.329 seconds
[2026-02-28T21:59:50.583+0000] {processor.py:161} INFO - Started process (PID=2267) to work on /home/airflow/.local/lib/python3.12/site-packages/airflow/example_dags/example_branch_labels.py
[2026-02-28T21:59:50.585+0000] {processor.py:830} INFO - Processing file /home/airflow/.local/lib/python3.12/site-packages/airflow/example_dags/example_branch_labels.py for tasks to queue
[2026-02-28T21:59:50.588+0000] {logging_mixin.py:188} INFO - [2026-02-28T21:59:50.588+0000] {dagbag.py:545} INFO - Filling up the DagBag from /home/airflow/.local/lib/python3.12/site-packages/airflow/example_dags/example_branch_labels.py
[2026-02-28T21:59:50.600+0000] {processor.py:840} INFO - DAG(s) 'example_branch_labels' retrieved from /home/airflow/.local/lib/python3.12/site-packages/airflow/example_dags/example_branch_labels.py
[2026-02-28T21:59:50.625+0000] {logging_mixin.py:188} INFO - [2026-02-28T21:59:50.625+0000] {dag.py:3096} INFO - Sync 1 DAGs
[2026-02-28T21:59:50.965+0000] {logging_mixin.py:188} INFO - [2026-02-28T21:59:50.965+0000] {dag.py:3954} INFO - Setting next_dagrun for example_branch_labels to 2026-02-27 00:00:00+00:00, run_after=2026-02-28 00:00:00+00:00
[2026-02-28T21:59:50.980+0000] {processor.py:183} INFO - Processing /home/airflow/.local/lib/python3.12/site-packages/airflow/example_dags/example_branch_labels.py took 0.405 seconds
[2026-02-28T22:00:21.236+0000] {processor.py:161} INFO - Started process (PID=2325) to work on /home/airflow/.local/lib/python3.12/site-packages/airflow/example_dags/example_branch_labels.py
[2026-02-28T22:00:21.240+0000] {processor.py:830} INFO - Processing file /home/airflow/.local/lib/python3.12/site-packages/airflow/example_dags/example_branch_labels.py for tasks to queue
[2026-02-28T22:00:21.244+0000] {logging_mixin.py:188} INFO - [2026-02-28T22:00:21.243+0000] {dagbag.py:545} INFO - Filling up the DagBag from /home/airflow/.local/lib/python3.12/site-packages/airflow/example_dags/example_branch_labels.py
[2026-02-28T22:00:21.252+0000] {processor.py:840} INFO - DAG(s) 'example_branch_labels' retrieved from /home/airflow/.local/lib/python3.12/site-packages/airflow/example_dags/example_branch_labels.py
[2026-02-28T22:00:21.476+0000] {logging_mixin.py:188} INFO - [2026-02-28T22:00:21.280+0000] {dag.py:3096} INFO - Sync 1 DAGs
[2026-02-28T22:00:21.490+0000] {logging_mixin.py:188} INFO - [2026-02-28T22:00:21.490+0000] {dag.py:3954} INFO - Setting next_dagrun for example_branch_labels to 2026-02-27 00:00:00+00:00, run_after=2026-02-28 00:00:00+00:00
[2026-02-28T22:00:21.505+0000] {processor.py:183} INFO - Processing /home/airflow/.local/lib/python3.12/site-packages/airflow/example_dags/example_branch_labels.py took 0.275 seconds
[2026-02-28T22:00:51.851+0000] {processor.py:161} INFO - Started process (PID=2383) to work on /home/airflow/.local/lib/python3.12/site-packages/airflow/example_dags/example_branch_labels.py
[2026-02-28T22:00:51.854+0000] {processor.py:830} INFO - Processing file /home/airflow/.local/lib/python3.12/site-packages/airflow/example_dags/example_branch_labels.py for tasks to queue
[2026-02-28T22:00:51.857+0000] {logging_mixin.py:188} INFO - [2026-02-28T22:00:51.857+0000] {dagbag.py:545} INFO - Filling up the DagBag from /home/airflow/.local/lib/python3.12/site-packages/airflow/example_dags/example_branch_labels.py
[2026-02-28T22:00:51.869+0000] {processor.py:840} INFO - DAG(s) 'example_branch_labels' retrieved from /home/airflow/.local/lib/python3.12/site-packages/airflow/example_dags/example_branch_labels.py
[2026-02-28T22:00:51.911+0000] {logging_mixin.py:188} INFO - [2026-02-28T22:00:51.911+0000] {dag.py:3096} INFO - Sync 1 DAGs
[2026-02-28T22:00:51.940+0000] {logging_mixin.py:188} INFO - [2026-02-28T22:00:51.939+0000] {dag.py:3954} INFO - Setting next_dagrun for example_branch_labels to 2026-02-27 00:00:00+00:00, run_after=2026-02-28 00:00:00+00:00
[2026-02-28T22:00:51.964+0000] {processor.py:183} INFO - Processing /home/airflow/.local/lib/python3.12/site-packages/airflow/example_dags/example_branch_labels.py took 0.119 seconds
[2026-02-28T22:01:22.427+0000] {processor.py:161} INFO - Started process (PID=2440) to work on /home/airflow/.local/lib/python3.12/site-packages/airflow/example_dags/example_branch_labels.py
[2026-02-28T22:01:22.429+0000] {processor.py:830} INFO - Processing file /home/airflow/.local/lib/python3.12/site-packages/airflow/example_dags/example_branch_labels.py for tasks to queue
[2026-02-28T22:01:22.433+0000] {logging_mixin.py:188} INFO - [2026-02-28T22:01:22.433+0000] {dagbag.py:545} INFO - Filling up the DagBag from /home/airflow/.local/lib/python3.12/site-packages/airflow/example_dags/example_branch_labels.py
[2026-02-28T22:01:22.451+0000] {processor.py:840} INFO - DAG(s) 'example_branch_labels' retrieved from /home/airflow/.local/lib/python3.12/site-packages/airflow/example_dags/example_branch_labels.py
[2026-02-28T22:01:22.506+0000] {logging_mixin.py:188} INFO - [2026-02-28T22:01:22.505+0000] {dag.py:3096} INFO - Sync 1 DAGs
[2026-02-28T22:01:22.543+0000] {logging_mixin.py:188} INFO - [2026-02-28T22:01:22.542+0000] {dag.py:3954} INFO - Setting next_dagrun for example_branch_labels to 2026-02-27 00:00:00+00:00, run_after=2026-02-28 00:00:00+00:00
[2026-02-28T22:01:22.570+0000] {processor.py:183} INFO - Processing /home/airflow/.local/lib/python3.12/site-packages/airflow/example_dags/example_branch_labels.py took 0.166 seconds
[2026-02-28T22:01:53.381+0000] {processor.py:161} INFO - Started process (PID=2498) to work on /home/airflow/.local/lib/python3.12/site-packages/airflow/example_dags/example_branch_labels.py
[2026-02-28T22:01:53.384+0000] {processor.py:830} INFO - Processing file /home/airflow/.local/lib/python3.12/site-packages/airflow/example_dags/example_branch_labels.py for tasks to queue
[2026-02-28T22:01:53.390+0000] {logging_mixin.py:188} INFO - [2026-02-28T22:01:53.390+0000] {dagbag.py:545} INFO - Filling up the DagBag from /home/airflow/.local/lib/python3.12/site-packages/airflow/example_dags/example_branch_labels.py
[2026-02-28T22:01:53.397+0000] {processor.py:840} INFO - DAG(s) 'example_branch_labels' retrieved from /home/airflow/.local/lib/python3.12/site-packages/airflow/example_dags/example_branch_labels.py
[2026-02-28T22:01:53.422+0000] {logging_mixin.py:188} INFO - [2026-02-28T22:01:53.422+0000] {dag.py:3096} INFO - Sync 1 DAGs
[2026-02-28T22:01:53.436+0000] {logging_mixin.py:188} INFO - [2026-02-28T22:01:53.436+0000] {dag.py:3954} INFO - Setting next_dagrun for example_branch_labels to 2026-02-27 00:00:00+00:00, run_after=2026-02-28 00:00:00+00:00
[2026-02-28T22:01:53.450+0000] {processor.py:183} INFO - Processing /home/airflow/.local/lib/python3.12/site-packages/airflow/example_dags/example_branch_labels.py took 0.076 seconds
[2026-02-28T22:02:24.303+0000] {processor.py:161} INFO - Started process (PID=2556) to work on /home/airflow/.local/lib/python3.12/site-packages/airflow/example_dags/example_branch_labels.py
[2026-02-28T22:02:24.309+0000] {processor.py:830} INFO - Processing file /home/airflow/.local/lib/python3.12/site-packages/airflow/example_dags/example_branch_labels.py for tasks to queue
[2026-02-28T22:02:24.311+0000] {logging_mixin.py:188} INFO - [2026-02-28T22:02:24.310+0000] {dagbag.py:545} INFO - Filling up the DagBag from /home/airflow/.local/lib/python3.12/site-packages/airflow/example_dags/example_branch_labels.py
[2026-02-28T22:02:24.319+0000] {processor.py:840} INFO - DAG(s) 'example_branch_labels' retrieved from /home/airflow/.local/lib/python3.12/site-packages/airflow/example_dags/example_branch_labels.py
[2026-02-28T22:02:24.350+0000] {logging_mixin.py:188} INFO - [2026-02-28T22:02:24.350+0000] {dag.py:3096} INFO - Sync 1 DAGs
[2026-02-28T22:02:24.369+0000] {logging_mixin.py:188} INFO - [2026-02-28T22:02:24.369+0000] {dag.py:3954} INFO - Setting next_dagrun for example_branch_labels to 2026-02-27 00:00:00+00:00, run_after=2026-02-28 00:00:00+00:00
[2026-02-28T22:02:24.383+0000] {processor.py:183} INFO - Processing /home/airflow/.local/lib/python3.12/site-packages/airflow/example_dags/example_branch_labels.py took 0.085 seconds
[2026-02-28T22:02:54.813+0000] {processor.py:161} INFO - Started process (PID=2614) to work on /home/airflow/.local/lib/python3.12/site-packages/airflow/example_dags/example_branch_labels.py
[2026-02-28T22:02:54.817+0000] {processor.py:830} INFO - Processing file /home/airflow/.local/lib/python3.12/site-packages/airflow/example_dags/example_branch_labels.py for tasks to queue
[2026-02-28T22:02:54.827+0000] {logging_mixin.py:188} INFO - [2026-02-28T22:02:54.826+0000] {dagbag.py:545} INFO - Filling up the DagBag from /home/airflow/.local/lib/python3.12/site-packages/airflow/example_dags/example_branch_labels.py
[2026-02-28T22:02:54.870+0000] {processor.py:840} INFO - DAG(s) 'example_branch_labels' retrieved from /home/airflow/.local/lib/python3.12/site-packages/airflow/example_dags/example_branch_labels.py
[2026-02-28T22:02:54.931+0000] {logging_mixin.py:188} INFO - [2026-02-28T22:02:54.931+0000] {dag.py:3096} INFO - Sync 1 DAGs
[2026-02-28T22:02:54.966+0000] {logging_mixin.py:188} INFO - [2026-02-28T22:02:54.966+0000] {dag.py:3954} INFO - Setting next_dagrun for example_branch_labels to 2026-02-27 00:00:00+00:00, run_after=2026-02-28 00:00:00+00:00
[2026-02-28T22:02:54.987+0000] {processor.py:183} INFO - Processing /home/airflow/.local/lib/python3.12/site-packages/airflow/example_dags/example_branch_labels.py took 0.199 seconds
[2026-02-28T22:03:25.051+0000] {processor.py:161} INFO - Started process (PID=2671) to work on /home/airflow/.local/lib/python3.12/site-packages/airflow/example_dags/example_branch_labels.py
[2026-02-28T22:03:25.053+0000] {processor.py:830} INFO - Processing file /home/airflow/.local/lib/python3.12/site-packages/airflow/example_dags/example_branch_labels.py for tasks to queue
[2026-02-28T22:03:25.054+0000] {logging_mixin.py:188} INFO - [2026-02-28T22:03:25.054+0000] {dagbag.py:545} INFO - Filling up the DagBag from /home/airflow/.local/lib/python3.12/site-packages/airflow/example_dags/example_branch_labels.py
[2026-02-28T22:03:25.063+0000] {processor.py:840} INFO - DAG(s) 'example_branch_labels' retrieved from /home/airflow/.local/lib/python3.12/site-packages/airflow/example_dags/example_branch_labels.py
[2026-02-28T22:03:25.085+0000] {logging_mixin.py:188} INFO - [2026-02-28T22:03:25.085+0000] {dag.py:3096} INFO - Sync 1 DAGs
[2026-02-28T22:03:25.101+0000] {logging_mixin.py:188} INFO - [2026-02-28T22:03:25.101+0000] {dag.py:3954} INFO - Setting next_dagrun for example_branch_labels to 2026-02-27 00:00:00+00:00, run_after=2026-02-28 00:00:00+00:00
[2026-02-28T22:03:25.117+0000] {processor.py:183} INFO - Processing /home/airflow/.local/lib/python3.12/site-packages/airflow/example_dags/example_branch_labels.py took 0.074 seconds
[2026-02-28T22:03:55.996+0000] {processor.py:161} INFO - Started process (PID=2729) to work on /home/airflow/.local/lib/python3.12/site-packages/airflow/example_dags/example_branch_labels.py
[2026-02-28T22:03:55.999+0000] {processor.py:830} INFO - Processing file /home/airflow/.local/lib/python3.12/site-packages/airflow/example_dags/example_branch_labels.py for tasks to queue
[2026-02-28T22:03:56.003+0000] {logging_mixin.py:188} INFO - [2026-02-28T22:03:56.002+0000] {dagbag.py:545} INFO - Filling up the DagBag from /home/airflow/.local/lib/python3.12/site-packages/airflow/example_dags/example_branch_labels.py
[2026-02-28T22:03:56.013+0000] {processor.py:840} INFO - DAG(s) 'example_branch_labels' retrieved from /home/airflow/.local/lib/python3.12/site-packages/airflow/example_dags/example_branch_labels.py
[2026-02-28T22:03:56.029+0000] {logging_mixin.py:188} INFO - [2026-02-28T22:03:56.029+0000] {dag.py:3096} INFO - Sync 1 DAGs
[2026-02-28T22:03:56.052+0000] {logging_mixin.py:188} INFO - [2026-02-28T22:03:56.052+0000] {dag.py:3954} INFO - Setting next_dagrun for example_branch_labels to 2026-02-27 00:00:00+00:00, run_after=2026-02-28 00:00:00+00:00
[2026-02-28T22:03:56.068+0000] {processor.py:183} INFO - Processing /home/airflow/.local/lib/python3.12/site-packages/airflow/example_dags/example_branch_labels.py took 0.079 seconds
[2026-02-28T22:04:26.141+0000] {processor.py:161} INFO - Started process (PID=2787) to work on /home/airflow/.local/lib/python3.12/site-packages/airflow/example_dags/example_branch_labels.py
[2026-02-28T22:04:26.143+0000] {processor.py:830} INFO - Processing file /home/airflow/.local/lib/python3.12/site-packages/airflow/example_dags/example_branch_labels.py for tasks to queue
[2026-02-28T22:04:26.147+0000] {logging_mixin.py:188} INFO - [2026-02-28T22:04:26.146+0000] {dagbag.py:545} INFO - Filling up the DagBag from /home/airflow/.local/lib/python3.12/site-packages/airflow/example_dags/example_branch_labels.py
[2026-02-28T22:04:26.161+0000] {processor.py:840} INFO - DAG(s) 'example_branch_labels' retrieved from /home/airflow/.local/lib/python3.12/site-packages/airflow/example_dags/example_branch_labels.py
[2026-02-28T22:04:26.182+0000] {logging_mixin.py:188} INFO - [2026-02-28T22:04:26.182+0000] {dag.py:3096} INFO - Sync 1 DAGs
[2026-02-28T22:04:26.198+0000] {logging_mixin.py:188} INFO - [2026-02-28T22:04:26.198+0000] {dag.py:3954} INFO - Setting next_dagrun for example_branch_labels to 2026-02-27 00:00:00+00:00, run_after=2026-02-28 00:00:00+00:00
[2026-02-28T22:04:26.213+0000] {processor.py:183} INFO - Processing /home/airflow/.local/lib/python3.12/site-packages/airflow/example_dags/example_branch_labels.py took 0.077 seconds
