[2026-02-28T21:39:57.593+0000] {processor.py:161} INFO - Started process (PID=51) to work on /home/airflow/.local/lib/python3.12/site-packages/airflow/example_dags/tutorial.py
[2026-02-28T21:39:57.596+0000] {processor.py:830} INFO - Processing file /home/airflow/.local/lib/python3.12/site-packages/airflow/example_dags/tutorial.py for tasks to queue
[2026-02-28T21:39:57.601+0000] {logging_mixin.py:188} INFO - [2026-02-28T21:39:57.599+0000] {dagbag.py:545} INFO - Filling up the DagBag from /home/airflow/.local/lib/python3.12/site-packages/airflow/example_dags/tutorial.py
[2026-02-28T21:39:57.636+0000] {processor.py:840} INFO - DAG(s) 'tutorial' retrieved from /home/airflow/.local/lib/python3.12/site-packages/airflow/example_dags/tutorial.py
[2026-02-28T21:39:57.674+0000] {logging_mixin.py:188} INFO - [2026-02-28T21:39:57.674+0000] {dag.py:3096} INFO - Sync 1 DAGs
[2026-02-28T21:39:57.723+0000] {logging_mixin.py:188} INFO - [2026-02-28T21:39:57.723+0000] {dag.py:3954} INFO - Setting next_dagrun for tutorial to 2026-02-27 00:00:00+00:00, run_after=2026-02-28 00:00:00+00:00
[2026-02-28T21:39:57.775+0000] {processor.py:183} INFO - Processing /home/airflow/.local/lib/python3.12/site-packages/airflow/example_dags/tutorial.py took 0.196 seconds
[2026-02-28T21:40:28.213+0000] {processor.py:161} INFO - Started process (PID=109) to work on /home/airflow/.local/lib/python3.12/site-packages/airflow/example_dags/tutorial.py
[2026-02-28T21:40:28.214+0000] {processor.py:830} INFO - Processing file /home/airflow/.local/lib/python3.12/site-packages/airflow/example_dags/tutorial.py for tasks to queue
[2026-02-28T21:40:28.215+0000] {logging_mixin.py:188} INFO - [2026-02-28T21:40:28.215+0000] {dagbag.py:545} INFO - Filling up the DagBag from /home/airflow/.local/lib/python3.12/site-packages/airflow/example_dags/tutorial.py
[2026-02-28T21:40:28.218+0000] {processor.py:840} INFO - DAG(s) 'tutorial' retrieved from /home/airflow/.local/lib/python3.12/site-packages/airflow/example_dags/tutorial.py
[2026-02-28T21:40:28.280+0000] {logging_mixin.py:188} INFO - [2026-02-28T21:40:28.280+0000] {dag.py:3096} INFO - Sync 1 DAGs
[2026-02-28T21:40:28.294+0000] {logging_mixin.py:188} INFO - [2026-02-28T21:40:28.293+0000] {dag.py:3954} INFO - Setting next_dagrun for tutorial to 2026-02-27 00:00:00+00:00, run_after=2026-02-28 00:00:00+00:00
[2026-02-28T21:40:28.306+0000] {processor.py:183} INFO - Processing /home/airflow/.local/lib/python3.12/site-packages/airflow/example_dags/tutorial.py took 0.096 seconds
[2026-02-28T21:40:58.630+0000] {processor.py:161} INFO - Started process (PID=167) to work on /home/airflow/.local/lib/python3.12/site-packages/airflow/example_dags/tutorial.py
[2026-02-28T21:40:58.632+0000] {processor.py:830} INFO - Processing file /home/airflow/.local/lib/python3.12/site-packages/airflow/example_dags/tutorial.py for tasks to queue
[2026-02-28T21:40:58.633+0000] {logging_mixin.py:188} INFO - [2026-02-28T21:40:58.633+0000] {dagbag.py:545} INFO - Filling up the DagBag from /home/airflow/.local/lib/python3.12/site-packages/airflow/example_dags/tutorial.py
[2026-02-28T21:40:58.637+0000] {processor.py:840} INFO - DAG(s) 'tutorial' retrieved from /home/airflow/.local/lib/python3.12/site-packages/airflow/example_dags/tutorial.py
[2026-02-28T21:40:58.653+0000] {logging_mixin.py:188} INFO - [2026-02-28T21:40:58.653+0000] {dag.py:3096} INFO - Sync 1 DAGs
[2026-02-28T21:40:58.676+0000] {logging_mixin.py:188} INFO - [2026-02-28T21:40:58.676+0000] {dag.py:3954} INFO - Setting next_dagrun for tutorial to 2026-02-27 00:00:00+00:00, run_after=2026-02-28 00:00:00+00:00
[2026-02-28T21:40:58.690+0000] {processor.py:183} INFO - Processing /home/airflow/.local/lib/python3.12/site-packages/airflow/example_dags/tutorial.py took 0.063 seconds
[2026-02-28T21:41:29.619+0000] {processor.py:161} INFO - Started process (PID=225) to work on /home/airflow/.local/lib/python3.12/site-packages/airflow/example_dags/tutorial.py
[2026-02-28T21:41:29.620+0000] {processor.py:830} INFO - Processing file /home/airflow/.local/lib/python3.12/site-packages/airflow/example_dags/tutorial.py for tasks to queue
[2026-02-28T21:41:29.621+0000] {logging_mixin.py:188} INFO - [2026-02-28T21:41:29.621+0000] {dagbag.py:545} INFO - Filling up the DagBag from /home/airflow/.local/lib/python3.12/site-packages/airflow/example_dags/tutorial.py
[2026-02-28T21:41:29.624+0000] {processor.py:840} INFO - DAG(s) 'tutorial' retrieved from /home/airflow/.local/lib/python3.12/site-packages/airflow/example_dags/tutorial.py
[2026-02-28T21:41:29.634+0000] {logging_mixin.py:188} INFO - [2026-02-28T21:41:29.634+0000] {dag.py:3096} INFO - Sync 1 DAGs
[2026-02-28T21:41:29.644+0000] {logging_mixin.py:188} INFO - [2026-02-28T21:41:29.644+0000] {dag.py:3954} INFO - Setting next_dagrun for tutorial to 2026-02-27 00:00:00+00:00, run_after=2026-02-28 00:00:00+00:00
[2026-02-28T21:41:29.653+0000] {processor.py:183} INFO - Processing /home/airflow/.local/lib/python3.12/site-packages/airflow/example_dags/tutorial.py took 0.037 seconds
[2026-02-28T21:42:00.039+0000] {processor.py:161} INFO - Started process (PID=283) to work on /home/airflow/.local/lib/python3.12/site-packages/airflow/example_dags/tutorial.py
[2026-02-28T21:42:00.040+0000] {processor.py:830} INFO - Processing file /home/airflow/.local/lib/python3.12/site-packages/airflow/example_dags/tutorial.py for tasks to queue
[2026-02-28T21:42:00.041+0000] {logging_mixin.py:188} INFO - [2026-02-28T21:42:00.041+0000] {dagbag.py:545} INFO - Filling up the DagBag from /home/airflow/.local/lib/python3.12/site-packages/airflow/example_dags/tutorial.py
[2026-02-28T21:42:00.045+0000] {processor.py:840} INFO - DAG(s) 'tutorial' retrieved from /home/airflow/.local/lib/python3.12/site-packages/airflow/example_dags/tutorial.py
[2026-02-28T21:42:00.060+0000] {logging_mixin.py:188} INFO - [2026-02-28T21:42:00.059+0000] {dag.py:3096} INFO - Sync 1 DAGs
[2026-02-28T21:42:00.072+0000] {logging_mixin.py:188} INFO - [2026-02-28T21:42:00.072+0000] {dag.py:3954} INFO - Setting next_dagrun for tutorial to 2026-02-27 00:00:00+00:00, run_after=2026-02-28 00:00:00+00:00
[2026-02-28T21:42:00.089+0000] {processor.py:183} INFO - Processing /home/airflow/.local/lib/python3.12/site-packages/airflow/example_dags/tutorial.py took 0.053 seconds
[2026-02-28T21:42:30.421+0000] {processor.py:161} INFO - Started process (PID=342) to work on /home/airflow/.local/lib/python3.12/site-packages/airflow/example_dags/tutorial.py
[2026-02-28T21:42:30.421+0000] {processor.py:830} INFO - Processing file /home/airflow/.local/lib/python3.12/site-packages/airflow/example_dags/tutorial.py for tasks to queue
[2026-02-28T21:42:30.422+0000] {logging_mixin.py:188} INFO - [2026-02-28T21:42:30.422+0000] {dagbag.py:545} INFO - Filling up the DagBag from /home/airflow/.local/lib/python3.12/site-packages/airflow/example_dags/tutorial.py
[2026-02-28T21:42:30.426+0000] {processor.py:840} INFO - DAG(s) 'tutorial' retrieved from /home/airflow/.local/lib/python3.12/site-packages/airflow/example_dags/tutorial.py
[2026-02-28T21:42:30.447+0000] {logging_mixin.py:188} INFO - [2026-02-28T21:42:30.447+0000] {dag.py:3096} INFO - Sync 1 DAGs
[2026-02-28T21:42:30.468+0000] {logging_mixin.py:188} INFO - [2026-02-28T21:42:30.468+0000] {dag.py:3954} INFO - Setting next_dagrun for tutorial to 2026-02-27 00:00:00+00:00, run_after=2026-02-28 00:00:00+00:00
[2026-02-28T21:42:30.487+0000] {processor.py:183} INFO - Processing /home/airflow/.local/lib/python3.12/site-packages/airflow/example_dags/tutorial.py took 0.070 seconds
[2026-02-28T21:43:01.077+0000] {processor.py:161} INFO - Started process (PID=400) to work on /home/airflow/.local/lib/python3.12/site-packages/airflow/example_dags/tutorial.py
[2026-02-28T21:43:01.078+0000] {processor.py:830} INFO - Processing file /home/airflow/.local/lib/python3.12/site-packages/airflow/example_dags/tutorial.py for tasks to queue
[2026-02-28T21:43:01.080+0000] {logging_mixin.py:188} INFO - [2026-02-28T21:43:01.079+0000] {dagbag.py:545} INFO - Filling up the DagBag from /home/airflow/.local/lib/python3.12/site-packages/airflow/example_dags/tutorial.py
[2026-02-28T21:43:01.083+0000] {processor.py:840} INFO - DAG(s) 'tutorial' retrieved from /home/airflow/.local/lib/python3.12/site-packages/airflow/example_dags/tutorial.py
[2026-02-28T21:43:01.098+0000] {logging_mixin.py:188} INFO - [2026-02-28T21:43:01.098+0000] {dag.py:3096} INFO - Sync 1 DAGs
[2026-02-28T21:43:01.113+0000] {logging_mixin.py:188} INFO - [2026-02-28T21:43:01.113+0000] {dag.py:3954} INFO - Setting next_dagrun for tutorial to 2026-02-27 00:00:00+00:00, run_after=2026-02-28 00:00:00+00:00
[2026-02-28T21:43:01.130+0000] {processor.py:183} INFO - Processing /home/airflow/.local/lib/python3.12/site-packages/airflow/example_dags/tutorial.py took 0.056 seconds
[2026-02-28T21:43:31.301+0000] {processor.py:161} INFO - Started process (PID=458) to work on /home/airflow/.local/lib/python3.12/site-packages/airflow/example_dags/tutorial.py
[2026-02-28T21:43:31.302+0000] {processor.py:830} INFO - Processing file /home/airflow/.local/lib/python3.12/site-packages/airflow/example_dags/tutorial.py for tasks to queue
[2026-02-28T21:43:31.303+0000] {logging_mixin.py:188} INFO - [2026-02-28T21:43:31.303+0000] {dagbag.py:545} INFO - Filling up the DagBag from /home/airflow/.local/lib/python3.12/site-packages/airflow/example_dags/tutorial.py
[2026-02-28T21:43:31.307+0000] {processor.py:840} INFO - DAG(s) 'tutorial' retrieved from /home/airflow/.local/lib/python3.12/site-packages/airflow/example_dags/tutorial.py
[2026-02-28T21:43:31.327+0000] {logging_mixin.py:188} INFO - [2026-02-28T21:43:31.327+0000] {dag.py:3096} INFO - Sync 1 DAGs
[2026-02-28T21:43:31.342+0000] {logging_mixin.py:188} INFO - [2026-02-28T21:43:31.341+0000] {dag.py:3954} INFO - Setting next_dagrun for tutorial to 2026-02-27 00:00:00+00:00, run_after=2026-02-28 00:00:00+00:00
[2026-02-28T21:43:31.360+0000] {processor.py:183} INFO - Processing /home/airflow/.local/lib/python3.12/site-packages/airflow/example_dags/tutorial.py took 0.062 seconds
[2026-02-28T21:44:27.769+0000] {processor.py:161} INFO - Started process (PID=516) to work on /home/airflow/.local/lib/python3.12/site-packages/airflow/example_dags/tutorial.py
[2026-02-28T21:44:27.770+0000] {processor.py:830} INFO - Processing file /home/airflow/.local/lib/python3.12/site-packages/airflow/example_dags/tutorial.py for tasks to queue
[2026-02-28T21:44:27.773+0000] {logging_mixin.py:188} INFO - [2026-02-28T21:44:27.772+0000] {dagbag.py:545} INFO - Filling up the DagBag from /home/airflow/.local/lib/python3.12/site-packages/airflow/example_dags/tutorial.py
[2026-02-28T21:44:27.782+0000] {processor.py:840} INFO - DAG(s) 'tutorial' retrieved from /home/airflow/.local/lib/python3.12/site-packages/airflow/example_dags/tutorial.py
[2026-02-28T21:44:27.830+0000] {logging_mixin.py:188} INFO - [2026-02-28T21:44:27.827+0000] {dag.py:3096} INFO - Sync 1 DAGs
[2026-02-28T21:44:27.994+0000] {logging_mixin.py:188} INFO - [2026-02-28T21:44:27.985+0000] {dag.py:3954} INFO - Setting next_dagrun for tutorial to 2026-02-27 00:00:00+00:00, run_after=2026-02-28 00:00:00+00:00
[2026-02-28T21:44:28.047+0000] {processor.py:183} INFO - Processing /home/airflow/.local/lib/python3.12/site-packages/airflow/example_dags/tutorial.py took 0.286 seconds
[2026-02-28T21:44:58.911+0000] {processor.py:161} INFO - Started process (PID=574) to work on /home/airflow/.local/lib/python3.12/site-packages/airflow/example_dags/tutorial.py
[2026-02-28T21:44:58.912+0000] {processor.py:830} INFO - Processing file /home/airflow/.local/lib/python3.12/site-packages/airflow/example_dags/tutorial.py for tasks to queue
[2026-02-28T21:44:58.914+0000] {logging_mixin.py:188} INFO - [2026-02-28T21:44:58.914+0000] {dagbag.py:545} INFO - Filling up the DagBag from /home/airflow/.local/lib/python3.12/site-packages/airflow/example_dags/tutorial.py
[2026-02-28T21:44:58.922+0000] {processor.py:840} INFO - DAG(s) 'tutorial' retrieved from /home/airflow/.local/lib/python3.12/site-packages/airflow/example_dags/tutorial.py
[2026-02-28T21:44:58.942+0000] {logging_mixin.py:188} INFO - [2026-02-28T21:44:58.942+0000] {dag.py:3096} INFO - Sync 1 DAGs
[2026-02-28T21:44:58.957+0000] {logging_mixin.py:188} INFO - [2026-02-28T21:44:58.957+0000] {dag.py:3954} INFO - Setting next_dagrun for tutorial to 2026-02-27 00:00:00+00:00, run_after=2026-02-28 00:00:00+00:00
[2026-02-28T21:44:58.974+0000] {processor.py:183} INFO - Processing /home/airflow/.local/lib/python3.12/site-packages/airflow/example_dags/tutorial.py took 0.068 seconds
[2026-02-28T21:45:29.196+0000] {processor.py:161} INFO - Started process (PID=632) to work on /home/airflow/.local/lib/python3.12/site-packages/airflow/example_dags/tutorial.py
[2026-02-28T21:45:29.197+0000] {processor.py:830} INFO - Processing file /home/airflow/.local/lib/python3.12/site-packages/airflow/example_dags/tutorial.py for tasks to queue
[2026-02-28T21:45:29.199+0000] {logging_mixin.py:188} INFO - [2026-02-28T21:45:29.198+0000] {dagbag.py:545} INFO - Filling up the DagBag from /home/airflow/.local/lib/python3.12/site-packages/airflow/example_dags/tutorial.py
[2026-02-28T21:45:29.203+0000] {processor.py:840} INFO - DAG(s) 'tutorial' retrieved from /home/airflow/.local/lib/python3.12/site-packages/airflow/example_dags/tutorial.py
[2026-02-28T21:45:29.218+0000] {logging_mixin.py:188} INFO - [2026-02-28T21:45:29.218+0000] {dag.py:3096} INFO - Sync 1 DAGs
[2026-02-28T21:45:29.237+0000] {logging_mixin.py:188} INFO - [2026-02-28T21:45:29.237+0000] {dag.py:3954} INFO - Setting next_dagrun for tutorial to 2026-02-27 00:00:00+00:00, run_after=2026-02-28 00:00:00+00:00
[2026-02-28T21:45:29.256+0000] {processor.py:183} INFO - Processing /home/airflow/.local/lib/python3.12/site-packages/airflow/example_dags/tutorial.py took 0.064 seconds
[2026-02-28T21:45:59.528+0000] {processor.py:161} INFO - Started process (PID=690) to work on /home/airflow/.local/lib/python3.12/site-packages/airflow/example_dags/tutorial.py
[2026-02-28T21:45:59.531+0000] {processor.py:830} INFO - Processing file /home/airflow/.local/lib/python3.12/site-packages/airflow/example_dags/tutorial.py for tasks to queue
[2026-02-28T21:45:59.535+0000] {logging_mixin.py:188} INFO - [2026-02-28T21:45:59.534+0000] {dagbag.py:545} INFO - Filling up the DagBag from /home/airflow/.local/lib/python3.12/site-packages/airflow/example_dags/tutorial.py
[2026-02-28T21:45:59.544+0000] {processor.py:840} INFO - DAG(s) 'tutorial' retrieved from /home/airflow/.local/lib/python3.12/site-packages/airflow/example_dags/tutorial.py
[2026-02-28T21:45:59.581+0000] {logging_mixin.py:188} INFO - [2026-02-28T21:45:59.581+0000] {dag.py:3096} INFO - Sync 1 DAGs
[2026-02-28T21:45:59.601+0000] {logging_mixin.py:188} INFO - [2026-02-28T21:45:59.601+0000] {dag.py:3954} INFO - Setting next_dagrun for tutorial to 2026-02-27 00:00:00+00:00, run_after=2026-02-28 00:00:00+00:00
[2026-02-28T21:45:59.620+0000] {processor.py:183} INFO - Processing /home/airflow/.local/lib/python3.12/site-packages/airflow/example_dags/tutorial.py took 0.105 seconds
[2026-02-28T21:46:30.097+0000] {processor.py:161} INFO - Started process (PID=748) to work on /home/airflow/.local/lib/python3.12/site-packages/airflow/example_dags/tutorial.py
[2026-02-28T21:46:30.100+0000] {processor.py:830} INFO - Processing file /home/airflow/.local/lib/python3.12/site-packages/airflow/example_dags/tutorial.py for tasks to queue
[2026-02-28T21:46:30.108+0000] {logging_mixin.py:188} INFO - [2026-02-28T21:46:30.107+0000] {dagbag.py:545} INFO - Filling up the DagBag from /home/airflow/.local/lib/python3.12/site-packages/airflow/example_dags/tutorial.py
[2026-02-28T21:46:30.126+0000] {processor.py:840} INFO - DAG(s) 'tutorial' retrieved from /home/airflow/.local/lib/python3.12/site-packages/airflow/example_dags/tutorial.py
[2026-02-28T21:46:30.164+0000] {logging_mixin.py:188} INFO - [2026-02-28T21:46:30.164+0000] {dag.py:3096} INFO - Sync 1 DAGs
[2026-02-28T21:46:30.218+0000] {logging_mixin.py:188} INFO - [2026-02-28T21:46:30.217+0000] {dag.py:3954} INFO - Setting next_dagrun for tutorial to 2026-02-27 00:00:00+00:00, run_after=2026-02-28 00:00:00+00:00
[2026-02-28T21:46:30.260+0000] {processor.py:183} INFO - Processing /home/airflow/.local/lib/python3.12/site-packages/airflow/example_dags/tutorial.py took 0.188 seconds
[2026-02-28T21:47:00.953+0000] {processor.py:161} INFO - Started process (PID=804) to work on /home/airflow/.local/lib/python3.12/site-packages/airflow/example_dags/tutorial.py
[2026-02-28T21:47:00.960+0000] {processor.py:830} INFO - Processing file /home/airflow/.local/lib/python3.12/site-packages/airflow/example_dags/tutorial.py for tasks to queue
[2026-02-28T21:47:00.963+0000] {logging_mixin.py:188} INFO - [2026-02-28T21:47:00.962+0000] {dagbag.py:545} INFO - Filling up the DagBag from /home/airflow/.local/lib/python3.12/site-packages/airflow/example_dags/tutorial.py
[2026-02-28T21:47:00.980+0000] {processor.py:840} INFO - DAG(s) 'tutorial' retrieved from /home/airflow/.local/lib/python3.12/site-packages/airflow/example_dags/tutorial.py
[2026-02-28T21:47:01.025+0000] {logging_mixin.py:188} INFO - [2026-02-28T21:47:01.025+0000] {dag.py:3096} INFO - Sync 1 DAGs
[2026-02-28T21:47:01.064+0000] {logging_mixin.py:188} INFO - [2026-02-28T21:47:01.064+0000] {dag.py:3954} INFO - Setting next_dagrun for tutorial to 2026-02-27 00:00:00+00:00, run_after=2026-02-28 00:00:00+00:00
[2026-02-28T21:47:01.090+0000] {processor.py:183} INFO - Processing /home/airflow/.local/lib/python3.12/site-packages/airflow/example_dags/tutorial.py took 0.160 seconds
[2026-02-28T21:47:31.892+0000] {processor.py:161} INFO - Started process (PID=862) to work on /home/airflow/.local/lib/python3.12/site-packages/airflow/example_dags/tutorial.py
[2026-02-28T21:47:31.898+0000] {processor.py:830} INFO - Processing file /home/airflow/.local/lib/python3.12/site-packages/airflow/example_dags/tutorial.py for tasks to queue
[2026-02-28T21:47:31.899+0000] {logging_mixin.py:188} INFO - [2026-02-28T21:47:31.899+0000] {dagbag.py:545} INFO - Filling up the DagBag from /home/airflow/.local/lib/python3.12/site-packages/airflow/example_dags/tutorial.py
[2026-02-28T21:47:31.904+0000] {processor.py:840} INFO - DAG(s) 'tutorial' retrieved from /home/airflow/.local/lib/python3.12/site-packages/airflow/example_dags/tutorial.py
[2026-02-28T21:47:31.920+0000] {logging_mixin.py:188} INFO - [2026-02-28T21:47:31.920+0000] {dag.py:3096} INFO - Sync 1 DAGs
[2026-02-28T21:47:31.938+0000] {logging_mixin.py:188} INFO - [2026-02-28T21:47:31.937+0000] {dag.py:3954} INFO - Setting next_dagrun for tutorial to 2026-02-27 00:00:00+00:00, run_after=2026-02-28 00:00:00+00:00
[2026-02-28T21:47:31.952+0000] {processor.py:183} INFO - Processing /home/airflow/.local/lib/python3.12/site-packages/airflow/example_dags/tutorial.py took 0.064 seconds
[2026-02-28T21:48:02.807+0000] {processor.py:161} INFO - Started process (PID=920) to work on /home/airflow/.local/lib/python3.12/site-packages/airflow/example_dags/tutorial.py
[2026-02-28T21:48:02.809+0000] {processor.py:830} INFO - Processing file /home/airflow/.local/lib/python3.12/site-packages/airflow/example_dags/tutorial.py for tasks to queue
[2026-02-28T21:48:02.813+0000] {logging_mixin.py:188} INFO - [2026-02-28T21:48:02.813+0000] {dagbag.py:545} INFO - Filling up the DagBag from /home/airflow/.local/lib/python3.12/site-packages/airflow/example_dags/tutorial.py
[2026-02-28T21:48:02.821+0000] {processor.py:840} INFO - DAG(s) 'tutorial' retrieved from /home/airflow/.local/lib/python3.12/site-packages/airflow/example_dags/tutorial.py
[2026-02-28T21:48:02.844+0000] {logging_mixin.py:188} INFO - [2026-02-28T21:48:02.843+0000] {dag.py:3096} INFO - Sync 1 DAGs
[2026-02-28T21:48:02.860+0000] {logging_mixin.py:188} INFO - [2026-02-28T21:48:02.860+0000] {dag.py:3954} INFO - Setting next_dagrun for tutorial to 2026-02-27 00:00:00+00:00, run_after=2026-02-28 00:00:00+00:00
[2026-02-28T21:48:02.876+0000] {processor.py:183} INFO - Processing /home/airflow/.local/lib/python3.12/site-packages/airflow/example_dags/tutorial.py took 0.077 seconds
[2026-02-28T21:48:33.007+0000] {processor.py:161} INFO - Started process (PID=978) to work on /home/airflow/.local/lib/python3.12/site-packages/airflow/example_dags/tutorial.py
[2026-02-28T21:48:33.008+0000] {processor.py:830} INFO - Processing file /home/airflow/.local/lib/python3.12/site-packages/airflow/example_dags/tutorial.py for tasks to queue
[2026-02-28T21:48:33.009+0000] {logging_mixin.py:188} INFO - [2026-02-28T21:48:33.009+0000] {dagbag.py:545} INFO - Filling up the DagBag from /home/airflow/.local/lib/python3.12/site-packages/airflow/example_dags/tutorial.py
[2026-02-28T21:48:33.012+0000] {processor.py:840} INFO - DAG(s) 'tutorial' retrieved from /home/airflow/.local/lib/python3.12/site-packages/airflow/example_dags/tutorial.py
[2026-02-28T21:48:33.025+0000] {logging_mixin.py:188} INFO - [2026-02-28T21:48:33.025+0000] {dag.py:3096} INFO - Sync 1 DAGs
[2026-02-28T21:48:33.038+0000] {logging_mixin.py:188} INFO - [2026-02-28T21:48:33.037+0000] {dag.py:3954} INFO - Setting next_dagrun for tutorial to 2026-02-27 00:00:00+00:00, run_after=2026-02-28 00:00:00+00:00
[2026-02-28T21:48:33.047+0000] {processor.py:183} INFO - Processing /home/airflow/.local/lib/python3.12/site-packages/airflow/example_dags/tutorial.py took 0.043 seconds
[2026-02-28T21:49:03.463+0000] {processor.py:161} INFO - Started process (PID=1036) to work on /home/airflow/.local/lib/python3.12/site-packages/airflow/example_dags/tutorial.py
[2026-02-28T21:49:03.464+0000] {processor.py:830} INFO - Processing file /home/airflow/.local/lib/python3.12/site-packages/airflow/example_dags/tutorial.py for tasks to queue
[2026-02-28T21:49:03.465+0000] {logging_mixin.py:188} INFO - [2026-02-28T21:49:03.464+0000] {dagbag.py:545} INFO - Filling up the DagBag from /home/airflow/.local/lib/python3.12/site-packages/airflow/example_dags/tutorial.py
[2026-02-28T21:49:03.469+0000] {processor.py:840} INFO - DAG(s) 'tutorial' retrieved from /home/airflow/.local/lib/python3.12/site-packages/airflow/example_dags/tutorial.py
[2026-02-28T21:49:03.485+0000] {logging_mixin.py:188} INFO - [2026-02-28T21:49:03.484+0000] {dag.py:3096} INFO - Sync 1 DAGs
[2026-02-28T21:49:03.498+0000] {logging_mixin.py:188} INFO - [2026-02-28T21:49:03.498+0000] {dag.py:3954} INFO - Setting next_dagrun for tutorial to 2026-02-27 00:00:00+00:00, run_after=2026-02-28 00:00:00+00:00
[2026-02-28T21:49:03.524+0000] {processor.py:183} INFO - Processing /home/airflow/.local/lib/python3.12/site-packages/airflow/example_dags/tutorial.py took 0.066 seconds
[2026-02-28T21:49:33.822+0000] {processor.py:161} INFO - Started process (PID=1094) to work on /home/airflow/.local/lib/python3.12/site-packages/airflow/example_dags/tutorial.py
[2026-02-28T21:49:33.823+0000] {processor.py:830} INFO - Processing file /home/airflow/.local/lib/python3.12/site-packages/airflow/example_dags/tutorial.py for tasks to queue
[2026-02-28T21:49:33.824+0000] {logging_mixin.py:188} INFO - [2026-02-28T21:49:33.824+0000] {dagbag.py:545} INFO - Filling up the DagBag from /home/airflow/.local/lib/python3.12/site-packages/airflow/example_dags/tutorial.py
[2026-02-28T21:49:33.828+0000] {processor.py:840} INFO - DAG(s) 'tutorial' retrieved from /home/airflow/.local/lib/python3.12/site-packages/airflow/example_dags/tutorial.py
[2026-02-28T21:49:33.846+0000] {logging_mixin.py:188} INFO - [2026-02-28T21:49:33.846+0000] {dag.py:3096} INFO - Sync 1 DAGs
[2026-02-28T21:49:33.860+0000] {logging_mixin.py:188} INFO - [2026-02-28T21:49:33.860+0000] {dag.py:3954} INFO - Setting next_dagrun for tutorial to 2026-02-27 00:00:00+00:00, run_after=2026-02-28 00:00:00+00:00
[2026-02-28T21:49:33.886+0000] {processor.py:183} INFO - Processing /home/airflow/.local/lib/python3.12/site-packages/airflow/example_dags/tutorial.py took 0.067 seconds
[2026-02-28T21:50:04.201+0000] {processor.py:161} INFO - Started process (PID=1152) to work on /home/airflow/.local/lib/python3.12/site-packages/airflow/example_dags/tutorial.py
[2026-02-28T21:50:04.202+0000] {processor.py:830} INFO - Processing file /home/airflow/.local/lib/python3.12/site-packages/airflow/example_dags/tutorial.py for tasks to queue
[2026-02-28T21:50:04.203+0000] {logging_mixin.py:188} INFO - [2026-02-28T21:50:04.203+0000] {dagbag.py:545} INFO - Filling up the DagBag from /home/airflow/.local/lib/python3.12/site-packages/airflow/example_dags/tutorial.py
[2026-02-28T21:50:04.207+0000] {processor.py:840} INFO - DAG(s) 'tutorial' retrieved from /home/airflow/.local/lib/python3.12/site-packages/airflow/example_dags/tutorial.py
[2026-02-28T21:50:04.219+0000] {logging_mixin.py:188} INFO - [2026-02-28T21:50:04.219+0000] {dag.py:3096} INFO - Sync 1 DAGs
[2026-02-28T21:50:04.236+0000] {logging_mixin.py:188} INFO - [2026-02-28T21:50:04.236+0000] {dag.py:3954} INFO - Setting next_dagrun for tutorial to 2026-02-27 00:00:00+00:00, run_after=2026-02-28 00:00:00+00:00
[2026-02-28T21:50:04.256+0000] {processor.py:183} INFO - Processing /home/airflow/.local/lib/python3.12/site-packages/airflow/example_dags/tutorial.py took 0.059 seconds
[2026-02-28T21:50:34.784+0000] {processor.py:161} INFO - Started process (PID=1210) to work on /home/airflow/.local/lib/python3.12/site-packages/airflow/example_dags/tutorial.py
[2026-02-28T21:50:34.786+0000] {processor.py:830} INFO - Processing file /home/airflow/.local/lib/python3.12/site-packages/airflow/example_dags/tutorial.py for tasks to queue
[2026-02-28T21:50:34.791+0000] {logging_mixin.py:188} INFO - [2026-02-28T21:50:34.790+0000] {dagbag.py:545} INFO - Filling up the DagBag from /home/airflow/.local/lib/python3.12/site-packages/airflow/example_dags/tutorial.py
[2026-02-28T21:50:34.796+0000] {processor.py:840} INFO - DAG(s) 'tutorial' retrieved from /home/airflow/.local/lib/python3.12/site-packages/airflow/example_dags/tutorial.py
[2026-02-28T21:50:34.827+0000] {logging_mixin.py:188} INFO - [2026-02-28T21:50:34.826+0000] {dag.py:3096} INFO - Sync 1 DAGs
[2026-02-28T21:50:34.854+0000] {logging_mixin.py:188} INFO - [2026-02-28T21:50:34.853+0000] {dag.py:3954} INFO - Setting next_dagrun for tutorial to 2026-02-27 00:00:00+00:00, run_after=2026-02-28 00:00:00+00:00
[2026-02-28T21:50:34.878+0000] {processor.py:183} INFO - Processing /home/airflow/.local/lib/python3.12/site-packages/airflow/example_dags/tutorial.py took 0.103 seconds
[2026-02-28T21:51:04.944+0000] {processor.py:161} INFO - Started process (PID=1268) to work on /home/airflow/.local/lib/python3.12/site-packages/airflow/example_dags/tutorial.py
[2026-02-28T21:51:04.945+0000] {processor.py:830} INFO - Processing file /home/airflow/.local/lib/python3.12/site-packages/airflow/example_dags/tutorial.py for tasks to queue
[2026-02-28T21:51:04.946+0000] {logging_mixin.py:188} INFO - [2026-02-28T21:51:04.946+0000] {dagbag.py:545} INFO - Filling up the DagBag from /home/airflow/.local/lib/python3.12/site-packages/airflow/example_dags/tutorial.py
[2026-02-28T21:51:04.950+0000] {processor.py:840} INFO - DAG(s) 'tutorial' retrieved from /home/airflow/.local/lib/python3.12/site-packages/airflow/example_dags/tutorial.py
[2026-02-28T21:51:04.968+0000] {logging_mixin.py:188} INFO - [2026-02-28T21:51:04.968+0000] {dag.py:3096} INFO - Sync 1 DAGs
[2026-02-28T21:51:04.988+0000] {logging_mixin.py:188} INFO - [2026-02-28T21:51:04.987+0000] {dag.py:3954} INFO - Setting next_dagrun for tutorial to 2026-02-27 00:00:00+00:00, run_after=2026-02-28 00:00:00+00:00
[2026-02-28T21:51:05.010+0000] {processor.py:183} INFO - Processing /home/airflow/.local/lib/python3.12/site-packages/airflow/example_dags/tutorial.py took 0.069 seconds
[2026-02-28T21:51:35.272+0000] {processor.py:161} INFO - Started process (PID=1326) to work on /home/airflow/.local/lib/python3.12/site-packages/airflow/example_dags/tutorial.py
[2026-02-28T21:51:35.273+0000] {processor.py:830} INFO - Processing file /home/airflow/.local/lib/python3.12/site-packages/airflow/example_dags/tutorial.py for tasks to queue
[2026-02-28T21:51:35.274+0000] {logging_mixin.py:188} INFO - [2026-02-28T21:51:35.274+0000] {dagbag.py:545} INFO - Filling up the DagBag from /home/airflow/.local/lib/python3.12/site-packages/airflow/example_dags/tutorial.py
[2026-02-28T21:51:35.277+0000] {processor.py:840} INFO - DAG(s) 'tutorial' retrieved from /home/airflow/.local/lib/python3.12/site-packages/airflow/example_dags/tutorial.py
[2026-02-28T21:51:35.287+0000] {logging_mixin.py:188} INFO - [2026-02-28T21:51:35.287+0000] {dag.py:3096} INFO - Sync 1 DAGs
[2026-02-28T21:51:35.296+0000] {logging_mixin.py:188} INFO - [2026-02-28T21:51:35.296+0000] {dag.py:3954} INFO - Setting next_dagrun for tutorial to 2026-02-27 00:00:00+00:00, run_after=2026-02-28 00:00:00+00:00
[2026-02-28T21:51:35.305+0000] {processor.py:183} INFO - Processing /home/airflow/.local/lib/python3.12/site-packages/airflow/example_dags/tutorial.py took 0.036 seconds
[2026-02-28T21:52:06.565+0000] {processor.py:161} INFO - Started process (PID=1384) to work on /home/airflow/.local/lib/python3.12/site-packages/airflow/example_dags/tutorial.py
[2026-02-28T21:52:06.566+0000] {processor.py:830} INFO - Processing file /home/airflow/.local/lib/python3.12/site-packages/airflow/example_dags/tutorial.py for tasks to queue
[2026-02-28T21:52:06.567+0000] {logging_mixin.py:188} INFO - [2026-02-28T21:52:06.567+0000] {dagbag.py:545} INFO - Filling up the DagBag from /home/airflow/.local/lib/python3.12/site-packages/airflow/example_dags/tutorial.py
[2026-02-28T21:52:06.571+0000] {processor.py:840} INFO - DAG(s) 'tutorial' retrieved from /home/airflow/.local/lib/python3.12/site-packages/airflow/example_dags/tutorial.py
[2026-02-28T21:52:06.584+0000] {logging_mixin.py:188} INFO - [2026-02-28T21:52:06.583+0000] {dag.py:3096} INFO - Sync 1 DAGs
[2026-02-28T21:52:06.750+0000] {logging_mixin.py:188} INFO - [2026-02-28T21:52:06.750+0000] {dag.py:3954} INFO - Setting next_dagrun for tutorial to 2026-02-27 00:00:00+00:00, run_after=2026-02-28 00:00:00+00:00
[2026-02-28T21:52:06.762+0000] {processor.py:183} INFO - Processing /home/airflow/.local/lib/python3.12/site-packages/airflow/example_dags/tutorial.py took 0.202 seconds
[2026-02-28T21:52:37.401+0000] {processor.py:161} INFO - Started process (PID=1442) to work on /home/airflow/.local/lib/python3.12/site-packages/airflow/example_dags/tutorial.py
[2026-02-28T21:52:37.403+0000] {processor.py:830} INFO - Processing file /home/airflow/.local/lib/python3.12/site-packages/airflow/example_dags/tutorial.py for tasks to queue
[2026-02-28T21:52:37.405+0000] {logging_mixin.py:188} INFO - [2026-02-28T21:52:37.405+0000] {dagbag.py:545} INFO - Filling up the DagBag from /home/airflow/.local/lib/python3.12/site-packages/airflow/example_dags/tutorial.py
[2026-02-28T21:52:37.410+0000] {processor.py:840} INFO - DAG(s) 'tutorial' retrieved from /home/airflow/.local/lib/python3.12/site-packages/airflow/example_dags/tutorial.py
[2026-02-28T21:52:37.421+0000] {logging_mixin.py:188} INFO - [2026-02-28T21:52:37.421+0000] {dag.py:3096} INFO - Sync 1 DAGs
[2026-02-28T21:52:37.553+0000] {logging_mixin.py:188} INFO - [2026-02-28T21:52:37.552+0000] {dag.py:3954} INFO - Setting next_dagrun for tutorial to 2026-02-27 00:00:00+00:00, run_after=2026-02-28 00:00:00+00:00
[2026-02-28T21:52:37.570+0000] {processor.py:183} INFO - Processing /home/airflow/.local/lib/python3.12/site-packages/airflow/example_dags/tutorial.py took 0.173 seconds
[2026-02-28T21:53:08.606+0000] {processor.py:161} INFO - Started process (PID=1500) to work on /home/airflow/.local/lib/python3.12/site-packages/airflow/example_dags/tutorial.py
[2026-02-28T21:53:08.609+0000] {processor.py:830} INFO - Processing file /home/airflow/.local/lib/python3.12/site-packages/airflow/example_dags/tutorial.py for tasks to queue
[2026-02-28T21:53:08.618+0000] {logging_mixin.py:188} INFO - [2026-02-28T21:53:08.614+0000] {dagbag.py:545} INFO - Filling up the DagBag from /home/airflow/.local/lib/python3.12/site-packages/airflow/example_dags/tutorial.py
[2026-02-28T21:53:08.650+0000] {processor.py:840} INFO - DAG(s) 'tutorial' retrieved from /home/airflow/.local/lib/python3.12/site-packages/airflow/example_dags/tutorial.py
[2026-02-28T21:53:08.685+0000] {logging_mixin.py:188} INFO - [2026-02-28T21:53:08.685+0000] {dag.py:3096} INFO - Sync 1 DAGs
[2026-02-28T21:53:09.006+0000] {logging_mixin.py:188} INFO - [2026-02-28T21:53:09.006+0000] {dag.py:3954} INFO - Setting next_dagrun for tutorial to 2026-02-27 00:00:00+00:00, run_after=2026-02-28 00:00:00+00:00
[2026-02-28T21:53:09.021+0000] {processor.py:183} INFO - Processing /home/airflow/.local/lib/python3.12/site-packages/airflow/example_dags/tutorial.py took 0.425 seconds
[2026-02-28T21:53:39.639+0000] {processor.py:161} INFO - Started process (PID=1558) to work on /home/airflow/.local/lib/python3.12/site-packages/airflow/example_dags/tutorial.py
[2026-02-28T21:53:39.643+0000] {processor.py:830} INFO - Processing file /home/airflow/.local/lib/python3.12/site-packages/airflow/example_dags/tutorial.py for tasks to queue
[2026-02-28T21:53:39.645+0000] {logging_mixin.py:188} INFO - [2026-02-28T21:53:39.645+0000] {dagbag.py:545} INFO - Filling up the DagBag from /home/airflow/.local/lib/python3.12/site-packages/airflow/example_dags/tutorial.py
[2026-02-28T21:53:39.659+0000] {processor.py:840} INFO - DAG(s) 'tutorial' retrieved from /home/airflow/.local/lib/python3.12/site-packages/airflow/example_dags/tutorial.py
[2026-02-28T21:53:39.708+0000] {logging_mixin.py:188} INFO - [2026-02-28T21:53:39.707+0000] {dag.py:3096} INFO - Sync 1 DAGs
[2026-02-28T21:53:40.222+0000] {logging_mixin.py:188} INFO - [2026-02-28T21:53:40.222+0000] {dag.py:3954} INFO - Setting next_dagrun for tutorial to 2026-02-27 00:00:00+00:00, run_after=2026-02-28 00:00:00+00:00
[2026-02-28T21:53:40.237+0000] {processor.py:183} INFO - Processing /home/airflow/.local/lib/python3.12/site-packages/airflow/example_dags/tutorial.py took 0.606 seconds
[2026-02-28T21:54:10.455+0000] {processor.py:161} INFO - Started process (PID=1616) to work on /home/airflow/.local/lib/python3.12/site-packages/airflow/example_dags/tutorial.py
[2026-02-28T21:54:10.457+0000] {processor.py:830} INFO - Processing file /home/airflow/.local/lib/python3.12/site-packages/airflow/example_dags/tutorial.py for tasks to queue
[2026-02-28T21:54:10.460+0000] {logging_mixin.py:188} INFO - [2026-02-28T21:54:10.460+0000] {dagbag.py:545} INFO - Filling up the DagBag from /home/airflow/.local/lib/python3.12/site-packages/airflow/example_dags/tutorial.py
[2026-02-28T21:54:10.465+0000] {processor.py:840} INFO - DAG(s) 'tutorial' retrieved from /home/airflow/.local/lib/python3.12/site-packages/airflow/example_dags/tutorial.py
[2026-02-28T21:54:10.481+0000] {logging_mixin.py:188} INFO - [2026-02-28T21:54:10.481+0000] {dag.py:3096} INFO - Sync 1 DAGs
[2026-02-28T21:54:10.503+0000] {logging_mixin.py:188} INFO - [2026-02-28T21:54:10.502+0000] {dag.py:3954} INFO - Setting next_dagrun for tutorial to 2026-02-27 00:00:00+00:00, run_after=2026-02-28 00:00:00+00:00
[2026-02-28T21:54:10.523+0000] {processor.py:183} INFO - Processing /home/airflow/.local/lib/python3.12/site-packages/airflow/example_dags/tutorial.py took 0.072 seconds
[2026-02-28T21:54:41.149+0000] {processor.py:161} INFO - Started process (PID=1674) to work on /home/airflow/.local/lib/python3.12/site-packages/airflow/example_dags/tutorial.py
[2026-02-28T21:54:41.150+0000] {processor.py:830} INFO - Processing file /home/airflow/.local/lib/python3.12/site-packages/airflow/example_dags/tutorial.py for tasks to queue
[2026-02-28T21:54:41.151+0000] {logging_mixin.py:188} INFO - [2026-02-28T21:54:41.151+0000] {dagbag.py:545} INFO - Filling up the DagBag from /home/airflow/.local/lib/python3.12/site-packages/airflow/example_dags/tutorial.py
[2026-02-28T21:54:41.155+0000] {processor.py:840} INFO - DAG(s) 'tutorial' retrieved from /home/airflow/.local/lib/python3.12/site-packages/airflow/example_dags/tutorial.py
[2026-02-28T21:54:41.173+0000] {logging_mixin.py:188} INFO - [2026-02-28T21:54:41.172+0000] {dag.py:3096} INFO - Sync 1 DAGs
[2026-02-28T21:54:41.187+0000] {logging_mixin.py:188} INFO - [2026-02-28T21:54:41.187+0000] {dag.py:3954} INFO - Setting next_dagrun for tutorial to 2026-02-27 00:00:00+00:00, run_after=2026-02-28 00:00:00+00:00
[2026-02-28T21:54:41.203+0000] {processor.py:183} INFO - Processing /home/airflow/.local/lib/python3.12/site-packages/airflow/example_dags/tutorial.py took 0.057 seconds
[2026-02-28T21:55:11.692+0000] {processor.py:161} INFO - Started process (PID=1735) to work on /home/airflow/.local/lib/python3.12/site-packages/airflow/example_dags/tutorial.py
[2026-02-28T21:55:11.693+0000] {processor.py:830} INFO - Processing file /home/airflow/.local/lib/python3.12/site-packages/airflow/example_dags/tutorial.py for tasks to queue
[2026-02-28T21:55:11.696+0000] {logging_mixin.py:188} INFO - [2026-02-28T21:55:11.696+0000] {dagbag.py:545} INFO - Filling up the DagBag from /home/airflow/.local/lib/python3.12/site-packages/airflow/example_dags/tutorial.py
[2026-02-28T21:55:11.702+0000] {processor.py:840} INFO - DAG(s) 'tutorial' retrieved from /home/airflow/.local/lib/python3.12/site-packages/airflow/example_dags/tutorial.py
[2026-02-28T21:55:11.718+0000] {logging_mixin.py:188} INFO - [2026-02-28T21:55:11.718+0000] {dag.py:3096} INFO - Sync 1 DAGs
[2026-02-28T21:55:11.752+0000] {logging_mixin.py:188} INFO - [2026-02-28T21:55:11.751+0000] {dag.py:3954} INFO - Setting next_dagrun for tutorial to 2026-02-27 00:00:00+00:00, run_after=2026-02-28 00:00:00+00:00
[2026-02-28T21:55:11.764+0000] {processor.py:183} INFO - Processing /home/airflow/.local/lib/python3.12/site-packages/airflow/example_dags/tutorial.py took 0.077 seconds
[2026-02-28T21:55:42.585+0000] {processor.py:161} INFO - Started process (PID=1793) to work on /home/airflow/.local/lib/python3.12/site-packages/airflow/example_dags/tutorial.py
[2026-02-28T21:55:42.586+0000] {processor.py:830} INFO - Processing file /home/airflow/.local/lib/python3.12/site-packages/airflow/example_dags/tutorial.py for tasks to queue
[2026-02-28T21:55:42.587+0000] {logging_mixin.py:188} INFO - [2026-02-28T21:55:42.587+0000] {dagbag.py:545} INFO - Filling up the DagBag from /home/airflow/.local/lib/python3.12/site-packages/airflow/example_dags/tutorial.py
[2026-02-28T21:55:42.595+0000] {processor.py:840} INFO - DAG(s) 'tutorial' retrieved from /home/airflow/.local/lib/python3.12/site-packages/airflow/example_dags/tutorial.py
[2026-02-28T21:55:42.621+0000] {logging_mixin.py:188} INFO - [2026-02-28T21:55:42.621+0000] {dag.py:3096} INFO - Sync 1 DAGs
[2026-02-28T21:55:42.648+0000] {logging_mixin.py:188} INFO - [2026-02-28T21:55:42.647+0000] {dag.py:3954} INFO - Setting next_dagrun for tutorial to 2026-02-27 00:00:00+00:00, run_after=2026-02-28 00:00:00+00:00
[2026-02-28T21:55:42.667+0000] {processor.py:183} INFO - Processing /home/airflow/.local/lib/python3.12/site-packages/airflow/example_dags/tutorial.py took 0.086 seconds
[2026-02-28T21:56:13.009+0000] {processor.py:161} INFO - Started process (PID=1851) to work on /home/airflow/.local/lib/python3.12/site-packages/airflow/example_dags/tutorial.py
[2026-02-28T21:56:13.010+0000] {processor.py:830} INFO - Processing file /home/airflow/.local/lib/python3.12/site-packages/airflow/example_dags/tutorial.py for tasks to queue
[2026-02-28T21:56:13.011+0000] {logging_mixin.py:188} INFO - [2026-02-28T21:56:13.011+0000] {dagbag.py:545} INFO - Filling up the DagBag from /home/airflow/.local/lib/python3.12/site-packages/airflow/example_dags/tutorial.py
[2026-02-28T21:56:13.015+0000] {processor.py:840} INFO - DAG(s) 'tutorial' retrieved from /home/airflow/.local/lib/python3.12/site-packages/airflow/example_dags/tutorial.py
[2026-02-28T21:56:13.027+0000] {logging_mixin.py:188} INFO - [2026-02-28T21:56:13.027+0000] {dag.py:3096} INFO - Sync 1 DAGs
[2026-02-28T21:56:13.037+0000] {logging_mixin.py:188} INFO - [2026-02-28T21:56:13.037+0000] {dag.py:3954} INFO - Setting next_dagrun for tutorial to 2026-02-27 00:00:00+00:00, run_after=2026-02-28 00:00:00+00:00
[2026-02-28T21:56:13.047+0000] {processor.py:183} INFO - Processing /home/airflow/.local/lib/python3.12/site-packages/airflow/example_dags/tutorial.py took 0.042 seconds
[2026-02-28T21:56:43.185+0000] {processor.py:161} INFO - Started process (PID=1909) to work on /home/airflow/.local/lib/python3.12/site-packages/airflow/example_dags/tutorial.py
[2026-02-28T21:56:43.186+0000] {processor.py:830} INFO - Processing file /home/airflow/.local/lib/python3.12/site-packages/airflow/example_dags/tutorial.py for tasks to queue
[2026-02-28T21:56:43.188+0000] {logging_mixin.py:188} INFO - [2026-02-28T21:56:43.188+0000] {dagbag.py:545} INFO - Filling up the DagBag from /home/airflow/.local/lib/python3.12/site-packages/airflow/example_dags/tutorial.py
[2026-02-28T21:56:43.194+0000] {processor.py:840} INFO - DAG(s) 'tutorial' retrieved from /home/airflow/.local/lib/python3.12/site-packages/airflow/example_dags/tutorial.py
[2026-02-28T21:56:43.205+0000] {logging_mixin.py:188} INFO - [2026-02-28T21:56:43.205+0000] {dag.py:3096} INFO - Sync 1 DAGs
[2026-02-28T21:56:43.216+0000] {logging_mixin.py:188} INFO - [2026-02-28T21:56:43.216+0000] {dag.py:3954} INFO - Setting next_dagrun for tutorial to 2026-02-27 00:00:00+00:00, run_after=2026-02-28 00:00:00+00:00
[2026-02-28T21:56:43.225+0000] {processor.py:183} INFO - Processing /home/airflow/.local/lib/python3.12/site-packages/airflow/example_dags/tutorial.py took 0.043 seconds
[2026-02-28T21:57:13.848+0000] {processor.py:161} INFO - Started process (PID=1967) to work on /home/airflow/.local/lib/python3.12/site-packages/airflow/example_dags/tutorial.py
[2026-02-28T21:57:13.850+0000] {processor.py:830} INFO - Processing file /home/airflow/.local/lib/python3.12/site-packages/airflow/example_dags/tutorial.py for tasks to queue
[2026-02-28T21:57:13.852+0000] {logging_mixin.py:188} INFO - [2026-02-28T21:57:13.852+0000] {dagbag.py:545} INFO - Filling up the DagBag from /home/airflow/.local/lib/python3.12/site-packages/airflow/example_dags/tutorial.py
[2026-02-28T21:57:13.870+0000] {processor.py:840} INFO - DAG(s) 'tutorial' retrieved from /home/airflow/.local/lib/python3.12/site-packages/airflow/example_dags/tutorial.py
[2026-02-28T21:57:13.957+0000] {logging_mixin.py:188} INFO - [2026-02-28T21:57:13.955+0000] {dag.py:3096} INFO - Sync 1 DAGs
[2026-02-28T21:57:14.011+0000] {logging_mixin.py:188} INFO - [2026-02-28T21:57:14.010+0000] {dag.py:3954} INFO - Setting next_dagrun for tutorial to 2026-02-27 00:00:00+00:00, run_after=2026-02-28 00:00:00+00:00
[2026-02-28T21:57:14.040+0000] {processor.py:183} INFO - Processing /home/airflow/.local/lib/python3.12/site-packages/airflow/example_dags/tutorial.py took 0.197 seconds
[2026-02-28T21:57:44.913+0000] {processor.py:161} INFO - Started process (PID=2025) to work on /home/airflow/.local/lib/python3.12/site-packages/airflow/example_dags/tutorial.py
[2026-02-28T21:57:44.914+0000] {processor.py:830} INFO - Processing file /home/airflow/.local/lib/python3.12/site-packages/airflow/example_dags/tutorial.py for tasks to queue
[2026-02-28T21:57:44.916+0000] {logging_mixin.py:188} INFO - [2026-02-28T21:57:44.916+0000] {dagbag.py:545} INFO - Filling up the DagBag from /home/airflow/.local/lib/python3.12/site-packages/airflow/example_dags/tutorial.py
[2026-02-28T21:57:44.925+0000] {processor.py:840} INFO - DAG(s) 'tutorial' retrieved from /home/airflow/.local/lib/python3.12/site-packages/airflow/example_dags/tutorial.py
[2026-02-28T21:57:44.949+0000] {logging_mixin.py:188} INFO - [2026-02-28T21:57:44.948+0000] {dag.py:3096} INFO - Sync 1 DAGs
[2026-02-28T21:57:44.970+0000] {logging_mixin.py:188} INFO - [2026-02-28T21:57:44.970+0000] {dag.py:3954} INFO - Setting next_dagrun for tutorial to 2026-02-27 00:00:00+00:00, run_after=2026-02-28 00:00:00+00:00
[2026-02-28T21:57:44.987+0000] {processor.py:183} INFO - Processing /home/airflow/.local/lib/python3.12/site-packages/airflow/example_dags/tutorial.py took 0.079 seconds
[2026-02-28T21:58:15.541+0000] {processor.py:161} INFO - Started process (PID=2083) to work on /home/airflow/.local/lib/python3.12/site-packages/airflow/example_dags/tutorial.py
[2026-02-28T21:58:15.542+0000] {processor.py:830} INFO - Processing file /home/airflow/.local/lib/python3.12/site-packages/airflow/example_dags/tutorial.py for tasks to queue
[2026-02-28T21:58:15.545+0000] {logging_mixin.py:188} INFO - [2026-02-28T21:58:15.545+0000] {dagbag.py:545} INFO - Filling up the DagBag from /home/airflow/.local/lib/python3.12/site-packages/airflow/example_dags/tutorial.py
[2026-02-28T21:58:15.550+0000] {processor.py:840} INFO - DAG(s) 'tutorial' retrieved from /home/airflow/.local/lib/python3.12/site-packages/airflow/example_dags/tutorial.py
[2026-02-28T21:58:15.568+0000] {logging_mixin.py:188} INFO - [2026-02-28T21:58:15.567+0000] {dag.py:3096} INFO - Sync 1 DAGs
[2026-02-28T21:58:15.744+0000] {logging_mixin.py:188} INFO - [2026-02-28T21:58:15.741+0000] {dag.py:3954} INFO - Setting next_dagrun for tutorial to 2026-02-27 00:00:00+00:00, run_after=2026-02-28 00:00:00+00:00
[2026-02-28T21:58:15.765+0000] {processor.py:183} INFO - Processing /home/airflow/.local/lib/python3.12/site-packages/airflow/example_dags/tutorial.py took 0.228 seconds
[2026-02-28T21:58:46.208+0000] {processor.py:161} INFO - Started process (PID=2141) to work on /home/airflow/.local/lib/python3.12/site-packages/airflow/example_dags/tutorial.py
[2026-02-28T21:58:46.209+0000] {processor.py:830} INFO - Processing file /home/airflow/.local/lib/python3.12/site-packages/airflow/example_dags/tutorial.py for tasks to queue
[2026-02-28T21:58:46.210+0000] {logging_mixin.py:188} INFO - [2026-02-28T21:58:46.210+0000] {dagbag.py:545} INFO - Filling up the DagBag from /home/airflow/.local/lib/python3.12/site-packages/airflow/example_dags/tutorial.py
[2026-02-28T21:58:46.214+0000] {processor.py:840} INFO - DAG(s) 'tutorial' retrieved from /home/airflow/.local/lib/python3.12/site-packages/airflow/example_dags/tutorial.py
[2026-02-28T21:58:46.226+0000] {logging_mixin.py:188} INFO - [2026-02-28T21:58:46.226+0000] {dag.py:3096} INFO - Sync 1 DAGs
[2026-02-28T21:58:46.333+0000] {logging_mixin.py:188} INFO - [2026-02-28T21:58:46.332+0000] {dag.py:3954} INFO - Setting next_dagrun for tutorial to 2026-02-27 00:00:00+00:00, run_after=2026-02-28 00:00:00+00:00
[2026-02-28T21:58:46.340+0000] {processor.py:183} INFO - Processing /home/airflow/.local/lib/python3.12/site-packages/airflow/example_dags/tutorial.py took 0.135 seconds
[2026-02-28T21:59:16.864+0000] {processor.py:161} INFO - Started process (PID=2199) to work on /home/airflow/.local/lib/python3.12/site-packages/airflow/example_dags/tutorial.py
[2026-02-28T21:59:16.865+0000] {processor.py:830} INFO - Processing file /home/airflow/.local/lib/python3.12/site-packages/airflow/example_dags/tutorial.py for tasks to queue
[2026-02-28T21:59:16.866+0000] {logging_mixin.py:188} INFO - [2026-02-28T21:59:16.866+0000] {dagbag.py:545} INFO - Filling up the DagBag from /home/airflow/.local/lib/python3.12/site-packages/airflow/example_dags/tutorial.py
[2026-02-28T21:59:16.871+0000] {processor.py:840} INFO - DAG(s) 'tutorial' retrieved from /home/airflow/.local/lib/python3.12/site-packages/airflow/example_dags/tutorial.py
[2026-02-28T21:59:16.884+0000] {logging_mixin.py:188} INFO - [2026-02-28T21:59:16.884+0000] {dag.py:3096} INFO - Sync 1 DAGs
[2026-02-28T21:59:17.037+0000] {logging_mixin.py:188} INFO - [2026-02-28T21:59:17.037+0000] {dag.py:3954} INFO - Setting next_dagrun for tutorial to 2026-02-27 00:00:00+00:00, run_after=2026-02-28 00:00:00+00:00
[2026-02-28T21:59:17.046+0000] {processor.py:183} INFO - Processing /home/airflow/.local/lib/python3.12/site-packages/airflow/example_dags/tutorial.py took 0.188 seconds
[2026-02-28T21:59:47.215+0000] {processor.py:161} INFO - Started process (PID=2257) to work on /home/airflow/.local/lib/python3.12/site-packages/airflow/example_dags/tutorial.py
[2026-02-28T21:59:47.216+0000] {processor.py:830} INFO - Processing file /home/airflow/.local/lib/python3.12/site-packages/airflow/example_dags/tutorial.py for tasks to queue
[2026-02-28T21:59:47.220+0000] {logging_mixin.py:188} INFO - [2026-02-28T21:59:47.219+0000] {dagbag.py:545} INFO - Filling up the DagBag from /home/airflow/.local/lib/python3.12/site-packages/airflow/example_dags/tutorial.py
[2026-02-28T21:59:47.228+0000] {processor.py:840} INFO - DAG(s) 'tutorial' retrieved from /home/airflow/.local/lib/python3.12/site-packages/airflow/example_dags/tutorial.py
[2026-02-28T21:59:47.454+0000] {logging_mixin.py:188} INFO - [2026-02-28T21:59:47.453+0000] {dag.py:3096} INFO - Sync 1 DAGs
[2026-02-28T21:59:47.785+0000] {logging_mixin.py:188} INFO - [2026-02-28T21:59:47.785+0000] {dag.py:3954} INFO - Setting next_dagrun for tutorial to 2026-02-27 00:00:00+00:00, run_after=2026-02-28 00:00:00+00:00
[2026-02-28T21:59:47.804+0000] {processor.py:183} INFO - Processing /home/airflow/.local/lib/python3.12/site-packages/airflow/example_dags/tutorial.py took 0.593 seconds
[2026-02-28T22:00:18.080+0000] {processor.py:161} INFO - Started process (PID=2315) to work on /home/airflow/.local/lib/python3.12/site-packages/airflow/example_dags/tutorial.py
[2026-02-28T22:00:18.082+0000] {processor.py:830} INFO - Processing file /home/airflow/.local/lib/python3.12/site-packages/airflow/example_dags/tutorial.py for tasks to queue
[2026-02-28T22:00:18.083+0000] {logging_mixin.py:188} INFO - [2026-02-28T22:00:18.083+0000] {dagbag.py:545} INFO - Filling up the DagBag from /home/airflow/.local/lib/python3.12/site-packages/airflow/example_dags/tutorial.py
[2026-02-28T22:00:18.088+0000] {processor.py:840} INFO - DAG(s) 'tutorial' retrieved from /home/airflow/.local/lib/python3.12/site-packages/airflow/example_dags/tutorial.py
[2026-02-28T22:00:18.103+0000] {logging_mixin.py:188} INFO - [2026-02-28T22:00:18.103+0000] {dag.py:3096} INFO - Sync 1 DAGs
[2026-02-28T22:00:18.248+0000] {logging_mixin.py:188} INFO - [2026-02-28T22:00:18.247+0000] {dag.py:3954} INFO - Setting next_dagrun for tutorial to 2026-02-27 00:00:00+00:00, run_after=2026-02-28 00:00:00+00:00
[2026-02-28T22:00:18.260+0000] {processor.py:183} INFO - Processing /home/airflow/.local/lib/python3.12/site-packages/airflow/example_dags/tutorial.py took 0.183 seconds
[2026-02-28T22:00:48.306+0000] {processor.py:161} INFO - Started process (PID=2373) to work on /home/airflow/.local/lib/python3.12/site-packages/airflow/example_dags/tutorial.py
[2026-02-28T22:00:48.308+0000] {processor.py:830} INFO - Processing file /home/airflow/.local/lib/python3.12/site-packages/airflow/example_dags/tutorial.py for tasks to queue
[2026-02-28T22:00:48.310+0000] {logging_mixin.py:188} INFO - [2026-02-28T22:00:48.310+0000] {dagbag.py:545} INFO - Filling up the DagBag from /home/airflow/.local/lib/python3.12/site-packages/airflow/example_dags/tutorial.py
[2026-02-28T22:00:48.314+0000] {processor.py:840} INFO - DAG(s) 'tutorial' retrieved from /home/airflow/.local/lib/python3.12/site-packages/airflow/example_dags/tutorial.py
[2026-02-28T22:00:48.341+0000] {logging_mixin.py:188} INFO - [2026-02-28T22:00:48.341+0000] {dag.py:3096} INFO - Sync 1 DAGs
[2026-02-28T22:00:48.353+0000] {logging_mixin.py:188} INFO - [2026-02-28T22:00:48.353+0000] {dag.py:3954} INFO - Setting next_dagrun for tutorial to 2026-02-27 00:00:00+00:00, run_after=2026-02-28 00:00:00+00:00
[2026-02-28T22:00:48.363+0000] {processor.py:183} INFO - Processing /home/airflow/.local/lib/python3.12/site-packages/airflow/example_dags/tutorial.py took 0.062 seconds
[2026-02-28T22:01:18.828+0000] {processor.py:161} INFO - Started process (PID=2430) to work on /home/airflow/.local/lib/python3.12/site-packages/airflow/example_dags/tutorial.py
[2026-02-28T22:01:18.829+0000] {processor.py:830} INFO - Processing file /home/airflow/.local/lib/python3.12/site-packages/airflow/example_dags/tutorial.py for tasks to queue
[2026-02-28T22:01:18.833+0000] {logging_mixin.py:188} INFO - [2026-02-28T22:01:18.833+0000] {dagbag.py:545} INFO - Filling up the DagBag from /home/airflow/.local/lib/python3.12/site-packages/airflow/example_dags/tutorial.py
[2026-02-28T22:01:18.841+0000] {processor.py:840} INFO - DAG(s) 'tutorial' retrieved from /home/airflow/.local/lib/python3.12/site-packages/airflow/example_dags/tutorial.py
[2026-02-28T22:01:18.873+0000] {logging_mixin.py:188} INFO - [2026-02-28T22:01:18.872+0000] {dag.py:3096} INFO - Sync 1 DAGs
[2026-02-28T22:01:18.893+0000] {logging_mixin.py:188} INFO - [2026-02-28T22:01:18.893+0000] {dag.py:3954} INFO - Setting next_dagrun for tutorial to 2026-02-27 00:00:00+00:00, run_after=2026-02-28 00:00:00+00:00
[2026-02-28T22:01:18.901+0000] {processor.py:183} INFO - Processing /home/airflow/.local/lib/python3.12/site-packages/airflow/example_dags/tutorial.py took 0.082 seconds
[2026-02-28T22:01:49.011+0000] {processor.py:161} INFO - Started process (PID=2488) to work on /home/airflow/.local/lib/python3.12/site-packages/airflow/example_dags/tutorial.py
[2026-02-28T22:01:49.012+0000] {processor.py:830} INFO - Processing file /home/airflow/.local/lib/python3.12/site-packages/airflow/example_dags/tutorial.py for tasks to queue
[2026-02-28T22:01:49.013+0000] {logging_mixin.py:188} INFO - [2026-02-28T22:01:49.013+0000] {dagbag.py:545} INFO - Filling up the DagBag from /home/airflow/.local/lib/python3.12/site-packages/airflow/example_dags/tutorial.py
[2026-02-28T22:01:49.017+0000] {processor.py:840} INFO - DAG(s) 'tutorial' retrieved from /home/airflow/.local/lib/python3.12/site-packages/airflow/example_dags/tutorial.py
[2026-02-28T22:01:49.027+0000] {logging_mixin.py:188} INFO - [2026-02-28T22:01:49.026+0000] {dag.py:3096} INFO - Sync 1 DAGs
[2026-02-28T22:01:49.036+0000] {logging_mixin.py:188} INFO - [2026-02-28T22:01:49.036+0000] {dag.py:3954} INFO - Setting next_dagrun for tutorial to 2026-02-27 00:00:00+00:00, run_after=2026-02-28 00:00:00+00:00
[2026-02-28T22:01:49.044+0000] {processor.py:183} INFO - Processing /home/airflow/.local/lib/python3.12/site-packages/airflow/example_dags/tutorial.py took 0.036 seconds
[2026-02-28T22:02:19.796+0000] {processor.py:161} INFO - Started process (PID=2545) to work on /home/airflow/.local/lib/python3.12/site-packages/airflow/example_dags/tutorial.py
[2026-02-28T22:02:19.797+0000] {processor.py:830} INFO - Processing file /home/airflow/.local/lib/python3.12/site-packages/airflow/example_dags/tutorial.py for tasks to queue
[2026-02-28T22:02:19.798+0000] {logging_mixin.py:188} INFO - [2026-02-28T22:02:19.798+0000] {dagbag.py:545} INFO - Filling up the DagBag from /home/airflow/.local/lib/python3.12/site-packages/airflow/example_dags/tutorial.py
[2026-02-28T22:02:19.801+0000] {processor.py:840} INFO - DAG(s) 'tutorial' retrieved from /home/airflow/.local/lib/python3.12/site-packages/airflow/example_dags/tutorial.py
[2026-02-28T22:02:19.813+0000] {logging_mixin.py:188} INFO - [2026-02-28T22:02:19.813+0000] {dag.py:3096} INFO - Sync 1 DAGs
[2026-02-28T22:02:19.824+0000] {logging_mixin.py:188} INFO - [2026-02-28T22:02:19.824+0000] {dag.py:3954} INFO - Setting next_dagrun for tutorial to 2026-02-27 00:00:00+00:00, run_after=2026-02-28 00:00:00+00:00
[2026-02-28T22:02:19.832+0000] {processor.py:183} INFO - Processing /home/airflow/.local/lib/python3.12/site-packages/airflow/example_dags/tutorial.py took 0.041 seconds
[2026-02-28T22:02:50.267+0000] {processor.py:161} INFO - Started process (PID=2603) to work on /home/airflow/.local/lib/python3.12/site-packages/airflow/example_dags/tutorial.py
[2026-02-28T22:02:50.268+0000] {processor.py:830} INFO - Processing file /home/airflow/.local/lib/python3.12/site-packages/airflow/example_dags/tutorial.py for tasks to queue
[2026-02-28T22:02:50.269+0000] {logging_mixin.py:188} INFO - [2026-02-28T22:02:50.269+0000] {dagbag.py:545} INFO - Filling up the DagBag from /home/airflow/.local/lib/python3.12/site-packages/airflow/example_dags/tutorial.py
[2026-02-28T22:02:50.273+0000] {processor.py:840} INFO - DAG(s) 'tutorial' retrieved from /home/airflow/.local/lib/python3.12/site-packages/airflow/example_dags/tutorial.py
[2026-02-28T22:02:50.283+0000] {logging_mixin.py:188} INFO - [2026-02-28T22:02:50.283+0000] {dag.py:3096} INFO - Sync 1 DAGs
[2026-02-28T22:02:50.293+0000] {logging_mixin.py:188} INFO - [2026-02-28T22:02:50.293+0000] {dag.py:3954} INFO - Setting next_dagrun for tutorial to 2026-02-27 00:00:00+00:00, run_after=2026-02-28 00:00:00+00:00
[2026-02-28T22:02:50.301+0000] {processor.py:183} INFO - Processing /home/airflow/.local/lib/python3.12/site-packages/airflow/example_dags/tutorial.py took 0.036 seconds
[2026-02-28T22:03:21.311+0000] {processor.py:161} INFO - Started process (PID=2660) to work on /home/airflow/.local/lib/python3.12/site-packages/airflow/example_dags/tutorial.py
[2026-02-28T22:03:21.312+0000] {processor.py:830} INFO - Processing file /home/airflow/.local/lib/python3.12/site-packages/airflow/example_dags/tutorial.py for tasks to queue
[2026-02-28T22:03:21.314+0000] {logging_mixin.py:188} INFO - [2026-02-28T22:03:21.314+0000] {dagbag.py:545} INFO - Filling up the DagBag from /home/airflow/.local/lib/python3.12/site-packages/airflow/example_dags/tutorial.py
[2026-02-28T22:03:21.319+0000] {processor.py:840} INFO - DAG(s) 'tutorial' retrieved from /home/airflow/.local/lib/python3.12/site-packages/airflow/example_dags/tutorial.py
[2026-02-28T22:03:21.331+0000] {logging_mixin.py:188} INFO - [2026-02-28T22:03:21.331+0000] {dag.py:3096} INFO - Sync 1 DAGs
[2026-02-28T22:03:21.342+0000] {logging_mixin.py:188} INFO - [2026-02-28T22:03:21.342+0000] {dag.py:3954} INFO - Setting next_dagrun for tutorial to 2026-02-27 00:00:00+00:00, run_after=2026-02-28 00:00:00+00:00
[2026-02-28T22:03:21.351+0000] {processor.py:183} INFO - Processing /home/airflow/.local/lib/python3.12/site-packages/airflow/example_dags/tutorial.py took 0.049 seconds
[2026-02-28T22:03:51.494+0000] {processor.py:161} INFO - Started process (PID=2718) to work on /home/airflow/.local/lib/python3.12/site-packages/airflow/example_dags/tutorial.py
[2026-02-28T22:03:51.496+0000] {processor.py:830} INFO - Processing file /home/airflow/.local/lib/python3.12/site-packages/airflow/example_dags/tutorial.py for tasks to queue
[2026-02-28T22:03:51.498+0000] {logging_mixin.py:188} INFO - [2026-02-28T22:03:51.498+0000] {dagbag.py:545} INFO - Filling up the DagBag from /home/airflow/.local/lib/python3.12/site-packages/airflow/example_dags/tutorial.py
[2026-02-28T22:03:51.503+0000] {processor.py:840} INFO - DAG(s) 'tutorial' retrieved from /home/airflow/.local/lib/python3.12/site-packages/airflow/example_dags/tutorial.py
[2026-02-28T22:03:51.514+0000] {logging_mixin.py:188} INFO - [2026-02-28T22:03:51.514+0000] {dag.py:3096} INFO - Sync 1 DAGs
[2026-02-28T22:03:51.524+0000] {logging_mixin.py:188} INFO - [2026-02-28T22:03:51.524+0000] {dag.py:3954} INFO - Setting next_dagrun for tutorial to 2026-02-27 00:00:00+00:00, run_after=2026-02-28 00:00:00+00:00
[2026-02-28T22:03:51.531+0000] {processor.py:183} INFO - Processing /home/airflow/.local/lib/python3.12/site-packages/airflow/example_dags/tutorial.py took 0.041 seconds
[2026-02-28T22:04:22.393+0000] {processor.py:161} INFO - Started process (PID=2776) to work on /home/airflow/.local/lib/python3.12/site-packages/airflow/example_dags/tutorial.py
[2026-02-28T22:04:22.394+0000] {processor.py:830} INFO - Processing file /home/airflow/.local/lib/python3.12/site-packages/airflow/example_dags/tutorial.py for tasks to queue
[2026-02-28T22:04:22.395+0000] {logging_mixin.py:188} INFO - [2026-02-28T22:04:22.395+0000] {dagbag.py:545} INFO - Filling up the DagBag from /home/airflow/.local/lib/python3.12/site-packages/airflow/example_dags/tutorial.py
[2026-02-28T22:04:22.398+0000] {processor.py:840} INFO - DAG(s) 'tutorial' retrieved from /home/airflow/.local/lib/python3.12/site-packages/airflow/example_dags/tutorial.py
[2026-02-28T22:04:22.410+0000] {logging_mixin.py:188} INFO - [2026-02-28T22:04:22.410+0000] {dag.py:3096} INFO - Sync 1 DAGs
[2026-02-28T22:04:22.422+0000] {logging_mixin.py:188} INFO - [2026-02-28T22:04:22.422+0000] {dag.py:3954} INFO - Setting next_dagrun for tutorial to 2026-02-27 00:00:00+00:00, run_after=2026-02-28 00:00:00+00:00
[2026-02-28T22:04:22.431+0000] {processor.py:183} INFO - Processing /home/airflow/.local/lib/python3.12/site-packages/airflow/example_dags/tutorial.py took 0.042 seconds
