[2026-02-28T21:39:59.128+0000] {processor.py:161} INFO - Started process (PID=56) to work on /home/airflow/.local/lib/python3.12/site-packages/airflow/example_dags/tutorial_objectstorage.py
[2026-02-28T21:39:59.130+0000] {processor.py:830} INFO - Processing file /home/airflow/.local/lib/python3.12/site-packages/airflow/example_dags/tutorial_objectstorage.py for tasks to queue
[2026-02-28T21:39:59.144+0000] {logging_mixin.py:188} INFO - [2026-02-28T21:39:59.141+0000] {dagbag.py:545} INFO - Filling up the DagBag from /home/airflow/.local/lib/python3.12/site-packages/airflow/example_dags/tutorial_objectstorage.py
[2026-02-28T21:39:59.197+0000] {processor.py:840} INFO - DAG(s) 'tutorial_objectstorage' retrieved from /home/airflow/.local/lib/python3.12/site-packages/airflow/example_dags/tutorial_objectstorage.py
[2026-02-28T21:39:59.280+0000] {logging_mixin.py:188} INFO - [2026-02-28T21:39:59.278+0000] {dag.py:3096} INFO - Sync 1 DAGs
[2026-02-28T21:39:59.637+0000] {logging_mixin.py:188} INFO - [2026-02-28T21:39:59.636+0000] {dag.py:3954} INFO - Setting next_dagrun for tutorial_objectstorage to None, run_after=None
[2026-02-28T21:39:59.830+0000] {processor.py:183} INFO - Processing /home/airflow/.local/lib/python3.12/site-packages/airflow/example_dags/tutorial_objectstorage.py took 0.718 seconds
[2026-02-28T21:40:30.547+0000] {processor.py:161} INFO - Started process (PID=114) to work on /home/airflow/.local/lib/python3.12/site-packages/airflow/example_dags/tutorial_objectstorage.py
[2026-02-28T21:40:30.548+0000] {processor.py:830} INFO - Processing file /home/airflow/.local/lib/python3.12/site-packages/airflow/example_dags/tutorial_objectstorage.py for tasks to queue
[2026-02-28T21:40:30.550+0000] {logging_mixin.py:188} INFO - [2026-02-28T21:40:30.549+0000] {dagbag.py:545} INFO - Filling up the DagBag from /home/airflow/.local/lib/python3.12/site-packages/airflow/example_dags/tutorial_objectstorage.py
[2026-02-28T21:40:30.556+0000] {processor.py:840} INFO - DAG(s) 'tutorial_objectstorage' retrieved from /home/airflow/.local/lib/python3.12/site-packages/airflow/example_dags/tutorial_objectstorage.py
[2026-02-28T21:40:30.648+0000] {logging_mixin.py:188} INFO - [2026-02-28T21:40:30.648+0000] {dag.py:3096} INFO - Sync 1 DAGs
[2026-02-28T21:40:30.659+0000] {logging_mixin.py:188} INFO - [2026-02-28T21:40:30.659+0000] {dag.py:3954} INFO - Setting next_dagrun for tutorial_objectstorage to None, run_after=None
[2026-02-28T21:40:30.693+0000] {processor.py:183} INFO - Processing /home/airflow/.local/lib/python3.12/site-packages/airflow/example_dags/tutorial_objectstorage.py took 0.151 seconds
[2026-02-28T21:41:00.893+0000] {processor.py:161} INFO - Started process (PID=172) to work on /home/airflow/.local/lib/python3.12/site-packages/airflow/example_dags/tutorial_objectstorage.py
[2026-02-28T21:41:00.895+0000] {processor.py:830} INFO - Processing file /home/airflow/.local/lib/python3.12/site-packages/airflow/example_dags/tutorial_objectstorage.py for tasks to queue
[2026-02-28T21:41:00.899+0000] {logging_mixin.py:188} INFO - [2026-02-28T21:41:00.898+0000] {dagbag.py:545} INFO - Filling up the DagBag from /home/airflow/.local/lib/python3.12/site-packages/airflow/example_dags/tutorial_objectstorage.py
[2026-02-28T21:41:00.918+0000] {processor.py:840} INFO - DAG(s) 'tutorial_objectstorage' retrieved from /home/airflow/.local/lib/python3.12/site-packages/airflow/example_dags/tutorial_objectstorage.py
[2026-02-28T21:41:00.942+0000] {logging_mixin.py:188} INFO - [2026-02-28T21:41:00.942+0000] {dag.py:3096} INFO - Sync 1 DAGs
[2026-02-28T21:41:00.957+0000] {logging_mixin.py:188} INFO - [2026-02-28T21:41:00.957+0000] {dag.py:3954} INFO - Setting next_dagrun for tutorial_objectstorage to None, run_after=None
[2026-02-28T21:41:00.975+0000] {processor.py:183} INFO - Processing /home/airflow/.local/lib/python3.12/site-packages/airflow/example_dags/tutorial_objectstorage.py took 0.094 seconds
[2026-02-28T21:41:31.792+0000] {processor.py:161} INFO - Started process (PID=230) to work on /home/airflow/.local/lib/python3.12/site-packages/airflow/example_dags/tutorial_objectstorage.py
[2026-02-28T21:41:31.793+0000] {processor.py:830} INFO - Processing file /home/airflow/.local/lib/python3.12/site-packages/airflow/example_dags/tutorial_objectstorage.py for tasks to queue
[2026-02-28T21:41:31.795+0000] {logging_mixin.py:188} INFO - [2026-02-28T21:41:31.795+0000] {dagbag.py:545} INFO - Filling up the DagBag from /home/airflow/.local/lib/python3.12/site-packages/airflow/example_dags/tutorial_objectstorage.py
[2026-02-28T21:41:31.806+0000] {processor.py:840} INFO - DAG(s) 'tutorial_objectstorage' retrieved from /home/airflow/.local/lib/python3.12/site-packages/airflow/example_dags/tutorial_objectstorage.py
[2026-02-28T21:41:31.818+0000] {logging_mixin.py:188} INFO - [2026-02-28T21:41:31.818+0000] {dag.py:3096} INFO - Sync 1 DAGs
[2026-02-28T21:41:31.827+0000] {logging_mixin.py:188} INFO - [2026-02-28T21:41:31.827+0000] {dag.py:3954} INFO - Setting next_dagrun for tutorial_objectstorage to None, run_after=None
[2026-02-28T21:41:31.842+0000] {processor.py:183} INFO - Processing /home/airflow/.local/lib/python3.12/site-packages/airflow/example_dags/tutorial_objectstorage.py took 0.055 seconds
[2026-02-28T21:42:02.209+0000] {processor.py:161} INFO - Started process (PID=288) to work on /home/airflow/.local/lib/python3.12/site-packages/airflow/example_dags/tutorial_objectstorage.py
[2026-02-28T21:42:02.210+0000] {processor.py:830} INFO - Processing file /home/airflow/.local/lib/python3.12/site-packages/airflow/example_dags/tutorial_objectstorage.py for tasks to queue
[2026-02-28T21:42:02.212+0000] {logging_mixin.py:188} INFO - [2026-02-28T21:42:02.212+0000] {dagbag.py:545} INFO - Filling up the DagBag from /home/airflow/.local/lib/python3.12/site-packages/airflow/example_dags/tutorial_objectstorage.py
[2026-02-28T21:42:02.222+0000] {processor.py:840} INFO - DAG(s) 'tutorial_objectstorage' retrieved from /home/airflow/.local/lib/python3.12/site-packages/airflow/example_dags/tutorial_objectstorage.py
[2026-02-28T21:42:02.241+0000] {logging_mixin.py:188} INFO - [2026-02-28T21:42:02.241+0000] {dag.py:3096} INFO - Sync 1 DAGs
[2026-02-28T21:42:02.253+0000] {logging_mixin.py:188} INFO - [2026-02-28T21:42:02.253+0000] {dag.py:3954} INFO - Setting next_dagrun for tutorial_objectstorage to None, run_after=None
[2026-02-28T21:42:02.270+0000] {processor.py:183} INFO - Processing /home/airflow/.local/lib/python3.12/site-packages/airflow/example_dags/tutorial_objectstorage.py took 0.068 seconds
[2026-02-28T21:42:32.589+0000] {processor.py:161} INFO - Started process (PID=347) to work on /home/airflow/.local/lib/python3.12/site-packages/airflow/example_dags/tutorial_objectstorage.py
[2026-02-28T21:42:32.590+0000] {processor.py:830} INFO - Processing file /home/airflow/.local/lib/python3.12/site-packages/airflow/example_dags/tutorial_objectstorage.py for tasks to queue
[2026-02-28T21:42:32.593+0000] {logging_mixin.py:188} INFO - [2026-02-28T21:42:32.592+0000] {dagbag.py:545} INFO - Filling up the DagBag from /home/airflow/.local/lib/python3.12/site-packages/airflow/example_dags/tutorial_objectstorage.py
[2026-02-28T21:42:32.600+0000] {processor.py:840} INFO - DAG(s) 'tutorial_objectstorage' retrieved from /home/airflow/.local/lib/python3.12/site-packages/airflow/example_dags/tutorial_objectstorage.py
[2026-02-28T21:42:32.615+0000] {logging_mixin.py:188} INFO - [2026-02-28T21:42:32.615+0000] {dag.py:3096} INFO - Sync 1 DAGs
[2026-02-28T21:42:32.624+0000] {logging_mixin.py:188} INFO - [2026-02-28T21:42:32.624+0000] {dag.py:3954} INFO - Setting next_dagrun for tutorial_objectstorage to None, run_after=None
[2026-02-28T21:42:32.641+0000] {processor.py:183} INFO - Processing /home/airflow/.local/lib/python3.12/site-packages/airflow/example_dags/tutorial_objectstorage.py took 0.058 seconds
[2026-02-28T21:43:03.258+0000] {processor.py:161} INFO - Started process (PID=405) to work on /home/airflow/.local/lib/python3.12/site-packages/airflow/example_dags/tutorial_objectstorage.py
[2026-02-28T21:43:03.260+0000] {processor.py:830} INFO - Processing file /home/airflow/.local/lib/python3.12/site-packages/airflow/example_dags/tutorial_objectstorage.py for tasks to queue
[2026-02-28T21:43:03.263+0000] {logging_mixin.py:188} INFO - [2026-02-28T21:43:03.263+0000] {dagbag.py:545} INFO - Filling up the DagBag from /home/airflow/.local/lib/python3.12/site-packages/airflow/example_dags/tutorial_objectstorage.py
[2026-02-28T21:43:03.275+0000] {processor.py:840} INFO - DAG(s) 'tutorial_objectstorage' retrieved from /home/airflow/.local/lib/python3.12/site-packages/airflow/example_dags/tutorial_objectstorage.py
[2026-02-28T21:43:03.300+0000] {logging_mixin.py:188} INFO - [2026-02-28T21:43:03.300+0000] {dag.py:3096} INFO - Sync 1 DAGs
[2026-02-28T21:43:03.313+0000] {logging_mixin.py:188} INFO - [2026-02-28T21:43:03.313+0000] {dag.py:3954} INFO - Setting next_dagrun for tutorial_objectstorage to None, run_after=None
[2026-02-28T21:43:03.328+0000] {processor.py:183} INFO - Processing /home/airflow/.local/lib/python3.12/site-packages/airflow/example_dags/tutorial_objectstorage.py took 0.077 seconds
[2026-02-28T21:43:33.473+0000] {processor.py:161} INFO - Started process (PID=463) to work on /home/airflow/.local/lib/python3.12/site-packages/airflow/example_dags/tutorial_objectstorage.py
[2026-02-28T21:43:33.474+0000] {processor.py:830} INFO - Processing file /home/airflow/.local/lib/python3.12/site-packages/airflow/example_dags/tutorial_objectstorage.py for tasks to queue
[2026-02-28T21:43:33.476+0000] {logging_mixin.py:188} INFO - [2026-02-28T21:43:33.476+0000] {dagbag.py:545} INFO - Filling up the DagBag from /home/airflow/.local/lib/python3.12/site-packages/airflow/example_dags/tutorial_objectstorage.py
[2026-02-28T21:43:33.485+0000] {processor.py:840} INFO - DAG(s) 'tutorial_objectstorage' retrieved from /home/airflow/.local/lib/python3.12/site-packages/airflow/example_dags/tutorial_objectstorage.py
[2026-02-28T21:43:33.507+0000] {logging_mixin.py:188} INFO - [2026-02-28T21:43:33.507+0000] {dag.py:3096} INFO - Sync 1 DAGs
[2026-02-28T21:43:33.516+0000] {logging_mixin.py:188} INFO - [2026-02-28T21:43:33.516+0000] {dag.py:3954} INFO - Setting next_dagrun for tutorial_objectstorage to None, run_after=None
[2026-02-28T21:43:33.534+0000] {processor.py:183} INFO - Processing /home/airflow/.local/lib/python3.12/site-packages/airflow/example_dags/tutorial_objectstorage.py took 0.066 seconds
[2026-02-28T21:44:28.272+0000] {processor.py:161} INFO - Started process (PID=521) to work on /home/airflow/.local/lib/python3.12/site-packages/airflow/example_dags/tutorial_objectstorage.py
[2026-02-28T21:44:28.273+0000] {processor.py:830} INFO - Processing file /home/airflow/.local/lib/python3.12/site-packages/airflow/example_dags/tutorial_objectstorage.py for tasks to queue
[2026-02-28T21:44:28.276+0000] {logging_mixin.py:188} INFO - [2026-02-28T21:44:28.276+0000] {dagbag.py:545} INFO - Filling up the DagBag from /home/airflow/.local/lib/python3.12/site-packages/airflow/example_dags/tutorial_objectstorage.py
[2026-02-28T21:44:28.285+0000] {processor.py:840} INFO - DAG(s) 'tutorial_objectstorage' retrieved from /home/airflow/.local/lib/python3.12/site-packages/airflow/example_dags/tutorial_objectstorage.py
[2026-02-28T21:44:28.313+0000] {logging_mixin.py:188} INFO - [2026-02-28T21:44:28.312+0000] {dag.py:3096} INFO - Sync 1 DAGs
[2026-02-28T21:44:28.327+0000] {logging_mixin.py:188} INFO - [2026-02-28T21:44:28.326+0000] {dag.py:3954} INFO - Setting next_dagrun for tutorial_objectstorage to None, run_after=None
[2026-02-28T21:44:28.366+0000] {processor.py:183} INFO - Processing /home/airflow/.local/lib/python3.12/site-packages/airflow/example_dags/tutorial_objectstorage.py took 0.098 seconds
[2026-02-28T21:44:59.095+0000] {processor.py:161} INFO - Started process (PID=579) to work on /home/airflow/.local/lib/python3.12/site-packages/airflow/example_dags/tutorial_objectstorage.py
[2026-02-28T21:44:59.095+0000] {processor.py:830} INFO - Processing file /home/airflow/.local/lib/python3.12/site-packages/airflow/example_dags/tutorial_objectstorage.py for tasks to queue
[2026-02-28T21:44:59.096+0000] {logging_mixin.py:188} INFO - [2026-02-28T21:44:59.096+0000] {dagbag.py:545} INFO - Filling up the DagBag from /home/airflow/.local/lib/python3.12/site-packages/airflow/example_dags/tutorial_objectstorage.py
[2026-02-28T21:44:59.101+0000] {processor.py:840} INFO - DAG(s) 'tutorial_objectstorage' retrieved from /home/airflow/.local/lib/python3.12/site-packages/airflow/example_dags/tutorial_objectstorage.py
[2026-02-28T21:44:59.110+0000] {logging_mixin.py:188} INFO - [2026-02-28T21:44:59.110+0000] {dag.py:3096} INFO - Sync 1 DAGs
[2026-02-28T21:44:59.115+0000] {logging_mixin.py:188} INFO - [2026-02-28T21:44:59.115+0000] {dag.py:3954} INFO - Setting next_dagrun for tutorial_objectstorage to None, run_after=None
[2026-02-28T21:44:59.125+0000] {processor.py:183} INFO - Processing /home/airflow/.local/lib/python3.12/site-packages/airflow/example_dags/tutorial_objectstorage.py took 0.033 seconds
[2026-02-28T21:45:29.358+0000] {processor.py:161} INFO - Started process (PID=637) to work on /home/airflow/.local/lib/python3.12/site-packages/airflow/example_dags/tutorial_objectstorage.py
[2026-02-28T21:45:29.359+0000] {processor.py:830} INFO - Processing file /home/airflow/.local/lib/python3.12/site-packages/airflow/example_dags/tutorial_objectstorage.py for tasks to queue
[2026-02-28T21:45:29.361+0000] {logging_mixin.py:188} INFO - [2026-02-28T21:45:29.361+0000] {dagbag.py:545} INFO - Filling up the DagBag from /home/airflow/.local/lib/python3.12/site-packages/airflow/example_dags/tutorial_objectstorage.py
[2026-02-28T21:45:29.366+0000] {processor.py:840} INFO - DAG(s) 'tutorial_objectstorage' retrieved from /home/airflow/.local/lib/python3.12/site-packages/airflow/example_dags/tutorial_objectstorage.py
[2026-02-28T21:45:29.384+0000] {logging_mixin.py:188} INFO - [2026-02-28T21:45:29.384+0000] {dag.py:3096} INFO - Sync 1 DAGs
[2026-02-28T21:45:29.394+0000] {logging_mixin.py:188} INFO - [2026-02-28T21:45:29.393+0000] {dag.py:3954} INFO - Setting next_dagrun for tutorial_objectstorage to None, run_after=None
[2026-02-28T21:45:29.408+0000] {processor.py:183} INFO - Processing /home/airflow/.local/lib/python3.12/site-packages/airflow/example_dags/tutorial_objectstorage.py took 0.054 seconds
[2026-02-28T21:45:59.735+0000] {processor.py:161} INFO - Started process (PID=695) to work on /home/airflow/.local/lib/python3.12/site-packages/airflow/example_dags/tutorial_objectstorage.py
[2026-02-28T21:45:59.737+0000] {processor.py:830} INFO - Processing file /home/airflow/.local/lib/python3.12/site-packages/airflow/example_dags/tutorial_objectstorage.py for tasks to queue
[2026-02-28T21:45:59.738+0000] {logging_mixin.py:188} INFO - [2026-02-28T21:45:59.738+0000] {dagbag.py:545} INFO - Filling up the DagBag from /home/airflow/.local/lib/python3.12/site-packages/airflow/example_dags/tutorial_objectstorage.py
[2026-02-28T21:45:59.745+0000] {processor.py:840} INFO - DAG(s) 'tutorial_objectstorage' retrieved from /home/airflow/.local/lib/python3.12/site-packages/airflow/example_dags/tutorial_objectstorage.py
[2026-02-28T21:45:59.757+0000] {logging_mixin.py:188} INFO - [2026-02-28T21:45:59.757+0000] {dag.py:3096} INFO - Sync 1 DAGs
[2026-02-28T21:45:59.765+0000] {logging_mixin.py:188} INFO - [2026-02-28T21:45:59.765+0000] {dag.py:3954} INFO - Setting next_dagrun for tutorial_objectstorage to None, run_after=None
[2026-02-28T21:45:59.777+0000] {processor.py:183} INFO - Processing /home/airflow/.local/lib/python3.12/site-packages/airflow/example_dags/tutorial_objectstorage.py took 0.045 seconds
[2026-02-28T21:46:30.674+0000] {processor.py:161} INFO - Started process (PID=753) to work on /home/airflow/.local/lib/python3.12/site-packages/airflow/example_dags/tutorial_objectstorage.py
[2026-02-28T21:46:30.677+0000] {processor.py:830} INFO - Processing file /home/airflow/.local/lib/python3.12/site-packages/airflow/example_dags/tutorial_objectstorage.py for tasks to queue
[2026-02-28T21:46:30.679+0000] {logging_mixin.py:188} INFO - [2026-02-28T21:46:30.679+0000] {dagbag.py:545} INFO - Filling up the DagBag from /home/airflow/.local/lib/python3.12/site-packages/airflow/example_dags/tutorial_objectstorage.py
[2026-02-28T21:46:30.692+0000] {processor.py:840} INFO - DAG(s) 'tutorial_objectstorage' retrieved from /home/airflow/.local/lib/python3.12/site-packages/airflow/example_dags/tutorial_objectstorage.py
[2026-02-28T21:46:30.715+0000] {logging_mixin.py:188} INFO - [2026-02-28T21:46:30.715+0000] {dag.py:3096} INFO - Sync 1 DAGs
[2026-02-28T21:46:30.731+0000] {logging_mixin.py:188} INFO - [2026-02-28T21:46:30.731+0000] {dag.py:3954} INFO - Setting next_dagrun for tutorial_objectstorage to None, run_after=None
[2026-02-28T21:46:30.743+0000] {processor.py:183} INFO - Processing /home/airflow/.local/lib/python3.12/site-packages/airflow/example_dags/tutorial_objectstorage.py took 0.074 seconds
[2026-02-28T21:47:01.189+0000] {processor.py:161} INFO - Started process (PID=809) to work on /home/airflow/.local/lib/python3.12/site-packages/airflow/example_dags/tutorial_objectstorage.py
[2026-02-28T21:47:01.190+0000] {processor.py:830} INFO - Processing file /home/airflow/.local/lib/python3.12/site-packages/airflow/example_dags/tutorial_objectstorage.py for tasks to queue
[2026-02-28T21:47:01.191+0000] {logging_mixin.py:188} INFO - [2026-02-28T21:47:01.191+0000] {dagbag.py:545} INFO - Filling up the DagBag from /home/airflow/.local/lib/python3.12/site-packages/airflow/example_dags/tutorial_objectstorage.py
[2026-02-28T21:47:01.197+0000] {processor.py:840} INFO - DAG(s) 'tutorial_objectstorage' retrieved from /home/airflow/.local/lib/python3.12/site-packages/airflow/example_dags/tutorial_objectstorage.py
[2026-02-28T21:47:01.208+0000] {logging_mixin.py:188} INFO - [2026-02-28T21:47:01.208+0000] {dag.py:3096} INFO - Sync 1 DAGs
[2026-02-28T21:47:01.218+0000] {logging_mixin.py:188} INFO - [2026-02-28T21:47:01.218+0000] {dag.py:3954} INFO - Setting next_dagrun for tutorial_objectstorage to None, run_after=None
[2026-02-28T21:47:01.235+0000] {processor.py:183} INFO - Processing /home/airflow/.local/lib/python3.12/site-packages/airflow/example_dags/tutorial_objectstorage.py took 0.049 seconds
[2026-02-28T21:47:32.046+0000] {processor.py:161} INFO - Started process (PID=867) to work on /home/airflow/.local/lib/python3.12/site-packages/airflow/example_dags/tutorial_objectstorage.py
[2026-02-28T21:47:32.047+0000] {processor.py:830} INFO - Processing file /home/airflow/.local/lib/python3.12/site-packages/airflow/example_dags/tutorial_objectstorage.py for tasks to queue
[2026-02-28T21:47:32.047+0000] {logging_mixin.py:188} INFO - [2026-02-28T21:47:32.047+0000] {dagbag.py:545} INFO - Filling up the DagBag from /home/airflow/.local/lib/python3.12/site-packages/airflow/example_dags/tutorial_objectstorage.py
[2026-02-28T21:47:32.052+0000] {processor.py:840} INFO - DAG(s) 'tutorial_objectstorage' retrieved from /home/airflow/.local/lib/python3.12/site-packages/airflow/example_dags/tutorial_objectstorage.py
[2026-02-28T21:47:32.065+0000] {logging_mixin.py:188} INFO - [2026-02-28T21:47:32.065+0000] {dag.py:3096} INFO - Sync 1 DAGs
[2026-02-28T21:47:32.075+0000] {logging_mixin.py:188} INFO - [2026-02-28T21:47:32.075+0000] {dag.py:3954} INFO - Setting next_dagrun for tutorial_objectstorage to None, run_after=None
[2026-02-28T21:47:32.090+0000] {processor.py:183} INFO - Processing /home/airflow/.local/lib/python3.12/site-packages/airflow/example_dags/tutorial_objectstorage.py took 0.047 seconds
[2026-02-28T21:48:02.975+0000] {processor.py:161} INFO - Started process (PID=925) to work on /home/airflow/.local/lib/python3.12/site-packages/airflow/example_dags/tutorial_objectstorage.py
[2026-02-28T21:48:02.977+0000] {processor.py:830} INFO - Processing file /home/airflow/.local/lib/python3.12/site-packages/airflow/example_dags/tutorial_objectstorage.py for tasks to queue
[2026-02-28T21:48:02.978+0000] {logging_mixin.py:188} INFO - [2026-02-28T21:48:02.978+0000] {dagbag.py:545} INFO - Filling up the DagBag from /home/airflow/.local/lib/python3.12/site-packages/airflow/example_dags/tutorial_objectstorage.py
[2026-02-28T21:48:02.983+0000] {processor.py:840} INFO - DAG(s) 'tutorial_objectstorage' retrieved from /home/airflow/.local/lib/python3.12/site-packages/airflow/example_dags/tutorial_objectstorage.py
[2026-02-28T21:48:02.994+0000] {logging_mixin.py:188} INFO - [2026-02-28T21:48:02.994+0000] {dag.py:3096} INFO - Sync 1 DAGs
[2026-02-28T21:48:03.003+0000] {logging_mixin.py:188} INFO - [2026-02-28T21:48:03.003+0000] {dag.py:3954} INFO - Setting next_dagrun for tutorial_objectstorage to None, run_after=None
[2026-02-28T21:48:03.013+0000] {processor.py:183} INFO - Processing /home/airflow/.local/lib/python3.12/site-packages/airflow/example_dags/tutorial_objectstorage.py took 0.041 seconds
[2026-02-28T21:48:33.210+0000] {processor.py:161} INFO - Started process (PID=983) to work on /home/airflow/.local/lib/python3.12/site-packages/airflow/example_dags/tutorial_objectstorage.py
[2026-02-28T21:48:33.211+0000] {processor.py:830} INFO - Processing file /home/airflow/.local/lib/python3.12/site-packages/airflow/example_dags/tutorial_objectstorage.py for tasks to queue
[2026-02-28T21:48:33.212+0000] {logging_mixin.py:188} INFO - [2026-02-28T21:48:33.212+0000] {dagbag.py:545} INFO - Filling up the DagBag from /home/airflow/.local/lib/python3.12/site-packages/airflow/example_dags/tutorial_objectstorage.py
[2026-02-28T21:48:33.217+0000] {processor.py:840} INFO - DAG(s) 'tutorial_objectstorage' retrieved from /home/airflow/.local/lib/python3.12/site-packages/airflow/example_dags/tutorial_objectstorage.py
[2026-02-28T21:48:33.230+0000] {logging_mixin.py:188} INFO - [2026-02-28T21:48:33.230+0000] {dag.py:3096} INFO - Sync 1 DAGs
[2026-02-28T21:48:33.241+0000] {logging_mixin.py:188} INFO - [2026-02-28T21:48:33.241+0000] {dag.py:3954} INFO - Setting next_dagrun for tutorial_objectstorage to None, run_after=None
[2026-02-28T21:48:33.269+0000] {processor.py:183} INFO - Processing /home/airflow/.local/lib/python3.12/site-packages/airflow/example_dags/tutorial_objectstorage.py took 0.062 seconds
[2026-02-28T21:49:03.675+0000] {processor.py:161} INFO - Started process (PID=1041) to work on /home/airflow/.local/lib/python3.12/site-packages/airflow/example_dags/tutorial_objectstorage.py
[2026-02-28T21:49:03.676+0000] {processor.py:830} INFO - Processing file /home/airflow/.local/lib/python3.12/site-packages/airflow/example_dags/tutorial_objectstorage.py for tasks to queue
[2026-02-28T21:49:03.677+0000] {logging_mixin.py:188} INFO - [2026-02-28T21:49:03.677+0000] {dagbag.py:545} INFO - Filling up the DagBag from /home/airflow/.local/lib/python3.12/site-packages/airflow/example_dags/tutorial_objectstorage.py
[2026-02-28T21:49:03.683+0000] {processor.py:840} INFO - DAG(s) 'tutorial_objectstorage' retrieved from /home/airflow/.local/lib/python3.12/site-packages/airflow/example_dags/tutorial_objectstorage.py
[2026-02-28T21:49:03.700+0000] {logging_mixin.py:188} INFO - [2026-02-28T21:49:03.700+0000] {dag.py:3096} INFO - Sync 1 DAGs
[2026-02-28T21:49:03.709+0000] {logging_mixin.py:188} INFO - [2026-02-28T21:49:03.708+0000] {dag.py:3954} INFO - Setting next_dagrun for tutorial_objectstorage to None, run_after=None
[2026-02-28T21:49:03.730+0000] {processor.py:183} INFO - Processing /home/airflow/.local/lib/python3.12/site-packages/airflow/example_dags/tutorial_objectstorage.py took 0.062 seconds
[2026-02-28T21:49:34.098+0000] {processor.py:161} INFO - Started process (PID=1099) to work on /home/airflow/.local/lib/python3.12/site-packages/airflow/example_dags/tutorial_objectstorage.py
[2026-02-28T21:49:34.099+0000] {processor.py:830} INFO - Processing file /home/airflow/.local/lib/python3.12/site-packages/airflow/example_dags/tutorial_objectstorage.py for tasks to queue
[2026-02-28T21:49:34.101+0000] {logging_mixin.py:188} INFO - [2026-02-28T21:49:34.100+0000] {dagbag.py:545} INFO - Filling up the DagBag from /home/airflow/.local/lib/python3.12/site-packages/airflow/example_dags/tutorial_objectstorage.py
[2026-02-28T21:49:34.108+0000] {processor.py:840} INFO - DAG(s) 'tutorial_objectstorage' retrieved from /home/airflow/.local/lib/python3.12/site-packages/airflow/example_dags/tutorial_objectstorage.py
[2026-02-28T21:49:34.126+0000] {logging_mixin.py:188} INFO - [2026-02-28T21:49:34.126+0000] {dag.py:3096} INFO - Sync 1 DAGs
[2026-02-28T21:49:34.136+0000] {logging_mixin.py:188} INFO - [2026-02-28T21:49:34.136+0000] {dag.py:3954} INFO - Setting next_dagrun for tutorial_objectstorage to None, run_after=None
[2026-02-28T21:49:34.150+0000] {processor.py:183} INFO - Processing /home/airflow/.local/lib/python3.12/site-packages/airflow/example_dags/tutorial_objectstorage.py took 0.059 seconds
[2026-02-28T21:50:04.369+0000] {processor.py:161} INFO - Started process (PID=1157) to work on /home/airflow/.local/lib/python3.12/site-packages/airflow/example_dags/tutorial_objectstorage.py
[2026-02-28T21:50:04.373+0000] {processor.py:830} INFO - Processing file /home/airflow/.local/lib/python3.12/site-packages/airflow/example_dags/tutorial_objectstorage.py for tasks to queue
[2026-02-28T21:50:04.375+0000] {logging_mixin.py:188} INFO - [2026-02-28T21:50:04.375+0000] {dagbag.py:545} INFO - Filling up the DagBag from /home/airflow/.local/lib/python3.12/site-packages/airflow/example_dags/tutorial_objectstorage.py
[2026-02-28T21:50:04.381+0000] {processor.py:840} INFO - DAG(s) 'tutorial_objectstorage' retrieved from /home/airflow/.local/lib/python3.12/site-packages/airflow/example_dags/tutorial_objectstorage.py
[2026-02-28T21:50:04.395+0000] {logging_mixin.py:188} INFO - [2026-02-28T21:50:04.395+0000] {dag.py:3096} INFO - Sync 1 DAGs
[2026-02-28T21:50:04.403+0000] {logging_mixin.py:188} INFO - [2026-02-28T21:50:04.403+0000] {dag.py:3954} INFO - Setting next_dagrun for tutorial_objectstorage to None, run_after=None
[2026-02-28T21:50:04.413+0000] {processor.py:183} INFO - Processing /home/airflow/.local/lib/python3.12/site-packages/airflow/example_dags/tutorial_objectstorage.py took 0.048 seconds
[2026-02-28T21:50:35.065+0000] {processor.py:161} INFO - Started process (PID=1215) to work on /home/airflow/.local/lib/python3.12/site-packages/airflow/example_dags/tutorial_objectstorage.py
[2026-02-28T21:50:35.067+0000] {processor.py:830} INFO - Processing file /home/airflow/.local/lib/python3.12/site-packages/airflow/example_dags/tutorial_objectstorage.py for tasks to queue
[2026-02-28T21:50:35.068+0000] {logging_mixin.py:188} INFO - [2026-02-28T21:50:35.068+0000] {dagbag.py:545} INFO - Filling up the DagBag from /home/airflow/.local/lib/python3.12/site-packages/airflow/example_dags/tutorial_objectstorage.py
[2026-02-28T21:50:35.074+0000] {processor.py:840} INFO - DAG(s) 'tutorial_objectstorage' retrieved from /home/airflow/.local/lib/python3.12/site-packages/airflow/example_dags/tutorial_objectstorage.py
[2026-02-28T21:50:35.088+0000] {logging_mixin.py:188} INFO - [2026-02-28T21:50:35.088+0000] {dag.py:3096} INFO - Sync 1 DAGs
[2026-02-28T21:50:35.097+0000] {logging_mixin.py:188} INFO - [2026-02-28T21:50:35.097+0000] {dag.py:3954} INFO - Setting next_dagrun for tutorial_objectstorage to None, run_after=None
[2026-02-28T21:50:35.114+0000] {processor.py:183} INFO - Processing /home/airflow/.local/lib/python3.12/site-packages/airflow/example_dags/tutorial_objectstorage.py took 0.052 seconds
[2026-02-28T21:51:05.289+0000] {processor.py:161} INFO - Started process (PID=1273) to work on /home/airflow/.local/lib/python3.12/site-packages/airflow/example_dags/tutorial_objectstorage.py
[2026-02-28T21:51:05.292+0000] {processor.py:830} INFO - Processing file /home/airflow/.local/lib/python3.12/site-packages/airflow/example_dags/tutorial_objectstorage.py for tasks to queue
[2026-02-28T21:51:05.294+0000] {logging_mixin.py:188} INFO - [2026-02-28T21:51:05.293+0000] {dagbag.py:545} INFO - Filling up the DagBag from /home/airflow/.local/lib/python3.12/site-packages/airflow/example_dags/tutorial_objectstorage.py
[2026-02-28T21:51:05.306+0000] {processor.py:840} INFO - DAG(s) 'tutorial_objectstorage' retrieved from /home/airflow/.local/lib/python3.12/site-packages/airflow/example_dags/tutorial_objectstorage.py
[2026-02-28T21:51:05.333+0000] {logging_mixin.py:188} INFO - [2026-02-28T21:51:05.333+0000] {dag.py:3096} INFO - Sync 1 DAGs
[2026-02-28T21:51:05.347+0000] {logging_mixin.py:188} INFO - [2026-02-28T21:51:05.346+0000] {dag.py:3954} INFO - Setting next_dagrun for tutorial_objectstorage to None, run_after=None
[2026-02-28T21:51:05.377+0000] {processor.py:183} INFO - Processing /home/airflow/.local/lib/python3.12/site-packages/airflow/example_dags/tutorial_objectstorage.py took 0.100 seconds
[2026-02-28T21:51:35.462+0000] {processor.py:161} INFO - Started process (PID=1331) to work on /home/airflow/.local/lib/python3.12/site-packages/airflow/example_dags/tutorial_objectstorage.py
[2026-02-28T21:51:35.462+0000] {processor.py:830} INFO - Processing file /home/airflow/.local/lib/python3.12/site-packages/airflow/example_dags/tutorial_objectstorage.py for tasks to queue
[2026-02-28T21:51:35.463+0000] {logging_mixin.py:188} INFO - [2026-02-28T21:51:35.463+0000] {dagbag.py:545} INFO - Filling up the DagBag from /home/airflow/.local/lib/python3.12/site-packages/airflow/example_dags/tutorial_objectstorage.py
[2026-02-28T21:51:35.468+0000] {processor.py:840} INFO - DAG(s) 'tutorial_objectstorage' retrieved from /home/airflow/.local/lib/python3.12/site-packages/airflow/example_dags/tutorial_objectstorage.py
[2026-02-28T21:51:35.477+0000] {logging_mixin.py:188} INFO - [2026-02-28T21:51:35.477+0000] {dag.py:3096} INFO - Sync 1 DAGs
[2026-02-28T21:51:35.484+0000] {logging_mixin.py:188} INFO - [2026-02-28T21:51:35.484+0000] {dag.py:3954} INFO - Setting next_dagrun for tutorial_objectstorage to None, run_after=None
[2026-02-28T21:51:35.492+0000] {processor.py:183} INFO - Processing /home/airflow/.local/lib/python3.12/site-packages/airflow/example_dags/tutorial_objectstorage.py took 0.033 seconds
[2026-02-28T21:52:06.892+0000] {processor.py:161} INFO - Started process (PID=1389) to work on /home/airflow/.local/lib/python3.12/site-packages/airflow/example_dags/tutorial_objectstorage.py
[2026-02-28T21:52:06.894+0000] {processor.py:830} INFO - Processing file /home/airflow/.local/lib/python3.12/site-packages/airflow/example_dags/tutorial_objectstorage.py for tasks to queue
[2026-02-28T21:52:06.896+0000] {logging_mixin.py:188} INFO - [2026-02-28T21:52:06.895+0000] {dagbag.py:545} INFO - Filling up the DagBag from /home/airflow/.local/lib/python3.12/site-packages/airflow/example_dags/tutorial_objectstorage.py
[2026-02-28T21:52:06.903+0000] {processor.py:840} INFO - DAG(s) 'tutorial_objectstorage' retrieved from /home/airflow/.local/lib/python3.12/site-packages/airflow/example_dags/tutorial_objectstorage.py
[2026-02-28T21:52:06.920+0000] {logging_mixin.py:188} INFO - [2026-02-28T21:52:06.920+0000] {dag.py:3096} INFO - Sync 1 DAGs
[2026-02-28T21:52:06.930+0000] {logging_mixin.py:188} INFO - [2026-02-28T21:52:06.930+0000] {dag.py:3954} INFO - Setting next_dagrun for tutorial_objectstorage to None, run_after=None
[2026-02-28T21:52:06.943+0000] {processor.py:183} INFO - Processing /home/airflow/.local/lib/python3.12/site-packages/airflow/example_dags/tutorial_objectstorage.py took 0.055 seconds
[2026-02-28T21:52:38.490+0000] {processor.py:161} INFO - Started process (PID=1447) to work on /home/airflow/.local/lib/python3.12/site-packages/airflow/example_dags/tutorial_objectstorage.py
[2026-02-28T21:52:38.492+0000] {processor.py:830} INFO - Processing file /home/airflow/.local/lib/python3.12/site-packages/airflow/example_dags/tutorial_objectstorage.py for tasks to queue
[2026-02-28T21:52:38.494+0000] {logging_mixin.py:188} INFO - [2026-02-28T21:52:38.494+0000] {dagbag.py:545} INFO - Filling up the DagBag from /home/airflow/.local/lib/python3.12/site-packages/airflow/example_dags/tutorial_objectstorage.py
[2026-02-28T21:52:38.503+0000] {processor.py:840} INFO - DAG(s) 'tutorial_objectstorage' retrieved from /home/airflow/.local/lib/python3.12/site-packages/airflow/example_dags/tutorial_objectstorage.py
[2026-02-28T21:52:38.521+0000] {logging_mixin.py:188} INFO - [2026-02-28T21:52:38.521+0000] {dag.py:3096} INFO - Sync 1 DAGs
[2026-02-28T21:52:38.720+0000] {logging_mixin.py:188} INFO - [2026-02-28T21:52:38.720+0000] {dag.py:3954} INFO - Setting next_dagrun for tutorial_objectstorage to None, run_after=None
[2026-02-28T21:52:38.735+0000] {processor.py:183} INFO - Processing /home/airflow/.local/lib/python3.12/site-packages/airflow/example_dags/tutorial_objectstorage.py took 0.250 seconds
[2026-02-28T21:53:10.226+0000] {processor.py:161} INFO - Started process (PID=1505) to work on /home/airflow/.local/lib/python3.12/site-packages/airflow/example_dags/tutorial_objectstorage.py
[2026-02-28T21:53:10.228+0000] {processor.py:830} INFO - Processing file /home/airflow/.local/lib/python3.12/site-packages/airflow/example_dags/tutorial_objectstorage.py for tasks to queue
[2026-02-28T21:53:10.229+0000] {logging_mixin.py:188} INFO - [2026-02-28T21:53:10.229+0000] {dagbag.py:545} INFO - Filling up the DagBag from /home/airflow/.local/lib/python3.12/site-packages/airflow/example_dags/tutorial_objectstorage.py
[2026-02-28T21:53:10.239+0000] {processor.py:840} INFO - DAG(s) 'tutorial_objectstorage' retrieved from /home/airflow/.local/lib/python3.12/site-packages/airflow/example_dags/tutorial_objectstorage.py
[2026-02-28T21:53:10.255+0000] {logging_mixin.py:188} INFO - [2026-02-28T21:53:10.255+0000] {dag.py:3096} INFO - Sync 1 DAGs
[2026-02-28T21:53:10.456+0000] {logging_mixin.py:188} INFO - [2026-02-28T21:53:10.455+0000] {dag.py:3954} INFO - Setting next_dagrun for tutorial_objectstorage to None, run_after=None
[2026-02-28T21:53:10.471+0000] {processor.py:183} INFO - Processing /home/airflow/.local/lib/python3.12/site-packages/airflow/example_dags/tutorial_objectstorage.py took 0.250 seconds
[2026-02-28T21:53:41.042+0000] {processor.py:161} INFO - Started process (PID=1563) to work on /home/airflow/.local/lib/python3.12/site-packages/airflow/example_dags/tutorial_objectstorage.py
[2026-02-28T21:53:41.043+0000] {processor.py:830} INFO - Processing file /home/airflow/.local/lib/python3.12/site-packages/airflow/example_dags/tutorial_objectstorage.py for tasks to queue
[2026-02-28T21:53:41.047+0000] {logging_mixin.py:188} INFO - [2026-02-28T21:53:41.046+0000] {dagbag.py:545} INFO - Filling up the DagBag from /home/airflow/.local/lib/python3.12/site-packages/airflow/example_dags/tutorial_objectstorage.py
[2026-02-28T21:53:41.059+0000] {processor.py:840} INFO - DAG(s) 'tutorial_objectstorage' retrieved from /home/airflow/.local/lib/python3.12/site-packages/airflow/example_dags/tutorial_objectstorage.py
[2026-02-28T21:53:41.080+0000] {logging_mixin.py:188} INFO - [2026-02-28T21:53:41.080+0000] {dag.py:3096} INFO - Sync 1 DAGs
[2026-02-28T21:53:41.263+0000] {logging_mixin.py:188} INFO - [2026-02-28T21:53:41.262+0000] {dag.py:3954} INFO - Setting next_dagrun for tutorial_objectstorage to None, run_after=None
[2026-02-28T21:53:41.289+0000] {processor.py:183} INFO - Processing /home/airflow/.local/lib/python3.12/site-packages/airflow/example_dags/tutorial_objectstorage.py took 0.254 seconds
[2026-02-28T21:54:11.791+0000] {processor.py:161} INFO - Started process (PID=1621) to work on /home/airflow/.local/lib/python3.12/site-packages/airflow/example_dags/tutorial_objectstorage.py
[2026-02-28T21:54:11.793+0000] {processor.py:830} INFO - Processing file /home/airflow/.local/lib/python3.12/site-packages/airflow/example_dags/tutorial_objectstorage.py for tasks to queue
[2026-02-28T21:54:11.796+0000] {logging_mixin.py:188} INFO - [2026-02-28T21:54:11.796+0000] {dagbag.py:545} INFO - Filling up the DagBag from /home/airflow/.local/lib/python3.12/site-packages/airflow/example_dags/tutorial_objectstorage.py
[2026-02-28T21:54:11.809+0000] {processor.py:840} INFO - DAG(s) 'tutorial_objectstorage' retrieved from /home/airflow/.local/lib/python3.12/site-packages/airflow/example_dags/tutorial_objectstorage.py
[2026-02-28T21:54:11.831+0000] {logging_mixin.py:188} INFO - [2026-02-28T21:54:11.831+0000] {dag.py:3096} INFO - Sync 1 DAGs
[2026-02-28T21:54:11.846+0000] {logging_mixin.py:188} INFO - [2026-02-28T21:54:11.846+0000] {dag.py:3954} INFO - Setting next_dagrun for tutorial_objectstorage to None, run_after=None
[2026-02-28T21:54:11.866+0000] {processor.py:183} INFO - Processing /home/airflow/.local/lib/python3.12/site-packages/airflow/example_dags/tutorial_objectstorage.py took 0.082 seconds
[2026-02-28T21:54:42.780+0000] {processor.py:161} INFO - Started process (PID=1679) to work on /home/airflow/.local/lib/python3.12/site-packages/airflow/example_dags/tutorial_objectstorage.py
[2026-02-28T21:54:42.783+0000] {processor.py:830} INFO - Processing file /home/airflow/.local/lib/python3.12/site-packages/airflow/example_dags/tutorial_objectstorage.py for tasks to queue
[2026-02-28T21:54:42.786+0000] {logging_mixin.py:188} INFO - [2026-02-28T21:54:42.786+0000] {dagbag.py:545} INFO - Filling up the DagBag from /home/airflow/.local/lib/python3.12/site-packages/airflow/example_dags/tutorial_objectstorage.py
[2026-02-28T21:54:42.793+0000] {processor.py:840} INFO - DAG(s) 'tutorial_objectstorage' retrieved from /home/airflow/.local/lib/python3.12/site-packages/airflow/example_dags/tutorial_objectstorage.py
[2026-02-28T21:54:42.820+0000] {logging_mixin.py:188} INFO - [2026-02-28T21:54:42.820+0000] {dag.py:3096} INFO - Sync 1 DAGs
[2026-02-28T21:54:42.840+0000] {logging_mixin.py:188} INFO - [2026-02-28T21:54:42.840+0000] {dag.py:3954} INFO - Setting next_dagrun for tutorial_objectstorage to None, run_after=None
[2026-02-28T21:54:42.870+0000] {processor.py:183} INFO - Processing /home/airflow/.local/lib/python3.12/site-packages/airflow/example_dags/tutorial_objectstorage.py took 0.095 seconds
[2026-02-28T21:55:12.931+0000] {processor.py:161} INFO - Started process (PID=1740) to work on /home/airflow/.local/lib/python3.12/site-packages/airflow/example_dags/tutorial_objectstorage.py
[2026-02-28T21:55:12.933+0000] {processor.py:830} INFO - Processing file /home/airflow/.local/lib/python3.12/site-packages/airflow/example_dags/tutorial_objectstorage.py for tasks to queue
[2026-02-28T21:55:12.937+0000] {logging_mixin.py:188} INFO - [2026-02-28T21:55:12.937+0000] {dagbag.py:545} INFO - Filling up the DagBag from /home/airflow/.local/lib/python3.12/site-packages/airflow/example_dags/tutorial_objectstorage.py
[2026-02-28T21:55:12.945+0000] {processor.py:840} INFO - DAG(s) 'tutorial_objectstorage' retrieved from /home/airflow/.local/lib/python3.12/site-packages/airflow/example_dags/tutorial_objectstorage.py
[2026-02-28T21:55:12.959+0000] {logging_mixin.py:188} INFO - [2026-02-28T21:55:12.959+0000] {dag.py:3096} INFO - Sync 1 DAGs
[2026-02-28T21:55:12.967+0000] {logging_mixin.py:188} INFO - [2026-02-28T21:55:12.967+0000] {dag.py:3954} INFO - Setting next_dagrun for tutorial_objectstorage to None, run_after=None
[2026-02-28T21:55:12.984+0000] {processor.py:183} INFO - Processing /home/airflow/.local/lib/python3.12/site-packages/airflow/example_dags/tutorial_objectstorage.py took 0.059 seconds
[2026-02-28T21:55:43.860+0000] {processor.py:161} INFO - Started process (PID=1798) to work on /home/airflow/.local/lib/python3.12/site-packages/airflow/example_dags/tutorial_objectstorage.py
[2026-02-28T21:55:43.861+0000] {processor.py:830} INFO - Processing file /home/airflow/.local/lib/python3.12/site-packages/airflow/example_dags/tutorial_objectstorage.py for tasks to queue
[2026-02-28T21:55:43.862+0000] {logging_mixin.py:188} INFO - [2026-02-28T21:55:43.862+0000] {dagbag.py:545} INFO - Filling up the DagBag from /home/airflow/.local/lib/python3.12/site-packages/airflow/example_dags/tutorial_objectstorage.py
[2026-02-28T21:55:43.868+0000] {processor.py:840} INFO - DAG(s) 'tutorial_objectstorage' retrieved from /home/airflow/.local/lib/python3.12/site-packages/airflow/example_dags/tutorial_objectstorage.py
[2026-02-28T21:55:43.893+0000] {logging_mixin.py:188} INFO - [2026-02-28T21:55:43.893+0000] {dag.py:3096} INFO - Sync 1 DAGs
[2026-02-28T21:55:43.903+0000] {logging_mixin.py:188} INFO - [2026-02-28T21:55:43.902+0000] {dag.py:3954} INFO - Setting next_dagrun for tutorial_objectstorage to None, run_after=None
[2026-02-28T21:55:43.921+0000] {processor.py:183} INFO - Processing /home/airflow/.local/lib/python3.12/site-packages/airflow/example_dags/tutorial_objectstorage.py took 0.065 seconds
[2026-02-28T21:56:14.241+0000] {processor.py:161} INFO - Started process (PID=1856) to work on /home/airflow/.local/lib/python3.12/site-packages/airflow/example_dags/tutorial_objectstorage.py
[2026-02-28T21:56:14.242+0000] {processor.py:830} INFO - Processing file /home/airflow/.local/lib/python3.12/site-packages/airflow/example_dags/tutorial_objectstorage.py for tasks to queue
[2026-02-28T21:56:14.243+0000] {logging_mixin.py:188} INFO - [2026-02-28T21:56:14.243+0000] {dagbag.py:545} INFO - Filling up the DagBag from /home/airflow/.local/lib/python3.12/site-packages/airflow/example_dags/tutorial_objectstorage.py
[2026-02-28T21:56:14.251+0000] {processor.py:840} INFO - DAG(s) 'tutorial_objectstorage' retrieved from /home/airflow/.local/lib/python3.12/site-packages/airflow/example_dags/tutorial_objectstorage.py
[2026-02-28T21:56:14.266+0000] {logging_mixin.py:188} INFO - [2026-02-28T21:56:14.266+0000] {dag.py:3096} INFO - Sync 1 DAGs
[2026-02-28T21:56:14.275+0000] {logging_mixin.py:188} INFO - [2026-02-28T21:56:14.275+0000] {dag.py:3954} INFO - Setting next_dagrun for tutorial_objectstorage to None, run_after=None
[2026-02-28T21:56:14.291+0000] {processor.py:183} INFO - Processing /home/airflow/.local/lib/python3.12/site-packages/airflow/example_dags/tutorial_objectstorage.py took 0.053 seconds
[2026-02-28T21:56:44.409+0000] {processor.py:161} INFO - Started process (PID=1914) to work on /home/airflow/.local/lib/python3.12/site-packages/airflow/example_dags/tutorial_objectstorage.py
[2026-02-28T21:56:44.411+0000] {processor.py:830} INFO - Processing file /home/airflow/.local/lib/python3.12/site-packages/airflow/example_dags/tutorial_objectstorage.py for tasks to queue
[2026-02-28T21:56:44.412+0000] {logging_mixin.py:188} INFO - [2026-02-28T21:56:44.412+0000] {dagbag.py:545} INFO - Filling up the DagBag from /home/airflow/.local/lib/python3.12/site-packages/airflow/example_dags/tutorial_objectstorage.py
[2026-02-28T21:56:44.418+0000] {processor.py:840} INFO - DAG(s) 'tutorial_objectstorage' retrieved from /home/airflow/.local/lib/python3.12/site-packages/airflow/example_dags/tutorial_objectstorage.py
[2026-02-28T21:56:44.433+0000] {logging_mixin.py:188} INFO - [2026-02-28T21:56:44.433+0000] {dag.py:3096} INFO - Sync 1 DAGs
[2026-02-28T21:56:44.443+0000] {logging_mixin.py:188} INFO - [2026-02-28T21:56:44.442+0000] {dag.py:3954} INFO - Setting next_dagrun for tutorial_objectstorage to None, run_after=None
[2026-02-28T21:56:44.462+0000] {processor.py:183} INFO - Processing /home/airflow/.local/lib/python3.12/site-packages/airflow/example_dags/tutorial_objectstorage.py took 0.057 seconds
[2026-02-28T21:57:15.305+0000] {processor.py:161} INFO - Started process (PID=1972) to work on /home/airflow/.local/lib/python3.12/site-packages/airflow/example_dags/tutorial_objectstorage.py
[2026-02-28T21:57:15.306+0000] {processor.py:830} INFO - Processing file /home/airflow/.local/lib/python3.12/site-packages/airflow/example_dags/tutorial_objectstorage.py for tasks to queue
[2026-02-28T21:57:15.307+0000] {logging_mixin.py:188} INFO - [2026-02-28T21:57:15.307+0000] {dagbag.py:545} INFO - Filling up the DagBag from /home/airflow/.local/lib/python3.12/site-packages/airflow/example_dags/tutorial_objectstorage.py
[2026-02-28T21:57:15.320+0000] {processor.py:840} INFO - DAG(s) 'tutorial_objectstorage' retrieved from /home/airflow/.local/lib/python3.12/site-packages/airflow/example_dags/tutorial_objectstorage.py
[2026-02-28T21:57:15.342+0000] {logging_mixin.py:188} INFO - [2026-02-28T21:57:15.342+0000] {dag.py:3096} INFO - Sync 1 DAGs
[2026-02-28T21:57:15.353+0000] {logging_mixin.py:188} INFO - [2026-02-28T21:57:15.352+0000] {dag.py:3954} INFO - Setting next_dagrun for tutorial_objectstorage to None, run_after=None
[2026-02-28T21:57:15.380+0000] {processor.py:183} INFO - Processing /home/airflow/.local/lib/python3.12/site-packages/airflow/example_dags/tutorial_objectstorage.py took 0.084 seconds
[2026-02-28T21:57:46.242+0000] {processor.py:161} INFO - Started process (PID=2030) to work on /home/airflow/.local/lib/python3.12/site-packages/airflow/example_dags/tutorial_objectstorage.py
[2026-02-28T21:57:46.243+0000] {processor.py:830} INFO - Processing file /home/airflow/.local/lib/python3.12/site-packages/airflow/example_dags/tutorial_objectstorage.py for tasks to queue
[2026-02-28T21:57:46.246+0000] {logging_mixin.py:188} INFO - [2026-02-28T21:57:46.246+0000] {dagbag.py:545} INFO - Filling up the DagBag from /home/airflow/.local/lib/python3.12/site-packages/airflow/example_dags/tutorial_objectstorage.py
[2026-02-28T21:57:46.260+0000] {processor.py:840} INFO - DAG(s) 'tutorial_objectstorage' retrieved from /home/airflow/.local/lib/python3.12/site-packages/airflow/example_dags/tutorial_objectstorage.py
[2026-02-28T21:57:46.291+0000] {logging_mixin.py:188} INFO - [2026-02-28T21:57:46.290+0000] {dag.py:3096} INFO - Sync 1 DAGs
[2026-02-28T21:57:46.312+0000] {logging_mixin.py:188} INFO - [2026-02-28T21:57:46.311+0000] {dag.py:3954} INFO - Setting next_dagrun for tutorial_objectstorage to None, run_after=None
[2026-02-28T21:57:46.339+0000] {processor.py:183} INFO - Processing /home/airflow/.local/lib/python3.12/site-packages/airflow/example_dags/tutorial_objectstorage.py took 0.101 seconds
[2026-02-28T21:58:17.156+0000] {processor.py:161} INFO - Started process (PID=2088) to work on /home/airflow/.local/lib/python3.12/site-packages/airflow/example_dags/tutorial_objectstorage.py
[2026-02-28T21:58:17.157+0000] {processor.py:830} INFO - Processing file /home/airflow/.local/lib/python3.12/site-packages/airflow/example_dags/tutorial_objectstorage.py for tasks to queue
[2026-02-28T21:58:17.158+0000] {logging_mixin.py:188} INFO - [2026-02-28T21:58:17.158+0000] {dagbag.py:545} INFO - Filling up the DagBag from /home/airflow/.local/lib/python3.12/site-packages/airflow/example_dags/tutorial_objectstorage.py
[2026-02-28T21:58:17.163+0000] {processor.py:840} INFO - DAG(s) 'tutorial_objectstorage' retrieved from /home/airflow/.local/lib/python3.12/site-packages/airflow/example_dags/tutorial_objectstorage.py
[2026-02-28T21:58:17.186+0000] {logging_mixin.py:188} INFO - [2026-02-28T21:58:17.186+0000] {dag.py:3096} INFO - Sync 1 DAGs
[2026-02-28T21:58:17.197+0000] {logging_mixin.py:188} INFO - [2026-02-28T21:58:17.197+0000] {dag.py:3954} INFO - Setting next_dagrun for tutorial_objectstorage to None, run_after=None
[2026-02-28T21:58:17.420+0000] {processor.py:183} INFO - Processing /home/airflow/.local/lib/python3.12/site-packages/airflow/example_dags/tutorial_objectstorage.py took 0.268 seconds
[2026-02-28T21:58:47.645+0000] {processor.py:161} INFO - Started process (PID=2146) to work on /home/airflow/.local/lib/python3.12/site-packages/airflow/example_dags/tutorial_objectstorage.py
[2026-02-28T21:58:47.647+0000] {processor.py:830} INFO - Processing file /home/airflow/.local/lib/python3.12/site-packages/airflow/example_dags/tutorial_objectstorage.py for tasks to queue
[2026-02-28T21:58:47.648+0000] {logging_mixin.py:188} INFO - [2026-02-28T21:58:47.648+0000] {dagbag.py:545} INFO - Filling up the DagBag from /home/airflow/.local/lib/python3.12/site-packages/airflow/example_dags/tutorial_objectstorage.py
[2026-02-28T21:58:47.654+0000] {processor.py:840} INFO - DAG(s) 'tutorial_objectstorage' retrieved from /home/airflow/.local/lib/python3.12/site-packages/airflow/example_dags/tutorial_objectstorage.py
[2026-02-28T21:58:47.671+0000] {logging_mixin.py:188} INFO - [2026-02-28T21:58:47.671+0000] {dag.py:3096} INFO - Sync 1 DAGs
[2026-02-28T21:58:47.679+0000] {logging_mixin.py:188} INFO - [2026-02-28T21:58:47.679+0000] {dag.py:3954} INFO - Setting next_dagrun for tutorial_objectstorage to None, run_after=None
[2026-02-28T21:58:47.822+0000] {processor.py:183} INFO - Processing /home/airflow/.local/lib/python3.12/site-packages/airflow/example_dags/tutorial_objectstorage.py took 0.180 seconds
[2026-02-28T21:59:18.484+0000] {processor.py:161} INFO - Started process (PID=2204) to work on /home/airflow/.local/lib/python3.12/site-packages/airflow/example_dags/tutorial_objectstorage.py
[2026-02-28T21:59:18.485+0000] {processor.py:830} INFO - Processing file /home/airflow/.local/lib/python3.12/site-packages/airflow/example_dags/tutorial_objectstorage.py for tasks to queue
[2026-02-28T21:59:18.486+0000] {logging_mixin.py:188} INFO - [2026-02-28T21:59:18.486+0000] {dagbag.py:545} INFO - Filling up the DagBag from /home/airflow/.local/lib/python3.12/site-packages/airflow/example_dags/tutorial_objectstorage.py
[2026-02-28T21:59:18.490+0000] {processor.py:840} INFO - DAG(s) 'tutorial_objectstorage' retrieved from /home/airflow/.local/lib/python3.12/site-packages/airflow/example_dags/tutorial_objectstorage.py
[2026-02-28T21:59:18.500+0000] {logging_mixin.py:188} INFO - [2026-02-28T21:59:18.500+0000] {dag.py:3096} INFO - Sync 1 DAGs
[2026-02-28T21:59:18.599+0000] {logging_mixin.py:188} INFO - [2026-02-28T21:59:18.599+0000] {dag.py:3954} INFO - Setting next_dagrun for tutorial_objectstorage to None, run_after=None
[2026-02-28T21:59:18.606+0000] {processor.py:183} INFO - Processing /home/airflow/.local/lib/python3.12/site-packages/airflow/example_dags/tutorial_objectstorage.py took 0.125 seconds
[2026-02-28T21:59:49.114+0000] {processor.py:161} INFO - Started process (PID=2262) to work on /home/airflow/.local/lib/python3.12/site-packages/airflow/example_dags/tutorial_objectstorage.py
[2026-02-28T21:59:49.117+0000] {processor.py:830} INFO - Processing file /home/airflow/.local/lib/python3.12/site-packages/airflow/example_dags/tutorial_objectstorage.py for tasks to queue
[2026-02-28T21:59:49.119+0000] {logging_mixin.py:188} INFO - [2026-02-28T21:59:49.119+0000] {dagbag.py:545} INFO - Filling up the DagBag from /home/airflow/.local/lib/python3.12/site-packages/airflow/example_dags/tutorial_objectstorage.py
[2026-02-28T21:59:49.127+0000] {processor.py:840} INFO - DAG(s) 'tutorial_objectstorage' retrieved from /home/airflow/.local/lib/python3.12/site-packages/airflow/example_dags/tutorial_objectstorage.py
[2026-02-28T21:59:49.148+0000] {logging_mixin.py:188} INFO - [2026-02-28T21:59:49.148+0000] {dag.py:3096} INFO - Sync 1 DAGs
[2026-02-28T21:59:49.288+0000] {logging_mixin.py:188} INFO - [2026-02-28T21:59:49.287+0000] {dag.py:3954} INFO - Setting next_dagrun for tutorial_objectstorage to None, run_after=None
[2026-02-28T21:59:49.299+0000] {processor.py:183} INFO - Processing /home/airflow/.local/lib/python3.12/site-packages/airflow/example_dags/tutorial_objectstorage.py took 0.189 seconds
[2026-02-28T22:00:19.675+0000] {processor.py:161} INFO - Started process (PID=2320) to work on /home/airflow/.local/lib/python3.12/site-packages/airflow/example_dags/tutorial_objectstorage.py
[2026-02-28T22:00:19.675+0000] {processor.py:830} INFO - Processing file /home/airflow/.local/lib/python3.12/site-packages/airflow/example_dags/tutorial_objectstorage.py for tasks to queue
[2026-02-28T22:00:19.676+0000] {logging_mixin.py:188} INFO - [2026-02-28T22:00:19.676+0000] {dagbag.py:545} INFO - Filling up the DagBag from /home/airflow/.local/lib/python3.12/site-packages/airflow/example_dags/tutorial_objectstorage.py
[2026-02-28T22:00:19.681+0000] {processor.py:840} INFO - DAG(s) 'tutorial_objectstorage' retrieved from /home/airflow/.local/lib/python3.12/site-packages/airflow/example_dags/tutorial_objectstorage.py
[2026-02-28T22:00:19.691+0000] {logging_mixin.py:188} INFO - [2026-02-28T22:00:19.691+0000] {dag.py:3096} INFO - Sync 1 DAGs
[2026-02-28T22:00:19.788+0000] {logging_mixin.py:188} INFO - [2026-02-28T22:00:19.788+0000] {dag.py:3954} INFO - Setting next_dagrun for tutorial_objectstorage to None, run_after=None
[2026-02-28T22:00:19.796+0000] {processor.py:183} INFO - Processing /home/airflow/.local/lib/python3.12/site-packages/airflow/example_dags/tutorial_objectstorage.py took 0.124 seconds
[2026-02-28T22:00:50.634+0000] {processor.py:161} INFO - Started process (PID=2378) to work on /home/airflow/.local/lib/python3.12/site-packages/airflow/example_dags/tutorial_objectstorage.py
[2026-02-28T22:00:50.635+0000] {processor.py:830} INFO - Processing file /home/airflow/.local/lib/python3.12/site-packages/airflow/example_dags/tutorial_objectstorage.py for tasks to queue
[2026-02-28T22:00:50.637+0000] {logging_mixin.py:188} INFO - [2026-02-28T22:00:50.636+0000] {dagbag.py:545} INFO - Filling up the DagBag from /home/airflow/.local/lib/python3.12/site-packages/airflow/example_dags/tutorial_objectstorage.py
[2026-02-28T22:00:50.644+0000] {processor.py:840} INFO - DAG(s) 'tutorial_objectstorage' retrieved from /home/airflow/.local/lib/python3.12/site-packages/airflow/example_dags/tutorial_objectstorage.py
[2026-02-28T22:00:50.668+0000] {logging_mixin.py:188} INFO - [2026-02-28T22:00:50.667+0000] {dag.py:3096} INFO - Sync 1 DAGs
[2026-02-28T22:00:50.680+0000] {logging_mixin.py:188} INFO - [2026-02-28T22:00:50.680+0000] {dag.py:3954} INFO - Setting next_dagrun for tutorial_objectstorage to None, run_after=None
[2026-02-28T22:00:50.696+0000] {processor.py:183} INFO - Processing /home/airflow/.local/lib/python3.12/site-packages/airflow/example_dags/tutorial_objectstorage.py took 0.067 seconds
[2026-02-28T22:01:21.231+0000] {processor.py:161} INFO - Started process (PID=2435) to work on /home/airflow/.local/lib/python3.12/site-packages/airflow/example_dags/tutorial_objectstorage.py
[2026-02-28T22:01:21.232+0000] {processor.py:830} INFO - Processing file /home/airflow/.local/lib/python3.12/site-packages/airflow/example_dags/tutorial_objectstorage.py for tasks to queue
[2026-02-28T22:01:21.234+0000] {logging_mixin.py:188} INFO - [2026-02-28T22:01:21.234+0000] {dagbag.py:545} INFO - Filling up the DagBag from /home/airflow/.local/lib/python3.12/site-packages/airflow/example_dags/tutorial_objectstorage.py
[2026-02-28T22:01:21.244+0000] {processor.py:840} INFO - DAG(s) 'tutorial_objectstorage' retrieved from /home/airflow/.local/lib/python3.12/site-packages/airflow/example_dags/tutorial_objectstorage.py
[2026-02-28T22:01:21.265+0000] {logging_mixin.py:188} INFO - [2026-02-28T22:01:21.264+0000] {dag.py:3096} INFO - Sync 1 DAGs
[2026-02-28T22:01:21.277+0000] {logging_mixin.py:188} INFO - [2026-02-28T22:01:21.277+0000] {dag.py:3954} INFO - Setting next_dagrun for tutorial_objectstorage to None, run_after=None
[2026-02-28T22:01:21.301+0000] {processor.py:183} INFO - Processing /home/airflow/.local/lib/python3.12/site-packages/airflow/example_dags/tutorial_objectstorage.py took 0.076 seconds
[2026-02-28T22:01:52.253+0000] {processor.py:161} INFO - Started process (PID=2493) to work on /home/airflow/.local/lib/python3.12/site-packages/airflow/example_dags/tutorial_objectstorage.py
[2026-02-28T22:01:52.254+0000] {processor.py:830} INFO - Processing file /home/airflow/.local/lib/python3.12/site-packages/airflow/example_dags/tutorial_objectstorage.py for tasks to queue
[2026-02-28T22:01:52.256+0000] {logging_mixin.py:188} INFO - [2026-02-28T22:01:52.256+0000] {dagbag.py:545} INFO - Filling up the DagBag from /home/airflow/.local/lib/python3.12/site-packages/airflow/example_dags/tutorial_objectstorage.py
[2026-02-28T22:01:52.263+0000] {processor.py:840} INFO - DAG(s) 'tutorial_objectstorage' retrieved from /home/airflow/.local/lib/python3.12/site-packages/airflow/example_dags/tutorial_objectstorage.py
[2026-02-28T22:01:52.292+0000] {logging_mixin.py:188} INFO - [2026-02-28T22:01:52.291+0000] {dag.py:3096} INFO - Sync 1 DAGs
[2026-02-28T22:01:52.301+0000] {logging_mixin.py:188} INFO - [2026-02-28T22:01:52.301+0000] {dag.py:3954} INFO - Setting next_dagrun for tutorial_objectstorage to None, run_after=None
[2026-02-28T22:01:52.317+0000] {processor.py:183} INFO - Processing /home/airflow/.local/lib/python3.12/site-packages/airflow/example_dags/tutorial_objectstorage.py took 0.070 seconds
[2026-02-28T22:02:23.178+0000] {processor.py:161} INFO - Started process (PID=2551) to work on /home/airflow/.local/lib/python3.12/site-packages/airflow/example_dags/tutorial_objectstorage.py
[2026-02-28T22:02:23.180+0000] {processor.py:830} INFO - Processing file /home/airflow/.local/lib/python3.12/site-packages/airflow/example_dags/tutorial_objectstorage.py for tasks to queue
[2026-02-28T22:02:23.183+0000] {logging_mixin.py:188} INFO - [2026-02-28T22:02:23.183+0000] {dagbag.py:545} INFO - Filling up the DagBag from /home/airflow/.local/lib/python3.12/site-packages/airflow/example_dags/tutorial_objectstorage.py
[2026-02-28T22:02:23.196+0000] {processor.py:840} INFO - DAG(s) 'tutorial_objectstorage' retrieved from /home/airflow/.local/lib/python3.12/site-packages/airflow/example_dags/tutorial_objectstorage.py
[2026-02-28T22:02:23.223+0000] {logging_mixin.py:188} INFO - [2026-02-28T22:02:23.223+0000] {dag.py:3096} INFO - Sync 1 DAGs
[2026-02-28T22:02:23.233+0000] {logging_mixin.py:188} INFO - [2026-02-28T22:02:23.232+0000] {dag.py:3954} INFO - Setting next_dagrun for tutorial_objectstorage to None, run_after=None
[2026-02-28T22:02:23.251+0000] {processor.py:183} INFO - Processing /home/airflow/.local/lib/python3.12/site-packages/airflow/example_dags/tutorial_objectstorage.py took 0.084 seconds
[2026-02-28T22:02:53.529+0000] {processor.py:161} INFO - Started process (PID=2609) to work on /home/airflow/.local/lib/python3.12/site-packages/airflow/example_dags/tutorial_objectstorage.py
[2026-02-28T22:02:53.533+0000] {processor.py:830} INFO - Processing file /home/airflow/.local/lib/python3.12/site-packages/airflow/example_dags/tutorial_objectstorage.py for tasks to queue
[2026-02-28T22:02:53.535+0000] {logging_mixin.py:188} INFO - [2026-02-28T22:02:53.535+0000] {dagbag.py:545} INFO - Filling up the DagBag from /home/airflow/.local/lib/python3.12/site-packages/airflow/example_dags/tutorial_objectstorage.py
[2026-02-28T22:02:53.545+0000] {processor.py:840} INFO - DAG(s) 'tutorial_objectstorage' retrieved from /home/airflow/.local/lib/python3.12/site-packages/airflow/example_dags/tutorial_objectstorage.py
[2026-02-28T22:02:53.568+0000] {logging_mixin.py:188} INFO - [2026-02-28T22:02:53.568+0000] {dag.py:3096} INFO - Sync 1 DAGs
[2026-02-28T22:02:53.576+0000] {logging_mixin.py:188} INFO - [2026-02-28T22:02:53.576+0000] {dag.py:3954} INFO - Setting next_dagrun for tutorial_objectstorage to None, run_after=None
[2026-02-28T22:02:53.591+0000] {processor.py:183} INFO - Processing /home/airflow/.local/lib/python3.12/site-packages/airflow/example_dags/tutorial_objectstorage.py took 0.075 seconds
[2026-02-28T22:03:23.834+0000] {processor.py:161} INFO - Started process (PID=2666) to work on /home/airflow/.local/lib/python3.12/site-packages/airflow/example_dags/tutorial_objectstorage.py
[2026-02-28T22:03:23.836+0000] {processor.py:830} INFO - Processing file /home/airflow/.local/lib/python3.12/site-packages/airflow/example_dags/tutorial_objectstorage.py for tasks to queue
[2026-02-28T22:03:23.838+0000] {logging_mixin.py:188} INFO - [2026-02-28T22:03:23.838+0000] {dagbag.py:545} INFO - Filling up the DagBag from /home/airflow/.local/lib/python3.12/site-packages/airflow/example_dags/tutorial_objectstorage.py
[2026-02-28T22:03:23.851+0000] {processor.py:840} INFO - DAG(s) 'tutorial_objectstorage' retrieved from /home/airflow/.local/lib/python3.12/site-packages/airflow/example_dags/tutorial_objectstorage.py
[2026-02-28T22:03:23.879+0000] {logging_mixin.py:188} INFO - [2026-02-28T22:03:23.878+0000] {dag.py:3096} INFO - Sync 1 DAGs
[2026-02-28T22:03:23.892+0000] {logging_mixin.py:188} INFO - [2026-02-28T22:03:23.892+0000] {dag.py:3954} INFO - Setting next_dagrun for tutorial_objectstorage to None, run_after=None
[2026-02-28T22:03:23.910+0000] {processor.py:183} INFO - Processing /home/airflow/.local/lib/python3.12/site-packages/airflow/example_dags/tutorial_objectstorage.py took 0.087 seconds
[2026-02-28T22:03:54.798+0000] {processor.py:161} INFO - Started process (PID=2724) to work on /home/airflow/.local/lib/python3.12/site-packages/airflow/example_dags/tutorial_objectstorage.py
[2026-02-28T22:03:54.800+0000] {processor.py:830} INFO - Processing file /home/airflow/.local/lib/python3.12/site-packages/airflow/example_dags/tutorial_objectstorage.py for tasks to queue
[2026-02-28T22:03:54.804+0000] {logging_mixin.py:188} INFO - [2026-02-28T22:03:54.803+0000] {dagbag.py:545} INFO - Filling up the DagBag from /home/airflow/.local/lib/python3.12/site-packages/airflow/example_dags/tutorial_objectstorage.py
[2026-02-28T22:03:54.818+0000] {processor.py:840} INFO - DAG(s) 'tutorial_objectstorage' retrieved from /home/airflow/.local/lib/python3.12/site-packages/airflow/example_dags/tutorial_objectstorage.py
[2026-02-28T22:03:54.840+0000] {logging_mixin.py:188} INFO - [2026-02-28T22:03:54.840+0000] {dag.py:3096} INFO - Sync 1 DAGs
[2026-02-28T22:03:54.853+0000] {logging_mixin.py:188} INFO - [2026-02-28T22:03:54.853+0000] {dag.py:3954} INFO - Setting next_dagrun for tutorial_objectstorage to None, run_after=None
[2026-02-28T22:03:54.869+0000] {processor.py:183} INFO - Processing /home/airflow/.local/lib/python3.12/site-packages/airflow/example_dags/tutorial_objectstorage.py took 0.084 seconds
[2026-02-28T22:04:24.967+0000] {processor.py:161} INFO - Started process (PID=2782) to work on /home/airflow/.local/lib/python3.12/site-packages/airflow/example_dags/tutorial_objectstorage.py
[2026-02-28T22:04:24.969+0000] {processor.py:830} INFO - Processing file /home/airflow/.local/lib/python3.12/site-packages/airflow/example_dags/tutorial_objectstorage.py for tasks to queue
[2026-02-28T22:04:24.971+0000] {logging_mixin.py:188} INFO - [2026-02-28T22:04:24.971+0000] {dagbag.py:545} INFO - Filling up the DagBag from /home/airflow/.local/lib/python3.12/site-packages/airflow/example_dags/tutorial_objectstorage.py
[2026-02-28T22:04:24.981+0000] {processor.py:840} INFO - DAG(s) 'tutorial_objectstorage' retrieved from /home/airflow/.local/lib/python3.12/site-packages/airflow/example_dags/tutorial_objectstorage.py
[2026-02-28T22:04:25.002+0000] {logging_mixin.py:188} INFO - [2026-02-28T22:04:25.002+0000] {dag.py:3096} INFO - Sync 1 DAGs
[2026-02-28T22:04:25.012+0000] {logging_mixin.py:188} INFO - [2026-02-28T22:04:25.012+0000] {dag.py:3954} INFO - Setting next_dagrun for tutorial_objectstorage to None, run_after=None
[2026-02-28T22:04:25.026+0000] {processor.py:183} INFO - Processing /home/airflow/.local/lib/python3.12/site-packages/airflow/example_dags/tutorial_objectstorage.py took 0.068 seconds
