[2026-02-28T21:39:57.566+0000] {processor.py:161} INFO - Started process (PID=50) to work on /home/airflow/.local/lib/python3.12/site-packages/airflow/example_dags/tutorial_dag.py
[2026-02-28T21:39:57.570+0000] {processor.py:830} INFO - Processing file /home/airflow/.local/lib/python3.12/site-packages/airflow/example_dags/tutorial_dag.py for tasks to queue
[2026-02-28T21:39:57.574+0000] {logging_mixin.py:188} INFO - [2026-02-28T21:39:57.574+0000] {dagbag.py:545} INFO - Filling up the DagBag from /home/airflow/.local/lib/python3.12/site-packages/airflow/example_dags/tutorial_dag.py
[2026-02-28T21:39:57.593+0000] {processor.py:840} INFO - DAG(s) 'tutorial_dag' retrieved from /home/airflow/.local/lib/python3.12/site-packages/airflow/example_dags/tutorial_dag.py
[2026-02-28T21:39:57.640+0000] {logging_mixin.py:188} INFO - [2026-02-28T21:39:57.640+0000] {dag.py:3096} INFO - Sync 1 DAGs
[2026-02-28T21:39:57.687+0000] {logging_mixin.py:188} INFO - [2026-02-28T21:39:57.687+0000] {dag.py:3954} INFO - Setting next_dagrun for tutorial_dag to None, run_after=None
[2026-02-28T21:39:57.735+0000] {processor.py:183} INFO - Processing /home/airflow/.local/lib/python3.12/site-packages/airflow/example_dags/tutorial_dag.py took 0.184 seconds
[2026-02-28T21:40:28.210+0000] {processor.py:161} INFO - Started process (PID=108) to work on /home/airflow/.local/lib/python3.12/site-packages/airflow/example_dags/tutorial_dag.py
[2026-02-28T21:40:28.211+0000] {processor.py:830} INFO - Processing file /home/airflow/.local/lib/python3.12/site-packages/airflow/example_dags/tutorial_dag.py for tasks to queue
[2026-02-28T21:40:28.213+0000] {logging_mixin.py:188} INFO - [2026-02-28T21:40:28.212+0000] {dagbag.py:545} INFO - Filling up the DagBag from /home/airflow/.local/lib/python3.12/site-packages/airflow/example_dags/tutorial_dag.py
[2026-02-28T21:40:28.216+0000] {processor.py:840} INFO - DAG(s) 'tutorial_dag' retrieved from /home/airflow/.local/lib/python3.12/site-packages/airflow/example_dags/tutorial_dag.py
[2026-02-28T21:40:28.276+0000] {logging_mixin.py:188} INFO - [2026-02-28T21:40:28.276+0000] {dag.py:3096} INFO - Sync 1 DAGs
[2026-02-28T21:40:28.281+0000] {logging_mixin.py:188} INFO - [2026-02-28T21:40:28.281+0000] {dag.py:3954} INFO - Setting next_dagrun for tutorial_dag to None, run_after=None
[2026-02-28T21:40:28.296+0000] {processor.py:183} INFO - Processing /home/airflow/.local/lib/python3.12/site-packages/airflow/example_dags/tutorial_dag.py took 0.090 seconds
[2026-02-28T21:40:58.627+0000] {processor.py:161} INFO - Started process (PID=166) to work on /home/airflow/.local/lib/python3.12/site-packages/airflow/example_dags/tutorial_dag.py
[2026-02-28T21:40:58.628+0000] {processor.py:830} INFO - Processing file /home/airflow/.local/lib/python3.12/site-packages/airflow/example_dags/tutorial_dag.py for tasks to queue
[2026-02-28T21:40:58.629+0000] {logging_mixin.py:188} INFO - [2026-02-28T21:40:58.629+0000] {dagbag.py:545} INFO - Filling up the DagBag from /home/airflow/.local/lib/python3.12/site-packages/airflow/example_dags/tutorial_dag.py
[2026-02-28T21:40:58.633+0000] {processor.py:840} INFO - DAG(s) 'tutorial_dag' retrieved from /home/airflow/.local/lib/python3.12/site-packages/airflow/example_dags/tutorial_dag.py
[2026-02-28T21:40:58.648+0000] {logging_mixin.py:188} INFO - [2026-02-28T21:40:58.648+0000] {dag.py:3096} INFO - Sync 1 DAGs
[2026-02-28T21:40:58.664+0000] {logging_mixin.py:188} INFO - [2026-02-28T21:40:58.664+0000] {dag.py:3954} INFO - Setting next_dagrun for tutorial_dag to None, run_after=None
[2026-02-28T21:40:58.681+0000] {processor.py:183} INFO - Processing /home/airflow/.local/lib/python3.12/site-packages/airflow/example_dags/tutorial_dag.py took 0.057 seconds
[2026-02-28T21:41:29.555+0000] {processor.py:161} INFO - Started process (PID=224) to work on /home/airflow/.local/lib/python3.12/site-packages/airflow/example_dags/tutorial_dag.py
[2026-02-28T21:41:29.556+0000] {processor.py:830} INFO - Processing file /home/airflow/.local/lib/python3.12/site-packages/airflow/example_dags/tutorial_dag.py for tasks to queue
[2026-02-28T21:41:29.558+0000] {logging_mixin.py:188} INFO - [2026-02-28T21:41:29.557+0000] {dagbag.py:545} INFO - Filling up the DagBag from /home/airflow/.local/lib/python3.12/site-packages/airflow/example_dags/tutorial_dag.py
[2026-02-28T21:41:29.562+0000] {processor.py:840} INFO - DAG(s) 'tutorial_dag' retrieved from /home/airflow/.local/lib/python3.12/site-packages/airflow/example_dags/tutorial_dag.py
[2026-02-28T21:41:29.581+0000] {logging_mixin.py:188} INFO - [2026-02-28T21:41:29.580+0000] {dag.py:3096} INFO - Sync 1 DAGs
[2026-02-28T21:41:29.588+0000] {logging_mixin.py:188} INFO - [2026-02-28T21:41:29.588+0000] {dag.py:3954} INFO - Setting next_dagrun for tutorial_dag to None, run_after=None
[2026-02-28T21:41:29.604+0000] {processor.py:183} INFO - Processing /home/airflow/.local/lib/python3.12/site-packages/airflow/example_dags/tutorial_dag.py took 0.053 seconds
[2026-02-28T21:41:59.957+0000] {processor.py:161} INFO - Started process (PID=282) to work on /home/airflow/.local/lib/python3.12/site-packages/airflow/example_dags/tutorial_dag.py
[2026-02-28T21:41:59.957+0000] {processor.py:830} INFO - Processing file /home/airflow/.local/lib/python3.12/site-packages/airflow/example_dags/tutorial_dag.py for tasks to queue
[2026-02-28T21:41:59.959+0000] {logging_mixin.py:188} INFO - [2026-02-28T21:41:59.959+0000] {dagbag.py:545} INFO - Filling up the DagBag from /home/airflow/.local/lib/python3.12/site-packages/airflow/example_dags/tutorial_dag.py
[2026-02-28T21:41:59.962+0000] {processor.py:840} INFO - DAG(s) 'tutorial_dag' retrieved from /home/airflow/.local/lib/python3.12/site-packages/airflow/example_dags/tutorial_dag.py
[2026-02-28T21:41:59.983+0000] {logging_mixin.py:188} INFO - [2026-02-28T21:41:59.983+0000] {dag.py:3096} INFO - Sync 1 DAGs
[2026-02-28T21:41:59.995+0000] {logging_mixin.py:188} INFO - [2026-02-28T21:41:59.995+0000] {dag.py:3954} INFO - Setting next_dagrun for tutorial_dag to None, run_after=None
[2026-02-28T21:42:00.022+0000] {processor.py:183} INFO - Processing /home/airflow/.local/lib/python3.12/site-packages/airflow/example_dags/tutorial_dag.py took 0.069 seconds
[2026-02-28T21:42:30.358+0000] {processor.py:161} INFO - Started process (PID=341) to work on /home/airflow/.local/lib/python3.12/site-packages/airflow/example_dags/tutorial_dag.py
[2026-02-28T21:42:30.360+0000] {processor.py:830} INFO - Processing file /home/airflow/.local/lib/python3.12/site-packages/airflow/example_dags/tutorial_dag.py for tasks to queue
[2026-02-28T21:42:30.362+0000] {logging_mixin.py:188} INFO - [2026-02-28T21:42:30.361+0000] {dagbag.py:545} INFO - Filling up the DagBag from /home/airflow/.local/lib/python3.12/site-packages/airflow/example_dags/tutorial_dag.py
[2026-02-28T21:42:30.367+0000] {processor.py:840} INFO - DAG(s) 'tutorial_dag' retrieved from /home/airflow/.local/lib/python3.12/site-packages/airflow/example_dags/tutorial_dag.py
[2026-02-28T21:42:30.383+0000] {logging_mixin.py:188} INFO - [2026-02-28T21:42:30.383+0000] {dag.py:3096} INFO - Sync 1 DAGs
[2026-02-28T21:42:30.392+0000] {logging_mixin.py:188} INFO - [2026-02-28T21:42:30.392+0000] {dag.py:3954} INFO - Setting next_dagrun for tutorial_dag to None, run_after=None
[2026-02-28T21:42:30.407+0000] {processor.py:183} INFO - Processing /home/airflow/.local/lib/python3.12/site-packages/airflow/example_dags/tutorial_dag.py took 0.053 seconds
[2026-02-28T21:43:01.012+0000] {processor.py:161} INFO - Started process (PID=399) to work on /home/airflow/.local/lib/python3.12/site-packages/airflow/example_dags/tutorial_dag.py
[2026-02-28T21:43:01.013+0000] {processor.py:830} INFO - Processing file /home/airflow/.local/lib/python3.12/site-packages/airflow/example_dags/tutorial_dag.py for tasks to queue
[2026-02-28T21:43:01.014+0000] {logging_mixin.py:188} INFO - [2026-02-28T21:43:01.014+0000] {dagbag.py:545} INFO - Filling up the DagBag from /home/airflow/.local/lib/python3.12/site-packages/airflow/example_dags/tutorial_dag.py
[2026-02-28T21:43:01.021+0000] {processor.py:840} INFO - DAG(s) 'tutorial_dag' retrieved from /home/airflow/.local/lib/python3.12/site-packages/airflow/example_dags/tutorial_dag.py
[2026-02-28T21:43:01.040+0000] {logging_mixin.py:188} INFO - [2026-02-28T21:43:01.039+0000] {dag.py:3096} INFO - Sync 1 DAGs
[2026-02-28T21:43:01.048+0000] {logging_mixin.py:188} INFO - [2026-02-28T21:43:01.047+0000] {dag.py:3954} INFO - Setting next_dagrun for tutorial_dag to None, run_after=None
[2026-02-28T21:43:01.063+0000] {processor.py:183} INFO - Processing /home/airflow/.local/lib/python3.12/site-packages/airflow/example_dags/tutorial_dag.py took 0.057 seconds
[2026-02-28T21:43:31.239+0000] {processor.py:161} INFO - Started process (PID=457) to work on /home/airflow/.local/lib/python3.12/site-packages/airflow/example_dags/tutorial_dag.py
[2026-02-28T21:43:31.241+0000] {processor.py:830} INFO - Processing file /home/airflow/.local/lib/python3.12/site-packages/airflow/example_dags/tutorial_dag.py for tasks to queue
[2026-02-28T21:43:31.242+0000] {logging_mixin.py:188} INFO - [2026-02-28T21:43:31.242+0000] {dagbag.py:545} INFO - Filling up the DagBag from /home/airflow/.local/lib/python3.12/site-packages/airflow/example_dags/tutorial_dag.py
[2026-02-28T21:43:31.246+0000] {processor.py:840} INFO - DAG(s) 'tutorial_dag' retrieved from /home/airflow/.local/lib/python3.12/site-packages/airflow/example_dags/tutorial_dag.py
[2026-02-28T21:43:31.265+0000] {logging_mixin.py:188} INFO - [2026-02-28T21:43:31.264+0000] {dag.py:3096} INFO - Sync 1 DAGs
[2026-02-28T21:43:31.273+0000] {logging_mixin.py:188} INFO - [2026-02-28T21:43:31.273+0000] {dag.py:3954} INFO - Setting next_dagrun for tutorial_dag to None, run_after=None
[2026-02-28T21:43:31.287+0000] {processor.py:183} INFO - Processing /home/airflow/.local/lib/python3.12/site-packages/airflow/example_dags/tutorial_dag.py took 0.053 seconds
[2026-02-28T21:44:27.548+0000] {processor.py:161} INFO - Started process (PID=515) to work on /home/airflow/.local/lib/python3.12/site-packages/airflow/example_dags/tutorial_dag.py
[2026-02-28T21:44:27.550+0000] {processor.py:830} INFO - Processing file /home/airflow/.local/lib/python3.12/site-packages/airflow/example_dags/tutorial_dag.py for tasks to queue
[2026-02-28T21:44:27.561+0000] {logging_mixin.py:188} INFO - [2026-02-28T21:44:27.554+0000] {dagbag.py:545} INFO - Filling up the DagBag from /home/airflow/.local/lib/python3.12/site-packages/airflow/example_dags/tutorial_dag.py
[2026-02-28T21:44:27.584+0000] {processor.py:840} INFO - DAG(s) 'tutorial_dag' retrieved from /home/airflow/.local/lib/python3.12/site-packages/airflow/example_dags/tutorial_dag.py
[2026-02-28T21:44:27.696+0000] {logging_mixin.py:188} INFO - [2026-02-28T21:44:27.695+0000] {dag.py:3096} INFO - Sync 1 DAGs
[2026-02-28T21:44:27.708+0000] {logging_mixin.py:188} INFO - [2026-02-28T21:44:27.708+0000] {dag.py:3954} INFO - Setting next_dagrun for tutorial_dag to None, run_after=None
[2026-02-28T21:44:27.743+0000] {processor.py:183} INFO - Processing /home/airflow/.local/lib/python3.12/site-packages/airflow/example_dags/tutorial_dag.py took 0.206 seconds
[2026-02-28T21:44:57.874+0000] {processor.py:161} INFO - Started process (PID=573) to work on /home/airflow/.local/lib/python3.12/site-packages/airflow/example_dags/tutorial_dag.py
[2026-02-28T21:44:57.876+0000] {processor.py:830} INFO - Processing file /home/airflow/.local/lib/python3.12/site-packages/airflow/example_dags/tutorial_dag.py for tasks to queue
[2026-02-28T21:44:57.880+0000] {logging_mixin.py:188} INFO - [2026-02-28T21:44:57.879+0000] {dagbag.py:545} INFO - Filling up the DagBag from /home/airflow/.local/lib/python3.12/site-packages/airflow/example_dags/tutorial_dag.py
[2026-02-28T21:44:57.884+0000] {processor.py:840} INFO - DAG(s) 'tutorial_dag' retrieved from /home/airflow/.local/lib/python3.12/site-packages/airflow/example_dags/tutorial_dag.py
[2026-02-28T21:44:57.899+0000] {logging_mixin.py:188} INFO - [2026-02-28T21:44:57.899+0000] {dag.py:3096} INFO - Sync 1 DAGs
[2026-02-28T21:44:57.906+0000] {logging_mixin.py:188} INFO - [2026-02-28T21:44:57.906+0000] {dag.py:3954} INFO - Setting next_dagrun for tutorial_dag to None, run_after=None
[2026-02-28T21:44:57.916+0000] {processor.py:183} INFO - Processing /home/airflow/.local/lib/python3.12/site-packages/airflow/example_dags/tutorial_dag.py took 0.046 seconds
[2026-02-28T21:45:28.143+0000] {processor.py:161} INFO - Started process (PID=631) to work on /home/airflow/.local/lib/python3.12/site-packages/airflow/example_dags/tutorial_dag.py
[2026-02-28T21:45:28.144+0000] {processor.py:830} INFO - Processing file /home/airflow/.local/lib/python3.12/site-packages/airflow/example_dags/tutorial_dag.py for tasks to queue
[2026-02-28T21:45:28.145+0000] {logging_mixin.py:188} INFO - [2026-02-28T21:45:28.145+0000] {dagbag.py:545} INFO - Filling up the DagBag from /home/airflow/.local/lib/python3.12/site-packages/airflow/example_dags/tutorial_dag.py
[2026-02-28T21:45:28.148+0000] {processor.py:840} INFO - DAG(s) 'tutorial_dag' retrieved from /home/airflow/.local/lib/python3.12/site-packages/airflow/example_dags/tutorial_dag.py
[2026-02-28T21:45:28.160+0000] {logging_mixin.py:188} INFO - [2026-02-28T21:45:28.160+0000] {dag.py:3096} INFO - Sync 1 DAGs
[2026-02-28T21:45:28.167+0000] {logging_mixin.py:188} INFO - [2026-02-28T21:45:28.167+0000] {dag.py:3954} INFO - Setting next_dagrun for tutorial_dag to None, run_after=None
[2026-02-28T21:45:28.178+0000] {processor.py:183} INFO - Processing /home/airflow/.local/lib/python3.12/site-packages/airflow/example_dags/tutorial_dag.py took 0.040 seconds
[2026-02-28T21:45:58.433+0000] {processor.py:161} INFO - Started process (PID=687) to work on /home/airflow/.local/lib/python3.12/site-packages/airflow/example_dags/tutorial_dag.py
[2026-02-28T21:45:58.438+0000] {processor.py:830} INFO - Processing file /home/airflow/.local/lib/python3.12/site-packages/airflow/example_dags/tutorial_dag.py for tasks to queue
[2026-02-28T21:45:58.439+0000] {logging_mixin.py:188} INFO - [2026-02-28T21:45:58.439+0000] {dagbag.py:545} INFO - Filling up the DagBag from /home/airflow/.local/lib/python3.12/site-packages/airflow/example_dags/tutorial_dag.py
[2026-02-28T21:45:58.443+0000] {processor.py:840} INFO - DAG(s) 'tutorial_dag' retrieved from /home/airflow/.local/lib/python3.12/site-packages/airflow/example_dags/tutorial_dag.py
[2026-02-28T21:45:58.457+0000] {logging_mixin.py:188} INFO - [2026-02-28T21:45:58.456+0000] {dag.py:3096} INFO - Sync 1 DAGs
[2026-02-28T21:45:58.464+0000] {logging_mixin.py:188} INFO - [2026-02-28T21:45:58.464+0000] {dag.py:3954} INFO - Setting next_dagrun for tutorial_dag to None, run_after=None
[2026-02-28T21:45:58.477+0000] {processor.py:183} INFO - Processing /home/airflow/.local/lib/python3.12/site-packages/airflow/example_dags/tutorial_dag.py took 0.049 seconds
[2026-02-28T21:46:29.027+0000] {processor.py:161} INFO - Started process (PID=745) to work on /home/airflow/.local/lib/python3.12/site-packages/airflow/example_dags/tutorial_dag.py
[2026-02-28T21:46:29.028+0000] {processor.py:830} INFO - Processing file /home/airflow/.local/lib/python3.12/site-packages/airflow/example_dags/tutorial_dag.py for tasks to queue
[2026-02-28T21:46:29.031+0000] {logging_mixin.py:188} INFO - [2026-02-28T21:46:29.031+0000] {dagbag.py:545} INFO - Filling up the DagBag from /home/airflow/.local/lib/python3.12/site-packages/airflow/example_dags/tutorial_dag.py
[2026-02-28T21:46:29.037+0000] {processor.py:840} INFO - DAG(s) 'tutorial_dag' retrieved from /home/airflow/.local/lib/python3.12/site-packages/airflow/example_dags/tutorial_dag.py
[2026-02-28T21:46:29.055+0000] {logging_mixin.py:188} INFO - [2026-02-28T21:46:29.055+0000] {dag.py:3096} INFO - Sync 1 DAGs
[2026-02-28T21:46:29.064+0000] {logging_mixin.py:188} INFO - [2026-02-28T21:46:29.064+0000] {dag.py:3954} INFO - Setting next_dagrun for tutorial_dag to None, run_after=None
[2026-02-28T21:46:29.094+0000] {processor.py:183} INFO - Processing /home/airflow/.local/lib/python3.12/site-packages/airflow/example_dags/tutorial_dag.py took 0.072 seconds
[2026-02-28T21:46:59.873+0000] {processor.py:161} INFO - Started process (PID=803) to work on /home/airflow/.local/lib/python3.12/site-packages/airflow/example_dags/tutorial_dag.py
[2026-02-28T21:46:59.873+0000] {processor.py:830} INFO - Processing file /home/airflow/.local/lib/python3.12/site-packages/airflow/example_dags/tutorial_dag.py for tasks to queue
[2026-02-28T21:46:59.874+0000] {logging_mixin.py:188} INFO - [2026-02-28T21:46:59.874+0000] {dagbag.py:545} INFO - Filling up the DagBag from /home/airflow/.local/lib/python3.12/site-packages/airflow/example_dags/tutorial_dag.py
[2026-02-28T21:46:59.878+0000] {processor.py:840} INFO - DAG(s) 'tutorial_dag' retrieved from /home/airflow/.local/lib/python3.12/site-packages/airflow/example_dags/tutorial_dag.py
[2026-02-28T21:46:59.893+0000] {logging_mixin.py:188} INFO - [2026-02-28T21:46:59.893+0000] {dag.py:3096} INFO - Sync 1 DAGs
[2026-02-28T21:46:59.903+0000] {logging_mixin.py:188} INFO - [2026-02-28T21:46:59.903+0000] {dag.py:3954} INFO - Setting next_dagrun for tutorial_dag to None, run_after=None
[2026-02-28T21:46:59.920+0000] {processor.py:183} INFO - Processing /home/airflow/.local/lib/python3.12/site-packages/airflow/example_dags/tutorial_dag.py took 0.053 seconds
[2026-02-28T21:47:30.876+0000] {processor.py:161} INFO - Started process (PID=861) to work on /home/airflow/.local/lib/python3.12/site-packages/airflow/example_dags/tutorial_dag.py
[2026-02-28T21:47:30.878+0000] {processor.py:830} INFO - Processing file /home/airflow/.local/lib/python3.12/site-packages/airflow/example_dags/tutorial_dag.py for tasks to queue
[2026-02-28T21:47:30.880+0000] {logging_mixin.py:188} INFO - [2026-02-28T21:47:30.880+0000] {dagbag.py:545} INFO - Filling up the DagBag from /home/airflow/.local/lib/python3.12/site-packages/airflow/example_dags/tutorial_dag.py
[2026-02-28T21:47:30.885+0000] {processor.py:840} INFO - DAG(s) 'tutorial_dag' retrieved from /home/airflow/.local/lib/python3.12/site-packages/airflow/example_dags/tutorial_dag.py
[2026-02-28T21:47:30.900+0000] {logging_mixin.py:188} INFO - [2026-02-28T21:47:30.900+0000] {dag.py:3096} INFO - Sync 1 DAGs
[2026-02-28T21:47:30.908+0000] {logging_mixin.py:188} INFO - [2026-02-28T21:47:30.908+0000] {dag.py:3954} INFO - Setting next_dagrun for tutorial_dag to None, run_after=None
[2026-02-28T21:47:30.924+0000] {processor.py:183} INFO - Processing /home/airflow/.local/lib/python3.12/site-packages/airflow/example_dags/tutorial_dag.py took 0.051 seconds
[2026-02-28T21:48:01.685+0000] {processor.py:161} INFO - Started process (PID=919) to work on /home/airflow/.local/lib/python3.12/site-packages/airflow/example_dags/tutorial_dag.py
[2026-02-28T21:48:01.688+0000] {processor.py:830} INFO - Processing file /home/airflow/.local/lib/python3.12/site-packages/airflow/example_dags/tutorial_dag.py for tasks to queue
[2026-02-28T21:48:01.691+0000] {logging_mixin.py:188} INFO - [2026-02-28T21:48:01.690+0000] {dagbag.py:545} INFO - Filling up the DagBag from /home/airflow/.local/lib/python3.12/site-packages/airflow/example_dags/tutorial_dag.py
[2026-02-28T21:48:01.695+0000] {processor.py:840} INFO - DAG(s) 'tutorial_dag' retrieved from /home/airflow/.local/lib/python3.12/site-packages/airflow/example_dags/tutorial_dag.py
[2026-02-28T21:48:01.709+0000] {logging_mixin.py:188} INFO - [2026-02-28T21:48:01.709+0000] {dag.py:3096} INFO - Sync 1 DAGs
[2026-02-28T21:48:01.727+0000] {logging_mixin.py:188} INFO - [2026-02-28T21:48:01.726+0000] {dag.py:3954} INFO - Setting next_dagrun for tutorial_dag to None, run_after=None
[2026-02-28T21:48:01.764+0000] {processor.py:183} INFO - Processing /home/airflow/.local/lib/python3.12/site-packages/airflow/example_dags/tutorial_dag.py took 0.083 seconds
[2026-02-28T21:48:32.901+0000] {processor.py:161} INFO - Started process (PID=977) to work on /home/airflow/.local/lib/python3.12/site-packages/airflow/example_dags/tutorial_dag.py
[2026-02-28T21:48:32.902+0000] {processor.py:830} INFO - Processing file /home/airflow/.local/lib/python3.12/site-packages/airflow/example_dags/tutorial_dag.py for tasks to queue
[2026-02-28T21:48:32.920+0000] {logging_mixin.py:188} INFO - [2026-02-28T21:48:32.908+0000] {dagbag.py:545} INFO - Filling up the DagBag from /home/airflow/.local/lib/python3.12/site-packages/airflow/example_dags/tutorial_dag.py
[2026-02-28T21:48:32.929+0000] {processor.py:840} INFO - DAG(s) 'tutorial_dag' retrieved from /home/airflow/.local/lib/python3.12/site-packages/airflow/example_dags/tutorial_dag.py
[2026-02-28T21:48:32.962+0000] {logging_mixin.py:188} INFO - [2026-02-28T21:48:32.962+0000] {dag.py:3096} INFO - Sync 1 DAGs
[2026-02-28T21:48:32.978+0000] {logging_mixin.py:188} INFO - [2026-02-28T21:48:32.978+0000] {dag.py:3954} INFO - Setting next_dagrun for tutorial_dag to None, run_after=None
[2026-02-28T21:48:32.993+0000] {processor.py:183} INFO - Processing /home/airflow/.local/lib/python3.12/site-packages/airflow/example_dags/tutorial_dag.py took 0.098 seconds
[2026-02-28T21:49:03.395+0000] {processor.py:161} INFO - Started process (PID=1035) to work on /home/airflow/.local/lib/python3.12/site-packages/airflow/example_dags/tutorial_dag.py
[2026-02-28T21:49:03.396+0000] {processor.py:830} INFO - Processing file /home/airflow/.local/lib/python3.12/site-packages/airflow/example_dags/tutorial_dag.py for tasks to queue
[2026-02-28T21:49:03.400+0000] {logging_mixin.py:188} INFO - [2026-02-28T21:49:03.400+0000] {dagbag.py:545} INFO - Filling up the DagBag from /home/airflow/.local/lib/python3.12/site-packages/airflow/example_dags/tutorial_dag.py
[2026-02-28T21:49:03.403+0000] {processor.py:840} INFO - DAG(s) 'tutorial_dag' retrieved from /home/airflow/.local/lib/python3.12/site-packages/airflow/example_dags/tutorial_dag.py
[2026-02-28T21:49:03.421+0000] {logging_mixin.py:188} INFO - [2026-02-28T21:49:03.421+0000] {dag.py:3096} INFO - Sync 1 DAGs
[2026-02-28T21:49:03.431+0000] {logging_mixin.py:188} INFO - [2026-02-28T21:49:03.431+0000] {dag.py:3954} INFO - Setting next_dagrun for tutorial_dag to None, run_after=None
[2026-02-28T21:49:03.445+0000] {processor.py:183} INFO - Processing /home/airflow/.local/lib/python3.12/site-packages/airflow/example_dags/tutorial_dag.py took 0.055 seconds
[2026-02-28T21:49:33.766+0000] {processor.py:161} INFO - Started process (PID=1093) to work on /home/airflow/.local/lib/python3.12/site-packages/airflow/example_dags/tutorial_dag.py
[2026-02-28T21:49:33.767+0000] {processor.py:830} INFO - Processing file /home/airflow/.local/lib/python3.12/site-packages/airflow/example_dags/tutorial_dag.py for tasks to queue
[2026-02-28T21:49:33.771+0000] {logging_mixin.py:188} INFO - [2026-02-28T21:49:33.771+0000] {dagbag.py:545} INFO - Filling up the DagBag from /home/airflow/.local/lib/python3.12/site-packages/airflow/example_dags/tutorial_dag.py
[2026-02-28T21:49:33.774+0000] {processor.py:840} INFO - DAG(s) 'tutorial_dag' retrieved from /home/airflow/.local/lib/python3.12/site-packages/airflow/example_dags/tutorial_dag.py
[2026-02-28T21:49:33.790+0000] {logging_mixin.py:188} INFO - [2026-02-28T21:49:33.790+0000] {dag.py:3096} INFO - Sync 1 DAGs
[2026-02-28T21:49:33.797+0000] {logging_mixin.py:188} INFO - [2026-02-28T21:49:33.797+0000] {dag.py:3954} INFO - Setting next_dagrun for tutorial_dag to None, run_after=None
[2026-02-28T21:49:33.814+0000] {processor.py:183} INFO - Processing /home/airflow/.local/lib/python3.12/site-packages/airflow/example_dags/tutorial_dag.py took 0.053 seconds
[2026-02-28T21:50:04.138+0000] {processor.py:161} INFO - Started process (PID=1151) to work on /home/airflow/.local/lib/python3.12/site-packages/airflow/example_dags/tutorial_dag.py
[2026-02-28T21:50:04.141+0000] {processor.py:830} INFO - Processing file /home/airflow/.local/lib/python3.12/site-packages/airflow/example_dags/tutorial_dag.py for tasks to queue
[2026-02-28T21:50:04.142+0000] {logging_mixin.py:188} INFO - [2026-02-28T21:50:04.141+0000] {dagbag.py:545} INFO - Filling up the DagBag from /home/airflow/.local/lib/python3.12/site-packages/airflow/example_dags/tutorial_dag.py
[2026-02-28T21:50:04.144+0000] {processor.py:840} INFO - DAG(s) 'tutorial_dag' retrieved from /home/airflow/.local/lib/python3.12/site-packages/airflow/example_dags/tutorial_dag.py
[2026-02-28T21:50:04.162+0000] {logging_mixin.py:188} INFO - [2026-02-28T21:50:04.162+0000] {dag.py:3096} INFO - Sync 1 DAGs
[2026-02-28T21:50:04.172+0000] {logging_mixin.py:188} INFO - [2026-02-28T21:50:04.172+0000] {dag.py:3954} INFO - Setting next_dagrun for tutorial_dag to None, run_after=None
[2026-02-28T21:50:04.186+0000] {processor.py:183} INFO - Processing /home/airflow/.local/lib/python3.12/site-packages/airflow/example_dags/tutorial_dag.py took 0.051 seconds
[2026-02-28T21:50:34.527+0000] {processor.py:161} INFO - Started process (PID=1209) to work on /home/airflow/.local/lib/python3.12/site-packages/airflow/example_dags/tutorial_dag.py
[2026-02-28T21:50:34.530+0000] {processor.py:830} INFO - Processing file /home/airflow/.local/lib/python3.12/site-packages/airflow/example_dags/tutorial_dag.py for tasks to queue
[2026-02-28T21:50:34.532+0000] {logging_mixin.py:188} INFO - [2026-02-28T21:50:34.532+0000] {dagbag.py:545} INFO - Filling up the DagBag from /home/airflow/.local/lib/python3.12/site-packages/airflow/example_dags/tutorial_dag.py
[2026-02-28T21:50:34.538+0000] {processor.py:840} INFO - DAG(s) 'tutorial_dag' retrieved from /home/airflow/.local/lib/python3.12/site-packages/airflow/example_dags/tutorial_dag.py
[2026-02-28T21:50:34.673+0000] {logging_mixin.py:188} INFO - [2026-02-28T21:50:34.673+0000] {dag.py:3096} INFO - Sync 1 DAGs
[2026-02-28T21:50:34.711+0000] {logging_mixin.py:188} INFO - [2026-02-28T21:50:34.711+0000] {dag.py:3954} INFO - Setting next_dagrun for tutorial_dag to None, run_after=None
[2026-02-28T21:50:34.735+0000] {processor.py:183} INFO - Processing /home/airflow/.local/lib/python3.12/site-packages/airflow/example_dags/tutorial_dag.py took 0.213 seconds
[2026-02-28T21:51:04.771+0000] {processor.py:161} INFO - Started process (PID=1266) to work on /home/airflow/.local/lib/python3.12/site-packages/airflow/example_dags/tutorial_dag.py
[2026-02-28T21:51:04.773+0000] {processor.py:830} INFO - Processing file /home/airflow/.local/lib/python3.12/site-packages/airflow/example_dags/tutorial_dag.py for tasks to queue
[2026-02-28T21:51:04.778+0000] {logging_mixin.py:188} INFO - [2026-02-28T21:51:04.777+0000] {dagbag.py:545} INFO - Filling up the DagBag from /home/airflow/.local/lib/python3.12/site-packages/airflow/example_dags/tutorial_dag.py
[2026-02-28T21:51:04.790+0000] {processor.py:840} INFO - DAG(s) 'tutorial_dag' retrieved from /home/airflow/.local/lib/python3.12/site-packages/airflow/example_dags/tutorial_dag.py
[2026-02-28T21:51:04.820+0000] {logging_mixin.py:188} INFO - [2026-02-28T21:51:04.819+0000] {dag.py:3096} INFO - Sync 1 DAGs
[2026-02-28T21:51:04.832+0000] {logging_mixin.py:188} INFO - [2026-02-28T21:51:04.832+0000] {dag.py:3954} INFO - Setting next_dagrun for tutorial_dag to None, run_after=None
[2026-02-28T21:51:04.847+0000] {processor.py:183} INFO - Processing /home/airflow/.local/lib/python3.12/site-packages/airflow/example_dags/tutorial_dag.py took 0.082 seconds
[2026-02-28T21:51:35.208+0000] {processor.py:161} INFO - Started process (PID=1325) to work on /home/airflow/.local/lib/python3.12/site-packages/airflow/example_dags/tutorial_dag.py
[2026-02-28T21:51:35.208+0000] {processor.py:830} INFO - Processing file /home/airflow/.local/lib/python3.12/site-packages/airflow/example_dags/tutorial_dag.py for tasks to queue
[2026-02-28T21:51:35.209+0000] {logging_mixin.py:188} INFO - [2026-02-28T21:51:35.209+0000] {dagbag.py:545} INFO - Filling up the DagBag from /home/airflow/.local/lib/python3.12/site-packages/airflow/example_dags/tutorial_dag.py
[2026-02-28T21:51:35.212+0000] {processor.py:840} INFO - DAG(s) 'tutorial_dag' retrieved from /home/airflow/.local/lib/python3.12/site-packages/airflow/example_dags/tutorial_dag.py
[2026-02-28T21:51:35.229+0000] {logging_mixin.py:188} INFO - [2026-02-28T21:51:35.229+0000] {dag.py:3096} INFO - Sync 1 DAGs
[2026-02-28T21:51:35.240+0000] {logging_mixin.py:188} INFO - [2026-02-28T21:51:35.240+0000] {dag.py:3954} INFO - Setting next_dagrun for tutorial_dag to None, run_after=None
[2026-02-28T21:51:35.258+0000] {processor.py:183} INFO - Processing /home/airflow/.local/lib/python3.12/site-packages/airflow/example_dags/tutorial_dag.py took 0.055 seconds
[2026-02-28T21:52:06.500+0000] {processor.py:161} INFO - Started process (PID=1383) to work on /home/airflow/.local/lib/python3.12/site-packages/airflow/example_dags/tutorial_dag.py
[2026-02-28T21:52:06.502+0000] {processor.py:830} INFO - Processing file /home/airflow/.local/lib/python3.12/site-packages/airflow/example_dags/tutorial_dag.py for tasks to queue
[2026-02-28T21:52:06.503+0000] {logging_mixin.py:188} INFO - [2026-02-28T21:52:06.503+0000] {dagbag.py:545} INFO - Filling up the DagBag from /home/airflow/.local/lib/python3.12/site-packages/airflow/example_dags/tutorial_dag.py
[2026-02-28T21:52:06.507+0000] {processor.py:840} INFO - DAG(s) 'tutorial_dag' retrieved from /home/airflow/.local/lib/python3.12/site-packages/airflow/example_dags/tutorial_dag.py
[2026-02-28T21:52:06.520+0000] {logging_mixin.py:188} INFO - [2026-02-28T21:52:06.520+0000] {dag.py:3096} INFO - Sync 1 DAGs
[2026-02-28T21:52:06.530+0000] {logging_mixin.py:188} INFO - [2026-02-28T21:52:06.530+0000] {dag.py:3954} INFO - Setting next_dagrun for tutorial_dag to None, run_after=None
[2026-02-28T21:52:06.665+0000] {processor.py:183} INFO - Processing /home/airflow/.local/lib/python3.12/site-packages/airflow/example_dags/tutorial_dag.py took 0.168 seconds
[2026-02-28T21:52:37.397+0000] {processor.py:161} INFO - Started process (PID=1441) to work on /home/airflow/.local/lib/python3.12/site-packages/airflow/example_dags/tutorial_dag.py
[2026-02-28T21:52:37.398+0000] {processor.py:830} INFO - Processing file /home/airflow/.local/lib/python3.12/site-packages/airflow/example_dags/tutorial_dag.py for tasks to queue
[2026-02-28T21:52:37.400+0000] {logging_mixin.py:188} INFO - [2026-02-28T21:52:37.400+0000] {dagbag.py:545} INFO - Filling up the DagBag from /home/airflow/.local/lib/python3.12/site-packages/airflow/example_dags/tutorial_dag.py
[2026-02-28T21:52:37.406+0000] {processor.py:840} INFO - DAG(s) 'tutorial_dag' retrieved from /home/airflow/.local/lib/python3.12/site-packages/airflow/example_dags/tutorial_dag.py
[2026-02-28T21:52:37.422+0000] {logging_mixin.py:188} INFO - [2026-02-28T21:52:37.422+0000] {dag.py:3096} INFO - Sync 1 DAGs
[2026-02-28T21:52:37.429+0000] {logging_mixin.py:188} INFO - [2026-02-28T21:52:37.429+0000] {dag.py:3954} INFO - Setting next_dagrun for tutorial_dag to None, run_after=None
[2026-02-28T21:52:37.560+0000] {processor.py:183} INFO - Processing /home/airflow/.local/lib/python3.12/site-packages/airflow/example_dags/tutorial_dag.py took 0.167 seconds
[2026-02-28T21:53:08.602+0000] {processor.py:161} INFO - Started process (PID=1499) to work on /home/airflow/.local/lib/python3.12/site-packages/airflow/example_dags/tutorial_dag.py
[2026-02-28T21:53:08.606+0000] {processor.py:830} INFO - Processing file /home/airflow/.local/lib/python3.12/site-packages/airflow/example_dags/tutorial_dag.py for tasks to queue
[2026-02-28T21:53:08.610+0000] {logging_mixin.py:188} INFO - [2026-02-28T21:53:08.609+0000] {dagbag.py:545} INFO - Filling up the DagBag from /home/airflow/.local/lib/python3.12/site-packages/airflow/example_dags/tutorial_dag.py
[2026-02-28T21:53:08.637+0000] {processor.py:840} INFO - DAG(s) 'tutorial_dag' retrieved from /home/airflow/.local/lib/python3.12/site-packages/airflow/example_dags/tutorial_dag.py
[2026-02-28T21:53:08.683+0000] {logging_mixin.py:188} INFO - [2026-02-28T21:53:08.683+0000] {dag.py:3096} INFO - Sync 1 DAGs
[2026-02-28T21:53:08.695+0000] {logging_mixin.py:188} INFO - [2026-02-28T21:53:08.695+0000] {dag.py:3954} INFO - Setting next_dagrun for tutorial_dag to None, run_after=None
[2026-02-28T21:53:09.012+0000] {processor.py:183} INFO - Processing /home/airflow/.local/lib/python3.12/site-packages/airflow/example_dags/tutorial_dag.py took 0.430 seconds
[2026-02-28T21:53:39.625+0000] {processor.py:161} INFO - Started process (PID=1557) to work on /home/airflow/.local/lib/python3.12/site-packages/airflow/example_dags/tutorial_dag.py
[2026-02-28T21:53:39.627+0000] {processor.py:830} INFO - Processing file /home/airflow/.local/lib/python3.12/site-packages/airflow/example_dags/tutorial_dag.py for tasks to queue
[2026-02-28T21:53:39.629+0000] {logging_mixin.py:188} INFO - [2026-02-28T21:53:39.629+0000] {dagbag.py:545} INFO - Filling up the DagBag from /home/airflow/.local/lib/python3.12/site-packages/airflow/example_dags/tutorial_dag.py
[2026-02-28T21:53:39.638+0000] {processor.py:840} INFO - DAG(s) 'tutorial_dag' retrieved from /home/airflow/.local/lib/python3.12/site-packages/airflow/example_dags/tutorial_dag.py
[2026-02-28T21:53:39.689+0000] {logging_mixin.py:188} INFO - [2026-02-28T21:53:39.688+0000] {dag.py:3096} INFO - Sync 1 DAGs
[2026-02-28T21:53:39.720+0000] {logging_mixin.py:188} INFO - [2026-02-28T21:53:39.720+0000] {dag.py:3954} INFO - Setting next_dagrun for tutorial_dag to None, run_after=None
[2026-02-28T21:53:40.227+0000] {processor.py:183} INFO - Processing /home/airflow/.local/lib/python3.12/site-packages/airflow/example_dags/tutorial_dag.py took 0.605 seconds
[2026-02-28T21:54:10.451+0000] {processor.py:161} INFO - Started process (PID=1615) to work on /home/airflow/.local/lib/python3.12/site-packages/airflow/example_dags/tutorial_dag.py
[2026-02-28T21:54:10.452+0000] {processor.py:830} INFO - Processing file /home/airflow/.local/lib/python3.12/site-packages/airflow/example_dags/tutorial_dag.py for tasks to queue
[2026-02-28T21:54:10.453+0000] {logging_mixin.py:188} INFO - [2026-02-28T21:54:10.453+0000] {dagbag.py:545} INFO - Filling up the DagBag from /home/airflow/.local/lib/python3.12/site-packages/airflow/example_dags/tutorial_dag.py
[2026-02-28T21:54:10.457+0000] {processor.py:840} INFO - DAG(s) 'tutorial_dag' retrieved from /home/airflow/.local/lib/python3.12/site-packages/airflow/example_dags/tutorial_dag.py
[2026-02-28T21:54:10.478+0000] {logging_mixin.py:188} INFO - [2026-02-28T21:54:10.478+0000] {dag.py:3096} INFO - Sync 1 DAGs
[2026-02-28T21:54:10.487+0000] {logging_mixin.py:188} INFO - [2026-02-28T21:54:10.487+0000] {dag.py:3954} INFO - Setting next_dagrun for tutorial_dag to None, run_after=None
[2026-02-28T21:54:10.513+0000] {processor.py:183} INFO - Processing /home/airflow/.local/lib/python3.12/site-packages/airflow/example_dags/tutorial_dag.py took 0.067 seconds
[2026-02-28T21:54:41.099+0000] {processor.py:161} INFO - Started process (PID=1673) to work on /home/airflow/.local/lib/python3.12/site-packages/airflow/example_dags/tutorial_dag.py
[2026-02-28T21:54:41.100+0000] {processor.py:830} INFO - Processing file /home/airflow/.local/lib/python3.12/site-packages/airflow/example_dags/tutorial_dag.py for tasks to queue
[2026-02-28T21:54:41.101+0000] {logging_mixin.py:188} INFO - [2026-02-28T21:54:41.101+0000] {dagbag.py:545} INFO - Filling up the DagBag from /home/airflow/.local/lib/python3.12/site-packages/airflow/example_dags/tutorial_dag.py
[2026-02-28T21:54:41.105+0000] {processor.py:840} INFO - DAG(s) 'tutorial_dag' retrieved from /home/airflow/.local/lib/python3.12/site-packages/airflow/example_dags/tutorial_dag.py
[2026-02-28T21:54:41.119+0000] {logging_mixin.py:188} INFO - [2026-02-28T21:54:41.119+0000] {dag.py:3096} INFO - Sync 1 DAGs
[2026-02-28T21:54:41.127+0000] {logging_mixin.py:188} INFO - [2026-02-28T21:54:41.127+0000] {dag.py:3954} INFO - Setting next_dagrun for tutorial_dag to None, run_after=None
[2026-02-28T21:54:41.135+0000] {processor.py:183} INFO - Processing /home/airflow/.local/lib/python3.12/site-packages/airflow/example_dags/tutorial_dag.py took 0.040 seconds
[2026-02-28T21:55:11.612+0000] {processor.py:161} INFO - Started process (PID=1734) to work on /home/airflow/.local/lib/python3.12/site-packages/airflow/example_dags/tutorial_dag.py
[2026-02-28T21:55:11.613+0000] {processor.py:830} INFO - Processing file /home/airflow/.local/lib/python3.12/site-packages/airflow/example_dags/tutorial_dag.py for tasks to queue
[2026-02-28T21:55:11.615+0000] {logging_mixin.py:188} INFO - [2026-02-28T21:55:11.614+0000] {dagbag.py:545} INFO - Filling up the DagBag from /home/airflow/.local/lib/python3.12/site-packages/airflow/example_dags/tutorial_dag.py
[2026-02-28T21:55:11.622+0000] {processor.py:840} INFO - DAG(s) 'tutorial_dag' retrieved from /home/airflow/.local/lib/python3.12/site-packages/airflow/example_dags/tutorial_dag.py
[2026-02-28T21:55:11.645+0000] {logging_mixin.py:188} INFO - [2026-02-28T21:55:11.645+0000] {dag.py:3096} INFO - Sync 1 DAGs
[2026-02-28T21:55:11.658+0000] {logging_mixin.py:188} INFO - [2026-02-28T21:55:11.658+0000] {dag.py:3954} INFO - Setting next_dagrun for tutorial_dag to None, run_after=None
[2026-02-28T21:55:11.673+0000] {processor.py:183} INFO - Processing /home/airflow/.local/lib/python3.12/site-packages/airflow/example_dags/tutorial_dag.py took 0.065 seconds
[2026-02-28T21:55:42.500+0000] {processor.py:161} INFO - Started process (PID=1792) to work on /home/airflow/.local/lib/python3.12/site-packages/airflow/example_dags/tutorial_dag.py
[2026-02-28T21:55:42.501+0000] {processor.py:830} INFO - Processing file /home/airflow/.local/lib/python3.12/site-packages/airflow/example_dags/tutorial_dag.py for tasks to queue
[2026-02-28T21:55:42.503+0000] {logging_mixin.py:188} INFO - [2026-02-28T21:55:42.503+0000] {dagbag.py:545} INFO - Filling up the DagBag from /home/airflow/.local/lib/python3.12/site-packages/airflow/example_dags/tutorial_dag.py
[2026-02-28T21:55:42.509+0000] {processor.py:840} INFO - DAG(s) 'tutorial_dag' retrieved from /home/airflow/.local/lib/python3.12/site-packages/airflow/example_dags/tutorial_dag.py
[2026-02-28T21:55:42.527+0000] {logging_mixin.py:188} INFO - [2026-02-28T21:55:42.527+0000] {dag.py:3096} INFO - Sync 1 DAGs
[2026-02-28T21:55:42.537+0000] {logging_mixin.py:188} INFO - [2026-02-28T21:55:42.537+0000] {dag.py:3954} INFO - Setting next_dagrun for tutorial_dag to None, run_after=None
[2026-02-28T21:55:42.567+0000] {processor.py:183} INFO - Processing /home/airflow/.local/lib/python3.12/site-packages/airflow/example_dags/tutorial_dag.py took 0.072 seconds
[2026-02-28T21:56:12.900+0000] {processor.py:161} INFO - Started process (PID=1850) to work on /home/airflow/.local/lib/python3.12/site-packages/airflow/example_dags/tutorial_dag.py
[2026-02-28T21:56:12.902+0000] {processor.py:830} INFO - Processing file /home/airflow/.local/lib/python3.12/site-packages/airflow/example_dags/tutorial_dag.py for tasks to queue
[2026-02-28T21:56:12.904+0000] {logging_mixin.py:188} INFO - [2026-02-28T21:56:12.904+0000] {dagbag.py:545} INFO - Filling up the DagBag from /home/airflow/.local/lib/python3.12/site-packages/airflow/example_dags/tutorial_dag.py
[2026-02-28T21:56:12.910+0000] {processor.py:840} INFO - DAG(s) 'tutorial_dag' retrieved from /home/airflow/.local/lib/python3.12/site-packages/airflow/example_dags/tutorial_dag.py
[2026-02-28T21:56:12.937+0000] {logging_mixin.py:188} INFO - [2026-02-28T21:56:12.936+0000] {dag.py:3096} INFO - Sync 1 DAGs
[2026-02-28T21:56:12.956+0000] {logging_mixin.py:188} INFO - [2026-02-28T21:56:12.955+0000] {dag.py:3954} INFO - Setting next_dagrun for tutorial_dag to None, run_after=None
[2026-02-28T21:56:12.997+0000] {processor.py:183} INFO - Processing /home/airflow/.local/lib/python3.12/site-packages/airflow/example_dags/tutorial_dag.py took 0.104 seconds
[2026-02-28T21:56:43.109+0000] {processor.py:161} INFO - Started process (PID=1908) to work on /home/airflow/.local/lib/python3.12/site-packages/airflow/example_dags/tutorial_dag.py
[2026-02-28T21:56:43.111+0000] {processor.py:830} INFO - Processing file /home/airflow/.local/lib/python3.12/site-packages/airflow/example_dags/tutorial_dag.py for tasks to queue
[2026-02-28T21:56:43.115+0000] {logging_mixin.py:188} INFO - [2026-02-28T21:56:43.115+0000] {dagbag.py:545} INFO - Filling up the DagBag from /home/airflow/.local/lib/python3.12/site-packages/airflow/example_dags/tutorial_dag.py
[2026-02-28T21:56:43.120+0000] {processor.py:840} INFO - DAG(s) 'tutorial_dag' retrieved from /home/airflow/.local/lib/python3.12/site-packages/airflow/example_dags/tutorial_dag.py
[2026-02-28T21:56:43.145+0000] {logging_mixin.py:188} INFO - [2026-02-28T21:56:43.145+0000] {dag.py:3096} INFO - Sync 1 DAGs
[2026-02-28T21:56:43.155+0000] {logging_mixin.py:188} INFO - [2026-02-28T21:56:43.155+0000] {dag.py:3954} INFO - Setting next_dagrun for tutorial_dag to None, run_after=None
[2026-02-28T21:56:43.174+0000] {processor.py:183} INFO - Processing /home/airflow/.local/lib/python3.12/site-packages/airflow/example_dags/tutorial_dag.py took 0.070 seconds
[2026-02-28T21:57:13.692+0000] {processor.py:161} INFO - Started process (PID=1966) to work on /home/airflow/.local/lib/python3.12/site-packages/airflow/example_dags/tutorial_dag.py
[2026-02-28T21:57:13.695+0000] {processor.py:830} INFO - Processing file /home/airflow/.local/lib/python3.12/site-packages/airflow/example_dags/tutorial_dag.py for tasks to queue
[2026-02-28T21:57:13.697+0000] {logging_mixin.py:188} INFO - [2026-02-28T21:57:13.697+0000] {dagbag.py:545} INFO - Filling up the DagBag from /home/airflow/.local/lib/python3.12/site-packages/airflow/example_dags/tutorial_dag.py
[2026-02-28T21:57:13.704+0000] {processor.py:840} INFO - DAG(s) 'tutorial_dag' retrieved from /home/airflow/.local/lib/python3.12/site-packages/airflow/example_dags/tutorial_dag.py
[2026-02-28T21:57:13.747+0000] {logging_mixin.py:188} INFO - [2026-02-28T21:57:13.747+0000] {dag.py:3096} INFO - Sync 1 DAGs
[2026-02-28T21:57:13.762+0000] {logging_mixin.py:188} INFO - [2026-02-28T21:57:13.761+0000] {dag.py:3954} INFO - Setting next_dagrun for tutorial_dag to None, run_after=None
[2026-02-28T21:57:13.795+0000] {processor.py:183} INFO - Processing /home/airflow/.local/lib/python3.12/site-packages/airflow/example_dags/tutorial_dag.py took 0.110 seconds
[2026-02-28T21:57:44.820+0000] {processor.py:161} INFO - Started process (PID=2024) to work on /home/airflow/.local/lib/python3.12/site-packages/airflow/example_dags/tutorial_dag.py
[2026-02-28T21:57:44.822+0000] {processor.py:830} INFO - Processing file /home/airflow/.local/lib/python3.12/site-packages/airflow/example_dags/tutorial_dag.py for tasks to queue
[2026-02-28T21:57:44.824+0000] {logging_mixin.py:188} INFO - [2026-02-28T21:57:44.823+0000] {dagbag.py:545} INFO - Filling up the DagBag from /home/airflow/.local/lib/python3.12/site-packages/airflow/example_dags/tutorial_dag.py
[2026-02-28T21:57:44.830+0000] {processor.py:840} INFO - DAG(s) 'tutorial_dag' retrieved from /home/airflow/.local/lib/python3.12/site-packages/airflow/example_dags/tutorial_dag.py
[2026-02-28T21:57:44.851+0000] {logging_mixin.py:188} INFO - [2026-02-28T21:57:44.851+0000] {dag.py:3096} INFO - Sync 1 DAGs
[2026-02-28T21:57:44.873+0000] {logging_mixin.py:188} INFO - [2026-02-28T21:57:44.873+0000] {dag.py:3954} INFO - Setting next_dagrun for tutorial_dag to None, run_after=None
[2026-02-28T21:57:44.892+0000] {processor.py:183} INFO - Processing /home/airflow/.local/lib/python3.12/site-packages/airflow/example_dags/tutorial_dag.py took 0.078 seconds
[2026-02-28T21:58:15.539+0000] {processor.py:161} INFO - Started process (PID=2082) to work on /home/airflow/.local/lib/python3.12/site-packages/airflow/example_dags/tutorial_dag.py
[2026-02-28T21:58:15.540+0000] {processor.py:830} INFO - Processing file /home/airflow/.local/lib/python3.12/site-packages/airflow/example_dags/tutorial_dag.py for tasks to queue
[2026-02-28T21:58:15.541+0000] {logging_mixin.py:188} INFO - [2026-02-28T21:58:15.541+0000] {dagbag.py:545} INFO - Filling up the DagBag from /home/airflow/.local/lib/python3.12/site-packages/airflow/example_dags/tutorial_dag.py
[2026-02-28T21:58:15.547+0000] {processor.py:840} INFO - DAG(s) 'tutorial_dag' retrieved from /home/airflow/.local/lib/python3.12/site-packages/airflow/example_dags/tutorial_dag.py
[2026-02-28T21:58:15.568+0000] {logging_mixin.py:188} INFO - [2026-02-28T21:58:15.567+0000] {dag.py:3096} INFO - Sync 1 DAGs
[2026-02-28T21:58:15.578+0000] {logging_mixin.py:188} INFO - [2026-02-28T21:58:15.578+0000] {dag.py:3954} INFO - Setting next_dagrun for tutorial_dag to None, run_after=None
[2026-02-28T21:58:15.730+0000] {processor.py:183} INFO - Processing /home/airflow/.local/lib/python3.12/site-packages/airflow/example_dags/tutorial_dag.py took 0.196 seconds
[2026-02-28T21:58:46.050+0000] {processor.py:161} INFO - Started process (PID=2140) to work on /home/airflow/.local/lib/python3.12/site-packages/airflow/example_dags/tutorial_dag.py
[2026-02-28T21:58:46.052+0000] {processor.py:830} INFO - Processing file /home/airflow/.local/lib/python3.12/site-packages/airflow/example_dags/tutorial_dag.py for tasks to queue
[2026-02-28T21:58:46.053+0000] {logging_mixin.py:188} INFO - [2026-02-28T21:58:46.053+0000] {dagbag.py:545} INFO - Filling up the DagBag from /home/airflow/.local/lib/python3.12/site-packages/airflow/example_dags/tutorial_dag.py
[2026-02-28T21:58:46.056+0000] {processor.py:840} INFO - DAG(s) 'tutorial_dag' retrieved from /home/airflow/.local/lib/python3.12/site-packages/airflow/example_dags/tutorial_dag.py
[2026-02-28T21:58:46.072+0000] {logging_mixin.py:188} INFO - [2026-02-28T21:58:46.071+0000] {dag.py:3096} INFO - Sync 1 DAGs
[2026-02-28T21:58:46.078+0000] {logging_mixin.py:188} INFO - [2026-02-28T21:58:46.078+0000] {dag.py:3954} INFO - Setting next_dagrun for tutorial_dag to None, run_after=None
[2026-02-28T21:58:46.192+0000] {processor.py:183} INFO - Processing /home/airflow/.local/lib/python3.12/site-packages/airflow/example_dags/tutorial_dag.py took 0.145 seconds
[2026-02-28T21:59:16.858+0000] {processor.py:161} INFO - Started process (PID=2198) to work on /home/airflow/.local/lib/python3.12/site-packages/airflow/example_dags/tutorial_dag.py
[2026-02-28T21:59:16.859+0000] {processor.py:830} INFO - Processing file /home/airflow/.local/lib/python3.12/site-packages/airflow/example_dags/tutorial_dag.py for tasks to queue
[2026-02-28T21:59:16.862+0000] {logging_mixin.py:188} INFO - [2026-02-28T21:59:16.862+0000] {dagbag.py:545} INFO - Filling up the DagBag from /home/airflow/.local/lib/python3.12/site-packages/airflow/example_dags/tutorial_dag.py
[2026-02-28T21:59:16.866+0000] {processor.py:840} INFO - DAG(s) 'tutorial_dag' retrieved from /home/airflow/.local/lib/python3.12/site-packages/airflow/example_dags/tutorial_dag.py
[2026-02-28T21:59:16.882+0000] {logging_mixin.py:188} INFO - [2026-02-28T21:59:16.882+0000] {dag.py:3096} INFO - Sync 1 DAGs
[2026-02-28T21:59:17.018+0000] {logging_mixin.py:188} INFO - [2026-02-28T21:59:17.018+0000] {dag.py:3954} INFO - Setting next_dagrun for tutorial_dag to None, run_after=None
[2026-02-28T21:59:17.029+0000] {processor.py:183} INFO - Processing /home/airflow/.local/lib/python3.12/site-packages/airflow/example_dags/tutorial_dag.py took 0.176 seconds
[2026-02-28T21:59:47.210+0000] {processor.py:161} INFO - Started process (PID=2256) to work on /home/airflow/.local/lib/python3.12/site-packages/airflow/example_dags/tutorial_dag.py
[2026-02-28T21:59:47.211+0000] {processor.py:830} INFO - Processing file /home/airflow/.local/lib/python3.12/site-packages/airflow/example_dags/tutorial_dag.py for tasks to queue
[2026-02-28T21:59:47.212+0000] {logging_mixin.py:188} INFO - [2026-02-28T21:59:47.211+0000] {dagbag.py:545} INFO - Filling up the DagBag from /home/airflow/.local/lib/python3.12/site-packages/airflow/example_dags/tutorial_dag.py
[2026-02-28T21:59:47.216+0000] {processor.py:840} INFO - DAG(s) 'tutorial_dag' retrieved from /home/airflow/.local/lib/python3.12/site-packages/airflow/example_dags/tutorial_dag.py
[2026-02-28T21:59:47.453+0000] {logging_mixin.py:188} INFO - [2026-02-28T21:59:47.452+0000] {dag.py:3096} INFO - Sync 1 DAGs
[2026-02-28T21:59:47.769+0000] {logging_mixin.py:188} INFO - [2026-02-28T21:59:47.769+0000] {dag.py:3954} INFO - Setting next_dagrun for tutorial_dag to None, run_after=None
[2026-02-28T21:59:47.792+0000] {processor.py:183} INFO - Processing /home/airflow/.local/lib/python3.12/site-packages/airflow/example_dags/tutorial_dag.py took 0.589 seconds
[2026-02-28T22:00:18.076+0000] {processor.py:161} INFO - Started process (PID=2314) to work on /home/airflow/.local/lib/python3.12/site-packages/airflow/example_dags/tutorial_dag.py
[2026-02-28T22:00:18.079+0000] {processor.py:830} INFO - Processing file /home/airflow/.local/lib/python3.12/site-packages/airflow/example_dags/tutorial_dag.py for tasks to queue
[2026-02-28T22:00:18.080+0000] {logging_mixin.py:188} INFO - [2026-02-28T22:00:18.080+0000] {dagbag.py:545} INFO - Filling up the DagBag from /home/airflow/.local/lib/python3.12/site-packages/airflow/example_dags/tutorial_dag.py
[2026-02-28T22:00:18.085+0000] {processor.py:840} INFO - DAG(s) 'tutorial_dag' retrieved from /home/airflow/.local/lib/python3.12/site-packages/airflow/example_dags/tutorial_dag.py
[2026-02-28T22:00:18.100+0000] {logging_mixin.py:188} INFO - [2026-02-28T22:00:18.099+0000] {dag.py:3096} INFO - Sync 1 DAGs
[2026-02-28T22:00:18.241+0000] {logging_mixin.py:188} INFO - [2026-02-28T22:00:18.240+0000] {dag.py:3954} INFO - Setting next_dagrun for tutorial_dag to None, run_after=None
[2026-02-28T22:00:18.254+0000] {processor.py:183} INFO - Processing /home/airflow/.local/lib/python3.12/site-packages/airflow/example_dags/tutorial_dag.py took 0.182 seconds
[2026-02-28T22:00:48.282+0000] {processor.py:161} INFO - Started process (PID=2372) to work on /home/airflow/.local/lib/python3.12/site-packages/airflow/example_dags/tutorial_dag.py
[2026-02-28T22:00:48.284+0000] {processor.py:830} INFO - Processing file /home/airflow/.local/lib/python3.12/site-packages/airflow/example_dags/tutorial_dag.py for tasks to queue
[2026-02-28T22:00:48.286+0000] {logging_mixin.py:188} INFO - [2026-02-28T22:00:48.286+0000] {dagbag.py:545} INFO - Filling up the DagBag from /home/airflow/.local/lib/python3.12/site-packages/airflow/example_dags/tutorial_dag.py
[2026-02-28T22:00:48.290+0000] {processor.py:840} INFO - DAG(s) 'tutorial_dag' retrieved from /home/airflow/.local/lib/python3.12/site-packages/airflow/example_dags/tutorial_dag.py
[2026-02-28T22:00:48.304+0000] {logging_mixin.py:188} INFO - [2026-02-28T22:00:48.303+0000] {dag.py:3096} INFO - Sync 1 DAGs
[2026-02-28T22:00:48.312+0000] {logging_mixin.py:188} INFO - [2026-02-28T22:00:48.312+0000] {dag.py:3954} INFO - Setting next_dagrun for tutorial_dag to None, run_after=None
[2026-02-28T22:00:48.337+0000] {processor.py:183} INFO - Processing /home/airflow/.local/lib/python3.12/site-packages/airflow/example_dags/tutorial_dag.py took 0.059 seconds
[2026-02-28T22:01:18.809+0000] {processor.py:161} INFO - Started process (PID=2429) to work on /home/airflow/.local/lib/python3.12/site-packages/airflow/example_dags/tutorial_dag.py
[2026-02-28T22:01:18.810+0000] {processor.py:830} INFO - Processing file /home/airflow/.local/lib/python3.12/site-packages/airflow/example_dags/tutorial_dag.py for tasks to queue
[2026-02-28T22:01:18.813+0000] {logging_mixin.py:188} INFO - [2026-02-28T22:01:18.813+0000] {dagbag.py:545} INFO - Filling up the DagBag from /home/airflow/.local/lib/python3.12/site-packages/airflow/example_dags/tutorial_dag.py
[2026-02-28T22:01:18.820+0000] {processor.py:840} INFO - DAG(s) 'tutorial_dag' retrieved from /home/airflow/.local/lib/python3.12/site-packages/airflow/example_dags/tutorial_dag.py
[2026-02-28T22:01:18.846+0000] {logging_mixin.py:188} INFO - [2026-02-28T22:01:18.846+0000] {dag.py:3096} INFO - Sync 1 DAGs
[2026-02-28T22:01:18.864+0000] {logging_mixin.py:188} INFO - [2026-02-28T22:01:18.864+0000] {dag.py:3954} INFO - Setting next_dagrun for tutorial_dag to None, run_after=None
[2026-02-28T22:01:18.884+0000] {processor.py:183} INFO - Processing /home/airflow/.local/lib/python3.12/site-packages/airflow/example_dags/tutorial_dag.py took 0.080 seconds
[2026-02-28T22:01:48.969+0000] {processor.py:161} INFO - Started process (PID=2487) to work on /home/airflow/.local/lib/python3.12/site-packages/airflow/example_dags/tutorial_dag.py
[2026-02-28T22:01:48.970+0000] {processor.py:830} INFO - Processing file /home/airflow/.local/lib/python3.12/site-packages/airflow/example_dags/tutorial_dag.py for tasks to queue
[2026-02-28T22:01:48.971+0000] {logging_mixin.py:188} INFO - [2026-02-28T22:01:48.971+0000] {dagbag.py:545} INFO - Filling up the DagBag from /home/airflow/.local/lib/python3.12/site-packages/airflow/example_dags/tutorial_dag.py
[2026-02-28T22:01:48.974+0000] {processor.py:840} INFO - DAG(s) 'tutorial_dag' retrieved from /home/airflow/.local/lib/python3.12/site-packages/airflow/example_dags/tutorial_dag.py
[2026-02-28T22:01:48.984+0000] {logging_mixin.py:188} INFO - [2026-02-28T22:01:48.984+0000] {dag.py:3096} INFO - Sync 1 DAGs
[2026-02-28T22:01:48.990+0000] {logging_mixin.py:188} INFO - [2026-02-28T22:01:48.990+0000] {dag.py:3954} INFO - Setting next_dagrun for tutorial_dag to None, run_after=None
[2026-02-28T22:01:48.998+0000] {processor.py:183} INFO - Processing /home/airflow/.local/lib/python3.12/site-packages/airflow/example_dags/tutorial_dag.py took 0.032 seconds
[2026-02-28T22:02:19.721+0000] {processor.py:161} INFO - Started process (PID=2544) to work on /home/airflow/.local/lib/python3.12/site-packages/airflow/example_dags/tutorial_dag.py
[2026-02-28T22:02:19.722+0000] {processor.py:830} INFO - Processing file /home/airflow/.local/lib/python3.12/site-packages/airflow/example_dags/tutorial_dag.py for tasks to queue
[2026-02-28T22:02:19.725+0000] {logging_mixin.py:188} INFO - [2026-02-28T22:02:19.724+0000] {dagbag.py:545} INFO - Filling up the DagBag from /home/airflow/.local/lib/python3.12/site-packages/airflow/example_dags/tutorial_dag.py
[2026-02-28T22:02:19.730+0000] {processor.py:840} INFO - DAG(s) 'tutorial_dag' retrieved from /home/airflow/.local/lib/python3.12/site-packages/airflow/example_dags/tutorial_dag.py
[2026-02-28T22:02:19.745+0000] {logging_mixin.py:188} INFO - [2026-02-28T22:02:19.745+0000] {dag.py:3096} INFO - Sync 1 DAGs
[2026-02-28T22:02:19.755+0000] {logging_mixin.py:188} INFO - [2026-02-28T22:02:19.755+0000] {dag.py:3954} INFO - Setting next_dagrun for tutorial_dag to None, run_after=None
[2026-02-28T22:02:19.777+0000] {processor.py:183} INFO - Processing /home/airflow/.local/lib/python3.12/site-packages/airflow/example_dags/tutorial_dag.py took 0.061 seconds
[2026-02-28T22:02:50.186+0000] {processor.py:161} INFO - Started process (PID=2602) to work on /home/airflow/.local/lib/python3.12/site-packages/airflow/example_dags/tutorial_dag.py
[2026-02-28T22:02:50.188+0000] {processor.py:830} INFO - Processing file /home/airflow/.local/lib/python3.12/site-packages/airflow/example_dags/tutorial_dag.py for tasks to queue
[2026-02-28T22:02:50.191+0000] {logging_mixin.py:188} INFO - [2026-02-28T22:02:50.191+0000] {dagbag.py:545} INFO - Filling up the DagBag from /home/airflow/.local/lib/python3.12/site-packages/airflow/example_dags/tutorial_dag.py
[2026-02-28T22:02:50.196+0000] {processor.py:840} INFO - DAG(s) 'tutorial_dag' retrieved from /home/airflow/.local/lib/python3.12/site-packages/airflow/example_dags/tutorial_dag.py
[2026-02-28T22:02:50.216+0000] {logging_mixin.py:188} INFO - [2026-02-28T22:02:50.215+0000] {dag.py:3096} INFO - Sync 1 DAGs
[2026-02-28T22:02:50.228+0000] {logging_mixin.py:188} INFO - [2026-02-28T22:02:50.228+0000] {dag.py:3954} INFO - Setting next_dagrun for tutorial_dag to None, run_after=None
[2026-02-28T22:02:50.252+0000] {processor.py:183} INFO - Processing /home/airflow/.local/lib/python3.12/site-packages/airflow/example_dags/tutorial_dag.py took 0.069 seconds
[2026-02-28T22:03:21.194+0000] {processor.py:161} INFO - Started process (PID=2659) to work on /home/airflow/.local/lib/python3.12/site-packages/airflow/example_dags/tutorial_dag.py
[2026-02-28T22:03:21.196+0000] {processor.py:830} INFO - Processing file /home/airflow/.local/lib/python3.12/site-packages/airflow/example_dags/tutorial_dag.py for tasks to queue
[2026-02-28T22:03:21.198+0000] {logging_mixin.py:188} INFO - [2026-02-28T22:03:21.197+0000] {dagbag.py:545} INFO - Filling up the DagBag from /home/airflow/.local/lib/python3.12/site-packages/airflow/example_dags/tutorial_dag.py
[2026-02-28T22:03:21.204+0000] {processor.py:840} INFO - DAG(s) 'tutorial_dag' retrieved from /home/airflow/.local/lib/python3.12/site-packages/airflow/example_dags/tutorial_dag.py
[2026-02-28T22:03:21.238+0000] {logging_mixin.py:188} INFO - [2026-02-28T22:03:21.236+0000] {dag.py:3096} INFO - Sync 1 DAGs
[2026-02-28T22:03:21.259+0000] {logging_mixin.py:188} INFO - [2026-02-28T22:03:21.259+0000] {dag.py:3954} INFO - Setting next_dagrun for tutorial_dag to None, run_after=None
[2026-02-28T22:03:21.287+0000] {processor.py:183} INFO - Processing /home/airflow/.local/lib/python3.12/site-packages/airflow/example_dags/tutorial_dag.py took 0.098 seconds
[2026-02-28T22:03:51.427+0000] {processor.py:161} INFO - Started process (PID=2717) to work on /home/airflow/.local/lib/python3.12/site-packages/airflow/example_dags/tutorial_dag.py
[2026-02-28T22:03:51.429+0000] {processor.py:830} INFO - Processing file /home/airflow/.local/lib/python3.12/site-packages/airflow/example_dags/tutorial_dag.py for tasks to queue
[2026-02-28T22:03:51.432+0000] {logging_mixin.py:188} INFO - [2026-02-28T22:03:51.430+0000] {dagbag.py:545} INFO - Filling up the DagBag from /home/airflow/.local/lib/python3.12/site-packages/airflow/example_dags/tutorial_dag.py
[2026-02-28T22:03:51.436+0000] {processor.py:840} INFO - DAG(s) 'tutorial_dag' retrieved from /home/airflow/.local/lib/python3.12/site-packages/airflow/example_dags/tutorial_dag.py
[2026-02-28T22:03:51.451+0000] {logging_mixin.py:188} INFO - [2026-02-28T22:03:51.451+0000] {dag.py:3096} INFO - Sync 1 DAGs
[2026-02-28T22:03:51.460+0000] {logging_mixin.py:188} INFO - [2026-02-28T22:03:51.460+0000] {dag.py:3954} INFO - Setting next_dagrun for tutorial_dag to None, run_after=None
[2026-02-28T22:03:51.478+0000] {processor.py:183} INFO - Processing /home/airflow/.local/lib/python3.12/site-packages/airflow/example_dags/tutorial_dag.py took 0.055 seconds
[2026-02-28T22:04:22.331+0000] {processor.py:161} INFO - Started process (PID=2775) to work on /home/airflow/.local/lib/python3.12/site-packages/airflow/example_dags/tutorial_dag.py
[2026-02-28T22:04:22.333+0000] {processor.py:830} INFO - Processing file /home/airflow/.local/lib/python3.12/site-packages/airflow/example_dags/tutorial_dag.py for tasks to queue
[2026-02-28T22:04:22.334+0000] {logging_mixin.py:188} INFO - [2026-02-28T22:04:22.334+0000] {dagbag.py:545} INFO - Filling up the DagBag from /home/airflow/.local/lib/python3.12/site-packages/airflow/example_dags/tutorial_dag.py
[2026-02-28T22:04:22.339+0000] {processor.py:840} INFO - DAG(s) 'tutorial_dag' retrieved from /home/airflow/.local/lib/python3.12/site-packages/airflow/example_dags/tutorial_dag.py
[2026-02-28T22:04:22.356+0000] {logging_mixin.py:188} INFO - [2026-02-28T22:04:22.356+0000] {dag.py:3096} INFO - Sync 1 DAGs
[2026-02-28T22:04:22.364+0000] {logging_mixin.py:188} INFO - [2026-02-28T22:04:22.363+0000] {dag.py:3954} INFO - Setting next_dagrun for tutorial_dag to None, run_after=None
[2026-02-28T22:04:22.376+0000] {processor.py:183} INFO - Processing /home/airflow/.local/lib/python3.12/site-packages/airflow/example_dags/tutorial_dag.py took 0.052 seconds
